[0.833s] Invoking command in '/home/certezas/robotis_ws/build/op3_description': CMAKE_PREFIX_PATH=${CMAKE_PREFIX_PATH}:/opt/ros/humble /usr/bin/cmake --build /home/certezas/robotis_ws/build/op3_description -- -j12 -l12
[6.062s] Invoked command in '/home/certezas/robotis_ws/build/op3_description' returned '0': CMAKE_PREFIX_PATH=${CMAKE_PREFIX_PATH}:/opt/ros/humble /usr/bin/cmake --build /home/certezas/robotis_ws/build/op3_description -- -j12 -l12
[6.432s] Invoking command in '/home/certezas/robotis_ws/build/op3_description': CMAKE_PREFIX_PATH=${CMAKE_PREFIX_PATH}:/opt/ros/humble /usr/bin/cmake --install /home/certezas/robotis_ws/build/op3_description
[6.553s] -- Install configuration: ""
[6.553s] -- Up-to-date: /home/certezas/robotis_ws/install/op3_description/share/ament_index/resource_index/package_run_dependencies/op3_description
[6.553s] -- Up-to-date: /home/certezas/robotis_ws/install/op3_description/share/ament_index/resource_index/parent_prefix_path/op3_description
[6.553s] -- Up-to-date: /home/certezas/robotis_ws/install/op3_description/share/op3_description/environment/ament_prefix_path.sh
[6.554s] -- Up-to-date: /home/certezas/robotis_ws/install/op3_description/share/op3_description/environment/ament_prefix_path.dsv
[6.554s] -- Up-to-date: /home/certezas/robotis_ws/install/op3_description/share/op3_description/environment/path.sh
[6.554s] -- Up-to-date: /home/certezas/robotis_ws/install/op3_description/share/op3_description/environment/path.dsv
[6.554s] -- Up-to-date: /home/certezas/robotis_ws/install/op3_description/share/op3_description/local_setup.bash
[6.554s] -- Up-to-date: /home/certezas/robotis_ws/install/op3_description/share/op3_description/local_setup.sh
[6.554s] -- Up-to-date: /home/certezas/robotis_ws/install/op3_description/share/op3_description/local_setup.zsh
[6.554s] -- Up-to-date: /home/certezas/robotis_ws/install/op3_description/share/op3_description/local_setup.dsv
[6.554s] -- Installing: /home/certezas/robotis_ws/install/op3_description/share/op3_description/package.dsv
[6.554s] -- Up-to-date: /home/certezas/robotis_ws/install/op3_description/share/ament_index/resource_index/packages/op3_description
[6.554s] -- Up-to-date: /home/certezas/robotis_ws/install/op3_description/share/op3_description/cmake/op3_descriptionConfig.cmake
[6.554s] -- Up-to-date: /home/certezas/robotis_ws/install/op3_description/share/op3_description/cmake/op3_descriptionConfig-version.cmake
[6.554s] -- Up-to-date: /home/certezas/robotis_ws/install/op3_description/share/op3_description/package.xml
[6.554s] -- Up-to-date: /home/certezas/robotis_ws/install/op3_description/share/op3_description/doc
[6.554s] -- Up-to-date: /home/certezas/robotis_ws/install/op3_description/share/op3_description/doc/OP3 mass property.docx
[6.554s] -- Up-to-date: /home/certezas/robotis_ws/install/op3_description/share/op3_description/doc/op3_sim.docx
[6.554s] -- Up-to-date: /home/certezas/robotis_ws/install/op3_description/share/op3_description/doc/op3_sim.ods
[6.554s] -- Up-to-date: /home/certezas/robotis_ws/install/op3_description/share/op3_description/launch
[6.554s] -- Up-to-date: /home/certezas/robotis_ws/install/op3_description/share/op3_description/launch/op3_display.launch.py
[6.554s] -- Up-to-date: /home/certezas/robotis_ws/install/op3_description/share/op3_description/meshes
[6.554s] -- Up-to-date: /home/certezas/robotis_ws/install/op3_description/share/op3_description/meshes/ll6.stl
[6.554s] -- Up-to-date: /home/certezas/robotis_ws/install/op3_description/share/op3_description/meshes/la1.stl
[6.554s] -- Up-to-date: /home/certezas/robotis_ws/install/op3_description/share/op3_description/meshes/ll2.stl
[6.555s] -- Up-to-date: /home/certezas/robotis_ws/install/op3_description/share/op3_description/meshes/la2.stl
[6.555s] -- Up-to-date: /home/certezas/robotis_ws/install/op3_description/share/op3_description/meshes/h1.stl
[6.555s] -- Up-to-date: /home/certezas/robotis_ws/install/op3_description/share/op3_description/meshes/ll5.stl
[6.555s] -- Up-to-date: /home/certezas/robotis_ws/install/op3_description/share/op3_description/meshes/rl3.stl
[6.555s] -- Up-to-date: /home/certezas/robotis_ws/install/op3_description/share/op3_description/meshes/rl1.stl
[6.555s] -- Up-to-date: /home/certezas/robotis_ws/install/op3_description/share/op3_description/meshes/ll1.stl
[6.555s] -- Up-to-date: /home/certezas/robotis_ws/install/op3_description/share/op3_description/meshes/ll3.stl
[6.555s] -- Up-to-date: /home/certezas/robotis_ws/install/op3_description/share/op3_description/meshes/body.stl
[6.555s] -- Up-to-date: /home/certezas/robotis_ws/install/op3_description/share/op3_description/meshes/rl5.stl
[6.555s] -- Up-to-date: /home/certezas/robotis_ws/install/op3_description/share/op3_description/meshes/rl4.stl
[6.555s] -- Up-to-date: /home/certezas/robotis_ws/install/op3_description/share/op3_description/meshes/ll4.stl
[6.555s] -- Up-to-date: /home/certezas/robotis_ws/install/op3_description/share/op3_description/meshes/ra1.stl
[6.555s] -- Up-to-date: /home/certezas/robotis_ws/install/op3_description/share/op3_description/meshes/ra2.stl
[6.555s] -- Up-to-date: /home/certezas/robotis_ws/install/op3_description/share/op3_description/meshes/base.stl
[6.555s] -- Up-to-date: /home/certezas/robotis_ws/install/op3_description/share/op3_description/meshes/la3.stl
[6.555s] -- Up-to-date: /home/certezas/robotis_ws/install/op3_description/share/op3_description/meshes/rl6.stl
[6.555s] -- Up-to-date: /home/certezas/robotis_ws/install/op3_description/share/op3_description/meshes/h2.stl
[6.555s] -- Up-to-date: /home/certezas/robotis_ws/install/op3_description/share/op3_description/meshes/ra3.stl
[6.555s] -- Up-to-date: /home/certezas/robotis_ws/install/op3_description/share/op3_description/meshes/rl2.stl
[6.555s] -- Up-to-date: /home/certezas/robotis_ws/install/op3_description/share/op3_description/rviz
[6.555s] -- Up-to-date: /home/certezas/robotis_ws/install/op3_description/share/op3_description/rviz/op3.rviz
[6.556s] -- Up-to-date: /home/certezas/robotis_ws/install/op3_description/share/op3_description/urdf
[6.556s] -- Up-to-date: /home/certezas/robotis_ws/install/op3_description/share/op3_description/urdf/robotis_op3.gazebo.xacro
[6.556s] -- Up-to-date: /home/certezas/robotis_ws/install/op3_description/share/op3_description/urdf/robotis_op3.transmissions.xacro
[6.556s] -- Up-to-date: /home/certezas/robotis_ws/install/op3_description/share/op3_description/urdf/robotis_op3.inertia.xacro
[6.556s] -- Up-to-date: /home/certezas/robotis_ws/install/op3_description/share/op3_description/urdf/robotis_op3.structure.rarm.xacro
[6.556s] -- Up-to-date: /home/certezas/robotis_ws/install/op3_description/share/op3_description/urdf/robotis_op3.structure.head.xacro
[6.556s] -- Up-to-date: /home/certezas/robotis_ws/install/op3_description/share/op3_description/urdf/robotis_op3.urdf.xacro
[6.556s] -- Up-to-date: /home/certezas/robotis_ws/install/op3_description/share/op3_description/urdf/gazebo_harness.xacro
[6.556s] -- Up-to-date: /home/certezas/robotis_ws/install/op3_description/share/op3_description/urdf/robotis_op3.structure.larm.xacro
[6.556s] -- Up-to-date: /home/certezas/robotis_ws/install/op3_description/share/op3_description/urdf/robotis_op3.structure.lleg.xacro
[6.556s] -- Up-to-date: /home/certezas/robotis_ws/install/op3_description/share/op3_description/urdf/robotis_op3.structure.rleg.xacro
[6.556s] -- Up-to-date: /home/certezas/robotis_ws/install/op3_description/share/op3_description/urdf/robotis_op3.visuals.xacro
[7.197s] Invoked command in '/home/certezas/robotis_ws/build/op3_description' returned '0': CMAKE_PREFIX_PATH=${CMAKE_PREFIX_PATH}:/opt/ros/humble /usr/bin/cmake --install /home/certezas/robotis_ws/build/op3_description
