[0.585s] Invoking command in '/home/certezas/robotis_ws/build/op3_offset_tuner_msgs': CMAKE_PREFIX_PATH=${CMAKE_PREFIX_PATH}:/opt/ros/humble /usr/bin/cmake --build /home/certezas/robotis_ws/build/op3_offset_tuner_msgs -- -j12 -l12
[2.034s] [  1%] Built target op3_offset_tuner_msgs__cpp
[2.324s] [35m[1mConsolidate compiler generated dependencies of target op3_offset_tuner_msgs__rosidl_typesupport_cpp[0m
[2.336s] [ 12%] Built target op3_offset_tuner_msgs__rosidl_typesupport_cpp
[2.338s] [ 12%] Built target ament_cmake_python_copy_op3_offset_tuner_msgs
[2.873s] [35m[1mConsolidate compiler generated dependencies of target op3_offset_tuner_msgs__rosidl_typesupport_introspection_cpp[0m
[2.886s] [ 23%] Built target op3_offset_tuner_msgs__rosidl_typesupport_introspection_cpp
[3.007s] [35m[1mConsolidate compiler generated dependencies of target op3_offset_tuner_msgs__rosidl_typesupport_fastrtps_cpp[0m
[3.020s] [ 34%] Built target op3_offset_tuner_msgs__rosidl_typesupport_fastrtps_cpp
[3.038s] running egg_info
[3.039s] writing op3_offset_tuner_msgs.egg-info/PKG-INFO
[3.039s] writing dependency_links to op3_offset_tuner_msgs.egg-info/dependency_links.txt
[3.039s] writing top-level names to op3_offset_tuner_msgs.egg-info/top_level.txt
[3.041s] reading manifest file 'op3_offset_tuner_msgs.egg-info/SOURCES.txt'
[3.047s] writing manifest file 'op3_offset_tuner_msgs.egg-info/SOURCES.txt'
[3.070s] [ 34%] Built target ament_cmake_python_build_op3_offset_tuner_msgs_egg
[3.442s] [35m[1mConsolidate compiler generated dependencies of target op3_offset_tuner_msgs__rosidl_generator_c[0m
[3.529s] [ 46%] Built target op3_offset_tuner_msgs__rosidl_generator_c
[3.637s] [35m[1mConsolidate compiler generated dependencies of target op3_offset_tuner_msgs__rosidl_typesupport_fastrtps_c[0m
[3.649s] [ 57%] Built target op3_offset_tuner_msgs__rosidl_typesupport_fastrtps_c
[3.656s] [35m[1mConsolidate compiler generated dependencies of target op3_offset_tuner_msgs__rosidl_typesupport_introspection_c[0m
[3.666s] [ 68%] Built target op3_offset_tuner_msgs__rosidl_typesupport_introspection_c
[3.825s] [35m[1mConsolidate compiler generated dependencies of target op3_offset_tuner_msgs__rosidl_typesupport_c[0m
[3.836s] [ 79%] Built target op3_offset_tuner_msgs__rosidl_typesupport_c
[4.582s] [ 79%] Built target op3_offset_tuner_msgs
[4.991s] [ 80%] Built target op3_offset_tuner_msgs__py
[5.732s] [35m[1mConsolidate compiler generated dependencies of target op3_offset_tuner_msgs__rosidl_generator_py[0m
[5.744s] [ 90%] Built target op3_offset_tuner_msgs__rosidl_generator_py
[5.874s] [35m[1mConsolidate compiler generated dependencies of target op3_offset_tuner_msgs__rosidl_typesupport_fastrtps_c__pyext[0m
[5.885s] [ 93%] Built target op3_offset_tuner_msgs__rosidl_typesupport_fastrtps_c__pyext
[5.902s] [35m[1mConsolidate compiler generated dependencies of target op3_offset_tuner_msgs__rosidl_typesupport_c__pyext[0m
[5.912s] [ 96%] Built target op3_offset_tuner_msgs__rosidl_typesupport_c__pyext
[6.064s] [35m[1mConsolidate compiler generated dependencies of target op3_offset_tuner_msgs__rosidl_typesupport_introspection_c__pyext[0m
[6.074s] [100%] Built target op3_offset_tuner_msgs__rosidl_typesupport_introspection_c__pyext
[6.824s] Invoked command in '/home/certezas/robotis_ws/build/op3_offset_tuner_msgs' returned '0': CMAKE_PREFIX_PATH=${CMAKE_PREFIX_PATH}:/opt/ros/humble /usr/bin/cmake --build /home/certezas/robotis_ws/build/op3_offset_tuner_msgs -- -j12 -l12
[7.088s] Invoking command in '/home/certezas/robotis_ws/build/op3_offset_tuner_msgs': CMAKE_PREFIX_PATH=${CMAKE_PREFIX_PATH}:/opt/ros/humble /usr/bin/cmake --install /home/certezas/robotis_ws/build/op3_offset_tuner_msgs
[7.215s] -- Install configuration: ""
[7.215s] -- Up-to-date: /home/certezas/robotis_ws/install/op3_offset_tuner_msgs/share/ament_index/resource_index/rosidl_interfaces/op3_offset_tuner_msgs
[7.215s] -- Up-to-date: /home/certezas/robotis_ws/install/op3_offset_tuner_msgs/include/op3_offset_tuner_msgs/op3_offset_tuner_msgs
[7.215s] -- Up-to-date: /home/certezas/robotis_ws/install/op3_offset_tuner_msgs/include/op3_offset_tuner_msgs/op3_offset_tuner_msgs/srv
[7.215s] -- Up-to-date: /home/certezas/robotis_ws/install/op3_offset_tuner_msgs/include/op3_offset_tuner_msgs/op3_offset_tuner_msgs/srv/get_present_joint_offset_data.h
[7.215s] -- Up-to-date: /home/certezas/robotis_ws/install/op3_offset_tuner_msgs/include/op3_offset_tuner_msgs/op3_offset_tuner_msgs/srv/detail
[7.215s] -- Up-to-date: /home/certezas/robotis_ws/install/op3_offset_tuner_msgs/include/op3_offset_tuner_msgs/op3_offset_tuner_msgs/srv/detail/get_present_joint_offset_data__type_support.h
[7.216s] -- Up-to-date: /home/certezas/robotis_ws/install/op3_offset_tuner_msgs/include/op3_offset_tuner_msgs/op3_offset_tuner_msgs/srv/detail/get_present_joint_offset_data__struct.h
[7.216s] -- Up-to-date: /home/certezas/robotis_ws/install/op3_offset_tuner_msgs/include/op3_offset_tuner_msgs/op3_offset_tuner_msgs/srv/detail/get_present_joint_offset_data__functions.h
[7.216s] -- Up-to-date: /home/certezas/robotis_ws/install/op3_offset_tuner_msgs/include/op3_offset_tuner_msgs/op3_offset_tuner_msgs/srv/detail/get_present_joint_offset_data__functions.c
[7.216s] -- Up-to-date: /home/certezas/robotis_ws/install/op3_offset_tuner_msgs/include/op3_offset_tuner_msgs/op3_offset_tuner_msgs/msg
[7.216s] -- Up-to-date: /home/certezas/robotis_ws/install/op3_offset_tuner_msgs/include/op3_offset_tuner_msgs/op3_offset_tuner_msgs/msg/rosidl_generator_c__visibility_control.h
[7.216s] -- Up-to-date: /home/certezas/robotis_ws/install/op3_offset_tuner_msgs/include/op3_offset_tuner_msgs/op3_offset_tuner_msgs/msg/joint_torque_on_off_array.h
[7.216s] -- Up-to-date: /home/certezas/robotis_ws/install/op3_offset_tuner_msgs/include/op3_offset_tuner_msgs/op3_offset_tuner_msgs/msg/joint_torque_on_off.h
[7.216s] -- Up-to-date: /home/certezas/robotis_ws/install/op3_offset_tuner_msgs/include/op3_offset_tuner_msgs/op3_offset_tuner_msgs/msg/joint_offset_position_data.h
[7.216s] -- Up-to-date: /home/certezas/robotis_ws/install/op3_offset_tuner_msgs/include/op3_offset_tuner_msgs/op3_offset_tuner_msgs/msg/joint_offset_data.h
[7.216s] -- Up-to-date: /home/certezas/robotis_ws/install/op3_offset_tuner_msgs/include/op3_offset_tuner_msgs/op3_offset_tuner_msgs/msg/detail
[7.216s] -- Up-to-date: /home/certezas/robotis_ws/install/op3_offset_tuner_msgs/include/op3_offset_tuner_msgs/op3_offset_tuner_msgs/msg/detail/joint_torque_on_off__functions.h
[7.216s] -- Up-to-date: /home/certezas/robotis_ws/install/op3_offset_tuner_msgs/include/op3_offset_tuner_msgs/op3_offset_tuner_msgs/msg/detail/joint_offset_position_data__functions.c
[7.217s] -- Up-to-date: /home/certezas/robotis_ws/install/op3_offset_tuner_msgs/include/op3_offset_tuner_msgs/op3_offset_tuner_msgs/msg/detail/joint_torque_on_off_array__functions.c
[7.217s] -- Up-to-date: /home/certezas/robotis_ws/install/op3_offset_tuner_msgs/include/op3_offset_tuner_msgs/op3_offset_tuner_msgs/msg/detail/joint_offset_position_data__type_support.h
[7.217s] -- Up-to-date: /home/certezas/robotis_ws/install/op3_offset_tuner_msgs/include/op3_offset_tuner_msgs/op3_offset_tuner_msgs/msg/detail/joint_torque_on_off_array__struct.h
[7.217s] -- Up-to-date: /home/certezas/robotis_ws/install/op3_offset_tuner_msgs/include/op3_offset_tuner_msgs/op3_offset_tuner_msgs/msg/detail/joint_offset_data__functions.h
[7.217s] -- Up-to-date: /home/certezas/robotis_ws/install/op3_offset_tuner_msgs/include/op3_offset_tuner_msgs/op3_offset_tuner_msgs/msg/detail/joint_torque_on_off_array__functions.h
[7.217s] -- Up-to-date: /home/certezas/robotis_ws/install/op3_offset_tuner_msgs/include/op3_offset_tuner_msgs/op3_offset_tuner_msgs/msg/detail/joint_offset_data__functions.c
[7.217s] -- Up-to-date: /home/certezas/robotis_ws/install/op3_offset_tuner_msgs/include/op3_offset_tuner_msgs/op3_offset_tuner_msgs/msg/detail/joint_torque_on_off_array__type_support.h
[7.219s] -- Up-to-date: /home/certezas/robotis_ws/install/op3_offset_tuner_msgs/include/op3_offset_tuner_msgs/op3_offset_tuner_msgs/msg/detail/joint_offset_position_data__functions.h
[7.219s] -- Up-to-date: /home/certezas/robotis_ws/install/op3_offset_tuner_msgs/include/op3_offset_tuner_msgs/op3_offset_tuner_msgs/msg/detail/joint_torque_on_off__functions.c
[7.219s] -- Up-to-date: /home/certezas/robotis_ws/install/op3_offset_tuner_msgs/include/op3_offset_tuner_msgs/op3_offset_tuner_msgs/msg/detail/joint_torque_on_off__type_support.h
[7.219s] -- Up-to-date: /home/certezas/robotis_ws/install/op3_offset_tuner_msgs/include/op3_offset_tuner_msgs/op3_offset_tuner_msgs/msg/detail/joint_offset_data__struct.h
[7.219s] -- Up-to-date: /home/certezas/robotis_ws/install/op3_offset_tuner_msgs/include/op3_offset_tuner_msgs/op3_offset_tuner_msgs/msg/detail/joint_offset_data__type_support.h
[7.220s] -- Up-to-date: /home/certezas/robotis_ws/install/op3_offset_tuner_msgs/include/op3_offset_tuner_msgs/op3_offset_tuner_msgs/msg/detail/joint_offset_position_data__struct.h
[7.220s] -- Up-to-date: /home/certezas/robotis_ws/install/op3_offset_tuner_msgs/include/op3_offset_tuner_msgs/op3_offset_tuner_msgs/msg/detail/joint_torque_on_off__struct.h
[7.220s] -- Up-to-date: /home/certezas/robotis_ws/install/op3_offset_tuner_msgs/share/op3_offset_tuner_msgs/environment/library_path.sh
[7.220s] -- Up-to-date: /home/certezas/robotis_ws/install/op3_offset_tuner_msgs/share/op3_offset_tuner_msgs/environment/library_path.dsv
[7.232s] -- Up-to-date: /home/certezas/robotis_ws/install/op3_offset_tuner_msgs/lib/libop3_offset_tuner_msgs__rosidl_generator_c.so
[7.233s] -- Up-to-date: /home/certezas/robotis_ws/install/op3_offset_tuner_msgs/include/op3_offset_tuner_msgs/op3_offset_tuner_msgs
[7.233s] -- Up-to-date: /home/certezas/robotis_ws/install/op3_offset_tuner_msgs/include/op3_offset_tuner_msgs/op3_offset_tuner_msgs/srv
[7.233s] -- Up-to-date: /home/certezas/robotis_ws/install/op3_offset_tuner_msgs/include/op3_offset_tuner_msgs/op3_offset_tuner_msgs/srv/detail
[7.233s] -- Up-to-date: /home/certezas/robotis_ws/install/op3_offset_tuner_msgs/include/op3_offset_tuner_msgs/op3_offset_tuner_msgs/srv/detail/get_present_joint_offset_data__rosidl_typesupport_fastrtps_c.h
[7.233s] -- Up-to-date: /home/certezas/robotis_ws/install/op3_offset_tuner_msgs/include/op3_offset_tuner_msgs/op3_offset_tuner_msgs/msg
[7.233s] -- Up-to-date: /home/certezas/robotis_ws/install/op3_offset_tuner_msgs/include/op3_offset_tuner_msgs/op3_offset_tuner_msgs/msg/detail
[7.233s] -- Up-to-date: /home/certezas/robotis_ws/install/op3_offset_tuner_msgs/include/op3_offset_tuner_msgs/op3_offset_tuner_msgs/msg/detail/joint_offset_data__rosidl_typesupport_fastrtps_c.h
[7.233s] -- Up-to-date: /home/certezas/robotis_ws/install/op3_offset_tuner_msgs/include/op3_offset_tuner_msgs/op3_offset_tuner_msgs/msg/detail/joint_offset_position_data__rosidl_typesupport_fastrtps_c.h
[7.233s] -- Up-to-date: /home/certezas/robotis_ws/install/op3_offset_tuner_msgs/include/op3_offset_tuner_msgs/op3_offset_tuner_msgs/msg/detail/joint_torque_on_off__rosidl_typesupport_fastrtps_c.h
[7.233s] -- Up-to-date: /home/certezas/robotis_ws/install/op3_offset_tuner_msgs/include/op3_offset_tuner_msgs/op3_offset_tuner_msgs/msg/detail/joint_torque_on_off_array__rosidl_typesupport_fastrtps_c.h
[7.233s] -- Up-to-date: /home/certezas/robotis_ws/install/op3_offset_tuner_msgs/include/op3_offset_tuner_msgs/op3_offset_tuner_msgs/msg/rosidl_typesupport_fastrtps_c__visibility_control.h
[7.307s] -- Up-to-date: /home/certezas/robotis_ws/install/op3_offset_tuner_msgs/lib/libop3_offset_tuner_msgs__rosidl_typesupport_fastrtps_c.so
[7.307s] -- Up-to-date: /home/certezas/robotis_ws/install/op3_offset_tuner_msgs/include/op3_offset_tuner_msgs/op3_offset_tuner_msgs
[7.307s] -- Up-to-date: /home/certezas/robotis_ws/install/op3_offset_tuner_msgs/include/op3_offset_tuner_msgs/op3_offset_tuner_msgs/srv
[7.307s] -- Up-to-date: /home/certezas/robotis_ws/install/op3_offset_tuner_msgs/include/op3_offset_tuner_msgs/op3_offset_tuner_msgs/srv/detail
[7.307s] -- Up-to-date: /home/certezas/robotis_ws/install/op3_offset_tuner_msgs/include/op3_offset_tuner_msgs/op3_offset_tuner_msgs/srv/detail/get_present_joint_offset_data__type_support.c
[7.307s] -- Up-to-date: /home/certezas/robotis_ws/install/op3_offset_tuner_msgs/include/op3_offset_tuner_msgs/op3_offset_tuner_msgs/srv/detail/get_present_joint_offset_data__rosidl_typesupport_introspection_c.h
[7.307s] -- Up-to-date: /home/certezas/robotis_ws/install/op3_offset_tuner_msgs/include/op3_offset_tuner_msgs/op3_offset_tuner_msgs/msg
[7.308s] -- Up-to-date: /home/certezas/robotis_ws/install/op3_offset_tuner_msgs/include/op3_offset_tuner_msgs/op3_offset_tuner_msgs/msg/rosidl_typesupport_introspection_c__visibility_control.h
[7.308s] -- Up-to-date: /home/certezas/robotis_ws/install/op3_offset_tuner_msgs/include/op3_offset_tuner_msgs/op3_offset_tuner_msgs/msg/detail
[7.308s] -- Up-to-date: /home/certezas/robotis_ws/install/op3_offset_tuner_msgs/include/op3_offset_tuner_msgs/op3_offset_tuner_msgs/msg/detail/joint_offset_data__type_support.c
[7.308s] -- Up-to-date: /home/certezas/robotis_ws/install/op3_offset_tuner_msgs/include/op3_offset_tuner_msgs/op3_offset_tuner_msgs/msg/detail/joint_offset_position_data__type_support.c
[7.308s] -- Up-to-date: /home/certezas/robotis_ws/install/op3_offset_tuner_msgs/include/op3_offset_tuner_msgs/op3_offset_tuner_msgs/msg/detail/joint_torque_on_off__type_support.c
[7.308s] -- Up-to-date: /home/certezas/robotis_ws/install/op3_offset_tuner_msgs/include/op3_offset_tuner_msgs/op3_offset_tuner_msgs/msg/detail/joint_torque_on_off__rosidl_typesupport_introspection_c.h
[7.308s] -- Up-to-date: /home/certezas/robotis_ws/install/op3_offset_tuner_msgs/include/op3_offset_tuner_msgs/op3_offset_tuner_msgs/msg/detail/joint_offset_data__rosidl_typesupport_introspection_c.h
[7.308s] -- Up-to-date: /home/certezas/robotis_ws/install/op3_offset_tuner_msgs/include/op3_offset_tuner_msgs/op3_offset_tuner_msgs/msg/detail/joint_torque_on_off_array__type_support.c
[7.308s] -- Up-to-date: /home/certezas/robotis_ws/install/op3_offset_tuner_msgs/include/op3_offset_tuner_msgs/op3_offset_tuner_msgs/msg/detail/joint_offset_position_data__rosidl_typesupport_introspection_c.h
[7.308s] -- Up-to-date: /home/certezas/robotis_ws/install/op3_offset_tuner_msgs/include/op3_offset_tuner_msgs/op3_offset_tuner_msgs/msg/detail/joint_torque_on_off_array__rosidl_typesupport_introspection_c.h
[7.409s] -- Up-to-date: /home/certezas/robotis_ws/install/op3_offset_tuner_msgs/lib/libop3_offset_tuner_msgs__rosidl_typesupport_introspection_c.so
[7.471s] -- Up-to-date: /home/certezas/robotis_ws/install/op3_offset_tuner_msgs/lib/libop3_offset_tuner_msgs__rosidl_typesupport_c.so
[7.471s] -- Up-to-date: /home/certezas/robotis_ws/install/op3_offset_tuner_msgs/include/op3_offset_tuner_msgs/op3_offset_tuner_msgs
[7.472s] -- Up-to-date: /home/certezas/robotis_ws/install/op3_offset_tuner_msgs/include/op3_offset_tuner_msgs/op3_offset_tuner_msgs/srv
[7.472s] -- Up-to-date: /home/certezas/robotis_ws/install/op3_offset_tuner_msgs/include/op3_offset_tuner_msgs/op3_offset_tuner_msgs/srv/detail
[7.472s] -- Up-to-date: /home/certezas/robotis_ws/install/op3_offset_tuner_msgs/include/op3_offset_tuner_msgs/op3_offset_tuner_msgs/srv/detail/get_present_joint_offset_data__type_support.hpp
[7.472s] -- Up-to-date: /home/certezas/robotis_ws/install/op3_offset_tuner_msgs/include/op3_offset_tuner_msgs/op3_offset_tuner_msgs/srv/detail/get_present_joint_offset_data__builder.hpp
[7.472s] -- Up-to-date: /home/certezas/robotis_ws/install/op3_offset_tuner_msgs/include/op3_offset_tuner_msgs/op3_offset_tuner_msgs/srv/detail/get_present_joint_offset_data__struct.hpp
[7.472s] -- Up-to-date: /home/certezas/robotis_ws/install/op3_offset_tuner_msgs/include/op3_offset_tuner_msgs/op3_offset_tuner_msgs/srv/detail/get_present_joint_offset_data__traits.hpp
[7.472s] -- Up-to-date: /home/certezas/robotis_ws/install/op3_offset_tuner_msgs/include/op3_offset_tuner_msgs/op3_offset_tuner_msgs/srv/get_present_joint_offset_data.hpp
[7.472s] -- Up-to-date: /home/certezas/robotis_ws/install/op3_offset_tuner_msgs/include/op3_offset_tuner_msgs/op3_offset_tuner_msgs/msg
[7.472s] -- Up-to-date: /home/certezas/robotis_ws/install/op3_offset_tuner_msgs/include/op3_offset_tuner_msgs/op3_offset_tuner_msgs/msg/joint_offset_data.hpp
[7.472s] -- Up-to-date: /home/certezas/robotis_ws/install/op3_offset_tuner_msgs/include/op3_offset_tuner_msgs/op3_offset_tuner_msgs/msg/rosidl_generator_cpp__visibility_control.hpp
[7.473s] -- Up-to-date: /home/certezas/robotis_ws/install/op3_offset_tuner_msgs/include/op3_offset_tuner_msgs/op3_offset_tuner_msgs/msg/joint_torque_on_off_array.hpp
[7.473s] -- Up-to-date: /home/certezas/robotis_ws/install/op3_offset_tuner_msgs/include/op3_offset_tuner_msgs/op3_offset_tuner_msgs/msg/detail
[7.473s] -- Up-to-date: /home/certezas/robotis_ws/install/op3_offset_tuner_msgs/include/op3_offset_tuner_msgs/op3_offset_tuner_msgs/msg/detail/joint_torque_on_off_array__type_support.hpp
[7.473s] -- Up-to-date: /home/certezas/robotis_ws/install/op3_offset_tuner_msgs/include/op3_offset_tuner_msgs/op3_offset_tuner_msgs/msg/detail/joint_offset_data__struct.hpp
[7.473s] -- Up-to-date: /home/certezas/robotis_ws/install/op3_offset_tuner_msgs/include/op3_offset_tuner_msgs/op3_offset_tuner_msgs/msg/detail/joint_offset_position_data__builder.hpp
[7.473s] -- Up-to-date: /home/certezas/robotis_ws/install/op3_offset_tuner_msgs/include/op3_offset_tuner_msgs/op3_offset_tuner_msgs/msg/detail/joint_torque_on_off__type_support.hpp
[7.473s] -- Up-to-date: /home/certezas/robotis_ws/install/op3_offset_tuner_msgs/include/op3_offset_tuner_msgs/op3_offset_tuner_msgs/msg/detail/joint_torque_on_off__builder.hpp
[7.473s] -- Up-to-date: /home/certezas/robotis_ws/install/op3_offset_tuner_msgs/include/op3_offset_tuner_msgs/op3_offset_tuner_msgs/msg/detail/joint_offset_position_data__struct.hpp
[7.473s] -- Up-to-date: /home/certezas/robotis_ws/install/op3_offset_tuner_msgs/include/op3_offset_tuner_msgs/op3_offset_tuner_msgs/msg/detail/joint_offset_position_data__traits.hpp
[7.473s] -- Up-to-date: /home/certezas/robotis_ws/install/op3_offset_tuner_msgs/include/op3_offset_tuner_msgs/op3_offset_tuner_msgs/msg/detail/joint_torque_on_off_array__struct.hpp
[7.473s] -- Up-to-date: /home/certezas/robotis_ws/install/op3_offset_tuner_msgs/include/op3_offset_tuner_msgs/op3_offset_tuner_msgs/msg/detail/joint_offset_data__type_support.hpp
[7.473s] -- Up-to-date: /home/certezas/robotis_ws/install/op3_offset_tuner_msgs/include/op3_offset_tuner_msgs/op3_offset_tuner_msgs/msg/detail/joint_torque_on_off_array__traits.hpp
[7.473s] -- Up-to-date: /home/certezas/robotis_ws/install/op3_offset_tuner_msgs/include/op3_offset_tuner_msgs/op3_offset_tuner_msgs/msg/detail/joint_offset_position_data__type_support.hpp
[7.474s] -- Up-to-date: /home/certezas/robotis_ws/install/op3_offset_tuner_msgs/include/op3_offset_tuner_msgs/op3_offset_tuner_msgs/msg/detail/joint_offset_data__traits.hpp
[7.474s] -- Up-to-date: /home/certezas/robotis_ws/install/op3_offset_tuner_msgs/include/op3_offset_tuner_msgs/op3_offset_tuner_msgs/msg/detail/joint_torque_on_off__traits.hpp
[7.474s] -- Up-to-date: /home/certezas/robotis_ws/install/op3_offset_tuner_msgs/include/op3_offset_tuner_msgs/op3_offset_tuner_msgs/msg/detail/joint_offset_data__builder.hpp
[7.474s] -- Up-to-date: /home/certezas/robotis_ws/install/op3_offset_tuner_msgs/include/op3_offset_tuner_msgs/op3_offset_tuner_msgs/msg/detail/joint_torque_on_off__struct.hpp
[7.474s] -- Up-to-date: /home/certezas/robotis_ws/install/op3_offset_tuner_msgs/include/op3_offset_tuner_msgs/op3_offset_tuner_msgs/msg/detail/joint_torque_on_off_array__builder.hpp
[7.474s] -- Up-to-date: /home/certezas/robotis_ws/install/op3_offset_tuner_msgs/include/op3_offset_tuner_msgs/op3_offset_tuner_msgs/msg/joint_offset_position_data.hpp
[7.474s] -- Up-to-date: /home/certezas/robotis_ws/install/op3_offset_tuner_msgs/include/op3_offset_tuner_msgs/op3_offset_tuner_msgs/msg/joint_torque_on_off.hpp
[7.474s] -- Up-to-date: /home/certezas/robotis_ws/install/op3_offset_tuner_msgs/include/op3_offset_tuner_msgs/op3_offset_tuner_msgs
[7.474s] -- Up-to-date: /home/certezas/robotis_ws/install/op3_offset_tuner_msgs/include/op3_offset_tuner_msgs/op3_offset_tuner_msgs/srv
[7.474s] -- Up-to-date: /home/certezas/robotis_ws/install/op3_offset_tuner_msgs/include/op3_offset_tuner_msgs/op3_offset_tuner_msgs/srv/detail
[7.474s] -- Up-to-date: /home/certezas/robotis_ws/install/op3_offset_tuner_msgs/include/op3_offset_tuner_msgs/op3_offset_tuner_msgs/srv/detail/dds_fastrtps
[7.475s] -- Up-to-date: /home/certezas/robotis_ws/install/op3_offset_tuner_msgs/include/op3_offset_tuner_msgs/op3_offset_tuner_msgs/srv/detail/get_present_joint_offset_data__rosidl_typesupport_fastrtps_cpp.hpp
[7.475s] -- Up-to-date: /home/certezas/robotis_ws/install/op3_offset_tuner_msgs/include/op3_offset_tuner_msgs/op3_offset_tuner_msgs/msg
[7.475s] -- Up-to-date: /home/certezas/robotis_ws/install/op3_offset_tuner_msgs/include/op3_offset_tuner_msgs/op3_offset_tuner_msgs/msg/rosidl_typesupport_fastrtps_cpp__visibility_control.h
[7.475s] -- Up-to-date: /home/certezas/robotis_ws/install/op3_offset_tuner_msgs/include/op3_offset_tuner_msgs/op3_offset_tuner_msgs/msg/detail
[7.475s] -- Up-to-date: /home/certezas/robotis_ws/install/op3_offset_tuner_msgs/include/op3_offset_tuner_msgs/op3_offset_tuner_msgs/msg/detail/dds_fastrtps
[7.475s] -- Up-to-date: /home/certezas/robotis_ws/install/op3_offset_tuner_msgs/include/op3_offset_tuner_msgs/op3_offset_tuner_msgs/msg/detail/joint_offset_position_data__rosidl_typesupport_fastrtps_cpp.hpp
[7.475s] -- Up-to-date: /home/certezas/robotis_ws/install/op3_offset_tuner_msgs/include/op3_offset_tuner_msgs/op3_offset_tuner_msgs/msg/detail/joint_torque_on_off__rosidl_typesupport_fastrtps_cpp.hpp
[7.475s] -- Up-to-date: /home/certezas/robotis_ws/install/op3_offset_tuner_msgs/include/op3_offset_tuner_msgs/op3_offset_tuner_msgs/msg/detail/joint_offset_data__rosidl_typesupport_fastrtps_cpp.hpp
[7.475s] -- Up-to-date: /home/certezas/robotis_ws/install/op3_offset_tuner_msgs/include/op3_offset_tuner_msgs/op3_offset_tuner_msgs/msg/detail/joint_torque_on_off_array__rosidl_typesupport_fastrtps_cpp.hpp
[7.568s] -- Up-to-date: /home/certezas/robotis_ws/install/op3_offset_tuner_msgs/lib/libop3_offset_tuner_msgs__rosidl_typesupport_fastrtps_cpp.so
[7.569s] -- Up-to-date: /home/certezas/robotis_ws/install/op3_offset_tuner_msgs/include/op3_offset_tuner_msgs/op3_offset_tuner_msgs
[7.569s] -- Up-to-date: /home/certezas/robotis_ws/install/op3_offset_tuner_msgs/include/op3_offset_tuner_msgs/op3_offset_tuner_msgs/srv
[7.569s] -- Up-to-date: /home/certezas/robotis_ws/install/op3_offset_tuner_msgs/include/op3_offset_tuner_msgs/op3_offset_tuner_msgs/srv/detail
[7.569s] -- Up-to-date: /home/certezas/robotis_ws/install/op3_offset_tuner_msgs/include/op3_offset_tuner_msgs/op3_offset_tuner_msgs/srv/detail/get_present_joint_offset_data__rosidl_typesupport_introspection_cpp.hpp
[7.569s] -- Up-to-date: /home/certezas/robotis_ws/install/op3_offset_tuner_msgs/include/op3_offset_tuner_msgs/op3_offset_tuner_msgs/srv/detail/get_present_joint_offset_data__type_support.cpp
[7.569s] -- Up-to-date: /home/certezas/robotis_ws/install/op3_offset_tuner_msgs/include/op3_offset_tuner_msgs/op3_offset_tuner_msgs/msg
[7.569s] -- Up-to-date: /home/certezas/robotis_ws/install/op3_offset_tuner_msgs/include/op3_offset_tuner_msgs/op3_offset_tuner_msgs/msg/detail
[7.569s] -- Up-to-date: /home/certezas/robotis_ws/install/op3_offset_tuner_msgs/include/op3_offset_tuner_msgs/op3_offset_tuner_msgs/msg/detail/joint_torque_on_off__rosidl_typesupport_introspection_cpp.hpp
[7.569s] -- Up-to-date: /home/certezas/robotis_ws/install/op3_offset_tuner_msgs/include/op3_offset_tuner_msgs/op3_offset_tuner_msgs/msg/detail/joint_offset_data__rosidl_typesupport_introspection_cpp.hpp
[7.569s] -- Up-to-date: /home/certezas/robotis_ws/install/op3_offset_tuner_msgs/include/op3_offset_tuner_msgs/op3_offset_tuner_msgs/msg/detail/joint_offset_position_data__rosidl_typesupport_introspection_cpp.hpp
[7.569s] -- Up-to-date: /home/certezas/robotis_ws/install/op3_offset_tuner_msgs/include/op3_offset_tuner_msgs/op3_offset_tuner_msgs/msg/detail/joint_torque_on_off__type_support.cpp
[7.570s] -- Up-to-date: /home/certezas/robotis_ws/install/op3_offset_tuner_msgs/include/op3_offset_tuner_msgs/op3_offset_tuner_msgs/msg/detail/joint_torque_on_off_array__type_support.cpp
[7.570s] -- Up-to-date: /home/certezas/robotis_ws/install/op3_offset_tuner_msgs/include/op3_offset_tuner_msgs/op3_offset_tuner_msgs/msg/detail/joint_offset_data__type_support.cpp
[7.570s] -- Up-to-date: /home/certezas/robotis_ws/install/op3_offset_tuner_msgs/include/op3_offset_tuner_msgs/op3_offset_tuner_msgs/msg/detail/joint_torque_on_off_array__rosidl_typesupport_introspection_cpp.hpp
[7.570s] -- Up-to-date: /home/certezas/robotis_ws/install/op3_offset_tuner_msgs/include/op3_offset_tuner_msgs/op3_offset_tuner_msgs/msg/detail/joint_offset_position_data__type_support.cpp
[7.570s] -- Up-to-date: /home/certezas/robotis_ws/install/op3_offset_tuner_msgs/lib/libop3_offset_tuner_msgs__rosidl_typesupport_introspection_cpp.so
[7.611s] -- Up-to-date: /home/certezas/robotis_ws/install/op3_offset_tuner_msgs/lib/libop3_offset_tuner_msgs__rosidl_typesupport_cpp.so
[7.611s] -- Up-to-date: /home/certezas/robotis_ws/install/op3_offset_tuner_msgs/share/op3_offset_tuner_msgs/environment/pythonpath.sh
[7.611s] -- Up-to-date: /home/certezas/robotis_ws/install/op3_offset_tuner_msgs/share/op3_offset_tuner_msgs/environment/pythonpath.dsv
[7.611s] -- Up-to-date: /home/certezas/robotis_ws/install/op3_offset_tuner_msgs/local/lib/python3.10/dist-packages/op3_offset_tuner_msgs-0.1.1-py3.10.egg-info
[7.611s] -- Installing: /home/certezas/robotis_ws/install/op3_offset_tuner_msgs/local/lib/python3.10/dist-packages/op3_offset_tuner_msgs-0.1.1-py3.10.egg-info/PKG-INFO
[7.611s] -- Installing: /home/certezas/robotis_ws/install/op3_offset_tuner_msgs/local/lib/python3.10/dist-packages/op3_offset_tuner_msgs-0.1.1-py3.10.egg-info/dependency_links.txt
[7.611s] -- Installing: /home/certezas/robotis_ws/install/op3_offset_tuner_msgs/local/lib/python3.10/dist-packages/op3_offset_tuner_msgs-0.1.1-py3.10.egg-info/top_level.txt
[7.612s] -- Installing: /home/certezas/robotis_ws/install/op3_offset_tuner_msgs/local/lib/python3.10/dist-packages/op3_offset_tuner_msgs-0.1.1-py3.10.egg-info/SOURCES.txt
[7.612s] -- Up-to-date: /home/certezas/robotis_ws/install/op3_offset_tuner_msgs/local/lib/python3.10/dist-packages/op3_offset_tuner_msgs
[7.612s] -- Up-to-date: /home/certezas/robotis_ws/install/op3_offset_tuner_msgs/local/lib/python3.10/dist-packages/op3_offset_tuner_msgs/libop3_offset_tuner_msgs__rosidl_generator_py.so
[7.612s] -- Up-to-date: /home/certezas/robotis_ws/install/op3_offset_tuner_msgs/local/lib/python3.10/dist-packages/op3_offset_tuner_msgs/op3_offset_tuner_msgs_s__rosidl_typesupport_introspection_c.cpython-310-x86_64-linux-gnu.so
[7.612s] -- Up-to-date: /home/certezas/robotis_ws/install/op3_offset_tuner_msgs/local/lib/python3.10/dist-packages/op3_offset_tuner_msgs/op3_offset_tuner_msgs_s__rosidl_typesupport_fastrtps_c.cpython-310-x86_64-linux-gnu.so
[7.612s] -- Up-to-date: /home/certezas/robotis_ws/install/op3_offset_tuner_msgs/local/lib/python3.10/dist-packages/op3_offset_tuner_msgs/__init__.py
[7.612s] -- Up-to-date: /home/certezas/robotis_ws/install/op3_offset_tuner_msgs/local/lib/python3.10/dist-packages/op3_offset_tuner_msgs/_op3_offset_tuner_msgs_s.ep.rosidl_typesupport_introspection_c.c
[7.612s] -- Up-to-date: /home/certezas/robotis_ws/install/op3_offset_tuner_msgs/local/lib/python3.10/dist-packages/op3_offset_tuner_msgs/srv
[7.612s] -- Up-to-date: /home/certezas/robotis_ws/install/op3_offset_tuner_msgs/local/lib/python3.10/dist-packages/op3_offset_tuner_msgs/srv/__init__.py
[7.612s] -- Up-to-date: /home/certezas/robotis_ws/install/op3_offset_tuner_msgs/local/lib/python3.10/dist-packages/op3_offset_tuner_msgs/srv/_get_present_joint_offset_data.py
[7.612s] -- Up-to-date: /home/certezas/robotis_ws/install/op3_offset_tuner_msgs/local/lib/python3.10/dist-packages/op3_offset_tuner_msgs/srv/_get_present_joint_offset_data_s.c
[7.612s] -- Up-to-date: /home/certezas/robotis_ws/install/op3_offset_tuner_msgs/local/lib/python3.10/dist-packages/op3_offset_tuner_msgs/op3_offset_tuner_msgs_s__rosidl_typesupport_c.cpython-310-x86_64-linux-gnu.so
[7.612s] -- Up-to-date: /home/certezas/robotis_ws/install/op3_offset_tuner_msgs/local/lib/python3.10/dist-packages/op3_offset_tuner_msgs/_op3_offset_tuner_msgs_s.ep.rosidl_typesupport_fastrtps_c.c
[7.612s] -- Up-to-date: /home/certezas/robotis_ws/install/op3_offset_tuner_msgs/local/lib/python3.10/dist-packages/op3_offset_tuner_msgs/_op3_offset_tuner_msgs_s.ep.rosidl_typesupport_c.c
[7.612s] -- Up-to-date: /home/certezas/robotis_ws/install/op3_offset_tuner_msgs/local/lib/python3.10/dist-packages/op3_offset_tuner_msgs/msg
[7.612s] -- Up-to-date: /home/certezas/robotis_ws/install/op3_offset_tuner_msgs/local/lib/python3.10/dist-packages/op3_offset_tuner_msgs/msg/_joint_torque_on_off_array_s.c
[7.612s] -- Up-to-date: /home/certezas/robotis_ws/install/op3_offset_tuner_msgs/local/lib/python3.10/dist-packages/op3_offset_tuner_msgs/msg/_joint_offset_data.py
[7.612s] -- Up-to-date: /home/certezas/robotis_ws/install/op3_offset_tuner_msgs/local/lib/python3.10/dist-packages/op3_offset_tuner_msgs/msg/_joint_offset_position_data_s.c
[7.613s] -- Up-to-date: /home/certezas/robotis_ws/install/op3_offset_tuner_msgs/local/lib/python3.10/dist-packages/op3_offset_tuner_msgs/msg/__init__.py
[7.613s] -- Up-to-date: /home/certezas/robotis_ws/install/op3_offset_tuner_msgs/local/lib/python3.10/dist-packages/op3_offset_tuner_msgs/msg/_joint_torque_on_off_s.c
[7.613s] -- Up-to-date: /home/certezas/robotis_ws/install/op3_offset_tuner_msgs/local/lib/python3.10/dist-packages/op3_offset_tuner_msgs/msg/_joint_torque_on_off_array.py
[7.613s] -- Up-to-date: /home/certezas/robotis_ws/install/op3_offset_tuner_msgs/local/lib/python3.10/dist-packages/op3_offset_tuner_msgs/msg/_joint_offset_position_data.py
[7.613s] -- Up-to-date: /home/certezas/robotis_ws/install/op3_offset_tuner_msgs/local/lib/python3.10/dist-packages/op3_offset_tuner_msgs/msg/_joint_offset_data_s.c
[7.613s] -- Up-to-date: /home/certezas/robotis_ws/install/op3_offset_tuner_msgs/local/lib/python3.10/dist-packages/op3_offset_tuner_msgs/msg/_joint_torque_on_off.py
[7.953s] Listing '/home/certezas/robotis_ws/install/op3_offset_tuner_msgs/local/lib/python3.10/dist-packages/op3_offset_tuner_msgs'...
[7.953s] Listing '/home/certezas/robotis_ws/install/op3_offset_tuner_msgs/local/lib/python3.10/dist-packages/op3_offset_tuner_msgs/msg'...
[7.954s] Listing '/home/certezas/robotis_ws/install/op3_offset_tuner_msgs/local/lib/python3.10/dist-packages/op3_offset_tuner_msgs/srv'...
[7.994s] -- Up-to-date: /home/certezas/robotis_ws/install/op3_offset_tuner_msgs/local/lib/python3.10/dist-packages/op3_offset_tuner_msgs/op3_offset_tuner_msgs_s__rosidl_typesupport_fastrtps_c.cpython-310-x86_64-linux-gnu.so
[7.998s] -- Up-to-date: /home/certezas/robotis_ws/install/op3_offset_tuner_msgs/local/lib/python3.10/dist-packages/op3_offset_tuner_msgs/op3_offset_tuner_msgs_s__rosidl_typesupport_introspection_c.cpython-310-x86_64-linux-gnu.so
[8.016s] -- Up-to-date: /home/certezas/robotis_ws/install/op3_offset_tuner_msgs/local/lib/python3.10/dist-packages/op3_offset_tuner_msgs/op3_offset_tuner_msgs_s__rosidl_typesupport_c.cpython-310-x86_64-linux-gnu.so
[8.194s] -- Up-to-date: /home/certezas/robotis_ws/install/op3_offset_tuner_msgs/lib/libop3_offset_tuner_msgs__rosidl_generator_py.so
[8.194s] -- Up-to-date: /home/certezas/robotis_ws/install/op3_offset_tuner_msgs/share/op3_offset_tuner_msgs/msg/JointOffsetData.idl
[8.194s] -- Up-to-date: /home/certezas/robotis_ws/install/op3_offset_tuner_msgs/share/op3_offset_tuner_msgs/msg/JointOffsetPositionData.idl
[8.194s] -- Up-to-date: /home/certezas/robotis_ws/install/op3_offset_tuner_msgs/share/op3_offset_tuner_msgs/msg/JointTorqueOnOff.idl
[8.194s] -- Up-to-date: /home/certezas/robotis_ws/install/op3_offset_tuner_msgs/share/op3_offset_tuner_msgs/msg/JointTorqueOnOffArray.idl
[8.195s] -- Up-to-date: /home/certezas/robotis_ws/install/op3_offset_tuner_msgs/share/op3_offset_tuner_msgs/srv/GetPresentJointOffsetData.idl
[8.195s] -- Up-to-date: /home/certezas/robotis_ws/install/op3_offset_tuner_msgs/share/op3_offset_tuner_msgs/msg/JointOffsetData.msg
[8.195s] -- Up-to-date: /home/certezas/robotis_ws/install/op3_offset_tuner_msgs/share/op3_offset_tuner_msgs/msg/JointOffsetPositionData.msg
[8.195s] -- Up-to-date: /home/certezas/robotis_ws/install/op3_offset_tuner_msgs/share/op3_offset_tuner_msgs/msg/JointTorqueOnOff.msg
[8.195s] -- Up-to-date: /home/certezas/robotis_ws/install/op3_offset_tuner_msgs/share/op3_offset_tuner_msgs/msg/JointTorqueOnOffArray.msg
[8.195s] -- Up-to-date: /home/certezas/robotis_ws/install/op3_offset_tuner_msgs/share/op3_offset_tuner_msgs/srv/GetPresentJointOffsetData.srv
[8.196s] -- Up-to-date: /home/certezas/robotis_ws/install/op3_offset_tuner_msgs/share/op3_offset_tuner_msgs/srv/GetPresentJointOffsetData_Request.msg
[8.196s] -- Up-to-date: /home/certezas/robotis_ws/install/op3_offset_tuner_msgs/share/op3_offset_tuner_msgs/srv/GetPresentJointOffsetData_Response.msg
[8.196s] -- Up-to-date: /home/certezas/robotis_ws/install/op3_offset_tuner_msgs/share/ament_index/resource_index/package_run_dependencies/op3_offset_tuner_msgs
[8.196s] -- Up-to-date: /home/certezas/robotis_ws/install/op3_offset_tuner_msgs/share/ament_index/resource_index/parent_prefix_path/op3_offset_tuner_msgs
[8.196s] -- Up-to-date: /home/certezas/robotis_ws/install/op3_offset_tuner_msgs/share/op3_offset_tuner_msgs/environment/ament_prefix_path.sh
[8.196s] -- Up-to-date: /home/certezas/robotis_ws/install/op3_offset_tuner_msgs/share/op3_offset_tuner_msgs/environment/ament_prefix_path.dsv
[8.196s] -- Up-to-date: /home/certezas/robotis_ws/install/op3_offset_tuner_msgs/share/op3_offset_tuner_msgs/environment/path.sh
[8.196s] -- Up-to-date: /home/certezas/robotis_ws/install/op3_offset_tuner_msgs/share/op3_offset_tuner_msgs/environment/path.dsv
[8.196s] -- Up-to-date: /home/certezas/robotis_ws/install/op3_offset_tuner_msgs/share/op3_offset_tuner_msgs/local_setup.bash
[8.196s] -- Up-to-date: /home/certezas/robotis_ws/install/op3_offset_tuner_msgs/share/op3_offset_tuner_msgs/local_setup.sh
[8.196s] -- Up-to-date: /home/certezas/robotis_ws/install/op3_offset_tuner_msgs/share/op3_offset_tuner_msgs/local_setup.zsh
[8.196s] -- Up-to-date: /home/certezas/robotis_ws/install/op3_offset_tuner_msgs/share/op3_offset_tuner_msgs/local_setup.dsv
[8.196s] -- Installing: /home/certezas/robotis_ws/install/op3_offset_tuner_msgs/share/op3_offset_tuner_msgs/package.dsv
[8.387s] -- Up-to-date: /home/certezas/robotis_ws/install/op3_offset_tuner_msgs/share/ament_index/resource_index/packages/op3_offset_tuner_msgs
[8.518s] -- Up-to-date: /home/certezas/robotis_ws/install/op3_offset_tuner_msgs/share/op3_offset_tuner_msgs/cmake/export_op3_offset_tuner_msgs__rosidl_generator_cExport.cmake
[8.518s] -- Up-to-date: /home/certezas/robotis_ws/install/op3_offset_tuner_msgs/share/op3_offset_tuner_msgs/cmake/export_op3_offset_tuner_msgs__rosidl_generator_cExport-noconfig.cmake
[8.552s] -- Up-to-date: /home/certezas/robotis_ws/install/op3_offset_tuner_msgs/share/op3_offset_tuner_msgs/cmake/export_op3_offset_tuner_msgs__rosidl_typesupport_fastrtps_cExport.cmake
[8.552s] -- Up-to-date: /home/certezas/robotis_ws/install/op3_offset_tuner_msgs/share/op3_offset_tuner_msgs/cmake/export_op3_offset_tuner_msgs__rosidl_typesupport_fastrtps_cExport-noconfig.cmake
[8.631s] -- Up-to-date: /home/certezas/robotis_ws/install/op3_offset_tuner_msgs/share/op3_offset_tuner_msgs/cmake/op3_offset_tuner_msgs__rosidl_typesupport_introspection_cExport.cmake
[8.631s] -- Up-to-date: /home/certezas/robotis_ws/install/op3_offset_tuner_msgs/share/op3_offset_tuner_msgs/cmake/op3_offset_tuner_msgs__rosidl_typesupport_introspection_cExport-noconfig.cmake
[8.664s] -- Up-to-date: /home/certezas/robotis_ws/install/op3_offset_tuner_msgs/share/op3_offset_tuner_msgs/cmake/op3_offset_tuner_msgs__rosidl_typesupport_cExport.cmake
[8.664s] -- Up-to-date: /home/certezas/robotis_ws/install/op3_offset_tuner_msgs/share/op3_offset_tuner_msgs/cmake/op3_offset_tuner_msgs__rosidl_typesupport_cExport-noconfig.cmake
[8.665s] -- Up-to-date: /home/certezas/robotis_ws/install/op3_offset_tuner_msgs/share/op3_offset_tuner_msgs/cmake/export_op3_offset_tuner_msgs__rosidl_generator_cppExport.cmake
[8.878s] -- Up-to-date: /home/certezas/robotis_ws/install/op3_offset_tuner_msgs/share/op3_offset_tuner_msgs/cmake/export_op3_offset_tuner_msgs__rosidl_typesupport_fastrtps_cppExport.cmake
[8.878s] -- Up-to-date: /home/certezas/robotis_ws/install/op3_offset_tuner_msgs/share/op3_offset_tuner_msgs/cmake/export_op3_offset_tuner_msgs__rosidl_typesupport_fastrtps_cppExport-noconfig.cmake
[8.902s] -- Up-to-date: /home/certezas/robotis_ws/install/op3_offset_tuner_msgs/share/op3_offset_tuner_msgs/cmake/op3_offset_tuner_msgs__rosidl_typesupport_introspection_cppExport.cmake
[8.902s] -- Up-to-date: /home/certezas/robotis_ws/install/op3_offset_tuner_msgs/share/op3_offset_tuner_msgs/cmake/op3_offset_tuner_msgs__rosidl_typesupport_introspection_cppExport-noconfig.cmake
[8.902s] -- Up-to-date: /home/certezas/robotis_ws/install/op3_offset_tuner_msgs/share/op3_offset_tuner_msgs/cmake/op3_offset_tuner_msgs__rosidl_typesupport_cppExport.cmake
[8.902s] -- Up-to-date: /home/certezas/robotis_ws/install/op3_offset_tuner_msgs/share/op3_offset_tuner_msgs/cmake/op3_offset_tuner_msgs__rosidl_typesupport_cppExport-noconfig.cmake
[8.903s] -- Up-to-date: /home/certezas/robotis_ws/install/op3_offset_tuner_msgs/share/op3_offset_tuner_msgs/cmake/export_op3_offset_tuner_msgs__rosidl_generator_pyExport.cmake
[8.903s] -- Up-to-date: /home/certezas/robotis_ws/install/op3_offset_tuner_msgs/share/op3_offset_tuner_msgs/cmake/export_op3_offset_tuner_msgs__rosidl_generator_pyExport-noconfig.cmake
[8.903s] -- Up-to-date: /home/certezas/robotis_ws/install/op3_offset_tuner_msgs/share/op3_offset_tuner_msgs/cmake/rosidl_cmake-extras.cmake
[8.903s] -- Up-to-date: /home/certezas/robotis_ws/install/op3_offset_tuner_msgs/share/op3_offset_tuner_msgs/cmake/ament_cmake_export_dependencies-extras.cmake
[8.903s] -- Up-to-date: /home/certezas/robotis_ws/install/op3_offset_tuner_msgs/share/op3_offset_tuner_msgs/cmake/ament_cmake_export_include_directories-extras.cmake
[8.903s] -- Up-to-date: /home/certezas/robotis_ws/install/op3_offset_tuner_msgs/share/op3_offset_tuner_msgs/cmake/ament_cmake_export_libraries-extras.cmake
[8.903s] -- Up-to-date: /home/certezas/robotis_ws/install/op3_offset_tuner_msgs/share/op3_offset_tuner_msgs/cmake/ament_cmake_export_targets-extras.cmake
[8.903s] -- Up-to-date: /home/certezas/robotis_ws/install/op3_offset_tuner_msgs/share/op3_offset_tuner_msgs/cmake/rosidl_cmake_export_typesupport_targets-extras.cmake
[8.903s] -- Up-to-date: /home/certezas/robotis_ws/install/op3_offset_tuner_msgs/share/op3_offset_tuner_msgs/cmake/rosidl_cmake_export_typesupport_libraries-extras.cmake
[8.903s] -- Up-to-date: /home/certezas/robotis_ws/install/op3_offset_tuner_msgs/share/op3_offset_tuner_msgs/cmake/op3_offset_tuner_msgsConfig.cmake
[8.903s] -- Up-to-date: /home/certezas/robotis_ws/install/op3_offset_tuner_msgs/share/op3_offset_tuner_msgs/cmake/op3_offset_tuner_msgsConfig-version.cmake
[8.903s] -- Up-to-date: /home/certezas/robotis_ws/install/op3_offset_tuner_msgs/share/op3_offset_tuner_msgs/package.xml
[9.383s] Invoked command in '/home/certezas/robotis_ws/build/op3_offset_tuner_msgs' returned '0': CMAKE_PREFIX_PATH=${CMAKE_PREFIX_PATH}:/opt/ros/humble /usr/bin/cmake --install /home/certezas/robotis_ws/build/op3_offset_tuner_msgs
