[35m[1mConsolidate compiler generated dependencies of target kajita_walking_node[0m
[ 33%] [32mBuilding CXX object CMakeFiles/kajita_walking_node.dir/src/main.cpp.o[0m
[ 66%] [32mBuilding CXX object CMakeFiles/kajita_walking_node.dir/src/kajita_walking_controller.cpp.o[0m
[100%] [32m[1mLinking CXX executable kajita_walking_node[0m
[100%] Built target kajita_walking_node
-- Install configuration: ""
-- Installing: /home/certezas/robotis_ws/install/op3_kajita_walking_module/lib/op3_kajita_walking_module/kajita_walking_node
-- Set runtime path of "/home/certezas/robotis_ws/install/op3_kajita_walking_module/lib/op3_kajita_walking_module/kajita_walking_node" to ""
-- Up-to-date: /home/certezas/robotis_ws/install/op3_kajita_walking_module/share/ament_index/resource_index/package_run_dependencies/op3_kajita_walking_module
-- Up-to-date: /home/certezas/robotis_ws/install/op3_kajita_walking_module/share/ament_index/resource_index/parent_prefix_path/op3_kajita_walking_module
-- Up-to-date: /home/certezas/robotis_ws/install/op3_kajita_walking_module/share/op3_kajita_walking_module/environment/ament_prefix_path.sh
-- Up-to-date: /home/certezas/robotis_ws/install/op3_kajita_walking_module/share/op3_kajita_walking_module/environment/ament_prefix_path.dsv
-- Up-to-date: /home/certezas/robotis_ws/install/op3_kajita_walking_module/share/op3_kajita_walking_module/environment/path.sh
-- Up-to-date: /home/certezas/robotis_ws/install/op3_kajita_walking_module/share/op3_kajita_walking_module/environment/path.dsv
-- Up-to-date: /home/certezas/robotis_ws/install/op3_kajita_walking_module/share/op3_kajita_walking_module/local_setup.bash
-- Up-to-date: /home/certezas/robotis_ws/install/op3_kajita_walking_module/share/op3_kajita_walking_module/local_setup.sh
-- Up-to-date: /home/certezas/robotis_ws/install/op3_kajita_walking_module/share/op3_kajita_walking_module/local_setup.zsh
-- Up-to-date: /home/certezas/robotis_ws/install/op3_kajita_walking_module/share/op3_kajita_walking_module/local_setup.dsv
-- Installing: /home/certezas/robotis_ws/install/op3_kajita_walking_module/share/op3_kajita_walking_module/package.dsv
-- Up-to-date: /home/certezas/robotis_ws/install/op3_kajita_walking_module/share/ament_index/resource_index/packages/op3_kajita_walking_module
-- Up-to-date: /home/certezas/robotis_ws/install/op3_kajita_walking_module/share/op3_kajita_walking_module/cmake/op3_kajita_walking_moduleConfig.cmake
-- Up-to-date: /home/certezas/robotis_ws/install/op3_kajita_walking_module/share/op3_kajita_walking_module/cmake/op3_kajita_walking_moduleConfig-version.cmake
-- Up-to-date: /home/certezas/robotis_ws/install/op3_kajita_walking_module/share/op3_kajita_walking_module/package.xml
