[0.480s] Invoking command in '/home/certezas/robotis_ws/build/op3_action_module_msgs': CMAKE_PREFIX_PATH=${CMAKE_PREFIX_PATH}:/opt/ros/humble /usr/bin/cmake --build /home/certezas/robotis_ws/build/op3_action_module_msgs -- -j12 -l12
[2.424s] [  2%] Built target op3_action_module_msgs__cpp
[3.626s] [ 12%] Built target op3_action_module_msgs__rosidl_generator_c
[4.585s] [ 23%] Built target op3_action_module_msgs__rosidl_typesupport_introspection_c
[4.777s] [ 33%] Built target op3_action_module_msgs__rosidl_typesupport_fastrtps_c
[4.964s] [ 43%] Built target op3_action_module_msgs__rosidl_typesupport_c
[5.077s] [ 53%] Built target op3_action_module_msgs__rosidl_typesupport_cpp
[5.085s] [ 64%] Built target op3_action_module_msgs__rosidl_typesupport_introspection_cpp
[5.115s] [ 74%] Built target op3_action_module_msgs__rosidl_typesupport_fastrtps_cpp
[5.201s] [ 74%] Built target op3_action_module_msgs
[5.851s] [ 76%] Built target op3_action_module_msgs__py
[6.310s] [ 76%] Built target ament_cmake_python_copy_op3_action_module_msgs
[6.727s] [ 84%] Built target op3_action_module_msgs__rosidl_generator_py
[6.866s] running egg_info
[6.866s] writing op3_action_module_msgs.egg-info/PKG-INFO
[6.981s] [ 89%] Built target op3_action_module_msgs__rosidl_typesupport_introspection_c__pyext
[7.025s] [ 94%] Built target op3_action_module_msgs__rosidl_typesupport_fastrtps_c__pyext
[7.323s] [100%] Built target op3_action_module_msgs__rosidl_typesupport_c__pyext
[7.630s] writing dependency_links to op3_action_module_msgs.egg-info/dependency_links.txt
[7.643s] writing top-level names to op3_action_module_msgs.egg-info/top_level.txt
[7.670s] reading manifest file 'op3_action_module_msgs.egg-info/SOURCES.txt'
[7.693s] writing manifest file 'op3_action_module_msgs.egg-info/SOURCES.txt'
[7.721s] [100%] Built target ament_cmake_python_build_op3_action_module_msgs_egg
[8.456s] Invoked command in '/home/certezas/robotis_ws/build/op3_action_module_msgs' returned '0': CMAKE_PREFIX_PATH=${CMAKE_PREFIX_PATH}:/opt/ros/humble /usr/bin/cmake --build /home/certezas/robotis_ws/build/op3_action_module_msgs -- -j12 -l12
[8.545s] Invoking command in '/home/certezas/robotis_ws/build/op3_action_module_msgs': CMAKE_PREFIX_PATH=${CMAKE_PREFIX_PATH}:/opt/ros/humble /usr/bin/cmake --install /home/certezas/robotis_ws/build/op3_action_module_msgs
[8.674s] -- Install configuration: ""
[8.674s] -- Up-to-date: /home/certezas/robotis_ws/install/op3_action_module_msgs/share/ament_index/resource_index/rosidl_interfaces/op3_action_module_msgs
[8.674s] -- Up-to-date: /home/certezas/robotis_ws/install/op3_action_module_msgs/include/op3_action_module_msgs/op3_action_module_msgs
[8.674s] -- Up-to-date: /home/certezas/robotis_ws/install/op3_action_module_msgs/include/op3_action_module_msgs/op3_action_module_msgs/srv
[8.674s] -- Up-to-date: /home/certezas/robotis_ws/install/op3_action_module_msgs/include/op3_action_module_msgs/op3_action_module_msgs/srv/is_running.h
[8.675s] -- Up-to-date: /home/certezas/robotis_ws/install/op3_action_module_msgs/include/op3_action_module_msgs/op3_action_module_msgs/srv/detail
[8.675s] -- Up-to-date: /home/certezas/robotis_ws/install/op3_action_module_msgs/include/op3_action_module_msgs/op3_action_module_msgs/srv/detail/is_running__functions.h
[8.675s] -- Up-to-date: /home/certezas/robotis_ws/install/op3_action_module_msgs/include/op3_action_module_msgs/op3_action_module_msgs/srv/detail/is_running__struct.h
[8.675s] -- Up-to-date: /home/certezas/robotis_ws/install/op3_action_module_msgs/include/op3_action_module_msgs/op3_action_module_msgs/srv/detail/is_running__functions.c
[8.675s] -- Up-to-date: /home/certezas/robotis_ws/install/op3_action_module_msgs/include/op3_action_module_msgs/op3_action_module_msgs/srv/detail/is_running__type_support.h
[8.675s] -- Up-to-date: /home/certezas/robotis_ws/install/op3_action_module_msgs/include/op3_action_module_msgs/op3_action_module_msgs/msg
[8.675s] -- Up-to-date: /home/certezas/robotis_ws/install/op3_action_module_msgs/include/op3_action_module_msgs/op3_action_module_msgs/msg/rosidl_generator_c__visibility_control.h
[8.675s] -- Up-to-date: /home/certezas/robotis_ws/install/op3_action_module_msgs/include/op3_action_module_msgs/op3_action_module_msgs/msg/start_action.h
[8.675s] -- Up-to-date: /home/certezas/robotis_ws/install/op3_action_module_msgs/include/op3_action_module_msgs/op3_action_module_msgs/msg/detail
[8.675s] -- Up-to-date: /home/certezas/robotis_ws/install/op3_action_module_msgs/include/op3_action_module_msgs/op3_action_module_msgs/msg/detail/start_action__functions.c
[8.675s] -- Up-to-date: /home/certezas/robotis_ws/install/op3_action_module_msgs/include/op3_action_module_msgs/op3_action_module_msgs/msg/detail/start_action__functions.h
[8.675s] -- Up-to-date: /home/certezas/robotis_ws/install/op3_action_module_msgs/include/op3_action_module_msgs/op3_action_module_msgs/msg/detail/start_action__type_support.h
[8.675s] -- Up-to-date: /home/certezas/robotis_ws/install/op3_action_module_msgs/include/op3_action_module_msgs/op3_action_module_msgs/msg/detail/start_action__struct.h
[8.717s] -- Up-to-date: /home/certezas/robotis_ws/install/op3_action_module_msgs/share/op3_action_module_msgs/environment/library_path.sh
[8.718s] -- Up-to-date: /home/certezas/robotis_ws/install/op3_action_module_msgs/share/op3_action_module_msgs/environment/library_path.dsv
[9.044s] -- Up-to-date: /home/certezas/robotis_ws/install/op3_action_module_msgs/lib/libop3_action_module_msgs__rosidl_generator_c.so
[9.044s] -- Up-to-date: /home/certezas/robotis_ws/install/op3_action_module_msgs/include/op3_action_module_msgs/op3_action_module_msgs
[9.044s] -- Up-to-date: /home/certezas/robotis_ws/install/op3_action_module_msgs/include/op3_action_module_msgs/op3_action_module_msgs/srv
[9.044s] -- Up-to-date: /home/certezas/robotis_ws/install/op3_action_module_msgs/include/op3_action_module_msgs/op3_action_module_msgs/srv/detail
[9.044s] -- Up-to-date: /home/certezas/robotis_ws/install/op3_action_module_msgs/include/op3_action_module_msgs/op3_action_module_msgs/srv/detail/is_running__rosidl_typesupport_fastrtps_c.h
[9.044s] -- Up-to-date: /home/certezas/robotis_ws/install/op3_action_module_msgs/include/op3_action_module_msgs/op3_action_module_msgs/msg
[9.044s] -- Up-to-date: /home/certezas/robotis_ws/install/op3_action_module_msgs/include/op3_action_module_msgs/op3_action_module_msgs/msg/detail
[9.044s] -- Up-to-date: /home/certezas/robotis_ws/install/op3_action_module_msgs/include/op3_action_module_msgs/op3_action_module_msgs/msg/detail/start_action__rosidl_typesupport_fastrtps_c.h
[9.044s] -- Up-to-date: /home/certezas/robotis_ws/install/op3_action_module_msgs/include/op3_action_module_msgs/op3_action_module_msgs/msg/rosidl_typesupport_fastrtps_c__visibility_control.h
[9.074s] -- Up-to-date: /home/certezas/robotis_ws/install/op3_action_module_msgs/lib/libop3_action_module_msgs__rosidl_typesupport_fastrtps_c.so
[9.074s] -- Up-to-date: /home/certezas/robotis_ws/install/op3_action_module_msgs/include/op3_action_module_msgs/op3_action_module_msgs
[9.075s] -- Up-to-date: /home/certezas/robotis_ws/install/op3_action_module_msgs/include/op3_action_module_msgs/op3_action_module_msgs/srv
[9.075s] -- Up-to-date: /home/certezas/robotis_ws/install/op3_action_module_msgs/include/op3_action_module_msgs/op3_action_module_msgs/srv/is_running.hpp
[9.075s] -- Up-to-date: /home/certezas/robotis_ws/install/op3_action_module_msgs/include/op3_action_module_msgs/op3_action_module_msgs/srv/detail
[9.075s] -- Up-to-date: /home/certezas/robotis_ws/install/op3_action_module_msgs/include/op3_action_module_msgs/op3_action_module_msgs/srv/detail/is_running__struct.hpp
[9.075s] -- Up-to-date: /home/certezas/robotis_ws/install/op3_action_module_msgs/include/op3_action_module_msgs/op3_action_module_msgs/srv/detail/is_running__traits.hpp
[9.075s] -- Up-to-date: /home/certezas/robotis_ws/install/op3_action_module_msgs/include/op3_action_module_msgs/op3_action_module_msgs/srv/detail/is_running__type_support.hpp
[9.075s] -- Up-to-date: /home/certezas/robotis_ws/install/op3_action_module_msgs/include/op3_action_module_msgs/op3_action_module_msgs/srv/detail/is_running__builder.hpp
[9.075s] -- Up-to-date: /home/certezas/robotis_ws/install/op3_action_module_msgs/include/op3_action_module_msgs/op3_action_module_msgs/msg
[9.075s] -- Up-to-date: /home/certezas/robotis_ws/install/op3_action_module_msgs/include/op3_action_module_msgs/op3_action_module_msgs/msg/rosidl_generator_cpp__visibility_control.hpp
[9.075s] -- Up-to-date: /home/certezas/robotis_ws/install/op3_action_module_msgs/include/op3_action_module_msgs/op3_action_module_msgs/msg/detail
[9.075s] -- Up-to-date: /home/certezas/robotis_ws/install/op3_action_module_msgs/include/op3_action_module_msgs/op3_action_module_msgs/msg/detail/start_action__traits.hpp
[9.075s] -- Up-to-date: /home/certezas/robotis_ws/install/op3_action_module_msgs/include/op3_action_module_msgs/op3_action_module_msgs/msg/detail/start_action__type_support.hpp
[9.075s] -- Up-to-date: /home/certezas/robotis_ws/install/op3_action_module_msgs/include/op3_action_module_msgs/op3_action_module_msgs/msg/detail/start_action__builder.hpp
[9.075s] -- Up-to-date: /home/certezas/robotis_ws/install/op3_action_module_msgs/include/op3_action_module_msgs/op3_action_module_msgs/msg/detail/start_action__struct.hpp
[9.075s] -- Up-to-date: /home/certezas/robotis_ws/install/op3_action_module_msgs/include/op3_action_module_msgs/op3_action_module_msgs/msg/start_action.hpp
[9.075s] -- Up-to-date: /home/certezas/robotis_ws/install/op3_action_module_msgs/include/op3_action_module_msgs/op3_action_module_msgs
[9.075s] -- Up-to-date: /home/certezas/robotis_ws/install/op3_action_module_msgs/include/op3_action_module_msgs/op3_action_module_msgs/srv
[9.075s] -- Up-to-date: /home/certezas/robotis_ws/install/op3_action_module_msgs/include/op3_action_module_msgs/op3_action_module_msgs/srv/detail
[9.076s] -- Up-to-date: /home/certezas/robotis_ws/install/op3_action_module_msgs/include/op3_action_module_msgs/op3_action_module_msgs/srv/detail/dds_fastrtps
[9.076s] -- Up-to-date: /home/certezas/robotis_ws/install/op3_action_module_msgs/include/op3_action_module_msgs/op3_action_module_msgs/srv/detail/is_running__rosidl_typesupport_fastrtps_cpp.hpp
[9.076s] -- Up-to-date: /home/certezas/robotis_ws/install/op3_action_module_msgs/include/op3_action_module_msgs/op3_action_module_msgs/msg
[9.076s] -- Up-to-date: /home/certezas/robotis_ws/install/op3_action_module_msgs/include/op3_action_module_msgs/op3_action_module_msgs/msg/rosidl_typesupport_fastrtps_cpp__visibility_control.h
[9.076s] -- Up-to-date: /home/certezas/robotis_ws/install/op3_action_module_msgs/include/op3_action_module_msgs/op3_action_module_msgs/msg/detail
[9.076s] -- Up-to-date: /home/certezas/robotis_ws/install/op3_action_module_msgs/include/op3_action_module_msgs/op3_action_module_msgs/msg/detail/dds_fastrtps
[9.076s] -- Up-to-date: /home/certezas/robotis_ws/install/op3_action_module_msgs/include/op3_action_module_msgs/op3_action_module_msgs/msg/detail/start_action__rosidl_typesupport_fastrtps_cpp.hpp
[9.107s] -- Up-to-date: /home/certezas/robotis_ws/install/op3_action_module_msgs/lib/libop3_action_module_msgs__rosidl_typesupport_fastrtps_cpp.so
[9.107s] -- Up-to-date: /home/certezas/robotis_ws/install/op3_action_module_msgs/include/op3_action_module_msgs/op3_action_module_msgs
[9.107s] -- Up-to-date: /home/certezas/robotis_ws/install/op3_action_module_msgs/include/op3_action_module_msgs/op3_action_module_msgs/srv
[9.107s] -- Up-to-date: /home/certezas/robotis_ws/install/op3_action_module_msgs/include/op3_action_module_msgs/op3_action_module_msgs/srv/detail
[9.107s] -- Up-to-date: /home/certezas/robotis_ws/install/op3_action_module_msgs/include/op3_action_module_msgs/op3_action_module_msgs/srv/detail/is_running__rosidl_typesupport_introspection_c.h
[9.108s] -- Up-to-date: /home/certezas/robotis_ws/install/op3_action_module_msgs/include/op3_action_module_msgs/op3_action_module_msgs/srv/detail/is_running__type_support.c
[9.108s] -- Up-to-date: /home/certezas/robotis_ws/install/op3_action_module_msgs/include/op3_action_module_msgs/op3_action_module_msgs/msg
[9.108s] -- Up-to-date: /home/certezas/robotis_ws/install/op3_action_module_msgs/include/op3_action_module_msgs/op3_action_module_msgs/msg/rosidl_typesupport_introspection_c__visibility_control.h
[9.108s] -- Up-to-date: /home/certezas/robotis_ws/install/op3_action_module_msgs/include/op3_action_module_msgs/op3_action_module_msgs/msg/detail
[9.108s] -- Up-to-date: /home/certezas/robotis_ws/install/op3_action_module_msgs/include/op3_action_module_msgs/op3_action_module_msgs/msg/detail/start_action__rosidl_typesupport_introspection_c.h
[9.108s] -- Up-to-date: /home/certezas/robotis_ws/install/op3_action_module_msgs/include/op3_action_module_msgs/op3_action_module_msgs/msg/detail/start_action__type_support.c
[9.210s] -- Up-to-date: /home/certezas/robotis_ws/install/op3_action_module_msgs/lib/libop3_action_module_msgs__rosidl_typesupport_introspection_c.so
[9.211s] -- Up-to-date: /home/certezas/robotis_ws/install/op3_action_module_msgs/lib/libop3_action_module_msgs__rosidl_typesupport_c.so
[9.211s] -- Up-to-date: /home/certezas/robotis_ws/install/op3_action_module_msgs/include/op3_action_module_msgs/op3_action_module_msgs
[9.211s] -- Up-to-date: /home/certezas/robotis_ws/install/op3_action_module_msgs/include/op3_action_module_msgs/op3_action_module_msgs/srv
[9.211s] -- Up-to-date: /home/certezas/robotis_ws/install/op3_action_module_msgs/include/op3_action_module_msgs/op3_action_module_msgs/srv/detail
[9.211s] -- Up-to-date: /home/certezas/robotis_ws/install/op3_action_module_msgs/include/op3_action_module_msgs/op3_action_module_msgs/srv/detail/is_running__rosidl_typesupport_introspection_cpp.hpp
[9.211s] -- Up-to-date: /home/certezas/robotis_ws/install/op3_action_module_msgs/include/op3_action_module_msgs/op3_action_module_msgs/srv/detail/is_running__type_support.cpp
[9.211s] -- Up-to-date: /home/certezas/robotis_ws/install/op3_action_module_msgs/include/op3_action_module_msgs/op3_action_module_msgs/msg
[9.211s] -- Up-to-date: /home/certezas/robotis_ws/install/op3_action_module_msgs/include/op3_action_module_msgs/op3_action_module_msgs/msg/detail
[9.211s] -- Up-to-date: /home/certezas/robotis_ws/install/op3_action_module_msgs/include/op3_action_module_msgs/op3_action_module_msgs/msg/detail/start_action__type_support.cpp
[9.211s] -- Up-to-date: /home/certezas/robotis_ws/install/op3_action_module_msgs/include/op3_action_module_msgs/op3_action_module_msgs/msg/detail/start_action__rosidl_typesupport_introspection_cpp.hpp
[9.211s] -- Up-to-date: /home/certezas/robotis_ws/install/op3_action_module_msgs/lib/libop3_action_module_msgs__rosidl_typesupport_introspection_cpp.so
[9.211s] -- Up-to-date: /home/certezas/robotis_ws/install/op3_action_module_msgs/lib/libop3_action_module_msgs__rosidl_typesupport_cpp.so
[9.211s] -- Up-to-date: /home/certezas/robotis_ws/install/op3_action_module_msgs/share/op3_action_module_msgs/environment/pythonpath.sh
[9.212s] -- Up-to-date: /home/certezas/robotis_ws/install/op3_action_module_msgs/share/op3_action_module_msgs/environment/pythonpath.dsv
[9.212s] -- Up-to-date: /home/certezas/robotis_ws/install/op3_action_module_msgs/local/lib/python3.10/dist-packages/op3_action_module_msgs-0.1.1-py3.10.egg-info
[9.212s] -- Installing: /home/certezas/robotis_ws/install/op3_action_module_msgs/local/lib/python3.10/dist-packages/op3_action_module_msgs-0.1.1-py3.10.egg-info/PKG-INFO
[9.212s] -- Installing: /home/certezas/robotis_ws/install/op3_action_module_msgs/local/lib/python3.10/dist-packages/op3_action_module_msgs-0.1.1-py3.10.egg-info/dependency_links.txt
[9.212s] -- Installing: /home/certezas/robotis_ws/install/op3_action_module_msgs/local/lib/python3.10/dist-packages/op3_action_module_msgs-0.1.1-py3.10.egg-info/top_level.txt
[9.212s] -- Installing: /home/certezas/robotis_ws/install/op3_action_module_msgs/local/lib/python3.10/dist-packages/op3_action_module_msgs-0.1.1-py3.10.egg-info/SOURCES.txt
[9.212s] -- Up-to-date: /home/certezas/robotis_ws/install/op3_action_module_msgs/local/lib/python3.10/dist-packages/op3_action_module_msgs
[9.212s] -- Up-to-date: /home/certezas/robotis_ws/install/op3_action_module_msgs/local/lib/python3.10/dist-packages/op3_action_module_msgs/_op3_action_module_msgs_s.ep.rosidl_typesupport_c.c
[9.212s] -- Up-to-date: /home/certezas/robotis_ws/install/op3_action_module_msgs/local/lib/python3.10/dist-packages/op3_action_module_msgs/_op3_action_module_msgs_s.ep.rosidl_typesupport_fastrtps_c.c
[9.212s] -- Up-to-date: /home/certezas/robotis_ws/install/op3_action_module_msgs/local/lib/python3.10/dist-packages/op3_action_module_msgs/__init__.py
[9.212s] -- Up-to-date: /home/certezas/robotis_ws/install/op3_action_module_msgs/local/lib/python3.10/dist-packages/op3_action_module_msgs/srv
[9.212s] -- Up-to-date: /home/certezas/robotis_ws/install/op3_action_module_msgs/local/lib/python3.10/dist-packages/op3_action_module_msgs/srv/_is_running_s.c
[9.212s] -- Up-to-date: /home/certezas/robotis_ws/install/op3_action_module_msgs/local/lib/python3.10/dist-packages/op3_action_module_msgs/srv/__init__.py
[9.212s] -- Up-to-date: /home/certezas/robotis_ws/install/op3_action_module_msgs/local/lib/python3.10/dist-packages/op3_action_module_msgs/srv/_is_running.py
[9.212s] -- Up-to-date: /home/certezas/robotis_ws/install/op3_action_module_msgs/local/lib/python3.10/dist-packages/op3_action_module_msgs/op3_action_module_msgs_s__rosidl_typesupport_c.cpython-310-x86_64-linux-gnu.so
[9.212s] -- Up-to-date: /home/certezas/robotis_ws/install/op3_action_module_msgs/local/lib/python3.10/dist-packages/op3_action_module_msgs/libop3_action_module_msgs__rosidl_generator_py.so
[9.213s] -- Up-to-date: /home/certezas/robotis_ws/install/op3_action_module_msgs/local/lib/python3.10/dist-packages/op3_action_module_msgs/op3_action_module_msgs_s__rosidl_typesupport_fastrtps_c.cpython-310-x86_64-linux-gnu.so
[9.213s] -- Up-to-date: /home/certezas/robotis_ws/install/op3_action_module_msgs/local/lib/python3.10/dist-packages/op3_action_module_msgs/_op3_action_module_msgs_s.ep.rosidl_typesupport_introspection_c.c
[9.213s] -- Up-to-date: /home/certezas/robotis_ws/install/op3_action_module_msgs/local/lib/python3.10/dist-packages/op3_action_module_msgs/msg
[9.213s] -- Up-to-date: /home/certezas/robotis_ws/install/op3_action_module_msgs/local/lib/python3.10/dist-packages/op3_action_module_msgs/msg/__init__.py
[9.213s] -- Up-to-date: /home/certezas/robotis_ws/install/op3_action_module_msgs/local/lib/python3.10/dist-packages/op3_action_module_msgs/msg/_start_action_s.c
[9.213s] -- Up-to-date: /home/certezas/robotis_ws/install/op3_action_module_msgs/local/lib/python3.10/dist-packages/op3_action_module_msgs/msg/_start_action.py
[9.213s] -- Up-to-date: /home/certezas/robotis_ws/install/op3_action_module_msgs/local/lib/python3.10/dist-packages/op3_action_module_msgs/op3_action_module_msgs_s__rosidl_typesupport_introspection_c.cpython-310-x86_64-linux-gnu.so
[9.322s] Listing '/home/certezas/robotis_ws/install/op3_action_module_msgs/local/lib/python3.10/dist-packages/op3_action_module_msgs'...
[9.322s] Listing '/home/certezas/robotis_ws/install/op3_action_module_msgs/local/lib/python3.10/dist-packages/op3_action_module_msgs/msg'...
[9.323s] Listing '/home/certezas/robotis_ws/install/op3_action_module_msgs/local/lib/python3.10/dist-packages/op3_action_module_msgs/srv'...
[9.375s] -- Up-to-date: /home/certezas/robotis_ws/install/op3_action_module_msgs/local/lib/python3.10/dist-packages/op3_action_module_msgs/op3_action_module_msgs_s__rosidl_typesupport_fastrtps_c.cpython-310-x86_64-linux-gnu.so
[9.376s] -- Up-to-date: /home/certezas/robotis_ws/install/op3_action_module_msgs/local/lib/python3.10/dist-packages/op3_action_module_msgs/op3_action_module_msgs_s__rosidl_typesupport_introspection_c.cpython-310-x86_64-linux-gnu.so
[9.376s] -- Up-to-date: /home/certezas/robotis_ws/install/op3_action_module_msgs/local/lib/python3.10/dist-packages/op3_action_module_msgs/op3_action_module_msgs_s__rosidl_typesupport_c.cpython-310-x86_64-linux-gnu.so
[9.377s] -- Up-to-date: /home/certezas/robotis_ws/install/op3_action_module_msgs/lib/libop3_action_module_msgs__rosidl_generator_py.so
[9.408s] -- Up-to-date: /home/certezas/robotis_ws/install/op3_action_module_msgs/share/op3_action_module_msgs/msg/StartAction.idl
[9.463s] -- Up-to-date: /home/certezas/robotis_ws/install/op3_action_module_msgs/share/op3_action_module_msgs/srv/IsRunning.idl
[9.463s] -- Up-to-date: /home/certezas/robotis_ws/install/op3_action_module_msgs/share/op3_action_module_msgs/msg/StartAction.msg
[9.463s] -- Up-to-date: /home/certezas/robotis_ws/install/op3_action_module_msgs/share/op3_action_module_msgs/srv/IsRunning.srv
[9.463s] -- Up-to-date: /home/certezas/robotis_ws/install/op3_action_module_msgs/share/op3_action_module_msgs/srv/IsRunning_Request.msg
[9.463s] -- Up-to-date: /home/certezas/robotis_ws/install/op3_action_module_msgs/share/op3_action_module_msgs/srv/IsRunning_Response.msg
[9.463s] -- Up-to-date: /home/certezas/robotis_ws/install/op3_action_module_msgs/share/ament_index/resource_index/package_run_dependencies/op3_action_module_msgs
[9.463s] -- Up-to-date: /home/certezas/robotis_ws/install/op3_action_module_msgs/share/ament_index/resource_index/parent_prefix_path/op3_action_module_msgs
[9.463s] -- Up-to-date: /home/certezas/robotis_ws/install/op3_action_module_msgs/share/op3_action_module_msgs/environment/ament_prefix_path.sh
[9.463s] -- Up-to-date: /home/certezas/robotis_ws/install/op3_action_module_msgs/share/op3_action_module_msgs/environment/ament_prefix_path.dsv
[9.464s] -- Up-to-date: /home/certezas/robotis_ws/install/op3_action_module_msgs/share/op3_action_module_msgs/environment/path.sh
[9.464s] -- Up-to-date: /home/certezas/robotis_ws/install/op3_action_module_msgs/share/op3_action_module_msgs/environment/path.dsv
[9.464s] -- Up-to-date: /home/certezas/robotis_ws/install/op3_action_module_msgs/share/op3_action_module_msgs/local_setup.bash
[9.464s] -- Up-to-date: /home/certezas/robotis_ws/install/op3_action_module_msgs/share/op3_action_module_msgs/local_setup.sh
[9.464s] -- Up-to-date: /home/certezas/robotis_ws/install/op3_action_module_msgs/share/op3_action_module_msgs/local_setup.zsh
[9.464s] -- Up-to-date: /home/certezas/robotis_ws/install/op3_action_module_msgs/share/op3_action_module_msgs/local_setup.dsv
[9.464s] -- Installing: /home/certezas/robotis_ws/install/op3_action_module_msgs/share/op3_action_module_msgs/package.dsv
[9.539s] -- Up-to-date: /home/certezas/robotis_ws/install/op3_action_module_msgs/share/ament_index/resource_index/packages/op3_action_module_msgs
[9.618s] -- Up-to-date: /home/certezas/robotis_ws/install/op3_action_module_msgs/share/op3_action_module_msgs/cmake/export_op3_action_module_msgs__rosidl_generator_cExport.cmake
[9.618s] -- Up-to-date: /home/certezas/robotis_ws/install/op3_action_module_msgs/share/op3_action_module_msgs/cmake/export_op3_action_module_msgs__rosidl_generator_cExport-noconfig.cmake
[9.651s] -- Up-to-date: /home/certezas/robotis_ws/install/op3_action_module_msgs/share/op3_action_module_msgs/cmake/export_op3_action_module_msgs__rosidl_typesupport_fastrtps_cExport.cmake
[9.651s] -- Up-to-date: /home/certezas/robotis_ws/install/op3_action_module_msgs/share/op3_action_module_msgs/cmake/export_op3_action_module_msgs__rosidl_typesupport_fastrtps_cExport-noconfig.cmake
[9.686s] -- Up-to-date: /home/certezas/robotis_ws/install/op3_action_module_msgs/share/op3_action_module_msgs/cmake/export_op3_action_module_msgs__rosidl_generator_cppExport.cmake
[9.753s] -- Up-to-date: /home/certezas/robotis_ws/install/op3_action_module_msgs/share/op3_action_module_msgs/cmake/export_op3_action_module_msgs__rosidl_typesupport_fastrtps_cppExport.cmake
[9.753s] -- Up-to-date: /home/certezas/robotis_ws/install/op3_action_module_msgs/share/op3_action_module_msgs/cmake/export_op3_action_module_msgs__rosidl_typesupport_fastrtps_cppExport-noconfig.cmake
[9.780s] -- Up-to-date: /home/certezas/robotis_ws/install/op3_action_module_msgs/share/op3_action_module_msgs/cmake/op3_action_module_msgs__rosidl_typesupport_introspection_cExport.cmake
[9.780s] -- Up-to-date: /home/certezas/robotis_ws/install/op3_action_module_msgs/share/op3_action_module_msgs/cmake/op3_action_module_msgs__rosidl_typesupport_introspection_cExport-noconfig.cmake
[9.781s] -- Up-to-date: /home/certezas/robotis_ws/install/op3_action_module_msgs/share/op3_action_module_msgs/cmake/op3_action_module_msgs__rosidl_typesupport_cExport.cmake
[9.781s] -- Up-to-date: /home/certezas/robotis_ws/install/op3_action_module_msgs/share/op3_action_module_msgs/cmake/op3_action_module_msgs__rosidl_typesupport_cExport-noconfig.cmake
[9.784s] -- Up-to-date: /home/certezas/robotis_ws/install/op3_action_module_msgs/share/op3_action_module_msgs/cmake/op3_action_module_msgs__rosidl_typesupport_introspection_cppExport.cmake
[9.784s] -- Up-to-date: /home/certezas/robotis_ws/install/op3_action_module_msgs/share/op3_action_module_msgs/cmake/op3_action_module_msgs__rosidl_typesupport_introspection_cppExport-noconfig.cmake
[9.801s] -- Up-to-date: /home/certezas/robotis_ws/install/op3_action_module_msgs/share/op3_action_module_msgs/cmake/op3_action_module_msgs__rosidl_typesupport_cppExport.cmake
[9.801s] -- Up-to-date: /home/certezas/robotis_ws/install/op3_action_module_msgs/share/op3_action_module_msgs/cmake/op3_action_module_msgs__rosidl_typesupport_cppExport-noconfig.cmake
[9.824s] -- Up-to-date: /home/certezas/robotis_ws/install/op3_action_module_msgs/share/op3_action_module_msgs/cmake/export_op3_action_module_msgs__rosidl_generator_pyExport.cmake
[9.824s] -- Up-to-date: /home/certezas/robotis_ws/install/op3_action_module_msgs/share/op3_action_module_msgs/cmake/export_op3_action_module_msgs__rosidl_generator_pyExport-noconfig.cmake
[9.825s] -- Up-to-date: /home/certezas/robotis_ws/install/op3_action_module_msgs/share/op3_action_module_msgs/cmake/rosidl_cmake-extras.cmake
[9.825s] -- Up-to-date: /home/certezas/robotis_ws/install/op3_action_module_msgs/share/op3_action_module_msgs/cmake/ament_cmake_export_dependencies-extras.cmake
[9.825s] -- Up-to-date: /home/certezas/robotis_ws/install/op3_action_module_msgs/share/op3_action_module_msgs/cmake/ament_cmake_export_include_directories-extras.cmake
[9.825s] -- Up-to-date: /home/certezas/robotis_ws/install/op3_action_module_msgs/share/op3_action_module_msgs/cmake/ament_cmake_export_libraries-extras.cmake
[9.825s] -- Up-to-date: /home/certezas/robotis_ws/install/op3_action_module_msgs/share/op3_action_module_msgs/cmake/ament_cmake_export_targets-extras.cmake
[9.825s] -- Up-to-date: /home/certezas/robotis_ws/install/op3_action_module_msgs/share/op3_action_module_msgs/cmake/rosidl_cmake_export_typesupport_targets-extras.cmake
[9.825s] -- Up-to-date: /home/certezas/robotis_ws/install/op3_action_module_msgs/share/op3_action_module_msgs/cmake/rosidl_cmake_export_typesupport_libraries-extras.cmake
[9.825s] -- Up-to-date: /home/certezas/robotis_ws/install/op3_action_module_msgs/share/op3_action_module_msgs/cmake/op3_action_module_msgsConfig.cmake
[9.825s] -- Up-to-date: /home/certezas/robotis_ws/install/op3_action_module_msgs/share/op3_action_module_msgs/cmake/op3_action_module_msgsConfig-version.cmake
[9.825s] -- Up-to-date: /home/certezas/robotis_ws/install/op3_action_module_msgs/share/op3_action_module_msgs/package.xml
[10.133s] Invoked command in '/home/certezas/robotis_ws/build/op3_action_module_msgs' returned '0': CMAKE_PREFIX_PATH=${CMAKE_PREFIX_PATH}:/opt/ros/humble /usr/bin/cmake --install /home/certezas/robotis_ws/build/op3_action_module_msgs
