[0.383s] Invoking command in '/home/certezas/robotis_ws/build/op3_tuning_module_msgs': CMAKE_PREFIX_PATH=${CMAKE_PREFIX_PATH}:/opt/ros/humble /usr/bin/cmake --build /home/certezas/robotis_ws/build/op3_tuning_module_msgs -- -j12 -l12
[3.289s] [  1%] Built target op3_tuning_module_msgs__cpp
[4.220s] [ 12%] Built target op3_tuning_module_msgs__rosidl_generator_c
[5.271s] [ 23%] Built target op3_tuning_module_msgs__rosidl_typesupport_introspection_cpp
[5.312s] [ 34%] Built target op3_tuning_module_msgs__rosidl_typesupport_cpp
[5.376s] [ 46%] Built target op3_tuning_module_msgs__rosidl_typesupport_fastrtps_cpp
[5.644s] [ 57%] Built target op3_tuning_module_msgs__rosidl_typesupport_c
[6.010s] [ 68%] Built target op3_tuning_module_msgs__rosidl_typesupport_fastrtps_c
[6.240s] [ 79%] Built target op3_tuning_module_msgs__rosidl_typesupport_introspection_c
[6.582s] [ 79%] Built target op3_tuning_module_msgs
[7.880s] [ 80%] Built target op3_tuning_module_msgs__py
[8.471s] [ 90%] Built target op3_tuning_module_msgs__rosidl_generator_py
[8.802s] [ 93%] Built target op3_tuning_module_msgs__rosidl_typesupport_fastrtps_c__pyext
[8.830s] [ 93%] Built target ament_cmake_python_copy_op3_tuning_module_msgs
[9.179s] [ 96%] Built target op3_tuning_module_msgs__rosidl_typesupport_introspection_c__pyext
[9.850s] [100%] Built target op3_tuning_module_msgs__rosidl_typesupport_c__pyext
[9.970s] running egg_info
[9.971s] writing op3_tuning_module_msgs.egg-info/PKG-INFO
[9.971s] writing dependency_links to op3_tuning_module_msgs.egg-info/dependency_links.txt
[9.971s] writing top-level names to op3_tuning_module_msgs.egg-info/top_level.txt
[9.973s] reading manifest file 'op3_tuning_module_msgs.egg-info/SOURCES.txt'
[9.976s] writing manifest file 'op3_tuning_module_msgs.egg-info/SOURCES.txt'
[9.998s] [100%] Built target ament_cmake_python_build_op3_tuning_module_msgs_egg
[10.944s] Invoked command in '/home/certezas/robotis_ws/build/op3_tuning_module_msgs' returned '0': CMAKE_PREFIX_PATH=${CMAKE_PREFIX_PATH}:/opt/ros/humble /usr/bin/cmake --build /home/certezas/robotis_ws/build/op3_tuning_module_msgs -- -j12 -l12
[11.011s] Invoking command in '/home/certezas/robotis_ws/build/op3_tuning_module_msgs': CMAKE_PREFIX_PATH=${CMAKE_PREFIX_PATH}:/opt/ros/humble /usr/bin/cmake --install /home/certezas/robotis_ws/build/op3_tuning_module_msgs
[11.774s] -- Install configuration: ""
[11.774s] -- Up-to-date: /home/certezas/robotis_ws/install/op3_tuning_module_msgs/share/ament_index/resource_index/rosidl_interfaces/op3_tuning_module_msgs
[11.774s] -- Up-to-date: /home/certezas/robotis_ws/install/op3_tuning_module_msgs/include/op3_tuning_module_msgs/op3_tuning_module_msgs
[11.774s] -- Up-to-date: /home/certezas/robotis_ws/install/op3_tuning_module_msgs/include/op3_tuning_module_msgs/op3_tuning_module_msgs/srv
[11.774s] -- Up-to-date: /home/certezas/robotis_ws/install/op3_tuning_module_msgs/include/op3_tuning_module_msgs/op3_tuning_module_msgs/srv/get_present_joint_offset_data.h
[11.774s] -- Up-to-date: /home/certezas/robotis_ws/install/op3_tuning_module_msgs/include/op3_tuning_module_msgs/op3_tuning_module_msgs/srv/detail
[11.774s] -- Up-to-date: /home/certezas/robotis_ws/install/op3_tuning_module_msgs/include/op3_tuning_module_msgs/op3_tuning_module_msgs/srv/detail/get_present_joint_offset_data__type_support.h
[11.774s] -- Up-to-date: /home/certezas/robotis_ws/install/op3_tuning_module_msgs/include/op3_tuning_module_msgs/op3_tuning_module_msgs/srv/detail/get_present_joint_offset_data__struct.h
[11.775s] -- Up-to-date: /home/certezas/robotis_ws/install/op3_tuning_module_msgs/include/op3_tuning_module_msgs/op3_tuning_module_msgs/srv/detail/get_present_joint_offset_data__functions.h
[11.775s] -- Up-to-date: /home/certezas/robotis_ws/install/op3_tuning_module_msgs/include/op3_tuning_module_msgs/op3_tuning_module_msgs/srv/detail/get_present_joint_offset_data__functions.c
[11.775s] -- Up-to-date: /home/certezas/robotis_ws/install/op3_tuning_module_msgs/include/op3_tuning_module_msgs/op3_tuning_module_msgs/msg
[11.775s] -- Up-to-date: /home/certezas/robotis_ws/install/op3_tuning_module_msgs/include/op3_tuning_module_msgs/op3_tuning_module_msgs/msg/rosidl_generator_c__visibility_control.h
[11.775s] -- Up-to-date: /home/certezas/robotis_ws/install/op3_tuning_module_msgs/include/op3_tuning_module_msgs/op3_tuning_module_msgs/msg/joint_torque_on_off_array.h
[11.775s] -- Up-to-date: /home/certezas/robotis_ws/install/op3_tuning_module_msgs/include/op3_tuning_module_msgs/op3_tuning_module_msgs/msg/joint_torque_on_off.h
[11.775s] -- Up-to-date: /home/certezas/robotis_ws/install/op3_tuning_module_msgs/include/op3_tuning_module_msgs/op3_tuning_module_msgs/msg/joint_offset_position_data.h
[11.775s] -- Up-to-date: /home/certezas/robotis_ws/install/op3_tuning_module_msgs/include/op3_tuning_module_msgs/op3_tuning_module_msgs/msg/joint_offset_data.h
[11.775s] -- Up-to-date: /home/certezas/robotis_ws/install/op3_tuning_module_msgs/include/op3_tuning_module_msgs/op3_tuning_module_msgs/msg/detail
[11.775s] -- Up-to-date: /home/certezas/robotis_ws/install/op3_tuning_module_msgs/include/op3_tuning_module_msgs/op3_tuning_module_msgs/msg/detail/joint_torque_on_off__functions.h
[11.775s] -- Up-to-date: /home/certezas/robotis_ws/install/op3_tuning_module_msgs/include/op3_tuning_module_msgs/op3_tuning_module_msgs/msg/detail/joint_offset_position_data__functions.c
[11.775s] -- Up-to-date: /home/certezas/robotis_ws/install/op3_tuning_module_msgs/include/op3_tuning_module_msgs/op3_tuning_module_msgs/msg/detail/joint_torque_on_off_array__functions.c
[11.775s] -- Up-to-date: /home/certezas/robotis_ws/install/op3_tuning_module_msgs/include/op3_tuning_module_msgs/op3_tuning_module_msgs/msg/detail/joint_offset_position_data__type_support.h
[11.775s] -- Up-to-date: /home/certezas/robotis_ws/install/op3_tuning_module_msgs/include/op3_tuning_module_msgs/op3_tuning_module_msgs/msg/detail/joint_torque_on_off_array__struct.h
[11.775s] -- Up-to-date: /home/certezas/robotis_ws/install/op3_tuning_module_msgs/include/op3_tuning_module_msgs/op3_tuning_module_msgs/msg/detail/joint_offset_data__functions.h
[11.775s] -- Up-to-date: /home/certezas/robotis_ws/install/op3_tuning_module_msgs/include/op3_tuning_module_msgs/op3_tuning_module_msgs/msg/detail/joint_torque_on_off_array__functions.h
[11.775s] -- Up-to-date: /home/certezas/robotis_ws/install/op3_tuning_module_msgs/include/op3_tuning_module_msgs/op3_tuning_module_msgs/msg/detail/joint_offset_data__functions.c
[11.775s] -- Up-to-date: /home/certezas/robotis_ws/install/op3_tuning_module_msgs/include/op3_tuning_module_msgs/op3_tuning_module_msgs/msg/detail/joint_torque_on_off_array__type_support.h
[11.775s] -- Up-to-date: /home/certezas/robotis_ws/install/op3_tuning_module_msgs/include/op3_tuning_module_msgs/op3_tuning_module_msgs/msg/detail/joint_offset_position_data__functions.h
[11.775s] -- Up-to-date: /home/certezas/robotis_ws/install/op3_tuning_module_msgs/include/op3_tuning_module_msgs/op3_tuning_module_msgs/msg/detail/joint_torque_on_off__functions.c
[11.775s] -- Up-to-date: /home/certezas/robotis_ws/install/op3_tuning_module_msgs/include/op3_tuning_module_msgs/op3_tuning_module_msgs/msg/detail/joint_torque_on_off__type_support.h
[11.776s] -- Up-to-date: /home/certezas/robotis_ws/install/op3_tuning_module_msgs/include/op3_tuning_module_msgs/op3_tuning_module_msgs/msg/detail/joint_offset_data__struct.h
[11.776s] -- Up-to-date: /home/certezas/robotis_ws/install/op3_tuning_module_msgs/include/op3_tuning_module_msgs/op3_tuning_module_msgs/msg/detail/joint_offset_data__type_support.h
[11.776s] -- Up-to-date: /home/certezas/robotis_ws/install/op3_tuning_module_msgs/include/op3_tuning_module_msgs/op3_tuning_module_msgs/msg/detail/joint_offset_position_data__struct.h
[11.776s] -- Up-to-date: /home/certezas/robotis_ws/install/op3_tuning_module_msgs/include/op3_tuning_module_msgs/op3_tuning_module_msgs/msg/detail/joint_torque_on_off__struct.h
[11.776s] -- Up-to-date: /home/certezas/robotis_ws/install/op3_tuning_module_msgs/share/op3_tuning_module_msgs/environment/library_path.sh
[11.776s] -- Up-to-date: /home/certezas/robotis_ws/install/op3_tuning_module_msgs/share/op3_tuning_module_msgs/environment/library_path.dsv
[11.776s] -- Up-to-date: /home/certezas/robotis_ws/install/op3_tuning_module_msgs/lib/libop3_tuning_module_msgs__rosidl_generator_c.so
[11.776s] -- Up-to-date: /home/certezas/robotis_ws/install/op3_tuning_module_msgs/include/op3_tuning_module_msgs/op3_tuning_module_msgs
[11.776s] -- Up-to-date: /home/certezas/robotis_ws/install/op3_tuning_module_msgs/include/op3_tuning_module_msgs/op3_tuning_module_msgs/srv
[11.776s] -- Up-to-date: /home/certezas/robotis_ws/install/op3_tuning_module_msgs/include/op3_tuning_module_msgs/op3_tuning_module_msgs/srv/detail
[11.776s] -- Up-to-date: /home/certezas/robotis_ws/install/op3_tuning_module_msgs/include/op3_tuning_module_msgs/op3_tuning_module_msgs/srv/detail/get_present_joint_offset_data__rosidl_typesupport_fastrtps_c.h
[11.776s] -- Up-to-date: /home/certezas/robotis_ws/install/op3_tuning_module_msgs/include/op3_tuning_module_msgs/op3_tuning_module_msgs/msg
[11.776s] -- Up-to-date: /home/certezas/robotis_ws/install/op3_tuning_module_msgs/include/op3_tuning_module_msgs/op3_tuning_module_msgs/msg/detail
[11.776s] -- Up-to-date: /home/certezas/robotis_ws/install/op3_tuning_module_msgs/include/op3_tuning_module_msgs/op3_tuning_module_msgs/msg/detail/joint_offset_data__rosidl_typesupport_fastrtps_c.h
[11.776s] -- Up-to-date: /home/certezas/robotis_ws/install/op3_tuning_module_msgs/include/op3_tuning_module_msgs/op3_tuning_module_msgs/msg/detail/joint_offset_position_data__rosidl_typesupport_fastrtps_c.h
[11.776s] -- Up-to-date: /home/certezas/robotis_ws/install/op3_tuning_module_msgs/include/op3_tuning_module_msgs/op3_tuning_module_msgs/msg/detail/joint_torque_on_off__rosidl_typesupport_fastrtps_c.h
[11.776s] -- Up-to-date: /home/certezas/robotis_ws/install/op3_tuning_module_msgs/include/op3_tuning_module_msgs/op3_tuning_module_msgs/msg/detail/joint_torque_on_off_array__rosidl_typesupport_fastrtps_c.h
[11.776s] -- Up-to-date: /home/certezas/robotis_ws/install/op3_tuning_module_msgs/include/op3_tuning_module_msgs/op3_tuning_module_msgs/msg/rosidl_typesupport_fastrtps_c__visibility_control.h
[11.776s] -- Up-to-date: /home/certezas/robotis_ws/install/op3_tuning_module_msgs/lib/libop3_tuning_module_msgs__rosidl_typesupport_fastrtps_c.so
[11.776s] -- Up-to-date: /home/certezas/robotis_ws/install/op3_tuning_module_msgs/include/op3_tuning_module_msgs/op3_tuning_module_msgs
[11.776s] -- Up-to-date: /home/certezas/robotis_ws/install/op3_tuning_module_msgs/include/op3_tuning_module_msgs/op3_tuning_module_msgs/srv
[11.777s] -- Up-to-date: /home/certezas/robotis_ws/install/op3_tuning_module_msgs/include/op3_tuning_module_msgs/op3_tuning_module_msgs/srv/detail
[11.777s] -- Up-to-date: /home/certezas/robotis_ws/install/op3_tuning_module_msgs/include/op3_tuning_module_msgs/op3_tuning_module_msgs/srv/detail/get_present_joint_offset_data__type_support.hpp
[11.777s] -- Up-to-date: /home/certezas/robotis_ws/install/op3_tuning_module_msgs/include/op3_tuning_module_msgs/op3_tuning_module_msgs/srv/detail/get_present_joint_offset_data__builder.hpp
[11.777s] -- Up-to-date: /home/certezas/robotis_ws/install/op3_tuning_module_msgs/include/op3_tuning_module_msgs/op3_tuning_module_msgs/srv/detail/get_present_joint_offset_data__struct.hpp
[11.777s] -- Up-to-date: /home/certezas/robotis_ws/install/op3_tuning_module_msgs/include/op3_tuning_module_msgs/op3_tuning_module_msgs/srv/detail/get_present_joint_offset_data__traits.hpp
[11.777s] -- Up-to-date: /home/certezas/robotis_ws/install/op3_tuning_module_msgs/include/op3_tuning_module_msgs/op3_tuning_module_msgs/srv/get_present_joint_offset_data.hpp
[11.777s] -- Up-to-date: /home/certezas/robotis_ws/install/op3_tuning_module_msgs/include/op3_tuning_module_msgs/op3_tuning_module_msgs/msg
[11.777s] -- Up-to-date: /home/certezas/robotis_ws/install/op3_tuning_module_msgs/include/op3_tuning_module_msgs/op3_tuning_module_msgs/msg/joint_offset_data.hpp
[11.777s] -- Up-to-date: /home/certezas/robotis_ws/install/op3_tuning_module_msgs/include/op3_tuning_module_msgs/op3_tuning_module_msgs/msg/rosidl_generator_cpp__visibility_control.hpp
[11.777s] -- Up-to-date: /home/certezas/robotis_ws/install/op3_tuning_module_msgs/include/op3_tuning_module_msgs/op3_tuning_module_msgs/msg/joint_torque_on_off_array.hpp
[11.777s] -- Up-to-date: /home/certezas/robotis_ws/install/op3_tuning_module_msgs/include/op3_tuning_module_msgs/op3_tuning_module_msgs/msg/detail
[11.777s] -- Up-to-date: /home/certezas/robotis_ws/install/op3_tuning_module_msgs/include/op3_tuning_module_msgs/op3_tuning_module_msgs/msg/detail/joint_torque_on_off_array__type_support.hpp
[11.777s] -- Up-to-date: /home/certezas/robotis_ws/install/op3_tuning_module_msgs/include/op3_tuning_module_msgs/op3_tuning_module_msgs/msg/detail/joint_offset_data__struct.hpp
[11.777s] -- Up-to-date: /home/certezas/robotis_ws/install/op3_tuning_module_msgs/include/op3_tuning_module_msgs/op3_tuning_module_msgs/msg/detail/joint_offset_position_data__builder.hpp
[11.777s] -- Up-to-date: /home/certezas/robotis_ws/install/op3_tuning_module_msgs/include/op3_tuning_module_msgs/op3_tuning_module_msgs/msg/detail/joint_torque_on_off__type_support.hpp
[11.777s] -- Up-to-date: /home/certezas/robotis_ws/install/op3_tuning_module_msgs/include/op3_tuning_module_msgs/op3_tuning_module_msgs/msg/detail/joint_torque_on_off__builder.hpp
[11.777s] -- Up-to-date: /home/certezas/robotis_ws/install/op3_tuning_module_msgs/include/op3_tuning_module_msgs/op3_tuning_module_msgs/msg/detail/joint_offset_position_data__struct.hpp
[11.777s] -- Up-to-date: /home/certezas/robotis_ws/install/op3_tuning_module_msgs/include/op3_tuning_module_msgs/op3_tuning_module_msgs/msg/detail/joint_offset_position_data__traits.hpp
[11.777s] -- Up-to-date: /home/certezas/robotis_ws/install/op3_tuning_module_msgs/include/op3_tuning_module_msgs/op3_tuning_module_msgs/msg/detail/joint_torque_on_off_array__struct.hpp
[11.777s] -- Up-to-date: /home/certezas/robotis_ws/install/op3_tuning_module_msgs/include/op3_tuning_module_msgs/op3_tuning_module_msgs/msg/detail/joint_offset_data__type_support.hpp
[11.778s] -- Up-to-date: /home/certezas/robotis_ws/install/op3_tuning_module_msgs/include/op3_tuning_module_msgs/op3_tuning_module_msgs/msg/detail/joint_torque_on_off_array__traits.hpp
[11.778s] -- Up-to-date: /home/certezas/robotis_ws/install/op3_tuning_module_msgs/include/op3_tuning_module_msgs/op3_tuning_module_msgs/msg/detail/joint_offset_position_data__type_support.hpp
[11.778s] -- Up-to-date: /home/certezas/robotis_ws/install/op3_tuning_module_msgs/include/op3_tuning_module_msgs/op3_tuning_module_msgs/msg/detail/joint_offset_data__traits.hpp
[11.778s] -- Up-to-date: /home/certezas/robotis_ws/install/op3_tuning_module_msgs/include/op3_tuning_module_msgs/op3_tuning_module_msgs/msg/detail/joint_torque_on_off__traits.hpp
[11.778s] -- Up-to-date: /home/certezas/robotis_ws/install/op3_tuning_module_msgs/include/op3_tuning_module_msgs/op3_tuning_module_msgs/msg/detail/joint_offset_data__builder.hpp
[11.778s] -- Up-to-date: /home/certezas/robotis_ws/install/op3_tuning_module_msgs/include/op3_tuning_module_msgs/op3_tuning_module_msgs/msg/detail/joint_torque_on_off__struct.hpp
[11.778s] -- Up-to-date: /home/certezas/robotis_ws/install/op3_tuning_module_msgs/include/op3_tuning_module_msgs/op3_tuning_module_msgs/msg/detail/joint_torque_on_off_array__builder.hpp
[11.778s] -- Up-to-date: /home/certezas/robotis_ws/install/op3_tuning_module_msgs/include/op3_tuning_module_msgs/op3_tuning_module_msgs/msg/joint_offset_position_data.hpp
[11.778s] -- Up-to-date: /home/certezas/robotis_ws/install/op3_tuning_module_msgs/include/op3_tuning_module_msgs/op3_tuning_module_msgs/msg/joint_torque_on_off.hpp
[11.778s] -- Up-to-date: /home/certezas/robotis_ws/install/op3_tuning_module_msgs/include/op3_tuning_module_msgs/op3_tuning_module_msgs
[11.778s] -- Up-to-date: /home/certezas/robotis_ws/install/op3_tuning_module_msgs/include/op3_tuning_module_msgs/op3_tuning_module_msgs/srv
[11.778s] -- Up-to-date: /home/certezas/robotis_ws/install/op3_tuning_module_msgs/include/op3_tuning_module_msgs/op3_tuning_module_msgs/srv/detail
[11.778s] -- Up-to-date: /home/certezas/robotis_ws/install/op3_tuning_module_msgs/include/op3_tuning_module_msgs/op3_tuning_module_msgs/srv/detail/dds_fastrtps
[11.778s] -- Up-to-date: /home/certezas/robotis_ws/install/op3_tuning_module_msgs/include/op3_tuning_module_msgs/op3_tuning_module_msgs/srv/detail/get_present_joint_offset_data__rosidl_typesupport_fastrtps_cpp.hpp
[11.778s] -- Up-to-date: /home/certezas/robotis_ws/install/op3_tuning_module_msgs/include/op3_tuning_module_msgs/op3_tuning_module_msgs/msg
[11.778s] -- Up-to-date: /home/certezas/robotis_ws/install/op3_tuning_module_msgs/include/op3_tuning_module_msgs/op3_tuning_module_msgs/msg/rosidl_typesupport_fastrtps_cpp__visibility_control.h
[11.778s] -- Up-to-date: /home/certezas/robotis_ws/install/op3_tuning_module_msgs/include/op3_tuning_module_msgs/op3_tuning_module_msgs/msg/detail
[11.778s] -- Up-to-date: /home/certezas/robotis_ws/install/op3_tuning_module_msgs/include/op3_tuning_module_msgs/op3_tuning_module_msgs/msg/detail/dds_fastrtps
[11.778s] -- Up-to-date: /home/certezas/robotis_ws/install/op3_tuning_module_msgs/include/op3_tuning_module_msgs/op3_tuning_module_msgs/msg/detail/joint_offset_position_data__rosidl_typesupport_fastrtps_cpp.hpp
[11.778s] -- Up-to-date: /home/certezas/robotis_ws/install/op3_tuning_module_msgs/include/op3_tuning_module_msgs/op3_tuning_module_msgs/msg/detail/joint_torque_on_off__rosidl_typesupport_fastrtps_cpp.hpp
[11.778s] -- Up-to-date: /home/certezas/robotis_ws/install/op3_tuning_module_msgs/include/op3_tuning_module_msgs/op3_tuning_module_msgs/msg/detail/joint_offset_data__rosidl_typesupport_fastrtps_cpp.hpp
[11.779s] -- Up-to-date: /home/certezas/robotis_ws/install/op3_tuning_module_msgs/include/op3_tuning_module_msgs/op3_tuning_module_msgs/msg/detail/joint_torque_on_off_array__rosidl_typesupport_fastrtps_cpp.hpp
[11.846s] -- Up-to-date: /home/certezas/robotis_ws/install/op3_tuning_module_msgs/lib/libop3_tuning_module_msgs__rosidl_typesupport_fastrtps_cpp.so
[11.847s] -- Up-to-date: /home/certezas/robotis_ws/install/op3_tuning_module_msgs/include/op3_tuning_module_msgs/op3_tuning_module_msgs
[11.847s] -- Up-to-date: /home/certezas/robotis_ws/install/op3_tuning_module_msgs/include/op3_tuning_module_msgs/op3_tuning_module_msgs/srv
[11.847s] -- Up-to-date: /home/certezas/robotis_ws/install/op3_tuning_module_msgs/include/op3_tuning_module_msgs/op3_tuning_module_msgs/srv/detail
[11.847s] -- Up-to-date: /home/certezas/robotis_ws/install/op3_tuning_module_msgs/include/op3_tuning_module_msgs/op3_tuning_module_msgs/srv/detail/get_present_joint_offset_data__type_support.c
[11.847s] -- Up-to-date: /home/certezas/robotis_ws/install/op3_tuning_module_msgs/include/op3_tuning_module_msgs/op3_tuning_module_msgs/srv/detail/get_present_joint_offset_data__rosidl_typesupport_introspection_c.h
[11.847s] -- Up-to-date: /home/certezas/robotis_ws/install/op3_tuning_module_msgs/include/op3_tuning_module_msgs/op3_tuning_module_msgs/msg
[11.847s] -- Up-to-date: /home/certezas/robotis_ws/install/op3_tuning_module_msgs/include/op3_tuning_module_msgs/op3_tuning_module_msgs/msg/rosidl_typesupport_introspection_c__visibility_control.h
[11.847s] -- Up-to-date: /home/certezas/robotis_ws/install/op3_tuning_module_msgs/include/op3_tuning_module_msgs/op3_tuning_module_msgs/msg/detail
[11.847s] -- Up-to-date: /home/certezas/robotis_ws/install/op3_tuning_module_msgs/include/op3_tuning_module_msgs/op3_tuning_module_msgs/msg/detail/joint_offset_data__type_support.c
[11.847s] -- Up-to-date: /home/certezas/robotis_ws/install/op3_tuning_module_msgs/include/op3_tuning_module_msgs/op3_tuning_module_msgs/msg/detail/joint_offset_position_data__type_support.c
[11.847s] -- Up-to-date: /home/certezas/robotis_ws/install/op3_tuning_module_msgs/include/op3_tuning_module_msgs/op3_tuning_module_msgs/msg/detail/joint_torque_on_off__type_support.c
[11.847s] -- Up-to-date: /home/certezas/robotis_ws/install/op3_tuning_module_msgs/include/op3_tuning_module_msgs/op3_tuning_module_msgs/msg/detail/joint_torque_on_off__rosidl_typesupport_introspection_c.h
[11.847s] -- Up-to-date: /home/certezas/robotis_ws/install/op3_tuning_module_msgs/include/op3_tuning_module_msgs/op3_tuning_module_msgs/msg/detail/joint_offset_data__rosidl_typesupport_introspection_c.h
[11.847s] -- Up-to-date: /home/certezas/robotis_ws/install/op3_tuning_module_msgs/include/op3_tuning_module_msgs/op3_tuning_module_msgs/msg/detail/joint_torque_on_off_array__type_support.c
[11.847s] -- Up-to-date: /home/certezas/robotis_ws/install/op3_tuning_module_msgs/include/op3_tuning_module_msgs/op3_tuning_module_msgs/msg/detail/joint_offset_position_data__rosidl_typesupport_introspection_c.h
[11.847s] -- Up-to-date: /home/certezas/robotis_ws/install/op3_tuning_module_msgs/include/op3_tuning_module_msgs/op3_tuning_module_msgs/msg/detail/joint_torque_on_off_array__rosidl_typesupport_introspection_c.h
[11.882s] -- Up-to-date: /home/certezas/robotis_ws/install/op3_tuning_module_msgs/lib/libop3_tuning_module_msgs__rosidl_typesupport_introspection_c.so
[11.905s] -- Up-to-date: /home/certezas/robotis_ws/install/op3_tuning_module_msgs/lib/libop3_tuning_module_msgs__rosidl_typesupport_c.so
[11.905s] -- Up-to-date: /home/certezas/robotis_ws/install/op3_tuning_module_msgs/include/op3_tuning_module_msgs/op3_tuning_module_msgs
[11.905s] -- Up-to-date: /home/certezas/robotis_ws/install/op3_tuning_module_msgs/include/op3_tuning_module_msgs/op3_tuning_module_msgs/srv
[11.905s] -- Up-to-date: /home/certezas/robotis_ws/install/op3_tuning_module_msgs/include/op3_tuning_module_msgs/op3_tuning_module_msgs/srv/detail
[11.905s] -- Up-to-date: /home/certezas/robotis_ws/install/op3_tuning_module_msgs/include/op3_tuning_module_msgs/op3_tuning_module_msgs/srv/detail/get_present_joint_offset_data__rosidl_typesupport_introspection_cpp.hpp
[11.905s] -- Up-to-date: /home/certezas/robotis_ws/install/op3_tuning_module_msgs/include/op3_tuning_module_msgs/op3_tuning_module_msgs/srv/detail/get_present_joint_offset_data__type_support.cpp
[11.906s] -- Up-to-date: /home/certezas/robotis_ws/install/op3_tuning_module_msgs/include/op3_tuning_module_msgs/op3_tuning_module_msgs/msg
[11.906s] -- Up-to-date: /home/certezas/robotis_ws/install/op3_tuning_module_msgs/include/op3_tuning_module_msgs/op3_tuning_module_msgs/msg/detail
[11.906s] -- Up-to-date: /home/certezas/robotis_ws/install/op3_tuning_module_msgs/include/op3_tuning_module_msgs/op3_tuning_module_msgs/msg/detail/joint_torque_on_off__rosidl_typesupport_introspection_cpp.hpp
[11.906s] -- Up-to-date: /home/certezas/robotis_ws/install/op3_tuning_module_msgs/include/op3_tuning_module_msgs/op3_tuning_module_msgs/msg/detail/joint_offset_data__rosidl_typesupport_introspection_cpp.hpp
[11.906s] -- Up-to-date: /home/certezas/robotis_ws/install/op3_tuning_module_msgs/include/op3_tuning_module_msgs/op3_tuning_module_msgs/msg/detail/joint_offset_position_data__rosidl_typesupport_introspection_cpp.hpp
[11.906s] -- Up-to-date: /home/certezas/robotis_ws/install/op3_tuning_module_msgs/include/op3_tuning_module_msgs/op3_tuning_module_msgs/msg/detail/joint_torque_on_off__type_support.cpp
[11.906s] -- Up-to-date: /home/certezas/robotis_ws/install/op3_tuning_module_msgs/include/op3_tuning_module_msgs/op3_tuning_module_msgs/msg/detail/joint_torque_on_off_array__type_support.cpp
[11.906s] -- Up-to-date: /home/certezas/robotis_ws/install/op3_tuning_module_msgs/include/op3_tuning_module_msgs/op3_tuning_module_msgs/msg/detail/joint_offset_data__type_support.cpp
[11.906s] -- Up-to-date: /home/certezas/robotis_ws/install/op3_tuning_module_msgs/include/op3_tuning_module_msgs/op3_tuning_module_msgs/msg/detail/joint_torque_on_off_array__rosidl_typesupport_introspection_cpp.hpp
[11.906s] -- Up-to-date: /home/certezas/robotis_ws/install/op3_tuning_module_msgs/include/op3_tuning_module_msgs/op3_tuning_module_msgs/msg/detail/joint_offset_position_data__type_support.cpp
[11.948s] -- Up-to-date: /home/certezas/robotis_ws/install/op3_tuning_module_msgs/lib/libop3_tuning_module_msgs__rosidl_typesupport_introspection_cpp.so
[11.965s] -- Up-to-date: /home/certezas/robotis_ws/install/op3_tuning_module_msgs/lib/libop3_tuning_module_msgs__rosidl_typesupport_cpp.so
[11.965s] -- Up-to-date: /home/certezas/robotis_ws/install/op3_tuning_module_msgs/share/op3_tuning_module_msgs/environment/pythonpath.sh
[11.965s] -- Up-to-date: /home/certezas/robotis_ws/install/op3_tuning_module_msgs/share/op3_tuning_module_msgs/environment/pythonpath.dsv
[11.965s] -- Up-to-date: /home/certezas/robotis_ws/install/op3_tuning_module_msgs/local/lib/python3.10/dist-packages/op3_tuning_module_msgs-0.0.1-py3.10.egg-info
[11.965s] -- Installing: /home/certezas/robotis_ws/install/op3_tuning_module_msgs/local/lib/python3.10/dist-packages/op3_tuning_module_msgs-0.0.1-py3.10.egg-info/PKG-INFO
[11.966s] -- Installing: /home/certezas/robotis_ws/install/op3_tuning_module_msgs/local/lib/python3.10/dist-packages/op3_tuning_module_msgs-0.0.1-py3.10.egg-info/dependency_links.txt
[11.966s] -- Installing: /home/certezas/robotis_ws/install/op3_tuning_module_msgs/local/lib/python3.10/dist-packages/op3_tuning_module_msgs-0.0.1-py3.10.egg-info/top_level.txt
[11.966s] -- Installing: /home/certezas/robotis_ws/install/op3_tuning_module_msgs/local/lib/python3.10/dist-packages/op3_tuning_module_msgs-0.0.1-py3.10.egg-info/SOURCES.txt
[11.966s] -- Up-to-date: /home/certezas/robotis_ws/install/op3_tuning_module_msgs/local/lib/python3.10/dist-packages/op3_tuning_module_msgs
[11.966s] -- Up-to-date: /home/certezas/robotis_ws/install/op3_tuning_module_msgs/local/lib/python3.10/dist-packages/op3_tuning_module_msgs/op3_tuning_module_msgs_s__rosidl_typesupport_introspection_c.cpython-310-x86_64-linux-gnu.so
[11.966s] -- Up-to-date: /home/certezas/robotis_ws/install/op3_tuning_module_msgs/local/lib/python3.10/dist-packages/op3_tuning_module_msgs/libop3_tuning_module_msgs__rosidl_generator_py.so
[11.966s] -- Up-to-date: /home/certezas/robotis_ws/install/op3_tuning_module_msgs/local/lib/python3.10/dist-packages/op3_tuning_module_msgs/__init__.py
[11.966s] -- Up-to-date: /home/certezas/robotis_ws/install/op3_tuning_module_msgs/local/lib/python3.10/dist-packages/op3_tuning_module_msgs/_op3_tuning_module_msgs_s.ep.rosidl_typesupport_fastrtps_c.c
[11.966s] -- Up-to-date: /home/certezas/robotis_ws/install/op3_tuning_module_msgs/local/lib/python3.10/dist-packages/op3_tuning_module_msgs/srv
[11.966s] -- Up-to-date: /home/certezas/robotis_ws/install/op3_tuning_module_msgs/local/lib/python3.10/dist-packages/op3_tuning_module_msgs/srv/__init__.py
[11.966s] -- Up-to-date: /home/certezas/robotis_ws/install/op3_tuning_module_msgs/local/lib/python3.10/dist-packages/op3_tuning_module_msgs/srv/_get_present_joint_offset_data.py
[11.966s] -- Up-to-date: /home/certezas/robotis_ws/install/op3_tuning_module_msgs/local/lib/python3.10/dist-packages/op3_tuning_module_msgs/srv/_get_present_joint_offset_data_s.c
[11.966s] -- Up-to-date: /home/certezas/robotis_ws/install/op3_tuning_module_msgs/local/lib/python3.10/dist-packages/op3_tuning_module_msgs/op3_tuning_module_msgs_s__rosidl_typesupport_c.cpython-310-x86_64-linux-gnu.so
[11.966s] -- Up-to-date: /home/certezas/robotis_ws/install/op3_tuning_module_msgs/local/lib/python3.10/dist-packages/op3_tuning_module_msgs/_op3_tuning_module_msgs_s.ep.rosidl_typesupport_introspection_c.c
[11.966s] -- Up-to-date: /home/certezas/robotis_ws/install/op3_tuning_module_msgs/local/lib/python3.10/dist-packages/op3_tuning_module_msgs/op3_tuning_module_msgs_s__rosidl_typesupport_fastrtps_c.cpython-310-x86_64-linux-gnu.so
[11.966s] -- Up-to-date: /home/certezas/robotis_ws/install/op3_tuning_module_msgs/local/lib/python3.10/dist-packages/op3_tuning_module_msgs/msg
[11.966s] -- Up-to-date: /home/certezas/robotis_ws/install/op3_tuning_module_msgs/local/lib/python3.10/dist-packages/op3_tuning_module_msgs/msg/_joint_torque_on_off_array_s.c
[11.966s] -- Up-to-date: /home/certezas/robotis_ws/install/op3_tuning_module_msgs/local/lib/python3.10/dist-packages/op3_tuning_module_msgs/msg/_joint_offset_data.py
[11.967s] -- Up-to-date: /home/certezas/robotis_ws/install/op3_tuning_module_msgs/local/lib/python3.10/dist-packages/op3_tuning_module_msgs/msg/_joint_offset_position_data_s.c
[11.967s] -- Up-to-date: /home/certezas/robotis_ws/install/op3_tuning_module_msgs/local/lib/python3.10/dist-packages/op3_tuning_module_msgs/msg/__init__.py
[11.967s] -- Up-to-date: /home/certezas/robotis_ws/install/op3_tuning_module_msgs/local/lib/python3.10/dist-packages/op3_tuning_module_msgs/msg/_joint_torque_on_off_s.c
[11.967s] -- Up-to-date: /home/certezas/robotis_ws/install/op3_tuning_module_msgs/local/lib/python3.10/dist-packages/op3_tuning_module_msgs/msg/_joint_torque_on_off_array.py
[11.967s] -- Up-to-date: /home/certezas/robotis_ws/install/op3_tuning_module_msgs/local/lib/python3.10/dist-packages/op3_tuning_module_msgs/msg/_joint_offset_position_data.py
[11.967s] -- Up-to-date: /home/certezas/robotis_ws/install/op3_tuning_module_msgs/local/lib/python3.10/dist-packages/op3_tuning_module_msgs/msg/_joint_offset_data_s.c
[11.967s] -- Up-to-date: /home/certezas/robotis_ws/install/op3_tuning_module_msgs/local/lib/python3.10/dist-packages/op3_tuning_module_msgs/msg/_joint_torque_on_off.py
[11.967s] -- Up-to-date: /home/certezas/robotis_ws/install/op3_tuning_module_msgs/local/lib/python3.10/dist-packages/op3_tuning_module_msgs/_op3_tuning_module_msgs_s.ep.rosidl_typesupport_c.c
[12.045s] Listing '/home/certezas/robotis_ws/install/op3_tuning_module_msgs/local/lib/python3.10/dist-packages/op3_tuning_module_msgs'...
[12.045s] Listing '/home/certezas/robotis_ws/install/op3_tuning_module_msgs/local/lib/python3.10/dist-packages/op3_tuning_module_msgs/msg'...
[12.045s] Listing '/home/certezas/robotis_ws/install/op3_tuning_module_msgs/local/lib/python3.10/dist-packages/op3_tuning_module_msgs/srv'...
[12.092s] -- Up-to-date: /home/certezas/robotis_ws/install/op3_tuning_module_msgs/local/lib/python3.10/dist-packages/op3_tuning_module_msgs/op3_tuning_module_msgs_s__rosidl_typesupport_fastrtps_c.cpython-310-x86_64-linux-gnu.so
[12.097s] -- Up-to-date: /home/certezas/robotis_ws/install/op3_tuning_module_msgs/local/lib/python3.10/dist-packages/op3_tuning_module_msgs/op3_tuning_module_msgs_s__rosidl_typesupport_introspection_c.cpython-310-x86_64-linux-gnu.so
[12.100s] -- Up-to-date: /home/certezas/robotis_ws/install/op3_tuning_module_msgs/local/lib/python3.10/dist-packages/op3_tuning_module_msgs/op3_tuning_module_msgs_s__rosidl_typesupport_c.cpython-310-x86_64-linux-gnu.so
[12.105s] -- Up-to-date: /home/certezas/robotis_ws/install/op3_tuning_module_msgs/lib/libop3_tuning_module_msgs__rosidl_generator_py.so
[12.158s] -- Up-to-date: /home/certezas/robotis_ws/install/op3_tuning_module_msgs/share/op3_tuning_module_msgs/msg/JointOffsetData.idl
[12.158s] -- Up-to-date: /home/certezas/robotis_ws/install/op3_tuning_module_msgs/share/op3_tuning_module_msgs/msg/JointOffsetPositionData.idl
[12.158s] -- Up-to-date: /home/certezas/robotis_ws/install/op3_tuning_module_msgs/share/op3_tuning_module_msgs/msg/JointTorqueOnOff.idl
[12.158s] -- Up-to-date: /home/certezas/robotis_ws/install/op3_tuning_module_msgs/share/op3_tuning_module_msgs/msg/JointTorqueOnOffArray.idl
[12.169s] -- Up-to-date: /home/certezas/robotis_ws/install/op3_tuning_module_msgs/share/op3_tuning_module_msgs/srv/GetPresentJointOffsetData.idl
[12.169s] -- Up-to-date: /home/certezas/robotis_ws/install/op3_tuning_module_msgs/share/op3_tuning_module_msgs/msg/JointOffsetData.msg
[12.169s] -- Up-to-date: /home/certezas/robotis_ws/install/op3_tuning_module_msgs/share/op3_tuning_module_msgs/msg/JointOffsetPositionData.msg
[12.169s] -- Up-to-date: /home/certezas/robotis_ws/install/op3_tuning_module_msgs/share/op3_tuning_module_msgs/msg/JointTorqueOnOff.msg
[12.169s] -- Up-to-date: /home/certezas/robotis_ws/install/op3_tuning_module_msgs/share/op3_tuning_module_msgs/msg/JointTorqueOnOffArray.msg
[12.169s] -- Up-to-date: /home/certezas/robotis_ws/install/op3_tuning_module_msgs/share/op3_tuning_module_msgs/srv/GetPresentJointOffsetData.srv
[12.169s] -- Up-to-date: /home/certezas/robotis_ws/install/op3_tuning_module_msgs/share/op3_tuning_module_msgs/srv/GetPresentJointOffsetData_Request.msg
[12.169s] -- Up-to-date: /home/certezas/robotis_ws/install/op3_tuning_module_msgs/share/op3_tuning_module_msgs/srv/GetPresentJointOffsetData_Response.msg
[12.169s] -- Up-to-date: /home/certezas/robotis_ws/install/op3_tuning_module_msgs/share/ament_index/resource_index/package_run_dependencies/op3_tuning_module_msgs
[12.224s] -- Up-to-date: /home/certezas/robotis_ws/install/op3_tuning_module_msgs/share/ament_index/resource_index/parent_prefix_path/op3_tuning_module_msgs
[12.224s] -- Up-to-date: /home/certezas/robotis_ws/install/op3_tuning_module_msgs/share/op3_tuning_module_msgs/environment/ament_prefix_path.sh
[12.224s] -- Up-to-date: /home/certezas/robotis_ws/install/op3_tuning_module_msgs/share/op3_tuning_module_msgs/environment/ament_prefix_path.dsv
[12.225s] -- Up-to-date: /home/certezas/robotis_ws/install/op3_tuning_module_msgs/share/op3_tuning_module_msgs/environment/path.sh
[12.225s] -- Up-to-date: /home/certezas/robotis_ws/install/op3_tuning_module_msgs/share/op3_tuning_module_msgs/environment/path.dsv
[12.225s] -- Up-to-date: /home/certezas/robotis_ws/install/op3_tuning_module_msgs/share/op3_tuning_module_msgs/local_setup.bash
[12.225s] -- Up-to-date: /home/certezas/robotis_ws/install/op3_tuning_module_msgs/share/op3_tuning_module_msgs/local_setup.sh
[12.225s] -- Up-to-date: /home/certezas/robotis_ws/install/op3_tuning_module_msgs/share/op3_tuning_module_msgs/local_setup.zsh
[12.225s] -- Up-to-date: /home/certezas/robotis_ws/install/op3_tuning_module_msgs/share/op3_tuning_module_msgs/local_setup.dsv
[12.225s] -- Installing: /home/certezas/robotis_ws/install/op3_tuning_module_msgs/share/op3_tuning_module_msgs/package.dsv
[12.305s] -- Up-to-date: /home/certezas/robotis_ws/install/op3_tuning_module_msgs/share/ament_index/resource_index/packages/op3_tuning_module_msgs
[12.407s] -- Up-to-date: /home/certezas/robotis_ws/install/op3_tuning_module_msgs/share/op3_tuning_module_msgs/cmake/export_op3_tuning_module_msgs__rosidl_generator_cExport.cmake
[12.407s] -- Up-to-date: /home/certezas/robotis_ws/install/op3_tuning_module_msgs/share/op3_tuning_module_msgs/cmake/export_op3_tuning_module_msgs__rosidl_generator_cExport-noconfig.cmake
[12.425s] -- Up-to-date: /home/certezas/robotis_ws/install/op3_tuning_module_msgs/share/op3_tuning_module_msgs/cmake/export_op3_tuning_module_msgs__rosidl_typesupport_fastrtps_cExport.cmake
[12.425s] -- Up-to-date: /home/certezas/robotis_ws/install/op3_tuning_module_msgs/share/op3_tuning_module_msgs/cmake/export_op3_tuning_module_msgs__rosidl_typesupport_fastrtps_cExport-noconfig.cmake
[12.429s] -- Up-to-date: /home/certezas/robotis_ws/install/op3_tuning_module_msgs/share/op3_tuning_module_msgs/cmake/export_op3_tuning_module_msgs__rosidl_generator_cppExport.cmake
[12.453s] -- Up-to-date: /home/certezas/robotis_ws/install/op3_tuning_module_msgs/share/op3_tuning_module_msgs/cmake/export_op3_tuning_module_msgs__rosidl_typesupport_fastrtps_cppExport.cmake
[12.453s] -- Up-to-date: /home/certezas/robotis_ws/install/op3_tuning_module_msgs/share/op3_tuning_module_msgs/cmake/export_op3_tuning_module_msgs__rosidl_typesupport_fastrtps_cppExport-noconfig.cmake
[12.453s] -- Up-to-date: /home/certezas/robotis_ws/install/op3_tuning_module_msgs/share/op3_tuning_module_msgs/cmake/op3_tuning_module_msgs__rosidl_typesupport_introspection_cExport.cmake
[12.453s] -- Up-to-date: /home/certezas/robotis_ws/install/op3_tuning_module_msgs/share/op3_tuning_module_msgs/cmake/op3_tuning_module_msgs__rosidl_typesupport_introspection_cExport-noconfig.cmake
[12.483s] -- Up-to-date: /home/certezas/robotis_ws/install/op3_tuning_module_msgs/share/op3_tuning_module_msgs/cmake/op3_tuning_module_msgs__rosidl_typesupport_cExport.cmake
[12.483s] -- Up-to-date: /home/certezas/robotis_ws/install/op3_tuning_module_msgs/share/op3_tuning_module_msgs/cmake/op3_tuning_module_msgs__rosidl_typesupport_cExport-noconfig.cmake
[12.489s] -- Up-to-date: /home/certezas/robotis_ws/install/op3_tuning_module_msgs/share/op3_tuning_module_msgs/cmake/op3_tuning_module_msgs__rosidl_typesupport_introspection_cppExport.cmake
[12.489s] -- Up-to-date: /home/certezas/robotis_ws/install/op3_tuning_module_msgs/share/op3_tuning_module_msgs/cmake/op3_tuning_module_msgs__rosidl_typesupport_introspection_cppExport-noconfig.cmake
[12.496s] -- Up-to-date: /home/certezas/robotis_ws/install/op3_tuning_module_msgs/share/op3_tuning_module_msgs/cmake/op3_tuning_module_msgs__rosidl_typesupport_cppExport.cmake
[12.496s] -- Up-to-date: /home/certezas/robotis_ws/install/op3_tuning_module_msgs/share/op3_tuning_module_msgs/cmake/op3_tuning_module_msgs__rosidl_typesupport_cppExport-noconfig.cmake
[12.566s] -- Up-to-date: /home/certezas/robotis_ws/install/op3_tuning_module_msgs/share/op3_tuning_module_msgs/cmake/export_op3_tuning_module_msgs__rosidl_generator_pyExport.cmake
[12.566s] -- Up-to-date: /home/certezas/robotis_ws/install/op3_tuning_module_msgs/share/op3_tuning_module_msgs/cmake/export_op3_tuning_module_msgs__rosidl_generator_pyExport-noconfig.cmake
[12.566s] -- Up-to-date: /home/certezas/robotis_ws/install/op3_tuning_module_msgs/share/op3_tuning_module_msgs/cmake/rosidl_cmake-extras.cmake
[12.566s] -- Up-to-date: /home/certezas/robotis_ws/install/op3_tuning_module_msgs/share/op3_tuning_module_msgs/cmake/ament_cmake_export_dependencies-extras.cmake
[12.566s] -- Up-to-date: /home/certezas/robotis_ws/install/op3_tuning_module_msgs/share/op3_tuning_module_msgs/cmake/ament_cmake_export_include_directories-extras.cmake
[12.566s] -- Up-to-date: /home/certezas/robotis_ws/install/op3_tuning_module_msgs/share/op3_tuning_module_msgs/cmake/ament_cmake_export_libraries-extras.cmake
[12.566s] -- Up-to-date: /home/certezas/robotis_ws/install/op3_tuning_module_msgs/share/op3_tuning_module_msgs/cmake/ament_cmake_export_targets-extras.cmake
[12.566s] -- Up-to-date: /home/certezas/robotis_ws/install/op3_tuning_module_msgs/share/op3_tuning_module_msgs/cmake/rosidl_cmake_export_typesupport_targets-extras.cmake
[12.567s] -- Up-to-date: /home/certezas/robotis_ws/install/op3_tuning_module_msgs/share/op3_tuning_module_msgs/cmake/rosidl_cmake_export_typesupport_libraries-extras.cmake
[12.567s] -- Up-to-date: /home/certezas/robotis_ws/install/op3_tuning_module_msgs/share/op3_tuning_module_msgs/cmake/op3_tuning_module_msgsConfig.cmake
[12.567s] -- Up-to-date: /home/certezas/robotis_ws/install/op3_tuning_module_msgs/share/op3_tuning_module_msgs/cmake/op3_tuning_module_msgsConfig-version.cmake
[12.567s] -- Up-to-date: /home/certezas/robotis_ws/install/op3_tuning_module_msgs/share/op3_tuning_module_msgs/package.xml
[13.364s] Invoked command in '/home/certezas/robotis_ws/build/op3_tuning_module_msgs' returned '0': CMAKE_PREFIX_PATH=${CMAKE_PREFIX_PATH}:/opt/ros/humble /usr/bin/cmake --install /home/certezas/robotis_ws/build/op3_tuning_module_msgs
