[0.306s] Invoking command in '/home/certezas/robotis_ws/build/op3_tuning_module_msgs': CMAKE_PREFIX_PATH=${CMAKE_PREFIX_PATH}:/opt/ros/humble /usr/bin/cmake --build /home/certezas/robotis_ws/build/op3_tuning_module_msgs -- -j12 -l12
[1.960s] [  1%] Built target op3_tuning_module_msgs__cpp
[2.542s] [ 12%] Built target op3_tuning_module_msgs__rosidl_generator_c
[2.554s] [ 23%] Built target op3_tuning_module_msgs__rosidl_typesupport_fastrtps_cpp
[2.770s] [ 36%] Built target op3_tuning_module_msgs__rosidl_typesupport_cpp
[2.770s] [ 46%] Built target op3_tuning_module_msgs__rosidl_typesupport_introspection_cpp
[2.927s] [ 57%] Built target op3_tuning_module_msgs__rosidl_typesupport_c
[3.250s] [ 68%] Built target op3_tuning_module_msgs__rosidl_typesupport_fastrtps_c
[3.631s] [ 79%] Built target op3_tuning_module_msgs__rosidl_typesupport_introspection_c
[4.020s] [ 79%] Built target op3_tuning_module_msgs
[4.209s] [ 80%] Built target op3_tuning_module_msgs__py
[4.860s] [ 90%] Built target op3_tuning_module_msgs__rosidl_generator_py
[4.993s] [ 93%] Built target op3_tuning_module_msgs__rosidl_typesupport_fastrtps_c__pyext
[5.020s] [ 96%] Built target op3_tuning_module_msgs__rosidl_typesupport_introspection_c__pyext
[5.225s] [100%] Built target op3_tuning_module_msgs__rosidl_typesupport_c__pyext
[5.710s] [100%] Built target ament_cmake_python_copy_op3_tuning_module_msgs
[6.593s] running egg_info
[6.594s] writing op3_tuning_module_msgs.egg-info/PKG-INFO
[6.594s] writing dependency_links to op3_tuning_module_msgs.egg-info/dependency_links.txt
[6.595s] writing top-level names to op3_tuning_module_msgs.egg-info/top_level.txt
[6.598s] reading manifest file 'op3_tuning_module_msgs.egg-info/SOURCES.txt'
[6.631s] writing manifest file 'op3_tuning_module_msgs.egg-info/SOURCES.txt'
[6.660s] [100%] Built target ament_cmake_python_build_op3_tuning_module_msgs_egg
[7.403s] Invoked command in '/home/certezas/robotis_ws/build/op3_tuning_module_msgs' returned '0': CMAKE_PREFIX_PATH=${CMAKE_PREFIX_PATH}:/opt/ros/humble /usr/bin/cmake --build /home/certezas/robotis_ws/build/op3_tuning_module_msgs -- -j12 -l12
[7.405s] Invoking command in '/home/certezas/robotis_ws/build/op3_tuning_module_msgs': CMAKE_PREFIX_PATH=${CMAKE_PREFIX_PATH}:/opt/ros/humble /usr/bin/cmake --install /home/certezas/robotis_ws/build/op3_tuning_module_msgs
[7.625s] -- Install configuration: ""
[7.625s] -- Up-to-date: /home/certezas/robotis_ws/install/op3_tuning_module_msgs/share/ament_index/resource_index/rosidl_interfaces/op3_tuning_module_msgs
[7.625s] -- Up-to-date: /home/certezas/robotis_ws/install/op3_tuning_module_msgs/include/op3_tuning_module_msgs/op3_tuning_module_msgs
[7.625s] -- Up-to-date: /home/certezas/robotis_ws/install/op3_tuning_module_msgs/include/op3_tuning_module_msgs/op3_tuning_module_msgs/srv
[7.625s] -- Up-to-date: /home/certezas/robotis_ws/install/op3_tuning_module_msgs/include/op3_tuning_module_msgs/op3_tuning_module_msgs/srv/get_present_joint_offset_data.h
[7.625s] -- Up-to-date: /home/certezas/robotis_ws/install/op3_tuning_module_msgs/include/op3_tuning_module_msgs/op3_tuning_module_msgs/srv/detail
[7.625s] -- Up-to-date: /home/certezas/robotis_ws/install/op3_tuning_module_msgs/include/op3_tuning_module_msgs/op3_tuning_module_msgs/srv/detail/get_present_joint_offset_data__type_support.h
[7.625s] -- Up-to-date: /home/certezas/robotis_ws/install/op3_tuning_module_msgs/include/op3_tuning_module_msgs/op3_tuning_module_msgs/srv/detail/get_present_joint_offset_data__struct.h
[7.625s] -- Up-to-date: /home/certezas/robotis_ws/install/op3_tuning_module_msgs/include/op3_tuning_module_msgs/op3_tuning_module_msgs/srv/detail/get_present_joint_offset_data__functions.h
[7.625s] -- Up-to-date: /home/certezas/robotis_ws/install/op3_tuning_module_msgs/include/op3_tuning_module_msgs/op3_tuning_module_msgs/srv/detail/get_present_joint_offset_data__functions.c
[7.626s] -- Up-to-date: /home/certezas/robotis_ws/install/op3_tuning_module_msgs/include/op3_tuning_module_msgs/op3_tuning_module_msgs/msg
[7.626s] -- Up-to-date: /home/certezas/robotis_ws/install/op3_tuning_module_msgs/include/op3_tuning_module_msgs/op3_tuning_module_msgs/msg/rosidl_generator_c__visibility_control.h
[7.626s] -- Up-to-date: /home/certezas/robotis_ws/install/op3_tuning_module_msgs/include/op3_tuning_module_msgs/op3_tuning_module_msgs/msg/joint_torque_on_off_array.h
[7.626s] -- Up-to-date: /home/certezas/robotis_ws/install/op3_tuning_module_msgs/include/op3_tuning_module_msgs/op3_tuning_module_msgs/msg/joint_torque_on_off.h
[7.626s] -- Up-to-date: /home/certezas/robotis_ws/install/op3_tuning_module_msgs/include/op3_tuning_module_msgs/op3_tuning_module_msgs/msg/joint_offset_position_data.h
[7.626s] -- Up-to-date: /home/certezas/robotis_ws/install/op3_tuning_module_msgs/include/op3_tuning_module_msgs/op3_tuning_module_msgs/msg/joint_offset_data.h
[7.626s] -- Up-to-date: /home/certezas/robotis_ws/install/op3_tuning_module_msgs/include/op3_tuning_module_msgs/op3_tuning_module_msgs/msg/detail
[7.626s] -- Up-to-date: /home/certezas/robotis_ws/install/op3_tuning_module_msgs/include/op3_tuning_module_msgs/op3_tuning_module_msgs/msg/detail/joint_torque_on_off__functions.h
[7.626s] -- Up-to-date: /home/certezas/robotis_ws/install/op3_tuning_module_msgs/include/op3_tuning_module_msgs/op3_tuning_module_msgs/msg/detail/joint_offset_position_data__functions.c
[7.626s] -- Up-to-date: /home/certezas/robotis_ws/install/op3_tuning_module_msgs/include/op3_tuning_module_msgs/op3_tuning_module_msgs/msg/detail/joint_torque_on_off_array__functions.c
[7.626s] -- Up-to-date: /home/certezas/robotis_ws/install/op3_tuning_module_msgs/include/op3_tuning_module_msgs/op3_tuning_module_msgs/msg/detail/joint_offset_position_data__type_support.h
[7.626s] -- Up-to-date: /home/certezas/robotis_ws/install/op3_tuning_module_msgs/include/op3_tuning_module_msgs/op3_tuning_module_msgs/msg/detail/joint_torque_on_off_array__struct.h
[7.626s] -- Up-to-date: /home/certezas/robotis_ws/install/op3_tuning_module_msgs/include/op3_tuning_module_msgs/op3_tuning_module_msgs/msg/detail/joint_offset_data__functions.h
[7.626s] -- Up-to-date: /home/certezas/robotis_ws/install/op3_tuning_module_msgs/include/op3_tuning_module_msgs/op3_tuning_module_msgs/msg/detail/joint_torque_on_off_array__functions.h
[7.626s] -- Up-to-date: /home/certezas/robotis_ws/install/op3_tuning_module_msgs/include/op3_tuning_module_msgs/op3_tuning_module_msgs/msg/detail/joint_offset_data__functions.c
[7.626s] -- Up-to-date: /home/certezas/robotis_ws/install/op3_tuning_module_msgs/include/op3_tuning_module_msgs/op3_tuning_module_msgs/msg/detail/joint_torque_on_off_array__type_support.h
[7.627s] -- Up-to-date: /home/certezas/robotis_ws/install/op3_tuning_module_msgs/include/op3_tuning_module_msgs/op3_tuning_module_msgs/msg/detail/joint_offset_position_data__functions.h
[7.627s] -- Up-to-date: /home/certezas/robotis_ws/install/op3_tuning_module_msgs/include/op3_tuning_module_msgs/op3_tuning_module_msgs/msg/detail/joint_torque_on_off__functions.c
[7.627s] -- Up-to-date: /home/certezas/robotis_ws/install/op3_tuning_module_msgs/include/op3_tuning_module_msgs/op3_tuning_module_msgs/msg/detail/joint_torque_on_off__type_support.h
[7.627s] -- Up-to-date: /home/certezas/robotis_ws/install/op3_tuning_module_msgs/include/op3_tuning_module_msgs/op3_tuning_module_msgs/msg/detail/joint_offset_data__struct.h
[7.627s] -- Up-to-date: /home/certezas/robotis_ws/install/op3_tuning_module_msgs/include/op3_tuning_module_msgs/op3_tuning_module_msgs/msg/detail/joint_offset_data__type_support.h
[7.627s] -- Up-to-date: /home/certezas/robotis_ws/install/op3_tuning_module_msgs/include/op3_tuning_module_msgs/op3_tuning_module_msgs/msg/detail/joint_offset_position_data__struct.h
[7.627s] -- Up-to-date: /home/certezas/robotis_ws/install/op3_tuning_module_msgs/include/op3_tuning_module_msgs/op3_tuning_module_msgs/msg/detail/joint_torque_on_off__struct.h
[7.627s] -- Up-to-date: /home/certezas/robotis_ws/install/op3_tuning_module_msgs/share/op3_tuning_module_msgs/environment/library_path.sh
[7.627s] -- Up-to-date: /home/certezas/robotis_ws/install/op3_tuning_module_msgs/share/op3_tuning_module_msgs/environment/library_path.dsv
[7.739s] -- Up-to-date: /home/certezas/robotis_ws/install/op3_tuning_module_msgs/lib/libop3_tuning_module_msgs__rosidl_generator_c.so
[7.739s] -- Up-to-date: /home/certezas/robotis_ws/install/op3_tuning_module_msgs/include/op3_tuning_module_msgs/op3_tuning_module_msgs
[7.770s] -- Up-to-date: /home/certezas/robotis_ws/install/op3_tuning_module_msgs/include/op3_tuning_module_msgs/op3_tuning_module_msgs/srv
[7.784s] -- Up-to-date: /home/certezas/robotis_ws/install/op3_tuning_module_msgs/include/op3_tuning_module_msgs/op3_tuning_module_msgs/srv/detail
[7.784s] -- Up-to-date: /home/certezas/robotis_ws/install/op3_tuning_module_msgs/include/op3_tuning_module_msgs/op3_tuning_module_msgs/srv/detail/get_present_joint_offset_data__rosidl_typesupport_fastrtps_c.h
[7.785s] -- Up-to-date: /home/certezas/robotis_ws/install/op3_tuning_module_msgs/include/op3_tuning_module_msgs/op3_tuning_module_msgs/msg
[7.806s] -- Up-to-date: /home/certezas/robotis_ws/install/op3_tuning_module_msgs/include/op3_tuning_module_msgs/op3_tuning_module_msgs/msg/detail
[7.821s] -- Up-to-date: /home/certezas/robotis_ws/install/op3_tuning_module_msgs/include/op3_tuning_module_msgs/op3_tuning_module_msgs/msg/detail/joint_offset_data__rosidl_typesupport_fastrtps_c.h
[7.822s] -- Up-to-date: /home/certezas/robotis_ws/install/op3_tuning_module_msgs/include/op3_tuning_module_msgs/op3_tuning_module_msgs/msg/detail/joint_offset_position_data__rosidl_typesupport_fastrtps_c.h
[7.822s] -- Up-to-date: /home/certezas/robotis_ws/install/op3_tuning_module_msgs/include/op3_tuning_module_msgs/op3_tuning_module_msgs/msg/detail/joint_torque_on_off__rosidl_typesupport_fastrtps_c.h
[7.822s] -- Up-to-date: /home/certezas/robotis_ws/install/op3_tuning_module_msgs/include/op3_tuning_module_msgs/op3_tuning_module_msgs/msg/detail/joint_torque_on_off_array__rosidl_typesupport_fastrtps_c.h
[7.822s] -- Up-to-date: /home/certezas/robotis_ws/install/op3_tuning_module_msgs/include/op3_tuning_module_msgs/op3_tuning_module_msgs/msg/rosidl_typesupport_fastrtps_c__visibility_control.h
[7.864s] -- Up-to-date: /home/certezas/robotis_ws/install/op3_tuning_module_msgs/lib/libop3_tuning_module_msgs__rosidl_typesupport_fastrtps_c.so
[7.864s] -- Up-to-date: /home/certezas/robotis_ws/install/op3_tuning_module_msgs/include/op3_tuning_module_msgs/op3_tuning_module_msgs
[7.885s] -- Up-to-date: /home/certezas/robotis_ws/install/op3_tuning_module_msgs/include/op3_tuning_module_msgs/op3_tuning_module_msgs/srv
[7.898s] -- Up-to-date: /home/certezas/robotis_ws/install/op3_tuning_module_msgs/include/op3_tuning_module_msgs/op3_tuning_module_msgs/srv/detail
[7.909s] -- Up-to-date: /home/certezas/robotis_ws/install/op3_tuning_module_msgs/include/op3_tuning_module_msgs/op3_tuning_module_msgs/srv/detail/get_present_joint_offset_data__type_support.hpp
[7.909s] -- Up-to-date: /home/certezas/robotis_ws/install/op3_tuning_module_msgs/include/op3_tuning_module_msgs/op3_tuning_module_msgs/srv/detail/get_present_joint_offset_data__builder.hpp
[7.909s] -- Up-to-date: /home/certezas/robotis_ws/install/op3_tuning_module_msgs/include/op3_tuning_module_msgs/op3_tuning_module_msgs/srv/detail/get_present_joint_offset_data__struct.hpp
[7.910s] -- Up-to-date: /home/certezas/robotis_ws/install/op3_tuning_module_msgs/include/op3_tuning_module_msgs/op3_tuning_module_msgs/srv/detail/get_present_joint_offset_data__traits.hpp
[7.910s] -- Up-to-date: /home/certezas/robotis_ws/install/op3_tuning_module_msgs/include/op3_tuning_module_msgs/op3_tuning_module_msgs/srv/get_present_joint_offset_data.hpp
[7.910s] -- Up-to-date: /home/certezas/robotis_ws/install/op3_tuning_module_msgs/include/op3_tuning_module_msgs/op3_tuning_module_msgs/msg
[7.911s] -- Up-to-date: /home/certezas/robotis_ws/install/op3_tuning_module_msgs/include/op3_tuning_module_msgs/op3_tuning_module_msgs/msg/joint_offset_data.hpp
[7.911s] -- Up-to-date: /home/certezas/robotis_ws/install/op3_tuning_module_msgs/include/op3_tuning_module_msgs/op3_tuning_module_msgs/msg/rosidl_generator_cpp__visibility_control.hpp
[7.911s] -- Up-to-date: /home/certezas/robotis_ws/install/op3_tuning_module_msgs/include/op3_tuning_module_msgs/op3_tuning_module_msgs/msg/joint_torque_on_off_array.hpp
[7.911s] -- Up-to-date: /home/certezas/robotis_ws/install/op3_tuning_module_msgs/include/op3_tuning_module_msgs/op3_tuning_module_msgs/msg/detail
[7.912s] -- Up-to-date: /home/certezas/robotis_ws/install/op3_tuning_module_msgs/include/op3_tuning_module_msgs/op3_tuning_module_msgs/msg/detail/joint_torque_on_off_array__type_support.hpp
[7.912s] -- Up-to-date: /home/certezas/robotis_ws/install/op3_tuning_module_msgs/include/op3_tuning_module_msgs/op3_tuning_module_msgs/msg/detail/joint_offset_data__struct.hpp
[7.912s] -- Up-to-date: /home/certezas/robotis_ws/install/op3_tuning_module_msgs/include/op3_tuning_module_msgs/op3_tuning_module_msgs/msg/detail/joint_offset_position_data__builder.hpp
[7.912s] -- Up-to-date: /home/certezas/robotis_ws/install/op3_tuning_module_msgs/include/op3_tuning_module_msgs/op3_tuning_module_msgs/msg/detail/joint_torque_on_off__type_support.hpp
[7.912s] -- Up-to-date: /home/certezas/robotis_ws/install/op3_tuning_module_msgs/include/op3_tuning_module_msgs/op3_tuning_module_msgs/msg/detail/joint_torque_on_off__builder.hpp
[7.912s] -- Up-to-date: /home/certezas/robotis_ws/install/op3_tuning_module_msgs/include/op3_tuning_module_msgs/op3_tuning_module_msgs/msg/detail/joint_offset_position_data__struct.hpp
[7.912s] -- Up-to-date: /home/certezas/robotis_ws/install/op3_tuning_module_msgs/include/op3_tuning_module_msgs/op3_tuning_module_msgs/msg/detail/joint_offset_position_data__traits.hpp
[7.912s] -- Up-to-date: /home/certezas/robotis_ws/install/op3_tuning_module_msgs/include/op3_tuning_module_msgs/op3_tuning_module_msgs/msg/detail/joint_torque_on_off_array__struct.hpp
[7.912s] -- Up-to-date: /home/certezas/robotis_ws/install/op3_tuning_module_msgs/include/op3_tuning_module_msgs/op3_tuning_module_msgs/msg/detail/joint_offset_data__type_support.hpp
[7.912s] -- Up-to-date: /home/certezas/robotis_ws/install/op3_tuning_module_msgs/include/op3_tuning_module_msgs/op3_tuning_module_msgs/msg/detail/joint_torque_on_off_array__traits.hpp
[7.912s] -- Up-to-date: /home/certezas/robotis_ws/install/op3_tuning_module_msgs/include/op3_tuning_module_msgs/op3_tuning_module_msgs/msg/detail/joint_offset_position_data__type_support.hpp
[7.912s] -- Up-to-date: /home/certezas/robotis_ws/install/op3_tuning_module_msgs/include/op3_tuning_module_msgs/op3_tuning_module_msgs/msg/detail/joint_offset_data__traits.hpp
[7.912s] -- Up-to-date: /home/certezas/robotis_ws/install/op3_tuning_module_msgs/include/op3_tuning_module_msgs/op3_tuning_module_msgs/msg/detail/joint_torque_on_off__traits.hpp
[7.912s] -- Up-to-date: /home/certezas/robotis_ws/install/op3_tuning_module_msgs/include/op3_tuning_module_msgs/op3_tuning_module_msgs/msg/detail/joint_offset_data__builder.hpp
[7.912s] -- Up-to-date: /home/certezas/robotis_ws/install/op3_tuning_module_msgs/include/op3_tuning_module_msgs/op3_tuning_module_msgs/msg/detail/joint_torque_on_off__struct.hpp
[7.912s] -- Up-to-date: /home/certezas/robotis_ws/install/op3_tuning_module_msgs/include/op3_tuning_module_msgs/op3_tuning_module_msgs/msg/detail/joint_torque_on_off_array__builder.hpp
[7.912s] -- Up-to-date: /home/certezas/robotis_ws/install/op3_tuning_module_msgs/include/op3_tuning_module_msgs/op3_tuning_module_msgs/msg/joint_offset_position_data.hpp
[7.912s] -- Up-to-date: /home/certezas/robotis_ws/install/op3_tuning_module_msgs/include/op3_tuning_module_msgs/op3_tuning_module_msgs/msg/joint_torque_on_off.hpp
[7.912s] -- Up-to-date: /home/certezas/robotis_ws/install/op3_tuning_module_msgs/include/op3_tuning_module_msgs/op3_tuning_module_msgs
[7.926s] -- Up-to-date: /home/certezas/robotis_ws/install/op3_tuning_module_msgs/include/op3_tuning_module_msgs/op3_tuning_module_msgs/srv
[7.926s] -- Up-to-date: /home/certezas/robotis_ws/install/op3_tuning_module_msgs/include/op3_tuning_module_msgs/op3_tuning_module_msgs/srv/detail
[7.927s] -- Up-to-date: /home/certezas/robotis_ws/install/op3_tuning_module_msgs/include/op3_tuning_module_msgs/op3_tuning_module_msgs/srv/detail/dds_fastrtps
[7.927s] -- Up-to-date: /home/certezas/robotis_ws/install/op3_tuning_module_msgs/include/op3_tuning_module_msgs/op3_tuning_module_msgs/srv/detail/get_present_joint_offset_data__rosidl_typesupport_fastrtps_cpp.hpp
[7.927s] -- Up-to-date: /home/certezas/robotis_ws/install/op3_tuning_module_msgs/include/op3_tuning_module_msgs/op3_tuning_module_msgs/msg
[7.941s] -- Up-to-date: /home/certezas/robotis_ws/install/op3_tuning_module_msgs/include/op3_tuning_module_msgs/op3_tuning_module_msgs/msg/rosidl_typesupport_fastrtps_cpp__visibility_control.h
[7.942s] -- Up-to-date: /home/certezas/robotis_ws/install/op3_tuning_module_msgs/include/op3_tuning_module_msgs/op3_tuning_module_msgs/msg/detail
[7.943s] -- Up-to-date: /home/certezas/robotis_ws/install/op3_tuning_module_msgs/include/op3_tuning_module_msgs/op3_tuning_module_msgs/msg/detail/dds_fastrtps
[7.954s] -- Up-to-date: /home/certezas/robotis_ws/install/op3_tuning_module_msgs/include/op3_tuning_module_msgs/op3_tuning_module_msgs/msg/detail/joint_offset_position_data__rosidl_typesupport_fastrtps_cpp.hpp
[7.954s] -- Up-to-date: /home/certezas/robotis_ws/install/op3_tuning_module_msgs/include/op3_tuning_module_msgs/op3_tuning_module_msgs/msg/detail/joint_torque_on_off__rosidl_typesupport_fastrtps_cpp.hpp
[7.954s] -- Up-to-date: /home/certezas/robotis_ws/install/op3_tuning_module_msgs/include/op3_tuning_module_msgs/op3_tuning_module_msgs/msg/detail/joint_offset_data__rosidl_typesupport_fastrtps_cpp.hpp
[7.954s] -- Up-to-date: /home/certezas/robotis_ws/install/op3_tuning_module_msgs/include/op3_tuning_module_msgs/op3_tuning_module_msgs/msg/detail/joint_torque_on_off_array__rosidl_typesupport_fastrtps_cpp.hpp
[7.970s] -- Up-to-date: /home/certezas/robotis_ws/install/op3_tuning_module_msgs/lib/libop3_tuning_module_msgs__rosidl_typesupport_fastrtps_cpp.so
[7.970s] -- Up-to-date: /home/certezas/robotis_ws/install/op3_tuning_module_msgs/include/op3_tuning_module_msgs/op3_tuning_module_msgs
[7.986s] -- Up-to-date: /home/certezas/robotis_ws/install/op3_tuning_module_msgs/include/op3_tuning_module_msgs/op3_tuning_module_msgs/srv
[7.995s] -- Up-to-date: /home/certezas/robotis_ws/install/op3_tuning_module_msgs/include/op3_tuning_module_msgs/op3_tuning_module_msgs/srv/detail
[8.006s] -- Up-to-date: /home/certezas/robotis_ws/install/op3_tuning_module_msgs/include/op3_tuning_module_msgs/op3_tuning_module_msgs/srv/detail/get_present_joint_offset_data__type_support.c
[8.006s] -- Up-to-date: /home/certezas/robotis_ws/install/op3_tuning_module_msgs/include/op3_tuning_module_msgs/op3_tuning_module_msgs/srv/detail/get_present_joint_offset_data__rosidl_typesupport_introspection_c.h
[8.006s] -- Up-to-date: /home/certezas/robotis_ws/install/op3_tuning_module_msgs/include/op3_tuning_module_msgs/op3_tuning_module_msgs/msg
[8.016s] -- Up-to-date: /home/certezas/robotis_ws/install/op3_tuning_module_msgs/include/op3_tuning_module_msgs/op3_tuning_module_msgs/msg/rosidl_typesupport_introspection_c__visibility_control.h
[8.016s] -- Up-to-date: /home/certezas/robotis_ws/install/op3_tuning_module_msgs/include/op3_tuning_module_msgs/op3_tuning_module_msgs/msg/detail
[8.016s] -- Up-to-date: /home/certezas/robotis_ws/install/op3_tuning_module_msgs/include/op3_tuning_module_msgs/op3_tuning_module_msgs/msg/detail/joint_offset_data__type_support.c
[8.016s] -- Up-to-date: /home/certezas/robotis_ws/install/op3_tuning_module_msgs/include/op3_tuning_module_msgs/op3_tuning_module_msgs/msg/detail/joint_offset_position_data__type_support.c
[8.016s] -- Up-to-date: /home/certezas/robotis_ws/install/op3_tuning_module_msgs/include/op3_tuning_module_msgs/op3_tuning_module_msgs/msg/detail/joint_torque_on_off__type_support.c
[8.016s] -- Up-to-date: /home/certezas/robotis_ws/install/op3_tuning_module_msgs/include/op3_tuning_module_msgs/op3_tuning_module_msgs/msg/detail/joint_torque_on_off__rosidl_typesupport_introspection_c.h
[8.016s] -- Up-to-date: /home/certezas/robotis_ws/install/op3_tuning_module_msgs/include/op3_tuning_module_msgs/op3_tuning_module_msgs/msg/detail/joint_offset_data__rosidl_typesupport_introspection_c.h
[8.016s] -- Up-to-date: /home/certezas/robotis_ws/install/op3_tuning_module_msgs/include/op3_tuning_module_msgs/op3_tuning_module_msgs/msg/detail/joint_torque_on_off_array__type_support.c
[8.017s] -- Up-to-date: /home/certezas/robotis_ws/install/op3_tuning_module_msgs/include/op3_tuning_module_msgs/op3_tuning_module_msgs/msg/detail/joint_offset_position_data__rosidl_typesupport_introspection_c.h
[8.017s] -- Up-to-date: /home/certezas/robotis_ws/install/op3_tuning_module_msgs/include/op3_tuning_module_msgs/op3_tuning_module_msgs/msg/detail/joint_torque_on_off_array__rosidl_typesupport_introspection_c.h
[8.031s] -- Up-to-date: /home/certezas/robotis_ws/install/op3_tuning_module_msgs/lib/libop3_tuning_module_msgs__rosidl_typesupport_introspection_c.so
[8.031s] -- Up-to-date: /home/certezas/robotis_ws/install/op3_tuning_module_msgs/lib/libop3_tuning_module_msgs__rosidl_typesupport_c.so
[8.031s] -- Up-to-date: /home/certezas/robotis_ws/install/op3_tuning_module_msgs/include/op3_tuning_module_msgs/op3_tuning_module_msgs
[8.042s] -- Up-to-date: /home/certezas/robotis_ws/install/op3_tuning_module_msgs/include/op3_tuning_module_msgs/op3_tuning_module_msgs/srv
[8.054s] -- Up-to-date: /home/certezas/robotis_ws/install/op3_tuning_module_msgs/include/op3_tuning_module_msgs/op3_tuning_module_msgs/srv/detail
[8.055s] -- Up-to-date: /home/certezas/robotis_ws/install/op3_tuning_module_msgs/include/op3_tuning_module_msgs/op3_tuning_module_msgs/srv/detail/get_present_joint_offset_data__rosidl_typesupport_introspection_cpp.hpp
[8.055s] -- Up-to-date: /home/certezas/robotis_ws/install/op3_tuning_module_msgs/include/op3_tuning_module_msgs/op3_tuning_module_msgs/srv/detail/get_present_joint_offset_data__type_support.cpp
[8.055s] -- Up-to-date: /home/certezas/robotis_ws/install/op3_tuning_module_msgs/include/op3_tuning_module_msgs/op3_tuning_module_msgs/msg
[8.055s] -- Up-to-date: /home/certezas/robotis_ws/install/op3_tuning_module_msgs/include/op3_tuning_module_msgs/op3_tuning_module_msgs/msg/detail
[8.055s] -- Up-to-date: /home/certezas/robotis_ws/install/op3_tuning_module_msgs/include/op3_tuning_module_msgs/op3_tuning_module_msgs/msg/detail/joint_torque_on_off__rosidl_typesupport_introspection_cpp.hpp
[8.055s] -- Up-to-date: /home/certezas/robotis_ws/install/op3_tuning_module_msgs/include/op3_tuning_module_msgs/op3_tuning_module_msgs/msg/detail/joint_offset_data__rosidl_typesupport_introspection_cpp.hpp
[8.055s] -- Up-to-date: /home/certezas/robotis_ws/install/op3_tuning_module_msgs/include/op3_tuning_module_msgs/op3_tuning_module_msgs/msg/detail/joint_offset_position_data__rosidl_typesupport_introspection_cpp.hpp
[8.055s] -- Up-to-date: /home/certezas/robotis_ws/install/op3_tuning_module_msgs/include/op3_tuning_module_msgs/op3_tuning_module_msgs/msg/detail/joint_torque_on_off__type_support.cpp
[8.055s] -- Up-to-date: /home/certezas/robotis_ws/install/op3_tuning_module_msgs/include/op3_tuning_module_msgs/op3_tuning_module_msgs/msg/detail/joint_torque_on_off_array__type_support.cpp
[8.055s] -- Up-to-date: /home/certezas/robotis_ws/install/op3_tuning_module_msgs/include/op3_tuning_module_msgs/op3_tuning_module_msgs/msg/detail/joint_offset_data__type_support.cpp
[8.056s] -- Up-to-date: /home/certezas/robotis_ws/install/op3_tuning_module_msgs/include/op3_tuning_module_msgs/op3_tuning_module_msgs/msg/detail/joint_torque_on_off_array__rosidl_typesupport_introspection_cpp.hpp
[8.056s] -- Up-to-date: /home/certezas/robotis_ws/install/op3_tuning_module_msgs/include/op3_tuning_module_msgs/op3_tuning_module_msgs/msg/detail/joint_offset_position_data__type_support.cpp
[8.068s] -- Up-to-date: /home/certezas/robotis_ws/install/op3_tuning_module_msgs/lib/libop3_tuning_module_msgs__rosidl_typesupport_introspection_cpp.so
[8.110s] -- Up-to-date: /home/certezas/robotis_ws/install/op3_tuning_module_msgs/lib/libop3_tuning_module_msgs__rosidl_typesupport_cpp.so
[8.110s] -- Up-to-date: /home/certezas/robotis_ws/install/op3_tuning_module_msgs/share/op3_tuning_module_msgs/environment/pythonpath.sh
[8.110s] -- Up-to-date: /home/certezas/robotis_ws/install/op3_tuning_module_msgs/share/op3_tuning_module_msgs/environment/pythonpath.dsv
[8.110s] -- Up-to-date: /home/certezas/robotis_ws/install/op3_tuning_module_msgs/local/lib/python3.10/dist-packages/op3_tuning_module_msgs-0.0.1-py3.10.egg-info
[8.110s] -- Installing: /home/certezas/robotis_ws/install/op3_tuning_module_msgs/local/lib/python3.10/dist-packages/op3_tuning_module_msgs-0.0.1-py3.10.egg-info/PKG-INFO
[8.110s] -- Installing: /home/certezas/robotis_ws/install/op3_tuning_module_msgs/local/lib/python3.10/dist-packages/op3_tuning_module_msgs-0.0.1-py3.10.egg-info/dependency_links.txt
[8.111s] -- Installing: /home/certezas/robotis_ws/install/op3_tuning_module_msgs/local/lib/python3.10/dist-packages/op3_tuning_module_msgs-0.0.1-py3.10.egg-info/top_level.txt
[8.111s] -- Installing: /home/certezas/robotis_ws/install/op3_tuning_module_msgs/local/lib/python3.10/dist-packages/op3_tuning_module_msgs-0.0.1-py3.10.egg-info/SOURCES.txt
[8.111s] -- Up-to-date: /home/certezas/robotis_ws/install/op3_tuning_module_msgs/local/lib/python3.10/dist-packages/op3_tuning_module_msgs
[8.111s] -- Up-to-date: /home/certezas/robotis_ws/install/op3_tuning_module_msgs/local/lib/python3.10/dist-packages/op3_tuning_module_msgs/op3_tuning_module_msgs_s__rosidl_typesupport_introspection_c.cpython-310-x86_64-linux-gnu.so
[8.111s] -- Up-to-date: /home/certezas/robotis_ws/install/op3_tuning_module_msgs/local/lib/python3.10/dist-packages/op3_tuning_module_msgs/libop3_tuning_module_msgs__rosidl_generator_py.so
[8.111s] -- Up-to-date: /home/certezas/robotis_ws/install/op3_tuning_module_msgs/local/lib/python3.10/dist-packages/op3_tuning_module_msgs/__init__.py
[8.111s] -- Up-to-date: /home/certezas/robotis_ws/install/op3_tuning_module_msgs/local/lib/python3.10/dist-packages/op3_tuning_module_msgs/_op3_tuning_module_msgs_s.ep.rosidl_typesupport_fastrtps_c.c
[8.111s] -- Up-to-date: /home/certezas/robotis_ws/install/op3_tuning_module_msgs/local/lib/python3.10/dist-packages/op3_tuning_module_msgs/srv
[8.111s] -- Up-to-date: /home/certezas/robotis_ws/install/op3_tuning_module_msgs/local/lib/python3.10/dist-packages/op3_tuning_module_msgs/srv/__init__.py
[8.111s] -- Up-to-date: /home/certezas/robotis_ws/install/op3_tuning_module_msgs/local/lib/python3.10/dist-packages/op3_tuning_module_msgs/srv/_get_present_joint_offset_data.py
[8.111s] -- Up-to-date: /home/certezas/robotis_ws/install/op3_tuning_module_msgs/local/lib/python3.10/dist-packages/op3_tuning_module_msgs/srv/_get_present_joint_offset_data_s.c
[8.111s] -- Up-to-date: /home/certezas/robotis_ws/install/op3_tuning_module_msgs/local/lib/python3.10/dist-packages/op3_tuning_module_msgs/op3_tuning_module_msgs_s__rosidl_typesupport_c.cpython-310-x86_64-linux-gnu.so
[8.112s] -- Up-to-date: /home/certezas/robotis_ws/install/op3_tuning_module_msgs/local/lib/python3.10/dist-packages/op3_tuning_module_msgs/_op3_tuning_module_msgs_s.ep.rosidl_typesupport_introspection_c.c
[8.112s] -- Up-to-date: /home/certezas/robotis_ws/install/op3_tuning_module_msgs/local/lib/python3.10/dist-packages/op3_tuning_module_msgs/op3_tuning_module_msgs_s__rosidl_typesupport_fastrtps_c.cpython-310-x86_64-linux-gnu.so
[8.112s] -- Up-to-date: /home/certezas/robotis_ws/install/op3_tuning_module_msgs/local/lib/python3.10/dist-packages/op3_tuning_module_msgs/msg
[8.112s] -- Up-to-date: /home/certezas/robotis_ws/install/op3_tuning_module_msgs/local/lib/python3.10/dist-packages/op3_tuning_module_msgs/msg/_joint_torque_on_off_array_s.c
[8.112s] -- Up-to-date: /home/certezas/robotis_ws/install/op3_tuning_module_msgs/local/lib/python3.10/dist-packages/op3_tuning_module_msgs/msg/_joint_offset_data.py
[8.112s] -- Up-to-date: /home/certezas/robotis_ws/install/op3_tuning_module_msgs/local/lib/python3.10/dist-packages/op3_tuning_module_msgs/msg/_joint_offset_position_data_s.c
[8.112s] -- Up-to-date: /home/certezas/robotis_ws/install/op3_tuning_module_msgs/local/lib/python3.10/dist-packages/op3_tuning_module_msgs/msg/__init__.py
[8.112s] -- Up-to-date: /home/certezas/robotis_ws/install/op3_tuning_module_msgs/local/lib/python3.10/dist-packages/op3_tuning_module_msgs/msg/_joint_torque_on_off_s.c
[8.112s] -- Up-to-date: /home/certezas/robotis_ws/install/op3_tuning_module_msgs/local/lib/python3.10/dist-packages/op3_tuning_module_msgs/msg/_joint_torque_on_off_array.py
[8.112s] -- Up-to-date: /home/certezas/robotis_ws/install/op3_tuning_module_msgs/local/lib/python3.10/dist-packages/op3_tuning_module_msgs/msg/_joint_offset_position_data.py
[8.112s] -- Up-to-date: /home/certezas/robotis_ws/install/op3_tuning_module_msgs/local/lib/python3.10/dist-packages/op3_tuning_module_msgs/msg/_joint_offset_data_s.c
[8.112s] -- Up-to-date: /home/certezas/robotis_ws/install/op3_tuning_module_msgs/local/lib/python3.10/dist-packages/op3_tuning_module_msgs/msg/_joint_torque_on_off.py
[8.113s] -- Up-to-date: /home/certezas/robotis_ws/install/op3_tuning_module_msgs/local/lib/python3.10/dist-packages/op3_tuning_module_msgs/_op3_tuning_module_msgs_s.ep.rosidl_typesupport_c.c
[8.314s] Listing '/home/certezas/robotis_ws/install/op3_tuning_module_msgs/local/lib/python3.10/dist-packages/op3_tuning_module_msgs'...
[8.314s] Listing '/home/certezas/robotis_ws/install/op3_tuning_module_msgs/local/lib/python3.10/dist-packages/op3_tuning_module_msgs/msg'...
[8.314s] Listing '/home/certezas/robotis_ws/install/op3_tuning_module_msgs/local/lib/python3.10/dist-packages/op3_tuning_module_msgs/srv'...
[8.348s] -- Up-to-date: /home/certezas/robotis_ws/install/op3_tuning_module_msgs/local/lib/python3.10/dist-packages/op3_tuning_module_msgs/op3_tuning_module_msgs_s__rosidl_typesupport_fastrtps_c.cpython-310-x86_64-linux-gnu.so
[8.348s] -- Up-to-date: /home/certezas/robotis_ws/install/op3_tuning_module_msgs/local/lib/python3.10/dist-packages/op3_tuning_module_msgs/op3_tuning_module_msgs_s__rosidl_typesupport_introspection_c.cpython-310-x86_64-linux-gnu.so
[8.357s] -- Up-to-date: /home/certezas/robotis_ws/install/op3_tuning_module_msgs/local/lib/python3.10/dist-packages/op3_tuning_module_msgs/op3_tuning_module_msgs_s__rosidl_typesupport_c.cpython-310-x86_64-linux-gnu.so
[8.383s] -- Up-to-date: /home/certezas/robotis_ws/install/op3_tuning_module_msgs/lib/libop3_tuning_module_msgs__rosidl_generator_py.so
[8.384s] -- Up-to-date: /home/certezas/robotis_ws/install/op3_tuning_module_msgs/share/op3_tuning_module_msgs/msg/JointOffsetData.idl
[8.384s] -- Up-to-date: /home/certezas/robotis_ws/install/op3_tuning_module_msgs/share/op3_tuning_module_msgs/msg/JointOffsetPositionData.idl
[8.384s] -- Up-to-date: /home/certezas/robotis_ws/install/op3_tuning_module_msgs/share/op3_tuning_module_msgs/msg/JointTorqueOnOff.idl
[8.384s] -- Up-to-date: /home/certezas/robotis_ws/install/op3_tuning_module_msgs/share/op3_tuning_module_msgs/msg/JointTorqueOnOffArray.idl
[8.384s] -- Up-to-date: /home/certezas/robotis_ws/install/op3_tuning_module_msgs/share/op3_tuning_module_msgs/srv/GetPresentJointOffsetData.idl
[8.384s] -- Up-to-date: /home/certezas/robotis_ws/install/op3_tuning_module_msgs/share/op3_tuning_module_msgs/msg/JointOffsetData.msg
[8.384s] -- Up-to-date: /home/certezas/robotis_ws/install/op3_tuning_module_msgs/share/op3_tuning_module_msgs/msg/JointOffsetPositionData.msg
[8.384s] -- Up-to-date: /home/certezas/robotis_ws/install/op3_tuning_module_msgs/share/op3_tuning_module_msgs/msg/JointTorqueOnOff.msg
[8.384s] -- Up-to-date: /home/certezas/robotis_ws/install/op3_tuning_module_msgs/share/op3_tuning_module_msgs/msg/JointTorqueOnOffArray.msg
[8.384s] -- Up-to-date: /home/certezas/robotis_ws/install/op3_tuning_module_msgs/share/op3_tuning_module_msgs/srv/GetPresentJointOffsetData.srv
[8.384s] -- Up-to-date: /home/certezas/robotis_ws/install/op3_tuning_module_msgs/share/op3_tuning_module_msgs/srv/GetPresentJointOffsetData_Request.msg
[8.384s] -- Up-to-date: /home/certezas/robotis_ws/install/op3_tuning_module_msgs/share/op3_tuning_module_msgs/srv/GetPresentJointOffsetData_Response.msg
[8.384s] -- Up-to-date: /home/certezas/robotis_ws/install/op3_tuning_module_msgs/share/ament_index/resource_index/package_run_dependencies/op3_tuning_module_msgs
[8.385s] -- Up-to-date: /home/certezas/robotis_ws/install/op3_tuning_module_msgs/share/ament_index/resource_index/parent_prefix_path/op3_tuning_module_msgs
[8.385s] -- Up-to-date: /home/certezas/robotis_ws/install/op3_tuning_module_msgs/share/op3_tuning_module_msgs/environment/ament_prefix_path.sh
[8.385s] -- Up-to-date: /home/certezas/robotis_ws/install/op3_tuning_module_msgs/share/op3_tuning_module_msgs/environment/ament_prefix_path.dsv
[8.385s] -- Up-to-date: /home/certezas/robotis_ws/install/op3_tuning_module_msgs/share/op3_tuning_module_msgs/environment/path.sh
[8.385s] -- Up-to-date: /home/certezas/robotis_ws/install/op3_tuning_module_msgs/share/op3_tuning_module_msgs/environment/path.dsv
[8.385s] -- Up-to-date: /home/certezas/robotis_ws/install/op3_tuning_module_msgs/share/op3_tuning_module_msgs/local_setup.bash
[8.385s] -- Up-to-date: /home/certezas/robotis_ws/install/op3_tuning_module_msgs/share/op3_tuning_module_msgs/local_setup.sh
[8.385s] -- Up-to-date: /home/certezas/robotis_ws/install/op3_tuning_module_msgs/share/op3_tuning_module_msgs/local_setup.zsh
[8.385s] -- Up-to-date: /home/certezas/robotis_ws/install/op3_tuning_module_msgs/share/op3_tuning_module_msgs/local_setup.dsv
[8.385s] -- Installing: /home/certezas/robotis_ws/install/op3_tuning_module_msgs/share/op3_tuning_module_msgs/package.dsv
[8.427s] -- Up-to-date: /home/certezas/robotis_ws/install/op3_tuning_module_msgs/share/ament_index/resource_index/packages/op3_tuning_module_msgs
[8.476s] -- Up-to-date: /home/certezas/robotis_ws/install/op3_tuning_module_msgs/share/op3_tuning_module_msgs/cmake/export_op3_tuning_module_msgs__rosidl_generator_cExport.cmake
[8.477s] -- Up-to-date: /home/certezas/robotis_ws/install/op3_tuning_module_msgs/share/op3_tuning_module_msgs/cmake/export_op3_tuning_module_msgs__rosidl_generator_cExport-noconfig.cmake
[8.499s] -- Up-to-date: /home/certezas/robotis_ws/install/op3_tuning_module_msgs/share/op3_tuning_module_msgs/cmake/export_op3_tuning_module_msgs__rosidl_typesupport_fastrtps_cExport.cmake
[8.499s] -- Up-to-date: /home/certezas/robotis_ws/install/op3_tuning_module_msgs/share/op3_tuning_module_msgs/cmake/export_op3_tuning_module_msgs__rosidl_typesupport_fastrtps_cExport-noconfig.cmake
[8.499s] -- Up-to-date: /home/certezas/robotis_ws/install/op3_tuning_module_msgs/share/op3_tuning_module_msgs/cmake/export_op3_tuning_module_msgs__rosidl_generator_cppExport.cmake
[8.499s] -- Up-to-date: /home/certezas/robotis_ws/install/op3_tuning_module_msgs/share/op3_tuning_module_msgs/cmake/export_op3_tuning_module_msgs__rosidl_typesupport_fastrtps_cppExport.cmake
[8.499s] -- Up-to-date: /home/certezas/robotis_ws/install/op3_tuning_module_msgs/share/op3_tuning_module_msgs/cmake/export_op3_tuning_module_msgs__rosidl_typesupport_fastrtps_cppExport-noconfig.cmake
[8.500s] -- Up-to-date: /home/certezas/robotis_ws/install/op3_tuning_module_msgs/share/op3_tuning_module_msgs/cmake/op3_tuning_module_msgs__rosidl_typesupport_introspection_cExport.cmake
[8.500s] -- Up-to-date: /home/certezas/robotis_ws/install/op3_tuning_module_msgs/share/op3_tuning_module_msgs/cmake/op3_tuning_module_msgs__rosidl_typesupport_introspection_cExport-noconfig.cmake
[8.500s] -- Up-to-date: /home/certezas/robotis_ws/install/op3_tuning_module_msgs/share/op3_tuning_module_msgs/cmake/op3_tuning_module_msgs__rosidl_typesupport_cExport.cmake
[8.500s] -- Up-to-date: /home/certezas/robotis_ws/install/op3_tuning_module_msgs/share/op3_tuning_module_msgs/cmake/op3_tuning_module_msgs__rosidl_typesupport_cExport-noconfig.cmake
[8.500s] -- Up-to-date: /home/certezas/robotis_ws/install/op3_tuning_module_msgs/share/op3_tuning_module_msgs/cmake/op3_tuning_module_msgs__rosidl_typesupport_introspection_cppExport.cmake
[8.500s] -- Up-to-date: /home/certezas/robotis_ws/install/op3_tuning_module_msgs/share/op3_tuning_module_msgs/cmake/op3_tuning_module_msgs__rosidl_typesupport_introspection_cppExport-noconfig.cmake
[8.501s] -- Up-to-date: /home/certezas/robotis_ws/install/op3_tuning_module_msgs/share/op3_tuning_module_msgs/cmake/op3_tuning_module_msgs__rosidl_typesupport_cppExport.cmake
[8.501s] -- Up-to-date: /home/certezas/robotis_ws/install/op3_tuning_module_msgs/share/op3_tuning_module_msgs/cmake/op3_tuning_module_msgs__rosidl_typesupport_cppExport-noconfig.cmake
[8.501s] -- Up-to-date: /home/certezas/robotis_ws/install/op3_tuning_module_msgs/share/op3_tuning_module_msgs/cmake/export_op3_tuning_module_msgs__rosidl_generator_pyExport.cmake
[8.501s] -- Up-to-date: /home/certezas/robotis_ws/install/op3_tuning_module_msgs/share/op3_tuning_module_msgs/cmake/export_op3_tuning_module_msgs__rosidl_generator_pyExport-noconfig.cmake
[8.501s] -- Up-to-date: /home/certezas/robotis_ws/install/op3_tuning_module_msgs/share/op3_tuning_module_msgs/cmake/rosidl_cmake-extras.cmake
[8.501s] -- Up-to-date: /home/certezas/robotis_ws/install/op3_tuning_module_msgs/share/op3_tuning_module_msgs/cmake/ament_cmake_export_dependencies-extras.cmake
[8.501s] -- Up-to-date: /home/certezas/robotis_ws/install/op3_tuning_module_msgs/share/op3_tuning_module_msgs/cmake/ament_cmake_export_include_directories-extras.cmake
[8.501s] -- Up-to-date: /home/certezas/robotis_ws/install/op3_tuning_module_msgs/share/op3_tuning_module_msgs/cmake/ament_cmake_export_libraries-extras.cmake
[8.501s] -- Up-to-date: /home/certezas/robotis_ws/install/op3_tuning_module_msgs/share/op3_tuning_module_msgs/cmake/ament_cmake_export_targets-extras.cmake
[8.501s] -- Up-to-date: /home/certezas/robotis_ws/install/op3_tuning_module_msgs/share/op3_tuning_module_msgs/cmake/rosidl_cmake_export_typesupport_targets-extras.cmake
[8.501s] -- Up-to-date: /home/certezas/robotis_ws/install/op3_tuning_module_msgs/share/op3_tuning_module_msgs/cmake/rosidl_cmake_export_typesupport_libraries-extras.cmake
[8.502s] -- Up-to-date: /home/certezas/robotis_ws/install/op3_tuning_module_msgs/share/op3_tuning_module_msgs/cmake/op3_tuning_module_msgsConfig.cmake
[8.502s] -- Up-to-date: /home/certezas/robotis_ws/install/op3_tuning_module_msgs/share/op3_tuning_module_msgs/cmake/op3_tuning_module_msgsConfig-version.cmake
[8.502s] -- Up-to-date: /home/certezas/robotis_ws/install/op3_tuning_module_msgs/share/op3_tuning_module_msgs/package.xml
[9.315s] Invoked command in '/home/certezas/robotis_ws/build/op3_tuning_module_msgs' returned '0': CMAKE_PREFIX_PATH=${CMAKE_PREFIX_PATH}:/opt/ros/humble /usr/bin/cmake --install /home/certezas/robotis_ws/build/op3_tuning_module_msgs
