[0.873s] Invoking command in '/home/certezas/robotis_ws/build/op3_webots_ros2': CMAKE_PREFIX_PATH=${CMAKE_PREFIX_PATH}:/opt/ros/humble /usr/bin/cmake --build /home/certezas/robotis_ws/build/op3_webots_ros2 -- -j12 -l12
[1.128s] [100%] Built target op3_extern_controller
[1.465s] Invoked command in '/home/certezas/robotis_ws/build/op3_webots_ros2' returned '0': CMAKE_PREFIX_PATH=${CMAKE_PREFIX_PATH}:/opt/ros/humble /usr/bin/cmake --build /home/certezas/robotis_ws/build/op3_webots_ros2 -- -j12 -l12
[1.490s] Invoking command in '/home/certezas/robotis_ws/build/op3_webots_ros2': CMAKE_PREFIX_PATH=${CMAKE_PREFIX_PATH}:/opt/ros/humble /usr/bin/cmake --install /home/certezas/robotis_ws/build/op3_webots_ros2
[1.500s] -- Install configuration: ""
[1.647s] -- Up-to-date: /home/certezas/robotis_ws/install/op3_webots_ros2/lib/op3_webots_ros2/op3_extern_controller
[1.648s] -- Up-to-date: /home/certezas/robotis_ws/install/op3_webots_ros2/include/op3_webots_ros2
[1.648s] -- Up-to-date: /home/certezas/robotis_ws/install/op3_webots_ros2/include/op3_webots_ros2/op3_extern_controller.hpp
[1.648s] -- Up-to-date: /home/certezas/robotis_ws/install/op3_webots_ros2/share/op3_webots_ros2//launch
[1.648s] -- Up-to-date: /home/certezas/robotis_ws/install/op3_webots_ros2/share/op3_webots_ros2//launch/robot_launch.py
[1.648s] -- Up-to-date: /home/certezas/robotis_ws/install/op3_webots_ros2/share/op3_webots_ros2//resource
[1.648s] -- Up-to-date: /home/certezas/robotis_ws/install/op3_webots_ros2/share/op3_webots_ros2//resource/op3_pid_gain_default.yaml
[1.648s] -- Up-to-date: /home/certezas/robotis_ws/install/op3_webots_ros2/share/op3_webots_ros2//images
[1.648s] -- Up-to-date: /home/certezas/robotis_ws/install/op3_webots_ros2/share/op3_webots_ros2//images/grid.png
[1.648s] -- Up-to-date: /home/certezas/robotis_ws/install/op3_webots_ros2/share/op3_webots_ros2//protos
[1.648s] -- Up-to-date: /home/certezas/robotis_ws/install/op3_webots_ros2/share/op3_webots_ros2//protos/RobotisOp3.proto
[1.648s] -- Up-to-date: /home/certezas/robotis_ws/install/op3_webots_ros2/share/op3_webots_ros2//worlds
[1.648s] -- Up-to-date: /home/certezas/robotis_ws/install/op3_webots_ros2/share/op3_webots_ros2//worlds/robotis_op3_extern.wbt
[1.649s] -- Up-to-date: /home/certezas/robotis_ws/install/op3_webots_ros2/share/op3_webots_ros2//worlds/.robotis_op3_extern.wbproj
[1.649s] -- Up-to-date: /home/certezas/robotis_ws/install/op3_webots_ros2/share/op3_webots_ros2//worlds/.robotis_op3_extern.jpg
[1.649s] -- Up-to-date: /home/certezas/robotis_ws/install/op3_webots_ros2/share/op3_webots_ros2//worlds/my_world.wbt
[1.649s] -- Up-to-date: /home/certezas/robotis_ws/install/op3_webots_ros2/share/ament_index/resource_index/package_run_dependencies/op3_webots_ros2
[1.649s] -- Up-to-date: /home/certezas/robotis_ws/install/op3_webots_ros2/share/ament_index/resource_index/parent_prefix_path/op3_webots_ros2
[1.649s] -- Up-to-date: /home/certezas/robotis_ws/install/op3_webots_ros2/share/op3_webots_ros2/environment/ament_prefix_path.sh
[1.649s] -- Up-to-date: /home/certezas/robotis_ws/install/op3_webots_ros2/share/op3_webots_ros2/environment/ament_prefix_path.dsv
[1.649s] -- Up-to-date: /home/certezas/robotis_ws/install/op3_webots_ros2/share/op3_webots_ros2/environment/path.sh
[1.649s] -- Up-to-date: /home/certezas/robotis_ws/install/op3_webots_ros2/share/op3_webots_ros2/environment/path.dsv
[1.649s] -- Up-to-date: /home/certezas/robotis_ws/install/op3_webots_ros2/share/op3_webots_ros2/local_setup.bash
[1.649s] -- Up-to-date: /home/certezas/robotis_ws/install/op3_webots_ros2/share/op3_webots_ros2/local_setup.sh
[1.649s] -- Up-to-date: /home/certezas/robotis_ws/install/op3_webots_ros2/share/op3_webots_ros2/local_setup.zsh
[1.650s] -- Up-to-date: /home/certezas/robotis_ws/install/op3_webots_ros2/share/op3_webots_ros2/local_setup.dsv
[1.650s] -- Installing: /home/certezas/robotis_ws/install/op3_webots_ros2/share/op3_webots_ros2/package.dsv
[1.656s] -- Up-to-date: /home/certezas/robotis_ws/install/op3_webots_ros2/share/ament_index/resource_index/packages/op3_webots_ros2
[1.656s] -- Up-to-date: /home/certezas/robotis_ws/install/op3_webots_ros2/share/op3_webots_ros2/cmake/op3_webots_ros2Config.cmake
[1.656s] -- Up-to-date: /home/certezas/robotis_ws/install/op3_webots_ros2/share/op3_webots_ros2/cmake/op3_webots_ros2Config-version.cmake
[1.656s] -- Up-to-date: /home/certezas/robotis_ws/install/op3_webots_ros2/share/op3_webots_ros2/package.xml
[1.907s] Invoked command in '/home/certezas/robotis_ws/build/op3_webots_ros2' returned '0': CMAKE_PREFIX_PATH=${CMAKE_PREFIX_PATH}:/opt/ros/humble /usr/bin/cmake --install /home/certezas/robotis_ws/build/op3_webots_ros2
