[ 11%] Built target op3_camera_setting_tool_msgs__rosidl_generator_c
[ 12%] Built target op3_camera_setting_tool_msgs__cpp
[ 23%] Built target op3_camera_setting_tool_msgs__rosidl_typesupport_fastrtps_cpp
[ 34%] Built target op3_camera_setting_tool_msgs__rosidl_typesupport_cpp
[ 46%] Built target op3_camera_setting_tool_msgs__rosidl_typesupport_introspection_cpp
[ 46%] Built target ament_cmake_python_copy_op3_camera_setting_tool_msgs
[ 57%] Built target op3_camera_setting_tool_msgs__rosidl_typesupport_fastrtps_c
[ 68%] Built target op3_camera_setting_tool_msgs__rosidl_typesupport_introspection_c
[ 79%] Built target op3_camera_setting_tool_msgs__rosidl_typesupport_c
[ 79%] Built target op3_camera_setting_tool_msgs
[ 80%] Built target op3_camera_setting_tool_msgs__py
[ 90%] Built target op3_camera_setting_tool_msgs__rosidl_generator_py
[ 93%] Built target op3_camera_setting_tool_msgs__rosidl_typesupport_fastrtps_c__pyext
[ 96%] Built target op3_camera_setting_tool_msgs__rosidl_typesupport_introspection_c__pyext
[100%] Built target op3_camera_setting_tool_msgs__rosidl_typesupport_c__pyext
running egg_info
writing op3_camera_setting_tool_msgs.egg-info/PKG-INFO
writing dependency_links to op3_camera_setting_tool_msgs.egg-info/dependency_links.txt
writing top-level names to op3_camera_setting_tool_msgs.egg-info/top_level.txt
reading manifest file 'op3_camera_setting_tool_msgs.egg-info/SOURCES.txt'
writing manifest file 'op3_camera_setting_tool_msgs.egg-info/SOURCES.txt'
[100%] Built target ament_cmake_python_build_op3_camera_setting_tool_msgs_egg
-- Install configuration: ""
-- Up-to-date: /home/certezas/robotis_ws/install/op3_camera_setting_tool_msgs/share/ament_index/resource_index/rosidl_interfaces/op3_camera_setting_tool_msgs
-- Up-to-date: /home/certezas/robotis_ws/install/op3_camera_setting_tool_msgs/include/op3_camera_setting_tool_msgs/op3_camera_setting_tool_msgs
-- Up-to-date: /home/certezas/robotis_ws/install/op3_camera_setting_tool_msgs/include/op3_camera_setting_tool_msgs/op3_camera_setting_tool_msgs/srv
-- Up-to-date: /home/certezas/robotis_ws/install/op3_camera_setting_tool_msgs/include/op3_camera_setting_tool_msgs/op3_camera_setting_tool_msgs/srv/get_parameters.h
-- Up-to-date: /home/certezas/robotis_ws/install/op3_camera_setting_tool_msgs/include/op3_camera_setting_tool_msgs/op3_camera_setting_tool_msgs/srv/set_parameters.h
-- Up-to-date: /home/certezas/robotis_ws/install/op3_camera_setting_tool_msgs/include/op3_camera_setting_tool_msgs/op3_camera_setting_tool_msgs/srv/detail
-- Up-to-date: /home/certezas/robotis_ws/install/op3_camera_setting_tool_msgs/include/op3_camera_setting_tool_msgs/op3_camera_setting_tool_msgs/srv/detail/set_parameters__struct.h
-- Up-to-date: /home/certezas/robotis_ws/install/op3_camera_setting_tool_msgs/include/op3_camera_setting_tool_msgs/op3_camera_setting_tool_msgs/srv/detail/set_parameters__type_support.h
-- Up-to-date: /home/certezas/robotis_ws/install/op3_camera_setting_tool_msgs/include/op3_camera_setting_tool_msgs/op3_camera_setting_tool_msgs/srv/detail/get_parameters__functions.c
-- Up-to-date: /home/certezas/robotis_ws/install/op3_camera_setting_tool_msgs/include/op3_camera_setting_tool_msgs/op3_camera_setting_tool_msgs/srv/detail/set_parameters__functions.h
-- Up-to-date: /home/certezas/robotis_ws/install/op3_camera_setting_tool_msgs/include/op3_camera_setting_tool_msgs/op3_camera_setting_tool_msgs/srv/detail/get_parameters__type_support.h
-- Up-to-date: /home/certezas/robotis_ws/install/op3_camera_setting_tool_msgs/include/op3_camera_setting_tool_msgs/op3_camera_setting_tool_msgs/srv/detail/set_parameters__functions.c
-- Up-to-date: /home/certezas/robotis_ws/install/op3_camera_setting_tool_msgs/include/op3_camera_setting_tool_msgs/op3_camera_setting_tool_msgs/srv/detail/get_parameters__struct.h
-- Up-to-date: /home/certezas/robotis_ws/install/op3_camera_setting_tool_msgs/include/op3_camera_setting_tool_msgs/op3_camera_setting_tool_msgs/srv/detail/get_parameters__functions.h
-- Up-to-date: /home/certezas/robotis_ws/install/op3_camera_setting_tool_msgs/include/op3_camera_setting_tool_msgs/op3_camera_setting_tool_msgs/msg
-- Up-to-date: /home/certezas/robotis_ws/install/op3_camera_setting_tool_msgs/include/op3_camera_setting_tool_msgs/op3_camera_setting_tool_msgs/msg/rosidl_generator_c__visibility_control.h
-- Up-to-date: /home/certezas/robotis_ws/install/op3_camera_setting_tool_msgs/include/op3_camera_setting_tool_msgs/op3_camera_setting_tool_msgs/msg/v4l_parameter.h
-- Up-to-date: /home/certezas/robotis_ws/install/op3_camera_setting_tool_msgs/include/op3_camera_setting_tool_msgs/op3_camera_setting_tool_msgs/msg/v4l_parameters.h
-- Up-to-date: /home/certezas/robotis_ws/install/op3_camera_setting_tool_msgs/include/op3_camera_setting_tool_msgs/op3_camera_setting_tool_msgs/msg/camera_params.h
-- Up-to-date: /home/certezas/robotis_ws/install/op3_camera_setting_tool_msgs/include/op3_camera_setting_tool_msgs/op3_camera_setting_tool_msgs/msg/detail
-- Up-to-date: /home/certezas/robotis_ws/install/op3_camera_setting_tool_msgs/include/op3_camera_setting_tool_msgs/op3_camera_setting_tool_msgs/msg/detail/camera_params__functions.c
-- Up-to-date: /home/certezas/robotis_ws/install/op3_camera_setting_tool_msgs/include/op3_camera_setting_tool_msgs/op3_camera_setting_tool_msgs/msg/detail/camera_params__functions.h
-- Up-to-date: /home/certezas/robotis_ws/install/op3_camera_setting_tool_msgs/include/op3_camera_setting_tool_msgs/op3_camera_setting_tool_msgs/msg/detail/v4l_parameters__functions.h
-- Up-to-date: /home/certezas/robotis_ws/install/op3_camera_setting_tool_msgs/include/op3_camera_setting_tool_msgs/op3_camera_setting_tool_msgs/msg/detail/v4l_parameters__struct.h
-- Up-to-date: /home/certezas/robotis_ws/install/op3_camera_setting_tool_msgs/include/op3_camera_setting_tool_msgs/op3_camera_setting_tool_msgs/msg/detail/v4l_parameters__type_support.h
-- Up-to-date: /home/certezas/robotis_ws/install/op3_camera_setting_tool_msgs/include/op3_camera_setting_tool_msgs/op3_camera_setting_tool_msgs/msg/detail/v4l_parameter__functions.c
-- Up-to-date: /home/certezas/robotis_ws/install/op3_camera_setting_tool_msgs/include/op3_camera_setting_tool_msgs/op3_camera_setting_tool_msgs/msg/detail/camera_params__struct.h
-- Up-to-date: /home/certezas/robotis_ws/install/op3_camera_setting_tool_msgs/include/op3_camera_setting_tool_msgs/op3_camera_setting_tool_msgs/msg/detail/v4l_parameter__type_support.h
-- Up-to-date: /home/certezas/robotis_ws/install/op3_camera_setting_tool_msgs/include/op3_camera_setting_tool_msgs/op3_camera_setting_tool_msgs/msg/detail/camera_params__type_support.h
-- Up-to-date: /home/certezas/robotis_ws/install/op3_camera_setting_tool_msgs/include/op3_camera_setting_tool_msgs/op3_camera_setting_tool_msgs/msg/detail/v4l_parameter__struct.h
-- Up-to-date: /home/certezas/robotis_ws/install/op3_camera_setting_tool_msgs/include/op3_camera_setting_tool_msgs/op3_camera_setting_tool_msgs/msg/detail/v4l_parameters__functions.c
-- Up-to-date: /home/certezas/robotis_ws/install/op3_camera_setting_tool_msgs/include/op3_camera_setting_tool_msgs/op3_camera_setting_tool_msgs/msg/detail/v4l_parameter__functions.h
-- Up-to-date: /home/certezas/robotis_ws/install/op3_camera_setting_tool_msgs/share/op3_camera_setting_tool_msgs/environment/library_path.sh
-- Up-to-date: /home/certezas/robotis_ws/install/op3_camera_setting_tool_msgs/share/op3_camera_setting_tool_msgs/environment/library_path.dsv
-- Up-to-date: /home/certezas/robotis_ws/install/op3_camera_setting_tool_msgs/lib/libop3_camera_setting_tool_msgs__rosidl_generator_c.so
-- Up-to-date: /home/certezas/robotis_ws/install/op3_camera_setting_tool_msgs/include/op3_camera_setting_tool_msgs/op3_camera_setting_tool_msgs
-- Up-to-date: /home/certezas/robotis_ws/install/op3_camera_setting_tool_msgs/include/op3_camera_setting_tool_msgs/op3_camera_setting_tool_msgs/srv
-- Up-to-date: /home/certezas/robotis_ws/install/op3_camera_setting_tool_msgs/include/op3_camera_setting_tool_msgs/op3_camera_setting_tool_msgs/srv/detail
-- Up-to-date: /home/certezas/robotis_ws/install/op3_camera_setting_tool_msgs/include/op3_camera_setting_tool_msgs/op3_camera_setting_tool_msgs/srv/detail/get_parameters__rosidl_typesupport_fastrtps_c.h
-- Up-to-date: /home/certezas/robotis_ws/install/op3_camera_setting_tool_msgs/include/op3_camera_setting_tool_msgs/op3_camera_setting_tool_msgs/srv/detail/set_parameters__rosidl_typesupport_fastrtps_c.h
-- Up-to-date: /home/certezas/robotis_ws/install/op3_camera_setting_tool_msgs/include/op3_camera_setting_tool_msgs/op3_camera_setting_tool_msgs/msg
-- Up-to-date: /home/certezas/robotis_ws/install/op3_camera_setting_tool_msgs/include/op3_camera_setting_tool_msgs/op3_camera_setting_tool_msgs/msg/detail
-- Up-to-date: /home/certezas/robotis_ws/install/op3_camera_setting_tool_msgs/include/op3_camera_setting_tool_msgs/op3_camera_setting_tool_msgs/msg/detail/v4l_parameters__rosidl_typesupport_fastrtps_c.h
-- Up-to-date: /home/certezas/robotis_ws/install/op3_camera_setting_tool_msgs/include/op3_camera_setting_tool_msgs/op3_camera_setting_tool_msgs/msg/detail/v4l_parameter__rosidl_typesupport_fastrtps_c.h
-- Up-to-date: /home/certezas/robotis_ws/install/op3_camera_setting_tool_msgs/include/op3_camera_setting_tool_msgs/op3_camera_setting_tool_msgs/msg/detail/camera_params__rosidl_typesupport_fastrtps_c.h
-- Up-to-date: /home/certezas/robotis_ws/install/op3_camera_setting_tool_msgs/include/op3_camera_setting_tool_msgs/op3_camera_setting_tool_msgs/msg/rosidl_typesupport_fastrtps_c__visibility_control.h
-- Up-to-date: /home/certezas/robotis_ws/install/op3_camera_setting_tool_msgs/lib/libop3_camera_setting_tool_msgs__rosidl_typesupport_fastrtps_c.so
-- Up-to-date: /home/certezas/robotis_ws/install/op3_camera_setting_tool_msgs/include/op3_camera_setting_tool_msgs/op3_camera_setting_tool_msgs
-- Up-to-date: /home/certezas/robotis_ws/install/op3_camera_setting_tool_msgs/include/op3_camera_setting_tool_msgs/op3_camera_setting_tool_msgs/srv
-- Up-to-date: /home/certezas/robotis_ws/install/op3_camera_setting_tool_msgs/include/op3_camera_setting_tool_msgs/op3_camera_setting_tool_msgs/srv/set_parameters.hpp
-- Up-to-date: /home/certezas/robotis_ws/install/op3_camera_setting_tool_msgs/include/op3_camera_setting_tool_msgs/op3_camera_setting_tool_msgs/srv/get_parameters.hpp
-- Up-to-date: /home/certezas/robotis_ws/install/op3_camera_setting_tool_msgs/include/op3_camera_setting_tool_msgs/op3_camera_setting_tool_msgs/srv/detail
-- Up-to-date: /home/certezas/robotis_ws/install/op3_camera_setting_tool_msgs/include/op3_camera_setting_tool_msgs/op3_camera_setting_tool_msgs/srv/detail/get_parameters__struct.hpp
-- Up-to-date: /home/certezas/robotis_ws/install/op3_camera_setting_tool_msgs/include/op3_camera_setting_tool_msgs/op3_camera_setting_tool_msgs/srv/detail/set_parameters__type_support.hpp
-- Up-to-date: /home/certezas/robotis_ws/install/op3_camera_setting_tool_msgs/include/op3_camera_setting_tool_msgs/op3_camera_setting_tool_msgs/srv/detail/get_parameters__builder.hpp
-- Up-to-date: /home/certezas/robotis_ws/install/op3_camera_setting_tool_msgs/include/op3_camera_setting_tool_msgs/op3_camera_setting_tool_msgs/srv/detail/set_parameters__traits.hpp
-- Up-to-date: /home/certezas/robotis_ws/install/op3_camera_setting_tool_msgs/include/op3_camera_setting_tool_msgs/op3_camera_setting_tool_msgs/srv/detail/get_parameters__type_support.hpp
-- Up-to-date: /home/certezas/robotis_ws/install/op3_camera_setting_tool_msgs/include/op3_camera_setting_tool_msgs/op3_camera_setting_tool_msgs/srv/detail/get_parameters__traits.hpp
-- Up-to-date: /home/certezas/robotis_ws/install/op3_camera_setting_tool_msgs/include/op3_camera_setting_tool_msgs/op3_camera_setting_tool_msgs/srv/detail/set_parameters__struct.hpp
-- Up-to-date: /home/certezas/robotis_ws/install/op3_camera_setting_tool_msgs/include/op3_camera_setting_tool_msgs/op3_camera_setting_tool_msgs/srv/detail/set_parameters__builder.hpp
-- Up-to-date: /home/certezas/robotis_ws/install/op3_camera_setting_tool_msgs/include/op3_camera_setting_tool_msgs/op3_camera_setting_tool_msgs/msg
-- Up-to-date: /home/certezas/robotis_ws/install/op3_camera_setting_tool_msgs/include/op3_camera_setting_tool_msgs/op3_camera_setting_tool_msgs/msg/camera_params.hpp
-- Up-to-date: /home/certezas/robotis_ws/install/op3_camera_setting_tool_msgs/include/op3_camera_setting_tool_msgs/op3_camera_setting_tool_msgs/msg/v4l_parameter.hpp
-- Up-to-date: /home/certezas/robotis_ws/install/op3_camera_setting_tool_msgs/include/op3_camera_setting_tool_msgs/op3_camera_setting_tool_msgs/msg/v4l_parameters.hpp
-- Up-to-date: /home/certezas/robotis_ws/install/op3_camera_setting_tool_msgs/include/op3_camera_setting_tool_msgs/op3_camera_setting_tool_msgs/msg/rosidl_generator_cpp__visibility_control.hpp
-- Up-to-date: /home/certezas/robotis_ws/install/op3_camera_setting_tool_msgs/include/op3_camera_setting_tool_msgs/op3_camera_setting_tool_msgs/msg/detail
-- Up-to-date: /home/certezas/robotis_ws/install/op3_camera_setting_tool_msgs/include/op3_camera_setting_tool_msgs/op3_camera_setting_tool_msgs/msg/detail/v4l_parameter__struct.hpp
-- Up-to-date: /home/certezas/robotis_ws/install/op3_camera_setting_tool_msgs/include/op3_camera_setting_tool_msgs/op3_camera_setting_tool_msgs/msg/detail/v4l_parameters__traits.hpp
-- Up-to-date: /home/certezas/robotis_ws/install/op3_camera_setting_tool_msgs/include/op3_camera_setting_tool_msgs/op3_camera_setting_tool_msgs/msg/detail/camera_params__traits.hpp
-- Up-to-date: /home/certezas/robotis_ws/install/op3_camera_setting_tool_msgs/include/op3_camera_setting_tool_msgs/op3_camera_setting_tool_msgs/msg/detail/v4l_parameters__type_support.hpp
-- Up-to-date: /home/certezas/robotis_ws/install/op3_camera_setting_tool_msgs/include/op3_camera_setting_tool_msgs/op3_camera_setting_tool_msgs/msg/detail/camera_params__builder.hpp
-- Up-to-date: /home/certezas/robotis_ws/install/op3_camera_setting_tool_msgs/include/op3_camera_setting_tool_msgs/op3_camera_setting_tool_msgs/msg/detail/v4l_parameters__struct.hpp
-- Up-to-date: /home/certezas/robotis_ws/install/op3_camera_setting_tool_msgs/include/op3_camera_setting_tool_msgs/op3_camera_setting_tool_msgs/msg/detail/v4l_parameter__type_support.hpp
-- Up-to-date: /home/certezas/robotis_ws/install/op3_camera_setting_tool_msgs/include/op3_camera_setting_tool_msgs/op3_camera_setting_tool_msgs/msg/detail/camera_params__type_support.hpp
-- Up-to-date: /home/certezas/robotis_ws/install/op3_camera_setting_tool_msgs/include/op3_camera_setting_tool_msgs/op3_camera_setting_tool_msgs/msg/detail/v4l_parameters__builder.hpp
-- Up-to-date: /home/certezas/robotis_ws/install/op3_camera_setting_tool_msgs/include/op3_camera_setting_tool_msgs/op3_camera_setting_tool_msgs/msg/detail/v4l_parameter__builder.hpp
-- Up-to-date: /home/certezas/robotis_ws/install/op3_camera_setting_tool_msgs/include/op3_camera_setting_tool_msgs/op3_camera_setting_tool_msgs/msg/detail/v4l_parameter__traits.hpp
-- Up-to-date: /home/certezas/robotis_ws/install/op3_camera_setting_tool_msgs/include/op3_camera_setting_tool_msgs/op3_camera_setting_tool_msgs/msg/detail/camera_params__struct.hpp
-- Up-to-date: /home/certezas/robotis_ws/install/op3_camera_setting_tool_msgs/include/op3_camera_setting_tool_msgs/op3_camera_setting_tool_msgs
-- Up-to-date: /home/certezas/robotis_ws/install/op3_camera_setting_tool_msgs/include/op3_camera_setting_tool_msgs/op3_camera_setting_tool_msgs/srv
-- Up-to-date: /home/certezas/robotis_ws/install/op3_camera_setting_tool_msgs/include/op3_camera_setting_tool_msgs/op3_camera_setting_tool_msgs/srv/detail
-- Up-to-date: /home/certezas/robotis_ws/install/op3_camera_setting_tool_msgs/include/op3_camera_setting_tool_msgs/op3_camera_setting_tool_msgs/srv/detail/get_parameters__rosidl_typesupport_fastrtps_cpp.hpp
-- Up-to-date: /home/certezas/robotis_ws/install/op3_camera_setting_tool_msgs/include/op3_camera_setting_tool_msgs/op3_camera_setting_tool_msgs/srv/detail/dds_fastrtps
-- Up-to-date: /home/certezas/robotis_ws/install/op3_camera_setting_tool_msgs/include/op3_camera_setting_tool_msgs/op3_camera_setting_tool_msgs/srv/detail/set_parameters__rosidl_typesupport_fastrtps_cpp.hpp
-- Up-to-date: /home/certezas/robotis_ws/install/op3_camera_setting_tool_msgs/include/op3_camera_setting_tool_msgs/op3_camera_setting_tool_msgs/msg
-- Up-to-date: /home/certezas/robotis_ws/install/op3_camera_setting_tool_msgs/include/op3_camera_setting_tool_msgs/op3_camera_setting_tool_msgs/msg/rosidl_typesupport_fastrtps_cpp__visibility_control.h
-- Up-to-date: /home/certezas/robotis_ws/install/op3_camera_setting_tool_msgs/include/op3_camera_setting_tool_msgs/op3_camera_setting_tool_msgs/msg/detail
-- Up-to-date: /home/certezas/robotis_ws/install/op3_camera_setting_tool_msgs/include/op3_camera_setting_tool_msgs/op3_camera_setting_tool_msgs/msg/detail/camera_params__rosidl_typesupport_fastrtps_cpp.hpp
-- Up-to-date: /home/certezas/robotis_ws/install/op3_camera_setting_tool_msgs/include/op3_camera_setting_tool_msgs/op3_camera_setting_tool_msgs/msg/detail/dds_fastrtps
-- Up-to-date: /home/certezas/robotis_ws/install/op3_camera_setting_tool_msgs/include/op3_camera_setting_tool_msgs/op3_camera_setting_tool_msgs/msg/detail/v4l_parameter__rosidl_typesupport_fastrtps_cpp.hpp
-- Up-to-date: /home/certezas/robotis_ws/install/op3_camera_setting_tool_msgs/include/op3_camera_setting_tool_msgs/op3_camera_setting_tool_msgs/msg/detail/v4l_parameters__rosidl_typesupport_fastrtps_cpp.hpp
-- Up-to-date: /home/certezas/robotis_ws/install/op3_camera_setting_tool_msgs/lib/libop3_camera_setting_tool_msgs__rosidl_typesupport_fastrtps_cpp.so
-- Up-to-date: /home/certezas/robotis_ws/install/op3_camera_setting_tool_msgs/include/op3_camera_setting_tool_msgs/op3_camera_setting_tool_msgs
-- Up-to-date: /home/certezas/robotis_ws/install/op3_camera_setting_tool_msgs/include/op3_camera_setting_tool_msgs/op3_camera_setting_tool_msgs/srv
-- Up-to-date: /home/certezas/robotis_ws/install/op3_camera_setting_tool_msgs/include/op3_camera_setting_tool_msgs/op3_camera_setting_tool_msgs/srv/detail
-- Up-to-date: /home/certezas/robotis_ws/install/op3_camera_setting_tool_msgs/include/op3_camera_setting_tool_msgs/op3_camera_setting_tool_msgs/srv/detail/set_parameters__type_support.c
-- Up-to-date: /home/certezas/robotis_ws/install/op3_camera_setting_tool_msgs/include/op3_camera_setting_tool_msgs/op3_camera_setting_tool_msgs/srv/detail/set_parameters__rosidl_typesupport_introspection_c.h
-- Up-to-date: /home/certezas/robotis_ws/install/op3_camera_setting_tool_msgs/include/op3_camera_setting_tool_msgs/op3_camera_setting_tool_msgs/srv/detail/get_parameters__type_support.c
-- Up-to-date: /home/certezas/robotis_ws/install/op3_camera_setting_tool_msgs/include/op3_camera_setting_tool_msgs/op3_camera_setting_tool_msgs/srv/detail/get_parameters__rosidl_typesupport_introspection_c.h
-- Up-to-date: /home/certezas/robotis_ws/install/op3_camera_setting_tool_msgs/include/op3_camera_setting_tool_msgs/op3_camera_setting_tool_msgs/msg
-- Up-to-date: /home/certezas/robotis_ws/install/op3_camera_setting_tool_msgs/include/op3_camera_setting_tool_msgs/op3_camera_setting_tool_msgs/msg/rosidl_typesupport_introspection_c__visibility_control.h
-- Up-to-date: /home/certezas/robotis_ws/install/op3_camera_setting_tool_msgs/include/op3_camera_setting_tool_msgs/op3_camera_setting_tool_msgs/msg/detail
-- Up-to-date: /home/certezas/robotis_ws/install/op3_camera_setting_tool_msgs/include/op3_camera_setting_tool_msgs/op3_camera_setting_tool_msgs/msg/detail/v4l_parameter__type_support.c
-- Up-to-date: /home/certezas/robotis_ws/install/op3_camera_setting_tool_msgs/include/op3_camera_setting_tool_msgs/op3_camera_setting_tool_msgs/msg/detail/v4l_parameters__rosidl_typesupport_introspection_c.h
-- Up-to-date: /home/certezas/robotis_ws/install/op3_camera_setting_tool_msgs/include/op3_camera_setting_tool_msgs/op3_camera_setting_tool_msgs/msg/detail/camera_params__rosidl_typesupport_introspection_c.h
-- Up-to-date: /home/certezas/robotis_ws/install/op3_camera_setting_tool_msgs/include/op3_camera_setting_tool_msgs/op3_camera_setting_tool_msgs/msg/detail/v4l_parameter__rosidl_typesupport_introspection_c.h
-- Up-to-date: /home/certezas/robotis_ws/install/op3_camera_setting_tool_msgs/include/op3_camera_setting_tool_msgs/op3_camera_setting_tool_msgs/msg/detail/v4l_parameters__type_support.c
-- Up-to-date: /home/certezas/robotis_ws/install/op3_camera_setting_tool_msgs/include/op3_camera_setting_tool_msgs/op3_camera_setting_tool_msgs/msg/detail/camera_params__type_support.c
-- Up-to-date: /home/certezas/robotis_ws/install/op3_camera_setting_tool_msgs/lib/libop3_camera_setting_tool_msgs__rosidl_typesupport_introspection_c.so
-- Up-to-date: /home/certezas/robotis_ws/install/op3_camera_setting_tool_msgs/lib/libop3_camera_setting_tool_msgs__rosidl_typesupport_c.so
-- Up-to-date: /home/certezas/robotis_ws/install/op3_camera_setting_tool_msgs/include/op3_camera_setting_tool_msgs/op3_camera_setting_tool_msgs
-- Up-to-date: /home/certezas/robotis_ws/install/op3_camera_setting_tool_msgs/include/op3_camera_setting_tool_msgs/op3_camera_setting_tool_msgs/srv
-- Up-to-date: /home/certezas/robotis_ws/install/op3_camera_setting_tool_msgs/include/op3_camera_setting_tool_msgs/op3_camera_setting_tool_msgs/srv/detail
-- Up-to-date: /home/certezas/robotis_ws/install/op3_camera_setting_tool_msgs/include/op3_camera_setting_tool_msgs/op3_camera_setting_tool_msgs/srv/detail/set_parameters__type_support.cpp
-- Up-to-date: /home/certezas/robotis_ws/install/op3_camera_setting_tool_msgs/include/op3_camera_setting_tool_msgs/op3_camera_setting_tool_msgs/srv/detail/get_parameters__type_support.cpp
-- Up-to-date: /home/certezas/robotis_ws/install/op3_camera_setting_tool_msgs/include/op3_camera_setting_tool_msgs/op3_camera_setting_tool_msgs/srv/detail/get_parameters__rosidl_typesupport_introspection_cpp.hpp
-- Up-to-date: /home/certezas/robotis_ws/install/op3_camera_setting_tool_msgs/include/op3_camera_setting_tool_msgs/op3_camera_setting_tool_msgs/srv/detail/set_parameters__rosidl_typesupport_introspection_cpp.hpp
-- Up-to-date: /home/certezas/robotis_ws/install/op3_camera_setting_tool_msgs/include/op3_camera_setting_tool_msgs/op3_camera_setting_tool_msgs/msg
-- Up-to-date: /home/certezas/robotis_ws/install/op3_camera_setting_tool_msgs/include/op3_camera_setting_tool_msgs/op3_camera_setting_tool_msgs/msg/detail
-- Up-to-date: /home/certezas/robotis_ws/install/op3_camera_setting_tool_msgs/include/op3_camera_setting_tool_msgs/op3_camera_setting_tool_msgs/msg/detail/v4l_parameters__rosidl_typesupport_introspection_cpp.hpp
-- Up-to-date: /home/certezas/robotis_ws/install/op3_camera_setting_tool_msgs/include/op3_camera_setting_tool_msgs/op3_camera_setting_tool_msgs/msg/detail/v4l_parameter__type_support.cpp
-- Up-to-date: /home/certezas/robotis_ws/install/op3_camera_setting_tool_msgs/include/op3_camera_setting_tool_msgs/op3_camera_setting_tool_msgs/msg/detail/camera_params__rosidl_typesupport_introspection_cpp.hpp
-- Up-to-date: /home/certezas/robotis_ws/install/op3_camera_setting_tool_msgs/include/op3_camera_setting_tool_msgs/op3_camera_setting_tool_msgs/msg/detail/v4l_parameters__type_support.cpp
-- Up-to-date: /home/certezas/robotis_ws/install/op3_camera_setting_tool_msgs/include/op3_camera_setting_tool_msgs/op3_camera_setting_tool_msgs/msg/detail/v4l_parameter__rosidl_typesupport_introspection_cpp.hpp
-- Up-to-date: /home/certezas/robotis_ws/install/op3_camera_setting_tool_msgs/include/op3_camera_setting_tool_msgs/op3_camera_setting_tool_msgs/msg/detail/camera_params__type_support.cpp
-- Up-to-date: /home/certezas/robotis_ws/install/op3_camera_setting_tool_msgs/lib/libop3_camera_setting_tool_msgs__rosidl_typesupport_introspection_cpp.so
-- Up-to-date: /home/certezas/robotis_ws/install/op3_camera_setting_tool_msgs/lib/libop3_camera_setting_tool_msgs__rosidl_typesupport_cpp.so
-- Up-to-date: /home/certezas/robotis_ws/install/op3_camera_setting_tool_msgs/share/op3_camera_setting_tool_msgs/environment/pythonpath.sh
-- Up-to-date: /home/certezas/robotis_ws/install/op3_camera_setting_tool_msgs/share/op3_camera_setting_tool_msgs/environment/pythonpath.dsv
-- Up-to-date: /home/certezas/robotis_ws/install/op3_camera_setting_tool_msgs/local/lib/python3.10/dist-packages/op3_camera_setting_tool_msgs-0.1.0-py3.10.egg-info
-- Installing: /home/certezas/robotis_ws/install/op3_camera_setting_tool_msgs/local/lib/python3.10/dist-packages/op3_camera_setting_tool_msgs-0.1.0-py3.10.egg-info/PKG-INFO
-- Installing: /home/certezas/robotis_ws/install/op3_camera_setting_tool_msgs/local/lib/python3.10/dist-packages/op3_camera_setting_tool_msgs-0.1.0-py3.10.egg-info/dependency_links.txt
-- Installing: /home/certezas/robotis_ws/install/op3_camera_setting_tool_msgs/local/lib/python3.10/dist-packages/op3_camera_setting_tool_msgs-0.1.0-py3.10.egg-info/top_level.txt
-- Installing: /home/certezas/robotis_ws/install/op3_camera_setting_tool_msgs/local/lib/python3.10/dist-packages/op3_camera_setting_tool_msgs-0.1.0-py3.10.egg-info/SOURCES.txt
-- Up-to-date: /home/certezas/robotis_ws/install/op3_camera_setting_tool_msgs/local/lib/python3.10/dist-packages/op3_camera_setting_tool_msgs
-- Up-to-date: /home/certezas/robotis_ws/install/op3_camera_setting_tool_msgs/local/lib/python3.10/dist-packages/op3_camera_setting_tool_msgs/op3_camera_setting_tool_msgs_s__rosidl_typesupport_c.cpython-310-x86_64-linux-gnu.so
-- Up-to-date: /home/certezas/robotis_ws/install/op3_camera_setting_tool_msgs/local/lib/python3.10/dist-packages/op3_camera_setting_tool_msgs/_op3_camera_setting_tool_msgs_s.ep.rosidl_typesupport_fastrtps_c.c
-- Up-to-date: /home/certezas/robotis_ws/install/op3_camera_setting_tool_msgs/local/lib/python3.10/dist-packages/op3_camera_setting_tool_msgs/op3_camera_setting_tool_msgs_s__rosidl_typesupport_introspection_c.cpython-310-x86_64-linux-gnu.so
-- Up-to-date: /home/certezas/robotis_ws/install/op3_camera_setting_tool_msgs/local/lib/python3.10/dist-packages/op3_camera_setting_tool_msgs/__init__.py
-- Up-to-date: /home/certezas/robotis_ws/install/op3_camera_setting_tool_msgs/local/lib/python3.10/dist-packages/op3_camera_setting_tool_msgs/srv
-- Up-to-date: /home/certezas/robotis_ws/install/op3_camera_setting_tool_msgs/local/lib/python3.10/dist-packages/op3_camera_setting_tool_msgs/srv/_set_parameters_s.c
-- Up-to-date: /home/certezas/robotis_ws/install/op3_camera_setting_tool_msgs/local/lib/python3.10/dist-packages/op3_camera_setting_tool_msgs/srv/_set_parameters.py
-- Up-to-date: /home/certezas/robotis_ws/install/op3_camera_setting_tool_msgs/local/lib/python3.10/dist-packages/op3_camera_setting_tool_msgs/srv/__init__.py
-- Up-to-date: /home/certezas/robotis_ws/install/op3_camera_setting_tool_msgs/local/lib/python3.10/dist-packages/op3_camera_setting_tool_msgs/srv/_get_parameters_s.c
-- Up-to-date: /home/certezas/robotis_ws/install/op3_camera_setting_tool_msgs/local/lib/python3.10/dist-packages/op3_camera_setting_tool_msgs/srv/_get_parameters.py
-- Up-to-date: /home/certezas/robotis_ws/install/op3_camera_setting_tool_msgs/local/lib/python3.10/dist-packages/op3_camera_setting_tool_msgs/_op3_camera_setting_tool_msgs_s.ep.rosidl_typesupport_c.c
-- Up-to-date: /home/certezas/robotis_ws/install/op3_camera_setting_tool_msgs/local/lib/python3.10/dist-packages/op3_camera_setting_tool_msgs/_op3_camera_setting_tool_msgs_s.ep.rosidl_typesupport_introspection_c.c
-- Up-to-date: /home/certezas/robotis_ws/install/op3_camera_setting_tool_msgs/local/lib/python3.10/dist-packages/op3_camera_setting_tool_msgs/op3_camera_setting_tool_msgs_s__rosidl_typesupport_fastrtps_c.cpython-310-x86_64-linux-gnu.so
-- Up-to-date: /home/certezas/robotis_ws/install/op3_camera_setting_tool_msgs/local/lib/python3.10/dist-packages/op3_camera_setting_tool_msgs/libop3_camera_setting_tool_msgs__rosidl_generator_py.so
-- Up-to-date: /home/certezas/robotis_ws/install/op3_camera_setting_tool_msgs/local/lib/python3.10/dist-packages/op3_camera_setting_tool_msgs/msg
-- Up-to-date: /home/certezas/robotis_ws/install/op3_camera_setting_tool_msgs/local/lib/python3.10/dist-packages/op3_camera_setting_tool_msgs/msg/_v4l_parameters.py
-- Up-to-date: /home/certezas/robotis_ws/install/op3_camera_setting_tool_msgs/local/lib/python3.10/dist-packages/op3_camera_setting_tool_msgs/msg/_v4l_parameter.py
-- Up-to-date: /home/certezas/robotis_ws/install/op3_camera_setting_tool_msgs/local/lib/python3.10/dist-packages/op3_camera_setting_tool_msgs/msg/_camera_params.py
-- Up-to-date: /home/certezas/robotis_ws/install/op3_camera_setting_tool_msgs/local/lib/python3.10/dist-packages/op3_camera_setting_tool_msgs/msg/_camera_params_s.c
-- Up-to-date: /home/certezas/robotis_ws/install/op3_camera_setting_tool_msgs/local/lib/python3.10/dist-packages/op3_camera_setting_tool_msgs/msg/__init__.py
-- Up-to-date: /home/certezas/robotis_ws/install/op3_camera_setting_tool_msgs/local/lib/python3.10/dist-packages/op3_camera_setting_tool_msgs/msg/_v4l_parameter_s.c
-- Up-to-date: /home/certezas/robotis_ws/install/op3_camera_setting_tool_msgs/local/lib/python3.10/dist-packages/op3_camera_setting_tool_msgs/msg/_v4l_parameters_s.c
Listing '/home/certezas/robotis_ws/install/op3_camera_setting_tool_msgs/local/lib/python3.10/dist-packages/op3_camera_setting_tool_msgs'...
Listing '/home/certezas/robotis_ws/install/op3_camera_setting_tool_msgs/local/lib/python3.10/dist-packages/op3_camera_setting_tool_msgs/msg'...
Listing '/home/certezas/robotis_ws/install/op3_camera_setting_tool_msgs/local/lib/python3.10/dist-packages/op3_camera_setting_tool_msgs/srv'...
-- Up-to-date: /home/certezas/robotis_ws/install/op3_camera_setting_tool_msgs/local/lib/python3.10/dist-packages/op3_camera_setting_tool_msgs/op3_camera_setting_tool_msgs_s__rosidl_typesupport_fastrtps_c.cpython-310-x86_64-linux-gnu.so
-- Up-to-date: /home/certezas/robotis_ws/install/op3_camera_setting_tool_msgs/local/lib/python3.10/dist-packages/op3_camera_setting_tool_msgs/op3_camera_setting_tool_msgs_s__rosidl_typesupport_introspection_c.cpython-310-x86_64-linux-gnu.so
-- Up-to-date: /home/certezas/robotis_ws/install/op3_camera_setting_tool_msgs/local/lib/python3.10/dist-packages/op3_camera_setting_tool_msgs/op3_camera_setting_tool_msgs_s__rosidl_typesupport_c.cpython-310-x86_64-linux-gnu.so
-- Up-to-date: /home/certezas/robotis_ws/install/op3_camera_setting_tool_msgs/lib/libop3_camera_setting_tool_msgs__rosidl_generator_py.so
-- Up-to-date: /home/certezas/robotis_ws/install/op3_camera_setting_tool_msgs/share/op3_camera_setting_tool_msgs/msg/CameraParams.idl
-- Up-to-date: /home/certezas/robotis_ws/install/op3_camera_setting_tool_msgs/share/op3_camera_setting_tool_msgs/msg/V4lParameter.idl
-- Up-to-date: /home/certezas/robotis_ws/install/op3_camera_setting_tool_msgs/share/op3_camera_setting_tool_msgs/msg/V4lParameters.idl
-- Up-to-date: /home/certezas/robotis_ws/install/op3_camera_setting_tool_msgs/share/op3_camera_setting_tool_msgs/srv/GetParameters.idl
-- Up-to-date: /home/certezas/robotis_ws/install/op3_camera_setting_tool_msgs/share/op3_camera_setting_tool_msgs/srv/SetParameters.idl
-- Up-to-date: /home/certezas/robotis_ws/install/op3_camera_setting_tool_msgs/share/op3_camera_setting_tool_msgs/msg/CameraParams.msg
-- Up-to-date: /home/certezas/robotis_ws/install/op3_camera_setting_tool_msgs/share/op3_camera_setting_tool_msgs/msg/V4lParameter.msg
-- Up-to-date: /home/certezas/robotis_ws/install/op3_camera_setting_tool_msgs/share/op3_camera_setting_tool_msgs/msg/V4lParameters.msg
-- Up-to-date: /home/certezas/robotis_ws/install/op3_camera_setting_tool_msgs/share/op3_camera_setting_tool_msgs/srv/GetParameters.srv
-- Up-to-date: /home/certezas/robotis_ws/install/op3_camera_setting_tool_msgs/share/op3_camera_setting_tool_msgs/srv/GetParameters_Request.msg
-- Up-to-date: /home/certezas/robotis_ws/install/op3_camera_setting_tool_msgs/share/op3_camera_setting_tool_msgs/srv/GetParameters_Response.msg
-- Up-to-date: /home/certezas/robotis_ws/install/op3_camera_setting_tool_msgs/share/op3_camera_setting_tool_msgs/srv/SetParameters.srv
-- Up-to-date: /home/certezas/robotis_ws/install/op3_camera_setting_tool_msgs/share/op3_camera_setting_tool_msgs/srv/SetParameters_Request.msg
-- Up-to-date: /home/certezas/robotis_ws/install/op3_camera_setting_tool_msgs/share/op3_camera_setting_tool_msgs/srv/SetParameters_Response.msg
-- Up-to-date: /home/certezas/robotis_ws/install/op3_camera_setting_tool_msgs/share/ament_index/resource_index/package_run_dependencies/op3_camera_setting_tool_msgs
-- Up-to-date: /home/certezas/robotis_ws/install/op3_camera_setting_tool_msgs/share/ament_index/resource_index/parent_prefix_path/op3_camera_setting_tool_msgs
-- Up-to-date: /home/certezas/robotis_ws/install/op3_camera_setting_tool_msgs/share/op3_camera_setting_tool_msgs/environment/ament_prefix_path.sh
-- Up-to-date: /home/certezas/robotis_ws/install/op3_camera_setting_tool_msgs/share/op3_camera_setting_tool_msgs/environment/ament_prefix_path.dsv
-- Up-to-date: /home/certezas/robotis_ws/install/op3_camera_setting_tool_msgs/share/op3_camera_setting_tool_msgs/environment/path.sh
-- Up-to-date: /home/certezas/robotis_ws/install/op3_camera_setting_tool_msgs/share/op3_camera_setting_tool_msgs/environment/path.dsv
-- Up-to-date: /home/certezas/robotis_ws/install/op3_camera_setting_tool_msgs/share/op3_camera_setting_tool_msgs/local_setup.bash
-- Up-to-date: /home/certezas/robotis_ws/install/op3_camera_setting_tool_msgs/share/op3_camera_setting_tool_msgs/local_setup.sh
-- Up-to-date: /home/certezas/robotis_ws/install/op3_camera_setting_tool_msgs/share/op3_camera_setting_tool_msgs/local_setup.zsh
-- Up-to-date: /home/certezas/robotis_ws/install/op3_camera_setting_tool_msgs/share/op3_camera_setting_tool_msgs/local_setup.dsv
-- Installing: /home/certezas/robotis_ws/install/op3_camera_setting_tool_msgs/share/op3_camera_setting_tool_msgs/package.dsv
-- Up-to-date: /home/certezas/robotis_ws/install/op3_camera_setting_tool_msgs/share/ament_index/resource_index/packages/op3_camera_setting_tool_msgs
-- Up-to-date: /home/certezas/robotis_ws/install/op3_camera_setting_tool_msgs/share/op3_camera_setting_tool_msgs/cmake/export_op3_camera_setting_tool_msgs__rosidl_generator_cExport.cmake
-- Up-to-date: /home/certezas/robotis_ws/install/op3_camera_setting_tool_msgs/share/op3_camera_setting_tool_msgs/cmake/export_op3_camera_setting_tool_msgs__rosidl_generator_cExport-noconfig.cmake
-- Up-to-date: /home/certezas/robotis_ws/install/op3_camera_setting_tool_msgs/share/op3_camera_setting_tool_msgs/cmake/export_op3_camera_setting_tool_msgs__rosidl_typesupport_fastrtps_cExport.cmake
-- Up-to-date: /home/certezas/robotis_ws/install/op3_camera_setting_tool_msgs/share/op3_camera_setting_tool_msgs/cmake/export_op3_camera_setting_tool_msgs__rosidl_typesupport_fastrtps_cExport-noconfig.cmake
-- Up-to-date: /home/certezas/robotis_ws/install/op3_camera_setting_tool_msgs/share/op3_camera_setting_tool_msgs/cmake/export_op3_camera_setting_tool_msgs__rosidl_generator_cppExport.cmake
-- Up-to-date: /home/certezas/robotis_ws/install/op3_camera_setting_tool_msgs/share/op3_camera_setting_tool_msgs/cmake/export_op3_camera_setting_tool_msgs__rosidl_typesupport_fastrtps_cppExport.cmake
-- Up-to-date: /home/certezas/robotis_ws/install/op3_camera_setting_tool_msgs/share/op3_camera_setting_tool_msgs/cmake/export_op3_camera_setting_tool_msgs__rosidl_typesupport_fastrtps_cppExport-noconfig.cmake
-- Up-to-date: /home/certezas/robotis_ws/install/op3_camera_setting_tool_msgs/share/op3_camera_setting_tool_msgs/cmake/op3_camera_setting_tool_msgs__rosidl_typesupport_introspection_cExport.cmake
-- Up-to-date: /home/certezas/robotis_ws/install/op3_camera_setting_tool_msgs/share/op3_camera_setting_tool_msgs/cmake/op3_camera_setting_tool_msgs__rosidl_typesupport_introspection_cExport-noconfig.cmake
-- Up-to-date: /home/certezas/robotis_ws/install/op3_camera_setting_tool_msgs/share/op3_camera_setting_tool_msgs/cmake/op3_camera_setting_tool_msgs__rosidl_typesupport_cExport.cmake
-- Up-to-date: /home/certezas/robotis_ws/install/op3_camera_setting_tool_msgs/share/op3_camera_setting_tool_msgs/cmake/op3_camera_setting_tool_msgs__rosidl_typesupport_cExport-noconfig.cmake
-- Up-to-date: /home/certezas/robotis_ws/install/op3_camera_setting_tool_msgs/share/op3_camera_setting_tool_msgs/cmake/op3_camera_setting_tool_msgs__rosidl_typesupport_introspection_cppExport.cmake
-- Up-to-date: /home/certezas/robotis_ws/install/op3_camera_setting_tool_msgs/share/op3_camera_setting_tool_msgs/cmake/op3_camera_setting_tool_msgs__rosidl_typesupport_introspection_cppExport-noconfig.cmake
-- Up-to-date: /home/certezas/robotis_ws/install/op3_camera_setting_tool_msgs/share/op3_camera_setting_tool_msgs/cmake/op3_camera_setting_tool_msgs__rosidl_typesupport_cppExport.cmake
-- Up-to-date: /home/certezas/robotis_ws/install/op3_camera_setting_tool_msgs/share/op3_camera_setting_tool_msgs/cmake/op3_camera_setting_tool_msgs__rosidl_typesupport_cppExport-noconfig.cmake
-- Up-to-date: /home/certezas/robotis_ws/install/op3_camera_setting_tool_msgs/share/op3_camera_setting_tool_msgs/cmake/export_op3_camera_setting_tool_msgs__rosidl_generator_pyExport.cmake
-- Up-to-date: /home/certezas/robotis_ws/install/op3_camera_setting_tool_msgs/share/op3_camera_setting_tool_msgs/cmake/export_op3_camera_setting_tool_msgs__rosidl_generator_pyExport-noconfig.cmake
-- Up-to-date: /home/certezas/robotis_ws/install/op3_camera_setting_tool_msgs/share/op3_camera_setting_tool_msgs/cmake/rosidl_cmake-extras.cmake
-- Up-to-date: /home/certezas/robotis_ws/install/op3_camera_setting_tool_msgs/share/op3_camera_setting_tool_msgs/cmake/ament_cmake_export_dependencies-extras.cmake
-- Up-to-date: /home/certezas/robotis_ws/install/op3_camera_setting_tool_msgs/share/op3_camera_setting_tool_msgs/cmake/ament_cmake_export_include_directories-extras.cmake
-- Up-to-date: /home/certezas/robotis_ws/install/op3_camera_setting_tool_msgs/share/op3_camera_setting_tool_msgs/cmake/ament_cmake_export_libraries-extras.cmake
-- Up-to-date: /home/certezas/robotis_ws/install/op3_camera_setting_tool_msgs/share/op3_camera_setting_tool_msgs/cmake/ament_cmake_export_targets-extras.cmake
-- Up-to-date: /home/certezas/robotis_ws/install/op3_camera_setting_tool_msgs/share/op3_camera_setting_tool_msgs/cmake/rosidl_cmake_export_typesupport_targets-extras.cmake
-- Up-to-date: /home/certezas/robotis_ws/install/op3_camera_setting_tool_msgs/share/op3_camera_setting_tool_msgs/cmake/rosidl_cmake_export_typesupport_libraries-extras.cmake
-- Up-to-date: /home/certezas/robotis_ws/install/op3_camera_setting_tool_msgs/share/op3_camera_setting_tool_msgs/cmake/op3_camera_setting_tool_msgsConfig.cmake
-- Up-to-date: /home/certezas/robotis_ws/install/op3_camera_setting_tool_msgs/share/op3_camera_setting_tool_msgs/cmake/op3_camera_setting_tool_msgsConfig-version.cmake
-- Up-to-date: /home/certezas/robotis_ws/install/op3_camera_setting_tool_msgs/share/op3_camera_setting_tool_msgs/package.xml
