[0.175s] Invoking command in '/home/certezas/robotis_ws/build/op3_camera_setting_tool_msgs': CMAKE_PREFIX_PATH=${CMAKE_PREFIX_PATH}:/opt/ros/humble /usr/bin/cmake --build /home/certezas/robotis_ws/build/op3_camera_setting_tool_msgs -- -j12 -l12
[0.441s] [ 11%] Built target op3_camera_setting_tool_msgs__rosidl_generator_c
[0.442s] [ 12%] Built target op3_camera_setting_tool_msgs__cpp
[0.522s] [ 23%] Built target op3_camera_setting_tool_msgs__rosidl_typesupport_fastrtps_cpp
[0.526s] [ 34%] Built target op3_camera_setting_tool_msgs__rosidl_typesupport_cpp
[0.541s] [ 46%] Built target op3_camera_setting_tool_msgs__rosidl_typesupport_introspection_cpp
[0.611s] [ 46%] Built target ament_cmake_python_copy_op3_camera_setting_tool_msgs
[0.626s] [ 57%] Built target op3_camera_setting_tool_msgs__rosidl_typesupport_fastrtps_c
[0.627s] [ 68%] Built target op3_camera_setting_tool_msgs__rosidl_typesupport_introspection_c
[0.643s] [ 79%] Built target op3_camera_setting_tool_msgs__rosidl_typesupport_c
[0.693s] [ 79%] Built target op3_camera_setting_tool_msgs
[0.750s] [ 80%] Built target op3_camera_setting_tool_msgs__py
[0.815s] [ 90%] Built target op3_camera_setting_tool_msgs__rosidl_generator_py
[0.899s] [ 93%] Built target op3_camera_setting_tool_msgs__rosidl_typesupport_fastrtps_c__pyext
[0.914s] [ 96%] Built target op3_camera_setting_tool_msgs__rosidl_typesupport_introspection_c__pyext
[0.920s] [100%] Built target op3_camera_setting_tool_msgs__rosidl_typesupport_c__pyext
[1.189s] running egg_info
[1.189s] writing op3_camera_setting_tool_msgs.egg-info/PKG-INFO
[1.190s] writing dependency_links to op3_camera_setting_tool_msgs.egg-info/dependency_links.txt
[1.190s] writing top-level names to op3_camera_setting_tool_msgs.egg-info/top_level.txt
[1.195s] reading manifest file 'op3_camera_setting_tool_msgs.egg-info/SOURCES.txt'
[1.196s] writing manifest file 'op3_camera_setting_tool_msgs.egg-info/SOURCES.txt'
[1.265s] [100%] Built target ament_cmake_python_build_op3_camera_setting_tool_msgs_egg
[1.308s] Invoked command in '/home/certezas/robotis_ws/build/op3_camera_setting_tool_msgs' returned '0': CMAKE_PREFIX_PATH=${CMAKE_PREFIX_PATH}:/opt/ros/humble /usr/bin/cmake --build /home/certezas/robotis_ws/build/op3_camera_setting_tool_msgs -- -j12 -l12
[1.308s] Invoking command in '/home/certezas/robotis_ws/build/op3_camera_setting_tool_msgs': CMAKE_PREFIX_PATH=${CMAKE_PREFIX_PATH}:/opt/ros/humble /usr/bin/cmake --install /home/certezas/robotis_ws/build/op3_camera_setting_tool_msgs
[1.367s] -- Install configuration: ""
[1.368s] -- Up-to-date: /home/certezas/robotis_ws/install/op3_camera_setting_tool_msgs/share/ament_index/resource_index/rosidl_interfaces/op3_camera_setting_tool_msgs
[1.368s] -- Up-to-date: /home/certezas/robotis_ws/install/op3_camera_setting_tool_msgs/include/op3_camera_setting_tool_msgs/op3_camera_setting_tool_msgs
[1.368s] -- Up-to-date: /home/certezas/robotis_ws/install/op3_camera_setting_tool_msgs/include/op3_camera_setting_tool_msgs/op3_camera_setting_tool_msgs/srv
[1.368s] -- Up-to-date: /home/certezas/robotis_ws/install/op3_camera_setting_tool_msgs/include/op3_camera_setting_tool_msgs/op3_camera_setting_tool_msgs/srv/get_parameters.h
[1.368s] -- Up-to-date: /home/certezas/robotis_ws/install/op3_camera_setting_tool_msgs/include/op3_camera_setting_tool_msgs/op3_camera_setting_tool_msgs/srv/set_parameters.h
[1.368s] -- Up-to-date: /home/certezas/robotis_ws/install/op3_camera_setting_tool_msgs/include/op3_camera_setting_tool_msgs/op3_camera_setting_tool_msgs/srv/detail
[1.368s] -- Up-to-date: /home/certezas/robotis_ws/install/op3_camera_setting_tool_msgs/include/op3_camera_setting_tool_msgs/op3_camera_setting_tool_msgs/srv/detail/set_parameters__struct.h
[1.370s] -- Up-to-date: /home/certezas/robotis_ws/install/op3_camera_setting_tool_msgs/include/op3_camera_setting_tool_msgs/op3_camera_setting_tool_msgs/srv/detail/set_parameters__type_support.h
[1.371s] -- Up-to-date: /home/certezas/robotis_ws/install/op3_camera_setting_tool_msgs/include/op3_camera_setting_tool_msgs/op3_camera_setting_tool_msgs/srv/detail/get_parameters__functions.c
[1.372s] -- Up-to-date: /home/certezas/robotis_ws/install/op3_camera_setting_tool_msgs/include/op3_camera_setting_tool_msgs/op3_camera_setting_tool_msgs/srv/detail/set_parameters__functions.h
[1.372s] -- Up-to-date: /home/certezas/robotis_ws/install/op3_camera_setting_tool_msgs/include/op3_camera_setting_tool_msgs/op3_camera_setting_tool_msgs/srv/detail/get_parameters__type_support.h
[1.372s] -- Up-to-date: /home/certezas/robotis_ws/install/op3_camera_setting_tool_msgs/include/op3_camera_setting_tool_msgs/op3_camera_setting_tool_msgs/srv/detail/set_parameters__functions.c
[1.372s] -- Up-to-date: /home/certezas/robotis_ws/install/op3_camera_setting_tool_msgs/include/op3_camera_setting_tool_msgs/op3_camera_setting_tool_msgs/srv/detail/get_parameters__struct.h
[1.372s] -- Up-to-date: /home/certezas/robotis_ws/install/op3_camera_setting_tool_msgs/include/op3_camera_setting_tool_msgs/op3_camera_setting_tool_msgs/srv/detail/get_parameters__functions.h
[1.373s] -- Up-to-date: /home/certezas/robotis_ws/install/op3_camera_setting_tool_msgs/include/op3_camera_setting_tool_msgs/op3_camera_setting_tool_msgs/msg
[1.375s] -- Up-to-date: /home/certezas/robotis_ws/install/op3_camera_setting_tool_msgs/include/op3_camera_setting_tool_msgs/op3_camera_setting_tool_msgs/msg/rosidl_generator_c__visibility_control.h
[1.375s] -- Up-to-date: /home/certezas/robotis_ws/install/op3_camera_setting_tool_msgs/include/op3_camera_setting_tool_msgs/op3_camera_setting_tool_msgs/msg/v4l_parameter.h
[1.375s] -- Up-to-date: /home/certezas/robotis_ws/install/op3_camera_setting_tool_msgs/include/op3_camera_setting_tool_msgs/op3_camera_setting_tool_msgs/msg/v4l_parameters.h
[1.376s] -- Up-to-date: /home/certezas/robotis_ws/install/op3_camera_setting_tool_msgs/include/op3_camera_setting_tool_msgs/op3_camera_setting_tool_msgs/msg/camera_params.h
[1.376s] -- Up-to-date: /home/certezas/robotis_ws/install/op3_camera_setting_tool_msgs/include/op3_camera_setting_tool_msgs/op3_camera_setting_tool_msgs/msg/detail
[1.376s] -- Up-to-date: /home/certezas/robotis_ws/install/op3_camera_setting_tool_msgs/include/op3_camera_setting_tool_msgs/op3_camera_setting_tool_msgs/msg/detail/camera_params__functions.c
[1.376s] -- Up-to-date: /home/certezas/robotis_ws/install/op3_camera_setting_tool_msgs/include/op3_camera_setting_tool_msgs/op3_camera_setting_tool_msgs/msg/detail/camera_params__functions.h
[1.376s] -- Up-to-date: /home/certezas/robotis_ws/install/op3_camera_setting_tool_msgs/include/op3_camera_setting_tool_msgs/op3_camera_setting_tool_msgs/msg/detail/v4l_parameters__functions.h
[1.376s] -- Up-to-date: /home/certezas/robotis_ws/install/op3_camera_setting_tool_msgs/include/op3_camera_setting_tool_msgs/op3_camera_setting_tool_msgs/msg/detail/v4l_parameters__struct.h
[1.376s] -- Up-to-date: /home/certezas/robotis_ws/install/op3_camera_setting_tool_msgs/include/op3_camera_setting_tool_msgs/op3_camera_setting_tool_msgs/msg/detail/v4l_parameters__type_support.h
[1.376s] -- Up-to-date: /home/certezas/robotis_ws/install/op3_camera_setting_tool_msgs/include/op3_camera_setting_tool_msgs/op3_camera_setting_tool_msgs/msg/detail/v4l_parameter__functions.c
[1.377s] -- Up-to-date: /home/certezas/robotis_ws/install/op3_camera_setting_tool_msgs/include/op3_camera_setting_tool_msgs/op3_camera_setting_tool_msgs/msg/detail/camera_params__struct.h
[1.377s] -- Up-to-date: /home/certezas/robotis_ws/install/op3_camera_setting_tool_msgs/include/op3_camera_setting_tool_msgs/op3_camera_setting_tool_msgs/msg/detail/v4l_parameter__type_support.h
[1.377s] -- Up-to-date: /home/certezas/robotis_ws/install/op3_camera_setting_tool_msgs/include/op3_camera_setting_tool_msgs/op3_camera_setting_tool_msgs/msg/detail/camera_params__type_support.h
[1.377s] -- Up-to-date: /home/certezas/robotis_ws/install/op3_camera_setting_tool_msgs/include/op3_camera_setting_tool_msgs/op3_camera_setting_tool_msgs/msg/detail/v4l_parameter__struct.h
[1.377s] -- Up-to-date: /home/certezas/robotis_ws/install/op3_camera_setting_tool_msgs/include/op3_camera_setting_tool_msgs/op3_camera_setting_tool_msgs/msg/detail/v4l_parameters__functions.c
[1.377s] -- Up-to-date: /home/certezas/robotis_ws/install/op3_camera_setting_tool_msgs/include/op3_camera_setting_tool_msgs/op3_camera_setting_tool_msgs/msg/detail/v4l_parameter__functions.h
[1.377s] -- Up-to-date: /home/certezas/robotis_ws/install/op3_camera_setting_tool_msgs/share/op3_camera_setting_tool_msgs/environment/library_path.sh
[1.378s] -- Up-to-date: /home/certezas/robotis_ws/install/op3_camera_setting_tool_msgs/share/op3_camera_setting_tool_msgs/environment/library_path.dsv
[1.378s] -- Up-to-date: /home/certezas/robotis_ws/install/op3_camera_setting_tool_msgs/lib/libop3_camera_setting_tool_msgs__rosidl_generator_c.so
[1.378s] -- Up-to-date: /home/certezas/robotis_ws/install/op3_camera_setting_tool_msgs/include/op3_camera_setting_tool_msgs/op3_camera_setting_tool_msgs
[1.378s] -- Up-to-date: /home/certezas/robotis_ws/install/op3_camera_setting_tool_msgs/include/op3_camera_setting_tool_msgs/op3_camera_setting_tool_msgs/srv
[1.379s] -- Up-to-date: /home/certezas/robotis_ws/install/op3_camera_setting_tool_msgs/include/op3_camera_setting_tool_msgs/op3_camera_setting_tool_msgs/srv/detail
[1.379s] -- Up-to-date: /home/certezas/robotis_ws/install/op3_camera_setting_tool_msgs/include/op3_camera_setting_tool_msgs/op3_camera_setting_tool_msgs/srv/detail/get_parameters__rosidl_typesupport_fastrtps_c.h
[1.379s] -- Up-to-date: /home/certezas/robotis_ws/install/op3_camera_setting_tool_msgs/include/op3_camera_setting_tool_msgs/op3_camera_setting_tool_msgs/srv/detail/set_parameters__rosidl_typesupport_fastrtps_c.h
[1.380s] -- Up-to-date: /home/certezas/robotis_ws/install/op3_camera_setting_tool_msgs/include/op3_camera_setting_tool_msgs/op3_camera_setting_tool_msgs/msg
[1.380s] -- Up-to-date: /home/certezas/robotis_ws/install/op3_camera_setting_tool_msgs/include/op3_camera_setting_tool_msgs/op3_camera_setting_tool_msgs/msg/detail
[1.380s] -- Up-to-date: /home/certezas/robotis_ws/install/op3_camera_setting_tool_msgs/include/op3_camera_setting_tool_msgs/op3_camera_setting_tool_msgs/msg/detail/v4l_parameters__rosidl_typesupport_fastrtps_c.h
[1.380s] -- Up-to-date: /home/certezas/robotis_ws/install/op3_camera_setting_tool_msgs/include/op3_camera_setting_tool_msgs/op3_camera_setting_tool_msgs/msg/detail/v4l_parameter__rosidl_typesupport_fastrtps_c.h
[1.380s] -- Up-to-date: /home/certezas/robotis_ws/install/op3_camera_setting_tool_msgs/include/op3_camera_setting_tool_msgs/op3_camera_setting_tool_msgs/msg/detail/camera_params__rosidl_typesupport_fastrtps_c.h
[1.380s] -- Up-to-date: /home/certezas/robotis_ws/install/op3_camera_setting_tool_msgs/include/op3_camera_setting_tool_msgs/op3_camera_setting_tool_msgs/msg/rosidl_typesupport_fastrtps_c__visibility_control.h
[1.380s] -- Up-to-date: /home/certezas/robotis_ws/install/op3_camera_setting_tool_msgs/lib/libop3_camera_setting_tool_msgs__rosidl_typesupport_fastrtps_c.so
[1.380s] -- Up-to-date: /home/certezas/robotis_ws/install/op3_camera_setting_tool_msgs/include/op3_camera_setting_tool_msgs/op3_camera_setting_tool_msgs
[1.381s] -- Up-to-date: /home/certezas/robotis_ws/install/op3_camera_setting_tool_msgs/include/op3_camera_setting_tool_msgs/op3_camera_setting_tool_msgs/srv
[1.381s] -- Up-to-date: /home/certezas/robotis_ws/install/op3_camera_setting_tool_msgs/include/op3_camera_setting_tool_msgs/op3_camera_setting_tool_msgs/srv/set_parameters.hpp
[1.381s] -- Up-to-date: /home/certezas/robotis_ws/install/op3_camera_setting_tool_msgs/include/op3_camera_setting_tool_msgs/op3_camera_setting_tool_msgs/srv/get_parameters.hpp
[1.381s] -- Up-to-date: /home/certezas/robotis_ws/install/op3_camera_setting_tool_msgs/include/op3_camera_setting_tool_msgs/op3_camera_setting_tool_msgs/srv/detail
[1.381s] -- Up-to-date: /home/certezas/robotis_ws/install/op3_camera_setting_tool_msgs/include/op3_camera_setting_tool_msgs/op3_camera_setting_tool_msgs/srv/detail/get_parameters__struct.hpp
[1.381s] -- Up-to-date: /home/certezas/robotis_ws/install/op3_camera_setting_tool_msgs/include/op3_camera_setting_tool_msgs/op3_camera_setting_tool_msgs/srv/detail/set_parameters__type_support.hpp
[1.382s] -- Up-to-date: /home/certezas/robotis_ws/install/op3_camera_setting_tool_msgs/include/op3_camera_setting_tool_msgs/op3_camera_setting_tool_msgs/srv/detail/get_parameters__builder.hpp
[1.383s] -- Up-to-date: /home/certezas/robotis_ws/install/op3_camera_setting_tool_msgs/include/op3_camera_setting_tool_msgs/op3_camera_setting_tool_msgs/srv/detail/set_parameters__traits.hpp
[1.383s] -- Up-to-date: /home/certezas/robotis_ws/install/op3_camera_setting_tool_msgs/include/op3_camera_setting_tool_msgs/op3_camera_setting_tool_msgs/srv/detail/get_parameters__type_support.hpp
[1.383s] -- Up-to-date: /home/certezas/robotis_ws/install/op3_camera_setting_tool_msgs/include/op3_camera_setting_tool_msgs/op3_camera_setting_tool_msgs/srv/detail/get_parameters__traits.hpp
[1.383s] -- Up-to-date: /home/certezas/robotis_ws/install/op3_camera_setting_tool_msgs/include/op3_camera_setting_tool_msgs/op3_camera_setting_tool_msgs/srv/detail/set_parameters__struct.hpp
[1.383s] -- Up-to-date: /home/certezas/robotis_ws/install/op3_camera_setting_tool_msgs/include/op3_camera_setting_tool_msgs/op3_camera_setting_tool_msgs/srv/detail/set_parameters__builder.hpp
[1.383s] -- Up-to-date: /home/certezas/robotis_ws/install/op3_camera_setting_tool_msgs/include/op3_camera_setting_tool_msgs/op3_camera_setting_tool_msgs/msg
[1.383s] -- Up-to-date: /home/certezas/robotis_ws/install/op3_camera_setting_tool_msgs/include/op3_camera_setting_tool_msgs/op3_camera_setting_tool_msgs/msg/camera_params.hpp
[1.384s] -- Up-to-date: /home/certezas/robotis_ws/install/op3_camera_setting_tool_msgs/include/op3_camera_setting_tool_msgs/op3_camera_setting_tool_msgs/msg/v4l_parameter.hpp
[1.384s] -- Up-to-date: /home/certezas/robotis_ws/install/op3_camera_setting_tool_msgs/include/op3_camera_setting_tool_msgs/op3_camera_setting_tool_msgs/msg/v4l_parameters.hpp
[1.384s] -- Up-to-date: /home/certezas/robotis_ws/install/op3_camera_setting_tool_msgs/include/op3_camera_setting_tool_msgs/op3_camera_setting_tool_msgs/msg/rosidl_generator_cpp__visibility_control.hpp
[1.384s] -- Up-to-date: /home/certezas/robotis_ws/install/op3_camera_setting_tool_msgs/include/op3_camera_setting_tool_msgs/op3_camera_setting_tool_msgs/msg/detail
[1.384s] -- Up-to-date: /home/certezas/robotis_ws/install/op3_camera_setting_tool_msgs/include/op3_camera_setting_tool_msgs/op3_camera_setting_tool_msgs/msg/detail/v4l_parameter__struct.hpp
[1.384s] -- Up-to-date: /home/certezas/robotis_ws/install/op3_camera_setting_tool_msgs/include/op3_camera_setting_tool_msgs/op3_camera_setting_tool_msgs/msg/detail/v4l_parameters__traits.hpp
[1.384s] -- Up-to-date: /home/certezas/robotis_ws/install/op3_camera_setting_tool_msgs/include/op3_camera_setting_tool_msgs/op3_camera_setting_tool_msgs/msg/detail/camera_params__traits.hpp
[1.384s] -- Up-to-date: /home/certezas/robotis_ws/install/op3_camera_setting_tool_msgs/include/op3_camera_setting_tool_msgs/op3_camera_setting_tool_msgs/msg/detail/v4l_parameters__type_support.hpp
[1.385s] -- Up-to-date: /home/certezas/robotis_ws/install/op3_camera_setting_tool_msgs/include/op3_camera_setting_tool_msgs/op3_camera_setting_tool_msgs/msg/detail/camera_params__builder.hpp
[1.386s] -- Up-to-date: /home/certezas/robotis_ws/install/op3_camera_setting_tool_msgs/include/op3_camera_setting_tool_msgs/op3_camera_setting_tool_msgs/msg/detail/v4l_parameters__struct.hpp
[1.387s] -- Up-to-date: /home/certezas/robotis_ws/install/op3_camera_setting_tool_msgs/include/op3_camera_setting_tool_msgs/op3_camera_setting_tool_msgs/msg/detail/v4l_parameter__type_support.hpp
[1.387s] -- Up-to-date: /home/certezas/robotis_ws/install/op3_camera_setting_tool_msgs/include/op3_camera_setting_tool_msgs/op3_camera_setting_tool_msgs/msg/detail/camera_params__type_support.hpp
[1.387s] -- Up-to-date: /home/certezas/robotis_ws/install/op3_camera_setting_tool_msgs/include/op3_camera_setting_tool_msgs/op3_camera_setting_tool_msgs/msg/detail/v4l_parameters__builder.hpp
[1.387s] -- Up-to-date: /home/certezas/robotis_ws/install/op3_camera_setting_tool_msgs/include/op3_camera_setting_tool_msgs/op3_camera_setting_tool_msgs/msg/detail/v4l_parameter__builder.hpp
[1.387s] -- Up-to-date: /home/certezas/robotis_ws/install/op3_camera_setting_tool_msgs/include/op3_camera_setting_tool_msgs/op3_camera_setting_tool_msgs/msg/detail/v4l_parameter__traits.hpp
[1.387s] -- Up-to-date: /home/certezas/robotis_ws/install/op3_camera_setting_tool_msgs/include/op3_camera_setting_tool_msgs/op3_camera_setting_tool_msgs/msg/detail/camera_params__struct.hpp
[1.387s] -- Up-to-date: /home/certezas/robotis_ws/install/op3_camera_setting_tool_msgs/include/op3_camera_setting_tool_msgs/op3_camera_setting_tool_msgs
[1.387s] -- Up-to-date: /home/certezas/robotis_ws/install/op3_camera_setting_tool_msgs/include/op3_camera_setting_tool_msgs/op3_camera_setting_tool_msgs/srv
[1.387s] -- Up-to-date: /home/certezas/robotis_ws/install/op3_camera_setting_tool_msgs/include/op3_camera_setting_tool_msgs/op3_camera_setting_tool_msgs/srv/detail
[1.388s] -- Up-to-date: /home/certezas/robotis_ws/install/op3_camera_setting_tool_msgs/include/op3_camera_setting_tool_msgs/op3_camera_setting_tool_msgs/srv/detail/get_parameters__rosidl_typesupport_fastrtps_cpp.hpp
[1.388s] -- Up-to-date: /home/certezas/robotis_ws/install/op3_camera_setting_tool_msgs/include/op3_camera_setting_tool_msgs/op3_camera_setting_tool_msgs/srv/detail/dds_fastrtps
[1.388s] -- Up-to-date: /home/certezas/robotis_ws/install/op3_camera_setting_tool_msgs/include/op3_camera_setting_tool_msgs/op3_camera_setting_tool_msgs/srv/detail/set_parameters__rosidl_typesupport_fastrtps_cpp.hpp
[1.388s] -- Up-to-date: /home/certezas/robotis_ws/install/op3_camera_setting_tool_msgs/include/op3_camera_setting_tool_msgs/op3_camera_setting_tool_msgs/msg
[1.388s] -- Up-to-date: /home/certezas/robotis_ws/install/op3_camera_setting_tool_msgs/include/op3_camera_setting_tool_msgs/op3_camera_setting_tool_msgs/msg/rosidl_typesupport_fastrtps_cpp__visibility_control.h
[1.388s] -- Up-to-date: /home/certezas/robotis_ws/install/op3_camera_setting_tool_msgs/include/op3_camera_setting_tool_msgs/op3_camera_setting_tool_msgs/msg/detail
[1.388s] -- Up-to-date: /home/certezas/robotis_ws/install/op3_camera_setting_tool_msgs/include/op3_camera_setting_tool_msgs/op3_camera_setting_tool_msgs/msg/detail/camera_params__rosidl_typesupport_fastrtps_cpp.hpp
[1.388s] -- Up-to-date: /home/certezas/robotis_ws/install/op3_camera_setting_tool_msgs/include/op3_camera_setting_tool_msgs/op3_camera_setting_tool_msgs/msg/detail/dds_fastrtps
[1.388s] -- Up-to-date: /home/certezas/robotis_ws/install/op3_camera_setting_tool_msgs/include/op3_camera_setting_tool_msgs/op3_camera_setting_tool_msgs/msg/detail/v4l_parameter__rosidl_typesupport_fastrtps_cpp.hpp
[1.388s] -- Up-to-date: /home/certezas/robotis_ws/install/op3_camera_setting_tool_msgs/include/op3_camera_setting_tool_msgs/op3_camera_setting_tool_msgs/msg/detail/v4l_parameters__rosidl_typesupport_fastrtps_cpp.hpp
[1.388s] -- Up-to-date: /home/certezas/robotis_ws/install/op3_camera_setting_tool_msgs/lib/libop3_camera_setting_tool_msgs__rosidl_typesupport_fastrtps_cpp.so
[1.388s] -- Up-to-date: /home/certezas/robotis_ws/install/op3_camera_setting_tool_msgs/include/op3_camera_setting_tool_msgs/op3_camera_setting_tool_msgs
[1.389s] -- Up-to-date: /home/certezas/robotis_ws/install/op3_camera_setting_tool_msgs/include/op3_camera_setting_tool_msgs/op3_camera_setting_tool_msgs/srv
[1.389s] -- Up-to-date: /home/certezas/robotis_ws/install/op3_camera_setting_tool_msgs/include/op3_camera_setting_tool_msgs/op3_camera_setting_tool_msgs/srv/detail
[1.389s] -- Up-to-date: /home/certezas/robotis_ws/install/op3_camera_setting_tool_msgs/include/op3_camera_setting_tool_msgs/op3_camera_setting_tool_msgs/srv/detail/set_parameters__type_support.c
[1.389s] -- Up-to-date: /home/certezas/robotis_ws/install/op3_camera_setting_tool_msgs/include/op3_camera_setting_tool_msgs/op3_camera_setting_tool_msgs/srv/detail/set_parameters__rosidl_typesupport_introspection_c.h
[1.389s] -- Up-to-date: /home/certezas/robotis_ws/install/op3_camera_setting_tool_msgs/include/op3_camera_setting_tool_msgs/op3_camera_setting_tool_msgs/srv/detail/get_parameters__type_support.c
[1.389s] -- Up-to-date: /home/certezas/robotis_ws/install/op3_camera_setting_tool_msgs/include/op3_camera_setting_tool_msgs/op3_camera_setting_tool_msgs/srv/detail/get_parameters__rosidl_typesupport_introspection_c.h
[1.389s] -- Up-to-date: /home/certezas/robotis_ws/install/op3_camera_setting_tool_msgs/include/op3_camera_setting_tool_msgs/op3_camera_setting_tool_msgs/msg
[1.389s] -- Up-to-date: /home/certezas/robotis_ws/install/op3_camera_setting_tool_msgs/include/op3_camera_setting_tool_msgs/op3_camera_setting_tool_msgs/msg/rosidl_typesupport_introspection_c__visibility_control.h
[1.389s] -- Up-to-date: /home/certezas/robotis_ws/install/op3_camera_setting_tool_msgs/include/op3_camera_setting_tool_msgs/op3_camera_setting_tool_msgs/msg/detail
[1.389s] -- Up-to-date: /home/certezas/robotis_ws/install/op3_camera_setting_tool_msgs/include/op3_camera_setting_tool_msgs/op3_camera_setting_tool_msgs/msg/detail/v4l_parameter__type_support.c
[1.389s] -- Up-to-date: /home/certezas/robotis_ws/install/op3_camera_setting_tool_msgs/include/op3_camera_setting_tool_msgs/op3_camera_setting_tool_msgs/msg/detail/v4l_parameters__rosidl_typesupport_introspection_c.h
[1.389s] -- Up-to-date: /home/certezas/robotis_ws/install/op3_camera_setting_tool_msgs/include/op3_camera_setting_tool_msgs/op3_camera_setting_tool_msgs/msg/detail/camera_params__rosidl_typesupport_introspection_c.h
[1.389s] -- Up-to-date: /home/certezas/robotis_ws/install/op3_camera_setting_tool_msgs/include/op3_camera_setting_tool_msgs/op3_camera_setting_tool_msgs/msg/detail/v4l_parameter__rosidl_typesupport_introspection_c.h
[1.390s] -- Up-to-date: /home/certezas/robotis_ws/install/op3_camera_setting_tool_msgs/include/op3_camera_setting_tool_msgs/op3_camera_setting_tool_msgs/msg/detail/v4l_parameters__type_support.c
[1.390s] -- Up-to-date: /home/certezas/robotis_ws/install/op3_camera_setting_tool_msgs/include/op3_camera_setting_tool_msgs/op3_camera_setting_tool_msgs/msg/detail/camera_params__type_support.c
[1.390s] -- Up-to-date: /home/certezas/robotis_ws/install/op3_camera_setting_tool_msgs/lib/libop3_camera_setting_tool_msgs__rosidl_typesupport_introspection_c.so
[1.390s] -- Up-to-date: /home/certezas/robotis_ws/install/op3_camera_setting_tool_msgs/lib/libop3_camera_setting_tool_msgs__rosidl_typesupport_c.so
[1.390s] -- Up-to-date: /home/certezas/robotis_ws/install/op3_camera_setting_tool_msgs/include/op3_camera_setting_tool_msgs/op3_camera_setting_tool_msgs
[1.390s] -- Up-to-date: /home/certezas/robotis_ws/install/op3_camera_setting_tool_msgs/include/op3_camera_setting_tool_msgs/op3_camera_setting_tool_msgs/srv
[1.390s] -- Up-to-date: /home/certezas/robotis_ws/install/op3_camera_setting_tool_msgs/include/op3_camera_setting_tool_msgs/op3_camera_setting_tool_msgs/srv/detail
[1.390s] -- Up-to-date: /home/certezas/robotis_ws/install/op3_camera_setting_tool_msgs/include/op3_camera_setting_tool_msgs/op3_camera_setting_tool_msgs/srv/detail/set_parameters__type_support.cpp
[1.390s] -- Up-to-date: /home/certezas/robotis_ws/install/op3_camera_setting_tool_msgs/include/op3_camera_setting_tool_msgs/op3_camera_setting_tool_msgs/srv/detail/get_parameters__type_support.cpp
[1.391s] -- Up-to-date: /home/certezas/robotis_ws/install/op3_camera_setting_tool_msgs/include/op3_camera_setting_tool_msgs/op3_camera_setting_tool_msgs/srv/detail/get_parameters__rosidl_typesupport_introspection_cpp.hpp
[1.391s] -- Up-to-date: /home/certezas/robotis_ws/install/op3_camera_setting_tool_msgs/include/op3_camera_setting_tool_msgs/op3_camera_setting_tool_msgs/srv/detail/set_parameters__rosidl_typesupport_introspection_cpp.hpp
[1.391s] -- Up-to-date: /home/certezas/robotis_ws/install/op3_camera_setting_tool_msgs/include/op3_camera_setting_tool_msgs/op3_camera_setting_tool_msgs/msg
[1.391s] -- Up-to-date: /home/certezas/robotis_ws/install/op3_camera_setting_tool_msgs/include/op3_camera_setting_tool_msgs/op3_camera_setting_tool_msgs/msg/detail
[1.391s] -- Up-to-date: /home/certezas/robotis_ws/install/op3_camera_setting_tool_msgs/include/op3_camera_setting_tool_msgs/op3_camera_setting_tool_msgs/msg/detail/v4l_parameters__rosidl_typesupport_introspection_cpp.hpp
[1.391s] -- Up-to-date: /home/certezas/robotis_ws/install/op3_camera_setting_tool_msgs/include/op3_camera_setting_tool_msgs/op3_camera_setting_tool_msgs/msg/detail/v4l_parameter__type_support.cpp
[1.391s] -- Up-to-date: /home/certezas/robotis_ws/install/op3_camera_setting_tool_msgs/include/op3_camera_setting_tool_msgs/op3_camera_setting_tool_msgs/msg/detail/camera_params__rosidl_typesupport_introspection_cpp.hpp
[1.391s] -- Up-to-date: /home/certezas/robotis_ws/install/op3_camera_setting_tool_msgs/include/op3_camera_setting_tool_msgs/op3_camera_setting_tool_msgs/msg/detail/v4l_parameters__type_support.cpp
[1.393s] -- Up-to-date: /home/certezas/robotis_ws/install/op3_camera_setting_tool_msgs/include/op3_camera_setting_tool_msgs/op3_camera_setting_tool_msgs/msg/detail/v4l_parameter__rosidl_typesupport_introspection_cpp.hpp
[1.393s] -- Up-to-date: /home/certezas/robotis_ws/install/op3_camera_setting_tool_msgs/include/op3_camera_setting_tool_msgs/op3_camera_setting_tool_msgs/msg/detail/camera_params__type_support.cpp
[1.393s] -- Up-to-date: /home/certezas/robotis_ws/install/op3_camera_setting_tool_msgs/lib/libop3_camera_setting_tool_msgs__rosidl_typesupport_introspection_cpp.so
[1.393s] -- Up-to-date: /home/certezas/robotis_ws/install/op3_camera_setting_tool_msgs/lib/libop3_camera_setting_tool_msgs__rosidl_typesupport_cpp.so
[1.394s] -- Up-to-date: /home/certezas/robotis_ws/install/op3_camera_setting_tool_msgs/share/op3_camera_setting_tool_msgs/environment/pythonpath.sh
[1.394s] -- Up-to-date: /home/certezas/robotis_ws/install/op3_camera_setting_tool_msgs/share/op3_camera_setting_tool_msgs/environment/pythonpath.dsv
[1.394s] -- Up-to-date: /home/certezas/robotis_ws/install/op3_camera_setting_tool_msgs/local/lib/python3.10/dist-packages/op3_camera_setting_tool_msgs-0.1.0-py3.10.egg-info
[1.394s] -- Installing: /home/certezas/robotis_ws/install/op3_camera_setting_tool_msgs/local/lib/python3.10/dist-packages/op3_camera_setting_tool_msgs-0.1.0-py3.10.egg-info/PKG-INFO
[1.394s] -- Installing: /home/certezas/robotis_ws/install/op3_camera_setting_tool_msgs/local/lib/python3.10/dist-packages/op3_camera_setting_tool_msgs-0.1.0-py3.10.egg-info/dependency_links.txt
[1.394s] -- Installing: /home/certezas/robotis_ws/install/op3_camera_setting_tool_msgs/local/lib/python3.10/dist-packages/op3_camera_setting_tool_msgs-0.1.0-py3.10.egg-info/top_level.txt
[1.394s] -- Installing: /home/certezas/robotis_ws/install/op3_camera_setting_tool_msgs/local/lib/python3.10/dist-packages/op3_camera_setting_tool_msgs-0.1.0-py3.10.egg-info/SOURCES.txt
[1.395s] -- Up-to-date: /home/certezas/robotis_ws/install/op3_camera_setting_tool_msgs/local/lib/python3.10/dist-packages/op3_camera_setting_tool_msgs
[1.396s] -- Up-to-date: /home/certezas/robotis_ws/install/op3_camera_setting_tool_msgs/local/lib/python3.10/dist-packages/op3_camera_setting_tool_msgs/op3_camera_setting_tool_msgs_s__rosidl_typesupport_c.cpython-310-x86_64-linux-gnu.so
[1.396s] -- Up-to-date: /home/certezas/robotis_ws/install/op3_camera_setting_tool_msgs/local/lib/python3.10/dist-packages/op3_camera_setting_tool_msgs/_op3_camera_setting_tool_msgs_s.ep.rosidl_typesupport_fastrtps_c.c
[1.396s] -- Up-to-date: /home/certezas/robotis_ws/install/op3_camera_setting_tool_msgs/local/lib/python3.10/dist-packages/op3_camera_setting_tool_msgs/op3_camera_setting_tool_msgs_s__rosidl_typesupport_introspection_c.cpython-310-x86_64-linux-gnu.so
[1.396s] -- Up-to-date: /home/certezas/robotis_ws/install/op3_camera_setting_tool_msgs/local/lib/python3.10/dist-packages/op3_camera_setting_tool_msgs/__init__.py
[1.396s] -- Up-to-date: /home/certezas/robotis_ws/install/op3_camera_setting_tool_msgs/local/lib/python3.10/dist-packages/op3_camera_setting_tool_msgs/srv
[1.396s] -- Up-to-date: /home/certezas/robotis_ws/install/op3_camera_setting_tool_msgs/local/lib/python3.10/dist-packages/op3_camera_setting_tool_msgs/srv/_set_parameters_s.c
[1.396s] -- Up-to-date: /home/certezas/robotis_ws/install/op3_camera_setting_tool_msgs/local/lib/python3.10/dist-packages/op3_camera_setting_tool_msgs/srv/_set_parameters.py
[1.396s] -- Up-to-date: /home/certezas/robotis_ws/install/op3_camera_setting_tool_msgs/local/lib/python3.10/dist-packages/op3_camera_setting_tool_msgs/srv/__init__.py
[1.396s] -- Up-to-date: /home/certezas/robotis_ws/install/op3_camera_setting_tool_msgs/local/lib/python3.10/dist-packages/op3_camera_setting_tool_msgs/srv/_get_parameters_s.c
[1.396s] -- Up-to-date: /home/certezas/robotis_ws/install/op3_camera_setting_tool_msgs/local/lib/python3.10/dist-packages/op3_camera_setting_tool_msgs/srv/_get_parameters.py
[1.397s] -- Up-to-date: /home/certezas/robotis_ws/install/op3_camera_setting_tool_msgs/local/lib/python3.10/dist-packages/op3_camera_setting_tool_msgs/_op3_camera_setting_tool_msgs_s.ep.rosidl_typesupport_c.c
[1.397s] -- Up-to-date: /home/certezas/robotis_ws/install/op3_camera_setting_tool_msgs/local/lib/python3.10/dist-packages/op3_camera_setting_tool_msgs/_op3_camera_setting_tool_msgs_s.ep.rosidl_typesupport_introspection_c.c
[1.397s] -- Up-to-date: /home/certezas/robotis_ws/install/op3_camera_setting_tool_msgs/local/lib/python3.10/dist-packages/op3_camera_setting_tool_msgs/op3_camera_setting_tool_msgs_s__rosidl_typesupport_fastrtps_c.cpython-310-x86_64-linux-gnu.so
[1.397s] -- Up-to-date: /home/certezas/robotis_ws/install/op3_camera_setting_tool_msgs/local/lib/python3.10/dist-packages/op3_camera_setting_tool_msgs/libop3_camera_setting_tool_msgs__rosidl_generator_py.so
[1.397s] -- Up-to-date: /home/certezas/robotis_ws/install/op3_camera_setting_tool_msgs/local/lib/python3.10/dist-packages/op3_camera_setting_tool_msgs/msg
[1.397s] -- Up-to-date: /home/certezas/robotis_ws/install/op3_camera_setting_tool_msgs/local/lib/python3.10/dist-packages/op3_camera_setting_tool_msgs/msg/_v4l_parameters.py
[1.397s] -- Up-to-date: /home/certezas/robotis_ws/install/op3_camera_setting_tool_msgs/local/lib/python3.10/dist-packages/op3_camera_setting_tool_msgs/msg/_v4l_parameter.py
[1.397s] -- Up-to-date: /home/certezas/robotis_ws/install/op3_camera_setting_tool_msgs/local/lib/python3.10/dist-packages/op3_camera_setting_tool_msgs/msg/_camera_params.py
[1.397s] -- Up-to-date: /home/certezas/robotis_ws/install/op3_camera_setting_tool_msgs/local/lib/python3.10/dist-packages/op3_camera_setting_tool_msgs/msg/_camera_params_s.c
[1.397s] -- Up-to-date: /home/certezas/robotis_ws/install/op3_camera_setting_tool_msgs/local/lib/python3.10/dist-packages/op3_camera_setting_tool_msgs/msg/__init__.py
[1.398s] -- Up-to-date: /home/certezas/robotis_ws/install/op3_camera_setting_tool_msgs/local/lib/python3.10/dist-packages/op3_camera_setting_tool_msgs/msg/_v4l_parameter_s.c
[1.398s] -- Up-to-date: /home/certezas/robotis_ws/install/op3_camera_setting_tool_msgs/local/lib/python3.10/dist-packages/op3_camera_setting_tool_msgs/msg/_v4l_parameters_s.c
[1.406s] Listing '/home/certezas/robotis_ws/install/op3_camera_setting_tool_msgs/local/lib/python3.10/dist-packages/op3_camera_setting_tool_msgs'...
[1.406s] Listing '/home/certezas/robotis_ws/install/op3_camera_setting_tool_msgs/local/lib/python3.10/dist-packages/op3_camera_setting_tool_msgs/msg'...
[1.407s] Listing '/home/certezas/robotis_ws/install/op3_camera_setting_tool_msgs/local/lib/python3.10/dist-packages/op3_camera_setting_tool_msgs/srv'...
[1.411s] -- Up-to-date: /home/certezas/robotis_ws/install/op3_camera_setting_tool_msgs/local/lib/python3.10/dist-packages/op3_camera_setting_tool_msgs/op3_camera_setting_tool_msgs_s__rosidl_typesupport_fastrtps_c.cpython-310-x86_64-linux-gnu.so
[1.411s] -- Up-to-date: /home/certezas/robotis_ws/install/op3_camera_setting_tool_msgs/local/lib/python3.10/dist-packages/op3_camera_setting_tool_msgs/op3_camera_setting_tool_msgs_s__rosidl_typesupport_introspection_c.cpython-310-x86_64-linux-gnu.so
[1.412s] -- Up-to-date: /home/certezas/robotis_ws/install/op3_camera_setting_tool_msgs/local/lib/python3.10/dist-packages/op3_camera_setting_tool_msgs/op3_camera_setting_tool_msgs_s__rosidl_typesupport_c.cpython-310-x86_64-linux-gnu.so
[1.412s] -- Up-to-date: /home/certezas/robotis_ws/install/op3_camera_setting_tool_msgs/lib/libop3_camera_setting_tool_msgs__rosidl_generator_py.so
[1.412s] -- Up-to-date: /home/certezas/robotis_ws/install/op3_camera_setting_tool_msgs/share/op3_camera_setting_tool_msgs/msg/CameraParams.idl
[1.412s] -- Up-to-date: /home/certezas/robotis_ws/install/op3_camera_setting_tool_msgs/share/op3_camera_setting_tool_msgs/msg/V4lParameter.idl
[1.412s] -- Up-to-date: /home/certezas/robotis_ws/install/op3_camera_setting_tool_msgs/share/op3_camera_setting_tool_msgs/msg/V4lParameters.idl
[1.412s] -- Up-to-date: /home/certezas/robotis_ws/install/op3_camera_setting_tool_msgs/share/op3_camera_setting_tool_msgs/srv/GetParameters.idl
[1.413s] -- Up-to-date: /home/certezas/robotis_ws/install/op3_camera_setting_tool_msgs/share/op3_camera_setting_tool_msgs/srv/SetParameters.idl
[1.413s] -- Up-to-date: /home/certezas/robotis_ws/install/op3_camera_setting_tool_msgs/share/op3_camera_setting_tool_msgs/msg/CameraParams.msg
[1.413s] -- Up-to-date: /home/certezas/robotis_ws/install/op3_camera_setting_tool_msgs/share/op3_camera_setting_tool_msgs/msg/V4lParameter.msg
[1.413s] -- Up-to-date: /home/certezas/robotis_ws/install/op3_camera_setting_tool_msgs/share/op3_camera_setting_tool_msgs/msg/V4lParameters.msg
[1.413s] -- Up-to-date: /home/certezas/robotis_ws/install/op3_camera_setting_tool_msgs/share/op3_camera_setting_tool_msgs/srv/GetParameters.srv
[1.413s] -- Up-to-date: /home/certezas/robotis_ws/install/op3_camera_setting_tool_msgs/share/op3_camera_setting_tool_msgs/srv/GetParameters_Request.msg
[1.413s] -- Up-to-date: /home/certezas/robotis_ws/install/op3_camera_setting_tool_msgs/share/op3_camera_setting_tool_msgs/srv/GetParameters_Response.msg
[1.413s] -- Up-to-date: /home/certezas/robotis_ws/install/op3_camera_setting_tool_msgs/share/op3_camera_setting_tool_msgs/srv/SetParameters.srv
[1.413s] -- Up-to-date: /home/certezas/robotis_ws/install/op3_camera_setting_tool_msgs/share/op3_camera_setting_tool_msgs/srv/SetParameters_Request.msg
[1.413s] -- Up-to-date: /home/certezas/robotis_ws/install/op3_camera_setting_tool_msgs/share/op3_camera_setting_tool_msgs/srv/SetParameters_Response.msg
[1.414s] -- Up-to-date: /home/certezas/robotis_ws/install/op3_camera_setting_tool_msgs/share/ament_index/resource_index/package_run_dependencies/op3_camera_setting_tool_msgs
[1.414s] -- Up-to-date: /home/certezas/robotis_ws/install/op3_camera_setting_tool_msgs/share/ament_index/resource_index/parent_prefix_path/op3_camera_setting_tool_msgs
[1.414s] -- Up-to-date: /home/certezas/robotis_ws/install/op3_camera_setting_tool_msgs/share/op3_camera_setting_tool_msgs/environment/ament_prefix_path.sh
[1.414s] -- Up-to-date: /home/certezas/robotis_ws/install/op3_camera_setting_tool_msgs/share/op3_camera_setting_tool_msgs/environment/ament_prefix_path.dsv
[1.414s] -- Up-to-date: /home/certezas/robotis_ws/install/op3_camera_setting_tool_msgs/share/op3_camera_setting_tool_msgs/environment/path.sh
[1.414s] -- Up-to-date: /home/certezas/robotis_ws/install/op3_camera_setting_tool_msgs/share/op3_camera_setting_tool_msgs/environment/path.dsv
[1.414s] -- Up-to-date: /home/certezas/robotis_ws/install/op3_camera_setting_tool_msgs/share/op3_camera_setting_tool_msgs/local_setup.bash
[1.414s] -- Up-to-date: /home/certezas/robotis_ws/install/op3_camera_setting_tool_msgs/share/op3_camera_setting_tool_msgs/local_setup.sh
[1.414s] -- Up-to-date: /home/certezas/robotis_ws/install/op3_camera_setting_tool_msgs/share/op3_camera_setting_tool_msgs/local_setup.zsh
[1.415s] -- Up-to-date: /home/certezas/robotis_ws/install/op3_camera_setting_tool_msgs/share/op3_camera_setting_tool_msgs/local_setup.dsv
[1.415s] -- Installing: /home/certezas/robotis_ws/install/op3_camera_setting_tool_msgs/share/op3_camera_setting_tool_msgs/package.dsv
[1.415s] -- Up-to-date: /home/certezas/robotis_ws/install/op3_camera_setting_tool_msgs/share/ament_index/resource_index/packages/op3_camera_setting_tool_msgs
[1.415s] -- Up-to-date: /home/certezas/robotis_ws/install/op3_camera_setting_tool_msgs/share/op3_camera_setting_tool_msgs/cmake/export_op3_camera_setting_tool_msgs__rosidl_generator_cExport.cmake
[1.415s] -- Up-to-date: /home/certezas/robotis_ws/install/op3_camera_setting_tool_msgs/share/op3_camera_setting_tool_msgs/cmake/export_op3_camera_setting_tool_msgs__rosidl_generator_cExport-noconfig.cmake
[1.415s] -- Up-to-date: /home/certezas/robotis_ws/install/op3_camera_setting_tool_msgs/share/op3_camera_setting_tool_msgs/cmake/export_op3_camera_setting_tool_msgs__rosidl_typesupport_fastrtps_cExport.cmake
[1.415s] -- Up-to-date: /home/certezas/robotis_ws/install/op3_camera_setting_tool_msgs/share/op3_camera_setting_tool_msgs/cmake/export_op3_camera_setting_tool_msgs__rosidl_typesupport_fastrtps_cExport-noconfig.cmake
[1.415s] -- Up-to-date: /home/certezas/robotis_ws/install/op3_camera_setting_tool_msgs/share/op3_camera_setting_tool_msgs/cmake/export_op3_camera_setting_tool_msgs__rosidl_generator_cppExport.cmake
[1.415s] -- Up-to-date: /home/certezas/robotis_ws/install/op3_camera_setting_tool_msgs/share/op3_camera_setting_tool_msgs/cmake/export_op3_camera_setting_tool_msgs__rosidl_typesupport_fastrtps_cppExport.cmake
[1.416s] -- Up-to-date: /home/certezas/robotis_ws/install/op3_camera_setting_tool_msgs/share/op3_camera_setting_tool_msgs/cmake/export_op3_camera_setting_tool_msgs__rosidl_typesupport_fastrtps_cppExport-noconfig.cmake
[1.416s] -- Up-to-date: /home/certezas/robotis_ws/install/op3_camera_setting_tool_msgs/share/op3_camera_setting_tool_msgs/cmake/op3_camera_setting_tool_msgs__rosidl_typesupport_introspection_cExport.cmake
[1.416s] -- Up-to-date: /home/certezas/robotis_ws/install/op3_camera_setting_tool_msgs/share/op3_camera_setting_tool_msgs/cmake/op3_camera_setting_tool_msgs__rosidl_typesupport_introspection_cExport-noconfig.cmake
[1.416s] -- Up-to-date: /home/certezas/robotis_ws/install/op3_camera_setting_tool_msgs/share/op3_camera_setting_tool_msgs/cmake/op3_camera_setting_tool_msgs__rosidl_typesupport_cExport.cmake
[1.416s] -- Up-to-date: /home/certezas/robotis_ws/install/op3_camera_setting_tool_msgs/share/op3_camera_setting_tool_msgs/cmake/op3_camera_setting_tool_msgs__rosidl_typesupport_cExport-noconfig.cmake
[1.416s] -- Up-to-date: /home/certezas/robotis_ws/install/op3_camera_setting_tool_msgs/share/op3_camera_setting_tool_msgs/cmake/op3_camera_setting_tool_msgs__rosidl_typesupport_introspection_cppExport.cmake
[1.416s] -- Up-to-date: /home/certezas/robotis_ws/install/op3_camera_setting_tool_msgs/share/op3_camera_setting_tool_msgs/cmake/op3_camera_setting_tool_msgs__rosidl_typesupport_introspection_cppExport-noconfig.cmake
[1.416s] -- Up-to-date: /home/certezas/robotis_ws/install/op3_camera_setting_tool_msgs/share/op3_camera_setting_tool_msgs/cmake/op3_camera_setting_tool_msgs__rosidl_typesupport_cppExport.cmake
[1.416s] -- Up-to-date: /home/certezas/robotis_ws/install/op3_camera_setting_tool_msgs/share/op3_camera_setting_tool_msgs/cmake/op3_camera_setting_tool_msgs__rosidl_typesupport_cppExport-noconfig.cmake
[1.416s] -- Up-to-date: /home/certezas/robotis_ws/install/op3_camera_setting_tool_msgs/share/op3_camera_setting_tool_msgs/cmake/export_op3_camera_setting_tool_msgs__rosidl_generator_pyExport.cmake
[1.416s] -- Up-to-date: /home/certezas/robotis_ws/install/op3_camera_setting_tool_msgs/share/op3_camera_setting_tool_msgs/cmake/export_op3_camera_setting_tool_msgs__rosidl_generator_pyExport-noconfig.cmake
[1.416s] -- Up-to-date: /home/certezas/robotis_ws/install/op3_camera_setting_tool_msgs/share/op3_camera_setting_tool_msgs/cmake/rosidl_cmake-extras.cmake
[1.417s] -- Up-to-date: /home/certezas/robotis_ws/install/op3_camera_setting_tool_msgs/share/op3_camera_setting_tool_msgs/cmake/ament_cmake_export_dependencies-extras.cmake
[1.417s] -- Up-to-date: /home/certezas/robotis_ws/install/op3_camera_setting_tool_msgs/share/op3_camera_setting_tool_msgs/cmake/ament_cmake_export_include_directories-extras.cmake
[1.417s] -- Up-to-date: /home/certezas/robotis_ws/install/op3_camera_setting_tool_msgs/share/op3_camera_setting_tool_msgs/cmake/ament_cmake_export_libraries-extras.cmake
[1.417s] -- Up-to-date: /home/certezas/robotis_ws/install/op3_camera_setting_tool_msgs/share/op3_camera_setting_tool_msgs/cmake/ament_cmake_export_targets-extras.cmake
[1.417s] -- Up-to-date: /home/certezas/robotis_ws/install/op3_camera_setting_tool_msgs/share/op3_camera_setting_tool_msgs/cmake/rosidl_cmake_export_typesupport_targets-extras.cmake
[1.417s] -- Up-to-date: /home/certezas/robotis_ws/install/op3_camera_setting_tool_msgs/share/op3_camera_setting_tool_msgs/cmake/rosidl_cmake_export_typesupport_libraries-extras.cmake
[1.417s] -- Up-to-date: /home/certezas/robotis_ws/install/op3_camera_setting_tool_msgs/share/op3_camera_setting_tool_msgs/cmake/op3_camera_setting_tool_msgsConfig.cmake
[1.417s] -- Up-to-date: /home/certezas/robotis_ws/install/op3_camera_setting_tool_msgs/share/op3_camera_setting_tool_msgs/cmake/op3_camera_setting_tool_msgsConfig-version.cmake
[1.417s] -- Up-to-date: /home/certezas/robotis_ws/install/op3_camera_setting_tool_msgs/share/op3_camera_setting_tool_msgs/package.xml
[1.541s] Invoked command in '/home/certezas/robotis_ws/build/op3_camera_setting_tool_msgs' returned '0': CMAKE_PREFIX_PATH=${CMAKE_PREFIX_PATH}:/opt/ros/humble /usr/bin/cmake --install /home/certezas/robotis_ws/build/op3_camera_setting_tool_msgs
