[0.427s] Invoking command in '/home/certezas/robotis_ws/build/op3_offset_tuner_msgs': CMAKE_PREFIX_PATH=${CMAKE_PREFIX_PATH}:/opt/ros/humble /usr/bin/cmake --build /home/certezas/robotis_ws/build/op3_offset_tuner_msgs -- -j12 -l12
[3.059s] [ 11%] Built target op3_offset_tuner_msgs__rosidl_generator_c
[3.236s] [ 12%] Built target op3_offset_tuner_msgs__cpp
[3.323s] [ 23%] Built target op3_offset_tuner_msgs__rosidl_typesupport_c
[3.326s] [ 34%] Built target op3_offset_tuner_msgs__rosidl_typesupport_introspection_c
[3.610s] [ 58%] Built target op3_offset_tuner_msgs__rosidl_typesupport_introspection_cpp
[3.610s] [ 57%] Built target op3_offset_tuner_msgs__rosidl_typesupport_fastrtps_cpp
[3.610s] [ 68%] Built target op3_offset_tuner_msgs__rosidl_typesupport_fastrtps_c
[3.999s] [ 79%] Built target op3_offset_tuner_msgs__rosidl_typesupport_cpp
[4.187s] [ 79%] Built target op3_offset_tuner_msgs
[4.225s] [ 80%] Built target op3_offset_tuner_msgs__py
[4.441s] [ 90%] Built target op3_offset_tuner_msgs__rosidl_generator_py
[4.589s] [ 93%] Built target op3_offset_tuner_msgs__rosidl_typesupport_c__pyext
[4.608s] [100%] Built target op3_offset_tuner_msgs__rosidl_typesupport_introspection_c__pyext
[4.608s] [100%] Built target op3_offset_tuner_msgs__rosidl_typesupport_fastrtps_c__pyext
[4.721s] [100%] Built target ament_cmake_python_copy_op3_offset_tuner_msgs
[5.080s] running egg_info
[5.081s] writing op3_offset_tuner_msgs.egg-info/PKG-INFO
[5.081s] writing dependency_links to op3_offset_tuner_msgs.egg-info/dependency_links.txt
[5.089s] writing top-level names to op3_offset_tuner_msgs.egg-info/top_level.txt
[5.228s] reading manifest file 'op3_offset_tuner_msgs.egg-info/SOURCES.txt'
[5.277s] writing manifest file 'op3_offset_tuner_msgs.egg-info/SOURCES.txt'
[5.303s] [100%] Built target ament_cmake_python_build_op3_offset_tuner_msgs_egg
[5.318s] Invoked command in '/home/certezas/robotis_ws/build/op3_offset_tuner_msgs' returned '0': CMAKE_PREFIX_PATH=${CMAKE_PREFIX_PATH}:/opt/ros/humble /usr/bin/cmake --build /home/certezas/robotis_ws/build/op3_offset_tuner_msgs -- -j12 -l12
[5.443s] Invoking command in '/home/certezas/robotis_ws/build/op3_offset_tuner_msgs': CMAKE_PREFIX_PATH=${CMAKE_PREFIX_PATH}:/opt/ros/humble /usr/bin/cmake --install /home/certezas/robotis_ws/build/op3_offset_tuner_msgs
[5.567s] -- Install configuration: ""
[5.567s] -- Up-to-date: /home/certezas/robotis_ws/install/op3_offset_tuner_msgs/share/ament_index/resource_index/rosidl_interfaces/op3_offset_tuner_msgs
[5.568s] -- Up-to-date: /home/certezas/robotis_ws/install/op3_offset_tuner_msgs/include/op3_offset_tuner_msgs/op3_offset_tuner_msgs
[5.568s] -- Up-to-date: /home/certezas/robotis_ws/install/op3_offset_tuner_msgs/include/op3_offset_tuner_msgs/op3_offset_tuner_msgs/srv
[5.568s] -- Up-to-date: /home/certezas/robotis_ws/install/op3_offset_tuner_msgs/include/op3_offset_tuner_msgs/op3_offset_tuner_msgs/srv/get_present_joint_offset_data.h
[5.568s] -- Up-to-date: /home/certezas/robotis_ws/install/op3_offset_tuner_msgs/include/op3_offset_tuner_msgs/op3_offset_tuner_msgs/srv/detail
[5.666s] -- Up-to-date: /home/certezas/robotis_ws/install/op3_offset_tuner_msgs/include/op3_offset_tuner_msgs/op3_offset_tuner_msgs/srv/detail/get_present_joint_offset_data__type_support.h
[5.666s] -- Up-to-date: /home/certezas/robotis_ws/install/op3_offset_tuner_msgs/include/op3_offset_tuner_msgs/op3_offset_tuner_msgs/srv/detail/get_present_joint_offset_data__struct.h
[5.666s] -- Up-to-date: /home/certezas/robotis_ws/install/op3_offset_tuner_msgs/include/op3_offset_tuner_msgs/op3_offset_tuner_msgs/srv/detail/get_present_joint_offset_data__functions.h
[5.666s] -- Up-to-date: /home/certezas/robotis_ws/install/op3_offset_tuner_msgs/include/op3_offset_tuner_msgs/op3_offset_tuner_msgs/srv/detail/get_present_joint_offset_data__functions.c
[5.666s] -- Up-to-date: /home/certezas/robotis_ws/install/op3_offset_tuner_msgs/include/op3_offset_tuner_msgs/op3_offset_tuner_msgs/msg
[5.671s] -- Up-to-date: /home/certezas/robotis_ws/install/op3_offset_tuner_msgs/include/op3_offset_tuner_msgs/op3_offset_tuner_msgs/msg/rosidl_generator_c__visibility_control.h
[5.671s] -- Up-to-date: /home/certezas/robotis_ws/install/op3_offset_tuner_msgs/include/op3_offset_tuner_msgs/op3_offset_tuner_msgs/msg/joint_torque_on_off_array.h
[5.671s] -- Up-to-date: /home/certezas/robotis_ws/install/op3_offset_tuner_msgs/include/op3_offset_tuner_msgs/op3_offset_tuner_msgs/msg/joint_torque_on_off.h
[5.671s] -- Up-to-date: /home/certezas/robotis_ws/install/op3_offset_tuner_msgs/include/op3_offset_tuner_msgs/op3_offset_tuner_msgs/msg/joint_offset_position_data.h
[5.671s] -- Up-to-date: /home/certezas/robotis_ws/install/op3_offset_tuner_msgs/include/op3_offset_tuner_msgs/op3_offset_tuner_msgs/msg/joint_offset_data.h
[5.671s] -- Up-to-date: /home/certezas/robotis_ws/install/op3_offset_tuner_msgs/include/op3_offset_tuner_msgs/op3_offset_tuner_msgs/msg/detail
[5.679s] -- Up-to-date: /home/certezas/robotis_ws/install/op3_offset_tuner_msgs/include/op3_offset_tuner_msgs/op3_offset_tuner_msgs/msg/detail/joint_torque_on_off__functions.h
[5.679s] -- Up-to-date: /home/certezas/robotis_ws/install/op3_offset_tuner_msgs/include/op3_offset_tuner_msgs/op3_offset_tuner_msgs/msg/detail/joint_offset_position_data__functions.c
[5.679s] -- Up-to-date: /home/certezas/robotis_ws/install/op3_offset_tuner_msgs/include/op3_offset_tuner_msgs/op3_offset_tuner_msgs/msg/detail/joint_torque_on_off_array__functions.c
[5.679s] -- Up-to-date: /home/certezas/robotis_ws/install/op3_offset_tuner_msgs/include/op3_offset_tuner_msgs/op3_offset_tuner_msgs/msg/detail/joint_offset_position_data__type_support.h
[5.679s] -- Up-to-date: /home/certezas/robotis_ws/install/op3_offset_tuner_msgs/include/op3_offset_tuner_msgs/op3_offset_tuner_msgs/msg/detail/joint_torque_on_off_array__struct.h
[5.679s] -- Up-to-date: /home/certezas/robotis_ws/install/op3_offset_tuner_msgs/include/op3_offset_tuner_msgs/op3_offset_tuner_msgs/msg/detail/joint_offset_data__functions.h
[5.679s] -- Up-to-date: /home/certezas/robotis_ws/install/op3_offset_tuner_msgs/include/op3_offset_tuner_msgs/op3_offset_tuner_msgs/msg/detail/joint_torque_on_off_array__functions.h
[5.680s] -- Up-to-date: /home/certezas/robotis_ws/install/op3_offset_tuner_msgs/include/op3_offset_tuner_msgs/op3_offset_tuner_msgs/msg/detail/joint_offset_data__functions.c
[5.680s] -- Up-to-date: /home/certezas/robotis_ws/install/op3_offset_tuner_msgs/include/op3_offset_tuner_msgs/op3_offset_tuner_msgs/msg/detail/joint_torque_on_off_array__type_support.h
[5.680s] -- Up-to-date: /home/certezas/robotis_ws/install/op3_offset_tuner_msgs/include/op3_offset_tuner_msgs/op3_offset_tuner_msgs/msg/detail/joint_offset_position_data__functions.h
[5.680s] -- Up-to-date: /home/certezas/robotis_ws/install/op3_offset_tuner_msgs/include/op3_offset_tuner_msgs/op3_offset_tuner_msgs/msg/detail/joint_torque_on_off__functions.c
[5.680s] -- Up-to-date: /home/certezas/robotis_ws/install/op3_offset_tuner_msgs/include/op3_offset_tuner_msgs/op3_offset_tuner_msgs/msg/detail/joint_torque_on_off__type_support.h
[5.680s] -- Up-to-date: /home/certezas/robotis_ws/install/op3_offset_tuner_msgs/include/op3_offset_tuner_msgs/op3_offset_tuner_msgs/msg/detail/joint_offset_data__struct.h
[5.680s] -- Up-to-date: /home/certezas/robotis_ws/install/op3_offset_tuner_msgs/include/op3_offset_tuner_msgs/op3_offset_tuner_msgs/msg/detail/joint_offset_data__type_support.h
[5.680s] -- Up-to-date: /home/certezas/robotis_ws/install/op3_offset_tuner_msgs/include/op3_offset_tuner_msgs/op3_offset_tuner_msgs/msg/detail/joint_offset_position_data__struct.h
[5.680s] -- Up-to-date: /home/certezas/robotis_ws/install/op3_offset_tuner_msgs/include/op3_offset_tuner_msgs/op3_offset_tuner_msgs/msg/detail/joint_torque_on_off__struct.h
[5.680s] -- Up-to-date: /home/certezas/robotis_ws/install/op3_offset_tuner_msgs/share/op3_offset_tuner_msgs/environment/library_path.sh
[5.680s] -- Up-to-date: /home/certezas/robotis_ws/install/op3_offset_tuner_msgs/share/op3_offset_tuner_msgs/environment/library_path.dsv
[6.058s] -- Up-to-date: /home/certezas/robotis_ws/install/op3_offset_tuner_msgs/lib/libop3_offset_tuner_msgs__rosidl_generator_c.so
[6.058s] -- Up-to-date: /home/certezas/robotis_ws/install/op3_offset_tuner_msgs/include/op3_offset_tuner_msgs/op3_offset_tuner_msgs
[6.191s] -- Up-to-date: /home/certezas/robotis_ws/install/op3_offset_tuner_msgs/include/op3_offset_tuner_msgs/op3_offset_tuner_msgs/srv
[6.191s] -- Up-to-date: /home/certezas/robotis_ws/install/op3_offset_tuner_msgs/include/op3_offset_tuner_msgs/op3_offset_tuner_msgs/srv/detail
[6.191s] -- Up-to-date: /home/certezas/robotis_ws/install/op3_offset_tuner_msgs/include/op3_offset_tuner_msgs/op3_offset_tuner_msgs/srv/detail/get_present_joint_offset_data__rosidl_typesupport_fastrtps_c.h
[6.191s] -- Up-to-date: /home/certezas/robotis_ws/install/op3_offset_tuner_msgs/include/op3_offset_tuner_msgs/op3_offset_tuner_msgs/msg
[6.191s] -- Up-to-date: /home/certezas/robotis_ws/install/op3_offset_tuner_msgs/include/op3_offset_tuner_msgs/op3_offset_tuner_msgs/msg/detail
[6.213s] -- Up-to-date: /home/certezas/robotis_ws/install/op3_offset_tuner_msgs/include/op3_offset_tuner_msgs/op3_offset_tuner_msgs/msg/detail/joint_offset_data__rosidl_typesupport_fastrtps_c.h
[6.213s] -- Up-to-date: /home/certezas/robotis_ws/install/op3_offset_tuner_msgs/include/op3_offset_tuner_msgs/op3_offset_tuner_msgs/msg/detail/joint_offset_position_data__rosidl_typesupport_fastrtps_c.h
[6.213s] -- Up-to-date: /home/certezas/robotis_ws/install/op3_offset_tuner_msgs/include/op3_offset_tuner_msgs/op3_offset_tuner_msgs/msg/detail/joint_torque_on_off__rosidl_typesupport_fastrtps_c.h
[6.213s] -- Up-to-date: /home/certezas/robotis_ws/install/op3_offset_tuner_msgs/include/op3_offset_tuner_msgs/op3_offset_tuner_msgs/msg/detail/joint_torque_on_off_array__rosidl_typesupport_fastrtps_c.h
[6.213s] -- Up-to-date: /home/certezas/robotis_ws/install/op3_offset_tuner_msgs/include/op3_offset_tuner_msgs/op3_offset_tuner_msgs/msg/rosidl_typesupport_fastrtps_c__visibility_control.h
[6.404s] -- Up-to-date: /home/certezas/robotis_ws/install/op3_offset_tuner_msgs/lib/libop3_offset_tuner_msgs__rosidl_typesupport_fastrtps_c.so
[6.404s] -- Up-to-date: /home/certezas/robotis_ws/install/op3_offset_tuner_msgs/include/op3_offset_tuner_msgs/op3_offset_tuner_msgs
[6.404s] -- Up-to-date: /home/certezas/robotis_ws/install/op3_offset_tuner_msgs/include/op3_offset_tuner_msgs/op3_offset_tuner_msgs/srv
[6.428s] -- Up-to-date: /home/certezas/robotis_ws/install/op3_offset_tuner_msgs/include/op3_offset_tuner_msgs/op3_offset_tuner_msgs/srv/detail
[6.439s] -- Up-to-date: /home/certezas/robotis_ws/install/op3_offset_tuner_msgs/include/op3_offset_tuner_msgs/op3_offset_tuner_msgs/srv/detail/get_present_joint_offset_data__type_support.c
[6.439s] -- Up-to-date: /home/certezas/robotis_ws/install/op3_offset_tuner_msgs/include/op3_offset_tuner_msgs/op3_offset_tuner_msgs/srv/detail/get_present_joint_offset_data__rosidl_typesupport_introspection_c.h
[6.439s] -- Up-to-date: /home/certezas/robotis_ws/install/op3_offset_tuner_msgs/include/op3_offset_tuner_msgs/op3_offset_tuner_msgs/msg
[6.449s] -- Up-to-date: /home/certezas/robotis_ws/install/op3_offset_tuner_msgs/include/op3_offset_tuner_msgs/op3_offset_tuner_msgs/msg/rosidl_typesupport_introspection_c__visibility_control.h
[6.450s] -- Up-to-date: /home/certezas/robotis_ws/install/op3_offset_tuner_msgs/include/op3_offset_tuner_msgs/op3_offset_tuner_msgs/msg/detail
[6.456s] -- Up-to-date: /home/certezas/robotis_ws/install/op3_offset_tuner_msgs/include/op3_offset_tuner_msgs/op3_offset_tuner_msgs/msg/detail/joint_offset_data__type_support.c
[6.456s] -- Up-to-date: /home/certezas/robotis_ws/install/op3_offset_tuner_msgs/include/op3_offset_tuner_msgs/op3_offset_tuner_msgs/msg/detail/joint_offset_position_data__type_support.c
[6.456s] -- Up-to-date: /home/certezas/robotis_ws/install/op3_offset_tuner_msgs/include/op3_offset_tuner_msgs/op3_offset_tuner_msgs/msg/detail/joint_torque_on_off__type_support.c
[6.456s] -- Up-to-date: /home/certezas/robotis_ws/install/op3_offset_tuner_msgs/include/op3_offset_tuner_msgs/op3_offset_tuner_msgs/msg/detail/joint_torque_on_off__rosidl_typesupport_introspection_c.h
[6.456s] -- Up-to-date: /home/certezas/robotis_ws/install/op3_offset_tuner_msgs/include/op3_offset_tuner_msgs/op3_offset_tuner_msgs/msg/detail/joint_offset_data__rosidl_typesupport_introspection_c.h
[6.456s] -- Up-to-date: /home/certezas/robotis_ws/install/op3_offset_tuner_msgs/include/op3_offset_tuner_msgs/op3_offset_tuner_msgs/msg/detail/joint_torque_on_off_array__type_support.c
[6.456s] -- Up-to-date: /home/certezas/robotis_ws/install/op3_offset_tuner_msgs/include/op3_offset_tuner_msgs/op3_offset_tuner_msgs/msg/detail/joint_offset_position_data__rosidl_typesupport_introspection_c.h
[6.456s] -- Up-to-date: /home/certezas/robotis_ws/install/op3_offset_tuner_msgs/include/op3_offset_tuner_msgs/op3_offset_tuner_msgs/msg/detail/joint_torque_on_off_array__rosidl_typesupport_introspection_c.h
[6.465s] -- Up-to-date: /home/certezas/robotis_ws/install/op3_offset_tuner_msgs/lib/libop3_offset_tuner_msgs__rosidl_typesupport_introspection_c.so
[6.466s] -- Up-to-date: /home/certezas/robotis_ws/install/op3_offset_tuner_msgs/lib/libop3_offset_tuner_msgs__rosidl_typesupport_c.so
[6.466s] -- Up-to-date: /home/certezas/robotis_ws/install/op3_offset_tuner_msgs/include/op3_offset_tuner_msgs/op3_offset_tuner_msgs
[6.466s] -- Up-to-date: /home/certezas/robotis_ws/install/op3_offset_tuner_msgs/include/op3_offset_tuner_msgs/op3_offset_tuner_msgs/srv
[6.466s] -- Up-to-date: /home/certezas/robotis_ws/install/op3_offset_tuner_msgs/include/op3_offset_tuner_msgs/op3_offset_tuner_msgs/srv/detail
[6.501s] -- Up-to-date: /home/certezas/robotis_ws/install/op3_offset_tuner_msgs/include/op3_offset_tuner_msgs/op3_offset_tuner_msgs/srv/detail/get_present_joint_offset_data__type_support.hpp
[6.501s] -- Up-to-date: /home/certezas/robotis_ws/install/op3_offset_tuner_msgs/include/op3_offset_tuner_msgs/op3_offset_tuner_msgs/srv/detail/get_present_joint_offset_data__builder.hpp
[6.501s] -- Up-to-date: /home/certezas/robotis_ws/install/op3_offset_tuner_msgs/include/op3_offset_tuner_msgs/op3_offset_tuner_msgs/srv/detail/get_present_joint_offset_data__struct.hpp
[6.501s] -- Up-to-date: /home/certezas/robotis_ws/install/op3_offset_tuner_msgs/include/op3_offset_tuner_msgs/op3_offset_tuner_msgs/srv/detail/get_present_joint_offset_data__traits.hpp
[6.501s] -- Up-to-date: /home/certezas/robotis_ws/install/op3_offset_tuner_msgs/include/op3_offset_tuner_msgs/op3_offset_tuner_msgs/srv/get_present_joint_offset_data.hpp
[6.501s] -- Up-to-date: /home/certezas/robotis_ws/install/op3_offset_tuner_msgs/include/op3_offset_tuner_msgs/op3_offset_tuner_msgs/msg
[6.501s] -- Up-to-date: /home/certezas/robotis_ws/install/op3_offset_tuner_msgs/include/op3_offset_tuner_msgs/op3_offset_tuner_msgs/msg/joint_offset_data.hpp
[6.501s] -- Up-to-date: /home/certezas/robotis_ws/install/op3_offset_tuner_msgs/include/op3_offset_tuner_msgs/op3_offset_tuner_msgs/msg/rosidl_generator_cpp__visibility_control.hpp
[6.502s] -- Up-to-date: /home/certezas/robotis_ws/install/op3_offset_tuner_msgs/include/op3_offset_tuner_msgs/op3_offset_tuner_msgs/msg/joint_torque_on_off_array.hpp
[6.502s] -- Up-to-date: /home/certezas/robotis_ws/install/op3_offset_tuner_msgs/include/op3_offset_tuner_msgs/op3_offset_tuner_msgs/msg/detail
[6.502s] -- Up-to-date: /home/certezas/robotis_ws/install/op3_offset_tuner_msgs/include/op3_offset_tuner_msgs/op3_offset_tuner_msgs/msg/detail/joint_torque_on_off_array__type_support.hpp
[6.502s] -- Up-to-date: /home/certezas/robotis_ws/install/op3_offset_tuner_msgs/include/op3_offset_tuner_msgs/op3_offset_tuner_msgs/msg/detail/joint_offset_data__struct.hpp
[6.502s] -- Up-to-date: /home/certezas/robotis_ws/install/op3_offset_tuner_msgs/include/op3_offset_tuner_msgs/op3_offset_tuner_msgs/msg/detail/joint_offset_position_data__builder.hpp
[6.502s] -- Up-to-date: /home/certezas/robotis_ws/install/op3_offset_tuner_msgs/include/op3_offset_tuner_msgs/op3_offset_tuner_msgs/msg/detail/joint_torque_on_off__type_support.hpp
[6.502s] -- Up-to-date: /home/certezas/robotis_ws/install/op3_offset_tuner_msgs/include/op3_offset_tuner_msgs/op3_offset_tuner_msgs/msg/detail/joint_torque_on_off__builder.hpp
[6.502s] -- Up-to-date: /home/certezas/robotis_ws/install/op3_offset_tuner_msgs/include/op3_offset_tuner_msgs/op3_offset_tuner_msgs/msg/detail/joint_offset_position_data__struct.hpp
[6.502s] -- Up-to-date: /home/certezas/robotis_ws/install/op3_offset_tuner_msgs/include/op3_offset_tuner_msgs/op3_offset_tuner_msgs/msg/detail/joint_offset_position_data__traits.hpp
[6.502s] -- Up-to-date: /home/certezas/robotis_ws/install/op3_offset_tuner_msgs/include/op3_offset_tuner_msgs/op3_offset_tuner_msgs/msg/detail/joint_torque_on_off_array__struct.hpp
[6.502s] -- Up-to-date: /home/certezas/robotis_ws/install/op3_offset_tuner_msgs/include/op3_offset_tuner_msgs/op3_offset_tuner_msgs/msg/detail/joint_offset_data__type_support.hpp
[6.503s] -- Up-to-date: /home/certezas/robotis_ws/install/op3_offset_tuner_msgs/include/op3_offset_tuner_msgs/op3_offset_tuner_msgs/msg/detail/joint_torque_on_off_array__traits.hpp
[6.503s] -- Up-to-date: /home/certezas/robotis_ws/install/op3_offset_tuner_msgs/include/op3_offset_tuner_msgs/op3_offset_tuner_msgs/msg/detail/joint_offset_position_data__type_support.hpp
[6.503s] -- Up-to-date: /home/certezas/robotis_ws/install/op3_offset_tuner_msgs/include/op3_offset_tuner_msgs/op3_offset_tuner_msgs/msg/detail/joint_offset_data__traits.hpp
[6.503s] -- Up-to-date: /home/certezas/robotis_ws/install/op3_offset_tuner_msgs/include/op3_offset_tuner_msgs/op3_offset_tuner_msgs/msg/detail/joint_torque_on_off__traits.hpp
[6.503s] -- Up-to-date: /home/certezas/robotis_ws/install/op3_offset_tuner_msgs/include/op3_offset_tuner_msgs/op3_offset_tuner_msgs/msg/detail/joint_offset_data__builder.hpp
[6.503s] -- Up-to-date: /home/certezas/robotis_ws/install/op3_offset_tuner_msgs/include/op3_offset_tuner_msgs/op3_offset_tuner_msgs/msg/detail/joint_torque_on_off__struct.hpp
[6.503s] -- Up-to-date: /home/certezas/robotis_ws/install/op3_offset_tuner_msgs/include/op3_offset_tuner_msgs/op3_offset_tuner_msgs/msg/detail/joint_torque_on_off_array__builder.hpp
[6.503s] -- Up-to-date: /home/certezas/robotis_ws/install/op3_offset_tuner_msgs/include/op3_offset_tuner_msgs/op3_offset_tuner_msgs/msg/joint_offset_position_data.hpp
[6.503s] -- Up-to-date: /home/certezas/robotis_ws/install/op3_offset_tuner_msgs/include/op3_offset_tuner_msgs/op3_offset_tuner_msgs/msg/joint_torque_on_off.hpp
[6.503s] -- Up-to-date: /home/certezas/robotis_ws/install/op3_offset_tuner_msgs/include/op3_offset_tuner_msgs/op3_offset_tuner_msgs
[6.503s] -- Up-to-date: /home/certezas/robotis_ws/install/op3_offset_tuner_msgs/include/op3_offset_tuner_msgs/op3_offset_tuner_msgs/srv
[6.503s] -- Up-to-date: /home/certezas/robotis_ws/install/op3_offset_tuner_msgs/include/op3_offset_tuner_msgs/op3_offset_tuner_msgs/srv/detail
[6.503s] -- Up-to-date: /home/certezas/robotis_ws/install/op3_offset_tuner_msgs/include/op3_offset_tuner_msgs/op3_offset_tuner_msgs/srv/detail/dds_fastrtps
[6.504s] -- Up-to-date: /home/certezas/robotis_ws/install/op3_offset_tuner_msgs/include/op3_offset_tuner_msgs/op3_offset_tuner_msgs/srv/detail/get_present_joint_offset_data__rosidl_typesupport_fastrtps_cpp.hpp
[6.504s] -- Up-to-date: /home/certezas/robotis_ws/install/op3_offset_tuner_msgs/include/op3_offset_tuner_msgs/op3_offset_tuner_msgs/msg
[6.504s] -- Up-to-date: /home/certezas/robotis_ws/install/op3_offset_tuner_msgs/include/op3_offset_tuner_msgs/op3_offset_tuner_msgs/msg/rosidl_typesupport_fastrtps_cpp__visibility_control.h
[6.504s] -- Up-to-date: /home/certezas/robotis_ws/install/op3_offset_tuner_msgs/include/op3_offset_tuner_msgs/op3_offset_tuner_msgs/msg/detail
[6.504s] -- Up-to-date: /home/certezas/robotis_ws/install/op3_offset_tuner_msgs/include/op3_offset_tuner_msgs/op3_offset_tuner_msgs/msg/detail/dds_fastrtps
[6.527s] -- Up-to-date: /home/certezas/robotis_ws/install/op3_offset_tuner_msgs/include/op3_offset_tuner_msgs/op3_offset_tuner_msgs/msg/detail/joint_offset_position_data__rosidl_typesupport_fastrtps_cpp.hpp
[6.527s] -- Up-to-date: /home/certezas/robotis_ws/install/op3_offset_tuner_msgs/include/op3_offset_tuner_msgs/op3_offset_tuner_msgs/msg/detail/joint_torque_on_off__rosidl_typesupport_fastrtps_cpp.hpp
[6.527s] -- Up-to-date: /home/certezas/robotis_ws/install/op3_offset_tuner_msgs/include/op3_offset_tuner_msgs/op3_offset_tuner_msgs/msg/detail/joint_offset_data__rosidl_typesupport_fastrtps_cpp.hpp
[6.527s] -- Up-to-date: /home/certezas/robotis_ws/install/op3_offset_tuner_msgs/include/op3_offset_tuner_msgs/op3_offset_tuner_msgs/msg/detail/joint_torque_on_off_array__rosidl_typesupport_fastrtps_cpp.hpp
[6.667s] -- Up-to-date: /home/certezas/robotis_ws/install/op3_offset_tuner_msgs/lib/libop3_offset_tuner_msgs__rosidl_typesupport_fastrtps_cpp.so
[6.667s] -- Up-to-date: /home/certezas/robotis_ws/install/op3_offset_tuner_msgs/include/op3_offset_tuner_msgs/op3_offset_tuner_msgs
[6.667s] -- Up-to-date: /home/certezas/robotis_ws/install/op3_offset_tuner_msgs/include/op3_offset_tuner_msgs/op3_offset_tuner_msgs/srv
[6.667s] -- Up-to-date: /home/certezas/robotis_ws/install/op3_offset_tuner_msgs/include/op3_offset_tuner_msgs/op3_offset_tuner_msgs/srv/detail
[6.668s] -- Up-to-date: /home/certezas/robotis_ws/install/op3_offset_tuner_msgs/include/op3_offset_tuner_msgs/op3_offset_tuner_msgs/srv/detail/get_present_joint_offset_data__rosidl_typesupport_introspection_cpp.hpp
[6.668s] -- Up-to-date: /home/certezas/robotis_ws/install/op3_offset_tuner_msgs/include/op3_offset_tuner_msgs/op3_offset_tuner_msgs/srv/detail/get_present_joint_offset_data__type_support.cpp
[6.668s] -- Up-to-date: /home/certezas/robotis_ws/install/op3_offset_tuner_msgs/include/op3_offset_tuner_msgs/op3_offset_tuner_msgs/msg
[6.668s] -- Up-to-date: /home/certezas/robotis_ws/install/op3_offset_tuner_msgs/include/op3_offset_tuner_msgs/op3_offset_tuner_msgs/msg/detail
[6.668s] -- Up-to-date: /home/certezas/robotis_ws/install/op3_offset_tuner_msgs/include/op3_offset_tuner_msgs/op3_offset_tuner_msgs/msg/detail/joint_torque_on_off__rosidl_typesupport_introspection_cpp.hpp
[6.668s] -- Up-to-date: /home/certezas/robotis_ws/install/op3_offset_tuner_msgs/include/op3_offset_tuner_msgs/op3_offset_tuner_msgs/msg/detail/joint_offset_data__rosidl_typesupport_introspection_cpp.hpp
[6.668s] -- Up-to-date: /home/certezas/robotis_ws/install/op3_offset_tuner_msgs/include/op3_offset_tuner_msgs/op3_offset_tuner_msgs/msg/detail/joint_offset_position_data__rosidl_typesupport_introspection_cpp.hpp
[6.668s] -- Up-to-date: /home/certezas/robotis_ws/install/op3_offset_tuner_msgs/include/op3_offset_tuner_msgs/op3_offset_tuner_msgs/msg/detail/joint_torque_on_off__type_support.cpp
[6.668s] -- Up-to-date: /home/certezas/robotis_ws/install/op3_offset_tuner_msgs/include/op3_offset_tuner_msgs/op3_offset_tuner_msgs/msg/detail/joint_torque_on_off_array__type_support.cpp
[6.668s] -- Up-to-date: /home/certezas/robotis_ws/install/op3_offset_tuner_msgs/include/op3_offset_tuner_msgs/op3_offset_tuner_msgs/msg/detail/joint_offset_data__type_support.cpp
[6.668s] -- Up-to-date: /home/certezas/robotis_ws/install/op3_offset_tuner_msgs/include/op3_offset_tuner_msgs/op3_offset_tuner_msgs/msg/detail/joint_torque_on_off_array__rosidl_typesupport_introspection_cpp.hpp
[6.668s] -- Up-to-date: /home/certezas/robotis_ws/install/op3_offset_tuner_msgs/include/op3_offset_tuner_msgs/op3_offset_tuner_msgs/msg/detail/joint_offset_position_data__type_support.cpp
[6.692s] -- Up-to-date: /home/certezas/robotis_ws/install/op3_offset_tuner_msgs/lib/libop3_offset_tuner_msgs__rosidl_typesupport_introspection_cpp.so
[6.767s] -- Up-to-date: /home/certezas/robotis_ws/install/op3_offset_tuner_msgs/lib/libop3_offset_tuner_msgs__rosidl_typesupport_cpp.so
[6.767s] -- Up-to-date: /home/certezas/robotis_ws/install/op3_offset_tuner_msgs/share/op3_offset_tuner_msgs/environment/pythonpath.sh
[6.767s] -- Up-to-date: /home/certezas/robotis_ws/install/op3_offset_tuner_msgs/share/op3_offset_tuner_msgs/environment/pythonpath.dsv
[6.767s] -- Up-to-date: /home/certezas/robotis_ws/install/op3_offset_tuner_msgs/local/lib/python3.10/dist-packages/op3_offset_tuner_msgs-0.1.1-py3.10.egg-info
[6.767s] -- Installing: /home/certezas/robotis_ws/install/op3_offset_tuner_msgs/local/lib/python3.10/dist-packages/op3_offset_tuner_msgs-0.1.1-py3.10.egg-info/PKG-INFO
[6.767s] -- Installing: /home/certezas/robotis_ws/install/op3_offset_tuner_msgs/local/lib/python3.10/dist-packages/op3_offset_tuner_msgs-0.1.1-py3.10.egg-info/dependency_links.txt
[6.768s] -- Installing: /home/certezas/robotis_ws/install/op3_offset_tuner_msgs/local/lib/python3.10/dist-packages/op3_offset_tuner_msgs-0.1.1-py3.10.egg-info/top_level.txt
[6.768s] -- Installing: /home/certezas/robotis_ws/install/op3_offset_tuner_msgs/local/lib/python3.10/dist-packages/op3_offset_tuner_msgs-0.1.1-py3.10.egg-info/SOURCES.txt
[6.768s] -- Up-to-date: /home/certezas/robotis_ws/install/op3_offset_tuner_msgs/local/lib/python3.10/dist-packages/op3_offset_tuner_msgs
[6.768s] -- Up-to-date: /home/certezas/robotis_ws/install/op3_offset_tuner_msgs/local/lib/python3.10/dist-packages/op3_offset_tuner_msgs/libop3_offset_tuner_msgs__rosidl_generator_py.so
[6.768s] -- Up-to-date: /home/certezas/robotis_ws/install/op3_offset_tuner_msgs/local/lib/python3.10/dist-packages/op3_offset_tuner_msgs/op3_offset_tuner_msgs_s__rosidl_typesupport_introspection_c.cpython-310-x86_64-linux-gnu.so
[6.768s] -- Up-to-date: /home/certezas/robotis_ws/install/op3_offset_tuner_msgs/local/lib/python3.10/dist-packages/op3_offset_tuner_msgs/op3_offset_tuner_msgs_s__rosidl_typesupport_fastrtps_c.cpython-310-x86_64-linux-gnu.so
[6.768s] -- Up-to-date: /home/certezas/robotis_ws/install/op3_offset_tuner_msgs/local/lib/python3.10/dist-packages/op3_offset_tuner_msgs/__init__.py
[6.768s] -- Up-to-date: /home/certezas/robotis_ws/install/op3_offset_tuner_msgs/local/lib/python3.10/dist-packages/op3_offset_tuner_msgs/_op3_offset_tuner_msgs_s.ep.rosidl_typesupport_introspection_c.c
[6.768s] -- Up-to-date: /home/certezas/robotis_ws/install/op3_offset_tuner_msgs/local/lib/python3.10/dist-packages/op3_offset_tuner_msgs/srv
[6.768s] -- Up-to-date: /home/certezas/robotis_ws/install/op3_offset_tuner_msgs/local/lib/python3.10/dist-packages/op3_offset_tuner_msgs/srv/__init__.py
[6.768s] -- Up-to-date: /home/certezas/robotis_ws/install/op3_offset_tuner_msgs/local/lib/python3.10/dist-packages/op3_offset_tuner_msgs/srv/_get_present_joint_offset_data.py
[6.769s] -- Up-to-date: /home/certezas/robotis_ws/install/op3_offset_tuner_msgs/local/lib/python3.10/dist-packages/op3_offset_tuner_msgs/srv/_get_present_joint_offset_data_s.c
[6.769s] -- Up-to-date: /home/certezas/robotis_ws/install/op3_offset_tuner_msgs/local/lib/python3.10/dist-packages/op3_offset_tuner_msgs/op3_offset_tuner_msgs_s__rosidl_typesupport_c.cpython-310-x86_64-linux-gnu.so
[6.769s] -- Up-to-date: /home/certezas/robotis_ws/install/op3_offset_tuner_msgs/local/lib/python3.10/dist-packages/op3_offset_tuner_msgs/_op3_offset_tuner_msgs_s.ep.rosidl_typesupport_fastrtps_c.c
[6.769s] -- Up-to-date: /home/certezas/robotis_ws/install/op3_offset_tuner_msgs/local/lib/python3.10/dist-packages/op3_offset_tuner_msgs/_op3_offset_tuner_msgs_s.ep.rosidl_typesupport_c.c
[6.769s] -- Up-to-date: /home/certezas/robotis_ws/install/op3_offset_tuner_msgs/local/lib/python3.10/dist-packages/op3_offset_tuner_msgs/msg
[6.769s] -- Up-to-date: /home/certezas/robotis_ws/install/op3_offset_tuner_msgs/local/lib/python3.10/dist-packages/op3_offset_tuner_msgs/msg/_joint_torque_on_off_array_s.c
[6.769s] -- Up-to-date: /home/certezas/robotis_ws/install/op3_offset_tuner_msgs/local/lib/python3.10/dist-packages/op3_offset_tuner_msgs/msg/_joint_offset_data.py
[6.769s] -- Up-to-date: /home/certezas/robotis_ws/install/op3_offset_tuner_msgs/local/lib/python3.10/dist-packages/op3_offset_tuner_msgs/msg/_joint_offset_position_data_s.c
[6.769s] -- Up-to-date: /home/certezas/robotis_ws/install/op3_offset_tuner_msgs/local/lib/python3.10/dist-packages/op3_offset_tuner_msgs/msg/__init__.py
[6.769s] -- Up-to-date: /home/certezas/robotis_ws/install/op3_offset_tuner_msgs/local/lib/python3.10/dist-packages/op3_offset_tuner_msgs/msg/_joint_torque_on_off_s.c
[6.769s] -- Up-to-date: /home/certezas/robotis_ws/install/op3_offset_tuner_msgs/local/lib/python3.10/dist-packages/op3_offset_tuner_msgs/msg/_joint_torque_on_off_array.py
[6.770s] -- Up-to-date: /home/certezas/robotis_ws/install/op3_offset_tuner_msgs/local/lib/python3.10/dist-packages/op3_offset_tuner_msgs/msg/_joint_offset_position_data.py
[6.770s] -- Up-to-date: /home/certezas/robotis_ws/install/op3_offset_tuner_msgs/local/lib/python3.10/dist-packages/op3_offset_tuner_msgs/msg/_joint_offset_data_s.c
[6.770s] -- Up-to-date: /home/certezas/robotis_ws/install/op3_offset_tuner_msgs/local/lib/python3.10/dist-packages/op3_offset_tuner_msgs/msg/_joint_torque_on_off.py
[7.001s] Listing '/home/certezas/robotis_ws/install/op3_offset_tuner_msgs/local/lib/python3.10/dist-packages/op3_offset_tuner_msgs'...
[7.001s] Listing '/home/certezas/robotis_ws/install/op3_offset_tuner_msgs/local/lib/python3.10/dist-packages/op3_offset_tuner_msgs/msg'...
[7.001s] Listing '/home/certezas/robotis_ws/install/op3_offset_tuner_msgs/local/lib/python3.10/dist-packages/op3_offset_tuner_msgs/srv'...
[7.016s] -- Up-to-date: /home/certezas/robotis_ws/install/op3_offset_tuner_msgs/local/lib/python3.10/dist-packages/op3_offset_tuner_msgs/op3_offset_tuner_msgs_s__rosidl_typesupport_fastrtps_c.cpython-310-x86_64-linux-gnu.so
[7.037s] -- Up-to-date: /home/certezas/robotis_ws/install/op3_offset_tuner_msgs/local/lib/python3.10/dist-packages/op3_offset_tuner_msgs/op3_offset_tuner_msgs_s__rosidl_typesupport_introspection_c.cpython-310-x86_64-linux-gnu.so
[7.038s] -- Up-to-date: /home/certezas/robotis_ws/install/op3_offset_tuner_msgs/local/lib/python3.10/dist-packages/op3_offset_tuner_msgs/op3_offset_tuner_msgs_s__rosidl_typesupport_c.cpython-310-x86_64-linux-gnu.so
[7.039s] -- Up-to-date: /home/certezas/robotis_ws/install/op3_offset_tuner_msgs/lib/libop3_offset_tuner_msgs__rosidl_generator_py.so
[7.039s] -- Up-to-date: /home/certezas/robotis_ws/install/op3_offset_tuner_msgs/share/op3_offset_tuner_msgs/msg/JointOffsetData.idl
[7.039s] -- Up-to-date: /home/certezas/robotis_ws/install/op3_offset_tuner_msgs/share/op3_offset_tuner_msgs/msg/JointOffsetPositionData.idl
[7.039s] -- Up-to-date: /home/certezas/robotis_ws/install/op3_offset_tuner_msgs/share/op3_offset_tuner_msgs/msg/JointTorqueOnOff.idl
[7.039s] -- Up-to-date: /home/certezas/robotis_ws/install/op3_offset_tuner_msgs/share/op3_offset_tuner_msgs/msg/JointTorqueOnOffArray.idl
[7.039s] -- Up-to-date: /home/certezas/robotis_ws/install/op3_offset_tuner_msgs/share/op3_offset_tuner_msgs/srv/GetPresentJointOffsetData.idl
[7.039s] -- Up-to-date: /home/certezas/robotis_ws/install/op3_offset_tuner_msgs/share/op3_offset_tuner_msgs/msg/JointOffsetData.msg
[7.039s] -- Up-to-date: /home/certezas/robotis_ws/install/op3_offset_tuner_msgs/share/op3_offset_tuner_msgs/msg/JointOffsetPositionData.msg
[7.039s] -- Up-to-date: /home/certezas/robotis_ws/install/op3_offset_tuner_msgs/share/op3_offset_tuner_msgs/msg/JointTorqueOnOff.msg
[7.039s] -- Up-to-date: /home/certezas/robotis_ws/install/op3_offset_tuner_msgs/share/op3_offset_tuner_msgs/msg/JointTorqueOnOffArray.msg
[7.039s] -- Up-to-date: /home/certezas/robotis_ws/install/op3_offset_tuner_msgs/share/op3_offset_tuner_msgs/srv/GetPresentJointOffsetData.srv
[7.039s] -- Up-to-date: /home/certezas/robotis_ws/install/op3_offset_tuner_msgs/share/op3_offset_tuner_msgs/srv/GetPresentJointOffsetData_Request.msg
[7.039s] -- Up-to-date: /home/certezas/robotis_ws/install/op3_offset_tuner_msgs/share/op3_offset_tuner_msgs/srv/GetPresentJointOffsetData_Response.msg
[7.039s] -- Up-to-date: /home/certezas/robotis_ws/install/op3_offset_tuner_msgs/share/ament_index/resource_index/package_run_dependencies/op3_offset_tuner_msgs
[7.039s] -- Up-to-date: /home/certezas/robotis_ws/install/op3_offset_tuner_msgs/share/ament_index/resource_index/parent_prefix_path/op3_offset_tuner_msgs
[7.039s] -- Up-to-date: /home/certezas/robotis_ws/install/op3_offset_tuner_msgs/share/op3_offset_tuner_msgs/environment/ament_prefix_path.sh
[7.039s] -- Up-to-date: /home/certezas/robotis_ws/install/op3_offset_tuner_msgs/share/op3_offset_tuner_msgs/environment/ament_prefix_path.dsv
[7.040s] -- Up-to-date: /home/certezas/robotis_ws/install/op3_offset_tuner_msgs/share/op3_offset_tuner_msgs/environment/path.sh
[7.040s] -- Up-to-date: /home/certezas/robotis_ws/install/op3_offset_tuner_msgs/share/op3_offset_tuner_msgs/environment/path.dsv
[7.040s] -- Up-to-date: /home/certezas/robotis_ws/install/op3_offset_tuner_msgs/share/op3_offset_tuner_msgs/local_setup.bash
[7.040s] -- Up-to-date: /home/certezas/robotis_ws/install/op3_offset_tuner_msgs/share/op3_offset_tuner_msgs/local_setup.sh
[7.040s] -- Up-to-date: /home/certezas/robotis_ws/install/op3_offset_tuner_msgs/share/op3_offset_tuner_msgs/local_setup.zsh
[7.040s] -- Up-to-date: /home/certezas/robotis_ws/install/op3_offset_tuner_msgs/share/op3_offset_tuner_msgs/local_setup.dsv
[7.040s] -- Installing: /home/certezas/robotis_ws/install/op3_offset_tuner_msgs/share/op3_offset_tuner_msgs/package.dsv
[7.109s] -- Up-to-date: /home/certezas/robotis_ws/install/op3_offset_tuner_msgs/share/ament_index/resource_index/packages/op3_offset_tuner_msgs
[7.130s] -- Up-to-date: /home/certezas/robotis_ws/install/op3_offset_tuner_msgs/share/op3_offset_tuner_msgs/cmake/export_op3_offset_tuner_msgs__rosidl_generator_cExport.cmake
[7.130s] -- Up-to-date: /home/certezas/robotis_ws/install/op3_offset_tuner_msgs/share/op3_offset_tuner_msgs/cmake/export_op3_offset_tuner_msgs__rosidl_generator_cExport-noconfig.cmake
[7.197s] -- Up-to-date: /home/certezas/robotis_ws/install/op3_offset_tuner_msgs/share/op3_offset_tuner_msgs/cmake/export_op3_offset_tuner_msgs__rosidl_typesupport_fastrtps_cExport.cmake
[7.197s] -- Up-to-date: /home/certezas/robotis_ws/install/op3_offset_tuner_msgs/share/op3_offset_tuner_msgs/cmake/export_op3_offset_tuner_msgs__rosidl_typesupport_fastrtps_cExport-noconfig.cmake
[7.231s] -- Up-to-date: /home/certezas/robotis_ws/install/op3_offset_tuner_msgs/share/op3_offset_tuner_msgs/cmake/op3_offset_tuner_msgs__rosidl_typesupport_introspection_cExport.cmake
[7.231s] -- Up-to-date: /home/certezas/robotis_ws/install/op3_offset_tuner_msgs/share/op3_offset_tuner_msgs/cmake/op3_offset_tuner_msgs__rosidl_typesupport_introspection_cExport-noconfig.cmake
[7.232s] -- Up-to-date: /home/certezas/robotis_ws/install/op3_offset_tuner_msgs/share/op3_offset_tuner_msgs/cmake/op3_offset_tuner_msgs__rosidl_typesupport_cExport.cmake
[7.232s] -- Up-to-date: /home/certezas/robotis_ws/install/op3_offset_tuner_msgs/share/op3_offset_tuner_msgs/cmake/op3_offset_tuner_msgs__rosidl_typesupport_cExport-noconfig.cmake
[7.232s] -- Up-to-date: /home/certezas/robotis_ws/install/op3_offset_tuner_msgs/share/op3_offset_tuner_msgs/cmake/export_op3_offset_tuner_msgs__rosidl_generator_cppExport.cmake
[7.284s] -- Up-to-date: /home/certezas/robotis_ws/install/op3_offset_tuner_msgs/share/op3_offset_tuner_msgs/cmake/export_op3_offset_tuner_msgs__rosidl_typesupport_fastrtps_cppExport.cmake
[7.284s] -- Up-to-date: /home/certezas/robotis_ws/install/op3_offset_tuner_msgs/share/op3_offset_tuner_msgs/cmake/export_op3_offset_tuner_msgs__rosidl_typesupport_fastrtps_cppExport-noconfig.cmake
[7.284s] -- Up-to-date: /home/certezas/robotis_ws/install/op3_offset_tuner_msgs/share/op3_offset_tuner_msgs/cmake/op3_offset_tuner_msgs__rosidl_typesupport_introspection_cppExport.cmake
[7.285s] -- Up-to-date: /home/certezas/robotis_ws/install/op3_offset_tuner_msgs/share/op3_offset_tuner_msgs/cmake/op3_offset_tuner_msgs__rosidl_typesupport_introspection_cppExport-noconfig.cmake
[7.285s] -- Up-to-date: /home/certezas/robotis_ws/install/op3_offset_tuner_msgs/share/op3_offset_tuner_msgs/cmake/op3_offset_tuner_msgs__rosidl_typesupport_cppExport.cmake
[7.285s] -- Up-to-date: /home/certezas/robotis_ws/install/op3_offset_tuner_msgs/share/op3_offset_tuner_msgs/cmake/op3_offset_tuner_msgs__rosidl_typesupport_cppExport-noconfig.cmake
[7.285s] -- Up-to-date: /home/certezas/robotis_ws/install/op3_offset_tuner_msgs/share/op3_offset_tuner_msgs/cmake/export_op3_offset_tuner_msgs__rosidl_generator_pyExport.cmake
[7.285s] -- Up-to-date: /home/certezas/robotis_ws/install/op3_offset_tuner_msgs/share/op3_offset_tuner_msgs/cmake/export_op3_offset_tuner_msgs__rosidl_generator_pyExport-noconfig.cmake
[7.285s] -- Up-to-date: /home/certezas/robotis_ws/install/op3_offset_tuner_msgs/share/op3_offset_tuner_msgs/cmake/rosidl_cmake-extras.cmake
[7.285s] -- Up-to-date: /home/certezas/robotis_ws/install/op3_offset_tuner_msgs/share/op3_offset_tuner_msgs/cmake/ament_cmake_export_dependencies-extras.cmake
[7.285s] -- Up-to-date: /home/certezas/robotis_ws/install/op3_offset_tuner_msgs/share/op3_offset_tuner_msgs/cmake/ament_cmake_export_include_directories-extras.cmake
[7.285s] -- Up-to-date: /home/certezas/robotis_ws/install/op3_offset_tuner_msgs/share/op3_offset_tuner_msgs/cmake/ament_cmake_export_libraries-extras.cmake
[7.285s] -- Up-to-date: /home/certezas/robotis_ws/install/op3_offset_tuner_msgs/share/op3_offset_tuner_msgs/cmake/ament_cmake_export_targets-extras.cmake
[7.286s] -- Up-to-date: /home/certezas/robotis_ws/install/op3_offset_tuner_msgs/share/op3_offset_tuner_msgs/cmake/rosidl_cmake_export_typesupport_targets-extras.cmake
[7.286s] -- Up-to-date: /home/certezas/robotis_ws/install/op3_offset_tuner_msgs/share/op3_offset_tuner_msgs/cmake/rosidl_cmake_export_typesupport_libraries-extras.cmake
[7.286s] -- Up-to-date: /home/certezas/robotis_ws/install/op3_offset_tuner_msgs/share/op3_offset_tuner_msgs/cmake/op3_offset_tuner_msgsConfig.cmake
[7.286s] -- Up-to-date: /home/certezas/robotis_ws/install/op3_offset_tuner_msgs/share/op3_offset_tuner_msgs/cmake/op3_offset_tuner_msgsConfig-version.cmake
[7.286s] -- Up-to-date: /home/certezas/robotis_ws/install/op3_offset_tuner_msgs/share/op3_offset_tuner_msgs/package.xml
[7.664s] Invoked command in '/home/certezas/robotis_ws/build/op3_offset_tuner_msgs' returned '0': CMAKE_PREFIX_PATH=${CMAKE_PREFIX_PATH}:/opt/ros/humble /usr/bin/cmake --install /home/certezas/robotis_ws/build/op3_offset_tuner_msgs
