[100%] Built target robotis_controller
-- Install configuration: ""
-- Up-to-date: /home/certezas/robotis_ws/install/robotis_controller/lib/librobotis_controller.so
-- Up-to-date: /home/certezas/robotis_ws/install/robotis_controller/include/robotis_controller
-- Up-to-date: /home/certezas/robotis_ws/install/robotis_controller/include/robotis_controller/robotis_controller.h
-- Up-to-date: /home/certezas/robotis_ws/install/robotis_controller/share/robotis_controller/environment/library_path.sh
-- Up-to-date: /home/certezas/robotis_ws/install/robotis_controller/share/robotis_controller/environment/library_path.dsv
-- Up-to-date: /home/certezas/robotis_ws/install/robotis_controller/share/ament_index/resource_index/package_run_dependencies/robotis_controller
-- Up-to-date: /home/certezas/robotis_ws/install/robotis_controller/share/ament_index/resource_index/parent_prefix_path/robotis_controller
-- Up-to-date: /home/certezas/robotis_ws/install/robotis_controller/share/robotis_controller/environment/ament_prefix_path.sh
-- Up-to-date: /home/certezas/robotis_ws/install/robotis_controller/share/robotis_controller/environment/ament_prefix_path.dsv
-- Up-to-date: /home/certezas/robotis_ws/install/robotis_controller/share/robotis_controller/environment/path.sh
-- Up-to-date: /home/certezas/robotis_ws/install/robotis_controller/share/robotis_controller/environment/path.dsv
-- Up-to-date: /home/certezas/robotis_ws/install/robotis_controller/share/robotis_controller/local_setup.bash
-- Up-to-date: /home/certezas/robotis_ws/install/robotis_controller/share/robotis_controller/local_setup.sh
-- Up-to-date: /home/certezas/robotis_ws/install/robotis_controller/share/robotis_controller/local_setup.zsh
-- Up-to-date: /home/certezas/robotis_ws/install/robotis_controller/share/robotis_controller/local_setup.dsv
-- Installing: /home/certezas/robotis_ws/install/robotis_controller/share/robotis_controller/package.dsv
-- Up-to-date: /home/certezas/robotis_ws/install/robotis_controller/share/ament_index/resource_index/packages/robotis_controller
-- Up-to-date: /home/certezas/robotis_ws/install/robotis_controller/share/robotis_controller/cmake/ament_cmake_export_include_directories-extras.cmake
-- Up-to-date: /home/certezas/robotis_ws/install/robotis_controller/share/robotis_controller/cmake/ament_cmake_export_libraries-extras.cmake
-- Up-to-date: /home/certezas/robotis_ws/install/robotis_controller/share/robotis_controller/cmake/ament_cmake_export_dependencies-extras.cmake
-- Up-to-date: /home/certezas/robotis_ws/install/robotis_controller/share/robotis_controller/cmake/robotis_controllerConfig.cmake
-- Up-to-date: /home/certezas/robotis_ws/install/robotis_controller/share/robotis_controller/cmake/robotis_controllerConfig-version.cmake
-- Up-to-date: /home/certezas/robotis_ws/install/robotis_controller/share/robotis_controller/package.xml
