[0.866s] Invoking command in '/home/certezas/robotis_ws/build/op3_web_setting_tool': CMAKE_PREFIX_PATH=${CMAKE_PREFIX_PATH}:/opt/ros/humble /usr/bin/cmake --build /home/certezas/robotis_ws/build/op3_web_setting_tool -- -j12 -l12
[2.076s] Invoked command in '/home/certezas/robotis_ws/build/op3_web_setting_tool' returned '0': CMAKE_PREFIX_PATH=${CMAKE_PREFIX_PATH}:/opt/ros/humble /usr/bin/cmake --build /home/certezas/robotis_ws/build/op3_web_setting_tool -- -j12 -l12
[2.077s] Invoking command in '/home/certezas/robotis_ws/build/op3_web_setting_tool': CMAKE_PREFIX_PATH=${CMAKE_PREFIX_PATH}:/opt/ros/humble /usr/bin/cmake --install /home/certezas/robotis_ws/build/op3_web_setting_tool
[2.219s] -- Install configuration: ""
[2.219s] -- Up-to-date: /home/certezas/robotis_ws/install/op3_web_setting_tool/share/op3_web_setting_tool/html
[2.219s] -- Up-to-date: /home/certezas/robotis_ws/install/op3_web_setting_tool/share/op3_web_setting_tool/html/index.html
[2.219s] -- Up-to-date: /home/certezas/robotis_ws/install/op3_web_setting_tool/share/op3_web_setting_tool/html/js
[2.219s] -- Up-to-date: /home/certezas/robotis_ws/install/op3_web_setting_tool/share/op3_web_setting_tool/html/js/jquery-ui.css
[2.219s] -- Up-to-date: /home/certezas/robotis_ws/install/op3_web_setting_tool/share/op3_web_setting_tool/html/js/jquery.js
[2.219s] -- Up-to-date: /home/certezas/robotis_ws/install/op3_web_setting_tool/share/op3_web_setting_tool/html/js/mjpegcanvas.js
[2.219s] -- Up-to-date: /home/certezas/robotis_ws/install/op3_web_setting_tool/share/op3_web_setting_tool/html/js/EventEmitter2.js
[2.219s] -- Up-to-date: /home/certezas/robotis_ws/install/op3_web_setting_tool/share/op3_web_setting_tool/html/js/roslib.js
[2.219s] -- Up-to-date: /home/certezas/robotis_ws/install/op3_web_setting_tool/share/op3_web_setting_tool/html/js/jquery-ui.js
[2.219s] -- Up-to-date: /home/certezas/robotis_ws/install/op3_web_setting_tool/share/op3_web_setting_tool/launch
[2.219s] -- Up-to-date: /home/certezas/robotis_ws/install/op3_web_setting_tool/share/op3_web_setting_tool/launch/web_setting_server.launch.xml
[2.219s] -- Up-to-date: /home/certezas/robotis_ws/install/op3_web_setting_tool/share/ament_index/resource_index/package_run_dependencies/op3_web_setting_tool
[2.288s] -- Up-to-date: /home/certezas/robotis_ws/install/op3_web_setting_tool/share/ament_index/resource_index/parent_prefix_path/op3_web_setting_tool
[2.288s] -- Up-to-date: /home/certezas/robotis_ws/install/op3_web_setting_tool/share/op3_web_setting_tool/environment/ament_prefix_path.sh
[2.289s] -- Up-to-date: /home/certezas/robotis_ws/install/op3_web_setting_tool/share/op3_web_setting_tool/environment/ament_prefix_path.dsv
[2.289s] -- Up-to-date: /home/certezas/robotis_ws/install/op3_web_setting_tool/share/op3_web_setting_tool/environment/path.sh
[2.289s] -- Up-to-date: /home/certezas/robotis_ws/install/op3_web_setting_tool/share/op3_web_setting_tool/environment/path.dsv
[2.289s] -- Up-to-date: /home/certezas/robotis_ws/install/op3_web_setting_tool/share/op3_web_setting_tool/local_setup.bash
[2.289s] -- Up-to-date: /home/certezas/robotis_ws/install/op3_web_setting_tool/share/op3_web_setting_tool/local_setup.sh
[2.289s] -- Up-to-date: /home/certezas/robotis_ws/install/op3_web_setting_tool/share/op3_web_setting_tool/local_setup.zsh
[2.289s] -- Up-to-date: /home/certezas/robotis_ws/install/op3_web_setting_tool/share/op3_web_setting_tool/local_setup.dsv
[2.289s] -- Installing: /home/certezas/robotis_ws/install/op3_web_setting_tool/share/op3_web_setting_tool/package.dsv
[2.294s] -- Up-to-date: /home/certezas/robotis_ws/install/op3_web_setting_tool/share/ament_index/resource_index/packages/op3_web_setting_tool
[2.294s] -- Up-to-date: /home/certezas/robotis_ws/install/op3_web_setting_tool/share/op3_web_setting_tool/cmake/op3_web_setting_toolConfig.cmake
[2.294s] -- Up-to-date: /home/certezas/robotis_ws/install/op3_web_setting_tool/share/op3_web_setting_tool/cmake/op3_web_setting_toolConfig-version.cmake
[2.294s] -- Up-to-date: /home/certezas/robotis_ws/install/op3_web_setting_tool/share/op3_web_setting_tool/package.xml
[2.610s] Invoked command in '/home/certezas/robotis_ws/build/op3_web_setting_tool' returned '0': CMAKE_PREFIX_PATH=${CMAKE_PREFIX_PATH}:/opt/ros/humble /usr/bin/cmake --install /home/certezas/robotis_ws/build/op3_web_setting_tool
