[35m[1mConsolidate compiler generated dependencies of target kajita_walking_node[0m
[ 33%] [32mBuilding CXX object CMakeFiles/kajita_walking_node.dir/src/kajita_walking_controller.cpp.o[0m
[ 66%] [32mBuilding CXX object CMakeFiles/kajita_walking_node.dir/src/main.cpp.o[0m
In file included from [01m[K/home/certezas/robotis_ws/src/ROBOTIS-OP3/op3_kajita_walking_module/src/kajita_walking_controller.cpp:1[m[K:
[01m[K/home/certezas/robotis_ws/src/ROBOTIS-OP3/op3_kajita_walking_module/include/op3_kajita_walking_module/kajita_walking_controller.h:126:33:[m[K [01;31m[Kerror: [m[Kredeclaration of ‘[01m[Kstd::vector<double, std::allocator<double> > KajitaWalkingController::COM_x_H_[m[K’
  126 |     std::vector<double> COM_x_H_[01;31m[K,[m[K COM_y_H_;
      |                                 [01;31m[K^[m[K
[01m[K/home/certezas/robotis_ws/src/ROBOTIS-OP3/op3_kajita_walking_module/include/op3_kajita_walking_module/kajita_walking_controller.h:122:25:[m[K [01;36m[Knote: [m[Kprevious declaration ‘[01m[Kstd::vector<double, std::allocator<double> > KajitaWalkingController::COM_x_H_[m[K’
  122 |     std::vector<double> [01;36m[KCOM_x_H_[m[K, COM_y_H_;
      |                         [01;36m[K^~~~~~~~[m[K
[01m[K/home/certezas/robotis_ws/src/ROBOTIS-OP3/op3_kajita_walking_module/include/op3_kajita_walking_module/kajita_walking_controller.h:126:35:[m[K [01;31m[Kerror: [m[Kredeclaration of ‘[01m[Kstd::vector<double, std::allocator<double> > KajitaWalkingController::COM_y_H_[m[K’
  126 |     std::vector<double> COM_x_H_, [01;31m[KCOM_y_H_[m[K;
      |                                   [01;31m[K^~~~~~~~[m[K
[01m[K/home/certezas/robotis_ws/src/ROBOTIS-OP3/op3_kajita_walking_module/include/op3_kajita_walking_module/kajita_walking_controller.h:122:35:[m[K [01;36m[Knote: [m[Kprevious declaration ‘[01m[Kstd::vector<double, std::allocator<double> > KajitaWalkingController::COM_y_H_[m[K’
  122 |     std::vector<double> COM_x_H_, [01;36m[KCOM_y_H_[m[K;
      |                                   [01;36m[K^~~~~~~~[m[K
[01m[K/home/certezas/robotis_ws/src/ROBOTIS-OP3/op3_kajita_walking_module/include/op3_kajita_walking_module/kajita_walking_controller.h:127:33:[m[K [01;31m[Kerror: [m[Kredeclaration of ‘[01m[Kstd::vector<double, std::allocator<double> > KajitaWalkingController::ZMP_x_H_[m[K’
  127 |     std::vector<double> ZMP_x_H_[01;31m[K,[m[K ZMP_y_H_;
      |                                 [01;31m[K^[m[K
In file included from [01m[K/home/certezas/robotis_ws/src/ROBOTIS-OP3/op3_kajita_walking_module/src/main.cpp:1[m[K:
[01m[K/home/certezas/robotis_ws/src/ROBOTIS-OP3/op3_kajita_walking_module/include/op3_kajita_walking_module/kajita_walking_controller.h:126:33:[m[K [01;31m[Kerror: [m[Kredeclaration of ‘[01m[Kstd::vector<double, std::allocator<double> > KajitaWalkingController::COM_x_H_[m[K’
  126 |     std::vector<double> COM_x_H_[01;31m[K,[m[K COM_y_H_;
      |                                 [01;31m[K^[m[K
[01m[K/home/certezas/robotis_ws/src/ROBOTIS-OP3/op3_kajita_walking_module/include/op3_kajita_walking_module/kajita_walking_controller.h:123:25:[m[K [01;36m[Knote: [m[Kprevious declaration ‘[01m[Kstd::vector<double, std::allocator<double> > KajitaWalkingController::ZMP_x_H_[m[K’
  123 |     std::vector<double> [01;36m[KZMP_x_H_[m[K, ZMP_y_H_;
      |                         [01;36m[K^~~~~~~~[m[K
[01m[K/home/certezas/robotis_ws/src/ROBOTIS-OP3/op3_kajita_walking_module/include/op3_kajita_walking_module/kajita_walking_controller.h:122:25:[m[K [01;36m[Knote: [m[Kprevious declaration ‘[01m[Kstd::vector<double, std::allocator<double> > KajitaWalkingController::COM_x_H_[m[K’
  122 |     std::vector<double> [01;36m[KCOM_x_H_[m[K, COM_y_H_;
      |                         [01;36m[K^~~~~~~~[m[K
[01m[K/home/certezas/robotis_ws/src/ROBOTIS-OP3/op3_kajita_walking_module/include/op3_kajita_walking_module/kajita_walking_controller.h:127:35:[m[K [01;31m[Kerror: [m[Kredeclaration of ‘[01m[Kstd::vector<double, std::allocator<double> > KajitaWalkingController::ZMP_y_H_[m[K’
  127 |     std::vector<double> ZMP_x_H_, [01;31m[KZMP_y_H_[m[K;
      |                                   [01;31m[K^~~~~~~~[m[K
[01m[K/home/certezas/robotis_ws/src/ROBOTIS-OP3/op3_kajita_walking_module/include/op3_kajita_walking_module/kajita_walking_controller.h:123:35:[m[K [01;36m[Knote: [m[Kprevious declaration ‘[01m[Kstd::vector<double, std::allocator<double> > KajitaWalkingController::ZMP_y_H_[m[K’
  123 |     std::vector<double> ZMP_x_H_, [01;36m[KZMP_y_H_[m[K;
      |                                   [01;36m[K^~~~~~~~[m[K
[01m[K/home/certezas/robotis_ws/src/ROBOTIS-OP3/op3_kajita_walking_module/include/op3_kajita_walking_module/kajita_walking_controller.h:126:35:[m[K [01;31m[Kerror: [m[Kredeclaration of ‘[01m[Kstd::vector<double, std::allocator<double> > KajitaWalkingController::COM_y_H_[m[K’
  126 |     std::vector<double> COM_x_H_, [01;31m[KCOM_y_H_[m[K;
      |                                   [01;31m[K^~~~~~~~[m[K
[01m[K/home/certezas/robotis_ws/src/ROBOTIS-OP3/op3_kajita_walking_module/include/op3_kajita_walking_module/kajita_walking_controller.h:122:35:[m[K [01;36m[Knote: [m[Kprevious declaration ‘[01m[Kstd::vector<double, std::allocator<double> > KajitaWalkingController::COM_y_H_[m[K’
  122 |     std::vector<double> COM_x_H_, [01;36m[KCOM_y_H_[m[K;
      |                                   [01;36m[K^~~~~~~~[m[K
[01m[K/home/certezas/robotis_ws/src/ROBOTIS-OP3/op3_kajita_walking_module/include/op3_kajita_walking_module/kajita_walking_controller.h:127:33:[m[K [01;31m[Kerror: [m[Kredeclaration of ‘[01m[Kstd::vector<double, std::allocator<double> > KajitaWalkingController::ZMP_x_H_[m[K’
  127 |     std::vector<double> ZMP_x_H_[01;31m[K,[m[K ZMP_y_H_;
      |                                 [01;31m[K^[m[K
[01m[K/home/certezas/robotis_ws/src/ROBOTIS-OP3/op3_kajita_walking_module/include/op3_kajita_walking_module/kajita_walking_controller.h:123:25:[m[K [01;36m[Knote: [m[Kprevious declaration ‘[01m[Kstd::vector<double, std::allocator<double> > KajitaWalkingController::ZMP_x_H_[m[K’
  123 |     std::vector<double> [01;36m[KZMP_x_H_[m[K, ZMP_y_H_;
      |                         [01;36m[K^~~~~~~~[m[K
[01m[K/home/certezas/robotis_ws/src/ROBOTIS-OP3/op3_kajita_walking_module/include/op3_kajita_walking_module/kajita_walking_controller.h:127:35:[m[K [01;31m[Kerror: [m[Kredeclaration of ‘[01m[Kstd::vector<double, std::allocator<double> > KajitaWalkingController::ZMP_y_H_[m[K’
  127 |     std::vector<double> ZMP_x_H_, [01;31m[KZMP_y_H_[m[K;
      |                                   [01;31m[K^~~~~~~~[m[K
[01m[K/home/certezas/robotis_ws/src/ROBOTIS-OP3/op3_kajita_walking_module/include/op3_kajita_walking_module/kajita_walking_controller.h:131:35:[m[K [01;31m[Kerror: [m[K‘[01m[Kstd::map<std::__cxx11::basic_string<char>, double> KajitaWalkingController::calculateGravityCompensation(bool, const Vector3d&)[m[K’ cannot be overloaded with ‘[01m[Kstd::map<std::__cxx11::basic_string<char>, double> KajitaWalkingController::calculateGravityCompensation(bool, const Vector3d&)[m[K’
  131 |     std::map<std::string, double> [01;31m[KcalculateGravityCompensation[m[K(
      |                                   [01;31m[K^~~~~~~~~~~~~~~~~~~~~~~~~~~~[m[K
[01m[K/home/certezas/robotis_ws/src/ROBOTIS-OP3/op3_kajita_walking_module/include/op3_kajita_walking_module/kajita_walking_controller.h:123:35:[m[K [01;36m[Knote: [m[Kprevious declaration ‘[01m[Kstd::vector<double, std::allocator<double> > KajitaWalkingController::ZMP_y_H_[m[K’
  123 |     std::vector<double> ZMP_x_H_, [01;36m[KZMP_y_H_[m[K;
      |                                   [01;36m[K^~~~~~~~[m[K
[01m[K/home/certezas/robotis_ws/src/ROBOTIS-OP3/op3_kajita_walking_module/include/op3_kajita_walking_module/kajita_walking_controller.h:57:35:[m[K [01;36m[Knote: [m[Kprevious declaration ‘[01m[Kstd::map<std::__cxx11::basic_string<char>, double> KajitaWalkingController::calculateGravityCompensation(bool, const Vector3d&)[m[K’
   57 |     std::map<std::string, double> [01;36m[KcalculateGravityCompensation[m[K(
      |                                   [01;36m[K^~~~~~~~~~~~~~~~~~~~~~~~~~~~[m[K
[01m[K/home/certezas/robotis_ws/src/ROBOTIS-OP3/op3_kajita_walking_module/include/op3_kajita_walking_module/kajita_walking_controller.h:131:35:[m[K [01;31m[Kerror: [m[K‘[01m[Kstd::map<std::__cxx11::basic_string<char>, double> KajitaWalkingController::calculateGravityCompensation(bool, const Vector3d&)[m[K’ cannot be overloaded with ‘[01m[Kstd::map<std::__cxx11::basic_string<char>, double> KajitaWalkingController::calculateGravityCompensation(bool, const Vector3d&)[m[K’
  131 |     std::map<std::string, double> [01;31m[KcalculateGravityCompensation[m[K(
      |                                   [01;31m[K^~~~~~~~~~~~~~~~~~~~~~~~~~~~[m[K
[01m[K/home/certezas/robotis_ws/src/ROBOTIS-OP3/op3_kajita_walking_module/include/op3_kajita_walking_module/kajita_walking_controller.h:57:35:[m[K [01;36m[Knote: [m[Kprevious declaration ‘[01m[Kstd::map<std::__cxx11::basic_string<char>, double> KajitaWalkingController::calculateGravityCompensation(bool, const Vector3d&)[m[K’
   57 |     std::map<std::string, double> [01;36m[KcalculateGravityCompensation[m[K(
      |                                   [01;36m[K^~~~~~~~~~~~~~~~~~~~~~~~~~~~[m[K
gmake[2]: *** [CMakeFiles/kajita_walking_node.dir/build.make:76: CMakeFiles/kajita_walking_node.dir/src/main.cpp.o] Erro 1
gmake[2]: ** Esperando que outros processos terminem.
gmake[2]: *** [CMakeFiles/kajita_walking_node.dir/build.make:90: CMakeFiles/kajita_walking_node.dir/src/kajita_walking_controller.cpp.o] Erro 1
gmake[1]: *** [CMakeFiles/Makefile2:137: CMakeFiles/kajita_walking_node.dir/all] Erro 2
gmake: *** [Makefile:146: all] Erro 2
