[0.156s] Invoking command in '/home/certezas/robotis_ws/build/op3_kajita_walking_module': CMAKE_PREFIX_PATH=/home/certezas/robotis_ws/install/op3_kinematics_dynamics:/home/certezas/robotis_ws/install/robotis_math:/home/certezas/robotis_ws/install/op3_webots_ros2:/home/certezas/robotis_ws/install/op3_action_editor:/home/certezas/robotis_ws/install/ros_mpg321_player:/home/certezas/robotis_ws/install/op3_demo:/home/certezas/robotis_ws/install/ros_madplay_player:/home/certezas/robotis_ws/install/op3_read_write_demo:/home/certezas/robotis_ws/install/op3_bringup:/home/certezas/robotis_ws/install/op3_manager:/home/certezas/robotis_ws/install/open_cr_module:/home/certezas/robotis_ws/install/op3_walking_module:/home/certezas/robotis_ws/install/op3_tuning_module:/home/certezas/robotis_ws/install/op3_online_walking_module:/home/certezas/robotis_ws/install/op3_offset_tuner_server:/home/certezas/robotis_ws/install/op3_localization:/home/certezas/robotis_ws/install/op3_kajita_walking_module:/home/certezas/robotis_ws/install/op3_direct_control_module:/home/certezas/robotis_ws/install/op3_base_module:/home/certezas/robotis_ws/install/op3_head_control_module:/home/certezas/robotis_ws/install/op3_balance_control:/home/certezas/robotis_ws/install/robotis_controller:/home/certezas/robotis_ws/install/op3_action_module:/home/certezas/robotis_ws/install/robotis_framework_common:/home/certezas/robotis_ws/install/robotis_device:/home/certezas/robotis_ws/install/op3_gui_demo:/home/certezas/robotis_ws/install/robotis_controller_msgs:/home/certezas/robotis_ws/install/rf_gz_bridge:/home/certezas/robotis_ws/install/op3_web_setting_tool:/home/certezas/robotis_ws/install/op3_walking_module_msgs:/home/certezas/robotis_ws/install/op3_tuner_client:/home/certezas/robotis_ws/install/op3_tuning_module_msgs:/home/certezas/robotis_ws/install/op3_online_walking_module_msgs:/home/certezas/robotis_ws/install/op3_offset_tuner_client:/home/certezas/robotis_ws/install/op3_offset_tuner_msgs:/home/certezas/robotis_ws/install/op3_navigation:/home/certezas/robotis_ws/install/op3_gazebo_ros2:/home/certezas/robotis_ws/install/op3_description:/home/certezas/robotis_ws/install/op3_camera_setting_tool:/home/certezas/robotis_ws/install/op3_camera_setting_tool_msgs:/home/certezas/robotis_ws/install/op3_ball_detector_msgs:/home/certezas/robotis_ws/install/op3_action_module_msgs:/home/certezas/robotis_ws/install/dynamixel_sdk_examples:/home/certezas/robotis_ws/install/dynamixel_sdk_custom_interfaces:/home/certezas/robotis_ws/install/dynamixel_sdk:/opt/ros/humble LD_LIBRARY_PATH=/home/certezas/robotis_ws/install/op3_kinematics_dynamics/lib:/home/certezas/robotis_ws/install/open_cr_module/lib:/home/certezas/robotis_ws/install/op3_walking_module/lib:/home/certezas/robotis_ws/install/op3_tuning_module/lib:/home/certezas/robotis_ws/install/op3_online_walking_module/lib:/home/certezas/robotis_ws/install/op3_direct_control_module/lib:/home/certezas/robotis_ws/install/op3_base_module/lib:/home/certezas/robotis_ws/install/op3_head_control_module/lib:/home/certezas/robotis_ws/install/op3_balance_control/lib:/home/certezas/robotis_ws/install/robotis_math/lib:/home/certezas/robotis_ws/install/robotis_controller/lib:/home/certezas/robotis_ws/install/op3_action_module/lib:/home/certezas/robotis_ws/install/robotis_device/lib:/home/certezas/robotis_ws/install/robotis_controller_msgs/lib:/home/certezas/robotis_ws/install/op3_walking_module_msgs/lib:/home/certezas/robotis_ws/install/op3_tuning_module_msgs/lib:/home/certezas/robotis_ws/install/op3_online_walking_module_msgs/lib:/home/certezas/robotis_ws/install/op3_offset_tuner_msgs/lib:/home/certezas/robotis_ws/install/op3_camera_setting_tool_msgs/lib:/home/certezas/robotis_ws/install/op3_ball_detector_msgs/lib:/home/certezas/robotis_ws/install/op3_action_module_msgs/lib:/home/certezas/robotis_ws/install/dynamixel_sdk_custom_interfaces/lib:/home/certezas/robotis_ws/install/dynamixel_sdk/lib:/opt/ros/humble/opt/rviz_ogre_vendor/lib:/opt/ros/humble/lib/x86_64-linux-gnu:/opt/ros/humble/lib:/usr/local/webots/lib/controller /usr/bin/cmake --build /home/certezas/robotis_ws/build/op3_kajita_walking_module -- -j12 -l12
[0.632s] [35m[1mConsolidate compiler generated dependencies of target kajita_walking_node[0m
[0.652s] [ 33%] [32mBuilding CXX object CMakeFiles/kajita_walking_node.dir/src/kajita_walking_controller.cpp.o[0m
[0.652s] [ 66%] [32mBuilding CXX object CMakeFiles/kajita_walking_node.dir/src/main.cpp.o[0m
[4.150s] In file included from [01m[K/home/certezas/robotis_ws/src/ROBOTIS-OP3/op3_kajita_walking_module/src/kajita_walking_controller.cpp:1[m[K:
[4.150s] [01m[K/home/certezas/robotis_ws/src/ROBOTIS-OP3/op3_kajita_walking_module/include/op3_kajita_walking_module/kajita_walking_controller.h:126:33:[m[K [01;31m[Kerror: [m[Kredeclaration of ‘[01m[Kstd::vector<double, std::allocator<double> > KajitaWalkingController::COM_x_H_[m[K’
[4.150s]   126 |     std::vector<double> COM_x_H_[01;31m[K,[m[K COM_y_H_;
[4.151s]       |                                 [01;31m[K^[m[K
[4.151s] [01m[K/home/certezas/robotis_ws/src/ROBOTIS-OP3/op3_kajita_walking_module/include/op3_kajita_walking_module/kajita_walking_controller.h:122:25:[m[K [01;36m[Knote: [m[Kprevious declaration ‘[01m[Kstd::vector<double, std::allocator<double> > KajitaWalkingController::COM_x_H_[m[K’
[4.151s]   122 |     std::vector<double> [01;36m[KCOM_x_H_[m[K, COM_y_H_;
[4.151s]       |                         [01;36m[K^~~~~~~~[m[K
[4.151s] [01m[K/home/certezas/robotis_ws/src/ROBOTIS-OP3/op3_kajita_walking_module/include/op3_kajita_walking_module/kajita_walking_controller.h:126:35:[m[K [01;31m[Kerror: [m[Kredeclaration of ‘[01m[Kstd::vector<double, std::allocator<double> > KajitaWalkingController::COM_y_H_[m[K’
[4.151s]   126 |     std::vector<double> COM_x_H_, [01;31m[KCOM_y_H_[m[K;
[4.151s]       |                                   [01;31m[K^~~~~~~~[m[K
[4.151s] [01m[K/home/certezas/robotis_ws/src/ROBOTIS-OP3/op3_kajita_walking_module/include/op3_kajita_walking_module/kajita_walking_controller.h:122:35:[m[K [01;36m[Knote: [m[Kprevious declaration ‘[01m[Kstd::vector<double, std::allocator<double> > KajitaWalkingController::COM_y_H_[m[K’
[4.151s]   122 |     std::vector<double> COM_x_H_, [01;36m[KCOM_y_H_[m[K;
[4.151s]       |                                   [01;36m[K^~~~~~~~[m[K
[4.151s] [01m[K/home/certezas/robotis_ws/src/ROBOTIS-OP3/op3_kajita_walking_module/include/op3_kajita_walking_module/kajita_walking_controller.h:127:33:[m[K [01;31m[Kerror: [m[Kredeclaration of ‘[01m[Kstd::vector<double, std::allocator<double> > KajitaWalkingController::ZMP_x_H_[m[K’
[4.151s]   127 |     std::vector<double> ZMP_x_H_[01;31m[K,[m[K ZMP_y_H_;
[4.151s]       |                                 [01;31m[K^[m[K
[4.151s] In file included from [01m[K/home/certezas/robotis_ws/src/ROBOTIS-OP3/op3_kajita_walking_module/src/main.cpp:1[m[K:
[4.152s] [01m[K/home/certezas/robotis_ws/src/ROBOTIS-OP3/op3_kajita_walking_module/include/op3_kajita_walking_module/kajita_walking_controller.h:126:33:[m[K [01;31m[Kerror: [m[Kredeclaration of ‘[01m[Kstd::vector<double, std::allocator<double> > KajitaWalkingController::COM_x_H_[m[K’
[4.152s]   126 |     std::vector<double> COM_x_H_[01;31m[K,[m[K COM_y_H_;
[4.152s]       |                                 [01;31m[K^[m[K
[4.152s] [01m[K/home/certezas/robotis_ws/src/ROBOTIS-OP3/op3_kajita_walking_module/include/op3_kajita_walking_module/kajita_walking_controller.h:123:25:[m[K [01;36m[Knote: [m[Kprevious declaration ‘[01m[Kstd::vector<double, std::allocator<double> > KajitaWalkingController::ZMP_x_H_[m[K’
[4.152s]   123 |     std::vector<double> [01;36m[KZMP_x_H_[m[K, ZMP_y_H_;
[4.152s]       |                         [01;36m[K^~~~~~~~[m[K
[4.152s] [01m[K/home/certezas/robotis_ws/src/ROBOTIS-OP3/op3_kajita_walking_module/include/op3_kajita_walking_module/kajita_walking_controller.h:122:25:[m[K [01;36m[Knote: [m[Kprevious declaration ‘[01m[Kstd::vector<double, std::allocator<double> > KajitaWalkingController::COM_x_H_[m[K’
[4.152s]   122 |     std::vector<double> [01;36m[KCOM_x_H_[m[K, COM_y_H_;
[4.152s]       |                         [01;36m[K^~~~~~~~[m[K
[4.152s] [01m[K/home/certezas/robotis_ws/src/ROBOTIS-OP3/op3_kajita_walking_module/include/op3_kajita_walking_module/kajita_walking_controller.h:127:35:[m[K [01;31m[Kerror: [m[Kredeclaration of ‘[01m[Kstd::vector<double, std::allocator<double> > KajitaWalkingController::ZMP_y_H_[m[K’
[4.152s]   127 |     std::vector<double> ZMP_x_H_, [01;31m[KZMP_y_H_[m[K;
[4.152s]       |                                   [01;31m[K^~~~~~~~[m[K
[4.152s] [01m[K/home/certezas/robotis_ws/src/ROBOTIS-OP3/op3_kajita_walking_module/include/op3_kajita_walking_module/kajita_walking_controller.h:123:35:[m[K [01;36m[Knote: [m[Kprevious declaration ‘[01m[Kstd::vector<double, std::allocator<double> > KajitaWalkingController::ZMP_y_H_[m[K’
[4.152s]   123 |     std::vector<double> ZMP_x_H_, [01;36m[KZMP_y_H_[m[K;
[4.152s]       |                                   [01;36m[K^~~~~~~~[m[K
[4.152s] [01m[K/home/certezas/robotis_ws/src/ROBOTIS-OP3/op3_kajita_walking_module/include/op3_kajita_walking_module/kajita_walking_controller.h:126:35:[m[K [01;31m[Kerror: [m[Kredeclaration of ‘[01m[Kstd::vector<double, std::allocator<double> > KajitaWalkingController::COM_y_H_[m[K’
[4.152s]   126 |     std::vector<double> COM_x_H_, [01;31m[KCOM_y_H_[m[K;
[4.152s]       |                                   [01;31m[K^~~~~~~~[m[K
[4.153s] [01m[K/home/certezas/robotis_ws/src/ROBOTIS-OP3/op3_kajita_walking_module/include/op3_kajita_walking_module/kajita_walking_controller.h:122:35:[m[K [01;36m[Knote: [m[Kprevious declaration ‘[01m[Kstd::vector<double, std::allocator<double> > KajitaWalkingController::COM_y_H_[m[K’
[4.153s]   122 |     std::vector<double> COM_x_H_, [01;36m[KCOM_y_H_[m[K;
[4.153s]       |                                   [01;36m[K^~~~~~~~[m[K
[4.153s] [01m[K/home/certezas/robotis_ws/src/ROBOTIS-OP3/op3_kajita_walking_module/include/op3_kajita_walking_module/kajita_walking_controller.h:127:33:[m[K [01;31m[Kerror: [m[Kredeclaration of ‘[01m[Kstd::vector<double, std::allocator<double> > KajitaWalkingController::ZMP_x_H_[m[K’
[4.153s]   127 |     std::vector<double> ZMP_x_H_[01;31m[K,[m[K ZMP_y_H_;
[4.153s]       |                                 [01;31m[K^[m[K
[4.153s] [01m[K/home/certezas/robotis_ws/src/ROBOTIS-OP3/op3_kajita_walking_module/include/op3_kajita_walking_module/kajita_walking_controller.h:123:25:[m[K [01;36m[Knote: [m[Kprevious declaration ‘[01m[Kstd::vector<double, std::allocator<double> > KajitaWalkingController::ZMP_x_H_[m[K’
[4.153s]   123 |     std::vector<double> [01;36m[KZMP_x_H_[m[K, ZMP_y_H_;
[4.153s]       |                         [01;36m[K^~~~~~~~[m[K
[4.153s] [01m[K/home/certezas/robotis_ws/src/ROBOTIS-OP3/op3_kajita_walking_module/include/op3_kajita_walking_module/kajita_walking_controller.h:127:35:[m[K [01;31m[Kerror: [m[Kredeclaration of ‘[01m[Kstd::vector<double, std::allocator<double> > KajitaWalkingController::ZMP_y_H_[m[K’
[4.153s]   127 |     std::vector<double> ZMP_x_H_, [01;31m[KZMP_y_H_[m[K;
[4.153s]       |                                   [01;31m[K^~~~~~~~[m[K
[4.153s] [01m[K/home/certezas/robotis_ws/src/ROBOTIS-OP3/op3_kajita_walking_module/include/op3_kajita_walking_module/kajita_walking_controller.h:131:35:[m[K [01;31m[Kerror: [m[K‘[01m[Kstd::map<std::__cxx11::basic_string<char>, double> KajitaWalkingController::calculateGravityCompensation(bool, const Vector3d&)[m[K’ cannot be overloaded with ‘[01m[Kstd::map<std::__cxx11::basic_string<char>, double> KajitaWalkingController::calculateGravityCompensation(bool, const Vector3d&)[m[K’
[4.153s]   131 |     std::map<std::string, double> [01;31m[KcalculateGravityCompensation[m[K(
[4.153s]       |                                   [01;31m[K^~~~~~~~~~~~~~~~~~~~~~~~~~~~[m[K
[4.153s] [01m[K/home/certezas/robotis_ws/src/ROBOTIS-OP3/op3_kajita_walking_module/include/op3_kajita_walking_module/kajita_walking_controller.h:123:35:[m[K [01;36m[Knote: [m[Kprevious declaration ‘[01m[Kstd::vector<double, std::allocator<double> > KajitaWalkingController::ZMP_y_H_[m[K’
[4.153s]   123 |     std::vector<double> ZMP_x_H_, [01;36m[KZMP_y_H_[m[K;
[4.153s]       |                                   [01;36m[K^~~~~~~~[m[K
[4.153s] [01m[K/home/certezas/robotis_ws/src/ROBOTIS-OP3/op3_kajita_walking_module/include/op3_kajita_walking_module/kajita_walking_controller.h:57:35:[m[K [01;36m[Knote: [m[Kprevious declaration ‘[01m[Kstd::map<std::__cxx11::basic_string<char>, double> KajitaWalkingController::calculateGravityCompensation(bool, const Vector3d&)[m[K’
[4.153s]    57 |     std::map<std::string, double> [01;36m[KcalculateGravityCompensation[m[K(
[4.153s]       |                                   [01;36m[K^~~~~~~~~~~~~~~~~~~~~~~~~~~~[m[K
[4.153s] [01m[K/home/certezas/robotis_ws/src/ROBOTIS-OP3/op3_kajita_walking_module/include/op3_kajita_walking_module/kajita_walking_controller.h:131:35:[m[K [01;31m[Kerror: [m[K‘[01m[Kstd::map<std::__cxx11::basic_string<char>, double> KajitaWalkingController::calculateGravityCompensation(bool, const Vector3d&)[m[K’ cannot be overloaded with ‘[01m[Kstd::map<std::__cxx11::basic_string<char>, double> KajitaWalkingController::calculateGravityCompensation(bool, const Vector3d&)[m[K’
[4.153s]   131 |     std::map<std::string, double> [01;31m[KcalculateGravityCompensation[m[K(
[4.154s]       |                                   [01;31m[K^~~~~~~~~~~~~~~~~~~~~~~~~~~~[m[K
[4.154s] [01m[K/home/certezas/robotis_ws/src/ROBOTIS-OP3/op3_kajita_walking_module/include/op3_kajita_walking_module/kajita_walking_controller.h:57:35:[m[K [01;36m[Knote: [m[Kprevious declaration ‘[01m[Kstd::map<std::__cxx11::basic_string<char>, double> KajitaWalkingController::calculateGravityCompensation(bool, const Vector3d&)[m[K’
[4.154s]    57 |     std::map<std::string, double> [01;36m[KcalculateGravityCompensation[m[K(
[4.154s]       |                                   [01;36m[K^~~~~~~~~~~~~~~~~~~~~~~~~~~~[m[K
[4.993s] gmake[2]: *** [CMakeFiles/kajita_walking_node.dir/build.make:76: CMakeFiles/kajita_walking_node.dir/src/main.cpp.o] Erro 1
[4.993s] gmake[2]: ** Esperando que outros processos terminem.
[10.063s] gmake[2]: *** [CMakeFiles/kajita_walking_node.dir/build.make:90: CMakeFiles/kajita_walking_node.dir/src/kajita_walking_controller.cpp.o] Erro 1
[10.063s] gmake[1]: *** [CMakeFiles/Makefile2:137: CMakeFiles/kajita_walking_node.dir/all] Erro 2
[10.064s] gmake: *** [Makefile:146: all] Erro 2
[10.066s] Invoked command in '/home/certezas/robotis_ws/build/op3_kajita_walking_module' returned '2': CMAKE_PREFIX_PATH=/home/certezas/robotis_ws/install/op3_kinematics_dynamics:/home/certezas/robotis_ws/install/robotis_math:/home/certezas/robotis_ws/install/op3_webots_ros2:/home/certezas/robotis_ws/install/op3_action_editor:/home/certezas/robotis_ws/install/ros_mpg321_player:/home/certezas/robotis_ws/install/op3_demo:/home/certezas/robotis_ws/install/ros_madplay_player:/home/certezas/robotis_ws/install/op3_read_write_demo:/home/certezas/robotis_ws/install/op3_bringup:/home/certezas/robotis_ws/install/op3_manager:/home/certezas/robotis_ws/install/open_cr_module:/home/certezas/robotis_ws/install/op3_walking_module:/home/certezas/robotis_ws/install/op3_tuning_module:/home/certezas/robotis_ws/install/op3_online_walking_module:/home/certezas/robotis_ws/install/op3_offset_tuner_server:/home/certezas/robotis_ws/install/op3_localization:/home/certezas/robotis_ws/install/op3_kajita_walking_module:/home/certezas/robotis_ws/install/op3_direct_control_module:/home/certezas/robotis_ws/install/op3_base_module:/home/certezas/robotis_ws/install/op3_head_control_module:/home/certezas/robotis_ws/install/op3_balance_control:/home/certezas/robotis_ws/install/robotis_controller:/home/certezas/robotis_ws/install/op3_action_module:/home/certezas/robotis_ws/install/robotis_framework_common:/home/certezas/robotis_ws/install/robotis_device:/home/certezas/robotis_ws/install/op3_gui_demo:/home/certezas/robotis_ws/install/robotis_controller_msgs:/home/certezas/robotis_ws/install/rf_gz_bridge:/home/certezas/robotis_ws/install/op3_web_setting_tool:/home/certezas/robotis_ws/install/op3_walking_module_msgs:/home/certezas/robotis_ws/install/op3_tuner_client:/home/certezas/robotis_ws/install/op3_tuning_module_msgs:/home/certezas/robotis_ws/install/op3_online_walking_module_msgs:/home/certezas/robotis_ws/install/op3_offset_tuner_client:/home/certezas/robotis_ws/install/op3_offset_tuner_msgs:/home/certezas/robotis_ws/install/op3_navigation:/home/certezas/robotis_ws/install/op3_gazebo_ros2:/home/certezas/robotis_ws/install/op3_description:/home/certezas/robotis_ws/install/op3_camera_setting_tool:/home/certezas/robotis_ws/install/op3_camera_setting_tool_msgs:/home/certezas/robotis_ws/install/op3_ball_detector_msgs:/home/certezas/robotis_ws/install/op3_action_module_msgs:/home/certezas/robotis_ws/install/dynamixel_sdk_examples:/home/certezas/robotis_ws/install/dynamixel_sdk_custom_interfaces:/home/certezas/robotis_ws/install/dynamixel_sdk:/opt/ros/humble LD_LIBRARY_PATH=/home/certezas/robotis_ws/install/op3_kinematics_dynamics/lib:/home/certezas/robotis_ws/install/open_cr_module/lib:/home/certezas/robotis_ws/install/op3_walking_module/lib:/home/certezas/robotis_ws/install/op3_tuning_module/lib:/home/certezas/robotis_ws/install/op3_online_walking_module/lib:/home/certezas/robotis_ws/install/op3_direct_control_module/lib:/home/certezas/robotis_ws/install/op3_base_module/lib:/home/certezas/robotis_ws/install/op3_head_control_module/lib:/home/certezas/robotis_ws/install/op3_balance_control/lib:/home/certezas/robotis_ws/install/robotis_math/lib:/home/certezas/robotis_ws/install/robotis_controller/lib:/home/certezas/robotis_ws/install/op3_action_module/lib:/home/certezas/robotis_ws/install/robotis_device/lib:/home/certezas/robotis_ws/install/robotis_controller_msgs/lib:/home/certezas/robotis_ws/install/op3_walking_module_msgs/lib:/home/certezas/robotis_ws/install/op3_tuning_module_msgs/lib:/home/certezas/robotis_ws/install/op3_online_walking_module_msgs/lib:/home/certezas/robotis_ws/install/op3_offset_tuner_msgs/lib:/home/certezas/robotis_ws/install/op3_camera_setting_tool_msgs/lib:/home/certezas/robotis_ws/install/op3_ball_detector_msgs/lib:/home/certezas/robotis_ws/install/op3_action_module_msgs/lib:/home/certezas/robotis_ws/install/dynamixel_sdk_custom_interfaces/lib:/home/certezas/robotis_ws/install/dynamixel_sdk/lib:/opt/ros/humble/opt/rviz_ogre_vendor/lib:/opt/ros/humble/lib/x86_64-linux-gnu:/opt/ros/humble/lib:/usr/local/webots/lib/controller /usr/bin/cmake --build /home/certezas/robotis_ws/build/op3_kajita_walking_module -- -j12 -l12
