-- The C compiler identification is GNU 11.4.0
-- The CXX compiler identification is GNU 11.4.0
-- Detecting C compiler ABI info
-- Detecting C compiler ABI info - done
-- Check for working C compiler: /usr/bin/cc - skipped
-- Detecting C compile features
-- Detecting C compile features - done
-- Detecting CXX compiler ABI info
-- Detecting CXX compiler ABI info - done
-- Check for working CXX compiler: /usr/bin/c++ - skipped
-- Detecting CXX compile features
-- Detecting CXX compile features - done
-- Found ament_cmake: 1.3.11 (/opt/ros/humble/share/ament_cmake/cmake)
-- Found Python3: /usr/bin/python3 (found version "3.10.12") found components: Interpreter 
-- Found ament_index_cpp: 1.4.0 (/opt/ros/humble/share/ament_index_cpp/cmake)
-- Found rclcpp: 16.0.12 (/opt/ros/humble/share/rclcpp/cmake)
-- Found rosidl_generator_c: 3.1.6 (/opt/ros/humble/share/rosidl_generator_c/cmake)
-- Found rosidl_adapter: 3.1.6 (/opt/ros/humble/share/rosidl_adapter/cmake)
-- Found rosidl_generator_cpp: 3.1.6 (/opt/ros/humble/share/rosidl_generator_cpp/cmake)
-- Using all available rosidl_typesupport_c: rosidl_typesupport_fastrtps_c;rosidl_typesupport_introspection_c
-- Using all available rosidl_typesupport_cpp: rosidl_typesupport_fastrtps_cpp;rosidl_typesupport_introspection_cpp
-- Found rmw_implementation_cmake: 6.1.2 (/opt/ros/humble/share/rmw_implementation_cmake/cmake)
-- Found rmw_fastrtps_cpp: 6.2.7 (/opt/ros/humble/share/rmw_fastrtps_cpp/cmake)
-- Found OpenSSL: /usr/lib/x86_64-linux-gnu/libcrypto.so (found version "3.0.2")  
-- Found FastRTPS: /opt/ros/humble/include  
-- Using RMW implementation 'rmw_fastrtps_cpp' as default
-- Looking for pthread.h
-- Looking for pthread.h - found
-- Performing Test CMAKE_HAVE_LIBC_PTHREAD
-- Performing Test CMAKE_HAVE_LIBC_PTHREAD - Success
-- Found Threads: TRUE  
-- Found op3_camera_setting_tool_msgs: 0.1.0 (/home/certezas/robotis_ws/install/op3_camera_setting_tool_msgs/share/op3_camera_setting_tool_msgs/cmake)
-- Found PkgConfig: /usr/bin/pkg-config (found version "0.29.2") 
-- Checking for module 'yaml-cpp'
--   Found yaml-cpp, version 0.7.0
-- Configuring done
-- Generating done
-- Build files have been written to: /home/certezas/robotis_ws/build/op3_camera_setting_tool
[ 50%] [32mBuilding CXX object CMakeFiles/op3_camera_setting_tool.dir/src/main.cpp.o[0m
[100%] [32m[1mLinking CXX executable op3_camera_setting_tool[0m
[100%] Built target op3_camera_setting_tool
-- Install configuration: ""
-- Installing: /home/certezas/robotis_ws/install/op3_camera_setting_tool/lib/op3_camera_setting_tool/op3_camera_setting_tool
-- Set runtime path of "/home/certezas/robotis_ws/install/op3_camera_setting_tool/lib/op3_camera_setting_tool/op3_camera_setting_tool" to ""
-- Installing: /home/certezas/robotis_ws/install/op3_camera_setting_tool/include/op3_camera_setting_tool
-- Installing: /home/certezas/robotis_ws/install/op3_camera_setting_tool/include/op3_camera_setting_tool/op3_camera_setting_tool.h
-- Installing: /home/certezas/robotis_ws/install/op3_camera_setting_tool/include/op3_camera_setting_tool/camera_params_config.h
-- Installing: /home/certezas/robotis_ws/install/op3_camera_setting_tool/share/op3_camera_setting_tool/config
-- Installing: /home/certezas/robotis_ws/install/op3_camera_setting_tool/share/op3_camera_setting_tool/config/camera_parameter_default.yaml
-- Installing: /home/certezas/robotis_ws/install/op3_camera_setting_tool/share/op3_camera_setting_tool/config/camera_parameter.yaml
-- Installing: /home/certezas/robotis_ws/install/op3_camera_setting_tool/share/op3_camera_setting_tool/launch
-- Installing: /home/certezas/robotis_ws/install/op3_camera_setting_tool/share/op3_camera_setting_tool/launch/op3_camera_setting_tool.launch.xml
-- Installing: /home/certezas/robotis_ws/install/op3_camera_setting_tool/share/ament_index/resource_index/package_run_dependencies/op3_camera_setting_tool
-- Installing: /home/certezas/robotis_ws/install/op3_camera_setting_tool/share/ament_index/resource_index/parent_prefix_path/op3_camera_setting_tool
-- Installing: /home/certezas/robotis_ws/install/op3_camera_setting_tool/share/op3_camera_setting_tool/environment/ament_prefix_path.sh
-- Installing: /home/certezas/robotis_ws/install/op3_camera_setting_tool/share/op3_camera_setting_tool/environment/ament_prefix_path.dsv
-- Installing: /home/certezas/robotis_ws/install/op3_camera_setting_tool/share/op3_camera_setting_tool/environment/path.sh
-- Installing: /home/certezas/robotis_ws/install/op3_camera_setting_tool/share/op3_camera_setting_tool/environment/path.dsv
-- Installing: /home/certezas/robotis_ws/install/op3_camera_setting_tool/share/op3_camera_setting_tool/local_setup.bash
-- Installing: /home/certezas/robotis_ws/install/op3_camera_setting_tool/share/op3_camera_setting_tool/local_setup.sh
-- Installing: /home/certezas/robotis_ws/install/op3_camera_setting_tool/share/op3_camera_setting_tool/local_setup.zsh
-- Installing: /home/certezas/robotis_ws/install/op3_camera_setting_tool/share/op3_camera_setting_tool/local_setup.dsv
-- Installing: /home/certezas/robotis_ws/install/op3_camera_setting_tool/share/op3_camera_setting_tool/package.dsv
-- Installing: /home/certezas/robotis_ws/install/op3_camera_setting_tool/share/ament_index/resource_index/packages/op3_camera_setting_tool
-- Installing: /home/certezas/robotis_ws/install/op3_camera_setting_tool/share/op3_camera_setting_tool/cmake/op3_camera_setting_toolConfig.cmake
-- Installing: /home/certezas/robotis_ws/install/op3_camera_setting_tool/share/op3_camera_setting_tool/cmake/op3_camera_setting_toolConfig-version.cmake
-- Installing: /home/certezas/robotis_ws/install/op3_camera_setting_tool/share/op3_camera_setting_tool/package.xml
