[0.170s] Invoking command in '/home/certezas/robotis_ws/build/op3_online_walking_module_msgs': CMAKE_PREFIX_PATH=${CMAKE_PREFIX_PATH}:/opt/ros/humble /usr/bin/cmake --build /home/certezas/robotis_ws/build/op3_online_walking_module_msgs -- -j12 -l12
[0.506s] [  0%] Built target op3_online_walking_module_msgs__cpp
[0.524s] [ 12%] Built target op3_online_walking_module_msgs__rosidl_generator_c
[0.586s] [ 23%] Built target op3_online_walking_module_msgs__rosidl_typesupport_fastrtps_cpp
[0.604s] [ 35%] Built target op3_online_walking_module_msgs__rosidl_typesupport_cpp
[0.631s] [ 35%] Built target ament_cmake_python_copy_op3_online_walking_module_msgs
[0.641s] [ 47%] Built target op3_online_walking_module_msgs__rosidl_typesupport_introspection_c
[0.664s] [ 59%] Built target op3_online_walking_module_msgs__rosidl_typesupport_c
[0.673s] [ 71%] Built target op3_online_walking_module_msgs__rosidl_typesupport_introspection_cpp
[0.681s] [ 83%] Built target op3_online_walking_module_msgs__rosidl_typesupport_fastrtps_c
[0.751s] [ 83%] Built target op3_online_walking_module_msgs
[0.827s] [ 84%] Built target op3_online_walking_module_msgs__py
[0.917s] [ 95%] Built target op3_online_walking_module_msgs__rosidl_generator_py
[1.017s] [ 97%] Built target op3_online_walking_module_msgs__rosidl_typesupport_introspection_c__pyext
[1.027s] [ 98%] Built target op3_online_walking_module_msgs__rosidl_typesupport_c__pyext
[1.034s] [100%] Built target op3_online_walking_module_msgs__rosidl_typesupport_fastrtps_c__pyext
[1.243s] running egg_info
[1.244s] writing op3_online_walking_module_msgs.egg-info/PKG-INFO
[1.245s] writing dependency_links to op3_online_walking_module_msgs.egg-info/dependency_links.txt
[1.248s] writing top-level names to op3_online_walking_module_msgs.egg-info/top_level.txt
[1.251s] reading manifest file 'op3_online_walking_module_msgs.egg-info/SOURCES.txt'
[1.253s] writing manifest file 'op3_online_walking_module_msgs.egg-info/SOURCES.txt'
[1.340s] [100%] Built target ament_cmake_python_build_op3_online_walking_module_msgs_egg
[1.432s] Invoked command in '/home/certezas/robotis_ws/build/op3_online_walking_module_msgs' returned '0': CMAKE_PREFIX_PATH=${CMAKE_PREFIX_PATH}:/opt/ros/humble /usr/bin/cmake --build /home/certezas/robotis_ws/build/op3_online_walking_module_msgs -- -j12 -l12
[1.433s] Invoking command in '/home/certezas/robotis_ws/build/op3_online_walking_module_msgs': CMAKE_PREFIX_PATH=${CMAKE_PREFIX_PATH}:/opt/ros/humble /usr/bin/cmake --install /home/certezas/robotis_ws/build/op3_online_walking_module_msgs
[1.465s] -- Install configuration: ""
[1.466s] -- Up-to-date: /home/certezas/robotis_ws/install/op3_online_walking_module_msgs/share/ament_index/resource_index/rosidl_interfaces/op3_online_walking_module_msgs
[1.466s] -- Up-to-date: /home/certezas/robotis_ws/install/op3_online_walking_module_msgs/include/op3_online_walking_module_msgs/op3_online_walking_module_msgs
[1.467s] -- Up-to-date: /home/certezas/robotis_ws/install/op3_online_walking_module_msgs/include/op3_online_walking_module_msgs/op3_online_walking_module_msgs/srv
[1.467s] -- Up-to-date: /home/certezas/robotis_ws/install/op3_online_walking_module_msgs/include/op3_online_walking_module_msgs/op3_online_walking_module_msgs/srv/get_joint_pose.h
[1.467s] -- Up-to-date: /home/certezas/robotis_ws/install/op3_online_walking_module_msgs/include/op3_online_walking_module_msgs/op3_online_walking_module_msgs/srv/get_preview_matrix.h
[1.467s] -- Up-to-date: /home/certezas/robotis_ws/install/op3_online_walking_module_msgs/include/op3_online_walking_module_msgs/op3_online_walking_module_msgs/srv/get_kinematics_pose.h
[1.467s] -- Up-to-date: /home/certezas/robotis_ws/install/op3_online_walking_module_msgs/include/op3_online_walking_module_msgs/op3_online_walking_module_msgs/srv/detail
[1.467s] -- Up-to-date: /home/certezas/robotis_ws/install/op3_online_walking_module_msgs/include/op3_online_walking_module_msgs/op3_online_walking_module_msgs/srv/detail/get_preview_matrix__type_support.h
[1.467s] -- Up-to-date: /home/certezas/robotis_ws/install/op3_online_walking_module_msgs/include/op3_online_walking_module_msgs/op3_online_walking_module_msgs/srv/detail/get_joint_pose__functions.h
[1.468s] -- Up-to-date: /home/certezas/robotis_ws/install/op3_online_walking_module_msgs/include/op3_online_walking_module_msgs/op3_online_walking_module_msgs/srv/detail/get_kinematics_pose__functions.h
[1.468s] -- Up-to-date: /home/certezas/robotis_ws/install/op3_online_walking_module_msgs/include/op3_online_walking_module_msgs/op3_online_walking_module_msgs/srv/detail/get_joint_pose__type_support.h
[1.468s] -- Up-to-date: /home/certezas/robotis_ws/install/op3_online_walking_module_msgs/include/op3_online_walking_module_msgs/op3_online_walking_module_msgs/srv/detail/get_kinematics_pose__type_support.h
[1.468s] -- Up-to-date: /home/certezas/robotis_ws/install/op3_online_walking_module_msgs/include/op3_online_walking_module_msgs/op3_online_walking_module_msgs/srv/detail/get_preview_matrix__functions.c
[1.469s] -- Up-to-date: /home/certezas/robotis_ws/install/op3_online_walking_module_msgs/include/op3_online_walking_module_msgs/op3_online_walking_module_msgs/srv/detail/get_kinematics_pose__struct.h
[1.469s] -- Up-to-date: /home/certezas/robotis_ws/install/op3_online_walking_module_msgs/include/op3_online_walking_module_msgs/op3_online_walking_module_msgs/srv/detail/get_preview_matrix__struct.h
[1.469s] -- Up-to-date: /home/certezas/robotis_ws/install/op3_online_walking_module_msgs/include/op3_online_walking_module_msgs/op3_online_walking_module_msgs/srv/detail/get_kinematics_pose__functions.c
[1.469s] -- Up-to-date: /home/certezas/robotis_ws/install/op3_online_walking_module_msgs/include/op3_online_walking_module_msgs/op3_online_walking_module_msgs/srv/detail/get_joint_pose__functions.c
[1.469s] -- Up-to-date: /home/certezas/robotis_ws/install/op3_online_walking_module_msgs/include/op3_online_walking_module_msgs/op3_online_walking_module_msgs/srv/detail/get_joint_pose__struct.h
[1.470s] -- Up-to-date: /home/certezas/robotis_ws/install/op3_online_walking_module_msgs/include/op3_online_walking_module_msgs/op3_online_walking_module_msgs/srv/detail/get_preview_matrix__functions.h
[1.470s] -- Up-to-date: /home/certezas/robotis_ws/install/op3_online_walking_module_msgs/include/op3_online_walking_module_msgs/op3_online_walking_module_msgs/msg
[1.470s] -- Up-to-date: /home/certezas/robotis_ws/install/op3_online_walking_module_msgs/include/op3_online_walking_module_msgs/op3_online_walking_module_msgs/msg/rosidl_generator_c__visibility_control.h
[1.470s] -- Up-to-date: /home/certezas/robotis_ws/install/op3_online_walking_module_msgs/include/op3_online_walking_module_msgs/op3_online_walking_module_msgs/msg/kinematics_pose.h
[1.470s] -- Up-to-date: /home/certezas/robotis_ws/install/op3_online_walking_module_msgs/include/op3_online_walking_module_msgs/op3_online_walking_module_msgs/msg/step2_d.h
[1.475s] -- Up-to-date: /home/certezas/robotis_ws/install/op3_online_walking_module_msgs/include/op3_online_walking_module_msgs/op3_online_walking_module_msgs/msg/joint_pose.h
[1.475s] -- Up-to-date: /home/certezas/robotis_ws/install/op3_online_walking_module_msgs/include/op3_online_walking_module_msgs/op3_online_walking_module_msgs/msg/preview_response.h
[1.475s] -- Up-to-date: /home/certezas/robotis_ws/install/op3_online_walking_module_msgs/include/op3_online_walking_module_msgs/op3_online_walking_module_msgs/msg/step2_d_array.h
[1.475s] -- Up-to-date: /home/certezas/robotis_ws/install/op3_online_walking_module_msgs/include/op3_online_walking_module_msgs/op3_online_walking_module_msgs/msg/foot_step_command.h
[1.475s] -- Up-to-date: /home/certezas/robotis_ws/install/op3_online_walking_module_msgs/include/op3_online_walking_module_msgs/op3_online_walking_module_msgs/msg/walking_param.h
[1.475s] -- Up-to-date: /home/certezas/robotis_ws/install/op3_online_walking_module_msgs/include/op3_online_walking_module_msgs/op3_online_walking_module_msgs/msg/detail
[1.475s] -- Up-to-date: /home/certezas/robotis_ws/install/op3_online_walking_module_msgs/include/op3_online_walking_module_msgs/op3_online_walking_module_msgs/msg/detail/preview_request__type_support.h
[1.476s] -- Up-to-date: /home/certezas/robotis_ws/install/op3_online_walking_module_msgs/include/op3_online_walking_module_msgs/op3_online_walking_module_msgs/msg/detail/foot_step_command__type_support.h
[1.477s] -- Up-to-date: /home/certezas/robotis_ws/install/op3_online_walking_module_msgs/include/op3_online_walking_module_msgs/op3_online_walking_module_msgs/msg/detail/preview_request__functions.h
[1.477s] -- Up-to-date: /home/certezas/robotis_ws/install/op3_online_walking_module_msgs/include/op3_online_walking_module_msgs/op3_online_walking_module_msgs/msg/detail/foot_step_command__struct.h
[1.477s] -- Up-to-date: /home/certezas/robotis_ws/install/op3_online_walking_module_msgs/include/op3_online_walking_module_msgs/op3_online_walking_module_msgs/msg/detail/step2_d_array__type_support.h
[1.477s] -- Up-to-date: /home/certezas/robotis_ws/install/op3_online_walking_module_msgs/include/op3_online_walking_module_msgs/op3_online_walking_module_msgs/msg/detail/preview_request__functions.c
[1.477s] -- Up-to-date: /home/certezas/robotis_ws/install/op3_online_walking_module_msgs/include/op3_online_walking_module_msgs/op3_online_walking_module_msgs/msg/detail/step2_d_array__functions.c
[1.477s] -- Up-to-date: /home/certezas/robotis_ws/install/op3_online_walking_module_msgs/include/op3_online_walking_module_msgs/op3_online_walking_module_msgs/msg/detail/step2_d__functions.c
[1.478s] -- Up-to-date: /home/certezas/robotis_ws/install/op3_online_walking_module_msgs/include/op3_online_walking_module_msgs/op3_online_walking_module_msgs/msg/detail/kinematics_pose__struct.h
[1.478s] -- Up-to-date: /home/certezas/robotis_ws/install/op3_online_walking_module_msgs/include/op3_online_walking_module_msgs/op3_online_walking_module_msgs/msg/detail/foot_step_command__functions.c
[1.478s] -- Up-to-date: /home/certezas/robotis_ws/install/op3_online_walking_module_msgs/include/op3_online_walking_module_msgs/op3_online_walking_module_msgs/msg/detail/preview_response__struct.h
[1.478s] -- Up-to-date: /home/certezas/robotis_ws/install/op3_online_walking_module_msgs/include/op3_online_walking_module_msgs/op3_online_walking_module_msgs/msg/detail/step2_d_array__struct.h
[1.478s] -- Up-to-date: /home/certezas/robotis_ws/install/op3_online_walking_module_msgs/include/op3_online_walking_module_msgs/op3_online_walking_module_msgs/msg/detail/preview_request__struct.h
[1.478s] -- Up-to-date: /home/certezas/robotis_ws/install/op3_online_walking_module_msgs/include/op3_online_walking_module_msgs/op3_online_walking_module_msgs/msg/detail/foot_step_command__functions.h
[1.478s] -- Up-to-date: /home/certezas/robotis_ws/install/op3_online_walking_module_msgs/include/op3_online_walking_module_msgs/op3_online_walking_module_msgs/msg/detail/joint_pose__struct.h
[1.478s] -- Up-to-date: /home/certezas/robotis_ws/install/op3_online_walking_module_msgs/include/op3_online_walking_module_msgs/op3_online_walking_module_msgs/msg/detail/kinematics_pose__functions.c
[1.478s] -- Up-to-date: /home/certezas/robotis_ws/install/op3_online_walking_module_msgs/include/op3_online_walking_module_msgs/op3_online_walking_module_msgs/msg/detail/step2_d__type_support.h
[1.478s] -- Up-to-date: /home/certezas/robotis_ws/install/op3_online_walking_module_msgs/include/op3_online_walking_module_msgs/op3_online_walking_module_msgs/msg/detail/preview_response__functions.c
[1.495s] -- Up-to-date: /home/certezas/robotis_ws/install/op3_online_walking_module_msgs/include/op3_online_walking_module_msgs/op3_online_walking_module_msgs/msg/detail/walking_param__struct.h
[1.495s] -- Up-to-date: /home/certezas/robotis_ws/install/op3_online_walking_module_msgs/include/op3_online_walking_module_msgs/op3_online_walking_module_msgs/msg/detail/walking_param__functions.h
[1.496s] -- Up-to-date: /home/certezas/robotis_ws/install/op3_online_walking_module_msgs/include/op3_online_walking_module_msgs/op3_online_walking_module_msgs/msg/detail/preview_response__functions.h
[1.496s] -- Up-to-date: /home/certezas/robotis_ws/install/op3_online_walking_module_msgs/include/op3_online_walking_module_msgs/op3_online_walking_module_msgs/msg/detail/step2_d_array__functions.h
[1.496s] -- Up-to-date: /home/certezas/robotis_ws/install/op3_online_walking_module_msgs/include/op3_online_walking_module_msgs/op3_online_walking_module_msgs/msg/detail/kinematics_pose__functions.h
[1.496s] -- Up-to-date: /home/certezas/robotis_ws/install/op3_online_walking_module_msgs/include/op3_online_walking_module_msgs/op3_online_walking_module_msgs/msg/detail/preview_response__type_support.h
[1.496s] -- Up-to-date: /home/certezas/robotis_ws/install/op3_online_walking_module_msgs/include/op3_online_walking_module_msgs/op3_online_walking_module_msgs/msg/detail/walking_param__functions.c
[1.496s] -- Up-to-date: /home/certezas/robotis_ws/install/op3_online_walking_module_msgs/include/op3_online_walking_module_msgs/op3_online_walking_module_msgs/msg/detail/step2_d__functions.h
[1.497s] -- Up-to-date: /home/certezas/robotis_ws/install/op3_online_walking_module_msgs/include/op3_online_walking_module_msgs/op3_online_walking_module_msgs/msg/detail/foot_step_array__type_support.h
[1.497s] -- Up-to-date: /home/certezas/robotis_ws/install/op3_online_walking_module_msgs/include/op3_online_walking_module_msgs/op3_online_walking_module_msgs/msg/detail/foot_step_array__functions.h
[1.497s] -- Up-to-date: /home/certezas/robotis_ws/install/op3_online_walking_module_msgs/include/op3_online_walking_module_msgs/op3_online_walking_module_msgs/msg/detail/foot_step_array__functions.c
[1.497s] -- Up-to-date: /home/certezas/robotis_ws/install/op3_online_walking_module_msgs/include/op3_online_walking_module_msgs/op3_online_walking_module_msgs/msg/detail/walking_param__type_support.h
[1.497s] -- Up-to-date: /home/certezas/robotis_ws/install/op3_online_walking_module_msgs/include/op3_online_walking_module_msgs/op3_online_walking_module_msgs/msg/detail/joint_pose__functions.c
[1.497s] -- Up-to-date: /home/certezas/robotis_ws/install/op3_online_walking_module_msgs/include/op3_online_walking_module_msgs/op3_online_walking_module_msgs/msg/detail/foot_step_array__struct.h
[1.497s] -- Up-to-date: /home/certezas/robotis_ws/install/op3_online_walking_module_msgs/include/op3_online_walking_module_msgs/op3_online_walking_module_msgs/msg/detail/kinematics_pose__type_support.h
[1.497s] -- Up-to-date: /home/certezas/robotis_ws/install/op3_online_walking_module_msgs/include/op3_online_walking_module_msgs/op3_online_walking_module_msgs/msg/detail/joint_pose__functions.h
[1.497s] -- Up-to-date: /home/certezas/robotis_ws/install/op3_online_walking_module_msgs/include/op3_online_walking_module_msgs/op3_online_walking_module_msgs/msg/detail/step2_d__struct.h
[1.498s] -- Up-to-date: /home/certezas/robotis_ws/install/op3_online_walking_module_msgs/include/op3_online_walking_module_msgs/op3_online_walking_module_msgs/msg/detail/joint_pose__type_support.h
[1.498s] -- Up-to-date: /home/certezas/robotis_ws/install/op3_online_walking_module_msgs/include/op3_online_walking_module_msgs/op3_online_walking_module_msgs/msg/preview_request.h
[1.498s] -- Up-to-date: /home/certezas/robotis_ws/install/op3_online_walking_module_msgs/include/op3_online_walking_module_msgs/op3_online_walking_module_msgs/msg/foot_step_array.h
[1.498s] -- Up-to-date: /home/certezas/robotis_ws/install/op3_online_walking_module_msgs/share/op3_online_walking_module_msgs/environment/library_path.sh
[1.532s] -- Up-to-date: /home/certezas/robotis_ws/install/op3_online_walking_module_msgs/share/op3_online_walking_module_msgs/environment/library_path.dsv
[1.533s] -- Up-to-date: /home/certezas/robotis_ws/install/op3_online_walking_module_msgs/lib/libop3_online_walking_module_msgs__rosidl_generator_c.so
[1.533s] -- Up-to-date: /home/certezas/robotis_ws/install/op3_online_walking_module_msgs/include/op3_online_walking_module_msgs/op3_online_walking_module_msgs
[1.533s] -- Up-to-date: /home/certezas/robotis_ws/install/op3_online_walking_module_msgs/include/op3_online_walking_module_msgs/op3_online_walking_module_msgs/srv
[1.533s] -- Up-to-date: /home/certezas/robotis_ws/install/op3_online_walking_module_msgs/include/op3_online_walking_module_msgs/op3_online_walking_module_msgs/srv/detail
[1.533s] -- Up-to-date: /home/certezas/robotis_ws/install/op3_online_walking_module_msgs/include/op3_online_walking_module_msgs/op3_online_walking_module_msgs/srv/detail/get_kinematics_pose__rosidl_typesupport_fastrtps_c.h
[1.533s] -- Up-to-date: /home/certezas/robotis_ws/install/op3_online_walking_module_msgs/include/op3_online_walking_module_msgs/op3_online_walking_module_msgs/srv/detail/get_joint_pose__rosidl_typesupport_fastrtps_c.h
[1.533s] -- Up-to-date: /home/certezas/robotis_ws/install/op3_online_walking_module_msgs/include/op3_online_walking_module_msgs/op3_online_walking_module_msgs/srv/detail/get_preview_matrix__rosidl_typesupport_fastrtps_c.h
[1.533s] -- Up-to-date: /home/certezas/robotis_ws/install/op3_online_walking_module_msgs/include/op3_online_walking_module_msgs/op3_online_walking_module_msgs/msg
[1.534s] -- Up-to-date: /home/certezas/robotis_ws/install/op3_online_walking_module_msgs/include/op3_online_walking_module_msgs/op3_online_walking_module_msgs/msg/detail
[1.534s] -- Up-to-date: /home/certezas/robotis_ws/install/op3_online_walking_module_msgs/include/op3_online_walking_module_msgs/op3_online_walking_module_msgs/msg/detail/walking_param__rosidl_typesupport_fastrtps_c.h
[1.534s] -- Up-to-date: /home/certezas/robotis_ws/install/op3_online_walking_module_msgs/include/op3_online_walking_module_msgs/op3_online_walking_module_msgs/msg/detail/preview_response__rosidl_typesupport_fastrtps_c.h
[1.534s] -- Up-to-date: /home/certezas/robotis_ws/install/op3_online_walking_module_msgs/include/op3_online_walking_module_msgs/op3_online_walking_module_msgs/msg/detail/foot_step_command__rosidl_typesupport_fastrtps_c.h
[1.534s] -- Up-to-date: /home/certezas/robotis_ws/install/op3_online_walking_module_msgs/include/op3_online_walking_module_msgs/op3_online_walking_module_msgs/msg/detail/foot_step_array__rosidl_typesupport_fastrtps_c.h
[1.534s] -- Up-to-date: /home/certezas/robotis_ws/install/op3_online_walking_module_msgs/include/op3_online_walking_module_msgs/op3_online_walking_module_msgs/msg/detail/joint_pose__rosidl_typesupport_fastrtps_c.h
[1.534s] -- Up-to-date: /home/certezas/robotis_ws/install/op3_online_walking_module_msgs/include/op3_online_walking_module_msgs/op3_online_walking_module_msgs/msg/detail/preview_request__rosidl_typesupport_fastrtps_c.h
[1.534s] -- Up-to-date: /home/certezas/robotis_ws/install/op3_online_walking_module_msgs/include/op3_online_walking_module_msgs/op3_online_walking_module_msgs/msg/detail/step2_d__rosidl_typesupport_fastrtps_c.h
[1.534s] -- Up-to-date: /home/certezas/robotis_ws/install/op3_online_walking_module_msgs/include/op3_online_walking_module_msgs/op3_online_walking_module_msgs/msg/detail/step2_d_array__rosidl_typesupport_fastrtps_c.h
[1.534s] -- Up-to-date: /home/certezas/robotis_ws/install/op3_online_walking_module_msgs/include/op3_online_walking_module_msgs/op3_online_walking_module_msgs/msg/detail/kinematics_pose__rosidl_typesupport_fastrtps_c.h
[1.534s] -- Up-to-date: /home/certezas/robotis_ws/install/op3_online_walking_module_msgs/include/op3_online_walking_module_msgs/op3_online_walking_module_msgs/msg/rosidl_typesupport_fastrtps_c__visibility_control.h
[1.535s] -- Up-to-date: /home/certezas/robotis_ws/install/op3_online_walking_module_msgs/lib/libop3_online_walking_module_msgs__rosidl_typesupport_fastrtps_c.so
[1.535s] -- Up-to-date: /home/certezas/robotis_ws/install/op3_online_walking_module_msgs/include/op3_online_walking_module_msgs/op3_online_walking_module_msgs
[1.535s] -- Up-to-date: /home/certezas/robotis_ws/install/op3_online_walking_module_msgs/include/op3_online_walking_module_msgs/op3_online_walking_module_msgs/srv
[1.535s] -- Up-to-date: /home/certezas/robotis_ws/install/op3_online_walking_module_msgs/include/op3_online_walking_module_msgs/op3_online_walking_module_msgs/srv/get_preview_matrix.hpp
[1.535s] -- Up-to-date: /home/certezas/robotis_ws/install/op3_online_walking_module_msgs/include/op3_online_walking_module_msgs/op3_online_walking_module_msgs/srv/get_joint_pose.hpp
[1.536s] -- Up-to-date: /home/certezas/robotis_ws/install/op3_online_walking_module_msgs/include/op3_online_walking_module_msgs/op3_online_walking_module_msgs/srv/get_kinematics_pose.hpp
[1.536s] -- Up-to-date: /home/certezas/robotis_ws/install/op3_online_walking_module_msgs/include/op3_online_walking_module_msgs/op3_online_walking_module_msgs/srv/detail
[1.536s] -- Up-to-date: /home/certezas/robotis_ws/install/op3_online_walking_module_msgs/include/op3_online_walking_module_msgs/op3_online_walking_module_msgs/srv/detail/get_joint_pose__struct.hpp
[1.536s] -- Up-to-date: /home/certezas/robotis_ws/install/op3_online_walking_module_msgs/include/op3_online_walking_module_msgs/op3_online_walking_module_msgs/srv/detail/get_preview_matrix__type_support.hpp
[1.536s] -- Up-to-date: /home/certezas/robotis_ws/install/op3_online_walking_module_msgs/include/op3_online_walking_module_msgs/op3_online_walking_module_msgs/srv/detail/get_preview_matrix__builder.hpp
[1.536s] -- Up-to-date: /home/certezas/robotis_ws/install/op3_online_walking_module_msgs/include/op3_online_walking_module_msgs/op3_online_walking_module_msgs/srv/detail/get_kinematics_pose__struct.hpp
[1.536s] -- Up-to-date: /home/certezas/robotis_ws/install/op3_online_walking_module_msgs/include/op3_online_walking_module_msgs/op3_online_walking_module_msgs/srv/detail/get_kinematics_pose__builder.hpp
[1.536s] -- Up-to-date: /home/certezas/robotis_ws/install/op3_online_walking_module_msgs/include/op3_online_walking_module_msgs/op3_online_walking_module_msgs/srv/detail/get_joint_pose__traits.hpp
[1.536s] -- Up-to-date: /home/certezas/robotis_ws/install/op3_online_walking_module_msgs/include/op3_online_walking_module_msgs/op3_online_walking_module_msgs/srv/detail/get_joint_pose__builder.hpp
[1.536s] -- Up-to-date: /home/certezas/robotis_ws/install/op3_online_walking_module_msgs/include/op3_online_walking_module_msgs/op3_online_walking_module_msgs/srv/detail/get_joint_pose__type_support.hpp
[1.537s] -- Up-to-date: /home/certezas/robotis_ws/install/op3_online_walking_module_msgs/include/op3_online_walking_module_msgs/op3_online_walking_module_msgs/srv/detail/get_kinematics_pose__type_support.hpp
[1.537s] -- Up-to-date: /home/certezas/robotis_ws/install/op3_online_walking_module_msgs/include/op3_online_walking_module_msgs/op3_online_walking_module_msgs/srv/detail/get_preview_matrix__traits.hpp
[1.537s] -- Up-to-date: /home/certezas/robotis_ws/install/op3_online_walking_module_msgs/include/op3_online_walking_module_msgs/op3_online_walking_module_msgs/srv/detail/get_preview_matrix__struct.hpp
[1.537s] -- Up-to-date: /home/certezas/robotis_ws/install/op3_online_walking_module_msgs/include/op3_online_walking_module_msgs/op3_online_walking_module_msgs/srv/detail/get_kinematics_pose__traits.hpp
[1.537s] -- Up-to-date: /home/certezas/robotis_ws/install/op3_online_walking_module_msgs/include/op3_online_walking_module_msgs/op3_online_walking_module_msgs/msg
[1.537s] -- Up-to-date: /home/certezas/robotis_ws/install/op3_online_walking_module_msgs/include/op3_online_walking_module_msgs/op3_online_walking_module_msgs/msg/foot_step_command.hpp
[1.537s] -- Up-to-date: /home/certezas/robotis_ws/install/op3_online_walking_module_msgs/include/op3_online_walking_module_msgs/op3_online_walking_module_msgs/msg/kinematics_pose.hpp
[1.537s] -- Up-to-date: /home/certezas/robotis_ws/install/op3_online_walking_module_msgs/include/op3_online_walking_module_msgs/op3_online_walking_module_msgs/msg/walking_param.hpp
[1.537s] -- Up-to-date: /home/certezas/robotis_ws/install/op3_online_walking_module_msgs/include/op3_online_walking_module_msgs/op3_online_walking_module_msgs/msg/preview_request.hpp
[1.537s] -- Up-to-date: /home/certezas/robotis_ws/install/op3_online_walking_module_msgs/include/op3_online_walking_module_msgs/op3_online_walking_module_msgs/msg/rosidl_generator_cpp__visibility_control.hpp
[1.537s] -- Up-to-date: /home/certezas/robotis_ws/install/op3_online_walking_module_msgs/include/op3_online_walking_module_msgs/op3_online_walking_module_msgs/msg/preview_response.hpp
[1.537s] -- Up-to-date: /home/certezas/robotis_ws/install/op3_online_walking_module_msgs/include/op3_online_walking_module_msgs/op3_online_walking_module_msgs/msg/step2_d.hpp
[1.537s] -- Up-to-date: /home/certezas/robotis_ws/install/op3_online_walking_module_msgs/include/op3_online_walking_module_msgs/op3_online_walking_module_msgs/msg/step2_d_array.hpp
[1.537s] -- Up-to-date: /home/certezas/robotis_ws/install/op3_online_walking_module_msgs/include/op3_online_walking_module_msgs/op3_online_walking_module_msgs/msg/joint_pose.hpp
[1.538s] -- Up-to-date: /home/certezas/robotis_ws/install/op3_online_walking_module_msgs/include/op3_online_walking_module_msgs/op3_online_walking_module_msgs/msg/foot_step_array.hpp
[1.538s] -- Up-to-date: /home/certezas/robotis_ws/install/op3_online_walking_module_msgs/include/op3_online_walking_module_msgs/op3_online_walking_module_msgs/msg/detail
[1.538s] -- Up-to-date: /home/certezas/robotis_ws/install/op3_online_walking_module_msgs/include/op3_online_walking_module_msgs/op3_online_walking_module_msgs/msg/detail/step2_d__type_support.hpp
[1.538s] -- Up-to-date: /home/certezas/robotis_ws/install/op3_online_walking_module_msgs/include/op3_online_walking_module_msgs/op3_online_walking_module_msgs/msg/detail/foot_step_command__traits.hpp
[1.538s] -- Up-to-date: /home/certezas/robotis_ws/install/op3_online_walking_module_msgs/include/op3_online_walking_module_msgs/op3_online_walking_module_msgs/msg/detail/preview_request__type_support.hpp
[1.538s] -- Up-to-date: /home/certezas/robotis_ws/install/op3_online_walking_module_msgs/include/op3_online_walking_module_msgs/op3_online_walking_module_msgs/msg/detail/preview_request__struct.hpp
[1.538s] -- Up-to-date: /home/certezas/robotis_ws/install/op3_online_walking_module_msgs/include/op3_online_walking_module_msgs/op3_online_walking_module_msgs/msg/detail/step2_d_array__builder.hpp
[1.538s] -- Up-to-date: /home/certezas/robotis_ws/install/op3_online_walking_module_msgs/include/op3_online_walking_module_msgs/op3_online_walking_module_msgs/msg/detail/foot_step_command__struct.hpp
[1.539s] -- Up-to-date: /home/certezas/robotis_ws/install/op3_online_walking_module_msgs/include/op3_online_walking_module_msgs/op3_online_walking_module_msgs/msg/detail/preview_response__builder.hpp
[1.539s] -- Up-to-date: /home/certezas/robotis_ws/install/op3_online_walking_module_msgs/include/op3_online_walking_module_msgs/op3_online_walking_module_msgs/msg/detail/joint_pose__traits.hpp
[1.539s] -- Up-to-date: /home/certezas/robotis_ws/install/op3_online_walking_module_msgs/include/op3_online_walking_module_msgs/op3_online_walking_module_msgs/msg/detail/preview_request__builder.hpp
[1.539s] -- Up-to-date: /home/certezas/robotis_ws/install/op3_online_walking_module_msgs/include/op3_online_walking_module_msgs/op3_online_walking_module_msgs/msg/detail/step2_d__builder.hpp
[1.539s] -- Up-to-date: /home/certezas/robotis_ws/install/op3_online_walking_module_msgs/include/op3_online_walking_module_msgs/op3_online_walking_module_msgs/msg/detail/foot_step_array__struct.hpp
[1.539s] -- Up-to-date: /home/certezas/robotis_ws/install/op3_online_walking_module_msgs/include/op3_online_walking_module_msgs/op3_online_walking_module_msgs/msg/detail/kinematics_pose__struct.hpp
[1.539s] -- Up-to-date: /home/certezas/robotis_ws/install/op3_online_walking_module_msgs/include/op3_online_walking_module_msgs/op3_online_walking_module_msgs/msg/detail/kinematics_pose__traits.hpp
[1.539s] -- Up-to-date: /home/certezas/robotis_ws/install/op3_online_walking_module_msgs/include/op3_online_walking_module_msgs/op3_online_walking_module_msgs/msg/detail/preview_response__traits.hpp
[1.539s] -- Up-to-date: /home/certezas/robotis_ws/install/op3_online_walking_module_msgs/include/op3_online_walking_module_msgs/op3_online_walking_module_msgs/msg/detail/walking_param__struct.hpp
[1.539s] -- Up-to-date: /home/certezas/robotis_ws/install/op3_online_walking_module_msgs/include/op3_online_walking_module_msgs/op3_online_walking_module_msgs/msg/detail/walking_param__traits.hpp
[1.539s] -- Up-to-date: /home/certezas/robotis_ws/install/op3_online_walking_module_msgs/include/op3_online_walking_module_msgs/op3_online_walking_module_msgs/msg/detail/preview_request__traits.hpp
[1.539s] -- Up-to-date: /home/certezas/robotis_ws/install/op3_online_walking_module_msgs/include/op3_online_walking_module_msgs/op3_online_walking_module_msgs/msg/detail/walking_param__builder.hpp
[1.539s] -- Up-to-date: /home/certezas/robotis_ws/install/op3_online_walking_module_msgs/include/op3_online_walking_module_msgs/op3_online_walking_module_msgs/msg/detail/foot_step_command__type_support.hpp
[1.539s] -- Up-to-date: /home/certezas/robotis_ws/install/op3_online_walking_module_msgs/include/op3_online_walking_module_msgs/op3_online_walking_module_msgs/msg/detail/step2_d_array__type_support.hpp
[1.539s] -- Up-to-date: /home/certezas/robotis_ws/install/op3_online_walking_module_msgs/include/op3_online_walking_module_msgs/op3_online_walking_module_msgs/msg/detail/foot_step_array__type_support.hpp
[1.539s] -- Up-to-date: /home/certezas/robotis_ws/install/op3_online_walking_module_msgs/include/op3_online_walking_module_msgs/op3_online_walking_module_msgs/msg/detail/foot_step_command__builder.hpp
[1.539s] -- Up-to-date: /home/certezas/robotis_ws/install/op3_online_walking_module_msgs/include/op3_online_walking_module_msgs/op3_online_walking_module_msgs/msg/detail/step2_d_array__struct.hpp
[1.540s] -- Up-to-date: /home/certezas/robotis_ws/install/op3_online_walking_module_msgs/include/op3_online_walking_module_msgs/op3_online_walking_module_msgs/msg/detail/step2_d_array__traits.hpp
[1.540s] -- Up-to-date: /home/certezas/robotis_ws/install/op3_online_walking_module_msgs/include/op3_online_walking_module_msgs/op3_online_walking_module_msgs/msg/detail/kinematics_pose__builder.hpp
[1.540s] -- Up-to-date: /home/certezas/robotis_ws/install/op3_online_walking_module_msgs/include/op3_online_walking_module_msgs/op3_online_walking_module_msgs/msg/detail/foot_step_array__traits.hpp
[1.540s] -- Up-to-date: /home/certezas/robotis_ws/install/op3_online_walking_module_msgs/include/op3_online_walking_module_msgs/op3_online_walking_module_msgs/msg/detail/walking_param__type_support.hpp
[1.540s] -- Up-to-date: /home/certezas/robotis_ws/install/op3_online_walking_module_msgs/include/op3_online_walking_module_msgs/op3_online_walking_module_msgs/msg/detail/foot_step_array__builder.hpp
[1.540s] -- Up-to-date: /home/certezas/robotis_ws/install/op3_online_walking_module_msgs/include/op3_online_walking_module_msgs/op3_online_walking_module_msgs/msg/detail/step2_d__traits.hpp
[1.540s] -- Up-to-date: /home/certezas/robotis_ws/install/op3_online_walking_module_msgs/include/op3_online_walking_module_msgs/op3_online_walking_module_msgs/msg/detail/joint_pose__type_support.hpp
[1.540s] -- Up-to-date: /home/certezas/robotis_ws/install/op3_online_walking_module_msgs/include/op3_online_walking_module_msgs/op3_online_walking_module_msgs/msg/detail/preview_response__type_support.hpp
[1.540s] -- Up-to-date: /home/certezas/robotis_ws/install/op3_online_walking_module_msgs/include/op3_online_walking_module_msgs/op3_online_walking_module_msgs/msg/detail/joint_pose__builder.hpp
[1.540s] -- Up-to-date: /home/certezas/robotis_ws/install/op3_online_walking_module_msgs/include/op3_online_walking_module_msgs/op3_online_walking_module_msgs/msg/detail/joint_pose__struct.hpp
[1.540s] -- Up-to-date: /home/certezas/robotis_ws/install/op3_online_walking_module_msgs/include/op3_online_walking_module_msgs/op3_online_walking_module_msgs/msg/detail/step2_d__struct.hpp
[1.540s] -- Up-to-date: /home/certezas/robotis_ws/install/op3_online_walking_module_msgs/include/op3_online_walking_module_msgs/op3_online_walking_module_msgs/msg/detail/kinematics_pose__type_support.hpp
[1.540s] -- Up-to-date: /home/certezas/robotis_ws/install/op3_online_walking_module_msgs/include/op3_online_walking_module_msgs/op3_online_walking_module_msgs/msg/detail/preview_response__struct.hpp
[1.540s] -- Up-to-date: /home/certezas/robotis_ws/install/op3_online_walking_module_msgs/include/op3_online_walking_module_msgs/op3_online_walking_module_msgs
[1.541s] -- Up-to-date: /home/certezas/robotis_ws/install/op3_online_walking_module_msgs/include/op3_online_walking_module_msgs/op3_online_walking_module_msgs/srv
[1.541s] -- Up-to-date: /home/certezas/robotis_ws/install/op3_online_walking_module_msgs/include/op3_online_walking_module_msgs/op3_online_walking_module_msgs/srv/detail
[1.541s] -- Up-to-date: /home/certezas/robotis_ws/install/op3_online_walking_module_msgs/include/op3_online_walking_module_msgs/op3_online_walking_module_msgs/srv/detail/dds_fastrtps
[1.541s] -- Up-to-date: /home/certezas/robotis_ws/install/op3_online_walking_module_msgs/include/op3_online_walking_module_msgs/op3_online_walking_module_msgs/srv/detail/get_joint_pose__rosidl_typesupport_fastrtps_cpp.hpp
[1.541s] -- Up-to-date: /home/certezas/robotis_ws/install/op3_online_walking_module_msgs/include/op3_online_walking_module_msgs/op3_online_walking_module_msgs/srv/detail/get_preview_matrix__rosidl_typesupport_fastrtps_cpp.hpp
[1.541s] -- Up-to-date: /home/certezas/robotis_ws/install/op3_online_walking_module_msgs/include/op3_online_walking_module_msgs/op3_online_walking_module_msgs/srv/detail/get_kinematics_pose__rosidl_typesupport_fastrtps_cpp.hpp
[1.541s] -- Up-to-date: /home/certezas/robotis_ws/install/op3_online_walking_module_msgs/include/op3_online_walking_module_msgs/op3_online_walking_module_msgs/msg
[1.541s] -- Up-to-date: /home/certezas/robotis_ws/install/op3_online_walking_module_msgs/include/op3_online_walking_module_msgs/op3_online_walking_module_msgs/msg/rosidl_typesupport_fastrtps_cpp__visibility_control.h
[1.541s] -- Up-to-date: /home/certezas/robotis_ws/install/op3_online_walking_module_msgs/include/op3_online_walking_module_msgs/op3_online_walking_module_msgs/msg/detail
[1.541s] -- Up-to-date: /home/certezas/robotis_ws/install/op3_online_walking_module_msgs/include/op3_online_walking_module_msgs/op3_online_walking_module_msgs/msg/detail/preview_request__rosidl_typesupport_fastrtps_cpp.hpp
[1.541s] -- Up-to-date: /home/certezas/robotis_ws/install/op3_online_walking_module_msgs/include/op3_online_walking_module_msgs/op3_online_walking_module_msgs/msg/detail/dds_fastrtps
[1.541s] -- Up-to-date: /home/certezas/robotis_ws/install/op3_online_walking_module_msgs/include/op3_online_walking_module_msgs/op3_online_walking_module_msgs/msg/detail/foot_step_command__rosidl_typesupport_fastrtps_cpp.hpp
[1.541s] -- Up-to-date: /home/certezas/robotis_ws/install/op3_online_walking_module_msgs/include/op3_online_walking_module_msgs/op3_online_walking_module_msgs/msg/detail/kinematics_pose__rosidl_typesupport_fastrtps_cpp.hpp
[1.541s] -- Up-to-date: /home/certezas/robotis_ws/install/op3_online_walking_module_msgs/include/op3_online_walking_module_msgs/op3_online_walking_module_msgs/msg/detail/joint_pose__rosidl_typesupport_fastrtps_cpp.hpp
[1.541s] -- Up-to-date: /home/certezas/robotis_ws/install/op3_online_walking_module_msgs/include/op3_online_walking_module_msgs/op3_online_walking_module_msgs/msg/detail/walking_param__rosidl_typesupport_fastrtps_cpp.hpp
[1.541s] -- Up-to-date: /home/certezas/robotis_ws/install/op3_online_walking_module_msgs/include/op3_online_walking_module_msgs/op3_online_walking_module_msgs/msg/detail/step2_d_array__rosidl_typesupport_fastrtps_cpp.hpp
[1.541s] -- Up-to-date: /home/certezas/robotis_ws/install/op3_online_walking_module_msgs/include/op3_online_walking_module_msgs/op3_online_walking_module_msgs/msg/detail/preview_response__rosidl_typesupport_fastrtps_cpp.hpp
[1.542s] -- Up-to-date: /home/certezas/robotis_ws/install/op3_online_walking_module_msgs/include/op3_online_walking_module_msgs/op3_online_walking_module_msgs/msg/detail/step2_d__rosidl_typesupport_fastrtps_cpp.hpp
[1.542s] -- Up-to-date: /home/certezas/robotis_ws/install/op3_online_walking_module_msgs/include/op3_online_walking_module_msgs/op3_online_walking_module_msgs/msg/detail/foot_step_array__rosidl_typesupport_fastrtps_cpp.hpp
[1.607s] -- Up-to-date: /home/certezas/robotis_ws/install/op3_online_walking_module_msgs/lib/libop3_online_walking_module_msgs__rosidl_typesupport_fastrtps_cpp.so
[1.607s] -- Up-to-date: /home/certezas/robotis_ws/install/op3_online_walking_module_msgs/include/op3_online_walking_module_msgs/op3_online_walking_module_msgs
[1.607s] -- Up-to-date: /home/certezas/robotis_ws/install/op3_online_walking_module_msgs/include/op3_online_walking_module_msgs/op3_online_walking_module_msgs/srv
[1.607s] -- Up-to-date: /home/certezas/robotis_ws/install/op3_online_walking_module_msgs/include/op3_online_walking_module_msgs/op3_online_walking_module_msgs/srv/detail
[1.607s] -- Up-to-date: /home/certezas/robotis_ws/install/op3_online_walking_module_msgs/include/op3_online_walking_module_msgs/op3_online_walking_module_msgs/srv/detail/get_preview_matrix__type_support.c
[1.607s] -- Up-to-date: /home/certezas/robotis_ws/install/op3_online_walking_module_msgs/include/op3_online_walking_module_msgs/op3_online_walking_module_msgs/srv/detail/get_kinematics_pose__rosidl_typesupport_introspection_c.h
[1.607s] -- Up-to-date: /home/certezas/robotis_ws/install/op3_online_walking_module_msgs/include/op3_online_walking_module_msgs/op3_online_walking_module_msgs/srv/detail/get_preview_matrix__rosidl_typesupport_introspection_c.h
[1.607s] -- Up-to-date: /home/certezas/robotis_ws/install/op3_online_walking_module_msgs/include/op3_online_walking_module_msgs/op3_online_walking_module_msgs/srv/detail/get_joint_pose__rosidl_typesupport_introspection_c.h
[1.607s] -- Up-to-date: /home/certezas/robotis_ws/install/op3_online_walking_module_msgs/include/op3_online_walking_module_msgs/op3_online_walking_module_msgs/srv/detail/get_kinematics_pose__type_support.c
[1.607s] -- Up-to-date: /home/certezas/robotis_ws/install/op3_online_walking_module_msgs/include/op3_online_walking_module_msgs/op3_online_walking_module_msgs/srv/detail/get_joint_pose__type_support.c
[1.607s] -- Up-to-date: /home/certezas/robotis_ws/install/op3_online_walking_module_msgs/include/op3_online_walking_module_msgs/op3_online_walking_module_msgs/msg
[1.607s] -- Up-to-date: /home/certezas/robotis_ws/install/op3_online_walking_module_msgs/include/op3_online_walking_module_msgs/op3_online_walking_module_msgs/msg/rosidl_typesupport_introspection_c__visibility_control.h
[1.607s] -- Up-to-date: /home/certezas/robotis_ws/install/op3_online_walking_module_msgs/include/op3_online_walking_module_msgs/op3_online_walking_module_msgs/msg/detail
[1.607s] -- Up-to-date: /home/certezas/robotis_ws/install/op3_online_walking_module_msgs/include/op3_online_walking_module_msgs/op3_online_walking_module_msgs/msg/detail/joint_pose__type_support.c
[1.607s] -- Up-to-date: /home/certezas/robotis_ws/install/op3_online_walking_module_msgs/include/op3_online_walking_module_msgs/op3_online_walking_module_msgs/msg/detail/preview_response__type_support.c
[1.607s] -- Up-to-date: /home/certezas/robotis_ws/install/op3_online_walking_module_msgs/include/op3_online_walking_module_msgs/op3_online_walking_module_msgs/msg/detail/preview_response__rosidl_typesupport_introspection_c.h
[1.607s] -- Up-to-date: /home/certezas/robotis_ws/install/op3_online_walking_module_msgs/include/op3_online_walking_module_msgs/op3_online_walking_module_msgs/msg/detail/step2_d_array__type_support.c
[1.607s] -- Up-to-date: /home/certezas/robotis_ws/install/op3_online_walking_module_msgs/include/op3_online_walking_module_msgs/op3_online_walking_module_msgs/msg/detail/joint_pose__rosidl_typesupport_introspection_c.h
[1.607s] -- Up-to-date: /home/certezas/robotis_ws/install/op3_online_walking_module_msgs/include/op3_online_walking_module_msgs/op3_online_walking_module_msgs/msg/detail/preview_request__rosidl_typesupport_introspection_c.h
[1.608s] -- Up-to-date: /home/certezas/robotis_ws/install/op3_online_walking_module_msgs/include/op3_online_walking_module_msgs/op3_online_walking_module_msgs/msg/detail/step2_d_array__rosidl_typesupport_introspection_c.h
[1.608s] -- Up-to-date: /home/certezas/robotis_ws/install/op3_online_walking_module_msgs/include/op3_online_walking_module_msgs/op3_online_walking_module_msgs/msg/detail/preview_request__type_support.c
[1.608s] -- Up-to-date: /home/certezas/robotis_ws/install/op3_online_walking_module_msgs/include/op3_online_walking_module_msgs/op3_online_walking_module_msgs/msg/detail/kinematics_pose__rosidl_typesupport_introspection_c.h
[1.608s] -- Up-to-date: /home/certezas/robotis_ws/install/op3_online_walking_module_msgs/include/op3_online_walking_module_msgs/op3_online_walking_module_msgs/msg/detail/foot_step_array__type_support.c
[1.608s] -- Up-to-date: /home/certezas/robotis_ws/install/op3_online_walking_module_msgs/include/op3_online_walking_module_msgs/op3_online_walking_module_msgs/msg/detail/step2_d__rosidl_typesupport_introspection_c.h
[1.608s] -- Up-to-date: /home/certezas/robotis_ws/install/op3_online_walking_module_msgs/include/op3_online_walking_module_msgs/op3_online_walking_module_msgs/msg/detail/walking_param__type_support.c
[1.608s] -- Up-to-date: /home/certezas/robotis_ws/install/op3_online_walking_module_msgs/include/op3_online_walking_module_msgs/op3_online_walking_module_msgs/msg/detail/step2_d__type_support.c
[1.608s] -- Up-to-date: /home/certezas/robotis_ws/install/op3_online_walking_module_msgs/include/op3_online_walking_module_msgs/op3_online_walking_module_msgs/msg/detail/foot_step_array__rosidl_typesupport_introspection_c.h
[1.608s] -- Up-to-date: /home/certezas/robotis_ws/install/op3_online_walking_module_msgs/include/op3_online_walking_module_msgs/op3_online_walking_module_msgs/msg/detail/foot_step_command__rosidl_typesupport_introspection_c.h
[1.608s] -- Up-to-date: /home/certezas/robotis_ws/install/op3_online_walking_module_msgs/include/op3_online_walking_module_msgs/op3_online_walking_module_msgs/msg/detail/kinematics_pose__type_support.c
[1.608s] -- Up-to-date: /home/certezas/robotis_ws/install/op3_online_walking_module_msgs/include/op3_online_walking_module_msgs/op3_online_walking_module_msgs/msg/detail/walking_param__rosidl_typesupport_introspection_c.h
[1.608s] -- Up-to-date: /home/certezas/robotis_ws/install/op3_online_walking_module_msgs/include/op3_online_walking_module_msgs/op3_online_walking_module_msgs/msg/detail/foot_step_command__type_support.c
[1.608s] -- Up-to-date: /home/certezas/robotis_ws/install/op3_online_walking_module_msgs/lib/libop3_online_walking_module_msgs__rosidl_typesupport_introspection_c.so
[1.608s] -- Up-to-date: /home/certezas/robotis_ws/install/op3_online_walking_module_msgs/lib/libop3_online_walking_module_msgs__rosidl_typesupport_c.so
[1.608s] -- Up-to-date: /home/certezas/robotis_ws/install/op3_online_walking_module_msgs/include/op3_online_walking_module_msgs/op3_online_walking_module_msgs
[1.608s] -- Up-to-date: /home/certezas/robotis_ws/install/op3_online_walking_module_msgs/include/op3_online_walking_module_msgs/op3_online_walking_module_msgs/srv
[1.608s] -- Up-to-date: /home/certezas/robotis_ws/install/op3_online_walking_module_msgs/include/op3_online_walking_module_msgs/op3_online_walking_module_msgs/srv/detail
[1.608s] -- Up-to-date: /home/certezas/robotis_ws/install/op3_online_walking_module_msgs/include/op3_online_walking_module_msgs/op3_online_walking_module_msgs/srv/detail/get_kinematics_pose__type_support.cpp
[1.608s] -- Up-to-date: /home/certezas/robotis_ws/install/op3_online_walking_module_msgs/include/op3_online_walking_module_msgs/op3_online_walking_module_msgs/srv/detail/get_preview_matrix__rosidl_typesupport_introspection_cpp.hpp
[1.608s] -- Up-to-date: /home/certezas/robotis_ws/install/op3_online_walking_module_msgs/include/op3_online_walking_module_msgs/op3_online_walking_module_msgs/srv/detail/get_joint_pose__rosidl_typesupport_introspection_cpp.hpp
[1.608s] -- Up-to-date: /home/certezas/robotis_ws/install/op3_online_walking_module_msgs/include/op3_online_walking_module_msgs/op3_online_walking_module_msgs/srv/detail/get_preview_matrix__type_support.cpp
[1.608s] -- Up-to-date: /home/certezas/robotis_ws/install/op3_online_walking_module_msgs/include/op3_online_walking_module_msgs/op3_online_walking_module_msgs/srv/detail/get_joint_pose__type_support.cpp
[1.609s] -- Up-to-date: /home/certezas/robotis_ws/install/op3_online_walking_module_msgs/include/op3_online_walking_module_msgs/op3_online_walking_module_msgs/srv/detail/get_kinematics_pose__rosidl_typesupport_introspection_cpp.hpp
[1.609s] -- Up-to-date: /home/certezas/robotis_ws/install/op3_online_walking_module_msgs/include/op3_online_walking_module_msgs/op3_online_walking_module_msgs/msg
[1.609s] -- Up-to-date: /home/certezas/robotis_ws/install/op3_online_walking_module_msgs/include/op3_online_walking_module_msgs/op3_online_walking_module_msgs/msg/detail
[1.609s] -- Up-to-date: /home/certezas/robotis_ws/install/op3_online_walking_module_msgs/include/op3_online_walking_module_msgs/op3_online_walking_module_msgs/msg/detail/joint_pose__type_support.cpp
[1.609s] -- Up-to-date: /home/certezas/robotis_ws/install/op3_online_walking_module_msgs/include/op3_online_walking_module_msgs/op3_online_walking_module_msgs/msg/detail/kinematics_pose__type_support.cpp
[1.609s] -- Up-to-date: /home/certezas/robotis_ws/install/op3_online_walking_module_msgs/include/op3_online_walking_module_msgs/op3_online_walking_module_msgs/msg/detail/foot_step_array__rosidl_typesupport_introspection_cpp.hpp
[1.609s] -- Up-to-date: /home/certezas/robotis_ws/install/op3_online_walking_module_msgs/include/op3_online_walking_module_msgs/op3_online_walking_module_msgs/msg/detail/preview_response__type_support.cpp
[1.609s] -- Up-to-date: /home/certezas/robotis_ws/install/op3_online_walking_module_msgs/include/op3_online_walking_module_msgs/op3_online_walking_module_msgs/msg/detail/foot_step_command__type_support.cpp
[1.609s] -- Up-to-date: /home/certezas/robotis_ws/install/op3_online_walking_module_msgs/include/op3_online_walking_module_msgs/op3_online_walking_module_msgs/msg/detail/step2_d_array__type_support.cpp
[1.609s] -- Up-to-date: /home/certezas/robotis_ws/install/op3_online_walking_module_msgs/include/op3_online_walking_module_msgs/op3_online_walking_module_msgs/msg/detail/walking_param__rosidl_typesupport_introspection_cpp.hpp
[1.609s] -- Up-to-date: /home/certezas/robotis_ws/install/op3_online_walking_module_msgs/include/op3_online_walking_module_msgs/op3_online_walking_module_msgs/msg/detail/step2_d_array__rosidl_typesupport_introspection_cpp.hpp
[1.609s] -- Up-to-date: /home/certezas/robotis_ws/install/op3_online_walking_module_msgs/include/op3_online_walking_module_msgs/op3_online_walking_module_msgs/msg/detail/kinematics_pose__rosidl_typesupport_introspection_cpp.hpp
[1.609s] -- Up-to-date: /home/certezas/robotis_ws/install/op3_online_walking_module_msgs/include/op3_online_walking_module_msgs/op3_online_walking_module_msgs/msg/detail/walking_param__type_support.cpp
[1.609s] -- Up-to-date: /home/certezas/robotis_ws/install/op3_online_walking_module_msgs/include/op3_online_walking_module_msgs/op3_online_walking_module_msgs/msg/detail/foot_step_command__rosidl_typesupport_introspection_cpp.hpp
[1.609s] -- Up-to-date: /home/certezas/robotis_ws/install/op3_online_walking_module_msgs/include/op3_online_walking_module_msgs/op3_online_walking_module_msgs/msg/detail/preview_request__rosidl_typesupport_introspection_cpp.hpp
[1.609s] -- Up-to-date: /home/certezas/robotis_ws/install/op3_online_walking_module_msgs/include/op3_online_walking_module_msgs/op3_online_walking_module_msgs/msg/detail/step2_d__rosidl_typesupport_introspection_cpp.hpp
[1.609s] -- Up-to-date: /home/certezas/robotis_ws/install/op3_online_walking_module_msgs/include/op3_online_walking_module_msgs/op3_online_walking_module_msgs/msg/detail/step2_d__type_support.cpp
[1.609s] -- Up-to-date: /home/certezas/robotis_ws/install/op3_online_walking_module_msgs/include/op3_online_walking_module_msgs/op3_online_walking_module_msgs/msg/detail/preview_request__type_support.cpp
[1.609s] -- Up-to-date: /home/certezas/robotis_ws/install/op3_online_walking_module_msgs/include/op3_online_walking_module_msgs/op3_online_walking_module_msgs/msg/detail/joint_pose__rosidl_typesupport_introspection_cpp.hpp
[1.609s] -- Up-to-date: /home/certezas/robotis_ws/install/op3_online_walking_module_msgs/include/op3_online_walking_module_msgs/op3_online_walking_module_msgs/msg/detail/foot_step_array__type_support.cpp
[1.609s] -- Up-to-date: /home/certezas/robotis_ws/install/op3_online_walking_module_msgs/include/op3_online_walking_module_msgs/op3_online_walking_module_msgs/msg/detail/preview_response__rosidl_typesupport_introspection_cpp.hpp
[1.656s] -- Up-to-date: /home/certezas/robotis_ws/install/op3_online_walking_module_msgs/lib/libop3_online_walking_module_msgs__rosidl_typesupport_introspection_cpp.so
[1.666s] -- Up-to-date: /home/certezas/robotis_ws/install/op3_online_walking_module_msgs/lib/libop3_online_walking_module_msgs__rosidl_typesupport_cpp.so
[1.667s] -- Up-to-date: /home/certezas/robotis_ws/install/op3_online_walking_module_msgs/share/op3_online_walking_module_msgs/environment/pythonpath.sh
[1.667s] -- Up-to-date: /home/certezas/robotis_ws/install/op3_online_walking_module_msgs/share/op3_online_walking_module_msgs/environment/pythonpath.dsv
[1.667s] -- Up-to-date: /home/certezas/robotis_ws/install/op3_online_walking_module_msgs/local/lib/python3.10/dist-packages/op3_online_walking_module_msgs-0.1.1-py3.10.egg-info
[1.667s] -- Installing: /home/certezas/robotis_ws/install/op3_online_walking_module_msgs/local/lib/python3.10/dist-packages/op3_online_walking_module_msgs-0.1.1-py3.10.egg-info/PKG-INFO
[1.667s] -- Installing: /home/certezas/robotis_ws/install/op3_online_walking_module_msgs/local/lib/python3.10/dist-packages/op3_online_walking_module_msgs-0.1.1-py3.10.egg-info/dependency_links.txt
[1.667s] -- Installing: /home/certezas/robotis_ws/install/op3_online_walking_module_msgs/local/lib/python3.10/dist-packages/op3_online_walking_module_msgs-0.1.1-py3.10.egg-info/top_level.txt
[1.667s] -- Installing: /home/certezas/robotis_ws/install/op3_online_walking_module_msgs/local/lib/python3.10/dist-packages/op3_online_walking_module_msgs-0.1.1-py3.10.egg-info/SOURCES.txt
[1.667s] -- Up-to-date: /home/certezas/robotis_ws/install/op3_online_walking_module_msgs/local/lib/python3.10/dist-packages/op3_online_walking_module_msgs
[1.667s] -- Up-to-date: /home/certezas/robotis_ws/install/op3_online_walking_module_msgs/local/lib/python3.10/dist-packages/op3_online_walking_module_msgs/_op3_online_walking_module_msgs_s.ep.rosidl_typesupport_fastrtps_c.c
[1.667s] -- Up-to-date: /home/certezas/robotis_ws/install/op3_online_walking_module_msgs/local/lib/python3.10/dist-packages/op3_online_walking_module_msgs/__init__.py
[1.667s] -- Up-to-date: /home/certezas/robotis_ws/install/op3_online_walking_module_msgs/local/lib/python3.10/dist-packages/op3_online_walking_module_msgs/srv
[1.667s] -- Up-to-date: /home/certezas/robotis_ws/install/op3_online_walking_module_msgs/local/lib/python3.10/dist-packages/op3_online_walking_module_msgs/srv/_get_preview_matrix_s.c
[1.668s] -- Up-to-date: /home/certezas/robotis_ws/install/op3_online_walking_module_msgs/local/lib/python3.10/dist-packages/op3_online_walking_module_msgs/srv/_get_kinematics_pose.py
[1.668s] -- Up-to-date: /home/certezas/robotis_ws/install/op3_online_walking_module_msgs/local/lib/python3.10/dist-packages/op3_online_walking_module_msgs/srv/_get_joint_pose_s.c
[1.668s] -- Up-to-date: /home/certezas/robotis_ws/install/op3_online_walking_module_msgs/local/lib/python3.10/dist-packages/op3_online_walking_module_msgs/srv/__init__.py
[1.668s] -- Up-to-date: /home/certezas/robotis_ws/install/op3_online_walking_module_msgs/local/lib/python3.10/dist-packages/op3_online_walking_module_msgs/srv/_get_kinematics_pose_s.c
[1.668s] -- Up-to-date: /home/certezas/robotis_ws/install/op3_online_walking_module_msgs/local/lib/python3.10/dist-packages/op3_online_walking_module_msgs/srv/_get_preview_matrix.py
[1.668s] -- Up-to-date: /home/certezas/robotis_ws/install/op3_online_walking_module_msgs/local/lib/python3.10/dist-packages/op3_online_walking_module_msgs/srv/_get_joint_pose.py
[1.668s] -- Up-to-date: /home/certezas/robotis_ws/install/op3_online_walking_module_msgs/local/lib/python3.10/dist-packages/op3_online_walking_module_msgs/libop3_online_walking_module_msgs__rosidl_generator_py.so
[1.668s] -- Up-to-date: /home/certezas/robotis_ws/install/op3_online_walking_module_msgs/local/lib/python3.10/dist-packages/op3_online_walking_module_msgs/_op3_online_walking_module_msgs_s.ep.rosidl_typesupport_introspection_c.c
[1.668s] -- Up-to-date: /home/certezas/robotis_ws/install/op3_online_walking_module_msgs/local/lib/python3.10/dist-packages/op3_online_walking_module_msgs/_op3_online_walking_module_msgs_s.ep.rosidl_typesupport_c.c
[1.668s] -- Up-to-date: /home/certezas/robotis_ws/install/op3_online_walking_module_msgs/local/lib/python3.10/dist-packages/op3_online_walking_module_msgs/op3_online_walking_module_msgs_s__rosidl_typesupport_introspection_c.cpython-310-x86_64-linux-gnu.so
[1.668s] -- Up-to-date: /home/certezas/robotis_ws/install/op3_online_walking_module_msgs/local/lib/python3.10/dist-packages/op3_online_walking_module_msgs/op3_online_walking_module_msgs_s__rosidl_typesupport_c.cpython-310-x86_64-linux-gnu.so
[1.668s] -- Up-to-date: /home/certezas/robotis_ws/install/op3_online_walking_module_msgs/local/lib/python3.10/dist-packages/op3_online_walking_module_msgs/op3_online_walking_module_msgs_s__rosidl_typesupport_fastrtps_c.cpython-310-x86_64-linux-gnu.so
[1.669s] -- Up-to-date: /home/certezas/robotis_ws/install/op3_online_walking_module_msgs/local/lib/python3.10/dist-packages/op3_online_walking_module_msgs/msg
[1.669s] -- Up-to-date: /home/certezas/robotis_ws/install/op3_online_walking_module_msgs/local/lib/python3.10/dist-packages/op3_online_walking_module_msgs/msg/_preview_response.py
[1.669s] -- Up-to-date: /home/certezas/robotis_ws/install/op3_online_walking_module_msgs/local/lib/python3.10/dist-packages/op3_online_walking_module_msgs/msg/_preview_response_s.c
[1.669s] -- Up-to-date: /home/certezas/robotis_ws/install/op3_online_walking_module_msgs/local/lib/python3.10/dist-packages/op3_online_walking_module_msgs/msg/_step2_d_array.py
[1.670s] -- Up-to-date: /home/certezas/robotis_ws/install/op3_online_walking_module_msgs/local/lib/python3.10/dist-packages/op3_online_walking_module_msgs/msg/_kinematics_pose.py
[1.671s] -- Up-to-date: /home/certezas/robotis_ws/install/op3_online_walking_module_msgs/local/lib/python3.10/dist-packages/op3_online_walking_module_msgs/msg/_preview_request_s.c
[1.671s] -- Up-to-date: /home/certezas/robotis_ws/install/op3_online_walking_module_msgs/local/lib/python3.10/dist-packages/op3_online_walking_module_msgs/msg/_joint_pose.py
[1.671s] -- Up-to-date: /home/certezas/robotis_ws/install/op3_online_walking_module_msgs/local/lib/python3.10/dist-packages/op3_online_walking_module_msgs/msg/_walking_param.py
[1.671s] -- Up-to-date: /home/certezas/robotis_ws/install/op3_online_walking_module_msgs/local/lib/python3.10/dist-packages/op3_online_walking_module_msgs/msg/_foot_step_array.py
[1.671s] -- Up-to-date: /home/certezas/robotis_ws/install/op3_online_walking_module_msgs/local/lib/python3.10/dist-packages/op3_online_walking_module_msgs/msg/__init__.py
[1.671s] -- Up-to-date: /home/certezas/robotis_ws/install/op3_online_walking_module_msgs/local/lib/python3.10/dist-packages/op3_online_walking_module_msgs/msg/_foot_step_array_s.c
[1.671s] -- Up-to-date: /home/certezas/robotis_ws/install/op3_online_walking_module_msgs/local/lib/python3.10/dist-packages/op3_online_walking_module_msgs/msg/_joint_pose_s.c
[1.671s] -- Up-to-date: /home/certezas/robotis_ws/install/op3_online_walking_module_msgs/local/lib/python3.10/dist-packages/op3_online_walking_module_msgs/msg/_step2_d_s.c
[1.671s] -- Up-to-date: /home/certezas/robotis_ws/install/op3_online_walking_module_msgs/local/lib/python3.10/dist-packages/op3_online_walking_module_msgs/msg/_walking_param_s.c
[1.671s] -- Up-to-date: /home/certezas/robotis_ws/install/op3_online_walking_module_msgs/local/lib/python3.10/dist-packages/op3_online_walking_module_msgs/msg/_foot_step_command_s.c
[1.671s] -- Up-to-date: /home/certezas/robotis_ws/install/op3_online_walking_module_msgs/local/lib/python3.10/dist-packages/op3_online_walking_module_msgs/msg/_preview_request.py
[1.671s] -- Up-to-date: /home/certezas/robotis_ws/install/op3_online_walking_module_msgs/local/lib/python3.10/dist-packages/op3_online_walking_module_msgs/msg/_step2_d_array_s.c
[1.671s] -- Up-to-date: /home/certezas/robotis_ws/install/op3_online_walking_module_msgs/local/lib/python3.10/dist-packages/op3_online_walking_module_msgs/msg/_kinematics_pose_s.c
[1.671s] -- Up-to-date: /home/certezas/robotis_ws/install/op3_online_walking_module_msgs/local/lib/python3.10/dist-packages/op3_online_walking_module_msgs/msg/_foot_step_command.py
[1.671s] -- Up-to-date: /home/certezas/robotis_ws/install/op3_online_walking_module_msgs/local/lib/python3.10/dist-packages/op3_online_walking_module_msgs/msg/_step2_d.py
[1.717s] Listing '/home/certezas/robotis_ws/install/op3_online_walking_module_msgs/local/lib/python3.10/dist-packages/op3_online_walking_module_msgs'...
[1.717s] Listing '/home/certezas/robotis_ws/install/op3_online_walking_module_msgs/local/lib/python3.10/dist-packages/op3_online_walking_module_msgs/msg'...
[1.717s] Listing '/home/certezas/robotis_ws/install/op3_online_walking_module_msgs/local/lib/python3.10/dist-packages/op3_online_walking_module_msgs/srv'...
[1.718s] -- Up-to-date: /home/certezas/robotis_ws/install/op3_online_walking_module_msgs/local/lib/python3.10/dist-packages/op3_online_walking_module_msgs/op3_online_walking_module_msgs_s__rosidl_typesupport_fastrtps_c.cpython-310-x86_64-linux-gnu.so
[1.718s] -- Up-to-date: /home/certezas/robotis_ws/install/op3_online_walking_module_msgs/local/lib/python3.10/dist-packages/op3_online_walking_module_msgs/op3_online_walking_module_msgs_s__rosidl_typesupport_introspection_c.cpython-310-x86_64-linux-gnu.so
[1.718s] -- Up-to-date: /home/certezas/robotis_ws/install/op3_online_walking_module_msgs/local/lib/python3.10/dist-packages/op3_online_walking_module_msgs/op3_online_walking_module_msgs_s__rosidl_typesupport_c.cpython-310-x86_64-linux-gnu.so
[1.719s] -- Up-to-date: /home/certezas/robotis_ws/install/op3_online_walking_module_msgs/lib/libop3_online_walking_module_msgs__rosidl_generator_py.so
[1.719s] -- Up-to-date: /home/certezas/robotis_ws/install/op3_online_walking_module_msgs/share/op3_online_walking_module_msgs/msg/JointPose.idl
[1.719s] -- Up-to-date: /home/certezas/robotis_ws/install/op3_online_walking_module_msgs/share/op3_online_walking_module_msgs/msg/KinematicsPose.idl
[1.719s] -- Up-to-date: /home/certezas/robotis_ws/install/op3_online_walking_module_msgs/share/op3_online_walking_module_msgs/msg/FootStepCommand.idl
[1.720s] -- Up-to-date: /home/certezas/robotis_ws/install/op3_online_walking_module_msgs/share/op3_online_walking_module_msgs/msg/FootStepArray.idl
[1.720s] -- Up-to-date: /home/certezas/robotis_ws/install/op3_online_walking_module_msgs/share/op3_online_walking_module_msgs/msg/PreviewRequest.idl
[1.720s] -- Up-to-date: /home/certezas/robotis_ws/install/op3_online_walking_module_msgs/share/op3_online_walking_module_msgs/msg/PreviewResponse.idl
[1.722s] -- Up-to-date: /home/certezas/robotis_ws/install/op3_online_walking_module_msgs/share/op3_online_walking_module_msgs/msg/WalkingParam.idl
[1.722s] -- Up-to-date: /home/certezas/robotis_ws/install/op3_online_walking_module_msgs/share/op3_online_walking_module_msgs/msg/Step2D.idl
[1.723s] -- Up-to-date: /home/certezas/robotis_ws/install/op3_online_walking_module_msgs/share/op3_online_walking_module_msgs/msg/Step2DArray.idl
[1.723s] -- Up-to-date: /home/certezas/robotis_ws/install/op3_online_walking_module_msgs/share/op3_online_walking_module_msgs/srv/GetJointPose.idl
[1.723s] -- Up-to-date: /home/certezas/robotis_ws/install/op3_online_walking_module_msgs/share/op3_online_walking_module_msgs/srv/GetKinematicsPose.idl
[1.723s] -- Up-to-date: /home/certezas/robotis_ws/install/op3_online_walking_module_msgs/share/op3_online_walking_module_msgs/srv/GetPreviewMatrix.idl
[1.723s] -- Up-to-date: /home/certezas/robotis_ws/install/op3_online_walking_module_msgs/share/op3_online_walking_module_msgs/msg/JointPose.msg
[1.723s] -- Up-to-date: /home/certezas/robotis_ws/install/op3_online_walking_module_msgs/share/op3_online_walking_module_msgs/msg/KinematicsPose.msg
[1.723s] -- Up-to-date: /home/certezas/robotis_ws/install/op3_online_walking_module_msgs/share/op3_online_walking_module_msgs/msg/FootStepCommand.msg
[1.724s] -- Up-to-date: /home/certezas/robotis_ws/install/op3_online_walking_module_msgs/share/op3_online_walking_module_msgs/msg/FootStepArray.msg
[1.724s] -- Up-to-date: /home/certezas/robotis_ws/install/op3_online_walking_module_msgs/share/op3_online_walking_module_msgs/msg/PreviewRequest.msg
[1.724s] -- Up-to-date: /home/certezas/robotis_ws/install/op3_online_walking_module_msgs/share/op3_online_walking_module_msgs/msg/PreviewResponse.msg
[1.724s] -- Up-to-date: /home/certezas/robotis_ws/install/op3_online_walking_module_msgs/share/op3_online_walking_module_msgs/msg/WalkingParam.msg
[1.724s] -- Up-to-date: /home/certezas/robotis_ws/install/op3_online_walking_module_msgs/share/op3_online_walking_module_msgs/msg/Step2D.msg
[1.724s] -- Up-to-date: /home/certezas/robotis_ws/install/op3_online_walking_module_msgs/share/op3_online_walking_module_msgs/msg/Step2DArray.msg
[1.724s] -- Up-to-date: /home/certezas/robotis_ws/install/op3_online_walking_module_msgs/share/op3_online_walking_module_msgs/srv/GetJointPose.srv
[1.724s] -- Up-to-date: /home/certezas/robotis_ws/install/op3_online_walking_module_msgs/share/op3_online_walking_module_msgs/srv/GetJointPose_Request.msg
[1.725s] -- Up-to-date: /home/certezas/robotis_ws/install/op3_online_walking_module_msgs/share/op3_online_walking_module_msgs/srv/GetJointPose_Response.msg
[1.725s] -- Up-to-date: /home/certezas/robotis_ws/install/op3_online_walking_module_msgs/share/op3_online_walking_module_msgs/srv/GetKinematicsPose.srv
[1.725s] -- Up-to-date: /home/certezas/robotis_ws/install/op3_online_walking_module_msgs/share/op3_online_walking_module_msgs/srv/GetKinematicsPose_Request.msg
[1.725s] -- Up-to-date: /home/certezas/robotis_ws/install/op3_online_walking_module_msgs/share/op3_online_walking_module_msgs/srv/GetKinematicsPose_Response.msg
[1.726s] -- Up-to-date: /home/certezas/robotis_ws/install/op3_online_walking_module_msgs/share/op3_online_walking_module_msgs/srv/GetPreviewMatrix.srv
[1.726s] -- Up-to-date: /home/certezas/robotis_ws/install/op3_online_walking_module_msgs/share/op3_online_walking_module_msgs/srv/GetPreviewMatrix_Request.msg
[1.726s] -- Up-to-date: /home/certezas/robotis_ws/install/op3_online_walking_module_msgs/share/op3_online_walking_module_msgs/srv/GetPreviewMatrix_Response.msg
[1.726s] -- Up-to-date: /home/certezas/robotis_ws/install/op3_online_walking_module_msgs/share/ament_index/resource_index/package_run_dependencies/op3_online_walking_module_msgs
[1.726s] -- Up-to-date: /home/certezas/robotis_ws/install/op3_online_walking_module_msgs/share/ament_index/resource_index/parent_prefix_path/op3_online_walking_module_msgs
[1.726s] -- Up-to-date: /home/certezas/robotis_ws/install/op3_online_walking_module_msgs/share/op3_online_walking_module_msgs/environment/ament_prefix_path.sh
[1.726s] -- Up-to-date: /home/certezas/robotis_ws/install/op3_online_walking_module_msgs/share/op3_online_walking_module_msgs/environment/ament_prefix_path.dsv
[1.727s] -- Up-to-date: /home/certezas/robotis_ws/install/op3_online_walking_module_msgs/share/op3_online_walking_module_msgs/environment/path.sh
[1.727s] -- Up-to-date: /home/certezas/robotis_ws/install/op3_online_walking_module_msgs/share/op3_online_walking_module_msgs/environment/path.dsv
[1.727s] -- Up-to-date: /home/certezas/robotis_ws/install/op3_online_walking_module_msgs/share/op3_online_walking_module_msgs/local_setup.bash
[1.727s] -- Up-to-date: /home/certezas/robotis_ws/install/op3_online_walking_module_msgs/share/op3_online_walking_module_msgs/local_setup.sh
[1.727s] -- Up-to-date: /home/certezas/robotis_ws/install/op3_online_walking_module_msgs/share/op3_online_walking_module_msgs/local_setup.zsh
[1.727s] -- Up-to-date: /home/certezas/robotis_ws/install/op3_online_walking_module_msgs/share/op3_online_walking_module_msgs/local_setup.dsv
[1.727s] -- Installing: /home/certezas/robotis_ws/install/op3_online_walking_module_msgs/share/op3_online_walking_module_msgs/package.dsv
[1.776s] -- Up-to-date: /home/certezas/robotis_ws/install/op3_online_walking_module_msgs/share/ament_index/resource_index/packages/op3_online_walking_module_msgs
[1.776s] -- Up-to-date: /home/certezas/robotis_ws/install/op3_online_walking_module_msgs/share/op3_online_walking_module_msgs/cmake/export_op3_online_walking_module_msgs__rosidl_generator_cExport.cmake
[1.776s] -- Up-to-date: /home/certezas/robotis_ws/install/op3_online_walking_module_msgs/share/op3_online_walking_module_msgs/cmake/export_op3_online_walking_module_msgs__rosidl_generator_cExport-noconfig.cmake
[1.776s] -- Up-to-date: /home/certezas/robotis_ws/install/op3_online_walking_module_msgs/share/op3_online_walking_module_msgs/cmake/export_op3_online_walking_module_msgs__rosidl_typesupport_fastrtps_cExport.cmake
[1.776s] -- Up-to-date: /home/certezas/robotis_ws/install/op3_online_walking_module_msgs/share/op3_online_walking_module_msgs/cmake/export_op3_online_walking_module_msgs__rosidl_typesupport_fastrtps_cExport-noconfig.cmake
[1.776s] -- Up-to-date: /home/certezas/robotis_ws/install/op3_online_walking_module_msgs/share/op3_online_walking_module_msgs/cmake/export_op3_online_walking_module_msgs__rosidl_generator_cppExport.cmake
[1.776s] -- Up-to-date: /home/certezas/robotis_ws/install/op3_online_walking_module_msgs/share/op3_online_walking_module_msgs/cmake/export_op3_online_walking_module_msgs__rosidl_typesupport_fastrtps_cppExport.cmake
[1.776s] -- Up-to-date: /home/certezas/robotis_ws/install/op3_online_walking_module_msgs/share/op3_online_walking_module_msgs/cmake/export_op3_online_walking_module_msgs__rosidl_typesupport_fastrtps_cppExport-noconfig.cmake
[1.776s] -- Up-to-date: /home/certezas/robotis_ws/install/op3_online_walking_module_msgs/share/op3_online_walking_module_msgs/cmake/op3_online_walking_module_msgs__rosidl_typesupport_introspection_cExport.cmake
[1.776s] -- Up-to-date: /home/certezas/robotis_ws/install/op3_online_walking_module_msgs/share/op3_online_walking_module_msgs/cmake/op3_online_walking_module_msgs__rosidl_typesupport_introspection_cExport-noconfig.cmake
[1.776s] -- Up-to-date: /home/certezas/robotis_ws/install/op3_online_walking_module_msgs/share/op3_online_walking_module_msgs/cmake/op3_online_walking_module_msgs__rosidl_typesupport_cExport.cmake
[1.777s] -- Up-to-date: /home/certezas/robotis_ws/install/op3_online_walking_module_msgs/share/op3_online_walking_module_msgs/cmake/op3_online_walking_module_msgs__rosidl_typesupport_cExport-noconfig.cmake
[1.777s] -- Up-to-date: /home/certezas/robotis_ws/install/op3_online_walking_module_msgs/share/op3_online_walking_module_msgs/cmake/op3_online_walking_module_msgs__rosidl_typesupport_introspection_cppExport.cmake
[1.777s] -- Up-to-date: /home/certezas/robotis_ws/install/op3_online_walking_module_msgs/share/op3_online_walking_module_msgs/cmake/op3_online_walking_module_msgs__rosidl_typesupport_introspection_cppExport-noconfig.cmake
[1.777s] -- Up-to-date: /home/certezas/robotis_ws/install/op3_online_walking_module_msgs/share/op3_online_walking_module_msgs/cmake/op3_online_walking_module_msgs__rosidl_typesupport_cppExport.cmake
[1.777s] -- Up-to-date: /home/certezas/robotis_ws/install/op3_online_walking_module_msgs/share/op3_online_walking_module_msgs/cmake/op3_online_walking_module_msgs__rosidl_typesupport_cppExport-noconfig.cmake
[1.777s] -- Up-to-date: /home/certezas/robotis_ws/install/op3_online_walking_module_msgs/share/op3_online_walking_module_msgs/cmake/export_op3_online_walking_module_msgs__rosidl_generator_pyExport.cmake
[1.777s] -- Up-to-date: /home/certezas/robotis_ws/install/op3_online_walking_module_msgs/share/op3_online_walking_module_msgs/cmake/export_op3_online_walking_module_msgs__rosidl_generator_pyExport-noconfig.cmake
[1.777s] -- Up-to-date: /home/certezas/robotis_ws/install/op3_online_walking_module_msgs/share/op3_online_walking_module_msgs/cmake/rosidl_cmake-extras.cmake
[1.777s] -- Up-to-date: /home/certezas/robotis_ws/install/op3_online_walking_module_msgs/share/op3_online_walking_module_msgs/cmake/ament_cmake_export_dependencies-extras.cmake
[1.777s] -- Up-to-date: /home/certezas/robotis_ws/install/op3_online_walking_module_msgs/share/op3_online_walking_module_msgs/cmake/ament_cmake_export_include_directories-extras.cmake
[1.777s] -- Up-to-date: /home/certezas/robotis_ws/install/op3_online_walking_module_msgs/share/op3_online_walking_module_msgs/cmake/ament_cmake_export_libraries-extras.cmake
[1.777s] -- Up-to-date: /home/certezas/robotis_ws/install/op3_online_walking_module_msgs/share/op3_online_walking_module_msgs/cmake/ament_cmake_export_targets-extras.cmake
[1.777s] -- Up-to-date: /home/certezas/robotis_ws/install/op3_online_walking_module_msgs/share/op3_online_walking_module_msgs/cmake/rosidl_cmake_export_typesupport_targets-extras.cmake
[1.777s] -- Up-to-date: /home/certezas/robotis_ws/install/op3_online_walking_module_msgs/share/op3_online_walking_module_msgs/cmake/rosidl_cmake_export_typesupport_libraries-extras.cmake
[1.777s] -- Up-to-date: /home/certezas/robotis_ws/install/op3_online_walking_module_msgs/share/op3_online_walking_module_msgs/cmake/op3_online_walking_module_msgsConfig.cmake
[1.777s] -- Up-to-date: /home/certezas/robotis_ws/install/op3_online_walking_module_msgs/share/op3_online_walking_module_msgs/cmake/op3_online_walking_module_msgsConfig-version.cmake
[1.777s] -- Up-to-date: /home/certezas/robotis_ws/install/op3_online_walking_module_msgs/share/op3_online_walking_module_msgs/package.xml
[1.935s] Invoked command in '/home/certezas/robotis_ws/build/op3_online_walking_module_msgs' returned '0': CMAKE_PREFIX_PATH=${CMAKE_PREFIX_PATH}:/opt/ros/humble /usr/bin/cmake --install /home/certezas/robotis_ws/build/op3_online_walking_module_msgs
