[0.183s] Invoking command in '/home/certezas/robotis_ws/build/op3_walking_module_msgs': CMAKE_PREFIX_PATH=${CMAKE_PREFIX_PATH}:/opt/ros/humble /usr/bin/cmake --build /home/certezas/robotis_ws/build/op3_walking_module_msgs -- -j12 -l12
[0.485s] [  2%] Built target op3_walking_module_msgs__cpp
[0.489s] [ 12%] Built target op3_walking_module_msgs__rosidl_generator_c
[0.546s] [ 23%] Built target op3_walking_module_msgs__rosidl_typesupport_cpp
[0.594s] [ 34%] Built target op3_walking_module_msgs__rosidl_typesupport_c
[0.607s] [ 44%] Built target op3_walking_module_msgs__rosidl_typesupport_introspection_c
[0.614s] [ 55%] Built target op3_walking_module_msgs__rosidl_typesupport_fastrtps_cpp
[0.621s] [ 65%] Built target op3_walking_module_msgs__rosidl_typesupport_fastrtps_c
[0.628s] [ 76%] Built target op3_walking_module_msgs__rosidl_typesupport_introspection_cpp
[0.639s] [ 76%] Built target ament_cmake_python_copy_op3_walking_module_msgs
[0.682s] [ 76%] Built target op3_walking_module_msgs
[0.765s] [ 78%] Built target op3_walking_module_msgs__py
[0.835s] [ 87%] Built target op3_walking_module_msgs__rosidl_generator_py
[0.914s] [ 91%] Built target op3_walking_module_msgs__rosidl_typesupport_introspection_c__pyext
[0.926s] [ 95%] Built target op3_walking_module_msgs__rosidl_typesupport_fastrtps_c__pyext
[0.936s] [100%] Built target op3_walking_module_msgs__rosidl_typesupport_c__pyext
[1.291s] running egg_info
[1.292s] writing op3_walking_module_msgs.egg-info/PKG-INFO
[1.292s] writing dependency_links to op3_walking_module_msgs.egg-info/dependency_links.txt
[1.292s] writing top-level names to op3_walking_module_msgs.egg-info/top_level.txt
[1.297s] reading manifest file 'op3_walking_module_msgs.egg-info/SOURCES.txt'
[1.298s] writing manifest file 'op3_walking_module_msgs.egg-info/SOURCES.txt'
[1.406s] [100%] Built target ament_cmake_python_build_op3_walking_module_msgs_egg
[1.461s] Invoked command in '/home/certezas/robotis_ws/build/op3_walking_module_msgs' returned '0': CMAKE_PREFIX_PATH=${CMAKE_PREFIX_PATH}:/opt/ros/humble /usr/bin/cmake --build /home/certezas/robotis_ws/build/op3_walking_module_msgs -- -j12 -l12
[1.461s] Invoking command in '/home/certezas/robotis_ws/build/op3_walking_module_msgs': CMAKE_PREFIX_PATH=${CMAKE_PREFIX_PATH}:/opt/ros/humble /usr/bin/cmake --install /home/certezas/robotis_ws/build/op3_walking_module_msgs
[1.546s] -- Install configuration: ""
[1.546s] -- Up-to-date: /home/certezas/robotis_ws/install/op3_walking_module_msgs/share/ament_index/resource_index/rosidl_interfaces/op3_walking_module_msgs
[1.546s] -- Up-to-date: /home/certezas/robotis_ws/install/op3_walking_module_msgs/include/op3_walking_module_msgs/op3_walking_module_msgs
[1.546s] -- Up-to-date: /home/certezas/robotis_ws/install/op3_walking_module_msgs/include/op3_walking_module_msgs/op3_walking_module_msgs/srv
[1.547s] -- Up-to-date: /home/certezas/robotis_ws/install/op3_walking_module_msgs/include/op3_walking_module_msgs/op3_walking_module_msgs/srv/get_walking_param.h
[1.547s] -- Up-to-date: /home/certezas/robotis_ws/install/op3_walking_module_msgs/include/op3_walking_module_msgs/op3_walking_module_msgs/srv/set_walking_param.h
[1.547s] -- Up-to-date: /home/certezas/robotis_ws/install/op3_walking_module_msgs/include/op3_walking_module_msgs/op3_walking_module_msgs/srv/detail
[1.547s] -- Up-to-date: /home/certezas/robotis_ws/install/op3_walking_module_msgs/include/op3_walking_module_msgs/op3_walking_module_msgs/srv/detail/get_walking_param__type_support.h
[1.547s] -- Up-to-date: /home/certezas/robotis_ws/install/op3_walking_module_msgs/include/op3_walking_module_msgs/op3_walking_module_msgs/srv/detail/set_walking_param__type_support.h
[1.547s] -- Up-to-date: /home/certezas/robotis_ws/install/op3_walking_module_msgs/include/op3_walking_module_msgs/op3_walking_module_msgs/srv/detail/set_walking_param__functions.c
[1.547s] -- Up-to-date: /home/certezas/robotis_ws/install/op3_walking_module_msgs/include/op3_walking_module_msgs/op3_walking_module_msgs/srv/detail/set_walking_param__functions.h
[1.547s] -- Up-to-date: /home/certezas/robotis_ws/install/op3_walking_module_msgs/include/op3_walking_module_msgs/op3_walking_module_msgs/srv/detail/set_walking_param__struct.h
[1.547s] -- Up-to-date: /home/certezas/robotis_ws/install/op3_walking_module_msgs/include/op3_walking_module_msgs/op3_walking_module_msgs/srv/detail/get_walking_param__functions.c
[1.547s] -- Up-to-date: /home/certezas/robotis_ws/install/op3_walking_module_msgs/include/op3_walking_module_msgs/op3_walking_module_msgs/srv/detail/get_walking_param__struct.h
[1.547s] -- Up-to-date: /home/certezas/robotis_ws/install/op3_walking_module_msgs/include/op3_walking_module_msgs/op3_walking_module_msgs/srv/detail/get_walking_param__functions.h
[1.547s] -- Up-to-date: /home/certezas/robotis_ws/install/op3_walking_module_msgs/include/op3_walking_module_msgs/op3_walking_module_msgs/msg
[1.547s] -- Up-to-date: /home/certezas/robotis_ws/install/op3_walking_module_msgs/include/op3_walking_module_msgs/op3_walking_module_msgs/msg/rosidl_generator_c__visibility_control.h
[1.547s] -- Up-to-date: /home/certezas/robotis_ws/install/op3_walking_module_msgs/include/op3_walking_module_msgs/op3_walking_module_msgs/msg/walking_param.h
[1.547s] -- Up-to-date: /home/certezas/robotis_ws/install/op3_walking_module_msgs/include/op3_walking_module_msgs/op3_walking_module_msgs/msg/detail
[1.547s] -- Up-to-date: /home/certezas/robotis_ws/install/op3_walking_module_msgs/include/op3_walking_module_msgs/op3_walking_module_msgs/msg/detail/walking_param__struct.h
[1.547s] -- Up-to-date: /home/certezas/robotis_ws/install/op3_walking_module_msgs/include/op3_walking_module_msgs/op3_walking_module_msgs/msg/detail/walking_param__functions.h
[1.547s] -- Up-to-date: /home/certezas/robotis_ws/install/op3_walking_module_msgs/include/op3_walking_module_msgs/op3_walking_module_msgs/msg/detail/walking_param__functions.c
[1.547s] -- Up-to-date: /home/certezas/robotis_ws/install/op3_walking_module_msgs/include/op3_walking_module_msgs/op3_walking_module_msgs/msg/detail/walking_param__type_support.h
[1.547s] -- Up-to-date: /home/certezas/robotis_ws/install/op3_walking_module_msgs/share/op3_walking_module_msgs/environment/library_path.sh
[1.548s] -- Up-to-date: /home/certezas/robotis_ws/install/op3_walking_module_msgs/share/op3_walking_module_msgs/environment/library_path.dsv
[1.548s] -- Up-to-date: /home/certezas/robotis_ws/install/op3_walking_module_msgs/lib/libop3_walking_module_msgs__rosidl_generator_c.so
[1.548s] -- Up-to-date: /home/certezas/robotis_ws/install/op3_walking_module_msgs/include/op3_walking_module_msgs/op3_walking_module_msgs
[1.548s] -- Up-to-date: /home/certezas/robotis_ws/install/op3_walking_module_msgs/include/op3_walking_module_msgs/op3_walking_module_msgs/srv
[1.548s] -- Up-to-date: /home/certezas/robotis_ws/install/op3_walking_module_msgs/include/op3_walking_module_msgs/op3_walking_module_msgs/srv/detail
[1.548s] -- Up-to-date: /home/certezas/robotis_ws/install/op3_walking_module_msgs/include/op3_walking_module_msgs/op3_walking_module_msgs/srv/detail/get_walking_param__rosidl_typesupport_fastrtps_c.h
[1.548s] -- Up-to-date: /home/certezas/robotis_ws/install/op3_walking_module_msgs/include/op3_walking_module_msgs/op3_walking_module_msgs/srv/detail/set_walking_param__rosidl_typesupport_fastrtps_c.h
[1.548s] -- Up-to-date: /home/certezas/robotis_ws/install/op3_walking_module_msgs/include/op3_walking_module_msgs/op3_walking_module_msgs/msg
[1.548s] -- Up-to-date: /home/certezas/robotis_ws/install/op3_walking_module_msgs/include/op3_walking_module_msgs/op3_walking_module_msgs/msg/detail
[1.548s] -- Up-to-date: /home/certezas/robotis_ws/install/op3_walking_module_msgs/include/op3_walking_module_msgs/op3_walking_module_msgs/msg/detail/walking_param__rosidl_typesupport_fastrtps_c.h
[1.548s] -- Up-to-date: /home/certezas/robotis_ws/install/op3_walking_module_msgs/include/op3_walking_module_msgs/op3_walking_module_msgs/msg/rosidl_typesupport_fastrtps_c__visibility_control.h
[1.548s] -- Up-to-date: /home/certezas/robotis_ws/install/op3_walking_module_msgs/lib/libop3_walking_module_msgs__rosidl_typesupport_fastrtps_c.so
[1.548s] -- Up-to-date: /home/certezas/robotis_ws/install/op3_walking_module_msgs/include/op3_walking_module_msgs/op3_walking_module_msgs
[1.548s] -- Up-to-date: /home/certezas/robotis_ws/install/op3_walking_module_msgs/include/op3_walking_module_msgs/op3_walking_module_msgs/srv
[1.548s] -- Up-to-date: /home/certezas/robotis_ws/install/op3_walking_module_msgs/include/op3_walking_module_msgs/op3_walking_module_msgs/srv/detail
[1.548s] -- Up-to-date: /home/certezas/robotis_ws/install/op3_walking_module_msgs/include/op3_walking_module_msgs/op3_walking_module_msgs/srv/detail/get_walking_param__rosidl_typesupport_introspection_c.h
[1.548s] -- Up-to-date: /home/certezas/robotis_ws/install/op3_walking_module_msgs/include/op3_walking_module_msgs/op3_walking_module_msgs/srv/detail/set_walking_param__rosidl_typesupport_introspection_c.h
[1.548s] -- Up-to-date: /home/certezas/robotis_ws/install/op3_walking_module_msgs/include/op3_walking_module_msgs/op3_walking_module_msgs/srv/detail/get_walking_param__type_support.c
[1.548s] -- Up-to-date: /home/certezas/robotis_ws/install/op3_walking_module_msgs/include/op3_walking_module_msgs/op3_walking_module_msgs/srv/detail/set_walking_param__type_support.c
[1.549s] -- Up-to-date: /home/certezas/robotis_ws/install/op3_walking_module_msgs/include/op3_walking_module_msgs/op3_walking_module_msgs/msg
[1.549s] -- Up-to-date: /home/certezas/robotis_ws/install/op3_walking_module_msgs/include/op3_walking_module_msgs/op3_walking_module_msgs/msg/rosidl_typesupport_introspection_c__visibility_control.h
[1.549s] -- Up-to-date: /home/certezas/robotis_ws/install/op3_walking_module_msgs/include/op3_walking_module_msgs/op3_walking_module_msgs/msg/detail
[1.549s] -- Up-to-date: /home/certezas/robotis_ws/install/op3_walking_module_msgs/include/op3_walking_module_msgs/op3_walking_module_msgs/msg/detail/walking_param__type_support.c
[1.549s] -- Up-to-date: /home/certezas/robotis_ws/install/op3_walking_module_msgs/include/op3_walking_module_msgs/op3_walking_module_msgs/msg/detail/walking_param__rosidl_typesupport_introspection_c.h
[1.549s] -- Up-to-date: /home/certezas/robotis_ws/install/op3_walking_module_msgs/lib/libop3_walking_module_msgs__rosidl_typesupport_introspection_c.so
[1.549s] -- Up-to-date: /home/certezas/robotis_ws/install/op3_walking_module_msgs/lib/libop3_walking_module_msgs__rosidl_typesupport_c.so
[1.549s] -- Up-to-date: /home/certezas/robotis_ws/install/op3_walking_module_msgs/include/op3_walking_module_msgs/op3_walking_module_msgs
[1.549s] -- Up-to-date: /home/certezas/robotis_ws/install/op3_walking_module_msgs/include/op3_walking_module_msgs/op3_walking_module_msgs/srv
[1.549s] -- Up-to-date: /home/certezas/robotis_ws/install/op3_walking_module_msgs/include/op3_walking_module_msgs/op3_walking_module_msgs/srv/get_walking_param.hpp
[1.549s] -- Up-to-date: /home/certezas/robotis_ws/install/op3_walking_module_msgs/include/op3_walking_module_msgs/op3_walking_module_msgs/srv/set_walking_param.hpp
[1.549s] -- Up-to-date: /home/certezas/robotis_ws/install/op3_walking_module_msgs/include/op3_walking_module_msgs/op3_walking_module_msgs/srv/detail
[1.550s] -- Up-to-date: /home/certezas/robotis_ws/install/op3_walking_module_msgs/include/op3_walking_module_msgs/op3_walking_module_msgs/srv/detail/get_walking_param__struct.hpp
[1.550s] -- Up-to-date: /home/certezas/robotis_ws/install/op3_walking_module_msgs/include/op3_walking_module_msgs/op3_walking_module_msgs/srv/detail/set_walking_param__traits.hpp
[1.550s] -- Up-to-date: /home/certezas/robotis_ws/install/op3_walking_module_msgs/include/op3_walking_module_msgs/op3_walking_module_msgs/srv/detail/set_walking_param__type_support.hpp
[1.550s] -- Up-to-date: /home/certezas/robotis_ws/install/op3_walking_module_msgs/include/op3_walking_module_msgs/op3_walking_module_msgs/srv/detail/get_walking_param__builder.hpp
[1.550s] -- Up-to-date: /home/certezas/robotis_ws/install/op3_walking_module_msgs/include/op3_walking_module_msgs/op3_walking_module_msgs/srv/detail/get_walking_param__type_support.hpp
[1.550s] -- Up-to-date: /home/certezas/robotis_ws/install/op3_walking_module_msgs/include/op3_walking_module_msgs/op3_walking_module_msgs/srv/detail/set_walking_param__builder.hpp
[1.550s] -- Up-to-date: /home/certezas/robotis_ws/install/op3_walking_module_msgs/include/op3_walking_module_msgs/op3_walking_module_msgs/srv/detail/get_walking_param__traits.hpp
[1.550s] -- Up-to-date: /home/certezas/robotis_ws/install/op3_walking_module_msgs/include/op3_walking_module_msgs/op3_walking_module_msgs/srv/detail/set_walking_param__struct.hpp
[1.550s] -- Up-to-date: /home/certezas/robotis_ws/install/op3_walking_module_msgs/include/op3_walking_module_msgs/op3_walking_module_msgs/msg
[1.550s] -- Up-to-date: /home/certezas/robotis_ws/install/op3_walking_module_msgs/include/op3_walking_module_msgs/op3_walking_module_msgs/msg/walking_param.hpp
[1.550s] -- Up-to-date: /home/certezas/robotis_ws/install/op3_walking_module_msgs/include/op3_walking_module_msgs/op3_walking_module_msgs/msg/rosidl_generator_cpp__visibility_control.hpp
[1.550s] -- Up-to-date: /home/certezas/robotis_ws/install/op3_walking_module_msgs/include/op3_walking_module_msgs/op3_walking_module_msgs/msg/detail
[1.550s] -- Up-to-date: /home/certezas/robotis_ws/install/op3_walking_module_msgs/include/op3_walking_module_msgs/op3_walking_module_msgs/msg/detail/walking_param__struct.hpp
[1.550s] -- Up-to-date: /home/certezas/robotis_ws/install/op3_walking_module_msgs/include/op3_walking_module_msgs/op3_walking_module_msgs/msg/detail/walking_param__traits.hpp
[1.550s] -- Up-to-date: /home/certezas/robotis_ws/install/op3_walking_module_msgs/include/op3_walking_module_msgs/op3_walking_module_msgs/msg/detail/walking_param__builder.hpp
[1.550s] -- Up-to-date: /home/certezas/robotis_ws/install/op3_walking_module_msgs/include/op3_walking_module_msgs/op3_walking_module_msgs/msg/detail/walking_param__type_support.hpp
[1.550s] -- Up-to-date: /home/certezas/robotis_ws/install/op3_walking_module_msgs/include/op3_walking_module_msgs/op3_walking_module_msgs
[1.550s] -- Up-to-date: /home/certezas/robotis_ws/install/op3_walking_module_msgs/include/op3_walking_module_msgs/op3_walking_module_msgs/srv
[1.550s] -- Up-to-date: /home/certezas/robotis_ws/install/op3_walking_module_msgs/include/op3_walking_module_msgs/op3_walking_module_msgs/srv/detail
[1.550s] -- Up-to-date: /home/certezas/robotis_ws/install/op3_walking_module_msgs/include/op3_walking_module_msgs/op3_walking_module_msgs/srv/detail/dds_fastrtps
[1.551s] -- Up-to-date: /home/certezas/robotis_ws/install/op3_walking_module_msgs/include/op3_walking_module_msgs/op3_walking_module_msgs/srv/detail/set_walking_param__rosidl_typesupport_fastrtps_cpp.hpp
[1.551s] -- Up-to-date: /home/certezas/robotis_ws/install/op3_walking_module_msgs/include/op3_walking_module_msgs/op3_walking_module_msgs/srv/detail/get_walking_param__rosidl_typesupport_fastrtps_cpp.hpp
[1.551s] -- Up-to-date: /home/certezas/robotis_ws/install/op3_walking_module_msgs/include/op3_walking_module_msgs/op3_walking_module_msgs/msg
[1.551s] -- Up-to-date: /home/certezas/robotis_ws/install/op3_walking_module_msgs/include/op3_walking_module_msgs/op3_walking_module_msgs/msg/rosidl_typesupport_fastrtps_cpp__visibility_control.h
[1.551s] -- Up-to-date: /home/certezas/robotis_ws/install/op3_walking_module_msgs/include/op3_walking_module_msgs/op3_walking_module_msgs/msg/detail
[1.551s] -- Up-to-date: /home/certezas/robotis_ws/install/op3_walking_module_msgs/include/op3_walking_module_msgs/op3_walking_module_msgs/msg/detail/dds_fastrtps
[1.551s] -- Up-to-date: /home/certezas/robotis_ws/install/op3_walking_module_msgs/include/op3_walking_module_msgs/op3_walking_module_msgs/msg/detail/walking_param__rosidl_typesupport_fastrtps_cpp.hpp
[1.552s] -- Up-to-date: /home/certezas/robotis_ws/install/op3_walking_module_msgs/lib/libop3_walking_module_msgs__rosidl_typesupport_fastrtps_cpp.so
[1.552s] -- Up-to-date: /home/certezas/robotis_ws/install/op3_walking_module_msgs/include/op3_walking_module_msgs/op3_walking_module_msgs
[1.552s] -- Up-to-date: /home/certezas/robotis_ws/install/op3_walking_module_msgs/include/op3_walking_module_msgs/op3_walking_module_msgs/srv
[1.552s] -- Up-to-date: /home/certezas/robotis_ws/install/op3_walking_module_msgs/include/op3_walking_module_msgs/op3_walking_module_msgs/srv/detail
[1.553s] -- Up-to-date: /home/certezas/robotis_ws/install/op3_walking_module_msgs/include/op3_walking_module_msgs/op3_walking_module_msgs/srv/detail/set_walking_param__rosidl_typesupport_introspection_cpp.hpp
[1.553s] -- Up-to-date: /home/certezas/robotis_ws/install/op3_walking_module_msgs/include/op3_walking_module_msgs/op3_walking_module_msgs/srv/detail/get_walking_param__type_support.cpp
[1.553s] -- Up-to-date: /home/certezas/robotis_ws/install/op3_walking_module_msgs/include/op3_walking_module_msgs/op3_walking_module_msgs/srv/detail/get_walking_param__rosidl_typesupport_introspection_cpp.hpp
[1.553s] -- Up-to-date: /home/certezas/robotis_ws/install/op3_walking_module_msgs/include/op3_walking_module_msgs/op3_walking_module_msgs/srv/detail/set_walking_param__type_support.cpp
[1.553s] -- Up-to-date: /home/certezas/robotis_ws/install/op3_walking_module_msgs/include/op3_walking_module_msgs/op3_walking_module_msgs/msg
[1.553s] -- Up-to-date: /home/certezas/robotis_ws/install/op3_walking_module_msgs/include/op3_walking_module_msgs/op3_walking_module_msgs/msg/detail
[1.553s] -- Up-to-date: /home/certezas/robotis_ws/install/op3_walking_module_msgs/include/op3_walking_module_msgs/op3_walking_module_msgs/msg/detail/walking_param__rosidl_typesupport_introspection_cpp.hpp
[1.553s] -- Up-to-date: /home/certezas/robotis_ws/install/op3_walking_module_msgs/include/op3_walking_module_msgs/op3_walking_module_msgs/msg/detail/walking_param__type_support.cpp
[1.570s] -- Up-to-date: /home/certezas/robotis_ws/install/op3_walking_module_msgs/lib/libop3_walking_module_msgs__rosidl_typesupport_introspection_cpp.so
[1.677s] -- Up-to-date: /home/certezas/robotis_ws/install/op3_walking_module_msgs/lib/libop3_walking_module_msgs__rosidl_typesupport_cpp.so
[1.678s] -- Up-to-date: /home/certezas/robotis_ws/install/op3_walking_module_msgs/share/op3_walking_module_msgs/environment/pythonpath.sh
[1.678s] -- Up-to-date: /home/certezas/robotis_ws/install/op3_walking_module_msgs/share/op3_walking_module_msgs/environment/pythonpath.dsv
[1.678s] -- Up-to-date: /home/certezas/robotis_ws/install/op3_walking_module_msgs/local/lib/python3.10/dist-packages/op3_walking_module_msgs-0.1.1-py3.10.egg-info
[1.678s] -- Installing: /home/certezas/robotis_ws/install/op3_walking_module_msgs/local/lib/python3.10/dist-packages/op3_walking_module_msgs-0.1.1-py3.10.egg-info/PKG-INFO
[1.679s] -- Installing: /home/certezas/robotis_ws/install/op3_walking_module_msgs/local/lib/python3.10/dist-packages/op3_walking_module_msgs-0.1.1-py3.10.egg-info/dependency_links.txt
[1.679s] -- Installing: /home/certezas/robotis_ws/install/op3_walking_module_msgs/local/lib/python3.10/dist-packages/op3_walking_module_msgs-0.1.1-py3.10.egg-info/top_level.txt
[1.679s] -- Installing: /home/certezas/robotis_ws/install/op3_walking_module_msgs/local/lib/python3.10/dist-packages/op3_walking_module_msgs-0.1.1-py3.10.egg-info/SOURCES.txt
[1.679s] -- Up-to-date: /home/certezas/robotis_ws/install/op3_walking_module_msgs/local/lib/python3.10/dist-packages/op3_walking_module_msgs
[1.679s] -- Up-to-date: /home/certezas/robotis_ws/install/op3_walking_module_msgs/local/lib/python3.10/dist-packages/op3_walking_module_msgs/_op3_walking_module_msgs_s.ep.rosidl_typesupport_fastrtps_c.c
[1.679s] -- Up-to-date: /home/certezas/robotis_ws/install/op3_walking_module_msgs/local/lib/python3.10/dist-packages/op3_walking_module_msgs/op3_walking_module_msgs_s__rosidl_typesupport_introspection_c.cpython-310-x86_64-linux-gnu.so
[1.679s] -- Up-to-date: /home/certezas/robotis_ws/install/op3_walking_module_msgs/local/lib/python3.10/dist-packages/op3_walking_module_msgs/op3_walking_module_msgs_s__rosidl_typesupport_c.cpython-310-x86_64-linux-gnu.so
[1.679s] -- Up-to-date: /home/certezas/robotis_ws/install/op3_walking_module_msgs/local/lib/python3.10/dist-packages/op3_walking_module_msgs/_op3_walking_module_msgs_s.ep.rosidl_typesupport_c.c
[1.679s] -- Up-to-date: /home/certezas/robotis_ws/install/op3_walking_module_msgs/local/lib/python3.10/dist-packages/op3_walking_module_msgs/__init__.py
[1.679s] -- Up-to-date: /home/certezas/robotis_ws/install/op3_walking_module_msgs/local/lib/python3.10/dist-packages/op3_walking_module_msgs/libop3_walking_module_msgs__rosidl_generator_py.so
[1.679s] -- Up-to-date: /home/certezas/robotis_ws/install/op3_walking_module_msgs/local/lib/python3.10/dist-packages/op3_walking_module_msgs/srv
[1.680s] -- Up-to-date: /home/certezas/robotis_ws/install/op3_walking_module_msgs/local/lib/python3.10/dist-packages/op3_walking_module_msgs/srv/_set_walking_param_s.c
[1.680s] -- Up-to-date: /home/certezas/robotis_ws/install/op3_walking_module_msgs/local/lib/python3.10/dist-packages/op3_walking_module_msgs/srv/_get_walking_param_s.c
[1.680s] -- Up-to-date: /home/certezas/robotis_ws/install/op3_walking_module_msgs/local/lib/python3.10/dist-packages/op3_walking_module_msgs/srv/__init__.py
[1.680s] -- Up-to-date: /home/certezas/robotis_ws/install/op3_walking_module_msgs/local/lib/python3.10/dist-packages/op3_walking_module_msgs/srv/_set_walking_param.py
[1.680s] -- Up-to-date: /home/certezas/robotis_ws/install/op3_walking_module_msgs/local/lib/python3.10/dist-packages/op3_walking_module_msgs/srv/_get_walking_param.py
[1.680s] -- Up-to-date: /home/certezas/robotis_ws/install/op3_walking_module_msgs/local/lib/python3.10/dist-packages/op3_walking_module_msgs/_op3_walking_module_msgs_s.ep.rosidl_typesupport_introspection_c.c
[1.680s] -- Up-to-date: /home/certezas/robotis_ws/install/op3_walking_module_msgs/local/lib/python3.10/dist-packages/op3_walking_module_msgs/op3_walking_module_msgs_s__rosidl_typesupport_fastrtps_c.cpython-310-x86_64-linux-gnu.so
[1.680s] -- Up-to-date: /home/certezas/robotis_ws/install/op3_walking_module_msgs/local/lib/python3.10/dist-packages/op3_walking_module_msgs/msg
[1.681s] -- Up-to-date: /home/certezas/robotis_ws/install/op3_walking_module_msgs/local/lib/python3.10/dist-packages/op3_walking_module_msgs/msg/_walking_param.py
[1.681s] -- Up-to-date: /home/certezas/robotis_ws/install/op3_walking_module_msgs/local/lib/python3.10/dist-packages/op3_walking_module_msgs/msg/__init__.py
[1.681s] -- Up-to-date: /home/certezas/robotis_ws/install/op3_walking_module_msgs/local/lib/python3.10/dist-packages/op3_walking_module_msgs/msg/_walking_param_s.c
[1.723s] Listing '/home/certezas/robotis_ws/install/op3_walking_module_msgs/local/lib/python3.10/dist-packages/op3_walking_module_msgs'...
[1.723s] Listing '/home/certezas/robotis_ws/install/op3_walking_module_msgs/local/lib/python3.10/dist-packages/op3_walking_module_msgs/msg'...
[1.723s] Listing '/home/certezas/robotis_ws/install/op3_walking_module_msgs/local/lib/python3.10/dist-packages/op3_walking_module_msgs/srv'...
[1.729s] -- Up-to-date: /home/certezas/robotis_ws/install/op3_walking_module_msgs/local/lib/python3.10/dist-packages/op3_walking_module_msgs/op3_walking_module_msgs_s__rosidl_typesupport_fastrtps_c.cpython-310-x86_64-linux-gnu.so
[1.729s] -- Up-to-date: /home/certezas/robotis_ws/install/op3_walking_module_msgs/local/lib/python3.10/dist-packages/op3_walking_module_msgs/op3_walking_module_msgs_s__rosidl_typesupport_introspection_c.cpython-310-x86_64-linux-gnu.so
[1.729s] -- Up-to-date: /home/certezas/robotis_ws/install/op3_walking_module_msgs/local/lib/python3.10/dist-packages/op3_walking_module_msgs/op3_walking_module_msgs_s__rosidl_typesupport_c.cpython-310-x86_64-linux-gnu.so
[1.729s] -- Up-to-date: /home/certezas/robotis_ws/install/op3_walking_module_msgs/lib/libop3_walking_module_msgs__rosidl_generator_py.so
[1.729s] -- Up-to-date: /home/certezas/robotis_ws/install/op3_walking_module_msgs/share/op3_walking_module_msgs/msg/WalkingParam.idl
[1.730s] -- Up-to-date: /home/certezas/robotis_ws/install/op3_walking_module_msgs/share/op3_walking_module_msgs/srv/GetWalkingParam.idl
[1.730s] -- Up-to-date: /home/certezas/robotis_ws/install/op3_walking_module_msgs/share/op3_walking_module_msgs/srv/SetWalkingParam.idl
[1.730s] -- Up-to-date: /home/certezas/robotis_ws/install/op3_walking_module_msgs/share/op3_walking_module_msgs/msg/WalkingParam.msg
[1.730s] -- Up-to-date: /home/certezas/robotis_ws/install/op3_walking_module_msgs/share/op3_walking_module_msgs/srv/GetWalkingParam.srv
[1.730s] -- Up-to-date: /home/certezas/robotis_ws/install/op3_walking_module_msgs/share/op3_walking_module_msgs/srv/GetWalkingParam_Request.msg
[1.730s] -- Up-to-date: /home/certezas/robotis_ws/install/op3_walking_module_msgs/share/op3_walking_module_msgs/srv/GetWalkingParam_Response.msg
[1.730s] -- Up-to-date: /home/certezas/robotis_ws/install/op3_walking_module_msgs/share/op3_walking_module_msgs/srv/SetWalkingParam.srv
[1.730s] -- Up-to-date: /home/certezas/robotis_ws/install/op3_walking_module_msgs/share/op3_walking_module_msgs/srv/SetWalkingParam_Request.msg
[1.730s] -- Up-to-date: /home/certezas/robotis_ws/install/op3_walking_module_msgs/share/op3_walking_module_msgs/srv/SetWalkingParam_Response.msg
[1.730s] -- Up-to-date: /home/certezas/robotis_ws/install/op3_walking_module_msgs/share/ament_index/resource_index/package_run_dependencies/op3_walking_module_msgs
[1.730s] -- Up-to-date: /home/certezas/robotis_ws/install/op3_walking_module_msgs/share/ament_index/resource_index/parent_prefix_path/op3_walking_module_msgs
[1.730s] -- Up-to-date: /home/certezas/robotis_ws/install/op3_walking_module_msgs/share/op3_walking_module_msgs/environment/ament_prefix_path.sh
[1.730s] -- Up-to-date: /home/certezas/robotis_ws/install/op3_walking_module_msgs/share/op3_walking_module_msgs/environment/ament_prefix_path.dsv
[1.730s] -- Up-to-date: /home/certezas/robotis_ws/install/op3_walking_module_msgs/share/op3_walking_module_msgs/environment/path.sh
[1.730s] -- Up-to-date: /home/certezas/robotis_ws/install/op3_walking_module_msgs/share/op3_walking_module_msgs/environment/path.dsv
[1.730s] -- Up-to-date: /home/certezas/robotis_ws/install/op3_walking_module_msgs/share/op3_walking_module_msgs/local_setup.bash
[1.730s] -- Up-to-date: /home/certezas/robotis_ws/install/op3_walking_module_msgs/share/op3_walking_module_msgs/local_setup.sh
[1.731s] -- Up-to-date: /home/certezas/robotis_ws/install/op3_walking_module_msgs/share/op3_walking_module_msgs/local_setup.zsh
[1.731s] -- Up-to-date: /home/certezas/robotis_ws/install/op3_walking_module_msgs/share/op3_walking_module_msgs/local_setup.dsv
[1.731s] -- Installing: /home/certezas/robotis_ws/install/op3_walking_module_msgs/share/op3_walking_module_msgs/package.dsv
[1.731s] -- Up-to-date: /home/certezas/robotis_ws/install/op3_walking_module_msgs/share/ament_index/resource_index/packages/op3_walking_module_msgs
[1.731s] -- Up-to-date: /home/certezas/robotis_ws/install/op3_walking_module_msgs/share/op3_walking_module_msgs/cmake/export_op3_walking_module_msgs__rosidl_generator_cExport.cmake
[1.731s] -- Up-to-date: /home/certezas/robotis_ws/install/op3_walking_module_msgs/share/op3_walking_module_msgs/cmake/export_op3_walking_module_msgs__rosidl_generator_cExport-noconfig.cmake
[1.731s] -- Up-to-date: /home/certezas/robotis_ws/install/op3_walking_module_msgs/share/op3_walking_module_msgs/cmake/export_op3_walking_module_msgs__rosidl_typesupport_fastrtps_cExport.cmake
[1.731s] -- Up-to-date: /home/certezas/robotis_ws/install/op3_walking_module_msgs/share/op3_walking_module_msgs/cmake/export_op3_walking_module_msgs__rosidl_typesupport_fastrtps_cExport-noconfig.cmake
[1.731s] -- Up-to-date: /home/certezas/robotis_ws/install/op3_walking_module_msgs/share/op3_walking_module_msgs/cmake/op3_walking_module_msgs__rosidl_typesupport_introspection_cExport.cmake
[1.731s] -- Up-to-date: /home/certezas/robotis_ws/install/op3_walking_module_msgs/share/op3_walking_module_msgs/cmake/op3_walking_module_msgs__rosidl_typesupport_introspection_cExport-noconfig.cmake
[1.731s] -- Up-to-date: /home/certezas/robotis_ws/install/op3_walking_module_msgs/share/op3_walking_module_msgs/cmake/op3_walking_module_msgs__rosidl_typesupport_cExport.cmake
[1.731s] -- Up-to-date: /home/certezas/robotis_ws/install/op3_walking_module_msgs/share/op3_walking_module_msgs/cmake/op3_walking_module_msgs__rosidl_typesupport_cExport-noconfig.cmake
[1.731s] -- Up-to-date: /home/certezas/robotis_ws/install/op3_walking_module_msgs/share/op3_walking_module_msgs/cmake/export_op3_walking_module_msgs__rosidl_generator_cppExport.cmake
[1.731s] -- Up-to-date: /home/certezas/robotis_ws/install/op3_walking_module_msgs/share/op3_walking_module_msgs/cmake/export_op3_walking_module_msgs__rosidl_typesupport_fastrtps_cppExport.cmake
[1.731s] -- Up-to-date: /home/certezas/robotis_ws/install/op3_walking_module_msgs/share/op3_walking_module_msgs/cmake/export_op3_walking_module_msgs__rosidl_typesupport_fastrtps_cppExport-noconfig.cmake
[1.731s] -- Up-to-date: /home/certezas/robotis_ws/install/op3_walking_module_msgs/share/op3_walking_module_msgs/cmake/op3_walking_module_msgs__rosidl_typesupport_introspection_cppExport.cmake
[1.732s] -- Up-to-date: /home/certezas/robotis_ws/install/op3_walking_module_msgs/share/op3_walking_module_msgs/cmake/op3_walking_module_msgs__rosidl_typesupport_introspection_cppExport-noconfig.cmake
[1.732s] -- Up-to-date: /home/certezas/robotis_ws/install/op3_walking_module_msgs/share/op3_walking_module_msgs/cmake/op3_walking_module_msgs__rosidl_typesupport_cppExport.cmake
[1.732s] -- Up-to-date: /home/certezas/robotis_ws/install/op3_walking_module_msgs/share/op3_walking_module_msgs/cmake/op3_walking_module_msgs__rosidl_typesupport_cppExport-noconfig.cmake
[1.732s] -- Up-to-date: /home/certezas/robotis_ws/install/op3_walking_module_msgs/share/op3_walking_module_msgs/cmake/export_op3_walking_module_msgs__rosidl_generator_pyExport.cmake
[1.732s] -- Up-to-date: /home/certezas/robotis_ws/install/op3_walking_module_msgs/share/op3_walking_module_msgs/cmake/export_op3_walking_module_msgs__rosidl_generator_pyExport-noconfig.cmake
[1.732s] -- Up-to-date: /home/certezas/robotis_ws/install/op3_walking_module_msgs/share/op3_walking_module_msgs/cmake/rosidl_cmake-extras.cmake
[1.732s] -- Up-to-date: /home/certezas/robotis_ws/install/op3_walking_module_msgs/share/op3_walking_module_msgs/cmake/ament_cmake_export_dependencies-extras.cmake
[1.732s] -- Up-to-date: /home/certezas/robotis_ws/install/op3_walking_module_msgs/share/op3_walking_module_msgs/cmake/ament_cmake_export_include_directories-extras.cmake
[1.732s] -- Up-to-date: /home/certezas/robotis_ws/install/op3_walking_module_msgs/share/op3_walking_module_msgs/cmake/ament_cmake_export_libraries-extras.cmake
[1.732s] -- Up-to-date: /home/certezas/robotis_ws/install/op3_walking_module_msgs/share/op3_walking_module_msgs/cmake/ament_cmake_export_targets-extras.cmake
[1.732s] -- Up-to-date: /home/certezas/robotis_ws/install/op3_walking_module_msgs/share/op3_walking_module_msgs/cmake/rosidl_cmake_export_typesupport_targets-extras.cmake
[1.732s] -- Up-to-date: /home/certezas/robotis_ws/install/op3_walking_module_msgs/share/op3_walking_module_msgs/cmake/rosidl_cmake_export_typesupport_libraries-extras.cmake
[1.732s] -- Up-to-date: /home/certezas/robotis_ws/install/op3_walking_module_msgs/share/op3_walking_module_msgs/cmake/op3_walking_module_msgsConfig.cmake
[1.732s] -- Up-to-date: /home/certezas/robotis_ws/install/op3_walking_module_msgs/share/op3_walking_module_msgs/cmake/op3_walking_module_msgsConfig-version.cmake
[1.732s] -- Up-to-date: /home/certezas/robotis_ws/install/op3_walking_module_msgs/share/op3_walking_module_msgs/package.xml
[1.905s] Invoked command in '/home/certezas/robotis_ws/build/op3_walking_module_msgs' returned '0': CMAKE_PREFIX_PATH=${CMAKE_PREFIX_PATH}:/opt/ros/humble /usr/bin/cmake --install /home/certezas/robotis_ws/build/op3_walking_module_msgs
