[0.055s] Invoking command in '/home/certezas/robotis_ws/build/ros_mpg321_player': CMAKE_PREFIX_PATH=${CMAKE_PREFIX_PATH}:/home/certezas/robotis_ws/install/op3_head_control_module:/opt/ros/humble /usr/bin/cmake /home/certezas/robotis_ws/src/ROBOTIS-Utility/ros_mpg321_player -DCMAKE_INSTALL_PREFIX=/home/certezas/robotis_ws/install/ros_mpg321_player
[1.768s] -- The C compiler identification is GNU 11.4.0
[1.768s] -- The CXX compiler identification is GNU 11.4.0
[1.768s] -- Detecting C compiler ABI info
[1.768s] -- Detecting C compiler ABI info - done
[1.768s] -- Check for working C compiler: /usr/bin/cc - skipped
[1.768s] -- Detecting C compile features
[1.768s] -- Detecting C compile features - done
[1.768s] -- Detecting CXX compiler ABI info
[1.768s] -- Detecting CXX compiler ABI info - done
[1.769s] -- Check for working CXX compiler: /usr/bin/c++ - skipped
[1.769s] -- Detecting CXX compile features
[1.769s] -- Detecting CXX compile features - done
[1.769s] -- Found ament_cmake: 1.3.11 (/opt/ros/humble/share/ament_cmake/cmake)
[1.769s] -- Found Python3: /usr/bin/python3 (found version "3.10.12") found components: Interpreter 
[1.769s] -- Found rclcpp: 16.0.12 (/opt/ros/humble/share/rclcpp/cmake)
[1.769s] -- Found rosidl_generator_c: 3.1.6 (/opt/ros/humble/share/rosidl_generator_c/cmake)
[1.769s] -- Found rosidl_adapter: 3.1.6 (/opt/ros/humble/share/rosidl_adapter/cmake)
[1.769s] -- Found rosidl_generator_cpp: 3.1.6 (/opt/ros/humble/share/rosidl_generator_cpp/cmake)
[1.769s] -- Using all available rosidl_typesupport_c: rosidl_typesupport_fastrtps_c;rosidl_typesupport_introspection_c
[1.769s] -- Using all available rosidl_typesupport_cpp: rosidl_typesupport_fastrtps_cpp;rosidl_typesupport_introspection_cpp
[1.770s] -- Found rmw_implementation_cmake: 6.1.2 (/opt/ros/humble/share/rmw_implementation_cmake/cmake)
[1.770s] -- Found rmw_fastrtps_cpp: 6.2.7 (/opt/ros/humble/share/rmw_fastrtps_cpp/cmake)
[1.770s] -- Found OpenSSL: /usr/lib/x86_64-linux-gnu/libcrypto.so (found version "3.0.2")  
[1.770s] -- Found FastRTPS: /opt/ros/humble/include  
[1.770s] -- Using RMW implementation 'rmw_fastrtps_cpp' as default
[1.770s] -- Looking for pthread.h
[1.770s] -- Looking for pthread.h - found
[1.770s] -- Performing Test CMAKE_HAVE_LIBC_PTHREAD
[1.770s] -- Performing Test CMAKE_HAVE_LIBC_PTHREAD - Success
[1.770s] -- Found Threads: TRUE  
[1.790s] -- Configuring done
[1.802s] -- Generating done
[1.806s] -- Build files have been written to: /home/certezas/robotis_ws/build/ros_mpg321_player
[1.824s] Invoked command in '/home/certezas/robotis_ws/build/ros_mpg321_player' returned '0': CMAKE_PREFIX_PATH=${CMAKE_PREFIX_PATH}:/home/certezas/robotis_ws/install/op3_head_control_module:/opt/ros/humble /usr/bin/cmake /home/certezas/robotis_ws/src/ROBOTIS-Utility/ros_mpg321_player -DCMAKE_INSTALL_PREFIX=/home/certezas/robotis_ws/install/ros_mpg321_player
[1.827s] Invoking command in '/home/certezas/robotis_ws/build/ros_mpg321_player': CMAKE_PREFIX_PATH=${CMAKE_PREFIX_PATH}:/home/certezas/robotis_ws/install/op3_head_control_module:/opt/ros/humble /usr/bin/cmake --build /home/certezas/robotis_ws/build/ros_mpg321_player -- -j12 -l12
[2.845s] [ 50%] [32mBuilding CXX object CMakeFiles/ros_mpg321_player.dir/src/ros_mpg321_player.cpp.o[0m
[12.696s] [100%] [32m[1mLinking CXX executable ros_mpg321_player[0m
[13.104s] [100%] Built target ros_mpg321_player
[13.121s] Invoked command in '/home/certezas/robotis_ws/build/ros_mpg321_player' returned '0': CMAKE_PREFIX_PATH=${CMAKE_PREFIX_PATH}:/home/certezas/robotis_ws/install/op3_head_control_module:/opt/ros/humble /usr/bin/cmake --build /home/certezas/robotis_ws/build/ros_mpg321_player -- -j12 -l12
[13.132s] Invoking command in '/home/certezas/robotis_ws/build/ros_mpg321_player': CMAKE_PREFIX_PATH=${CMAKE_PREFIX_PATH}:/home/certezas/robotis_ws/install/op3_head_control_module:/opt/ros/humble /usr/bin/cmake --install /home/certezas/robotis_ws/build/ros_mpg321_player
[14.476s] -- Install configuration: ""
[14.476s] -- Installing: /home/certezas/robotis_ws/install/ros_mpg321_player/lib/ros_mpg321_player/ros_mpg321_player
[14.476s] -- Set runtime path of "/home/certezas/robotis_ws/install/ros_mpg321_player/lib/ros_mpg321_player/ros_mpg321_player" to ""
[14.476s] -- Installing: /home/certezas/robotis_ws/install/ros_mpg321_player/include/ros_mpg321_player
[14.477s] -- Installing: /home/certezas/robotis_ws/install/ros_mpg321_player/include/ros_mpg321_player/ros_mpg321_player.h
[14.477s] -- Installing: /home/certezas/robotis_ws/install/ros_mpg321_player/share/ament_index/resource_index/package_run_dependencies/ros_mpg321_player
[14.477s] -- Installing: /home/certezas/robotis_ws/install/ros_mpg321_player/share/ament_index/resource_index/parent_prefix_path/ros_mpg321_player
[14.477s] -- Installing: /home/certezas/robotis_ws/install/ros_mpg321_player/share/ros_mpg321_player/environment/ament_prefix_path.sh
[14.477s] -- Installing: /home/certezas/robotis_ws/install/ros_mpg321_player/share/ros_mpg321_player/environment/ament_prefix_path.dsv
[14.478s] -- Installing: /home/certezas/robotis_ws/install/ros_mpg321_player/share/ros_mpg321_player/environment/path.sh
[14.478s] -- Installing: /home/certezas/robotis_ws/install/ros_mpg321_player/share/ros_mpg321_player/environment/path.dsv
[14.478s] -- Installing: /home/certezas/robotis_ws/install/ros_mpg321_player/share/ros_mpg321_player/local_setup.bash
[14.478s] -- Installing: /home/certezas/robotis_ws/install/ros_mpg321_player/share/ros_mpg321_player/local_setup.sh
[14.479s] -- Installing: /home/certezas/robotis_ws/install/ros_mpg321_player/share/ros_mpg321_player/local_setup.zsh
[14.479s] -- Installing: /home/certezas/robotis_ws/install/ros_mpg321_player/share/ros_mpg321_player/local_setup.dsv
[14.479s] -- Installing: /home/certezas/robotis_ws/install/ros_mpg321_player/share/ros_mpg321_player/package.dsv
[14.479s] -- Installing: /home/certezas/robotis_ws/install/ros_mpg321_player/share/ament_index/resource_index/packages/ros_mpg321_player
[14.479s] -- Installing: /home/certezas/robotis_ws/install/ros_mpg321_player/share/ros_mpg321_player/cmake/ros_mpg321_playerConfig.cmake
[14.480s] -- Installing: /home/certezas/robotis_ws/install/ros_mpg321_player/share/ros_mpg321_player/cmake/ros_mpg321_playerConfig-version.cmake
[14.480s] -- Installing: /home/certezas/robotis_ws/install/ros_mpg321_player/share/ros_mpg321_player/package.xml
[14.485s] Invoked command in '/home/certezas/robotis_ws/build/ros_mpg321_player' returned '0': CMAKE_PREFIX_PATH=${CMAKE_PREFIX_PATH}:/home/certezas/robotis_ws/install/op3_head_control_module:/opt/ros/humble /usr/bin/cmake --install /home/certezas/robotis_ws/build/ros_mpg321_player
