[100%] Built target op3_gui_demo
-- Install configuration: ""
-- Up-to-date: /home/certezas/robotis_ws/install/op3_gui_demo/lib/op3_gui_demo/op3_gui_demo
-- Up-to-date: /home/certezas/robotis_ws/install/op3_gui_demo/share/op3_gui_demo/resources
-- Up-to-date: /home/certezas/robotis_ws/install/op3_gui_demo/share/op3_gui_demo/resources/images.qrc
-- Up-to-date: /home/certezas/robotis_ws/install/op3_gui_demo/share/op3_gui_demo/resources/images
-- Up-to-date: /home/certezas/robotis_ws/install/op3_gui_demo/share/op3_gui_demo/resources/images/icon.png
-- Up-to-date: /home/certezas/robotis_ws/install/op3_gui_demo/share/op3_gui_demo/launch
-- Up-to-date: /home/certezas/robotis_ws/install/op3_gui_demo/share/op3_gui_demo/launch/op3_demo.launch.py
-- Up-to-date: /home/certezas/robotis_ws/install/op3_gui_demo/share/op3_gui_demo/config
-- Up-to-date: /home/certezas/robotis_ws/install/op3_gui_demo/share/op3_gui_demo/config/init_pose.yaml
-- Up-to-date: /home/certezas/robotis_ws/install/op3_gui_demo/share/op3_gui_demo/config/gui_motion.yaml
-- Up-to-date: /home/certezas/robotis_ws/install/op3_gui_demo/share/op3_gui_demo/config/zero_pose.yaml
-- Up-to-date: /home/certezas/robotis_ws/install/op3_gui_demo/share/op3_gui_demo/config/gui_config.yaml
-- Up-to-date: /home/certezas/robotis_ws/install/op3_gui_demo/share/ament_index/resource_index/package_run_dependencies/op3_gui_demo
-- Up-to-date: /home/certezas/robotis_ws/install/op3_gui_demo/share/ament_index/resource_index/parent_prefix_path/op3_gui_demo
-- Up-to-date: /home/certezas/robotis_ws/install/op3_gui_demo/share/op3_gui_demo/environment/ament_prefix_path.sh
-- Up-to-date: /home/certezas/robotis_ws/install/op3_gui_demo/share/op3_gui_demo/environment/ament_prefix_path.dsv
-- Up-to-date: /home/certezas/robotis_ws/install/op3_gui_demo/share/op3_gui_demo/environment/path.sh
-- Up-to-date: /home/certezas/robotis_ws/install/op3_gui_demo/share/op3_gui_demo/environment/path.dsv
-- Up-to-date: /home/certezas/robotis_ws/install/op3_gui_demo/share/op3_gui_demo/local_setup.bash
-- Up-to-date: /home/certezas/robotis_ws/install/op3_gui_demo/share/op3_gui_demo/local_setup.sh
-- Up-to-date: /home/certezas/robotis_ws/install/op3_gui_demo/share/op3_gui_demo/local_setup.zsh
-- Up-to-date: /home/certezas/robotis_ws/install/op3_gui_demo/share/op3_gui_demo/local_setup.dsv
-- Installing: /home/certezas/robotis_ws/install/op3_gui_demo/share/op3_gui_demo/package.dsv
-- Up-to-date: /home/certezas/robotis_ws/install/op3_gui_demo/share/ament_index/resource_index/packages/op3_gui_demo
-- Up-to-date: /home/certezas/robotis_ws/install/op3_gui_demo/share/op3_gui_demo/cmake/op3_gui_demoConfig.cmake
-- Up-to-date: /home/certezas/robotis_ws/install/op3_gui_demo/share/op3_gui_demo/cmake/op3_gui_demoConfig-version.cmake
-- Up-to-date: /home/certezas/robotis_ws/install/op3_gui_demo/share/op3_gui_demo/package.xml
