[35m[1mConsolidate compiler generated dependencies of target op3_camera_setting_tool[0m
[100%] Built target op3_camera_setting_tool
-- Install configuration: ""
-- Up-to-date: /home/certezas/robotis_ws/install/op3_camera_setting_tool/lib/op3_camera_setting_tool/op3_camera_setting_tool
-- Up-to-date: /home/certezas/robotis_ws/install/op3_camera_setting_tool/include/op3_camera_setting_tool
-- Up-to-date: /home/certezas/robotis_ws/install/op3_camera_setting_tool/include/op3_camera_setting_tool/op3_camera_setting_tool.h
-- Up-to-date: /home/certezas/robotis_ws/install/op3_camera_setting_tool/include/op3_camera_setting_tool/camera_params_config.h
-- Up-to-date: /home/certezas/robotis_ws/install/op3_camera_setting_tool/share/op3_camera_setting_tool/config
-- Up-to-date: /home/certezas/robotis_ws/install/op3_camera_setting_tool/share/op3_camera_setting_tool/config/camera_parameter_default.yaml
-- Up-to-date: /home/certezas/robotis_ws/install/op3_camera_setting_tool/share/op3_camera_setting_tool/config/camera_parameter.yaml
-- Up-to-date: /home/certezas/robotis_ws/install/op3_camera_setting_tool/share/op3_camera_setting_tool/launch
-- Up-to-date: /home/certezas/robotis_ws/install/op3_camera_setting_tool/share/op3_camera_setting_tool/launch/op3_camera_setting_tool.launch.xml
-- Up-to-date: /home/certezas/robotis_ws/install/op3_camera_setting_tool/share/ament_index/resource_index/package_run_dependencies/op3_camera_setting_tool
-- Up-to-date: /home/certezas/robotis_ws/install/op3_camera_setting_tool/share/ament_index/resource_index/parent_prefix_path/op3_camera_setting_tool
-- Up-to-date: /home/certezas/robotis_ws/install/op3_camera_setting_tool/share/op3_camera_setting_tool/environment/ament_prefix_path.sh
-- Up-to-date: /home/certezas/robotis_ws/install/op3_camera_setting_tool/share/op3_camera_setting_tool/environment/ament_prefix_path.dsv
-- Up-to-date: /home/certezas/robotis_ws/install/op3_camera_setting_tool/share/op3_camera_setting_tool/environment/path.sh
-- Up-to-date: /home/certezas/robotis_ws/install/op3_camera_setting_tool/share/op3_camera_setting_tool/environment/path.dsv
-- Up-to-date: /home/certezas/robotis_ws/install/op3_camera_setting_tool/share/op3_camera_setting_tool/local_setup.bash
-- Up-to-date: /home/certezas/robotis_ws/install/op3_camera_setting_tool/share/op3_camera_setting_tool/local_setup.sh
-- Up-to-date: /home/certezas/robotis_ws/install/op3_camera_setting_tool/share/op3_camera_setting_tool/local_setup.zsh
-- Up-to-date: /home/certezas/robotis_ws/install/op3_camera_setting_tool/share/op3_camera_setting_tool/local_setup.dsv
-- Installing: /home/certezas/robotis_ws/install/op3_camera_setting_tool/share/op3_camera_setting_tool/package.dsv
-- Up-to-date: /home/certezas/robotis_ws/install/op3_camera_setting_tool/share/ament_index/resource_index/packages/op3_camera_setting_tool
-- Up-to-date: /home/certezas/robotis_ws/install/op3_camera_setting_tool/share/op3_camera_setting_tool/cmake/op3_camera_setting_toolConfig.cmake
-- Up-to-date: /home/certezas/robotis_ws/install/op3_camera_setting_tool/share/op3_camera_setting_tool/cmake/op3_camera_setting_toolConfig-version.cmake
-- Up-to-date: /home/certezas/robotis_ws/install/op3_camera_setting_tool/share/op3_camera_setting_tool/package.xml
