-- The C compiler identification is GNU 11.4.0
-- The CXX compiler identification is GNU 11.4.0
-- Detecting C compiler ABI info
-- Detecting C compiler ABI info - done
-- Check for working C compiler: /usr/bin/cc - skipped
-- Detecting C compile features
-- Detecting C compile features - done
-- Detecting CXX compiler ABI info
-- Detecting CXX compiler ABI info - done
-- Check for working CXX compiler: /usr/bin/c++ - skipped
-- Detecting CXX compile features
-- Detecting CXX compile features - done
-- Found ament_cmake: 1.3.11 (/opt/ros/humble/share/ament_cmake/cmake)
-- Found Python3: /usr/bin/python3 (found version "3.10.12") found components: Interpreter 
-- Found ament_index_cpp: 1.4.0 (/opt/ros/humble/share/ament_index_cpp/cmake)
-- Found rclcpp: 16.0.12 (/opt/ros/humble/share/rclcpp/cmake)
-- Found rosidl_generator_c: 3.1.6 (/opt/ros/humble/share/rosidl_generator_c/cmake)
-- Found rosidl_adapter: 3.1.6 (/opt/ros/humble/share/rosidl_adapter/cmake)
-- Found rosidl_generator_cpp: 3.1.6 (/opt/ros/humble/share/rosidl_generator_cpp/cmake)
-- Using all available rosidl_typesupport_c: rosidl_typesupport_fastrtps_c;rosidl_typesupport_introspection_c
-- Using all available rosidl_typesupport_cpp: rosidl_typesupport_fastrtps_cpp;rosidl_typesupport_introspection_cpp
-- Found rmw_implementation_cmake: 6.1.2 (/opt/ros/humble/share/rmw_implementation_cmake/cmake)
-- Found rmw_fastrtps_cpp: 6.2.7 (/opt/ros/humble/share/rmw_fastrtps_cpp/cmake)
-- Found OpenSSL: /usr/lib/x86_64-linux-gnu/libcrypto.so (found version "3.0.2")  
-- Found FastRTPS: /opt/ros/humble/include  
-- Using RMW implementation 'rmw_fastrtps_cpp' as default
-- Looking for pthread.h
-- Looking for pthread.h - found
-- Performing Test CMAKE_HAVE_LIBC_PTHREAD
-- Performing Test CMAKE_HAVE_LIBC_PTHREAD - Success
-- Found Threads: TRUE  
-- Found sensor_msgs: 4.8.0 (/opt/ros/humble/share/sensor_msgs/cmake)
-- Found robotis_controller_msgs: 0.1.4 (/home/certezas/robotis_ws/install/robotis_controller_msgs/share/robotis_controller_msgs/cmake)
-- Found dynamixel_sdk: 3.8.3 (/home/certezas/robotis_ws/install/dynamixel_sdk/share/dynamixel_sdk/cmake)
-- Found robotis_device: 0.2.9 (/home/certezas/robotis_ws/install/robotis_device/share/robotis_device/cmake)
-- Found robotis_framework_common: 0.2.9 (/home/certezas/robotis_ws/install/robotis_framework_common/share/robotis_framework_common/cmake)
-- Found PkgConfig: /usr/bin/pkg-config (found version "0.29.2") 
-- Checking for module 'yaml-cpp'
--   Found yaml-cpp, version 0.7.0
-- Configuring done
-- Generating done
-- Build files have been written to: /home/certezas/robotis_ws/build/robotis_controller
[ 50%] [32mBuilding CXX object CMakeFiles/robotis_controller.dir/src/robotis_controller/robotis_controller.cpp.o[0m
[100%] [32m[1mLinking CXX shared library librobotis_controller.so[0m
[100%] Built target robotis_controller
-- Install configuration: ""
-- Installing: /home/certezas/robotis_ws/install/robotis_controller/lib/librobotis_controller.so
-- Set runtime path of "/home/certezas/robotis_ws/install/robotis_controller/lib/librobotis_controller.so" to ""
-- Installing: /home/certezas/robotis_ws/install/robotis_controller/include/robotis_controller
-- Installing: /home/certezas/robotis_ws/install/robotis_controller/include/robotis_controller/robotis_controller.h
-- Installing: /home/certezas/robotis_ws/install/robotis_controller/share/robotis_controller/environment/library_path.sh
-- Installing: /home/certezas/robotis_ws/install/robotis_controller/share/robotis_controller/environment/library_path.dsv
-- Installing: /home/certezas/robotis_ws/install/robotis_controller/share/ament_index/resource_index/package_run_dependencies/robotis_controller
-- Installing: /home/certezas/robotis_ws/install/robotis_controller/share/ament_index/resource_index/parent_prefix_path/robotis_controller
-- Installing: /home/certezas/robotis_ws/install/robotis_controller/share/robotis_controller/environment/ament_prefix_path.sh
-- Installing: /home/certezas/robotis_ws/install/robotis_controller/share/robotis_controller/environment/ament_prefix_path.dsv
-- Installing: /home/certezas/robotis_ws/install/robotis_controller/share/robotis_controller/environment/path.sh
-- Installing: /home/certezas/robotis_ws/install/robotis_controller/share/robotis_controller/environment/path.dsv
-- Installing: /home/certezas/robotis_ws/install/robotis_controller/share/robotis_controller/local_setup.bash
-- Installing: /home/certezas/robotis_ws/install/robotis_controller/share/robotis_controller/local_setup.sh
-- Installing: /home/certezas/robotis_ws/install/robotis_controller/share/robotis_controller/local_setup.zsh
-- Installing: /home/certezas/robotis_ws/install/robotis_controller/share/robotis_controller/local_setup.dsv
-- Installing: /home/certezas/robotis_ws/install/robotis_controller/share/robotis_controller/package.dsv
-- Installing: /home/certezas/robotis_ws/install/robotis_controller/share/ament_index/resource_index/packages/robotis_controller
-- Installing: /home/certezas/robotis_ws/install/robotis_controller/share/robotis_controller/cmake/ament_cmake_export_include_directories-extras.cmake
-- Installing: /home/certezas/robotis_ws/install/robotis_controller/share/robotis_controller/cmake/ament_cmake_export_libraries-extras.cmake
-- Installing: /home/certezas/robotis_ws/install/robotis_controller/share/robotis_controller/cmake/ament_cmake_export_dependencies-extras.cmake
-- Installing: /home/certezas/robotis_ws/install/robotis_controller/share/robotis_controller/cmake/robotis_controllerConfig.cmake
-- Installing: /home/certezas/robotis_ws/install/robotis_controller/share/robotis_controller/cmake/robotis_controllerConfig-version.cmake
-- Installing: /home/certezas/robotis_ws/install/robotis_controller/share/robotis_controller/package.xml
