[0.007s] Invoking command in '/home/certezas/robotis_ws/build/op3_gazebo_ros2': CMAKE_PREFIX_PATH=${CMAKE_PREFIX_PATH}:/home/certezas/robotis_ws/install/op3_head_control_module:/opt/ros/humble /usr/bin/cmake /home/certezas/robotis_ws/src/ROBOTIS-OP3-Simulations/op3_gazebo_ros2 -DCMAKE_INSTALL_PREFIX=/home/certezas/robotis_ws/install/op3_gazebo_ros2
[0.246s] -- The C compiler identification is GNU 11.4.0
[0.246s] -- The CXX compiler identification is GNU 11.4.0
[0.246s] -- Detecting C compiler ABI info
[0.251s] -- Detecting C compiler ABI info - done
[0.260s] -- Check for working C compiler: /usr/bin/cc - skipped
[0.260s] -- Detecting C compile features
[0.260s] -- Detecting C compile features - done
[0.264s] -- Detecting CXX compiler ABI info
[0.380s] -- Detecting CXX compiler ABI info - done
[0.391s] -- Check for working CXX compiler: /usr/bin/c++ - skipped
[0.391s] -- Detecting CXX compile features
[0.392s] -- Detecting CXX compile features - done
[0.396s] -- Found ament_cmake: 1.3.11 (/opt/ros/humble/share/ament_cmake/cmake)
[0.613s] -- Found Python3: /usr/bin/python3 (found version "3.10.12") found components: Interpreter 
[1.009s] -- Found ament_lint_auto: 0.12.12 (/opt/ros/humble/share/ament_lint_auto/cmake)
[1.093s] -- Configuring done
[1.096s] -- Generating done
[1.167s] -- Build files have been written to: /home/certezas/robotis_ws/build/op3_gazebo_ros2
[1.173s] Invoked command in '/home/certezas/robotis_ws/build/op3_gazebo_ros2' returned '0': CMAKE_PREFIX_PATH=${CMAKE_PREFIX_PATH}:/home/certezas/robotis_ws/install/op3_head_control_module:/opt/ros/humble /usr/bin/cmake /home/certezas/robotis_ws/src/ROBOTIS-OP3-Simulations/op3_gazebo_ros2 -DCMAKE_INSTALL_PREFIX=/home/certezas/robotis_ws/install/op3_gazebo_ros2
[1.175s] Invoking command in '/home/certezas/robotis_ws/build/op3_gazebo_ros2': CMAKE_PREFIX_PATH=${CMAKE_PREFIX_PATH}:/home/certezas/robotis_ws/install/op3_head_control_module:/opt/ros/humble /usr/bin/cmake --build /home/certezas/robotis_ws/build/op3_gazebo_ros2 -- -j12 -l12
[1.312s] Invoked command in '/home/certezas/robotis_ws/build/op3_gazebo_ros2' returned '0': CMAKE_PREFIX_PATH=${CMAKE_PREFIX_PATH}:/home/certezas/robotis_ws/install/op3_head_control_module:/opt/ros/humble /usr/bin/cmake --build /home/certezas/robotis_ws/build/op3_gazebo_ros2 -- -j12 -l12
[1.314s] Invoking command in '/home/certezas/robotis_ws/build/op3_gazebo_ros2': CMAKE_PREFIX_PATH=${CMAKE_PREFIX_PATH}:/home/certezas/robotis_ws/install/op3_head_control_module:/opt/ros/humble /usr/bin/cmake --install /home/certezas/robotis_ws/build/op3_gazebo_ros2
[1.621s] -- Install configuration: ""
[1.621s] -- Installing: /home/certezas/robotis_ws/install/op3_gazebo_ros2/share/op3_gazebo_ros2/config
[1.621s] -- Installing: /home/certezas/robotis_ws/install/op3_gazebo_ros2/share/op3_gazebo_ros2/config/bridge_parameters.yaml
[1.676s] -- Installing: /home/certezas/robotis_ws/install/op3_gazebo_ros2/share/op3_gazebo_ros2/config/robotis_op3_gazebo_config.yaml
[1.676s] -- Installing: /home/certezas/robotis_ws/install/op3_gazebo_ros2/share/op3_gazebo_ros2/launch
[1.676s] -- Installing: /home/certezas/robotis_ws/install/op3_gazebo_ros2/share/op3_gazebo_ros2/launch/robot_sim.launch.py
[1.676s] -- Installing: /home/certezas/robotis_ws/install/op3_gazebo_ros2/share/op3_gazebo_ros2/worlds
[1.693s] -- Installing: /home/certezas/robotis_ws/install/op3_gazebo_ros2/share/op3_gazebo_ros2/worlds/empty.sdf
[1.699s] -- Installing: /home/certezas/robotis_ws/install/op3_gazebo_ros2/share/ament_index/resource_index/package_run_dependencies/op3_gazebo_ros2
[1.699s] -- Installing: /home/certezas/robotis_ws/install/op3_gazebo_ros2/share/ament_index/resource_index/parent_prefix_path/op3_gazebo_ros2
[1.699s] -- Installing: /home/certezas/robotis_ws/install/op3_gazebo_ros2/share/op3_gazebo_ros2/environment/ament_prefix_path.sh
[1.699s] -- Installing: /home/certezas/robotis_ws/install/op3_gazebo_ros2/share/op3_gazebo_ros2/environment/ament_prefix_path.dsv
[1.699s] -- Installing: /home/certezas/robotis_ws/install/op3_gazebo_ros2/share/op3_gazebo_ros2/environment/path.sh
[1.699s] -- Installing: /home/certezas/robotis_ws/install/op3_gazebo_ros2/share/op3_gazebo_ros2/environment/path.dsv
[1.699s] -- Installing: /home/certezas/robotis_ws/install/op3_gazebo_ros2/share/op3_gazebo_ros2/local_setup.bash
[1.699s] -- Installing: /home/certezas/robotis_ws/install/op3_gazebo_ros2/share/op3_gazebo_ros2/local_setup.sh
[1.699s] -- Installing: /home/certezas/robotis_ws/install/op3_gazebo_ros2/share/op3_gazebo_ros2/local_setup.zsh
[1.700s] -- Installing: /home/certezas/robotis_ws/install/op3_gazebo_ros2/share/op3_gazebo_ros2/local_setup.dsv
[1.700s] -- Installing: /home/certezas/robotis_ws/install/op3_gazebo_ros2/share/op3_gazebo_ros2/package.dsv
[1.700s] -- Installing: /home/certezas/robotis_ws/install/op3_gazebo_ros2/share/ament_index/resource_index/packages/op3_gazebo_ros2
[1.700s] -- Installing: /home/certezas/robotis_ws/install/op3_gazebo_ros2/share/op3_gazebo_ros2/cmake/op3_gazebo_ros2Config.cmake
[1.700s] -- Installing: /home/certezas/robotis_ws/install/op3_gazebo_ros2/share/op3_gazebo_ros2/cmake/op3_gazebo_ros2Config-version.cmake
[1.700s] -- Installing: /home/certezas/robotis_ws/install/op3_gazebo_ros2/share/op3_gazebo_ros2/package.xml
[1.772s] Invoked command in '/home/certezas/robotis_ws/build/op3_gazebo_ros2' returned '0': CMAKE_PREFIX_PATH=${CMAKE_PREFIX_PATH}:/home/certezas/robotis_ws/install/op3_head_control_module:/opt/ros/humble /usr/bin/cmake --install /home/certezas/robotis_ws/build/op3_gazebo_ros2
