[0.050s] Invoking command in '/home/certezas/robotis_ws/build/op3_ball_detector_msgs': CMAKE_PREFIX_PATH=${CMAKE_PREFIX_PATH}:/opt/ros/humble /usr/bin/cmake --build /home/certezas/robotis_ws/build/op3_ball_detector_msgs -- -j12 -l12
[0.945s] [  1%] Built target op3_ball_detector_msgs__cpp
[0.945s] [ 12%] Built target op3_ball_detector_msgs__rosidl_generator_c
[0.945s] [ 12%] Built target ament_cmake_python_copy_op3_ball_detector_msgs
[0.945s] [ 23%] Built target op3_ball_detector_msgs__rosidl_typesupport_cpp
[0.945s] [ 34%] Built target op3_ball_detector_msgs__rosidl_typesupport_introspection_cpp
[0.945s] [ 45%] Built target op3_ball_detector_msgs__rosidl_typesupport_fastrtps_cpp
[0.945s] [ 56%] Built target op3_ball_detector_msgs__rosidl_typesupport_introspection_c
[0.945s] [ 67%] Built target op3_ball_detector_msgs__rosidl_typesupport_fastrtps_c
[0.945s] [ 78%] Built target op3_ball_detector_msgs__rosidl_typesupport_c
[0.945s] [ 78%] Built target op3_ball_detector_msgs
[0.946s] [ 80%] Built target op3_ball_detector_msgs__py
[0.946s] [ 89%] Built target op3_ball_detector_msgs__rosidl_generator_py
[0.946s] [ 92%] Built target op3_ball_detector_msgs__rosidl_typesupport_c__pyext
[0.946s] [ 96%] Built target op3_ball_detector_msgs__rosidl_typesupport_fastrtps_c__pyext
[0.946s] [100%] Built target op3_ball_detector_msgs__rosidl_typesupport_introspection_c__pyext
[1.021s] running egg_info
[1.021s] writing op3_ball_detector_msgs.egg-info/PKG-INFO
[1.021s] writing dependency_links to op3_ball_detector_msgs.egg-info/dependency_links.txt
[1.021s] writing top-level names to op3_ball_detector_msgs.egg-info/top_level.txt
[1.021s] reading manifest file 'op3_ball_detector_msgs.egg-info/SOURCES.txt'
[1.022s] writing manifest file 'op3_ball_detector_msgs.egg-info/SOURCES.txt'
[1.059s] [100%] Built target ament_cmake_python_build_op3_ball_detector_msgs_egg
[1.160s] Invoked command in '/home/certezas/robotis_ws/build/op3_ball_detector_msgs' returned '0': CMAKE_PREFIX_PATH=${CMAKE_PREFIX_PATH}:/opt/ros/humble /usr/bin/cmake --build /home/certezas/robotis_ws/build/op3_ball_detector_msgs -- -j12 -l12
[1.173s] Invoking command in '/home/certezas/robotis_ws/build/op3_ball_detector_msgs': CMAKE_PREFIX_PATH=${CMAKE_PREFIX_PATH}:/opt/ros/humble /usr/bin/cmake --install /home/certezas/robotis_ws/build/op3_ball_detector_msgs
[1.217s] -- Install configuration: ""
[1.218s] -- Up-to-date: /home/certezas/robotis_ws/install/op3_ball_detector_msgs/share/ament_index/resource_index/rosidl_interfaces/op3_ball_detector_msgs
[1.218s] -- Up-to-date: /home/certezas/robotis_ws/install/op3_ball_detector_msgs/include/op3_ball_detector_msgs/op3_ball_detector_msgs
[1.218s] -- Up-to-date: /home/certezas/robotis_ws/install/op3_ball_detector_msgs/include/op3_ball_detector_msgs/op3_ball_detector_msgs/srv
[1.218s] -- Up-to-date: /home/certezas/robotis_ws/install/op3_ball_detector_msgs/include/op3_ball_detector_msgs/op3_ball_detector_msgs/srv/get_parameters.h
[1.218s] -- Up-to-date: /home/certezas/robotis_ws/install/op3_ball_detector_msgs/include/op3_ball_detector_msgs/op3_ball_detector_msgs/srv/set_parameters.h
[1.218s] -- Up-to-date: /home/certezas/robotis_ws/install/op3_ball_detector_msgs/include/op3_ball_detector_msgs/op3_ball_detector_msgs/srv/detail
[1.219s] -- Up-to-date: /home/certezas/robotis_ws/install/op3_ball_detector_msgs/include/op3_ball_detector_msgs/op3_ball_detector_msgs/srv/detail/set_parameters__struct.h
[1.219s] -- Up-to-date: /home/certezas/robotis_ws/install/op3_ball_detector_msgs/include/op3_ball_detector_msgs/op3_ball_detector_msgs/srv/detail/set_parameters__type_support.h
[1.219s] -- Up-to-date: /home/certezas/robotis_ws/install/op3_ball_detector_msgs/include/op3_ball_detector_msgs/op3_ball_detector_msgs/srv/detail/get_parameters__functions.c
[1.219s] -- Up-to-date: /home/certezas/robotis_ws/install/op3_ball_detector_msgs/include/op3_ball_detector_msgs/op3_ball_detector_msgs/srv/detail/set_parameters__functions.h
[1.219s] -- Up-to-date: /home/certezas/robotis_ws/install/op3_ball_detector_msgs/include/op3_ball_detector_msgs/op3_ball_detector_msgs/srv/detail/get_parameters__type_support.h
[1.219s] -- Up-to-date: /home/certezas/robotis_ws/install/op3_ball_detector_msgs/include/op3_ball_detector_msgs/op3_ball_detector_msgs/srv/detail/set_parameters__functions.c
[1.220s] -- Up-to-date: /home/certezas/robotis_ws/install/op3_ball_detector_msgs/include/op3_ball_detector_msgs/op3_ball_detector_msgs/srv/detail/get_parameters__struct.h
[1.220s] -- Up-to-date: /home/certezas/robotis_ws/install/op3_ball_detector_msgs/include/op3_ball_detector_msgs/op3_ball_detector_msgs/srv/detail/get_parameters__functions.h
[1.221s] -- Up-to-date: /home/certezas/robotis_ws/install/op3_ball_detector_msgs/include/op3_ball_detector_msgs/op3_ball_detector_msgs/msg
[1.221s] -- Up-to-date: /home/certezas/robotis_ws/install/op3_ball_detector_msgs/include/op3_ball_detector_msgs/op3_ball_detector_msgs/msg/rosidl_generator_c__visibility_control.h
[1.222s] -- Up-to-date: /home/certezas/robotis_ws/install/op3_ball_detector_msgs/include/op3_ball_detector_msgs/op3_ball_detector_msgs/msg/ball_detector_params.h
[1.223s] -- Up-to-date: /home/certezas/robotis_ws/install/op3_ball_detector_msgs/include/op3_ball_detector_msgs/op3_ball_detector_msgs/msg/circle_set_stamped.h
[1.223s] -- Up-to-date: /home/certezas/robotis_ws/install/op3_ball_detector_msgs/include/op3_ball_detector_msgs/op3_ball_detector_msgs/msg/detail
[1.223s] -- Up-to-date: /home/certezas/robotis_ws/install/op3_ball_detector_msgs/include/op3_ball_detector_msgs/op3_ball_detector_msgs/msg/detail/ball_detector_params__struct.h
[1.223s] -- Up-to-date: /home/certezas/robotis_ws/install/op3_ball_detector_msgs/include/op3_ball_detector_msgs/op3_ball_detector_msgs/msg/detail/circle_set_stamped__struct.h
[1.223s] -- Up-to-date: /home/certezas/robotis_ws/install/op3_ball_detector_msgs/include/op3_ball_detector_msgs/op3_ball_detector_msgs/msg/detail/circle_set_stamped__functions.h
[1.223s] -- Up-to-date: /home/certezas/robotis_ws/install/op3_ball_detector_msgs/include/op3_ball_detector_msgs/op3_ball_detector_msgs/msg/detail/circle_set_stamped__functions.c
[1.224s] -- Up-to-date: /home/certezas/robotis_ws/install/op3_ball_detector_msgs/include/op3_ball_detector_msgs/op3_ball_detector_msgs/msg/detail/ball_detector_params__functions.h
[1.224s] -- Up-to-date: /home/certezas/robotis_ws/install/op3_ball_detector_msgs/include/op3_ball_detector_msgs/op3_ball_detector_msgs/msg/detail/ball_detector_params__type_support.h
[1.224s] -- Up-to-date: /home/certezas/robotis_ws/install/op3_ball_detector_msgs/include/op3_ball_detector_msgs/op3_ball_detector_msgs/msg/detail/ball_detector_params__functions.c
[1.224s] -- Up-to-date: /home/certezas/robotis_ws/install/op3_ball_detector_msgs/include/op3_ball_detector_msgs/op3_ball_detector_msgs/msg/detail/circle_set_stamped__type_support.h
[1.224s] -- Up-to-date: /home/certezas/robotis_ws/install/op3_ball_detector_msgs/share/op3_ball_detector_msgs/environment/library_path.sh
[1.224s] -- Up-to-date: /home/certezas/robotis_ws/install/op3_ball_detector_msgs/share/op3_ball_detector_msgs/environment/library_path.dsv
[1.224s] -- Up-to-date: /home/certezas/robotis_ws/install/op3_ball_detector_msgs/lib/libop3_ball_detector_msgs__rosidl_generator_c.so
[1.225s] -- Up-to-date: /home/certezas/robotis_ws/install/op3_ball_detector_msgs/include/op3_ball_detector_msgs/op3_ball_detector_msgs
[1.225s] -- Up-to-date: /home/certezas/robotis_ws/install/op3_ball_detector_msgs/include/op3_ball_detector_msgs/op3_ball_detector_msgs/srv
[1.225s] -- Up-to-date: /home/certezas/robotis_ws/install/op3_ball_detector_msgs/include/op3_ball_detector_msgs/op3_ball_detector_msgs/srv/detail
[1.225s] -- Up-to-date: /home/certezas/robotis_ws/install/op3_ball_detector_msgs/include/op3_ball_detector_msgs/op3_ball_detector_msgs/srv/detail/get_parameters__rosidl_typesupport_fastrtps_c.h
[1.225s] -- Up-to-date: /home/certezas/robotis_ws/install/op3_ball_detector_msgs/include/op3_ball_detector_msgs/op3_ball_detector_msgs/srv/detail/set_parameters__rosidl_typesupport_fastrtps_c.h
[1.225s] -- Up-to-date: /home/certezas/robotis_ws/install/op3_ball_detector_msgs/include/op3_ball_detector_msgs/op3_ball_detector_msgs/msg
[1.225s] -- Up-to-date: /home/certezas/robotis_ws/install/op3_ball_detector_msgs/include/op3_ball_detector_msgs/op3_ball_detector_msgs/msg/detail
[1.225s] -- Up-to-date: /home/certezas/robotis_ws/install/op3_ball_detector_msgs/include/op3_ball_detector_msgs/op3_ball_detector_msgs/msg/detail/ball_detector_params__rosidl_typesupport_fastrtps_c.h
[1.225s] -- Up-to-date: /home/certezas/robotis_ws/install/op3_ball_detector_msgs/include/op3_ball_detector_msgs/op3_ball_detector_msgs/msg/detail/circle_set_stamped__rosidl_typesupport_fastrtps_c.h
[1.225s] -- Up-to-date: /home/certezas/robotis_ws/install/op3_ball_detector_msgs/include/op3_ball_detector_msgs/op3_ball_detector_msgs/msg/rosidl_typesupport_fastrtps_c__visibility_control.h
[1.226s] -- Up-to-date: /home/certezas/robotis_ws/install/op3_ball_detector_msgs/lib/libop3_ball_detector_msgs__rosidl_typesupport_fastrtps_c.so
[1.226s] -- Up-to-date: /home/certezas/robotis_ws/install/op3_ball_detector_msgs/include/op3_ball_detector_msgs/op3_ball_detector_msgs
[1.226s] -- Up-to-date: /home/certezas/robotis_ws/install/op3_ball_detector_msgs/include/op3_ball_detector_msgs/op3_ball_detector_msgs/srv
[1.226s] -- Up-to-date: /home/certezas/robotis_ws/install/op3_ball_detector_msgs/include/op3_ball_detector_msgs/op3_ball_detector_msgs/srv/set_parameters.hpp
[1.226s] -- Up-to-date: /home/certezas/robotis_ws/install/op3_ball_detector_msgs/include/op3_ball_detector_msgs/op3_ball_detector_msgs/srv/get_parameters.hpp
[1.226s] -- Up-to-date: /home/certezas/robotis_ws/install/op3_ball_detector_msgs/include/op3_ball_detector_msgs/op3_ball_detector_msgs/srv/detail
[1.226s] -- Up-to-date: /home/certezas/robotis_ws/install/op3_ball_detector_msgs/include/op3_ball_detector_msgs/op3_ball_detector_msgs/srv/detail/get_parameters__struct.hpp
[1.226s] -- Up-to-date: /home/certezas/robotis_ws/install/op3_ball_detector_msgs/include/op3_ball_detector_msgs/op3_ball_detector_msgs/srv/detail/set_parameters__type_support.hpp
[1.226s] -- Up-to-date: /home/certezas/robotis_ws/install/op3_ball_detector_msgs/include/op3_ball_detector_msgs/op3_ball_detector_msgs/srv/detail/get_parameters__builder.hpp
[1.226s] -- Up-to-date: /home/certezas/robotis_ws/install/op3_ball_detector_msgs/include/op3_ball_detector_msgs/op3_ball_detector_msgs/srv/detail/set_parameters__traits.hpp
[1.226s] -- Up-to-date: /home/certezas/robotis_ws/install/op3_ball_detector_msgs/include/op3_ball_detector_msgs/op3_ball_detector_msgs/srv/detail/get_parameters__type_support.hpp
[1.227s] -- Up-to-date: /home/certezas/robotis_ws/install/op3_ball_detector_msgs/include/op3_ball_detector_msgs/op3_ball_detector_msgs/srv/detail/get_parameters__traits.hpp
[1.227s] -- Up-to-date: /home/certezas/robotis_ws/install/op3_ball_detector_msgs/include/op3_ball_detector_msgs/op3_ball_detector_msgs/srv/detail/set_parameters__struct.hpp
[1.227s] -- Up-to-date: /home/certezas/robotis_ws/install/op3_ball_detector_msgs/include/op3_ball_detector_msgs/op3_ball_detector_msgs/srv/detail/set_parameters__builder.hpp
[1.227s] -- Up-to-date: /home/certezas/robotis_ws/install/op3_ball_detector_msgs/include/op3_ball_detector_msgs/op3_ball_detector_msgs/msg
[1.227s] -- Up-to-date: /home/certezas/robotis_ws/install/op3_ball_detector_msgs/include/op3_ball_detector_msgs/op3_ball_detector_msgs/msg/rosidl_generator_cpp__visibility_control.hpp
[1.227s] -- Up-to-date: /home/certezas/robotis_ws/install/op3_ball_detector_msgs/include/op3_ball_detector_msgs/op3_ball_detector_msgs/msg/circle_set_stamped.hpp
[1.227s] -- Up-to-date: /home/certezas/robotis_ws/install/op3_ball_detector_msgs/include/op3_ball_detector_msgs/op3_ball_detector_msgs/msg/detail
[1.227s] -- Up-to-date: /home/certezas/robotis_ws/install/op3_ball_detector_msgs/include/op3_ball_detector_msgs/op3_ball_detector_msgs/msg/detail/ball_detector_params__type_support.hpp
[1.227s] -- Up-to-date: /home/certezas/robotis_ws/install/op3_ball_detector_msgs/include/op3_ball_detector_msgs/op3_ball_detector_msgs/msg/detail/ball_detector_params__traits.hpp
[1.227s] -- Up-to-date: /home/certezas/robotis_ws/install/op3_ball_detector_msgs/include/op3_ball_detector_msgs/op3_ball_detector_msgs/msg/detail/circle_set_stamped__type_support.hpp
[1.228s] -- Up-to-date: /home/certezas/robotis_ws/install/op3_ball_detector_msgs/include/op3_ball_detector_msgs/op3_ball_detector_msgs/msg/detail/ball_detector_params__struct.hpp
[1.228s] -- Up-to-date: /home/certezas/robotis_ws/install/op3_ball_detector_msgs/include/op3_ball_detector_msgs/op3_ball_detector_msgs/msg/detail/circle_set_stamped__struct.hpp
[1.228s] -- Up-to-date: /home/certezas/robotis_ws/install/op3_ball_detector_msgs/include/op3_ball_detector_msgs/op3_ball_detector_msgs/msg/detail/circle_set_stamped__builder.hpp
[1.228s] -- Up-to-date: /home/certezas/robotis_ws/install/op3_ball_detector_msgs/include/op3_ball_detector_msgs/op3_ball_detector_msgs/msg/detail/ball_detector_params__builder.hpp
[1.228s] -- Up-to-date: /home/certezas/robotis_ws/install/op3_ball_detector_msgs/include/op3_ball_detector_msgs/op3_ball_detector_msgs/msg/detail/circle_set_stamped__traits.hpp
[1.228s] -- Up-to-date: /home/certezas/robotis_ws/install/op3_ball_detector_msgs/include/op3_ball_detector_msgs/op3_ball_detector_msgs/msg/ball_detector_params.hpp
[1.228s] -- Up-to-date: /home/certezas/robotis_ws/install/op3_ball_detector_msgs/include/op3_ball_detector_msgs/op3_ball_detector_msgs
[1.228s] -- Up-to-date: /home/certezas/robotis_ws/install/op3_ball_detector_msgs/include/op3_ball_detector_msgs/op3_ball_detector_msgs/srv
[1.228s] -- Up-to-date: /home/certezas/robotis_ws/install/op3_ball_detector_msgs/include/op3_ball_detector_msgs/op3_ball_detector_msgs/srv/detail
[1.228s] -- Up-to-date: /home/certezas/robotis_ws/install/op3_ball_detector_msgs/include/op3_ball_detector_msgs/op3_ball_detector_msgs/srv/detail/get_parameters__rosidl_typesupport_fastrtps_cpp.hpp
[1.228s] -- Up-to-date: /home/certezas/robotis_ws/install/op3_ball_detector_msgs/include/op3_ball_detector_msgs/op3_ball_detector_msgs/srv/detail/dds_fastrtps
[1.229s] -- Up-to-date: /home/certezas/robotis_ws/install/op3_ball_detector_msgs/include/op3_ball_detector_msgs/op3_ball_detector_msgs/srv/detail/set_parameters__rosidl_typesupport_fastrtps_cpp.hpp
[1.229s] -- Up-to-date: /home/certezas/robotis_ws/install/op3_ball_detector_msgs/include/op3_ball_detector_msgs/op3_ball_detector_msgs/msg
[1.229s] -- Up-to-date: /home/certezas/robotis_ws/install/op3_ball_detector_msgs/include/op3_ball_detector_msgs/op3_ball_detector_msgs/msg/rosidl_typesupport_fastrtps_cpp__visibility_control.h
[1.229s] -- Up-to-date: /home/certezas/robotis_ws/install/op3_ball_detector_msgs/include/op3_ball_detector_msgs/op3_ball_detector_msgs/msg/detail
[1.229s] -- Up-to-date: /home/certezas/robotis_ws/install/op3_ball_detector_msgs/include/op3_ball_detector_msgs/op3_ball_detector_msgs/msg/detail/circle_set_stamped__rosidl_typesupport_fastrtps_cpp.hpp
[1.229s] -- Up-to-date: /home/certezas/robotis_ws/install/op3_ball_detector_msgs/include/op3_ball_detector_msgs/op3_ball_detector_msgs/msg/detail/dds_fastrtps
[1.229s] -- Up-to-date: /home/certezas/robotis_ws/install/op3_ball_detector_msgs/include/op3_ball_detector_msgs/op3_ball_detector_msgs/msg/detail/ball_detector_params__rosidl_typesupport_fastrtps_cpp.hpp
[1.229s] -- Up-to-date: /home/certezas/robotis_ws/install/op3_ball_detector_msgs/lib/libop3_ball_detector_msgs__rosidl_typesupport_fastrtps_cpp.so
[1.229s] -- Up-to-date: /home/certezas/robotis_ws/install/op3_ball_detector_msgs/include/op3_ball_detector_msgs/op3_ball_detector_msgs
[1.229s] -- Up-to-date: /home/certezas/robotis_ws/install/op3_ball_detector_msgs/include/op3_ball_detector_msgs/op3_ball_detector_msgs/srv
[1.229s] -- Up-to-date: /home/certezas/robotis_ws/install/op3_ball_detector_msgs/include/op3_ball_detector_msgs/op3_ball_detector_msgs/srv/detail
[1.229s] -- Up-to-date: /home/certezas/robotis_ws/install/op3_ball_detector_msgs/include/op3_ball_detector_msgs/op3_ball_detector_msgs/srv/detail/set_parameters__type_support.c
[1.230s] -- Up-to-date: /home/certezas/robotis_ws/install/op3_ball_detector_msgs/include/op3_ball_detector_msgs/op3_ball_detector_msgs/srv/detail/set_parameters__rosidl_typesupport_introspection_c.h
[1.230s] -- Up-to-date: /home/certezas/robotis_ws/install/op3_ball_detector_msgs/include/op3_ball_detector_msgs/op3_ball_detector_msgs/srv/detail/get_parameters__type_support.c
[1.230s] -- Up-to-date: /home/certezas/robotis_ws/install/op3_ball_detector_msgs/include/op3_ball_detector_msgs/op3_ball_detector_msgs/srv/detail/get_parameters__rosidl_typesupport_introspection_c.h
[1.230s] -- Up-to-date: /home/certezas/robotis_ws/install/op3_ball_detector_msgs/include/op3_ball_detector_msgs/op3_ball_detector_msgs/msg
[1.230s] -- Up-to-date: /home/certezas/robotis_ws/install/op3_ball_detector_msgs/include/op3_ball_detector_msgs/op3_ball_detector_msgs/msg/rosidl_typesupport_introspection_c__visibility_control.h
[1.230s] -- Up-to-date: /home/certezas/robotis_ws/install/op3_ball_detector_msgs/include/op3_ball_detector_msgs/op3_ball_detector_msgs/msg/detail
[1.230s] -- Up-to-date: /home/certezas/robotis_ws/install/op3_ball_detector_msgs/include/op3_ball_detector_msgs/op3_ball_detector_msgs/msg/detail/circle_set_stamped__rosidl_typesupport_introspection_c.h
[1.230s] -- Up-to-date: /home/certezas/robotis_ws/install/op3_ball_detector_msgs/include/op3_ball_detector_msgs/op3_ball_detector_msgs/msg/detail/circle_set_stamped__type_support.c
[1.230s] -- Up-to-date: /home/certezas/robotis_ws/install/op3_ball_detector_msgs/include/op3_ball_detector_msgs/op3_ball_detector_msgs/msg/detail/ball_detector_params__type_support.c
[1.230s] -- Up-to-date: /home/certezas/robotis_ws/install/op3_ball_detector_msgs/include/op3_ball_detector_msgs/op3_ball_detector_msgs/msg/detail/ball_detector_params__rosidl_typesupport_introspection_c.h
[1.230s] -- Up-to-date: /home/certezas/robotis_ws/install/op3_ball_detector_msgs/lib/libop3_ball_detector_msgs__rosidl_typesupport_introspection_c.so
[1.230s] -- Up-to-date: /home/certezas/robotis_ws/install/op3_ball_detector_msgs/lib/libop3_ball_detector_msgs__rosidl_typesupport_c.so
[1.230s] -- Up-to-date: /home/certezas/robotis_ws/install/op3_ball_detector_msgs/include/op3_ball_detector_msgs/op3_ball_detector_msgs
[1.230s] -- Up-to-date: /home/certezas/robotis_ws/install/op3_ball_detector_msgs/include/op3_ball_detector_msgs/op3_ball_detector_msgs/srv
[1.230s] -- Up-to-date: /home/certezas/robotis_ws/install/op3_ball_detector_msgs/include/op3_ball_detector_msgs/op3_ball_detector_msgs/srv/detail
[1.230s] -- Up-to-date: /home/certezas/robotis_ws/install/op3_ball_detector_msgs/include/op3_ball_detector_msgs/op3_ball_detector_msgs/srv/detail/set_parameters__type_support.cpp
[1.230s] -- Up-to-date: /home/certezas/robotis_ws/install/op3_ball_detector_msgs/include/op3_ball_detector_msgs/op3_ball_detector_msgs/srv/detail/get_parameters__type_support.cpp
[1.230s] -- Up-to-date: /home/certezas/robotis_ws/install/op3_ball_detector_msgs/include/op3_ball_detector_msgs/op3_ball_detector_msgs/srv/detail/get_parameters__rosidl_typesupport_introspection_cpp.hpp
[1.230s] -- Up-to-date: /home/certezas/robotis_ws/install/op3_ball_detector_msgs/include/op3_ball_detector_msgs/op3_ball_detector_msgs/srv/detail/set_parameters__rosidl_typesupport_introspection_cpp.hpp
[1.231s] -- Up-to-date: /home/certezas/robotis_ws/install/op3_ball_detector_msgs/include/op3_ball_detector_msgs/op3_ball_detector_msgs/msg
[1.231s] -- Up-to-date: /home/certezas/robotis_ws/install/op3_ball_detector_msgs/include/op3_ball_detector_msgs/op3_ball_detector_msgs/msg/detail
[1.231s] -- Up-to-date: /home/certezas/robotis_ws/install/op3_ball_detector_msgs/include/op3_ball_detector_msgs/op3_ball_detector_msgs/msg/detail/ball_detector_params__type_support.cpp
[1.231s] -- Up-to-date: /home/certezas/robotis_ws/install/op3_ball_detector_msgs/include/op3_ball_detector_msgs/op3_ball_detector_msgs/msg/detail/circle_set_stamped__type_support.cpp
[1.231s] -- Up-to-date: /home/certezas/robotis_ws/install/op3_ball_detector_msgs/include/op3_ball_detector_msgs/op3_ball_detector_msgs/msg/detail/ball_detector_params__rosidl_typesupport_introspection_cpp.hpp
[1.231s] -- Up-to-date: /home/certezas/robotis_ws/install/op3_ball_detector_msgs/include/op3_ball_detector_msgs/op3_ball_detector_msgs/msg/detail/circle_set_stamped__rosidl_typesupport_introspection_cpp.hpp
[1.231s] -- Up-to-date: /home/certezas/robotis_ws/install/op3_ball_detector_msgs/lib/libop3_ball_detector_msgs__rosidl_typesupport_introspection_cpp.so
[1.231s] -- Up-to-date: /home/certezas/robotis_ws/install/op3_ball_detector_msgs/lib/libop3_ball_detector_msgs__rosidl_typesupport_cpp.so
[1.231s] -- Up-to-date: /home/certezas/robotis_ws/install/op3_ball_detector_msgs/share/op3_ball_detector_msgs/environment/pythonpath.sh
[1.231s] -- Up-to-date: /home/certezas/robotis_ws/install/op3_ball_detector_msgs/share/op3_ball_detector_msgs/environment/pythonpath.dsv
[1.231s] -- Up-to-date: /home/certezas/robotis_ws/install/op3_ball_detector_msgs/local/lib/python3.10/dist-packages/op3_ball_detector_msgs-0.1.0-py3.10.egg-info
[1.231s] -- Installing: /home/certezas/robotis_ws/install/op3_ball_detector_msgs/local/lib/python3.10/dist-packages/op3_ball_detector_msgs-0.1.0-py3.10.egg-info/PKG-INFO
[1.231s] -- Installing: /home/certezas/robotis_ws/install/op3_ball_detector_msgs/local/lib/python3.10/dist-packages/op3_ball_detector_msgs-0.1.0-py3.10.egg-info/dependency_links.txt
[1.231s] -- Installing: /home/certezas/robotis_ws/install/op3_ball_detector_msgs/local/lib/python3.10/dist-packages/op3_ball_detector_msgs-0.1.0-py3.10.egg-info/top_level.txt
[1.231s] -- Installing: /home/certezas/robotis_ws/install/op3_ball_detector_msgs/local/lib/python3.10/dist-packages/op3_ball_detector_msgs-0.1.0-py3.10.egg-info/SOURCES.txt
[1.231s] -- Up-to-date: /home/certezas/robotis_ws/install/op3_ball_detector_msgs/local/lib/python3.10/dist-packages/op3_ball_detector_msgs
[1.231s] -- Up-to-date: /home/certezas/robotis_ws/install/op3_ball_detector_msgs/local/lib/python3.10/dist-packages/op3_ball_detector_msgs/_op3_ball_detector_msgs_s.ep.rosidl_typesupport_introspection_c.c
[1.232s] -- Up-to-date: /home/certezas/robotis_ws/install/op3_ball_detector_msgs/local/lib/python3.10/dist-packages/op3_ball_detector_msgs/_op3_ball_detector_msgs_s.ep.rosidl_typesupport_fastrtps_c.c
[1.232s] -- Up-to-date: /home/certezas/robotis_ws/install/op3_ball_detector_msgs/local/lib/python3.10/dist-packages/op3_ball_detector_msgs/libop3_ball_detector_msgs__rosidl_generator_py.so
[1.232s] -- Up-to-date: /home/certezas/robotis_ws/install/op3_ball_detector_msgs/local/lib/python3.10/dist-packages/op3_ball_detector_msgs/__init__.py
[1.232s] -- Up-to-date: /home/certezas/robotis_ws/install/op3_ball_detector_msgs/local/lib/python3.10/dist-packages/op3_ball_detector_msgs/op3_ball_detector_msgs_s__rosidl_typesupport_c.cpython-310-x86_64-linux-gnu.so
[1.232s] -- Up-to-date: /home/certezas/robotis_ws/install/op3_ball_detector_msgs/local/lib/python3.10/dist-packages/op3_ball_detector_msgs/srv
[1.232s] -- Up-to-date: /home/certezas/robotis_ws/install/op3_ball_detector_msgs/local/lib/python3.10/dist-packages/op3_ball_detector_msgs/srv/_set_parameters_s.c
[1.232s] -- Up-to-date: /home/certezas/robotis_ws/install/op3_ball_detector_msgs/local/lib/python3.10/dist-packages/op3_ball_detector_msgs/srv/_set_parameters.py
[1.232s] -- Up-to-date: /home/certezas/robotis_ws/install/op3_ball_detector_msgs/local/lib/python3.10/dist-packages/op3_ball_detector_msgs/srv/__init__.py
[1.232s] -- Up-to-date: /home/certezas/robotis_ws/install/op3_ball_detector_msgs/local/lib/python3.10/dist-packages/op3_ball_detector_msgs/srv/_get_parameters_s.c
[1.232s] -- Up-to-date: /home/certezas/robotis_ws/install/op3_ball_detector_msgs/local/lib/python3.10/dist-packages/op3_ball_detector_msgs/srv/_get_parameters.py
[1.232s] -- Up-to-date: /home/certezas/robotis_ws/install/op3_ball_detector_msgs/local/lib/python3.10/dist-packages/op3_ball_detector_msgs/op3_ball_detector_msgs_s__rosidl_typesupport_introspection_c.cpython-310-x86_64-linux-gnu.so
[1.232s] -- Up-to-date: /home/certezas/robotis_ws/install/op3_ball_detector_msgs/local/lib/python3.10/dist-packages/op3_ball_detector_msgs/_op3_ball_detector_msgs_s.ep.rosidl_typesupport_c.c
[1.233s] -- Up-to-date: /home/certezas/robotis_ws/install/op3_ball_detector_msgs/local/lib/python3.10/dist-packages/op3_ball_detector_msgs/op3_ball_detector_msgs_s__rosidl_typesupport_fastrtps_c.cpython-310-x86_64-linux-gnu.so
[1.233s] -- Up-to-date: /home/certezas/robotis_ws/install/op3_ball_detector_msgs/local/lib/python3.10/dist-packages/op3_ball_detector_msgs/msg
[1.233s] -- Up-to-date: /home/certezas/robotis_ws/install/op3_ball_detector_msgs/local/lib/python3.10/dist-packages/op3_ball_detector_msgs/msg/_ball_detector_params.py
[1.233s] -- Up-to-date: /home/certezas/robotis_ws/install/op3_ball_detector_msgs/local/lib/python3.10/dist-packages/op3_ball_detector_msgs/msg/_ball_detector_params_s.c
[1.233s] -- Up-to-date: /home/certezas/robotis_ws/install/op3_ball_detector_msgs/local/lib/python3.10/dist-packages/op3_ball_detector_msgs/msg/__init__.py
[1.233s] -- Up-to-date: /home/certezas/robotis_ws/install/op3_ball_detector_msgs/local/lib/python3.10/dist-packages/op3_ball_detector_msgs/msg/_circle_set_stamped.py
[1.233s] -- Up-to-date: /home/certezas/robotis_ws/install/op3_ball_detector_msgs/local/lib/python3.10/dist-packages/op3_ball_detector_msgs/msg/_circle_set_stamped_s.c
[1.271s] Listing '/home/certezas/robotis_ws/install/op3_ball_detector_msgs/local/lib/python3.10/dist-packages/op3_ball_detector_msgs'...
[1.271s] Listing '/home/certezas/robotis_ws/install/op3_ball_detector_msgs/local/lib/python3.10/dist-packages/op3_ball_detector_msgs/msg'...
[1.271s] Listing '/home/certezas/robotis_ws/install/op3_ball_detector_msgs/local/lib/python3.10/dist-packages/op3_ball_detector_msgs/srv'...
[1.282s] -- Up-to-date: /home/certezas/robotis_ws/install/op3_ball_detector_msgs/local/lib/python3.10/dist-packages/op3_ball_detector_msgs/op3_ball_detector_msgs_s__rosidl_typesupport_fastrtps_c.cpython-310-x86_64-linux-gnu.so
[1.282s] -- Up-to-date: /home/certezas/robotis_ws/install/op3_ball_detector_msgs/local/lib/python3.10/dist-packages/op3_ball_detector_msgs/op3_ball_detector_msgs_s__rosidl_typesupport_introspection_c.cpython-310-x86_64-linux-gnu.so
[1.282s] -- Up-to-date: /home/certezas/robotis_ws/install/op3_ball_detector_msgs/local/lib/python3.10/dist-packages/op3_ball_detector_msgs/op3_ball_detector_msgs_s__rosidl_typesupport_c.cpython-310-x86_64-linux-gnu.so
[1.283s] -- Up-to-date: /home/certezas/robotis_ws/install/op3_ball_detector_msgs/lib/libop3_ball_detector_msgs__rosidl_generator_py.so
[1.283s] -- Up-to-date: /home/certezas/robotis_ws/install/op3_ball_detector_msgs/share/op3_ball_detector_msgs/msg/BallDetectorParams.idl
[1.283s] -- Up-to-date: /home/certezas/robotis_ws/install/op3_ball_detector_msgs/share/op3_ball_detector_msgs/msg/CircleSetStamped.idl
[1.283s] -- Up-to-date: /home/certezas/robotis_ws/install/op3_ball_detector_msgs/share/op3_ball_detector_msgs/srv/GetParameters.idl
[1.283s] -- Up-to-date: /home/certezas/robotis_ws/install/op3_ball_detector_msgs/share/op3_ball_detector_msgs/srv/SetParameters.idl
[1.283s] -- Up-to-date: /home/certezas/robotis_ws/install/op3_ball_detector_msgs/share/op3_ball_detector_msgs/msg/BallDetectorParams.msg
[1.283s] -- Up-to-date: /home/certezas/robotis_ws/install/op3_ball_detector_msgs/share/op3_ball_detector_msgs/msg/CircleSetStamped.msg
[1.283s] -- Up-to-date: /home/certezas/robotis_ws/install/op3_ball_detector_msgs/share/op3_ball_detector_msgs/srv/GetParameters.srv
[1.283s] -- Up-to-date: /home/certezas/robotis_ws/install/op3_ball_detector_msgs/share/op3_ball_detector_msgs/srv/GetParameters_Request.msg
[1.283s] -- Up-to-date: /home/certezas/robotis_ws/install/op3_ball_detector_msgs/share/op3_ball_detector_msgs/srv/GetParameters_Response.msg
[1.283s] -- Up-to-date: /home/certezas/robotis_ws/install/op3_ball_detector_msgs/share/op3_ball_detector_msgs/srv/SetParameters.srv
[1.284s] -- Up-to-date: /home/certezas/robotis_ws/install/op3_ball_detector_msgs/share/op3_ball_detector_msgs/srv/SetParameters_Request.msg
[1.284s] -- Up-to-date: /home/certezas/robotis_ws/install/op3_ball_detector_msgs/share/op3_ball_detector_msgs/srv/SetParameters_Response.msg
[1.284s] -- Up-to-date: /home/certezas/robotis_ws/install/op3_ball_detector_msgs/share/ament_index/resource_index/package_run_dependencies/op3_ball_detector_msgs
[1.284s] -- Up-to-date: /home/certezas/robotis_ws/install/op3_ball_detector_msgs/share/ament_index/resource_index/parent_prefix_path/op3_ball_detector_msgs
[1.284s] -- Up-to-date: /home/certezas/robotis_ws/install/op3_ball_detector_msgs/share/op3_ball_detector_msgs/environment/ament_prefix_path.sh
[1.284s] -- Up-to-date: /home/certezas/robotis_ws/install/op3_ball_detector_msgs/share/op3_ball_detector_msgs/environment/ament_prefix_path.dsv
[1.284s] -- Up-to-date: /home/certezas/robotis_ws/install/op3_ball_detector_msgs/share/op3_ball_detector_msgs/environment/path.sh
[1.284s] -- Up-to-date: /home/certezas/robotis_ws/install/op3_ball_detector_msgs/share/op3_ball_detector_msgs/environment/path.dsv
[1.284s] -- Up-to-date: /home/certezas/robotis_ws/install/op3_ball_detector_msgs/share/op3_ball_detector_msgs/local_setup.bash
[1.285s] -- Up-to-date: /home/certezas/robotis_ws/install/op3_ball_detector_msgs/share/op3_ball_detector_msgs/local_setup.sh
[1.285s] -- Up-to-date: /home/certezas/robotis_ws/install/op3_ball_detector_msgs/share/op3_ball_detector_msgs/local_setup.zsh
[1.285s] -- Up-to-date: /home/certezas/robotis_ws/install/op3_ball_detector_msgs/share/op3_ball_detector_msgs/local_setup.dsv
[1.285s] -- Installing: /home/certezas/robotis_ws/install/op3_ball_detector_msgs/share/op3_ball_detector_msgs/package.dsv
[1.285s] -- Up-to-date: /home/certezas/robotis_ws/install/op3_ball_detector_msgs/share/ament_index/resource_index/packages/op3_ball_detector_msgs
[1.285s] -- Up-to-date: /home/certezas/robotis_ws/install/op3_ball_detector_msgs/share/op3_ball_detector_msgs/cmake/export_op3_ball_detector_msgs__rosidl_generator_cExport.cmake
[1.285s] -- Up-to-date: /home/certezas/robotis_ws/install/op3_ball_detector_msgs/share/op3_ball_detector_msgs/cmake/export_op3_ball_detector_msgs__rosidl_generator_cExport-noconfig.cmake
[1.285s] -- Up-to-date: /home/certezas/robotis_ws/install/op3_ball_detector_msgs/share/op3_ball_detector_msgs/cmake/export_op3_ball_detector_msgs__rosidl_typesupport_fastrtps_cExport.cmake
[1.285s] -- Up-to-date: /home/certezas/robotis_ws/install/op3_ball_detector_msgs/share/op3_ball_detector_msgs/cmake/export_op3_ball_detector_msgs__rosidl_typesupport_fastrtps_cExport-noconfig.cmake
[1.286s] -- Up-to-date: /home/certezas/robotis_ws/install/op3_ball_detector_msgs/share/op3_ball_detector_msgs/cmake/export_op3_ball_detector_msgs__rosidl_generator_cppExport.cmake
[1.286s] -- Up-to-date: /home/certezas/robotis_ws/install/op3_ball_detector_msgs/share/op3_ball_detector_msgs/cmake/export_op3_ball_detector_msgs__rosidl_typesupport_fastrtps_cppExport.cmake
[1.286s] -- Up-to-date: /home/certezas/robotis_ws/install/op3_ball_detector_msgs/share/op3_ball_detector_msgs/cmake/export_op3_ball_detector_msgs__rosidl_typesupport_fastrtps_cppExport-noconfig.cmake
[1.286s] -- Up-to-date: /home/certezas/robotis_ws/install/op3_ball_detector_msgs/share/op3_ball_detector_msgs/cmake/op3_ball_detector_msgs__rosidl_typesupport_introspection_cExport.cmake
[1.286s] -- Up-to-date: /home/certezas/robotis_ws/install/op3_ball_detector_msgs/share/op3_ball_detector_msgs/cmake/op3_ball_detector_msgs__rosidl_typesupport_introspection_cExport-noconfig.cmake
[1.286s] -- Up-to-date: /home/certezas/robotis_ws/install/op3_ball_detector_msgs/share/op3_ball_detector_msgs/cmake/op3_ball_detector_msgs__rosidl_typesupport_cExport.cmake
[1.286s] -- Up-to-date: /home/certezas/robotis_ws/install/op3_ball_detector_msgs/share/op3_ball_detector_msgs/cmake/op3_ball_detector_msgs__rosidl_typesupport_cExport-noconfig.cmake
[1.286s] -- Up-to-date: /home/certezas/robotis_ws/install/op3_ball_detector_msgs/share/op3_ball_detector_msgs/cmake/op3_ball_detector_msgs__rosidl_typesupport_introspection_cppExport.cmake
[1.286s] -- Up-to-date: /home/certezas/robotis_ws/install/op3_ball_detector_msgs/share/op3_ball_detector_msgs/cmake/op3_ball_detector_msgs__rosidl_typesupport_introspection_cppExport-noconfig.cmake
[1.286s] -- Up-to-date: /home/certezas/robotis_ws/install/op3_ball_detector_msgs/share/op3_ball_detector_msgs/cmake/op3_ball_detector_msgs__rosidl_typesupport_cppExport.cmake
[1.286s] -- Up-to-date: /home/certezas/robotis_ws/install/op3_ball_detector_msgs/share/op3_ball_detector_msgs/cmake/op3_ball_detector_msgs__rosidl_typesupport_cppExport-noconfig.cmake
[1.286s] -- Up-to-date: /home/certezas/robotis_ws/install/op3_ball_detector_msgs/share/op3_ball_detector_msgs/cmake/export_op3_ball_detector_msgs__rosidl_generator_pyExport.cmake
[1.287s] -- Up-to-date: /home/certezas/robotis_ws/install/op3_ball_detector_msgs/share/op3_ball_detector_msgs/cmake/export_op3_ball_detector_msgs__rosidl_generator_pyExport-noconfig.cmake
[1.287s] -- Up-to-date: /home/certezas/robotis_ws/install/op3_ball_detector_msgs/share/op3_ball_detector_msgs/cmake/rosidl_cmake-extras.cmake
[1.287s] -- Up-to-date: /home/certezas/robotis_ws/install/op3_ball_detector_msgs/share/op3_ball_detector_msgs/cmake/ament_cmake_export_dependencies-extras.cmake
[1.287s] -- Up-to-date: /home/certezas/robotis_ws/install/op3_ball_detector_msgs/share/op3_ball_detector_msgs/cmake/ament_cmake_export_include_directories-extras.cmake
[1.287s] -- Up-to-date: /home/certezas/robotis_ws/install/op3_ball_detector_msgs/share/op3_ball_detector_msgs/cmake/ament_cmake_export_libraries-extras.cmake
[1.287s] -- Up-to-date: /home/certezas/robotis_ws/install/op3_ball_detector_msgs/share/op3_ball_detector_msgs/cmake/ament_cmake_export_targets-extras.cmake
[1.287s] -- Up-to-date: /home/certezas/robotis_ws/install/op3_ball_detector_msgs/share/op3_ball_detector_msgs/cmake/rosidl_cmake_export_typesupport_targets-extras.cmake
[1.287s] -- Up-to-date: /home/certezas/robotis_ws/install/op3_ball_detector_msgs/share/op3_ball_detector_msgs/cmake/rosidl_cmake_export_typesupport_libraries-extras.cmake
[1.287s] -- Up-to-date: /home/certezas/robotis_ws/install/op3_ball_detector_msgs/share/op3_ball_detector_msgs/cmake/op3_ball_detector_msgsConfig.cmake
[1.287s] -- Up-to-date: /home/certezas/robotis_ws/install/op3_ball_detector_msgs/share/op3_ball_detector_msgs/cmake/op3_ball_detector_msgsConfig-version.cmake
[1.287s] -- Up-to-date: /home/certezas/robotis_ws/install/op3_ball_detector_msgs/share/op3_ball_detector_msgs/package.xml
[1.415s] Invoked command in '/home/certezas/robotis_ws/build/op3_ball_detector_msgs' returned '0': CMAKE_PREFIX_PATH=${CMAKE_PREFIX_PATH}:/opt/ros/humble /usr/bin/cmake --install /home/certezas/robotis_ws/build/op3_ball_detector_msgs
