[0.064s] Invoking command in '/home/certezas/robotis_ws/build/robotis_controller_msgs': CMAKE_PREFIX_PATH=${CMAKE_PREFIX_PATH}:/opt/ros/humble /usr/bin/cmake --build /home/certezas/robotis_ws/build/robotis_controller_msgs -- -j12 -l12
[0.191s] [  1%] Built target robotis_controller_msgs__cpp
[0.199s] [ 12%] Built target robotis_controller_msgs__rosidl_generator_c
[0.292s] [ 12%] Built target ament_cmake_python_copy_robotis_controller_msgs
[0.332s] [ 24%] Built target robotis_controller_msgs__rosidl_typesupport_cpp
[0.360s] [ 35%] Built target robotis_controller_msgs__rosidl_typesupport_c
[0.364s] [ 58%] Built target robotis_controller_msgs__rosidl_typesupport_introspection_cpp
[0.372s] [ 47%] Built target robotis_controller_msgs__rosidl_typesupport_fastrtps_cpp
[0.397s] [ 77%] Built target robotis_controller_msgs__rosidl_typesupport_introspection_c
[0.398s] [ 81%] Built target robotis_controller_msgs__rosidl_typesupport_fastrtps_c
[0.494s] [ 81%] Built target robotis_controller_msgs
[0.571s] [ 82%] Built target robotis_controller_msgs__py
[0.671s] [ 93%] Built target robotis_controller_msgs__rosidl_generator_py
[0.763s] [ 95%] Built target robotis_controller_msgs__rosidl_typesupport_introspection_c__pyext
[0.765s] [ 97%] Built target robotis_controller_msgs__rosidl_typesupport_c__pyext
[0.783s] [100%] Built target robotis_controller_msgs__rosidl_typesupport_fastrtps_c__pyext
[0.958s] running egg_info
[0.959s] writing robotis_controller_msgs.egg-info/PKG-INFO
[0.959s] writing dependency_links to robotis_controller_msgs.egg-info/dependency_links.txt
[0.959s] writing top-level names to robotis_controller_msgs.egg-info/top_level.txt
[0.968s] reading manifest file 'robotis_controller_msgs.egg-info/SOURCES.txt'
[0.969s] writing manifest file 'robotis_controller_msgs.egg-info/SOURCES.txt'
[1.012s] [100%] Built target ament_cmake_python_build_robotis_controller_msgs_egg
[1.032s] Invoked command in '/home/certezas/robotis_ws/build/robotis_controller_msgs' returned '0': CMAKE_PREFIX_PATH=${CMAKE_PREFIX_PATH}:/opt/ros/humble /usr/bin/cmake --build /home/certezas/robotis_ws/build/robotis_controller_msgs -- -j12 -l12
[1.062s] Invoking command in '/home/certezas/robotis_ws/build/robotis_controller_msgs': CMAKE_PREFIX_PATH=${CMAKE_PREFIX_PATH}:/opt/ros/humble /usr/bin/cmake --install /home/certezas/robotis_ws/build/robotis_controller_msgs
[1.114s] -- Install configuration: ""
[1.115s] -- Up-to-date: /home/certezas/robotis_ws/install/robotis_controller_msgs/share/ament_index/resource_index/rosidl_interfaces/robotis_controller_msgs
[1.115s] -- Up-to-date: /home/certezas/robotis_ws/install/robotis_controller_msgs/include/robotis_controller_msgs/robotis_controller_msgs
[1.116s] -- Up-to-date: /home/certezas/robotis_ws/install/robotis_controller_msgs/include/robotis_controller_msgs/robotis_controller_msgs/srv
[1.116s] -- Up-to-date: /home/certezas/robotis_ws/install/robotis_controller_msgs/include/robotis_controller_msgs/robotis_controller_msgs/srv/set_module.h
[1.116s] -- Up-to-date: /home/certezas/robotis_ws/install/robotis_controller_msgs/include/robotis_controller_msgs/robotis_controller_msgs/srv/load_offset.h
[1.116s] -- Up-to-date: /home/certezas/robotis_ws/install/robotis_controller_msgs/include/robotis_controller_msgs/robotis_controller_msgs/srv/get_joint_module.h
[1.116s] -- Up-to-date: /home/certezas/robotis_ws/install/robotis_controller_msgs/include/robotis_controller_msgs/robotis_controller_msgs/srv/detail
[1.116s] -- Up-to-date: /home/certezas/robotis_ws/install/robotis_controller_msgs/include/robotis_controller_msgs/robotis_controller_msgs/srv/detail/get_joint_module__struct.h
[1.116s] -- Up-to-date: /home/certezas/robotis_ws/install/robotis_controller_msgs/include/robotis_controller_msgs/robotis_controller_msgs/srv/detail/set_module__functions.c
[1.116s] -- Up-to-date: /home/certezas/robotis_ws/install/robotis_controller_msgs/include/robotis_controller_msgs/robotis_controller_msgs/srv/detail/get_joint_module__type_support.h
[1.117s] -- Up-to-date: /home/certezas/robotis_ws/install/robotis_controller_msgs/include/robotis_controller_msgs/robotis_controller_msgs/srv/detail/set_joint_module__functions.c
[1.117s] -- Up-to-date: /home/certezas/robotis_ws/install/robotis_controller_msgs/include/robotis_controller_msgs/robotis_controller_msgs/srv/detail/set_module__type_support.h
[1.117s] -- Up-to-date: /home/certezas/robotis_ws/install/robotis_controller_msgs/include/robotis_controller_msgs/robotis_controller_msgs/srv/detail/get_joint_module__functions.c
[1.117s] -- Up-to-date: /home/certezas/robotis_ws/install/robotis_controller_msgs/include/robotis_controller_msgs/robotis_controller_msgs/srv/detail/set_joint_module__type_support.h
[1.117s] -- Up-to-date: /home/certezas/robotis_ws/install/robotis_controller_msgs/include/robotis_controller_msgs/robotis_controller_msgs/srv/detail/load_offset__type_support.h
[1.117s] -- Up-to-date: /home/certezas/robotis_ws/install/robotis_controller_msgs/include/robotis_controller_msgs/robotis_controller_msgs/srv/detail/load_offset__functions.c
[1.118s] -- Up-to-date: /home/certezas/robotis_ws/install/robotis_controller_msgs/include/robotis_controller_msgs/robotis_controller_msgs/srv/detail/set_module__functions.h
[1.118s] -- Up-to-date: /home/certezas/robotis_ws/install/robotis_controller_msgs/include/robotis_controller_msgs/robotis_controller_msgs/srv/detail/set_joint_module__struct.h
[1.118s] -- Up-to-date: /home/certezas/robotis_ws/install/robotis_controller_msgs/include/robotis_controller_msgs/robotis_controller_msgs/srv/detail/load_offset__functions.h
[1.118s] -- Up-to-date: /home/certezas/robotis_ws/install/robotis_controller_msgs/include/robotis_controller_msgs/robotis_controller_msgs/srv/detail/load_offset__struct.h
[1.118s] -- Up-to-date: /home/certezas/robotis_ws/install/robotis_controller_msgs/include/robotis_controller_msgs/robotis_controller_msgs/srv/detail/get_joint_module__functions.h
[1.118s] -- Up-to-date: /home/certezas/robotis_ws/install/robotis_controller_msgs/include/robotis_controller_msgs/robotis_controller_msgs/srv/detail/set_module__struct.h
[1.118s] -- Up-to-date: /home/certezas/robotis_ws/install/robotis_controller_msgs/include/robotis_controller_msgs/robotis_controller_msgs/srv/detail/set_joint_module__functions.h
[1.119s] -- Up-to-date: /home/certezas/robotis_ws/install/robotis_controller_msgs/include/robotis_controller_msgs/robotis_controller_msgs/srv/set_joint_module.h
[1.119s] -- Up-to-date: /home/certezas/robotis_ws/install/robotis_controller_msgs/include/robotis_controller_msgs/robotis_controller_msgs/msg
[1.119s] -- Up-to-date: /home/certezas/robotis_ws/install/robotis_controller_msgs/include/robotis_controller_msgs/robotis_controller_msgs/msg/rosidl_generator_c__visibility_control.h
[1.119s] -- Up-to-date: /home/certezas/robotis_ws/install/robotis_controller_msgs/include/robotis_controller_msgs/robotis_controller_msgs/msg/write_control_table.h
[1.119s] -- Up-to-date: /home/certezas/robotis_ws/install/robotis_controller_msgs/include/robotis_controller_msgs/robotis_controller_msgs/msg/joint_ctrl_module.h
[1.119s] -- Up-to-date: /home/certezas/robotis_ws/install/robotis_controller_msgs/include/robotis_controller_msgs/robotis_controller_msgs/msg/status_msg.h
[1.119s] -- Up-to-date: /home/certezas/robotis_ws/install/robotis_controller_msgs/include/robotis_controller_msgs/robotis_controller_msgs/msg/sync_write_item.h
[1.119s] -- Up-to-date: /home/certezas/robotis_ws/install/robotis_controller_msgs/include/robotis_controller_msgs/robotis_controller_msgs/msg/detail
[1.119s] -- Up-to-date: /home/certezas/robotis_ws/install/robotis_controller_msgs/include/robotis_controller_msgs/robotis_controller_msgs/msg/detail/joint_ctrl_module__functions.c
[1.119s] -- Up-to-date: /home/certezas/robotis_ws/install/robotis_controller_msgs/include/robotis_controller_msgs/robotis_controller_msgs/msg/detail/sync_write_item__type_support.h
[1.119s] -- Up-to-date: /home/certezas/robotis_ws/install/robotis_controller_msgs/include/robotis_controller_msgs/robotis_controller_msgs/msg/detail/write_control_table__struct.h
[1.119s] -- Up-to-date: /home/certezas/robotis_ws/install/robotis_controller_msgs/include/robotis_controller_msgs/robotis_controller_msgs/msg/detail/sync_write_item__struct.h
[1.119s] -- Up-to-date: /home/certezas/robotis_ws/install/robotis_controller_msgs/include/robotis_controller_msgs/robotis_controller_msgs/msg/detail/sync_write_item__functions.h
[1.119s] -- Up-to-date: /home/certezas/robotis_ws/install/robotis_controller_msgs/include/robotis_controller_msgs/robotis_controller_msgs/msg/detail/status_msg__functions.h
[1.119s] -- Up-to-date: /home/certezas/robotis_ws/install/robotis_controller_msgs/include/robotis_controller_msgs/robotis_controller_msgs/msg/detail/sync_write_item__functions.c
[1.119s] -- Up-to-date: /home/certezas/robotis_ws/install/robotis_controller_msgs/include/robotis_controller_msgs/robotis_controller_msgs/msg/detail/joint_ctrl_module__functions.h
[1.119s] -- Up-to-date: /home/certezas/robotis_ws/install/robotis_controller_msgs/include/robotis_controller_msgs/robotis_controller_msgs/msg/detail/joint_ctrl_module__struct.h
[1.119s] -- Up-to-date: /home/certezas/robotis_ws/install/robotis_controller_msgs/include/robotis_controller_msgs/robotis_controller_msgs/msg/detail/status_msg__struct.h
[1.119s] -- Up-to-date: /home/certezas/robotis_ws/install/robotis_controller_msgs/include/robotis_controller_msgs/robotis_controller_msgs/msg/detail/write_control_table__functions.h
[1.120s] -- Up-to-date: /home/certezas/robotis_ws/install/robotis_controller_msgs/include/robotis_controller_msgs/robotis_controller_msgs/msg/detail/write_control_table__functions.c
[1.120s] -- Up-to-date: /home/certezas/robotis_ws/install/robotis_controller_msgs/include/robotis_controller_msgs/robotis_controller_msgs/msg/detail/write_control_table__type_support.h
[1.120s] -- Up-to-date: /home/certezas/robotis_ws/install/robotis_controller_msgs/include/robotis_controller_msgs/robotis_controller_msgs/msg/detail/status_msg__type_support.h
[1.120s] -- Up-to-date: /home/certezas/robotis_ws/install/robotis_controller_msgs/include/robotis_controller_msgs/robotis_controller_msgs/msg/detail/joint_ctrl_module__type_support.h
[1.120s] -- Up-to-date: /home/certezas/robotis_ws/install/robotis_controller_msgs/include/robotis_controller_msgs/robotis_controller_msgs/msg/detail/status_msg__functions.c
[1.120s] -- Up-to-date: /home/certezas/robotis_ws/install/robotis_controller_msgs/share/robotis_controller_msgs/environment/library_path.sh
[1.120s] -- Up-to-date: /home/certezas/robotis_ws/install/robotis_controller_msgs/share/robotis_controller_msgs/environment/library_path.dsv
[1.120s] -- Up-to-date: /home/certezas/robotis_ws/install/robotis_controller_msgs/lib/librobotis_controller_msgs__rosidl_generator_c.so
[1.120s] -- Up-to-date: /home/certezas/robotis_ws/install/robotis_controller_msgs/include/robotis_controller_msgs/robotis_controller_msgs
[1.120s] -- Up-to-date: /home/certezas/robotis_ws/install/robotis_controller_msgs/include/robotis_controller_msgs/robotis_controller_msgs/srv
[1.120s] -- Up-to-date: /home/certezas/robotis_ws/install/robotis_controller_msgs/include/robotis_controller_msgs/robotis_controller_msgs/srv/detail
[1.120s] -- Up-to-date: /home/certezas/robotis_ws/install/robotis_controller_msgs/include/robotis_controller_msgs/robotis_controller_msgs/srv/detail/set_module__rosidl_typesupport_fastrtps_c.h
[1.120s] -- Up-to-date: /home/certezas/robotis_ws/install/robotis_controller_msgs/include/robotis_controller_msgs/robotis_controller_msgs/srv/detail/load_offset__rosidl_typesupport_fastrtps_c.h
[1.120s] -- Up-to-date: /home/certezas/robotis_ws/install/robotis_controller_msgs/include/robotis_controller_msgs/robotis_controller_msgs/srv/detail/set_joint_module__rosidl_typesupport_fastrtps_c.h
[1.120s] -- Up-to-date: /home/certezas/robotis_ws/install/robotis_controller_msgs/include/robotis_controller_msgs/robotis_controller_msgs/srv/detail/get_joint_module__rosidl_typesupport_fastrtps_c.h
[1.120s] -- Up-to-date: /home/certezas/robotis_ws/install/robotis_controller_msgs/include/robotis_controller_msgs/robotis_controller_msgs/msg
[1.120s] -- Up-to-date: /home/certezas/robotis_ws/install/robotis_controller_msgs/include/robotis_controller_msgs/robotis_controller_msgs/msg/detail
[1.120s] -- Up-to-date: /home/certezas/robotis_ws/install/robotis_controller_msgs/include/robotis_controller_msgs/robotis_controller_msgs/msg/detail/write_control_table__rosidl_typesupport_fastrtps_c.h
[1.121s] -- Up-to-date: /home/certezas/robotis_ws/install/robotis_controller_msgs/include/robotis_controller_msgs/robotis_controller_msgs/msg/detail/status_msg__rosidl_typesupport_fastrtps_c.h
[1.121s] -- Up-to-date: /home/certezas/robotis_ws/install/robotis_controller_msgs/include/robotis_controller_msgs/robotis_controller_msgs/msg/detail/joint_ctrl_module__rosidl_typesupport_fastrtps_c.h
[1.121s] -- Up-to-date: /home/certezas/robotis_ws/install/robotis_controller_msgs/include/robotis_controller_msgs/robotis_controller_msgs/msg/detail/sync_write_item__rosidl_typesupport_fastrtps_c.h
[1.121s] -- Up-to-date: /home/certezas/robotis_ws/install/robotis_controller_msgs/include/robotis_controller_msgs/robotis_controller_msgs/msg/rosidl_typesupport_fastrtps_c__visibility_control.h
[1.121s] -- Up-to-date: /home/certezas/robotis_ws/install/robotis_controller_msgs/lib/librobotis_controller_msgs__rosidl_typesupport_fastrtps_c.so
[1.121s] -- Up-to-date: /home/certezas/robotis_ws/install/robotis_controller_msgs/include/robotis_controller_msgs/robotis_controller_msgs
[1.121s] -- Up-to-date: /home/certezas/robotis_ws/install/robotis_controller_msgs/include/robotis_controller_msgs/robotis_controller_msgs/srv
[1.121s] -- Up-to-date: /home/certezas/robotis_ws/install/robotis_controller_msgs/include/robotis_controller_msgs/robotis_controller_msgs/srv/set_module.hpp
[1.121s] -- Up-to-date: /home/certezas/robotis_ws/install/robotis_controller_msgs/include/robotis_controller_msgs/robotis_controller_msgs/srv/load_offset.hpp
[1.121s] -- Up-to-date: /home/certezas/robotis_ws/install/robotis_controller_msgs/include/robotis_controller_msgs/robotis_controller_msgs/srv/detail
[1.121s] -- Up-to-date: /home/certezas/robotis_ws/install/robotis_controller_msgs/include/robotis_controller_msgs/robotis_controller_msgs/srv/detail/set_module__traits.hpp
[1.121s] -- Up-to-date: /home/certezas/robotis_ws/install/robotis_controller_msgs/include/robotis_controller_msgs/robotis_controller_msgs/srv/detail/get_joint_module__struct.hpp
[1.121s] -- Up-to-date: /home/certezas/robotis_ws/install/robotis_controller_msgs/include/robotis_controller_msgs/robotis_controller_msgs/srv/detail/set_joint_module__traits.hpp
[1.121s] -- Up-to-date: /home/certezas/robotis_ws/install/robotis_controller_msgs/include/robotis_controller_msgs/robotis_controller_msgs/srv/detail/set_module__struct.hpp
[1.121s] -- Up-to-date: /home/certezas/robotis_ws/install/robotis_controller_msgs/include/robotis_controller_msgs/robotis_controller_msgs/srv/detail/get_joint_module__traits.hpp
[1.121s] -- Up-to-date: /home/certezas/robotis_ws/install/robotis_controller_msgs/include/robotis_controller_msgs/robotis_controller_msgs/srv/detail/get_joint_module__builder.hpp
[1.122s] -- Up-to-date: /home/certezas/robotis_ws/install/robotis_controller_msgs/include/robotis_controller_msgs/robotis_controller_msgs/srv/detail/set_module__builder.hpp
[1.122s] -- Up-to-date: /home/certezas/robotis_ws/install/robotis_controller_msgs/include/robotis_controller_msgs/robotis_controller_msgs/srv/detail/set_joint_module__builder.hpp
[1.122s] -- Up-to-date: /home/certezas/robotis_ws/install/robotis_controller_msgs/include/robotis_controller_msgs/robotis_controller_msgs/srv/detail/set_joint_module__type_support.hpp
[1.122s] -- Up-to-date: /home/certezas/robotis_ws/install/robotis_controller_msgs/include/robotis_controller_msgs/robotis_controller_msgs/srv/detail/load_offset__traits.hpp
[1.122s] -- Up-to-date: /home/certezas/robotis_ws/install/robotis_controller_msgs/include/robotis_controller_msgs/robotis_controller_msgs/srv/detail/load_offset__builder.hpp
[1.122s] -- Up-to-date: /home/certezas/robotis_ws/install/robotis_controller_msgs/include/robotis_controller_msgs/robotis_controller_msgs/srv/detail/load_offset__type_support.hpp
[1.122s] -- Up-to-date: /home/certezas/robotis_ws/install/robotis_controller_msgs/include/robotis_controller_msgs/robotis_controller_msgs/srv/detail/set_module__type_support.hpp
[1.122s] -- Up-to-date: /home/certezas/robotis_ws/install/robotis_controller_msgs/include/robotis_controller_msgs/robotis_controller_msgs/srv/detail/set_joint_module__struct.hpp
[1.122s] -- Up-to-date: /home/certezas/robotis_ws/install/robotis_controller_msgs/include/robotis_controller_msgs/robotis_controller_msgs/srv/detail/get_joint_module__type_support.hpp
[1.122s] -- Up-to-date: /home/certezas/robotis_ws/install/robotis_controller_msgs/include/robotis_controller_msgs/robotis_controller_msgs/srv/detail/load_offset__struct.hpp
[1.122s] -- Up-to-date: /home/certezas/robotis_ws/install/robotis_controller_msgs/include/robotis_controller_msgs/robotis_controller_msgs/srv/get_joint_module.hpp
[1.122s] -- Up-to-date: /home/certezas/robotis_ws/install/robotis_controller_msgs/include/robotis_controller_msgs/robotis_controller_msgs/srv/set_joint_module.hpp
[1.122s] -- Up-to-date: /home/certezas/robotis_ws/install/robotis_controller_msgs/include/robotis_controller_msgs/robotis_controller_msgs/msg
[1.122s] -- Up-to-date: /home/certezas/robotis_ws/install/robotis_controller_msgs/include/robotis_controller_msgs/robotis_controller_msgs/msg/write_control_table.hpp
[1.122s] -- Up-to-date: /home/certezas/robotis_ws/install/robotis_controller_msgs/include/robotis_controller_msgs/robotis_controller_msgs/msg/joint_ctrl_module.hpp
[1.122s] -- Up-to-date: /home/certezas/robotis_ws/install/robotis_controller_msgs/include/robotis_controller_msgs/robotis_controller_msgs/msg/status_msg.hpp
[1.122s] -- Up-to-date: /home/certezas/robotis_ws/install/robotis_controller_msgs/include/robotis_controller_msgs/robotis_controller_msgs/msg/rosidl_generator_cpp__visibility_control.hpp
[1.122s] -- Up-to-date: /home/certezas/robotis_ws/install/robotis_controller_msgs/include/robotis_controller_msgs/robotis_controller_msgs/msg/sync_write_item.hpp
[1.122s] -- Up-to-date: /home/certezas/robotis_ws/install/robotis_controller_msgs/include/robotis_controller_msgs/robotis_controller_msgs/msg/detail
[1.122s] -- Up-to-date: /home/certezas/robotis_ws/install/robotis_controller_msgs/include/robotis_controller_msgs/robotis_controller_msgs/msg/detail/joint_ctrl_module__builder.hpp
[1.123s] -- Up-to-date: /home/certezas/robotis_ws/install/robotis_controller_msgs/include/robotis_controller_msgs/robotis_controller_msgs/msg/detail/sync_write_item__traits.hpp
[1.123s] -- Up-to-date: /home/certezas/robotis_ws/install/robotis_controller_msgs/include/robotis_controller_msgs/robotis_controller_msgs/msg/detail/joint_ctrl_module__struct.hpp
[1.123s] -- Up-to-date: /home/certezas/robotis_ws/install/robotis_controller_msgs/include/robotis_controller_msgs/robotis_controller_msgs/msg/detail/write_control_table__traits.hpp
[1.123s] -- Up-to-date: /home/certezas/robotis_ws/install/robotis_controller_msgs/include/robotis_controller_msgs/robotis_controller_msgs/msg/detail/sync_write_item__type_support.hpp
[1.123s] -- Up-to-date: /home/certezas/robotis_ws/install/robotis_controller_msgs/include/robotis_controller_msgs/robotis_controller_msgs/msg/detail/joint_ctrl_module__traits.hpp
[1.123s] -- Up-to-date: /home/certezas/robotis_ws/install/robotis_controller_msgs/include/robotis_controller_msgs/robotis_controller_msgs/msg/detail/status_msg__type_support.hpp
[1.123s] -- Up-to-date: /home/certezas/robotis_ws/install/robotis_controller_msgs/include/robotis_controller_msgs/robotis_controller_msgs/msg/detail/status_msg__traits.hpp
[1.123s] -- Up-to-date: /home/certezas/robotis_ws/install/robotis_controller_msgs/include/robotis_controller_msgs/robotis_controller_msgs/msg/detail/write_control_table__type_support.hpp
[1.123s] -- Up-to-date: /home/certezas/robotis_ws/install/robotis_controller_msgs/include/robotis_controller_msgs/robotis_controller_msgs/msg/detail/write_control_table__struct.hpp
[1.123s] -- Up-to-date: /home/certezas/robotis_ws/install/robotis_controller_msgs/include/robotis_controller_msgs/robotis_controller_msgs/msg/detail/status_msg__builder.hpp
[1.123s] -- Up-to-date: /home/certezas/robotis_ws/install/robotis_controller_msgs/include/robotis_controller_msgs/robotis_controller_msgs/msg/detail/sync_write_item__builder.hpp
[1.123s] -- Up-to-date: /home/certezas/robotis_ws/install/robotis_controller_msgs/include/robotis_controller_msgs/robotis_controller_msgs/msg/detail/joint_ctrl_module__type_support.hpp
[1.123s] -- Up-to-date: /home/certezas/robotis_ws/install/robotis_controller_msgs/include/robotis_controller_msgs/robotis_controller_msgs/msg/detail/status_msg__struct.hpp
[1.123s] -- Up-to-date: /home/certezas/robotis_ws/install/robotis_controller_msgs/include/robotis_controller_msgs/robotis_controller_msgs/msg/detail/sync_write_item__struct.hpp
[1.124s] -- Up-to-date: /home/certezas/robotis_ws/install/robotis_controller_msgs/include/robotis_controller_msgs/robotis_controller_msgs/msg/detail/write_control_table__builder.hpp
[1.124s] -- Up-to-date: /home/certezas/robotis_ws/install/robotis_controller_msgs/include/robotis_controller_msgs/robotis_controller_msgs
[1.124s] -- Up-to-date: /home/certezas/robotis_ws/install/robotis_controller_msgs/include/robotis_controller_msgs/robotis_controller_msgs/srv
[1.124s] -- Up-to-date: /home/certezas/robotis_ws/install/robotis_controller_msgs/include/robotis_controller_msgs/robotis_controller_msgs/srv/detail
[1.124s] -- Up-to-date: /home/certezas/robotis_ws/install/robotis_controller_msgs/include/robotis_controller_msgs/robotis_controller_msgs/srv/detail/dds_fastrtps
[1.124s] -- Up-to-date: /home/certezas/robotis_ws/install/robotis_controller_msgs/include/robotis_controller_msgs/robotis_controller_msgs/srv/detail/set_joint_module__rosidl_typesupport_fastrtps_cpp.hpp
[1.124s] -- Up-to-date: /home/certezas/robotis_ws/install/robotis_controller_msgs/include/robotis_controller_msgs/robotis_controller_msgs/srv/detail/load_offset__rosidl_typesupport_fastrtps_cpp.hpp
[1.124s] -- Up-to-date: /home/certezas/robotis_ws/install/robotis_controller_msgs/include/robotis_controller_msgs/robotis_controller_msgs/srv/detail/set_module__rosidl_typesupport_fastrtps_cpp.hpp
[1.124s] -- Up-to-date: /home/certezas/robotis_ws/install/robotis_controller_msgs/include/robotis_controller_msgs/robotis_controller_msgs/srv/detail/get_joint_module__rosidl_typesupport_fastrtps_cpp.hpp
[1.124s] -- Up-to-date: /home/certezas/robotis_ws/install/robotis_controller_msgs/include/robotis_controller_msgs/robotis_controller_msgs/msg
[1.124s] -- Up-to-date: /home/certezas/robotis_ws/install/robotis_controller_msgs/include/robotis_controller_msgs/robotis_controller_msgs/msg/rosidl_typesupport_fastrtps_cpp__visibility_control.h
[1.125s] -- Up-to-date: /home/certezas/robotis_ws/install/robotis_controller_msgs/include/robotis_controller_msgs/robotis_controller_msgs/msg/detail
[1.125s] -- Up-to-date: /home/certezas/robotis_ws/install/robotis_controller_msgs/include/robotis_controller_msgs/robotis_controller_msgs/msg/detail/joint_ctrl_module__rosidl_typesupport_fastrtps_cpp.hpp
[1.125s] -- Up-to-date: /home/certezas/robotis_ws/install/robotis_controller_msgs/include/robotis_controller_msgs/robotis_controller_msgs/msg/detail/dds_fastrtps
[1.125s] -- Up-to-date: /home/certezas/robotis_ws/install/robotis_controller_msgs/include/robotis_controller_msgs/robotis_controller_msgs/msg/detail/status_msg__rosidl_typesupport_fastrtps_cpp.hpp
[1.125s] -- Up-to-date: /home/certezas/robotis_ws/install/robotis_controller_msgs/include/robotis_controller_msgs/robotis_controller_msgs/msg/detail/write_control_table__rosidl_typesupport_fastrtps_cpp.hpp
[1.125s] -- Up-to-date: /home/certezas/robotis_ws/install/robotis_controller_msgs/include/robotis_controller_msgs/robotis_controller_msgs/msg/detail/sync_write_item__rosidl_typesupport_fastrtps_cpp.hpp
[1.125s] -- Up-to-date: /home/certezas/robotis_ws/install/robotis_controller_msgs/lib/librobotis_controller_msgs__rosidl_typesupport_fastrtps_cpp.so
[1.125s] -- Up-to-date: /home/certezas/robotis_ws/install/robotis_controller_msgs/include/robotis_controller_msgs/robotis_controller_msgs
[1.125s] -- Up-to-date: /home/certezas/robotis_ws/install/robotis_controller_msgs/include/robotis_controller_msgs/robotis_controller_msgs/srv
[1.125s] -- Up-to-date: /home/certezas/robotis_ws/install/robotis_controller_msgs/include/robotis_controller_msgs/robotis_controller_msgs/srv/detail
[1.125s] -- Up-to-date: /home/certezas/robotis_ws/install/robotis_controller_msgs/include/robotis_controller_msgs/robotis_controller_msgs/srv/detail/set_joint_module__type_support.c
[1.125s] -- Up-to-date: /home/certezas/robotis_ws/install/robotis_controller_msgs/include/robotis_controller_msgs/robotis_controller_msgs/srv/detail/get_joint_module__type_support.c
[1.125s] -- Up-to-date: /home/certezas/robotis_ws/install/robotis_controller_msgs/include/robotis_controller_msgs/robotis_controller_msgs/srv/detail/set_module__type_support.c
[1.125s] -- Up-to-date: /home/certezas/robotis_ws/install/robotis_controller_msgs/include/robotis_controller_msgs/robotis_controller_msgs/srv/detail/get_joint_module__rosidl_typesupport_introspection_c.h
[1.125s] -- Up-to-date: /home/certezas/robotis_ws/install/robotis_controller_msgs/include/robotis_controller_msgs/robotis_controller_msgs/srv/detail/set_joint_module__rosidl_typesupport_introspection_c.h
[1.125s] -- Up-to-date: /home/certezas/robotis_ws/install/robotis_controller_msgs/include/robotis_controller_msgs/robotis_controller_msgs/srv/detail/load_offset__type_support.c
[1.126s] -- Up-to-date: /home/certezas/robotis_ws/install/robotis_controller_msgs/include/robotis_controller_msgs/robotis_controller_msgs/srv/detail/set_module__rosidl_typesupport_introspection_c.h
[1.126s] -- Up-to-date: /home/certezas/robotis_ws/install/robotis_controller_msgs/include/robotis_controller_msgs/robotis_controller_msgs/srv/detail/load_offset__rosidl_typesupport_introspection_c.h
[1.126s] -- Up-to-date: /home/certezas/robotis_ws/install/robotis_controller_msgs/include/robotis_controller_msgs/robotis_controller_msgs/msg
[1.126s] -- Up-to-date: /home/certezas/robotis_ws/install/robotis_controller_msgs/include/robotis_controller_msgs/robotis_controller_msgs/msg/rosidl_typesupport_introspection_c__visibility_control.h
[1.126s] -- Up-to-date: /home/certezas/robotis_ws/install/robotis_controller_msgs/include/robotis_controller_msgs/robotis_controller_msgs/msg/detail
[1.126s] -- Up-to-date: /home/certezas/robotis_ws/install/robotis_controller_msgs/include/robotis_controller_msgs/robotis_controller_msgs/msg/detail/status_msg__rosidl_typesupport_introspection_c.h
[1.126s] -- Up-to-date: /home/certezas/robotis_ws/install/robotis_controller_msgs/include/robotis_controller_msgs/robotis_controller_msgs/msg/detail/write_control_table__type_support.c
[1.126s] -- Up-to-date: /home/certezas/robotis_ws/install/robotis_controller_msgs/include/robotis_controller_msgs/robotis_controller_msgs/msg/detail/sync_write_item__type_support.c
[1.126s] -- Up-to-date: /home/certezas/robotis_ws/install/robotis_controller_msgs/include/robotis_controller_msgs/robotis_controller_msgs/msg/detail/joint_ctrl_module__rosidl_typesupport_introspection_c.h
[1.126s] -- Up-to-date: /home/certezas/robotis_ws/install/robotis_controller_msgs/include/robotis_controller_msgs/robotis_controller_msgs/msg/detail/sync_write_item__rosidl_typesupport_introspection_c.h
[1.130s] -- Up-to-date: /home/certezas/robotis_ws/install/robotis_controller_msgs/include/robotis_controller_msgs/robotis_controller_msgs/msg/detail/status_msg__type_support.c
[1.130s] -- Up-to-date: /home/certezas/robotis_ws/install/robotis_controller_msgs/include/robotis_controller_msgs/robotis_controller_msgs/msg/detail/joint_ctrl_module__type_support.c
[1.130s] -- Up-to-date: /home/certezas/robotis_ws/install/robotis_controller_msgs/include/robotis_controller_msgs/robotis_controller_msgs/msg/detail/write_control_table__rosidl_typesupport_introspection_c.h
[1.130s] -- Up-to-date: /home/certezas/robotis_ws/install/robotis_controller_msgs/lib/librobotis_controller_msgs__rosidl_typesupport_introspection_c.so
[1.130s] -- Up-to-date: /home/certezas/robotis_ws/install/robotis_controller_msgs/lib/librobotis_controller_msgs__rosidl_typesupport_c.so
[1.130s] -- Up-to-date: /home/certezas/robotis_ws/install/robotis_controller_msgs/include/robotis_controller_msgs/robotis_controller_msgs
[1.131s] -- Up-to-date: /home/certezas/robotis_ws/install/robotis_controller_msgs/include/robotis_controller_msgs/robotis_controller_msgs/srv
[1.131s] -- Up-to-date: /home/certezas/robotis_ws/install/robotis_controller_msgs/include/robotis_controller_msgs/robotis_controller_msgs/srv/detail
[1.131s] -- Up-to-date: /home/certezas/robotis_ws/install/robotis_controller_msgs/include/robotis_controller_msgs/robotis_controller_msgs/srv/detail/set_module__rosidl_typesupport_introspection_cpp.hpp
[1.131s] -- Up-to-date: /home/certezas/robotis_ws/install/robotis_controller_msgs/include/robotis_controller_msgs/robotis_controller_msgs/srv/detail/set_joint_module__rosidl_typesupport_introspection_cpp.hpp
[1.131s] -- Up-to-date: /home/certezas/robotis_ws/install/robotis_controller_msgs/include/robotis_controller_msgs/robotis_controller_msgs/srv/detail/get_joint_module__type_support.cpp
[1.131s] -- Up-to-date: /home/certezas/robotis_ws/install/robotis_controller_msgs/include/robotis_controller_msgs/robotis_controller_msgs/srv/detail/get_joint_module__rosidl_typesupport_introspection_cpp.hpp
[1.131s] -- Up-to-date: /home/certezas/robotis_ws/install/robotis_controller_msgs/include/robotis_controller_msgs/robotis_controller_msgs/srv/detail/load_offset__rosidl_typesupport_introspection_cpp.hpp
[1.131s] -- Up-to-date: /home/certezas/robotis_ws/install/robotis_controller_msgs/include/robotis_controller_msgs/robotis_controller_msgs/srv/detail/set_joint_module__type_support.cpp
[1.131s] -- Up-to-date: /home/certezas/robotis_ws/install/robotis_controller_msgs/include/robotis_controller_msgs/robotis_controller_msgs/srv/detail/load_offset__type_support.cpp
[1.131s] -- Up-to-date: /home/certezas/robotis_ws/install/robotis_controller_msgs/include/robotis_controller_msgs/robotis_controller_msgs/srv/detail/set_module__type_support.cpp
[1.131s] -- Up-to-date: /home/certezas/robotis_ws/install/robotis_controller_msgs/include/robotis_controller_msgs/robotis_controller_msgs/msg
[1.131s] -- Up-to-date: /home/certezas/robotis_ws/install/robotis_controller_msgs/include/robotis_controller_msgs/robotis_controller_msgs/msg/detail
[1.131s] -- Up-to-date: /home/certezas/robotis_ws/install/robotis_controller_msgs/include/robotis_controller_msgs/robotis_controller_msgs/msg/detail/write_control_table__type_support.cpp
[1.132s] -- Up-to-date: /home/certezas/robotis_ws/install/robotis_controller_msgs/include/robotis_controller_msgs/robotis_controller_msgs/msg/detail/write_control_table__rosidl_typesupport_introspection_cpp.hpp
[1.132s] -- Up-to-date: /home/certezas/robotis_ws/install/robotis_controller_msgs/include/robotis_controller_msgs/robotis_controller_msgs/msg/detail/joint_ctrl_module__rosidl_typesupport_introspection_cpp.hpp
[1.132s] -- Up-to-date: /home/certezas/robotis_ws/install/robotis_controller_msgs/include/robotis_controller_msgs/robotis_controller_msgs/msg/detail/sync_write_item__type_support.cpp
[1.132s] -- Up-to-date: /home/certezas/robotis_ws/install/robotis_controller_msgs/include/robotis_controller_msgs/robotis_controller_msgs/msg/detail/status_msg__rosidl_typesupport_introspection_cpp.hpp
[1.132s] -- Up-to-date: /home/certezas/robotis_ws/install/robotis_controller_msgs/include/robotis_controller_msgs/robotis_controller_msgs/msg/detail/sync_write_item__rosidl_typesupport_introspection_cpp.hpp
[1.132s] -- Up-to-date: /home/certezas/robotis_ws/install/robotis_controller_msgs/include/robotis_controller_msgs/robotis_controller_msgs/msg/detail/status_msg__type_support.cpp
[1.132s] -- Up-to-date: /home/certezas/robotis_ws/install/robotis_controller_msgs/include/robotis_controller_msgs/robotis_controller_msgs/msg/detail/joint_ctrl_module__type_support.cpp
[1.132s] -- Up-to-date: /home/certezas/robotis_ws/install/robotis_controller_msgs/lib/librobotis_controller_msgs__rosidl_typesupport_introspection_cpp.so
[1.132s] -- Up-to-date: /home/certezas/robotis_ws/install/robotis_controller_msgs/lib/librobotis_controller_msgs__rosidl_typesupport_cpp.so
[1.132s] -- Up-to-date: /home/certezas/robotis_ws/install/robotis_controller_msgs/share/robotis_controller_msgs/environment/pythonpath.sh
[1.132s] -- Up-to-date: /home/certezas/robotis_ws/install/robotis_controller_msgs/share/robotis_controller_msgs/environment/pythonpath.dsv
[1.132s] -- Up-to-date: /home/certezas/robotis_ws/install/robotis_controller_msgs/local/lib/python3.10/dist-packages/robotis_controller_msgs-0.1.4-py3.10.egg-info
[1.132s] -- Installing: /home/certezas/robotis_ws/install/robotis_controller_msgs/local/lib/python3.10/dist-packages/robotis_controller_msgs-0.1.4-py3.10.egg-info/PKG-INFO
[1.132s] -- Installing: /home/certezas/robotis_ws/install/robotis_controller_msgs/local/lib/python3.10/dist-packages/robotis_controller_msgs-0.1.4-py3.10.egg-info/dependency_links.txt
[1.132s] -- Installing: /home/certezas/robotis_ws/install/robotis_controller_msgs/local/lib/python3.10/dist-packages/robotis_controller_msgs-0.1.4-py3.10.egg-info/top_level.txt
[1.133s] -- Installing: /home/certezas/robotis_ws/install/robotis_controller_msgs/local/lib/python3.10/dist-packages/robotis_controller_msgs-0.1.4-py3.10.egg-info/SOURCES.txt
[1.133s] -- Up-to-date: /home/certezas/robotis_ws/install/robotis_controller_msgs/local/lib/python3.10/dist-packages/robotis_controller_msgs
[1.133s] -- Up-to-date: /home/certezas/robotis_ws/install/robotis_controller_msgs/local/lib/python3.10/dist-packages/robotis_controller_msgs/_robotis_controller_msgs_s.ep.rosidl_typesupport_introspection_c.c
[1.133s] -- Up-to-date: /home/certezas/robotis_ws/install/robotis_controller_msgs/local/lib/python3.10/dist-packages/robotis_controller_msgs/robotis_controller_msgs_s__rosidl_typesupport_fastrtps_c.cpython-310-x86_64-linux-gnu.so
[1.133s] -- Up-to-date: /home/certezas/robotis_ws/install/robotis_controller_msgs/local/lib/python3.10/dist-packages/robotis_controller_msgs/__init__.py
[1.133s] -- Up-to-date: /home/certezas/robotis_ws/install/robotis_controller_msgs/local/lib/python3.10/dist-packages/robotis_controller_msgs/_robotis_controller_msgs_s.ep.rosidl_typesupport_c.c
[1.133s] -- Up-to-date: /home/certezas/robotis_ws/install/robotis_controller_msgs/local/lib/python3.10/dist-packages/robotis_controller_msgs/srv
[1.133s] -- Up-to-date: /home/certezas/robotis_ws/install/robotis_controller_msgs/local/lib/python3.10/dist-packages/robotis_controller_msgs/srv/_set_module_s.c
[1.133s] -- Up-to-date: /home/certezas/robotis_ws/install/robotis_controller_msgs/local/lib/python3.10/dist-packages/robotis_controller_msgs/srv/_load_offset.py
[1.133s] -- Up-to-date: /home/certezas/robotis_ws/install/robotis_controller_msgs/local/lib/python3.10/dist-packages/robotis_controller_msgs/srv/_get_joint_module_s.c
[1.133s] -- Up-to-date: /home/certezas/robotis_ws/install/robotis_controller_msgs/local/lib/python3.10/dist-packages/robotis_controller_msgs/srv/_set_joint_module_s.c
[1.133s] -- Up-to-date: /home/certezas/robotis_ws/install/robotis_controller_msgs/local/lib/python3.10/dist-packages/robotis_controller_msgs/srv/_set_joint_module.py
[1.133s] -- Up-to-date: /home/certezas/robotis_ws/install/robotis_controller_msgs/local/lib/python3.10/dist-packages/robotis_controller_msgs/srv/__init__.py
[1.134s] -- Up-to-date: /home/certezas/robotis_ws/install/robotis_controller_msgs/local/lib/python3.10/dist-packages/robotis_controller_msgs/srv/_load_offset_s.c
[1.134s] -- Up-to-date: /home/certezas/robotis_ws/install/robotis_controller_msgs/local/lib/python3.10/dist-packages/robotis_controller_msgs/srv/_get_joint_module.py
[1.134s] -- Up-to-date: /home/certezas/robotis_ws/install/robotis_controller_msgs/local/lib/python3.10/dist-packages/robotis_controller_msgs/srv/_set_module.py
[1.134s] -- Up-to-date: /home/certezas/robotis_ws/install/robotis_controller_msgs/local/lib/python3.10/dist-packages/robotis_controller_msgs/robotis_controller_msgs_s__rosidl_typesupport_introspection_c.cpython-310-x86_64-linux-gnu.so
[1.134s] -- Up-to-date: /home/certezas/robotis_ws/install/robotis_controller_msgs/local/lib/python3.10/dist-packages/robotis_controller_msgs/_robotis_controller_msgs_s.ep.rosidl_typesupport_fastrtps_c.c
[1.134s] -- Up-to-date: /home/certezas/robotis_ws/install/robotis_controller_msgs/local/lib/python3.10/dist-packages/robotis_controller_msgs/msg
[1.134s] -- Up-to-date: /home/certezas/robotis_ws/install/robotis_controller_msgs/local/lib/python3.10/dist-packages/robotis_controller_msgs/msg/_status_msg.py
[1.134s] -- Up-to-date: /home/certezas/robotis_ws/install/robotis_controller_msgs/local/lib/python3.10/dist-packages/robotis_controller_msgs/msg/_write_control_table_s.c
[1.134s] -- Up-to-date: /home/certezas/robotis_ws/install/robotis_controller_msgs/local/lib/python3.10/dist-packages/robotis_controller_msgs/msg/__init__.py
[1.134s] -- Up-to-date: /home/certezas/robotis_ws/install/robotis_controller_msgs/local/lib/python3.10/dist-packages/robotis_controller_msgs/msg/_status_msg_s.c
[1.134s] -- Up-to-date: /home/certezas/robotis_ws/install/robotis_controller_msgs/local/lib/python3.10/dist-packages/robotis_controller_msgs/msg/_joint_ctrl_module_s.c
[1.135s] -- Up-to-date: /home/certezas/robotis_ws/install/robotis_controller_msgs/local/lib/python3.10/dist-packages/robotis_controller_msgs/msg/_sync_write_item.py
[1.135s] -- Up-to-date: /home/certezas/robotis_ws/install/robotis_controller_msgs/local/lib/python3.10/dist-packages/robotis_controller_msgs/msg/_joint_ctrl_module.py
[1.135s] -- Up-to-date: /home/certezas/robotis_ws/install/robotis_controller_msgs/local/lib/python3.10/dist-packages/robotis_controller_msgs/msg/_sync_write_item_s.c
[1.135s] -- Up-to-date: /home/certezas/robotis_ws/install/robotis_controller_msgs/local/lib/python3.10/dist-packages/robotis_controller_msgs/msg/_write_control_table.py
[1.135s] -- Up-to-date: /home/certezas/robotis_ws/install/robotis_controller_msgs/local/lib/python3.10/dist-packages/robotis_controller_msgs/librobotis_controller_msgs__rosidl_generator_py.so
[1.135s] -- Up-to-date: /home/certezas/robotis_ws/install/robotis_controller_msgs/local/lib/python3.10/dist-packages/robotis_controller_msgs/robotis_controller_msgs_s__rosidl_typesupport_c.cpython-310-x86_64-linux-gnu.so
[1.163s] Listing '/home/certezas/robotis_ws/install/robotis_controller_msgs/local/lib/python3.10/dist-packages/robotis_controller_msgs'...
[1.163s] Listing '/home/certezas/robotis_ws/install/robotis_controller_msgs/local/lib/python3.10/dist-packages/robotis_controller_msgs/msg'...
[1.163s] Listing '/home/certezas/robotis_ws/install/robotis_controller_msgs/local/lib/python3.10/dist-packages/robotis_controller_msgs/srv'...
[1.169s] -- Up-to-date: /home/certezas/robotis_ws/install/robotis_controller_msgs/local/lib/python3.10/dist-packages/robotis_controller_msgs/robotis_controller_msgs_s__rosidl_typesupport_fastrtps_c.cpython-310-x86_64-linux-gnu.so
[1.169s] -- Up-to-date: /home/certezas/robotis_ws/install/robotis_controller_msgs/local/lib/python3.10/dist-packages/robotis_controller_msgs/robotis_controller_msgs_s__rosidl_typesupport_introspection_c.cpython-310-x86_64-linux-gnu.so
[1.169s] -- Up-to-date: /home/certezas/robotis_ws/install/robotis_controller_msgs/local/lib/python3.10/dist-packages/robotis_controller_msgs/robotis_controller_msgs_s__rosidl_typesupport_c.cpython-310-x86_64-linux-gnu.so
[1.169s] -- Up-to-date: /home/certezas/robotis_ws/install/robotis_controller_msgs/lib/librobotis_controller_msgs__rosidl_generator_py.so
[1.169s] -- Up-to-date: /home/certezas/robotis_ws/install/robotis_controller_msgs/share/robotis_controller_msgs/msg/SyncWriteItem.idl
[1.169s] -- Up-to-date: /home/certezas/robotis_ws/install/robotis_controller_msgs/share/robotis_controller_msgs/msg/JointCtrlModule.idl
[1.169s] -- Up-to-date: /home/certezas/robotis_ws/install/robotis_controller_msgs/share/robotis_controller_msgs/msg/StatusMsg.idl
[1.170s] -- Up-to-date: /home/certezas/robotis_ws/install/robotis_controller_msgs/share/robotis_controller_msgs/msg/WriteControlTable.idl
[1.170s] -- Up-to-date: /home/certezas/robotis_ws/install/robotis_controller_msgs/share/robotis_controller_msgs/srv/GetJointModule.idl
[1.170s] -- Up-to-date: /home/certezas/robotis_ws/install/robotis_controller_msgs/share/robotis_controller_msgs/srv/SetJointModule.idl
[1.170s] -- Up-to-date: /home/certezas/robotis_ws/install/robotis_controller_msgs/share/robotis_controller_msgs/srv/SetModule.idl
[1.170s] -- Up-to-date: /home/certezas/robotis_ws/install/robotis_controller_msgs/share/robotis_controller_msgs/srv/LoadOffset.idl
[1.170s] -- Up-to-date: /home/certezas/robotis_ws/install/robotis_controller_msgs/share/robotis_controller_msgs/msg/SyncWriteItem.msg
[1.170s] -- Up-to-date: /home/certezas/robotis_ws/install/robotis_controller_msgs/share/robotis_controller_msgs/msg/JointCtrlModule.msg
[1.170s] -- Up-to-date: /home/certezas/robotis_ws/install/robotis_controller_msgs/share/robotis_controller_msgs/msg/StatusMsg.msg
[1.170s] -- Up-to-date: /home/certezas/robotis_ws/install/robotis_controller_msgs/share/robotis_controller_msgs/msg/WriteControlTable.msg
[1.170s] -- Up-to-date: /home/certezas/robotis_ws/install/robotis_controller_msgs/share/robotis_controller_msgs/srv/GetJointModule.srv
[1.170s] -- Up-to-date: /home/certezas/robotis_ws/install/robotis_controller_msgs/share/robotis_controller_msgs/srv/GetJointModule_Request.msg
[1.170s] -- Up-to-date: /home/certezas/robotis_ws/install/robotis_controller_msgs/share/robotis_controller_msgs/srv/GetJointModule_Response.msg
[1.171s] -- Up-to-date: /home/certezas/robotis_ws/install/robotis_controller_msgs/share/robotis_controller_msgs/srv/SetJointModule.srv
[1.171s] -- Up-to-date: /home/certezas/robotis_ws/install/robotis_controller_msgs/share/robotis_controller_msgs/srv/SetJointModule_Request.msg
[1.171s] -- Up-to-date: /home/certezas/robotis_ws/install/robotis_controller_msgs/share/robotis_controller_msgs/srv/SetJointModule_Response.msg
[1.171s] -- Up-to-date: /home/certezas/robotis_ws/install/robotis_controller_msgs/share/robotis_controller_msgs/srv/SetModule.srv
[1.171s] -- Up-to-date: /home/certezas/robotis_ws/install/robotis_controller_msgs/share/robotis_controller_msgs/srv/SetModule_Request.msg
[1.171s] -- Up-to-date: /home/certezas/robotis_ws/install/robotis_controller_msgs/share/robotis_controller_msgs/srv/SetModule_Response.msg
[1.171s] -- Up-to-date: /home/certezas/robotis_ws/install/robotis_controller_msgs/share/robotis_controller_msgs/srv/LoadOffset.srv
[1.171s] -- Up-to-date: /home/certezas/robotis_ws/install/robotis_controller_msgs/share/robotis_controller_msgs/srv/LoadOffset_Request.msg
[1.171s] -- Up-to-date: /home/certezas/robotis_ws/install/robotis_controller_msgs/share/robotis_controller_msgs/srv/LoadOffset_Response.msg
[1.171s] -- Up-to-date: /home/certezas/robotis_ws/install/robotis_controller_msgs/share/ament_index/resource_index/package_run_dependencies/robotis_controller_msgs
[1.171s] -- Up-to-date: /home/certezas/robotis_ws/install/robotis_controller_msgs/share/ament_index/resource_index/parent_prefix_path/robotis_controller_msgs
[1.171s] -- Up-to-date: /home/certezas/robotis_ws/install/robotis_controller_msgs/share/robotis_controller_msgs/environment/ament_prefix_path.sh
[1.171s] -- Up-to-date: /home/certezas/robotis_ws/install/robotis_controller_msgs/share/robotis_controller_msgs/environment/ament_prefix_path.dsv
[1.171s] -- Up-to-date: /home/certezas/robotis_ws/install/robotis_controller_msgs/share/robotis_controller_msgs/environment/path.sh
[1.171s] -- Up-to-date: /home/certezas/robotis_ws/install/robotis_controller_msgs/share/robotis_controller_msgs/environment/path.dsv
[1.172s] -- Up-to-date: /home/certezas/robotis_ws/install/robotis_controller_msgs/share/robotis_controller_msgs/local_setup.bash
[1.172s] -- Up-to-date: /home/certezas/robotis_ws/install/robotis_controller_msgs/share/robotis_controller_msgs/local_setup.sh
[1.172s] -- Up-to-date: /home/certezas/robotis_ws/install/robotis_controller_msgs/share/robotis_controller_msgs/local_setup.zsh
[1.172s] -- Up-to-date: /home/certezas/robotis_ws/install/robotis_controller_msgs/share/robotis_controller_msgs/local_setup.dsv
[1.172s] -- Installing: /home/certezas/robotis_ws/install/robotis_controller_msgs/share/robotis_controller_msgs/package.dsv
[1.172s] -- Up-to-date: /home/certezas/robotis_ws/install/robotis_controller_msgs/share/ament_index/resource_index/packages/robotis_controller_msgs
[1.172s] -- Up-to-date: /home/certezas/robotis_ws/install/robotis_controller_msgs/share/robotis_controller_msgs/cmake/export_robotis_controller_msgs__rosidl_generator_cExport.cmake
[1.172s] -- Up-to-date: /home/certezas/robotis_ws/install/robotis_controller_msgs/share/robotis_controller_msgs/cmake/export_robotis_controller_msgs__rosidl_generator_cExport-noconfig.cmake
[1.172s] -- Up-to-date: /home/certezas/robotis_ws/install/robotis_controller_msgs/share/robotis_controller_msgs/cmake/export_robotis_controller_msgs__rosidl_typesupport_fastrtps_cExport.cmake
[1.172s] -- Up-to-date: /home/certezas/robotis_ws/install/robotis_controller_msgs/share/robotis_controller_msgs/cmake/export_robotis_controller_msgs__rosidl_typesupport_fastrtps_cExport-noconfig.cmake
[1.173s] -- Up-to-date: /home/certezas/robotis_ws/install/robotis_controller_msgs/share/robotis_controller_msgs/cmake/export_robotis_controller_msgs__rosidl_generator_cppExport.cmake
[1.173s] -- Up-to-date: /home/certezas/robotis_ws/install/robotis_controller_msgs/share/robotis_controller_msgs/cmake/export_robotis_controller_msgs__rosidl_typesupport_fastrtps_cppExport.cmake
[1.173s] -- Up-to-date: /home/certezas/robotis_ws/install/robotis_controller_msgs/share/robotis_controller_msgs/cmake/export_robotis_controller_msgs__rosidl_typesupport_fastrtps_cppExport-noconfig.cmake
[1.173s] -- Up-to-date: /home/certezas/robotis_ws/install/robotis_controller_msgs/share/robotis_controller_msgs/cmake/robotis_controller_msgs__rosidl_typesupport_introspection_cExport.cmake
[1.173s] -- Up-to-date: /home/certezas/robotis_ws/install/robotis_controller_msgs/share/robotis_controller_msgs/cmake/robotis_controller_msgs__rosidl_typesupport_introspection_cExport-noconfig.cmake
[1.173s] -- Up-to-date: /home/certezas/robotis_ws/install/robotis_controller_msgs/share/robotis_controller_msgs/cmake/robotis_controller_msgs__rosidl_typesupport_cExport.cmake
[1.173s] -- Up-to-date: /home/certezas/robotis_ws/install/robotis_controller_msgs/share/robotis_controller_msgs/cmake/robotis_controller_msgs__rosidl_typesupport_cExport-noconfig.cmake
[1.173s] -- Up-to-date: /home/certezas/robotis_ws/install/robotis_controller_msgs/share/robotis_controller_msgs/cmake/robotis_controller_msgs__rosidl_typesupport_introspection_cppExport.cmake
[1.173s] -- Up-to-date: /home/certezas/robotis_ws/install/robotis_controller_msgs/share/robotis_controller_msgs/cmake/robotis_controller_msgs__rosidl_typesupport_introspection_cppExport-noconfig.cmake
[1.174s] -- Up-to-date: /home/certezas/robotis_ws/install/robotis_controller_msgs/share/robotis_controller_msgs/cmake/robotis_controller_msgs__rosidl_typesupport_cppExport.cmake
[1.174s] -- Up-to-date: /home/certezas/robotis_ws/install/robotis_controller_msgs/share/robotis_controller_msgs/cmake/robotis_controller_msgs__rosidl_typesupport_cppExport-noconfig.cmake
[1.174s] -- Up-to-date: /home/certezas/robotis_ws/install/robotis_controller_msgs/share/robotis_controller_msgs/cmake/export_robotis_controller_msgs__rosidl_generator_pyExport.cmake
[1.174s] -- Up-to-date: /home/certezas/robotis_ws/install/robotis_controller_msgs/share/robotis_controller_msgs/cmake/export_robotis_controller_msgs__rosidl_generator_pyExport-noconfig.cmake
[1.174s] -- Up-to-date: /home/certezas/robotis_ws/install/robotis_controller_msgs/share/robotis_controller_msgs/cmake/rosidl_cmake-extras.cmake
[1.174s] -- Up-to-date: /home/certezas/robotis_ws/install/robotis_controller_msgs/share/robotis_controller_msgs/cmake/ament_cmake_export_dependencies-extras.cmake
[1.174s] -- Up-to-date: /home/certezas/robotis_ws/install/robotis_controller_msgs/share/robotis_controller_msgs/cmake/ament_cmake_export_include_directories-extras.cmake
[1.174s] -- Up-to-date: /home/certezas/robotis_ws/install/robotis_controller_msgs/share/robotis_controller_msgs/cmake/ament_cmake_export_libraries-extras.cmake
[1.174s] -- Up-to-date: /home/certezas/robotis_ws/install/robotis_controller_msgs/share/robotis_controller_msgs/cmake/ament_cmake_export_targets-extras.cmake
[1.174s] -- Up-to-date: /home/certezas/robotis_ws/install/robotis_controller_msgs/share/robotis_controller_msgs/cmake/rosidl_cmake_export_typesupport_targets-extras.cmake
[1.174s] -- Up-to-date: /home/certezas/robotis_ws/install/robotis_controller_msgs/share/robotis_controller_msgs/cmake/rosidl_cmake_export_typesupport_libraries-extras.cmake
[1.174s] -- Up-to-date: /home/certezas/robotis_ws/install/robotis_controller_msgs/share/robotis_controller_msgs/cmake/robotis_controller_msgsConfig.cmake
[1.175s] -- Up-to-date: /home/certezas/robotis_ws/install/robotis_controller_msgs/share/robotis_controller_msgs/cmake/robotis_controller_msgsConfig-version.cmake
[1.175s] -- Up-to-date: /home/certezas/robotis_ws/install/robotis_controller_msgs/share/robotis_controller_msgs/package.xml
[1.313s] Invoked command in '/home/certezas/robotis_ws/build/robotis_controller_msgs' returned '0': CMAKE_PREFIX_PATH=${CMAKE_PREFIX_PATH}:/opt/ros/humble /usr/bin/cmake --install /home/certezas/robotis_ws/build/robotis_controller_msgs
