[0.517s] Invoking command in '/home/certezas/robotis_ws/build/op3_demo': CMAKE_PREFIX_PATH=/home/certezas/robotis_ws/install/op3_manager:/home/certezas/robotis_ws/install/robotis_controller:/home/certezas/robotis_ws/install/open_cr_module:/home/certezas/robotis_ws/install/op3_walking_module:/home/certezas/robotis_ws/install/op3_tuning_module:/home/certezas/robotis_ws/install/op3_online_walking_module:/home/certezas/robotis_ws/install/op3_head_control_module:/home/certezas/robotis_ws/install/op3_direct_control_module:/home/certezas/robotis_ws/install/op3_base_module:/home/certezas/robotis_ws/install/op3_action_module:/home/certezas/robotis_ws/install/robotis_framework_common:/home/certezas/robotis_ws/install/robotis_device:/home/certezas/robotis_ws/install/op3_localization:/home/certezas/robotis_ws/install/op3_kinematics_dynamics:/home/certezas/robotis_ws/install/op3_camera_setting_tool:/home/certezas/robotis_ws/install/op3_balance_control:/home/certezas/robotis_ws/install/ros_madplay_player:/home/certezas/robotis_ws/install/robotis_math:/home/certezas/robotis_ws/install/robotis_controller_msgs:/home/certezas/robotis_ws/install/op3_web_setting_tool:/home/certezas/robotis_ws/install/op3_walking_module_msgs:/home/certezas/robotis_ws/install/op3_tuning_module_msgs:/home/certezas/robotis_ws/install/op3_online_walking_module_msgs:/home/certezas/robotis_ws/install/op3_camera_setting_tool_msgs:/home/certezas/robotis_ws/install/op3_ball_detector_msgs:/home/certezas/robotis_ws/install/op3_action_module_msgs:/home/certezas/robotis_ws/install/dynamixel_sdk:/home/certezas/robotis_ws/install/op3_action_editor:/home/certezas/robotis_ws/install/ros_mpg321_player:/home/certezas/robotis_ws/install/op3_demo:/home/certezas/robotis_ws/install/op3_read_write_demo:/home/certezas/robotis_ws/install/op3_bringup:/home/certezas/robotis_ws/install/op3_offset_tuner_server:/home/certezas/robotis_ws/install/op3_kajita_walking_module:/home/certezas/robotis_ws/install/op3_gui_demo:/home/certezas/robotis_ws/install/rf_gz_bridge:/home/certezas/robotis_ws/install/op3_webots_ros2:/home/certezas/robotis_ws/install/op3_tuner_client:/home/certezas/robotis_ws/install/op3_offset_tuner_client:/home/certezas/robotis_ws/install/op3_offset_tuner_msgs:/home/certezas/robotis_ws/install/op3_navigation:/home/certezas/robotis_ws/install/op3_gazebo_ros2:/home/certezas/robotis_ws/install/op3_description:/home/certezas/robotis_ws/install/dynamixel_sdk_examples:/home/certezas/robotis_ws/install/dynamixel_sdk_custom_interfaces:/opt/ros/humble LD_LIBRARY_PATH=/home/certezas/robotis_ws/install/robotis_controller/lib:/home/certezas/robotis_ws/install/open_cr_module/lib:/home/certezas/robotis_ws/install/op3_walking_module/lib:/home/certezas/robotis_ws/install/op3_online_walking_module/lib:/home/certezas/robotis_ws/install/op3_action_module/lib:/home/certezas/robotis_ws/install/robotis_device/lib:/home/certezas/robotis_ws/install/op3_kinematics_dynamics/lib:/home/certezas/robotis_ws/install/op3_balance_control/lib:/home/certezas/robotis_ws/install/robotis_controller_msgs/lib:/home/certezas/robotis_ws/install/op3_walking_module_msgs/lib:/home/certezas/robotis_ws/install/op3_tuning_module_msgs/lib:/home/certezas/robotis_ws/install/op3_online_walking_module_msgs/lib:/home/certezas/robotis_ws/install/op3_camera_setting_tool_msgs/lib:/home/certezas/robotis_ws/install/op3_ball_detector_msgs/lib:/home/certezas/robotis_ws/install/op3_action_module_msgs/lib:/home/certezas/robotis_ws/install/dynamixel_sdk/lib:/home/certezas/robotis_ws/install/op3_tuning_module/lib:/home/certezas/robotis_ws/install/op3_direct_control_module/lib:/home/certezas/robotis_ws/install/op3_base_module/lib:/home/certezas/robotis_ws/install/op3_head_control_module/lib:/home/certezas/robotis_ws/install/robotis_math/lib:/home/certezas/robotis_ws/install/op3_offset_tuner_msgs/lib:/home/certezas/robotis_ws/install/dynamixel_sdk_custom_interfaces/lib:/opt/ros/humble/opt/rviz_ogre_vendor/lib:/opt/ros/humble/lib/x86_64-linux-gnu:/opt/ros/humble/lib /usr/bin/cmake --build /home/certezas/robotis_ws/build/op3_demo -- -j12 -l12
[1.781s] [ 44%] Built target op_demo_node
[1.803s] [100%] Built target self_test_node
[1.811s] Invoked command in '/home/certezas/robotis_ws/build/op3_demo' returned '0': CMAKE_PREFIX_PATH=/home/certezas/robotis_ws/install/op3_manager:/home/certezas/robotis_ws/install/robotis_controller:/home/certezas/robotis_ws/install/open_cr_module:/home/certezas/robotis_ws/install/op3_walking_module:/home/certezas/robotis_ws/install/op3_tuning_module:/home/certezas/robotis_ws/install/op3_online_walking_module:/home/certezas/robotis_ws/install/op3_head_control_module:/home/certezas/robotis_ws/install/op3_direct_control_module:/home/certezas/robotis_ws/install/op3_base_module:/home/certezas/robotis_ws/install/op3_action_module:/home/certezas/robotis_ws/install/robotis_framework_common:/home/certezas/robotis_ws/install/robotis_device:/home/certezas/robotis_ws/install/op3_localization:/home/certezas/robotis_ws/install/op3_kinematics_dynamics:/home/certezas/robotis_ws/install/op3_camera_setting_tool:/home/certezas/robotis_ws/install/op3_balance_control:/home/certezas/robotis_ws/install/ros_madplay_player:/home/certezas/robotis_ws/install/robotis_math:/home/certezas/robotis_ws/install/robotis_controller_msgs:/home/certezas/robotis_ws/install/op3_web_setting_tool:/home/certezas/robotis_ws/install/op3_walking_module_msgs:/home/certezas/robotis_ws/install/op3_tuning_module_msgs:/home/certezas/robotis_ws/install/op3_online_walking_module_msgs:/home/certezas/robotis_ws/install/op3_camera_setting_tool_msgs:/home/certezas/robotis_ws/install/op3_ball_detector_msgs:/home/certezas/robotis_ws/install/op3_action_module_msgs:/home/certezas/robotis_ws/install/dynamixel_sdk:/home/certezas/robotis_ws/install/op3_action_editor:/home/certezas/robotis_ws/install/ros_mpg321_player:/home/certezas/robotis_ws/install/op3_demo:/home/certezas/robotis_ws/install/op3_read_write_demo:/home/certezas/robotis_ws/install/op3_bringup:/home/certezas/robotis_ws/install/op3_offset_tuner_server:/home/certezas/robotis_ws/install/op3_kajita_walking_module:/home/certezas/robotis_ws/install/op3_gui_demo:/home/certezas/robotis_ws/install/rf_gz_bridge:/home/certezas/robotis_ws/install/op3_webots_ros2:/home/certezas/robotis_ws/install/op3_tuner_client:/home/certezas/robotis_ws/install/op3_offset_tuner_client:/home/certezas/robotis_ws/install/op3_offset_tuner_msgs:/home/certezas/robotis_ws/install/op3_navigation:/home/certezas/robotis_ws/install/op3_gazebo_ros2:/home/certezas/robotis_ws/install/op3_description:/home/certezas/robotis_ws/install/dynamixel_sdk_examples:/home/certezas/robotis_ws/install/dynamixel_sdk_custom_interfaces:/opt/ros/humble LD_LIBRARY_PATH=/home/certezas/robotis_ws/install/robotis_controller/lib:/home/certezas/robotis_ws/install/open_cr_module/lib:/home/certezas/robotis_ws/install/op3_walking_module/lib:/home/certezas/robotis_ws/install/op3_online_walking_module/lib:/home/certezas/robotis_ws/install/op3_action_module/lib:/home/certezas/robotis_ws/install/robotis_device/lib:/home/certezas/robotis_ws/install/op3_kinematics_dynamics/lib:/home/certezas/robotis_ws/install/op3_balance_control/lib:/home/certezas/robotis_ws/install/robotis_controller_msgs/lib:/home/certezas/robotis_ws/install/op3_walking_module_msgs/lib:/home/certezas/robotis_ws/install/op3_tuning_module_msgs/lib:/home/certezas/robotis_ws/install/op3_online_walking_module_msgs/lib:/home/certezas/robotis_ws/install/op3_camera_setting_tool_msgs/lib:/home/certezas/robotis_ws/install/op3_ball_detector_msgs/lib:/home/certezas/robotis_ws/install/op3_action_module_msgs/lib:/home/certezas/robotis_ws/install/dynamixel_sdk/lib:/home/certezas/robotis_ws/install/op3_tuning_module/lib:/home/certezas/robotis_ws/install/op3_direct_control_module/lib:/home/certezas/robotis_ws/install/op3_base_module/lib:/home/certezas/robotis_ws/install/op3_head_control_module/lib:/home/certezas/robotis_ws/install/robotis_math/lib:/home/certezas/robotis_ws/install/op3_offset_tuner_msgs/lib:/home/certezas/robotis_ws/install/dynamixel_sdk_custom_interfaces/lib:/opt/ros/humble/opt/rviz_ogre_vendor/lib:/opt/ros/humble/lib/x86_64-linux-gnu:/opt/ros/humble/lib /usr/bin/cmake --build /home/certezas/robotis_ws/build/op3_demo -- -j12 -l12
[1.865s] Invoking command in '/home/certezas/robotis_ws/build/op3_demo': CMAKE_PREFIX_PATH=/home/certezas/robotis_ws/install/op3_manager:/home/certezas/robotis_ws/install/robotis_controller:/home/certezas/robotis_ws/install/open_cr_module:/home/certezas/robotis_ws/install/op3_walking_module:/home/certezas/robotis_ws/install/op3_tuning_module:/home/certezas/robotis_ws/install/op3_online_walking_module:/home/certezas/robotis_ws/install/op3_head_control_module:/home/certezas/robotis_ws/install/op3_direct_control_module:/home/certezas/robotis_ws/install/op3_base_module:/home/certezas/robotis_ws/install/op3_action_module:/home/certezas/robotis_ws/install/robotis_framework_common:/home/certezas/robotis_ws/install/robotis_device:/home/certezas/robotis_ws/install/op3_localization:/home/certezas/robotis_ws/install/op3_kinematics_dynamics:/home/certezas/robotis_ws/install/op3_camera_setting_tool:/home/certezas/robotis_ws/install/op3_balance_control:/home/certezas/robotis_ws/install/ros_madplay_player:/home/certezas/robotis_ws/install/robotis_math:/home/certezas/robotis_ws/install/robotis_controller_msgs:/home/certezas/robotis_ws/install/op3_web_setting_tool:/home/certezas/robotis_ws/install/op3_walking_module_msgs:/home/certezas/robotis_ws/install/op3_tuning_module_msgs:/home/certezas/robotis_ws/install/op3_online_walking_module_msgs:/home/certezas/robotis_ws/install/op3_camera_setting_tool_msgs:/home/certezas/robotis_ws/install/op3_ball_detector_msgs:/home/certezas/robotis_ws/install/op3_action_module_msgs:/home/certezas/robotis_ws/install/dynamixel_sdk:/home/certezas/robotis_ws/install/op3_action_editor:/home/certezas/robotis_ws/install/ros_mpg321_player:/home/certezas/robotis_ws/install/op3_demo:/home/certezas/robotis_ws/install/op3_read_write_demo:/home/certezas/robotis_ws/install/op3_bringup:/home/certezas/robotis_ws/install/op3_offset_tuner_server:/home/certezas/robotis_ws/install/op3_kajita_walking_module:/home/certezas/robotis_ws/install/op3_gui_demo:/home/certezas/robotis_ws/install/rf_gz_bridge:/home/certezas/robotis_ws/install/op3_webots_ros2:/home/certezas/robotis_ws/install/op3_tuner_client:/home/certezas/robotis_ws/install/op3_offset_tuner_client:/home/certezas/robotis_ws/install/op3_offset_tuner_msgs:/home/certezas/robotis_ws/install/op3_navigation:/home/certezas/robotis_ws/install/op3_gazebo_ros2:/home/certezas/robotis_ws/install/op3_description:/home/certezas/robotis_ws/install/dynamixel_sdk_examples:/home/certezas/robotis_ws/install/dynamixel_sdk_custom_interfaces:/opt/ros/humble LD_LIBRARY_PATH=/home/certezas/robotis_ws/install/robotis_controller/lib:/home/certezas/robotis_ws/install/open_cr_module/lib:/home/certezas/robotis_ws/install/op3_walking_module/lib:/home/certezas/robotis_ws/install/op3_online_walking_module/lib:/home/certezas/robotis_ws/install/op3_action_module/lib:/home/certezas/robotis_ws/install/robotis_device/lib:/home/certezas/robotis_ws/install/op3_kinematics_dynamics/lib:/home/certezas/robotis_ws/install/op3_balance_control/lib:/home/certezas/robotis_ws/install/robotis_controller_msgs/lib:/home/certezas/robotis_ws/install/op3_walking_module_msgs/lib:/home/certezas/robotis_ws/install/op3_tuning_module_msgs/lib:/home/certezas/robotis_ws/install/op3_online_walking_module_msgs/lib:/home/certezas/robotis_ws/install/op3_camera_setting_tool_msgs/lib:/home/certezas/robotis_ws/install/op3_ball_detector_msgs/lib:/home/certezas/robotis_ws/install/op3_action_module_msgs/lib:/home/certezas/robotis_ws/install/dynamixel_sdk/lib:/home/certezas/robotis_ws/install/op3_tuning_module/lib:/home/certezas/robotis_ws/install/op3_direct_control_module/lib:/home/certezas/robotis_ws/install/op3_base_module/lib:/home/certezas/robotis_ws/install/op3_head_control_module/lib:/home/certezas/robotis_ws/install/robotis_math/lib:/home/certezas/robotis_ws/install/op3_offset_tuner_msgs/lib:/home/certezas/robotis_ws/install/dynamixel_sdk_custom_interfaces/lib:/opt/ros/humble/opt/rviz_ogre_vendor/lib:/opt/ros/humble/lib/x86_64-linux-gnu:/opt/ros/humble/lib /usr/bin/cmake --install /home/certezas/robotis_ws/build/op3_demo
[1.872s] -- Install configuration: ""
[1.961s] -- Up-to-date: /home/certezas/robotis_ws/install/op3_demo/lib/op3_demo/op_demo_node
[2.049s] -- Up-to-date: /home/certezas/robotis_ws/install/op3_demo/lib/op3_demo/self_test_node
[2.049s] -- Up-to-date: /home/certezas/robotis_ws/install/op3_demo/include/op3_demo
[2.070s] -- Up-to-date: /home/certezas/robotis_ws/install/op3_demo/include/op3_demo/vision_demo.h
[2.071s] -- Up-to-date: /home/certezas/robotis_ws/install/op3_demo/include/op3_demo/face_tracker.h
[2.071s] -- Up-to-date: /home/certezas/robotis_ws/install/op3_demo/include/op3_demo/button_test.h
[2.071s] -- Up-to-date: /home/certezas/robotis_ws/install/op3_demo/include/op3_demo/soccer_demo.h
[2.071s] -- Up-to-date: /home/certezas/robotis_ws/install/op3_demo/include/op3_demo/ball_tracker.h
[2.071s] -- Up-to-date: /home/certezas/robotis_ws/install/op3_demo/include/op3_demo/action_demo.h
[2.071s] -- Up-to-date: /home/certezas/robotis_ws/install/op3_demo/include/op3_demo/mic_test.h
[2.071s] -- Up-to-date: /home/certezas/robotis_ws/install/op3_demo/include/op3_demo/ball_follower.h
[2.071s] -- Up-to-date: /home/certezas/robotis_ws/install/op3_demo/include/op3_demo/op_demo.h
[2.071s] -- Up-to-date: /home/certezas/robotis_ws/install/op3_demo/share/op3_demo/data
[2.071s] -- Up-to-date: /home/certezas/robotis_ws/install/op3_demo/share/op3_demo/data/mp3
[2.072s] -- Up-to-date: /home/certezas/robotis_ws/install/op3_demo/share/op3_demo/data/mp3/No.mp3
[2.072s] -- Up-to-date: /home/certezas/robotis_ws/install/op3_demo/share/op3_demo/data/mp3/Introduction.mp3
[2.072s] -- Up-to-date: /home/certezas/robotis_ws/install/op3_demo/share/op3_demo/data/mp3/Headstand.mp3
[2.072s] -- Up-to-date: /home/certezas/robotis_ws/install/op3_demo/share/op3_demo/data/mp3/Intro01.mp3
[2.072s] -- Up-to-date: /home/certezas/robotis_ws/install/op3_demo/share/op3_demo/data/mp3/Oops.mp3
[2.072s] -- Up-to-date: /home/certezas/robotis_ws/install/op3_demo/share/op3_demo/data/mp3/Start soccer demonstration.mp3
[2.072s] -- Up-to-date: /home/certezas/robotis_ws/install/op3_demo/share/op3_demo/data/mp3/Yes.mp3
[2.072s] -- Up-to-date: /home/certezas/robotis_ws/install/op3_demo/share/op3_demo/data/mp3/Demonstration ready mode.mp3
[2.072s] -- Up-to-date: /home/certezas/robotis_ws/install/op3_demo/share/op3_demo/data/mp3/Intro02.mp3
[2.072s] -- Up-to-date: /home/certezas/robotis_ws/install/op3_demo/share/op3_demo/data/mp3/Clap please.mp3
[2.072s] -- Up-to-date: /home/certezas/robotis_ws/install/op3_demo/share/op3_demo/data/mp3/Vision processing mode.mp3
[2.072s] -- Up-to-date: /home/certezas/robotis_ws/install/op3_demo/share/op3_demo/data/mp3/Interactive motion mode.mp3
[2.073s] -- Up-to-date: /home/certezas/robotis_ws/install/op3_demo/share/op3_demo/data/mp3/Sensor calibration fail.mp3
[2.073s] -- Up-to-date: /home/certezas/robotis_ws/install/op3_demo/share/op3_demo/data/mp3/Shoot.mp3
[2.073s] -- Up-to-date: /home/certezas/robotis_ws/install/op3_demo/share/op3_demo/data/mp3/test
[2.073s] -- Up-to-date: /home/certezas/robotis_ws/install/op3_demo/share/op3_demo/data/mp3/test/Announce mic test.mp3
[2.073s] -- Up-to-date: /home/certezas/robotis_ws/install/op3_demo/share/op3_demo/data/mp3/test/Mode button long pressed.mp3
[2.073s] -- Up-to-date: /home/certezas/robotis_ws/install/op3_demo/share/op3_demo/data/mp3/test/User button long pressed.mp3
[2.073s] -- Up-to-date: /home/certezas/robotis_ws/install/op3_demo/share/op3_demo/data/mp3/test/Start button long pressed.mp3
[2.073s] -- Up-to-date: /home/certezas/robotis_ws/install/op3_demo/share/op3_demo/data/mp3/test/Start button pressed.mp3
[2.073s] -- Up-to-date: /home/certezas/robotis_ws/install/op3_demo/share/op3_demo/data/mp3/test/Start recording.mp3
[2.073s] -- Up-to-date: /home/certezas/robotis_ws/install/op3_demo/share/op3_demo/data/mp3/test/Start button test mode.mp3
[2.073s] -- Up-to-date: /home/certezas/robotis_ws/install/op3_demo/share/op3_demo/data/mp3/test/Self test ready mode.mp3
[2.073s] -- Up-to-date: /home/certezas/robotis_ws/install/op3_demo/share/op3_demo/data/mp3/test/Button test mode.mp3
[2.073s] -- Up-to-date: /home/certezas/robotis_ws/install/op3_demo/share/op3_demo/data/mp3/test/Start playing.mp3
[2.073s] -- Up-to-date: /home/certezas/robotis_ws/install/op3_demo/share/op3_demo/data/mp3/test/User button pressed.mp3
[2.073s] -- Up-to-date: /home/certezas/robotis_ws/install/op3_demo/share/op3_demo/data/mp3/test/Mode button pressed.mp3
[2.073s] -- Up-to-date: /home/certezas/robotis_ws/install/op3_demo/share/op3_demo/data/mp3/test/Start mic test mode.mp3
[2.073s] -- Up-to-date: /home/certezas/robotis_ws/install/op3_demo/share/op3_demo/data/mp3/test/Mic test mode.mp3
[2.073s] -- Up-to-date: /home/certezas/robotis_ws/install/op3_demo/share/op3_demo/data/mp3/intro_test.mp3
[2.073s] -- Up-to-date: /home/certezas/robotis_ws/install/op3_demo/share/op3_demo/data/mp3/System shutdown.mp3
[2.073s] -- Up-to-date: /home/certezas/robotis_ws/install/op3_demo/share/op3_demo/data/mp3/Wow.mp3
[2.073s] -- Up-to-date: /home/certezas/robotis_ws/install/op3_demo/share/op3_demo/data/mp3/Intro03.mp3
[2.073s] -- Up-to-date: /home/certezas/robotis_ws/install/op3_demo/share/op3_demo/data/mp3/Thank you.mp3
[2.074s] -- Up-to-date: /home/certezas/robotis_ws/install/op3_demo/share/op3_demo/data/mp3/Sensor calibration complete.mp3
[2.074s] -- Up-to-date: /home/certezas/robotis_ws/install/op3_demo/share/op3_demo/data/mp3/Right kick.mp3
[2.074s] -- Up-to-date: /home/certezas/robotis_ws/install/op3_demo/share/op3_demo/data/mp3/Autonomous soccer mode.mp3
[2.074s] -- Up-to-date: /home/certezas/robotis_ws/install/op3_demo/share/op3_demo/data/mp3/Start vision processing demonstration.mp3
[2.074s] -- Up-to-date: /home/certezas/robotis_ws/install/op3_demo/share/op3_demo/data/mp3/Left kick.mp3
[2.074s] -- Up-to-date: /home/certezas/robotis_ws/install/op3_demo/share/op3_demo/data/mp3/Bye bye.mp3
[2.074s] -- Up-to-date: /home/certezas/robotis_ws/install/op3_demo/share/op3_demo/data/mp3/Sit down.mp3
[2.074s] -- Up-to-date: /home/certezas/robotis_ws/install/op3_demo/share/op3_demo/data/mp3/Yes go.mp3
[2.074s] -- Up-to-date: /home/certezas/robotis_ws/install/op3_demo/share/op3_demo/data/mp3/Start motion demonstration.mp3
[2.074s] -- Up-to-date: /home/certezas/robotis_ws/install/op3_demo/share/op3_demo/data/mp3/Stand up.mp3
[2.074s] -- Up-to-date: /home/certezas/robotis_ws/install/op3_demo/share/op3_demo/launch
[2.081s] -- Up-to-date: /home/certezas/robotis_ws/install/op3_demo/share/op3_demo/launch/self_test.launch.xml
[2.081s] -- Up-to-date: /home/certezas/robotis_ws/install/op3_demo/share/op3_demo/launch/demo.launch.xml
[2.081s] -- Up-to-date: /home/certezas/robotis_ws/install/op3_demo/share/op3_demo/launch/face_detection_op3.launch.xml
[2.081s] -- Up-to-date: /home/certezas/robotis_ws/install/op3_demo/share/op3_demo/list
[2.081s] -- Up-to-date: /home/certezas/robotis_ws/install/op3_demo/share/op3_demo/list/action_script.yaml
[2.081s] -- Up-to-date: /home/certezas/robotis_ws/install/op3_demo/share/op3_demo/list/action_script_bk.yaml
[2.081s] -- Up-to-date: /home/certezas/robotis_ws/install/op3_demo/share/ament_index/resource_index/package_run_dependencies/op3_demo
[2.082s] -- Up-to-date: /home/certezas/robotis_ws/install/op3_demo/share/ament_index/resource_index/parent_prefix_path/op3_demo
[2.082s] -- Up-to-date: /home/certezas/robotis_ws/install/op3_demo/share/op3_demo/environment/ament_prefix_path.sh
[2.082s] -- Up-to-date: /home/certezas/robotis_ws/install/op3_demo/share/op3_demo/environment/ament_prefix_path.dsv
[2.082s] -- Up-to-date: /home/certezas/robotis_ws/install/op3_demo/share/op3_demo/environment/path.sh
[2.082s] -- Up-to-date: /home/certezas/robotis_ws/install/op3_demo/share/op3_demo/environment/path.dsv
[2.082s] -- Up-to-date: /home/certezas/robotis_ws/install/op3_demo/share/op3_demo/local_setup.bash
[2.082s] -- Up-to-date: /home/certezas/robotis_ws/install/op3_demo/share/op3_demo/local_setup.sh
[2.082s] -- Up-to-date: /home/certezas/robotis_ws/install/op3_demo/share/op3_demo/local_setup.zsh
[2.082s] -- Up-to-date: /home/certezas/robotis_ws/install/op3_demo/share/op3_demo/local_setup.dsv
[2.082s] -- Installing: /home/certezas/robotis_ws/install/op3_demo/share/op3_demo/package.dsv
[2.082s] -- Up-to-date: /home/certezas/robotis_ws/install/op3_demo/share/ament_index/resource_index/packages/op3_demo
[2.083s] -- Up-to-date: /home/certezas/robotis_ws/install/op3_demo/share/op3_demo/cmake/op3_demoConfig.cmake
[2.083s] -- Up-to-date: /home/certezas/robotis_ws/install/op3_demo/share/op3_demo/cmake/op3_demoConfig-version.cmake
[2.083s] -- Up-to-date: /home/certezas/robotis_ws/install/op3_demo/share/op3_demo/package.xml
[2.084s] Invoked command in '/home/certezas/robotis_ws/build/op3_demo' returned '0': CMAKE_PREFIX_PATH=/home/certezas/robotis_ws/install/op3_manager:/home/certezas/robotis_ws/install/robotis_controller:/home/certezas/robotis_ws/install/open_cr_module:/home/certezas/robotis_ws/install/op3_walking_module:/home/certezas/robotis_ws/install/op3_tuning_module:/home/certezas/robotis_ws/install/op3_online_walking_module:/home/certezas/robotis_ws/install/op3_head_control_module:/home/certezas/robotis_ws/install/op3_direct_control_module:/home/certezas/robotis_ws/install/op3_base_module:/home/certezas/robotis_ws/install/op3_action_module:/home/certezas/robotis_ws/install/robotis_framework_common:/home/certezas/robotis_ws/install/robotis_device:/home/certezas/robotis_ws/install/op3_localization:/home/certezas/robotis_ws/install/op3_kinematics_dynamics:/home/certezas/robotis_ws/install/op3_camera_setting_tool:/home/certezas/robotis_ws/install/op3_balance_control:/home/certezas/robotis_ws/install/ros_madplay_player:/home/certezas/robotis_ws/install/robotis_math:/home/certezas/robotis_ws/install/robotis_controller_msgs:/home/certezas/robotis_ws/install/op3_web_setting_tool:/home/certezas/robotis_ws/install/op3_walking_module_msgs:/home/certezas/robotis_ws/install/op3_tuning_module_msgs:/home/certezas/robotis_ws/install/op3_online_walking_module_msgs:/home/certezas/robotis_ws/install/op3_camera_setting_tool_msgs:/home/certezas/robotis_ws/install/op3_ball_detector_msgs:/home/certezas/robotis_ws/install/op3_action_module_msgs:/home/certezas/robotis_ws/install/dynamixel_sdk:/home/certezas/robotis_ws/install/op3_action_editor:/home/certezas/robotis_ws/install/ros_mpg321_player:/home/certezas/robotis_ws/install/op3_demo:/home/certezas/robotis_ws/install/op3_read_write_demo:/home/certezas/robotis_ws/install/op3_bringup:/home/certezas/robotis_ws/install/op3_offset_tuner_server:/home/certezas/robotis_ws/install/op3_kajita_walking_module:/home/certezas/robotis_ws/install/op3_gui_demo:/home/certezas/robotis_ws/install/rf_gz_bridge:/home/certezas/robotis_ws/install/op3_webots_ros2:/home/certezas/robotis_ws/install/op3_tuner_client:/home/certezas/robotis_ws/install/op3_offset_tuner_client:/home/certezas/robotis_ws/install/op3_offset_tuner_msgs:/home/certezas/robotis_ws/install/op3_navigation:/home/certezas/robotis_ws/install/op3_gazebo_ros2:/home/certezas/robotis_ws/install/op3_description:/home/certezas/robotis_ws/install/dynamixel_sdk_examples:/home/certezas/robotis_ws/install/dynamixel_sdk_custom_interfaces:/opt/ros/humble LD_LIBRARY_PATH=/home/certezas/robotis_ws/install/robotis_controller/lib:/home/certezas/robotis_ws/install/open_cr_module/lib:/home/certezas/robotis_ws/install/op3_walking_module/lib:/home/certezas/robotis_ws/install/op3_online_walking_module/lib:/home/certezas/robotis_ws/install/op3_action_module/lib:/home/certezas/robotis_ws/install/robotis_device/lib:/home/certezas/robotis_ws/install/op3_kinematics_dynamics/lib:/home/certezas/robotis_ws/install/op3_balance_control/lib:/home/certezas/robotis_ws/install/robotis_controller_msgs/lib:/home/certezas/robotis_ws/install/op3_walking_module_msgs/lib:/home/certezas/robotis_ws/install/op3_tuning_module_msgs/lib:/home/certezas/robotis_ws/install/op3_online_walking_module_msgs/lib:/home/certezas/robotis_ws/install/op3_camera_setting_tool_msgs/lib:/home/certezas/robotis_ws/install/op3_ball_detector_msgs/lib:/home/certezas/robotis_ws/install/op3_action_module_msgs/lib:/home/certezas/robotis_ws/install/dynamixel_sdk/lib:/home/certezas/robotis_ws/install/op3_tuning_module/lib:/home/certezas/robotis_ws/install/op3_direct_control_module/lib:/home/certezas/robotis_ws/install/op3_base_module/lib:/home/certezas/robotis_ws/install/op3_head_control_module/lib:/home/certezas/robotis_ws/install/robotis_math/lib:/home/certezas/robotis_ws/install/op3_offset_tuner_msgs/lib:/home/certezas/robotis_ws/install/dynamixel_sdk_custom_interfaces/lib:/opt/ros/humble/opt/rviz_ogre_vendor/lib:/opt/ros/humble/lib/x86_64-linux-gnu:/opt/ros/humble/lib /usr/bin/cmake --install /home/certezas/robotis_ws/build/op3_demo
