[0.243s] Invoking command in '/home/certezas/robotis_ws/build/op3_ball_detector_msgs': CMAKE_PREFIX_PATH=${CMAKE_PREFIX_PATH}:/opt/ros/humble /usr/bin/cmake --build /home/certezas/robotis_ws/build/op3_ball_detector_msgs -- -j12 -l12
[1.296s] [ 10%] Built target op3_ball_detector_msgs__rosidl_generator_c
[1.296s] [ 12%] Built target op3_ball_detector_msgs__cpp
[1.296s] [ 23%] Built target op3_ball_detector_msgs__rosidl_typesupport_c
[1.296s] [ 34%] Built target op3_ball_detector_msgs__rosidl_typesupport_introspection_c
[1.296s] [ 45%] Built target op3_ball_detector_msgs__rosidl_typesupport_fastrtps_c
[1.296s] [ 56%] Built target op3_ball_detector_msgs__rosidl_typesupport_cpp
[1.296s] [ 67%] Built target op3_ball_detector_msgs__rosidl_typesupport_fastrtps_cpp
[1.297s] [ 67%] Built target ament_cmake_python_copy_op3_ball_detector_msgs
[1.297s] [ 78%] Built target op3_ball_detector_msgs__rosidl_typesupport_introspection_cpp
[1.297s] [ 78%] Built target op3_ball_detector_msgs
[1.297s] [ 80%] Built target op3_ball_detector_msgs__py
[1.297s] [ 89%] Built target op3_ball_detector_msgs__rosidl_generator_py
[1.297s] [ 92%] Built target op3_ball_detector_msgs__rosidl_typesupport_introspection_c__pyext
[1.297s] [ 96%] Built target op3_ball_detector_msgs__rosidl_typesupport_fastrtps_c__pyext
[1.297s] [100%] Built target op3_ball_detector_msgs__rosidl_typesupport_c__pyext
[1.297s] running egg_info
[1.297s] writing op3_ball_detector_msgs.egg-info/PKG-INFO
[1.297s] writing dependency_links to op3_ball_detector_msgs.egg-info/dependency_links.txt
[1.298s] writing top-level names to op3_ball_detector_msgs.egg-info/top_level.txt
[1.303s] reading manifest file 'op3_ball_detector_msgs.egg-info/SOURCES.txt'
[1.303s] writing manifest file 'op3_ball_detector_msgs.egg-info/SOURCES.txt'
[1.381s] [100%] Built target ament_cmake_python_build_op3_ball_detector_msgs_egg
[1.436s] Invoked command in '/home/certezas/robotis_ws/build/op3_ball_detector_msgs' returned '0': CMAKE_PREFIX_PATH=${CMAKE_PREFIX_PATH}:/opt/ros/humble /usr/bin/cmake --build /home/certezas/robotis_ws/build/op3_ball_detector_msgs -- -j12 -l12
[1.437s] Invoking command in '/home/certezas/robotis_ws/build/op3_ball_detector_msgs': CMAKE_PREFIX_PATH=${CMAKE_PREFIX_PATH}:/opt/ros/humble /usr/bin/cmake --install /home/certezas/robotis_ws/build/op3_ball_detector_msgs
[1.616s] -- Install configuration: ""
[1.616s] -- Up-to-date: /home/certezas/robotis_ws/install/op3_ball_detector_msgs/share/ament_index/resource_index/rosidl_interfaces/op3_ball_detector_msgs
[1.616s] -- Up-to-date: /home/certezas/robotis_ws/install/op3_ball_detector_msgs/include/op3_ball_detector_msgs/op3_ball_detector_msgs
[1.616s] -- Up-to-date: /home/certezas/robotis_ws/install/op3_ball_detector_msgs/include/op3_ball_detector_msgs/op3_ball_detector_msgs/srv
[1.617s] -- Up-to-date: /home/certezas/robotis_ws/install/op3_ball_detector_msgs/include/op3_ball_detector_msgs/op3_ball_detector_msgs/srv/get_parameters.h
[1.617s] -- Up-to-date: /home/certezas/robotis_ws/install/op3_ball_detector_msgs/include/op3_ball_detector_msgs/op3_ball_detector_msgs/srv/set_parameters.h
[1.617s] -- Up-to-date: /home/certezas/robotis_ws/install/op3_ball_detector_msgs/include/op3_ball_detector_msgs/op3_ball_detector_msgs/srv/detail
[1.617s] -- Up-to-date: /home/certezas/robotis_ws/install/op3_ball_detector_msgs/include/op3_ball_detector_msgs/op3_ball_detector_msgs/srv/detail/set_parameters__struct.h
[1.617s] -- Up-to-date: /home/certezas/robotis_ws/install/op3_ball_detector_msgs/include/op3_ball_detector_msgs/op3_ball_detector_msgs/srv/detail/set_parameters__type_support.h
[1.617s] -- Up-to-date: /home/certezas/robotis_ws/install/op3_ball_detector_msgs/include/op3_ball_detector_msgs/op3_ball_detector_msgs/srv/detail/get_parameters__functions.c
[1.617s] -- Up-to-date: /home/certezas/robotis_ws/install/op3_ball_detector_msgs/include/op3_ball_detector_msgs/op3_ball_detector_msgs/srv/detail/set_parameters__functions.h
[1.617s] -- Up-to-date: /home/certezas/robotis_ws/install/op3_ball_detector_msgs/include/op3_ball_detector_msgs/op3_ball_detector_msgs/srv/detail/get_parameters__type_support.h
[1.617s] -- Up-to-date: /home/certezas/robotis_ws/install/op3_ball_detector_msgs/include/op3_ball_detector_msgs/op3_ball_detector_msgs/srv/detail/set_parameters__functions.c
[1.617s] -- Up-to-date: /home/certezas/robotis_ws/install/op3_ball_detector_msgs/include/op3_ball_detector_msgs/op3_ball_detector_msgs/srv/detail/get_parameters__struct.h
[1.617s] -- Up-to-date: /home/certezas/robotis_ws/install/op3_ball_detector_msgs/include/op3_ball_detector_msgs/op3_ball_detector_msgs/srv/detail/get_parameters__functions.h
[1.617s] -- Up-to-date: /home/certezas/robotis_ws/install/op3_ball_detector_msgs/include/op3_ball_detector_msgs/op3_ball_detector_msgs/msg
[1.617s] -- Up-to-date: /home/certezas/robotis_ws/install/op3_ball_detector_msgs/include/op3_ball_detector_msgs/op3_ball_detector_msgs/msg/rosidl_generator_c__visibility_control.h
[1.618s] -- Up-to-date: /home/certezas/robotis_ws/install/op3_ball_detector_msgs/include/op3_ball_detector_msgs/op3_ball_detector_msgs/msg/ball_detector_params.h
[1.618s] -- Up-to-date: /home/certezas/robotis_ws/install/op3_ball_detector_msgs/include/op3_ball_detector_msgs/op3_ball_detector_msgs/msg/circle_set_stamped.h
[1.618s] -- Up-to-date: /home/certezas/robotis_ws/install/op3_ball_detector_msgs/include/op3_ball_detector_msgs/op3_ball_detector_msgs/msg/detail
[1.618s] -- Up-to-date: /home/certezas/robotis_ws/install/op3_ball_detector_msgs/include/op3_ball_detector_msgs/op3_ball_detector_msgs/msg/detail/ball_detector_params__struct.h
[1.618s] -- Up-to-date: /home/certezas/robotis_ws/install/op3_ball_detector_msgs/include/op3_ball_detector_msgs/op3_ball_detector_msgs/msg/detail/circle_set_stamped__struct.h
[1.618s] -- Up-to-date: /home/certezas/robotis_ws/install/op3_ball_detector_msgs/include/op3_ball_detector_msgs/op3_ball_detector_msgs/msg/detail/circle_set_stamped__functions.h
[1.618s] -- Up-to-date: /home/certezas/robotis_ws/install/op3_ball_detector_msgs/include/op3_ball_detector_msgs/op3_ball_detector_msgs/msg/detail/circle_set_stamped__functions.c
[1.618s] -- Up-to-date: /home/certezas/robotis_ws/install/op3_ball_detector_msgs/include/op3_ball_detector_msgs/op3_ball_detector_msgs/msg/detail/ball_detector_params__functions.h
[1.618s] -- Up-to-date: /home/certezas/robotis_ws/install/op3_ball_detector_msgs/include/op3_ball_detector_msgs/op3_ball_detector_msgs/msg/detail/ball_detector_params__type_support.h
[1.618s] -- Up-to-date: /home/certezas/robotis_ws/install/op3_ball_detector_msgs/include/op3_ball_detector_msgs/op3_ball_detector_msgs/msg/detail/ball_detector_params__functions.c
[1.618s] -- Up-to-date: /home/certezas/robotis_ws/install/op3_ball_detector_msgs/include/op3_ball_detector_msgs/op3_ball_detector_msgs/msg/detail/circle_set_stamped__type_support.h
[1.618s] -- Up-to-date: /home/certezas/robotis_ws/install/op3_ball_detector_msgs/share/op3_ball_detector_msgs/environment/library_path.sh
[1.618s] -- Up-to-date: /home/certezas/robotis_ws/install/op3_ball_detector_msgs/share/op3_ball_detector_msgs/environment/library_path.dsv
[1.618s] -- Up-to-date: /home/certezas/robotis_ws/install/op3_ball_detector_msgs/lib/libop3_ball_detector_msgs__rosidl_generator_c.so
[1.618s] -- Up-to-date: /home/certezas/robotis_ws/install/op3_ball_detector_msgs/include/op3_ball_detector_msgs/op3_ball_detector_msgs
[1.618s] -- Up-to-date: /home/certezas/robotis_ws/install/op3_ball_detector_msgs/include/op3_ball_detector_msgs/op3_ball_detector_msgs/srv
[1.618s] -- Up-to-date: /home/certezas/robotis_ws/install/op3_ball_detector_msgs/include/op3_ball_detector_msgs/op3_ball_detector_msgs/srv/detail
[1.618s] -- Up-to-date: /home/certezas/robotis_ws/install/op3_ball_detector_msgs/include/op3_ball_detector_msgs/op3_ball_detector_msgs/srv/detail/get_parameters__rosidl_typesupport_fastrtps_c.h
[1.619s] -- Up-to-date: /home/certezas/robotis_ws/install/op3_ball_detector_msgs/include/op3_ball_detector_msgs/op3_ball_detector_msgs/srv/detail/set_parameters__rosidl_typesupport_fastrtps_c.h
[1.619s] -- Up-to-date: /home/certezas/robotis_ws/install/op3_ball_detector_msgs/include/op3_ball_detector_msgs/op3_ball_detector_msgs/msg
[1.619s] -- Up-to-date: /home/certezas/robotis_ws/install/op3_ball_detector_msgs/include/op3_ball_detector_msgs/op3_ball_detector_msgs/msg/detail
[1.619s] -- Up-to-date: /home/certezas/robotis_ws/install/op3_ball_detector_msgs/include/op3_ball_detector_msgs/op3_ball_detector_msgs/msg/detail/ball_detector_params__rosidl_typesupport_fastrtps_c.h
[1.619s] -- Up-to-date: /home/certezas/robotis_ws/install/op3_ball_detector_msgs/include/op3_ball_detector_msgs/op3_ball_detector_msgs/msg/detail/circle_set_stamped__rosidl_typesupport_fastrtps_c.h
[1.619s] -- Up-to-date: /home/certezas/robotis_ws/install/op3_ball_detector_msgs/include/op3_ball_detector_msgs/op3_ball_detector_msgs/msg/rosidl_typesupport_fastrtps_c__visibility_control.h
[1.619s] -- Up-to-date: /home/certezas/robotis_ws/install/op3_ball_detector_msgs/lib/libop3_ball_detector_msgs__rosidl_typesupport_fastrtps_c.so
[1.619s] -- Up-to-date: /home/certezas/robotis_ws/install/op3_ball_detector_msgs/include/op3_ball_detector_msgs/op3_ball_detector_msgs
[1.619s] -- Up-to-date: /home/certezas/robotis_ws/install/op3_ball_detector_msgs/include/op3_ball_detector_msgs/op3_ball_detector_msgs/srv
[1.619s] -- Up-to-date: /home/certezas/robotis_ws/install/op3_ball_detector_msgs/include/op3_ball_detector_msgs/op3_ball_detector_msgs/srv/set_parameters.hpp
[1.619s] -- Up-to-date: /home/certezas/robotis_ws/install/op3_ball_detector_msgs/include/op3_ball_detector_msgs/op3_ball_detector_msgs/srv/get_parameters.hpp
[1.619s] -- Up-to-date: /home/certezas/robotis_ws/install/op3_ball_detector_msgs/include/op3_ball_detector_msgs/op3_ball_detector_msgs/srv/detail
[1.619s] -- Up-to-date: /home/certezas/robotis_ws/install/op3_ball_detector_msgs/include/op3_ball_detector_msgs/op3_ball_detector_msgs/srv/detail/get_parameters__struct.hpp
[1.619s] -- Up-to-date: /home/certezas/robotis_ws/install/op3_ball_detector_msgs/include/op3_ball_detector_msgs/op3_ball_detector_msgs/srv/detail/set_parameters__type_support.hpp
[1.619s] -- Up-to-date: /home/certezas/robotis_ws/install/op3_ball_detector_msgs/include/op3_ball_detector_msgs/op3_ball_detector_msgs/srv/detail/get_parameters__builder.hpp
[1.619s] -- Up-to-date: /home/certezas/robotis_ws/install/op3_ball_detector_msgs/include/op3_ball_detector_msgs/op3_ball_detector_msgs/srv/detail/set_parameters__traits.hpp
[1.619s] -- Up-to-date: /home/certezas/robotis_ws/install/op3_ball_detector_msgs/include/op3_ball_detector_msgs/op3_ball_detector_msgs/srv/detail/get_parameters__type_support.hpp
[1.619s] -- Up-to-date: /home/certezas/robotis_ws/install/op3_ball_detector_msgs/include/op3_ball_detector_msgs/op3_ball_detector_msgs/srv/detail/get_parameters__traits.hpp
[1.619s] -- Up-to-date: /home/certezas/robotis_ws/install/op3_ball_detector_msgs/include/op3_ball_detector_msgs/op3_ball_detector_msgs/srv/detail/set_parameters__struct.hpp
[1.620s] -- Up-to-date: /home/certezas/robotis_ws/install/op3_ball_detector_msgs/include/op3_ball_detector_msgs/op3_ball_detector_msgs/srv/detail/set_parameters__builder.hpp
[1.620s] -- Up-to-date: /home/certezas/robotis_ws/install/op3_ball_detector_msgs/include/op3_ball_detector_msgs/op3_ball_detector_msgs/msg
[1.620s] -- Up-to-date: /home/certezas/robotis_ws/install/op3_ball_detector_msgs/include/op3_ball_detector_msgs/op3_ball_detector_msgs/msg/rosidl_generator_cpp__visibility_control.hpp
[1.620s] -- Up-to-date: /home/certezas/robotis_ws/install/op3_ball_detector_msgs/include/op3_ball_detector_msgs/op3_ball_detector_msgs/msg/circle_set_stamped.hpp
[1.620s] -- Up-to-date: /home/certezas/robotis_ws/install/op3_ball_detector_msgs/include/op3_ball_detector_msgs/op3_ball_detector_msgs/msg/detail
[1.620s] -- Up-to-date: /home/certezas/robotis_ws/install/op3_ball_detector_msgs/include/op3_ball_detector_msgs/op3_ball_detector_msgs/msg/detail/ball_detector_params__type_support.hpp
[1.620s] -- Up-to-date: /home/certezas/robotis_ws/install/op3_ball_detector_msgs/include/op3_ball_detector_msgs/op3_ball_detector_msgs/msg/detail/ball_detector_params__traits.hpp
[1.620s] -- Up-to-date: /home/certezas/robotis_ws/install/op3_ball_detector_msgs/include/op3_ball_detector_msgs/op3_ball_detector_msgs/msg/detail/circle_set_stamped__type_support.hpp
[1.620s] -- Up-to-date: /home/certezas/robotis_ws/install/op3_ball_detector_msgs/include/op3_ball_detector_msgs/op3_ball_detector_msgs/msg/detail/ball_detector_params__struct.hpp
[1.620s] -- Up-to-date: /home/certezas/robotis_ws/install/op3_ball_detector_msgs/include/op3_ball_detector_msgs/op3_ball_detector_msgs/msg/detail/circle_set_stamped__struct.hpp
[1.620s] -- Up-to-date: /home/certezas/robotis_ws/install/op3_ball_detector_msgs/include/op3_ball_detector_msgs/op3_ball_detector_msgs/msg/detail/circle_set_stamped__builder.hpp
[1.620s] -- Up-to-date: /home/certezas/robotis_ws/install/op3_ball_detector_msgs/include/op3_ball_detector_msgs/op3_ball_detector_msgs/msg/detail/ball_detector_params__builder.hpp
[1.620s] -- Up-to-date: /home/certezas/robotis_ws/install/op3_ball_detector_msgs/include/op3_ball_detector_msgs/op3_ball_detector_msgs/msg/detail/circle_set_stamped__traits.hpp
[1.620s] -- Up-to-date: /home/certezas/robotis_ws/install/op3_ball_detector_msgs/include/op3_ball_detector_msgs/op3_ball_detector_msgs/msg/ball_detector_params.hpp
[1.620s] -- Up-to-date: /home/certezas/robotis_ws/install/op3_ball_detector_msgs/include/op3_ball_detector_msgs/op3_ball_detector_msgs
[1.620s] -- Up-to-date: /home/certezas/robotis_ws/install/op3_ball_detector_msgs/include/op3_ball_detector_msgs/op3_ball_detector_msgs/srv
[1.620s] -- Up-to-date: /home/certezas/robotis_ws/install/op3_ball_detector_msgs/include/op3_ball_detector_msgs/op3_ball_detector_msgs/srv/detail
[1.620s] -- Up-to-date: /home/certezas/robotis_ws/install/op3_ball_detector_msgs/include/op3_ball_detector_msgs/op3_ball_detector_msgs/srv/detail/get_parameters__rosidl_typesupport_fastrtps_cpp.hpp
[1.620s] -- Up-to-date: /home/certezas/robotis_ws/install/op3_ball_detector_msgs/include/op3_ball_detector_msgs/op3_ball_detector_msgs/srv/detail/dds_fastrtps
[1.620s] -- Up-to-date: /home/certezas/robotis_ws/install/op3_ball_detector_msgs/include/op3_ball_detector_msgs/op3_ball_detector_msgs/srv/detail/set_parameters__rosidl_typesupport_fastrtps_cpp.hpp
[1.620s] -- Up-to-date: /home/certezas/robotis_ws/install/op3_ball_detector_msgs/include/op3_ball_detector_msgs/op3_ball_detector_msgs/msg
[1.621s] -- Up-to-date: /home/certezas/robotis_ws/install/op3_ball_detector_msgs/include/op3_ball_detector_msgs/op3_ball_detector_msgs/msg/rosidl_typesupport_fastrtps_cpp__visibility_control.h
[1.621s] -- Up-to-date: /home/certezas/robotis_ws/install/op3_ball_detector_msgs/include/op3_ball_detector_msgs/op3_ball_detector_msgs/msg/detail
[1.621s] -- Up-to-date: /home/certezas/robotis_ws/install/op3_ball_detector_msgs/include/op3_ball_detector_msgs/op3_ball_detector_msgs/msg/detail/circle_set_stamped__rosidl_typesupport_fastrtps_cpp.hpp
[1.621s] -- Up-to-date: /home/certezas/robotis_ws/install/op3_ball_detector_msgs/include/op3_ball_detector_msgs/op3_ball_detector_msgs/msg/detail/dds_fastrtps
[1.621s] -- Up-to-date: /home/certezas/robotis_ws/install/op3_ball_detector_msgs/include/op3_ball_detector_msgs/op3_ball_detector_msgs/msg/detail/ball_detector_params__rosidl_typesupport_fastrtps_cpp.hpp
[1.621s] -- Up-to-date: /home/certezas/robotis_ws/install/op3_ball_detector_msgs/lib/libop3_ball_detector_msgs__rosidl_typesupport_fastrtps_cpp.so
[1.621s] -- Up-to-date: /home/certezas/robotis_ws/install/op3_ball_detector_msgs/include/op3_ball_detector_msgs/op3_ball_detector_msgs
[1.621s] -- Up-to-date: /home/certezas/robotis_ws/install/op3_ball_detector_msgs/include/op3_ball_detector_msgs/op3_ball_detector_msgs/srv
[1.621s] -- Up-to-date: /home/certezas/robotis_ws/install/op3_ball_detector_msgs/include/op3_ball_detector_msgs/op3_ball_detector_msgs/srv/detail
[1.621s] -- Up-to-date: /home/certezas/robotis_ws/install/op3_ball_detector_msgs/include/op3_ball_detector_msgs/op3_ball_detector_msgs/srv/detail/set_parameters__type_support.c
[1.621s] -- Up-to-date: /home/certezas/robotis_ws/install/op3_ball_detector_msgs/include/op3_ball_detector_msgs/op3_ball_detector_msgs/srv/detail/set_parameters__rosidl_typesupport_introspection_c.h
[1.621s] -- Up-to-date: /home/certezas/robotis_ws/install/op3_ball_detector_msgs/include/op3_ball_detector_msgs/op3_ball_detector_msgs/srv/detail/get_parameters__type_support.c
[1.621s] -- Up-to-date: /home/certezas/robotis_ws/install/op3_ball_detector_msgs/include/op3_ball_detector_msgs/op3_ball_detector_msgs/srv/detail/get_parameters__rosidl_typesupport_introspection_c.h
[1.621s] -- Up-to-date: /home/certezas/robotis_ws/install/op3_ball_detector_msgs/include/op3_ball_detector_msgs/op3_ball_detector_msgs/msg
[1.621s] -- Up-to-date: /home/certezas/robotis_ws/install/op3_ball_detector_msgs/include/op3_ball_detector_msgs/op3_ball_detector_msgs/msg/rosidl_typesupport_introspection_c__visibility_control.h
[1.621s] -- Up-to-date: /home/certezas/robotis_ws/install/op3_ball_detector_msgs/include/op3_ball_detector_msgs/op3_ball_detector_msgs/msg/detail
[1.621s] -- Up-to-date: /home/certezas/robotis_ws/install/op3_ball_detector_msgs/include/op3_ball_detector_msgs/op3_ball_detector_msgs/msg/detail/circle_set_stamped__rosidl_typesupport_introspection_c.h
[1.621s] -- Up-to-date: /home/certezas/robotis_ws/install/op3_ball_detector_msgs/include/op3_ball_detector_msgs/op3_ball_detector_msgs/msg/detail/circle_set_stamped__type_support.c
[1.621s] -- Up-to-date: /home/certezas/robotis_ws/install/op3_ball_detector_msgs/include/op3_ball_detector_msgs/op3_ball_detector_msgs/msg/detail/ball_detector_params__type_support.c
[1.621s] -- Up-to-date: /home/certezas/robotis_ws/install/op3_ball_detector_msgs/include/op3_ball_detector_msgs/op3_ball_detector_msgs/msg/detail/ball_detector_params__rosidl_typesupport_introspection_c.h
[1.621s] -- Up-to-date: /home/certezas/robotis_ws/install/op3_ball_detector_msgs/lib/libop3_ball_detector_msgs__rosidl_typesupport_introspection_c.so
[1.622s] -- Up-to-date: /home/certezas/robotis_ws/install/op3_ball_detector_msgs/lib/libop3_ball_detector_msgs__rosidl_typesupport_c.so
[1.622s] -- Up-to-date: /home/certezas/robotis_ws/install/op3_ball_detector_msgs/include/op3_ball_detector_msgs/op3_ball_detector_msgs
[1.622s] -- Up-to-date: /home/certezas/robotis_ws/install/op3_ball_detector_msgs/include/op3_ball_detector_msgs/op3_ball_detector_msgs/srv
[1.622s] -- Up-to-date: /home/certezas/robotis_ws/install/op3_ball_detector_msgs/include/op3_ball_detector_msgs/op3_ball_detector_msgs/srv/detail
[1.622s] -- Up-to-date: /home/certezas/robotis_ws/install/op3_ball_detector_msgs/include/op3_ball_detector_msgs/op3_ball_detector_msgs/srv/detail/set_parameters__type_support.cpp
[1.622s] -- Up-to-date: /home/certezas/robotis_ws/install/op3_ball_detector_msgs/include/op3_ball_detector_msgs/op3_ball_detector_msgs/srv/detail/get_parameters__type_support.cpp
[1.622s] -- Up-to-date: /home/certezas/robotis_ws/install/op3_ball_detector_msgs/include/op3_ball_detector_msgs/op3_ball_detector_msgs/srv/detail/get_parameters__rosidl_typesupport_introspection_cpp.hpp
[1.622s] -- Up-to-date: /home/certezas/robotis_ws/install/op3_ball_detector_msgs/include/op3_ball_detector_msgs/op3_ball_detector_msgs/srv/detail/set_parameters__rosidl_typesupport_introspection_cpp.hpp
[1.622s] -- Up-to-date: /home/certezas/robotis_ws/install/op3_ball_detector_msgs/include/op3_ball_detector_msgs/op3_ball_detector_msgs/msg
[1.622s] -- Up-to-date: /home/certezas/robotis_ws/install/op3_ball_detector_msgs/include/op3_ball_detector_msgs/op3_ball_detector_msgs/msg/detail
[1.622s] -- Up-to-date: /home/certezas/robotis_ws/install/op3_ball_detector_msgs/include/op3_ball_detector_msgs/op3_ball_detector_msgs/msg/detail/ball_detector_params__type_support.cpp
[1.622s] -- Up-to-date: /home/certezas/robotis_ws/install/op3_ball_detector_msgs/include/op3_ball_detector_msgs/op3_ball_detector_msgs/msg/detail/circle_set_stamped__type_support.cpp
[1.622s] -- Up-to-date: /home/certezas/robotis_ws/install/op3_ball_detector_msgs/include/op3_ball_detector_msgs/op3_ball_detector_msgs/msg/detail/ball_detector_params__rosidl_typesupport_introspection_cpp.hpp
[1.622s] -- Up-to-date: /home/certezas/robotis_ws/install/op3_ball_detector_msgs/include/op3_ball_detector_msgs/op3_ball_detector_msgs/msg/detail/circle_set_stamped__rosidl_typesupport_introspection_cpp.hpp
[1.622s] -- Up-to-date: /home/certezas/robotis_ws/install/op3_ball_detector_msgs/lib/libop3_ball_detector_msgs__rosidl_typesupport_introspection_cpp.so
[1.622s] -- Up-to-date: /home/certezas/robotis_ws/install/op3_ball_detector_msgs/lib/libop3_ball_detector_msgs__rosidl_typesupport_cpp.so
[1.622s] -- Up-to-date: /home/certezas/robotis_ws/install/op3_ball_detector_msgs/share/op3_ball_detector_msgs/environment/pythonpath.sh
[1.622s] -- Up-to-date: /home/certezas/robotis_ws/install/op3_ball_detector_msgs/share/op3_ball_detector_msgs/environment/pythonpath.dsv
[1.622s] -- Up-to-date: /home/certezas/robotis_ws/install/op3_ball_detector_msgs/local/lib/python3.10/dist-packages/op3_ball_detector_msgs-0.1.0-py3.10.egg-info
[1.622s] -- Installing: /home/certezas/robotis_ws/install/op3_ball_detector_msgs/local/lib/python3.10/dist-packages/op3_ball_detector_msgs-0.1.0-py3.10.egg-info/PKG-INFO
[1.622s] -- Installing: /home/certezas/robotis_ws/install/op3_ball_detector_msgs/local/lib/python3.10/dist-packages/op3_ball_detector_msgs-0.1.0-py3.10.egg-info/dependency_links.txt
[1.623s] -- Installing: /home/certezas/robotis_ws/install/op3_ball_detector_msgs/local/lib/python3.10/dist-packages/op3_ball_detector_msgs-0.1.0-py3.10.egg-info/top_level.txt
[1.623s] -- Installing: /home/certezas/robotis_ws/install/op3_ball_detector_msgs/local/lib/python3.10/dist-packages/op3_ball_detector_msgs-0.1.0-py3.10.egg-info/SOURCES.txt
[1.623s] -- Up-to-date: /home/certezas/robotis_ws/install/op3_ball_detector_msgs/local/lib/python3.10/dist-packages/op3_ball_detector_msgs
[1.623s] -- Up-to-date: /home/certezas/robotis_ws/install/op3_ball_detector_msgs/local/lib/python3.10/dist-packages/op3_ball_detector_msgs/_op3_ball_detector_msgs_s.ep.rosidl_typesupport_introspection_c.c
[1.623s] -- Up-to-date: /home/certezas/robotis_ws/install/op3_ball_detector_msgs/local/lib/python3.10/dist-packages/op3_ball_detector_msgs/_op3_ball_detector_msgs_s.ep.rosidl_typesupport_fastrtps_c.c
[1.623s] -- Up-to-date: /home/certezas/robotis_ws/install/op3_ball_detector_msgs/local/lib/python3.10/dist-packages/op3_ball_detector_msgs/libop3_ball_detector_msgs__rosidl_generator_py.so
[1.623s] -- Up-to-date: /home/certezas/robotis_ws/install/op3_ball_detector_msgs/local/lib/python3.10/dist-packages/op3_ball_detector_msgs/__init__.py
[1.623s] -- Up-to-date: /home/certezas/robotis_ws/install/op3_ball_detector_msgs/local/lib/python3.10/dist-packages/op3_ball_detector_msgs/op3_ball_detector_msgs_s__rosidl_typesupport_c.cpython-310-x86_64-linux-gnu.so
[1.623s] -- Up-to-date: /home/certezas/robotis_ws/install/op3_ball_detector_msgs/local/lib/python3.10/dist-packages/op3_ball_detector_msgs/srv
[1.623s] -- Up-to-date: /home/certezas/robotis_ws/install/op3_ball_detector_msgs/local/lib/python3.10/dist-packages/op3_ball_detector_msgs/srv/_set_parameters_s.c
[1.623s] -- Up-to-date: /home/certezas/robotis_ws/install/op3_ball_detector_msgs/local/lib/python3.10/dist-packages/op3_ball_detector_msgs/srv/_set_parameters.py
[1.623s] -- Up-to-date: /home/certezas/robotis_ws/install/op3_ball_detector_msgs/local/lib/python3.10/dist-packages/op3_ball_detector_msgs/srv/__init__.py
[1.623s] -- Up-to-date: /home/certezas/robotis_ws/install/op3_ball_detector_msgs/local/lib/python3.10/dist-packages/op3_ball_detector_msgs/srv/_get_parameters_s.c
[1.623s] -- Up-to-date: /home/certezas/robotis_ws/install/op3_ball_detector_msgs/local/lib/python3.10/dist-packages/op3_ball_detector_msgs/srv/_get_parameters.py
[1.623s] -- Up-to-date: /home/certezas/robotis_ws/install/op3_ball_detector_msgs/local/lib/python3.10/dist-packages/op3_ball_detector_msgs/op3_ball_detector_msgs_s__rosidl_typesupport_introspection_c.cpython-310-x86_64-linux-gnu.so
[1.623s] -- Up-to-date: /home/certezas/robotis_ws/install/op3_ball_detector_msgs/local/lib/python3.10/dist-packages/op3_ball_detector_msgs/_op3_ball_detector_msgs_s.ep.rosidl_typesupport_c.c
[1.623s] -- Up-to-date: /home/certezas/robotis_ws/install/op3_ball_detector_msgs/local/lib/python3.10/dist-packages/op3_ball_detector_msgs/op3_ball_detector_msgs_s__rosidl_typesupport_fastrtps_c.cpython-310-x86_64-linux-gnu.so
[1.623s] -- Up-to-date: /home/certezas/robotis_ws/install/op3_ball_detector_msgs/local/lib/python3.10/dist-packages/op3_ball_detector_msgs/msg
[1.623s] -- Up-to-date: /home/certezas/robotis_ws/install/op3_ball_detector_msgs/local/lib/python3.10/dist-packages/op3_ball_detector_msgs/msg/_ball_detector_params.py
[1.624s] -- Up-to-date: /home/certezas/robotis_ws/install/op3_ball_detector_msgs/local/lib/python3.10/dist-packages/op3_ball_detector_msgs/msg/_ball_detector_params_s.c
[1.624s] -- Up-to-date: /home/certezas/robotis_ws/install/op3_ball_detector_msgs/local/lib/python3.10/dist-packages/op3_ball_detector_msgs/msg/__init__.py
[1.624s] -- Up-to-date: /home/certezas/robotis_ws/install/op3_ball_detector_msgs/local/lib/python3.10/dist-packages/op3_ball_detector_msgs/msg/_circle_set_stamped.py
[1.624s] -- Up-to-date: /home/certezas/robotis_ws/install/op3_ball_detector_msgs/local/lib/python3.10/dist-packages/op3_ball_detector_msgs/msg/_circle_set_stamped_s.c
[1.655s] Listing '/home/certezas/robotis_ws/install/op3_ball_detector_msgs/local/lib/python3.10/dist-packages/op3_ball_detector_msgs'...
[1.655s] Listing '/home/certezas/robotis_ws/install/op3_ball_detector_msgs/local/lib/python3.10/dist-packages/op3_ball_detector_msgs/msg'...
[1.656s] Listing '/home/certezas/robotis_ws/install/op3_ball_detector_msgs/local/lib/python3.10/dist-packages/op3_ball_detector_msgs/srv'...
[1.664s] -- Up-to-date: /home/certezas/robotis_ws/install/op3_ball_detector_msgs/local/lib/python3.10/dist-packages/op3_ball_detector_msgs/op3_ball_detector_msgs_s__rosidl_typesupport_fastrtps_c.cpython-310-x86_64-linux-gnu.so
[1.669s] -- Up-to-date: /home/certezas/robotis_ws/install/op3_ball_detector_msgs/local/lib/python3.10/dist-packages/op3_ball_detector_msgs/op3_ball_detector_msgs_s__rosidl_typesupport_introspection_c.cpython-310-x86_64-linux-gnu.so
[1.669s] -- Up-to-date: /home/certezas/robotis_ws/install/op3_ball_detector_msgs/local/lib/python3.10/dist-packages/op3_ball_detector_msgs/op3_ball_detector_msgs_s__rosidl_typesupport_c.cpython-310-x86_64-linux-gnu.so
[1.670s] -- Up-to-date: /home/certezas/robotis_ws/install/op3_ball_detector_msgs/lib/libop3_ball_detector_msgs__rosidl_generator_py.so
[1.670s] -- Up-to-date: /home/certezas/robotis_ws/install/op3_ball_detector_msgs/share/op3_ball_detector_msgs/msg/BallDetectorParams.idl
[1.670s] -- Up-to-date: /home/certezas/robotis_ws/install/op3_ball_detector_msgs/share/op3_ball_detector_msgs/msg/CircleSetStamped.idl
[1.670s] -- Up-to-date: /home/certezas/robotis_ws/install/op3_ball_detector_msgs/share/op3_ball_detector_msgs/srv/GetParameters.idl
[1.670s] -- Up-to-date: /home/certezas/robotis_ws/install/op3_ball_detector_msgs/share/op3_ball_detector_msgs/srv/SetParameters.idl
[1.670s] -- Up-to-date: /home/certezas/robotis_ws/install/op3_ball_detector_msgs/share/op3_ball_detector_msgs/msg/BallDetectorParams.msg
[1.671s] -- Up-to-date: /home/certezas/robotis_ws/install/op3_ball_detector_msgs/share/op3_ball_detector_msgs/msg/CircleSetStamped.msg
[1.671s] -- Up-to-date: /home/certezas/robotis_ws/install/op3_ball_detector_msgs/share/op3_ball_detector_msgs/srv/GetParameters.srv
[1.671s] -- Up-to-date: /home/certezas/robotis_ws/install/op3_ball_detector_msgs/share/op3_ball_detector_msgs/srv/GetParameters_Request.msg
[1.671s] -- Up-to-date: /home/certezas/robotis_ws/install/op3_ball_detector_msgs/share/op3_ball_detector_msgs/srv/GetParameters_Response.msg
[1.671s] -- Up-to-date: /home/certezas/robotis_ws/install/op3_ball_detector_msgs/share/op3_ball_detector_msgs/srv/SetParameters.srv
[1.671s] -- Up-to-date: /home/certezas/robotis_ws/install/op3_ball_detector_msgs/share/op3_ball_detector_msgs/srv/SetParameters_Request.msg
[1.671s] -- Up-to-date: /home/certezas/robotis_ws/install/op3_ball_detector_msgs/share/op3_ball_detector_msgs/srv/SetParameters_Response.msg
[1.671s] -- Up-to-date: /home/certezas/robotis_ws/install/op3_ball_detector_msgs/share/ament_index/resource_index/package_run_dependencies/op3_ball_detector_msgs
[1.671s] -- Up-to-date: /home/certezas/robotis_ws/install/op3_ball_detector_msgs/share/ament_index/resource_index/parent_prefix_path/op3_ball_detector_msgs
[1.671s] -- Up-to-date: /home/certezas/robotis_ws/install/op3_ball_detector_msgs/share/op3_ball_detector_msgs/environment/ament_prefix_path.sh
[1.671s] -- Up-to-date: /home/certezas/robotis_ws/install/op3_ball_detector_msgs/share/op3_ball_detector_msgs/environment/ament_prefix_path.dsv
[1.672s] -- Up-to-date: /home/certezas/robotis_ws/install/op3_ball_detector_msgs/share/op3_ball_detector_msgs/environment/path.sh
[1.672s] -- Up-to-date: /home/certezas/robotis_ws/install/op3_ball_detector_msgs/share/op3_ball_detector_msgs/environment/path.dsv
[1.672s] -- Up-to-date: /home/certezas/robotis_ws/install/op3_ball_detector_msgs/share/op3_ball_detector_msgs/local_setup.bash
[1.672s] -- Up-to-date: /home/certezas/robotis_ws/install/op3_ball_detector_msgs/share/op3_ball_detector_msgs/local_setup.sh
[1.672s] -- Up-to-date: /home/certezas/robotis_ws/install/op3_ball_detector_msgs/share/op3_ball_detector_msgs/local_setup.zsh
[1.672s] -- Up-to-date: /home/certezas/robotis_ws/install/op3_ball_detector_msgs/share/op3_ball_detector_msgs/local_setup.dsv
[1.672s] -- Installing: /home/certezas/robotis_ws/install/op3_ball_detector_msgs/share/op3_ball_detector_msgs/package.dsv
[1.672s] -- Up-to-date: /home/certezas/robotis_ws/install/op3_ball_detector_msgs/share/ament_index/resource_index/packages/op3_ball_detector_msgs
[1.672s] -- Up-to-date: /home/certezas/robotis_ws/install/op3_ball_detector_msgs/share/op3_ball_detector_msgs/cmake/export_op3_ball_detector_msgs__rosidl_generator_cExport.cmake
[1.672s] -- Up-to-date: /home/certezas/robotis_ws/install/op3_ball_detector_msgs/share/op3_ball_detector_msgs/cmake/export_op3_ball_detector_msgs__rosidl_generator_cExport-noconfig.cmake
[1.672s] -- Up-to-date: /home/certezas/robotis_ws/install/op3_ball_detector_msgs/share/op3_ball_detector_msgs/cmake/export_op3_ball_detector_msgs__rosidl_typesupport_fastrtps_cExport.cmake
[1.672s] -- Up-to-date: /home/certezas/robotis_ws/install/op3_ball_detector_msgs/share/op3_ball_detector_msgs/cmake/export_op3_ball_detector_msgs__rosidl_typesupport_fastrtps_cExport-noconfig.cmake
[1.673s] -- Up-to-date: /home/certezas/robotis_ws/install/op3_ball_detector_msgs/share/op3_ball_detector_msgs/cmake/export_op3_ball_detector_msgs__rosidl_generator_cppExport.cmake
[1.673s] -- Up-to-date: /home/certezas/robotis_ws/install/op3_ball_detector_msgs/share/op3_ball_detector_msgs/cmake/export_op3_ball_detector_msgs__rosidl_typesupport_fastrtps_cppExport.cmake
[1.673s] -- Up-to-date: /home/certezas/robotis_ws/install/op3_ball_detector_msgs/share/op3_ball_detector_msgs/cmake/export_op3_ball_detector_msgs__rosidl_typesupport_fastrtps_cppExport-noconfig.cmake
[1.673s] -- Up-to-date: /home/certezas/robotis_ws/install/op3_ball_detector_msgs/share/op3_ball_detector_msgs/cmake/op3_ball_detector_msgs__rosidl_typesupport_introspection_cExport.cmake
[1.673s] -- Up-to-date: /home/certezas/robotis_ws/install/op3_ball_detector_msgs/share/op3_ball_detector_msgs/cmake/op3_ball_detector_msgs__rosidl_typesupport_introspection_cExport-noconfig.cmake
[1.673s] -- Up-to-date: /home/certezas/robotis_ws/install/op3_ball_detector_msgs/share/op3_ball_detector_msgs/cmake/op3_ball_detector_msgs__rosidl_typesupport_cExport.cmake
[1.673s] -- Up-to-date: /home/certezas/robotis_ws/install/op3_ball_detector_msgs/share/op3_ball_detector_msgs/cmake/op3_ball_detector_msgs__rosidl_typesupport_cExport-noconfig.cmake
[1.673s] -- Up-to-date: /home/certezas/robotis_ws/install/op3_ball_detector_msgs/share/op3_ball_detector_msgs/cmake/op3_ball_detector_msgs__rosidl_typesupport_introspection_cppExport.cmake
[1.673s] -- Up-to-date: /home/certezas/robotis_ws/install/op3_ball_detector_msgs/share/op3_ball_detector_msgs/cmake/op3_ball_detector_msgs__rosidl_typesupport_introspection_cppExport-noconfig.cmake
[1.673s] -- Up-to-date: /home/certezas/robotis_ws/install/op3_ball_detector_msgs/share/op3_ball_detector_msgs/cmake/op3_ball_detector_msgs__rosidl_typesupport_cppExport.cmake
[1.673s] -- Up-to-date: /home/certezas/robotis_ws/install/op3_ball_detector_msgs/share/op3_ball_detector_msgs/cmake/op3_ball_detector_msgs__rosidl_typesupport_cppExport-noconfig.cmake
[1.673s] -- Up-to-date: /home/certezas/robotis_ws/install/op3_ball_detector_msgs/share/op3_ball_detector_msgs/cmake/export_op3_ball_detector_msgs__rosidl_generator_pyExport.cmake
[1.674s] -- Up-to-date: /home/certezas/robotis_ws/install/op3_ball_detector_msgs/share/op3_ball_detector_msgs/cmake/export_op3_ball_detector_msgs__rosidl_generator_pyExport-noconfig.cmake
[1.674s] -- Up-to-date: /home/certezas/robotis_ws/install/op3_ball_detector_msgs/share/op3_ball_detector_msgs/cmake/rosidl_cmake-extras.cmake
[1.674s] -- Up-to-date: /home/certezas/robotis_ws/install/op3_ball_detector_msgs/share/op3_ball_detector_msgs/cmake/ament_cmake_export_dependencies-extras.cmake
[1.674s] -- Up-to-date: /home/certezas/robotis_ws/install/op3_ball_detector_msgs/share/op3_ball_detector_msgs/cmake/ament_cmake_export_include_directories-extras.cmake
[1.674s] -- Up-to-date: /home/certezas/robotis_ws/install/op3_ball_detector_msgs/share/op3_ball_detector_msgs/cmake/ament_cmake_export_libraries-extras.cmake
[1.674s] -- Up-to-date: /home/certezas/robotis_ws/install/op3_ball_detector_msgs/share/op3_ball_detector_msgs/cmake/ament_cmake_export_targets-extras.cmake
[1.674s] -- Up-to-date: /home/certezas/robotis_ws/install/op3_ball_detector_msgs/share/op3_ball_detector_msgs/cmake/rosidl_cmake_export_typesupport_targets-extras.cmake
[1.674s] -- Up-to-date: /home/certezas/robotis_ws/install/op3_ball_detector_msgs/share/op3_ball_detector_msgs/cmake/rosidl_cmake_export_typesupport_libraries-extras.cmake
[1.674s] -- Up-to-date: /home/certezas/robotis_ws/install/op3_ball_detector_msgs/share/op3_ball_detector_msgs/cmake/op3_ball_detector_msgsConfig.cmake
[1.674s] -- Up-to-date: /home/certezas/robotis_ws/install/op3_ball_detector_msgs/share/op3_ball_detector_msgs/cmake/op3_ball_detector_msgsConfig-version.cmake
[1.674s] -- Up-to-date: /home/certezas/robotis_ws/install/op3_ball_detector_msgs/share/op3_ball_detector_msgs/package.xml
[1.820s] Invoked command in '/home/certezas/robotis_ws/build/op3_ball_detector_msgs' returned '0': CMAKE_PREFIX_PATH=${CMAKE_PREFIX_PATH}:/opt/ros/humble /usr/bin/cmake --install /home/certezas/robotis_ws/build/op3_ball_detector_msgs
