[0.842s] Invoking command in '/home/certezas/robotis_ws/build/op3_web_setting_tool': CMAKE_PREFIX_PATH=${CMAKE_PREFIX_PATH}:/opt/ros/humble /usr/bin/cmake --build /home/certezas/robotis_ws/build/op3_web_setting_tool -- -j12 -l12
[1.374s] Invoked command in '/home/certezas/robotis_ws/build/op3_web_setting_tool' returned '0': CMAKE_PREFIX_PATH=${CMAKE_PREFIX_PATH}:/opt/ros/humble /usr/bin/cmake --build /home/certezas/robotis_ws/build/op3_web_setting_tool -- -j12 -l12
[1.376s] Invoking command in '/home/certezas/robotis_ws/build/op3_web_setting_tool': CMAKE_PREFIX_PATH=${CMAKE_PREFIX_PATH}:/opt/ros/humble /usr/bin/cmake --install /home/certezas/robotis_ws/build/op3_web_setting_tool
[1.499s] -- Install configuration: ""
[1.499s] -- Up-to-date: /home/certezas/robotis_ws/install/op3_web_setting_tool/share/op3_web_setting_tool/html
[1.499s] -- Up-to-date: /home/certezas/robotis_ws/install/op3_web_setting_tool/share/op3_web_setting_tool/html/index.html
[1.499s] -- Up-to-date: /home/certezas/robotis_ws/install/op3_web_setting_tool/share/op3_web_setting_tool/html/js
[1.500s] -- Up-to-date: /home/certezas/robotis_ws/install/op3_web_setting_tool/share/op3_web_setting_tool/html/js/jquery-ui.css
[1.500s] -- Up-to-date: /home/certezas/robotis_ws/install/op3_web_setting_tool/share/op3_web_setting_tool/html/js/jquery.js
[1.500s] -- Up-to-date: /home/certezas/robotis_ws/install/op3_web_setting_tool/share/op3_web_setting_tool/html/js/mjpegcanvas.js
[1.500s] -- Up-to-date: /home/certezas/robotis_ws/install/op3_web_setting_tool/share/op3_web_setting_tool/html/js/EventEmitter2.js
[1.500s] -- Up-to-date: /home/certezas/robotis_ws/install/op3_web_setting_tool/share/op3_web_setting_tool/html/js/roslib.js
[1.500s] -- Up-to-date: /home/certezas/robotis_ws/install/op3_web_setting_tool/share/op3_web_setting_tool/html/js/jquery-ui.js
[1.500s] -- Up-to-date: /home/certezas/robotis_ws/install/op3_web_setting_tool/share/op3_web_setting_tool/launch
[1.528s] -- Up-to-date: /home/certezas/robotis_ws/install/op3_web_setting_tool/share/op3_web_setting_tool/launch/web_setting_server.launch.xml
[1.528s] -- Up-to-date: /home/certezas/robotis_ws/install/op3_web_setting_tool/share/ament_index/resource_index/package_run_dependencies/op3_web_setting_tool
[1.528s] -- Up-to-date: /home/certezas/robotis_ws/install/op3_web_setting_tool/share/ament_index/resource_index/parent_prefix_path/op3_web_setting_tool
[1.528s] -- Up-to-date: /home/certezas/robotis_ws/install/op3_web_setting_tool/share/op3_web_setting_tool/environment/ament_prefix_path.sh
[1.529s] -- Up-to-date: /home/certezas/robotis_ws/install/op3_web_setting_tool/share/op3_web_setting_tool/environment/ament_prefix_path.dsv
[1.529s] -- Up-to-date: /home/certezas/robotis_ws/install/op3_web_setting_tool/share/op3_web_setting_tool/environment/path.sh
[1.529s] -- Up-to-date: /home/certezas/robotis_ws/install/op3_web_setting_tool/share/op3_web_setting_tool/environment/path.dsv
[1.529s] -- Up-to-date: /home/certezas/robotis_ws/install/op3_web_setting_tool/share/op3_web_setting_tool/local_setup.bash
[1.529s] -- Up-to-date: /home/certezas/robotis_ws/install/op3_web_setting_tool/share/op3_web_setting_tool/local_setup.sh
[1.529s] -- Up-to-date: /home/certezas/robotis_ws/install/op3_web_setting_tool/share/op3_web_setting_tool/local_setup.zsh
[1.529s] -- Up-to-date: /home/certezas/robotis_ws/install/op3_web_setting_tool/share/op3_web_setting_tool/local_setup.dsv
[1.529s] -- Installing: /home/certezas/robotis_ws/install/op3_web_setting_tool/share/op3_web_setting_tool/package.dsv
[1.540s] -- Up-to-date: /home/certezas/robotis_ws/install/op3_web_setting_tool/share/ament_index/resource_index/packages/op3_web_setting_tool
[1.540s] -- Up-to-date: /home/certezas/robotis_ws/install/op3_web_setting_tool/share/op3_web_setting_tool/cmake/op3_web_setting_toolConfig.cmake
[1.540s] -- Up-to-date: /home/certezas/robotis_ws/install/op3_web_setting_tool/share/op3_web_setting_tool/cmake/op3_web_setting_toolConfig-version.cmake
[1.540s] -- Up-to-date: /home/certezas/robotis_ws/install/op3_web_setting_tool/share/op3_web_setting_tool/package.xml
[1.643s] Invoked command in '/home/certezas/robotis_ws/build/op3_web_setting_tool' returned '0': CMAKE_PREFIX_PATH=${CMAKE_PREFIX_PATH}:/opt/ros/humble /usr/bin/cmake --install /home/certezas/robotis_ws/build/op3_web_setting_tool
