[100%] Built target op3_base_module
-- Install configuration: ""
-- Up-to-date: /home/certezas/robotis_ws/install/op3_base_module/lib/libop3_base_module.a
-- Up-to-date: /home/certezas/robotis_ws/install/op3_base_module/include/op3_base_module
-- Up-to-date: /home/certezas/robotis_ws/install/op3_base_module/include/op3_base_module/base_module_state.h
-- Up-to-date: /home/certezas/robotis_ws/install/op3_base_module/include/op3_base_module/base_module.h
-- Up-to-date: /home/certezas/robotis_ws/install/op3_base_module/share/op3_base_module/data
-- Up-to-date: /home/certezas/robotis_ws/install/op3_base_module/share/op3_base_module/data/ini_pose.yaml
-- Up-to-date: /home/certezas/robotis_ws/install/op3_base_module/share/op3_base_module/environment/library_path.sh
-- Up-to-date: /home/certezas/robotis_ws/install/op3_base_module/share/op3_base_module/environment/library_path.dsv
-- Up-to-date: /home/certezas/robotis_ws/install/op3_base_module/share/ament_index/resource_index/package_run_dependencies/op3_base_module
-- Up-to-date: /home/certezas/robotis_ws/install/op3_base_module/share/ament_index/resource_index/parent_prefix_path/op3_base_module
-- Up-to-date: /home/certezas/robotis_ws/install/op3_base_module/share/op3_base_module/environment/ament_prefix_path.sh
-- Up-to-date: /home/certezas/robotis_ws/install/op3_base_module/share/op3_base_module/environment/ament_prefix_path.dsv
-- Up-to-date: /home/certezas/robotis_ws/install/op3_base_module/share/op3_base_module/environment/path.sh
-- Up-to-date: /home/certezas/robotis_ws/install/op3_base_module/share/op3_base_module/environment/path.dsv
-- Up-to-date: /home/certezas/robotis_ws/install/op3_base_module/share/op3_base_module/local_setup.bash
-- Up-to-date: /home/certezas/robotis_ws/install/op3_base_module/share/op3_base_module/local_setup.sh
-- Up-to-date: /home/certezas/robotis_ws/install/op3_base_module/share/op3_base_module/local_setup.zsh
-- Up-to-date: /home/certezas/robotis_ws/install/op3_base_module/share/op3_base_module/local_setup.dsv
-- Installing: /home/certezas/robotis_ws/install/op3_base_module/share/op3_base_module/package.dsv
-- Up-to-date: /home/certezas/robotis_ws/install/op3_base_module/share/ament_index/resource_index/packages/op3_base_module
-- Up-to-date: /home/certezas/robotis_ws/install/op3_base_module/share/op3_base_module/cmake/ament_cmake_export_include_directories-extras.cmake
-- Up-to-date: /home/certezas/robotis_ws/install/op3_base_module/share/op3_base_module/cmake/ament_cmake_export_libraries-extras.cmake
-- Up-to-date: /home/certezas/robotis_ws/install/op3_base_module/share/op3_base_module/cmake/ament_cmake_export_dependencies-extras.cmake
-- Up-to-date: /home/certezas/robotis_ws/install/op3_base_module/share/op3_base_module/cmake/op3_base_moduleConfig.cmake
-- Up-to-date: /home/certezas/robotis_ws/install/op3_base_module/share/op3_base_module/cmake/op3_base_moduleConfig-version.cmake
-- Up-to-date: /home/certezas/robotis_ws/install/op3_base_module/share/op3_base_module/package.xml
