[100%] Built target robotis_framework_common
-- Install configuration: ""
-- Up-to-date: /home/certezas/robotis_ws/install/robotis_framework_common/lib/librobotis_framework_common.a
-- Up-to-date: /home/certezas/robotis_ws/install/robotis_framework_common/include/robotis_framework_common
-- Up-to-date: /home/certezas/robotis_ws/install/robotis_framework_common/include/robotis_framework_common/singleton.h
-- Up-to-date: /home/certezas/robotis_ws/install/robotis_framework_common/include/robotis_framework_common/sensor_module.h
-- Up-to-date: /home/certezas/robotis_ws/install/robotis_framework_common/include/robotis_framework_common/motion_module.h
-- Up-to-date: /home/certezas/robotis_ws/install/robotis_framework_common/share/ament_index/resource_index/package_run_dependencies/robotis_framework_common
-- Up-to-date: /home/certezas/robotis_ws/install/robotis_framework_common/share/ament_index/resource_index/parent_prefix_path/robotis_framework_common
-- Up-to-date: /home/certezas/robotis_ws/install/robotis_framework_common/share/robotis_framework_common/environment/ament_prefix_path.sh
-- Up-to-date: /home/certezas/robotis_ws/install/robotis_framework_common/share/robotis_framework_common/environment/ament_prefix_path.dsv
-- Up-to-date: /home/certezas/robotis_ws/install/robotis_framework_common/share/robotis_framework_common/environment/path.sh
-- Up-to-date: /home/certezas/robotis_ws/install/robotis_framework_common/share/robotis_framework_common/environment/path.dsv
-- Up-to-date: /home/certezas/robotis_ws/install/robotis_framework_common/share/robotis_framework_common/local_setup.bash
-- Up-to-date: /home/certezas/robotis_ws/install/robotis_framework_common/share/robotis_framework_common/local_setup.sh
-- Up-to-date: /home/certezas/robotis_ws/install/robotis_framework_common/share/robotis_framework_common/local_setup.zsh
-- Up-to-date: /home/certezas/robotis_ws/install/robotis_framework_common/share/robotis_framework_common/local_setup.dsv
-- Installing: /home/certezas/robotis_ws/install/robotis_framework_common/share/robotis_framework_common/package.dsv
-- Up-to-date: /home/certezas/robotis_ws/install/robotis_framework_common/share/ament_index/resource_index/packages/robotis_framework_common
-- Up-to-date: /home/certezas/robotis_ws/install/robotis_framework_common/share/robotis_framework_common/cmake/ament_cmake_export_include_directories-extras.cmake
-- Up-to-date: /home/certezas/robotis_ws/install/robotis_framework_common/share/robotis_framework_common/cmake/robotis_framework_commonConfig.cmake
-- Up-to-date: /home/certezas/robotis_ws/install/robotis_framework_common/share/robotis_framework_common/cmake/robotis_framework_commonConfig-version.cmake
-- Up-to-date: /home/certezas/robotis_ws/install/robotis_framework_common/share/robotis_framework_common/package.xml
