[0.245s] Invoking command in '/home/certezas/robotis_ws/build/op3_online_walking_module_msgs': CMAKE_PREFIX_PATH=${CMAKE_PREFIX_PATH}:/opt/ros/humble /usr/bin/cmake --build /home/certezas/robotis_ws/build/op3_online_walking_module_msgs -- -j12 -l12
[1.664s] [  0%] Built target op3_online_walking_module_msgs__cpp
[1.873s] [ 12%] Built target op3_online_walking_module_msgs__rosidl_generator_c
[2.030s] [ 23%] Built target op3_online_walking_module_msgs__rosidl_typesupport_fastrtps_cpp
[2.648s] [ 35%] Built target op3_online_walking_module_msgs__rosidl_typesupport_c
[3.638s] [ 53%] Built target op3_online_walking_module_msgs__rosidl_typesupport_fastrtps_c
[3.638s] [ 59%] Built target op3_online_walking_module_msgs__rosidl_typesupport_introspection_c
[4.791s] [ 71%] Built target op3_online_walking_module_msgs__rosidl_typesupport_introspection_cpp
[5.166s] [ 83%] Built target op3_online_walking_module_msgs__rosidl_typesupport_cpp
[5.223s] [ 83%] Built target op3_online_walking_module_msgs
[5.270s] [ 84%] Built target op3_online_walking_module_msgs__py
[5.997s] [ 84%] Built target ament_cmake_python_copy_op3_online_walking_module_msgs
[6.267s] [ 95%] Built target op3_online_walking_module_msgs__rosidl_generator_py
[6.436s] running egg_info
[6.437s] writing op3_online_walking_module_msgs.egg-info/PKG-INFO
[6.437s] writing dependency_links to op3_online_walking_module_msgs.egg-info/dependency_links.txt
[6.447s] writing top-level names to op3_online_walking_module_msgs.egg-info/top_level.txt
[6.462s] reading manifest file 'op3_online_walking_module_msgs.egg-info/SOURCES.txt'
[6.504s] [ 96%] Built target op3_online_walking_module_msgs__rosidl_typesupport_c__pyext
[6.546s] writing manifest file 'op3_online_walking_module_msgs.egg-info/SOURCES.txt'
[6.582s] [ 96%] Built target ament_cmake_python_build_op3_online_walking_module_msgs_egg
[6.825s] [100%] Built target op3_online_walking_module_msgs__rosidl_typesupport_fastrtps_c__pyext
[6.826s] [100%] Built target op3_online_walking_module_msgs__rosidl_typesupport_introspection_c__pyext
[7.592s] Invoked command in '/home/certezas/robotis_ws/build/op3_online_walking_module_msgs' returned '0': CMAKE_PREFIX_PATH=${CMAKE_PREFIX_PATH}:/opt/ros/humble /usr/bin/cmake --build /home/certezas/robotis_ws/build/op3_online_walking_module_msgs -- -j12 -l12
[7.621s] Invoking command in '/home/certezas/robotis_ws/build/op3_online_walking_module_msgs': CMAKE_PREFIX_PATH=${CMAKE_PREFIX_PATH}:/opt/ros/humble /usr/bin/cmake --install /home/certezas/robotis_ws/build/op3_online_walking_module_msgs
[7.672s] -- Install configuration: ""
[7.672s] -- Up-to-date: /home/certezas/robotis_ws/install/op3_online_walking_module_msgs/share/ament_index/resource_index/rosidl_interfaces/op3_online_walking_module_msgs
[7.672s] -- Up-to-date: /home/certezas/robotis_ws/install/op3_online_walking_module_msgs/include/op3_online_walking_module_msgs/op3_online_walking_module_msgs
[7.679s] -- Up-to-date: /home/certezas/robotis_ws/install/op3_online_walking_module_msgs/include/op3_online_walking_module_msgs/op3_online_walking_module_msgs/srv
[7.680s] -- Up-to-date: /home/certezas/robotis_ws/install/op3_online_walking_module_msgs/include/op3_online_walking_module_msgs/op3_online_walking_module_msgs/srv/get_joint_pose.h
[7.680s] -- Up-to-date: /home/certezas/robotis_ws/install/op3_online_walking_module_msgs/include/op3_online_walking_module_msgs/op3_online_walking_module_msgs/srv/get_preview_matrix.h
[7.681s] -- Up-to-date: /home/certezas/robotis_ws/install/op3_online_walking_module_msgs/include/op3_online_walking_module_msgs/op3_online_walking_module_msgs/srv/get_kinematics_pose.h
[7.681s] -- Up-to-date: /home/certezas/robotis_ws/install/op3_online_walking_module_msgs/include/op3_online_walking_module_msgs/op3_online_walking_module_msgs/srv/detail
[7.681s] -- Up-to-date: /home/certezas/robotis_ws/install/op3_online_walking_module_msgs/include/op3_online_walking_module_msgs/op3_online_walking_module_msgs/srv/detail/get_preview_matrix__type_support.h
[7.681s] -- Up-to-date: /home/certezas/robotis_ws/install/op3_online_walking_module_msgs/include/op3_online_walking_module_msgs/op3_online_walking_module_msgs/srv/detail/get_joint_pose__functions.h
[7.681s] -- Up-to-date: /home/certezas/robotis_ws/install/op3_online_walking_module_msgs/include/op3_online_walking_module_msgs/op3_online_walking_module_msgs/srv/detail/get_kinematics_pose__functions.h
[7.681s] -- Up-to-date: /home/certezas/robotis_ws/install/op3_online_walking_module_msgs/include/op3_online_walking_module_msgs/op3_online_walking_module_msgs/srv/detail/get_joint_pose__type_support.h
[7.681s] -- Up-to-date: /home/certezas/robotis_ws/install/op3_online_walking_module_msgs/include/op3_online_walking_module_msgs/op3_online_walking_module_msgs/srv/detail/get_kinematics_pose__type_support.h
[7.681s] -- Up-to-date: /home/certezas/robotis_ws/install/op3_online_walking_module_msgs/include/op3_online_walking_module_msgs/op3_online_walking_module_msgs/srv/detail/get_preview_matrix__functions.c
[7.681s] -- Up-to-date: /home/certezas/robotis_ws/install/op3_online_walking_module_msgs/include/op3_online_walking_module_msgs/op3_online_walking_module_msgs/srv/detail/get_kinematics_pose__struct.h
[7.681s] -- Up-to-date: /home/certezas/robotis_ws/install/op3_online_walking_module_msgs/include/op3_online_walking_module_msgs/op3_online_walking_module_msgs/srv/detail/get_preview_matrix__struct.h
[7.681s] -- Up-to-date: /home/certezas/robotis_ws/install/op3_online_walking_module_msgs/include/op3_online_walking_module_msgs/op3_online_walking_module_msgs/srv/detail/get_kinematics_pose__functions.c
[7.681s] -- Up-to-date: /home/certezas/robotis_ws/install/op3_online_walking_module_msgs/include/op3_online_walking_module_msgs/op3_online_walking_module_msgs/srv/detail/get_joint_pose__functions.c
[7.681s] -- Up-to-date: /home/certezas/robotis_ws/install/op3_online_walking_module_msgs/include/op3_online_walking_module_msgs/op3_online_walking_module_msgs/srv/detail/get_joint_pose__struct.h
[7.681s] -- Up-to-date: /home/certezas/robotis_ws/install/op3_online_walking_module_msgs/include/op3_online_walking_module_msgs/op3_online_walking_module_msgs/srv/detail/get_preview_matrix__functions.h
[7.681s] -- Up-to-date: /home/certezas/robotis_ws/install/op3_online_walking_module_msgs/include/op3_online_walking_module_msgs/op3_online_walking_module_msgs/msg
[7.681s] -- Up-to-date: /home/certezas/robotis_ws/install/op3_online_walking_module_msgs/include/op3_online_walking_module_msgs/op3_online_walking_module_msgs/msg/rosidl_generator_c__visibility_control.h
[7.681s] -- Up-to-date: /home/certezas/robotis_ws/install/op3_online_walking_module_msgs/include/op3_online_walking_module_msgs/op3_online_walking_module_msgs/msg/kinematics_pose.h
[7.681s] -- Up-to-date: /home/certezas/robotis_ws/install/op3_online_walking_module_msgs/include/op3_online_walking_module_msgs/op3_online_walking_module_msgs/msg/step2_d.h
[7.681s] -- Up-to-date: /home/certezas/robotis_ws/install/op3_online_walking_module_msgs/include/op3_online_walking_module_msgs/op3_online_walking_module_msgs/msg/joint_pose.h
[7.681s] -- Up-to-date: /home/certezas/robotis_ws/install/op3_online_walking_module_msgs/include/op3_online_walking_module_msgs/op3_online_walking_module_msgs/msg/preview_response.h
[7.682s] -- Up-to-date: /home/certezas/robotis_ws/install/op3_online_walking_module_msgs/include/op3_online_walking_module_msgs/op3_online_walking_module_msgs/msg/step2_d_array.h
[7.682s] -- Up-to-date: /home/certezas/robotis_ws/install/op3_online_walking_module_msgs/include/op3_online_walking_module_msgs/op3_online_walking_module_msgs/msg/foot_step_command.h
[7.682s] -- Up-to-date: /home/certezas/robotis_ws/install/op3_online_walking_module_msgs/include/op3_online_walking_module_msgs/op3_online_walking_module_msgs/msg/walking_param.h
[7.682s] -- Up-to-date: /home/certezas/robotis_ws/install/op3_online_walking_module_msgs/include/op3_online_walking_module_msgs/op3_online_walking_module_msgs/msg/detail
[7.682s] -- Up-to-date: /home/certezas/robotis_ws/install/op3_online_walking_module_msgs/include/op3_online_walking_module_msgs/op3_online_walking_module_msgs/msg/detail/preview_request__type_support.h
[7.682s] -- Up-to-date: /home/certezas/robotis_ws/install/op3_online_walking_module_msgs/include/op3_online_walking_module_msgs/op3_online_walking_module_msgs/msg/detail/foot_step_command__type_support.h
[7.682s] -- Up-to-date: /home/certezas/robotis_ws/install/op3_online_walking_module_msgs/include/op3_online_walking_module_msgs/op3_online_walking_module_msgs/msg/detail/preview_request__functions.h
[7.682s] -- Up-to-date: /home/certezas/robotis_ws/install/op3_online_walking_module_msgs/include/op3_online_walking_module_msgs/op3_online_walking_module_msgs/msg/detail/foot_step_command__struct.h
[7.682s] -- Up-to-date: /home/certezas/robotis_ws/install/op3_online_walking_module_msgs/include/op3_online_walking_module_msgs/op3_online_walking_module_msgs/msg/detail/step2_d_array__type_support.h
[7.682s] -- Up-to-date: /home/certezas/robotis_ws/install/op3_online_walking_module_msgs/include/op3_online_walking_module_msgs/op3_online_walking_module_msgs/msg/detail/preview_request__functions.c
[7.682s] -- Up-to-date: /home/certezas/robotis_ws/install/op3_online_walking_module_msgs/include/op3_online_walking_module_msgs/op3_online_walking_module_msgs/msg/detail/step2_d_array__functions.c
[7.682s] -- Up-to-date: /home/certezas/robotis_ws/install/op3_online_walking_module_msgs/include/op3_online_walking_module_msgs/op3_online_walking_module_msgs/msg/detail/step2_d__functions.c
[7.682s] -- Up-to-date: /home/certezas/robotis_ws/install/op3_online_walking_module_msgs/include/op3_online_walking_module_msgs/op3_online_walking_module_msgs/msg/detail/kinematics_pose__struct.h
[7.682s] -- Up-to-date: /home/certezas/robotis_ws/install/op3_online_walking_module_msgs/include/op3_online_walking_module_msgs/op3_online_walking_module_msgs/msg/detail/foot_step_command__functions.c
[7.682s] -- Up-to-date: /home/certezas/robotis_ws/install/op3_online_walking_module_msgs/include/op3_online_walking_module_msgs/op3_online_walking_module_msgs/msg/detail/preview_response__struct.h
[7.682s] -- Up-to-date: /home/certezas/robotis_ws/install/op3_online_walking_module_msgs/include/op3_online_walking_module_msgs/op3_online_walking_module_msgs/msg/detail/step2_d_array__struct.h
[7.682s] -- Up-to-date: /home/certezas/robotis_ws/install/op3_online_walking_module_msgs/include/op3_online_walking_module_msgs/op3_online_walking_module_msgs/msg/detail/preview_request__struct.h
[7.682s] -- Up-to-date: /home/certezas/robotis_ws/install/op3_online_walking_module_msgs/include/op3_online_walking_module_msgs/op3_online_walking_module_msgs/msg/detail/foot_step_command__functions.h
[7.682s] -- Up-to-date: /home/certezas/robotis_ws/install/op3_online_walking_module_msgs/include/op3_online_walking_module_msgs/op3_online_walking_module_msgs/msg/detail/joint_pose__struct.h
[7.682s] -- Up-to-date: /home/certezas/robotis_ws/install/op3_online_walking_module_msgs/include/op3_online_walking_module_msgs/op3_online_walking_module_msgs/msg/detail/kinematics_pose__functions.c
[7.682s] -- Up-to-date: /home/certezas/robotis_ws/install/op3_online_walking_module_msgs/include/op3_online_walking_module_msgs/op3_online_walking_module_msgs/msg/detail/step2_d__type_support.h
[7.683s] -- Up-to-date: /home/certezas/robotis_ws/install/op3_online_walking_module_msgs/include/op3_online_walking_module_msgs/op3_online_walking_module_msgs/msg/detail/preview_response__functions.c
[7.683s] -- Up-to-date: /home/certezas/robotis_ws/install/op3_online_walking_module_msgs/include/op3_online_walking_module_msgs/op3_online_walking_module_msgs/msg/detail/walking_param__struct.h
[7.683s] -- Up-to-date: /home/certezas/robotis_ws/install/op3_online_walking_module_msgs/include/op3_online_walking_module_msgs/op3_online_walking_module_msgs/msg/detail/walking_param__functions.h
[7.683s] -- Up-to-date: /home/certezas/robotis_ws/install/op3_online_walking_module_msgs/include/op3_online_walking_module_msgs/op3_online_walking_module_msgs/msg/detail/preview_response__functions.h
[7.683s] -- Up-to-date: /home/certezas/robotis_ws/install/op3_online_walking_module_msgs/include/op3_online_walking_module_msgs/op3_online_walking_module_msgs/msg/detail/step2_d_array__functions.h
[7.683s] -- Up-to-date: /home/certezas/robotis_ws/install/op3_online_walking_module_msgs/include/op3_online_walking_module_msgs/op3_online_walking_module_msgs/msg/detail/kinematics_pose__functions.h
[7.683s] -- Up-to-date: /home/certezas/robotis_ws/install/op3_online_walking_module_msgs/include/op3_online_walking_module_msgs/op3_online_walking_module_msgs/msg/detail/preview_response__type_support.h
[7.683s] -- Up-to-date: /home/certezas/robotis_ws/install/op3_online_walking_module_msgs/include/op3_online_walking_module_msgs/op3_online_walking_module_msgs/msg/detail/walking_param__functions.c
[7.683s] -- Up-to-date: /home/certezas/robotis_ws/install/op3_online_walking_module_msgs/include/op3_online_walking_module_msgs/op3_online_walking_module_msgs/msg/detail/step2_d__functions.h
[7.683s] -- Up-to-date: /home/certezas/robotis_ws/install/op3_online_walking_module_msgs/include/op3_online_walking_module_msgs/op3_online_walking_module_msgs/msg/detail/foot_step_array__type_support.h
[7.683s] -- Up-to-date: /home/certezas/robotis_ws/install/op3_online_walking_module_msgs/include/op3_online_walking_module_msgs/op3_online_walking_module_msgs/msg/detail/foot_step_array__functions.h
[7.683s] -- Up-to-date: /home/certezas/robotis_ws/install/op3_online_walking_module_msgs/include/op3_online_walking_module_msgs/op3_online_walking_module_msgs/msg/detail/foot_step_array__functions.c
[7.683s] -- Up-to-date: /home/certezas/robotis_ws/install/op3_online_walking_module_msgs/include/op3_online_walking_module_msgs/op3_online_walking_module_msgs/msg/detail/walking_param__type_support.h
[7.683s] -- Up-to-date: /home/certezas/robotis_ws/install/op3_online_walking_module_msgs/include/op3_online_walking_module_msgs/op3_online_walking_module_msgs/msg/detail/joint_pose__functions.c
[7.683s] -- Up-to-date: /home/certezas/robotis_ws/install/op3_online_walking_module_msgs/include/op3_online_walking_module_msgs/op3_online_walking_module_msgs/msg/detail/foot_step_array__struct.h
[7.683s] -- Up-to-date: /home/certezas/robotis_ws/install/op3_online_walking_module_msgs/include/op3_online_walking_module_msgs/op3_online_walking_module_msgs/msg/detail/kinematics_pose__type_support.h
[7.683s] -- Up-to-date: /home/certezas/robotis_ws/install/op3_online_walking_module_msgs/include/op3_online_walking_module_msgs/op3_online_walking_module_msgs/msg/detail/joint_pose__functions.h
[7.683s] -- Up-to-date: /home/certezas/robotis_ws/install/op3_online_walking_module_msgs/include/op3_online_walking_module_msgs/op3_online_walking_module_msgs/msg/detail/step2_d__struct.h
[7.683s] -- Up-to-date: /home/certezas/robotis_ws/install/op3_online_walking_module_msgs/include/op3_online_walking_module_msgs/op3_online_walking_module_msgs/msg/detail/joint_pose__type_support.h
[7.683s] -- Up-to-date: /home/certezas/robotis_ws/install/op3_online_walking_module_msgs/include/op3_online_walking_module_msgs/op3_online_walking_module_msgs/msg/preview_request.h
[7.683s] -- Up-to-date: /home/certezas/robotis_ws/install/op3_online_walking_module_msgs/include/op3_online_walking_module_msgs/op3_online_walking_module_msgs/msg/foot_step_array.h
[7.683s] -- Up-to-date: /home/certezas/robotis_ws/install/op3_online_walking_module_msgs/share/op3_online_walking_module_msgs/environment/library_path.sh
[7.684s] -- Up-to-date: /home/certezas/robotis_ws/install/op3_online_walking_module_msgs/share/op3_online_walking_module_msgs/environment/library_path.dsv
[7.917s] -- Up-to-date: /home/certezas/robotis_ws/install/op3_online_walking_module_msgs/lib/libop3_online_walking_module_msgs__rosidl_generator_c.so
[7.917s] -- Up-to-date: /home/certezas/robotis_ws/install/op3_online_walking_module_msgs/include/op3_online_walking_module_msgs/op3_online_walking_module_msgs
[8.000s] -- Up-to-date: /home/certezas/robotis_ws/install/op3_online_walking_module_msgs/include/op3_online_walking_module_msgs/op3_online_walking_module_msgs/srv
[8.021s] -- Up-to-date: /home/certezas/robotis_ws/install/op3_online_walking_module_msgs/include/op3_online_walking_module_msgs/op3_online_walking_module_msgs/srv/detail
[8.021s] -- Up-to-date: /home/certezas/robotis_ws/install/op3_online_walking_module_msgs/include/op3_online_walking_module_msgs/op3_online_walking_module_msgs/srv/detail/get_kinematics_pose__rosidl_typesupport_fastrtps_c.h
[8.021s] -- Up-to-date: /home/certezas/robotis_ws/install/op3_online_walking_module_msgs/include/op3_online_walking_module_msgs/op3_online_walking_module_msgs/srv/detail/get_joint_pose__rosidl_typesupport_fastrtps_c.h
[8.021s] -- Up-to-date: /home/certezas/robotis_ws/install/op3_online_walking_module_msgs/include/op3_online_walking_module_msgs/op3_online_walking_module_msgs/srv/detail/get_preview_matrix__rosidl_typesupport_fastrtps_c.h
[8.021s] -- Up-to-date: /home/certezas/robotis_ws/install/op3_online_walking_module_msgs/include/op3_online_walking_module_msgs/op3_online_walking_module_msgs/msg
[8.026s] -- Up-to-date: /home/certezas/robotis_ws/install/op3_online_walking_module_msgs/include/op3_online_walking_module_msgs/op3_online_walking_module_msgs/msg/detail
[8.075s] -- Up-to-date: /home/certezas/robotis_ws/install/op3_online_walking_module_msgs/include/op3_online_walking_module_msgs/op3_online_walking_module_msgs/msg/detail/walking_param__rosidl_typesupport_fastrtps_c.h
[8.075s] -- Up-to-date: /home/certezas/robotis_ws/install/op3_online_walking_module_msgs/include/op3_online_walking_module_msgs/op3_online_walking_module_msgs/msg/detail/preview_response__rosidl_typesupport_fastrtps_c.h
[8.075s] -- Up-to-date: /home/certezas/robotis_ws/install/op3_online_walking_module_msgs/include/op3_online_walking_module_msgs/op3_online_walking_module_msgs/msg/detail/foot_step_command__rosidl_typesupport_fastrtps_c.h
[8.075s] -- Up-to-date: /home/certezas/robotis_ws/install/op3_online_walking_module_msgs/include/op3_online_walking_module_msgs/op3_online_walking_module_msgs/msg/detail/foot_step_array__rosidl_typesupport_fastrtps_c.h
[8.075s] -- Up-to-date: /home/certezas/robotis_ws/install/op3_online_walking_module_msgs/include/op3_online_walking_module_msgs/op3_online_walking_module_msgs/msg/detail/joint_pose__rosidl_typesupport_fastrtps_c.h
[8.075s] -- Up-to-date: /home/certezas/robotis_ws/install/op3_online_walking_module_msgs/include/op3_online_walking_module_msgs/op3_online_walking_module_msgs/msg/detail/preview_request__rosidl_typesupport_fastrtps_c.h
[8.075s] -- Up-to-date: /home/certezas/robotis_ws/install/op3_online_walking_module_msgs/include/op3_online_walking_module_msgs/op3_online_walking_module_msgs/msg/detail/step2_d__rosidl_typesupport_fastrtps_c.h
[8.075s] -- Up-to-date: /home/certezas/robotis_ws/install/op3_online_walking_module_msgs/include/op3_online_walking_module_msgs/op3_online_walking_module_msgs/msg/detail/step2_d_array__rosidl_typesupport_fastrtps_c.h
[8.075s] -- Up-to-date: /home/certezas/robotis_ws/install/op3_online_walking_module_msgs/include/op3_online_walking_module_msgs/op3_online_walking_module_msgs/msg/detail/kinematics_pose__rosidl_typesupport_fastrtps_c.h
[8.075s] -- Up-to-date: /home/certezas/robotis_ws/install/op3_online_walking_module_msgs/include/op3_online_walking_module_msgs/op3_online_walking_module_msgs/msg/rosidl_typesupport_fastrtps_c__visibility_control.h
[8.171s] -- Up-to-date: /home/certezas/robotis_ws/install/op3_online_walking_module_msgs/lib/libop3_online_walking_module_msgs__rosidl_typesupport_fastrtps_c.so
[8.171s] -- Up-to-date: /home/certezas/robotis_ws/install/op3_online_walking_module_msgs/include/op3_online_walking_module_msgs/op3_online_walking_module_msgs
[8.260s] -- Up-to-date: /home/certezas/robotis_ws/install/op3_online_walking_module_msgs/include/op3_online_walking_module_msgs/op3_online_walking_module_msgs/srv
[8.263s] -- Up-to-date: /home/certezas/robotis_ws/install/op3_online_walking_module_msgs/include/op3_online_walking_module_msgs/op3_online_walking_module_msgs/srv/get_preview_matrix.hpp
[8.264s] -- Up-to-date: /home/certezas/robotis_ws/install/op3_online_walking_module_msgs/include/op3_online_walking_module_msgs/op3_online_walking_module_msgs/srv/get_joint_pose.hpp
[8.264s] -- Up-to-date: /home/certezas/robotis_ws/install/op3_online_walking_module_msgs/include/op3_online_walking_module_msgs/op3_online_walking_module_msgs/srv/get_kinematics_pose.hpp
[8.264s] -- Up-to-date: /home/certezas/robotis_ws/install/op3_online_walking_module_msgs/include/op3_online_walking_module_msgs/op3_online_walking_module_msgs/srv/detail
[8.264s] -- Up-to-date: /home/certezas/robotis_ws/install/op3_online_walking_module_msgs/include/op3_online_walking_module_msgs/op3_online_walking_module_msgs/srv/detail/get_joint_pose__struct.hpp
[8.264s] -- Up-to-date: /home/certezas/robotis_ws/install/op3_online_walking_module_msgs/include/op3_online_walking_module_msgs/op3_online_walking_module_msgs/srv/detail/get_preview_matrix__type_support.hpp
[8.264s] -- Up-to-date: /home/certezas/robotis_ws/install/op3_online_walking_module_msgs/include/op3_online_walking_module_msgs/op3_online_walking_module_msgs/srv/detail/get_preview_matrix__builder.hpp
[8.264s] -- Up-to-date: /home/certezas/robotis_ws/install/op3_online_walking_module_msgs/include/op3_online_walking_module_msgs/op3_online_walking_module_msgs/srv/detail/get_kinematics_pose__struct.hpp
[8.264s] -- Up-to-date: /home/certezas/robotis_ws/install/op3_online_walking_module_msgs/include/op3_online_walking_module_msgs/op3_online_walking_module_msgs/srv/detail/get_kinematics_pose__builder.hpp
[8.264s] -- Up-to-date: /home/certezas/robotis_ws/install/op3_online_walking_module_msgs/include/op3_online_walking_module_msgs/op3_online_walking_module_msgs/srv/detail/get_joint_pose__traits.hpp
[8.264s] -- Up-to-date: /home/certezas/robotis_ws/install/op3_online_walking_module_msgs/include/op3_online_walking_module_msgs/op3_online_walking_module_msgs/srv/detail/get_joint_pose__builder.hpp
[8.264s] -- Up-to-date: /home/certezas/robotis_ws/install/op3_online_walking_module_msgs/include/op3_online_walking_module_msgs/op3_online_walking_module_msgs/srv/detail/get_joint_pose__type_support.hpp
[8.264s] -- Up-to-date: /home/certezas/robotis_ws/install/op3_online_walking_module_msgs/include/op3_online_walking_module_msgs/op3_online_walking_module_msgs/srv/detail/get_kinematics_pose__type_support.hpp
[8.264s] -- Up-to-date: /home/certezas/robotis_ws/install/op3_online_walking_module_msgs/include/op3_online_walking_module_msgs/op3_online_walking_module_msgs/srv/detail/get_preview_matrix__traits.hpp
[8.264s] -- Up-to-date: /home/certezas/robotis_ws/install/op3_online_walking_module_msgs/include/op3_online_walking_module_msgs/op3_online_walking_module_msgs/srv/detail/get_preview_matrix__struct.hpp
[8.265s] -- Up-to-date: /home/certezas/robotis_ws/install/op3_online_walking_module_msgs/include/op3_online_walking_module_msgs/op3_online_walking_module_msgs/srv/detail/get_kinematics_pose__traits.hpp
[8.265s] -- Up-to-date: /home/certezas/robotis_ws/install/op3_online_walking_module_msgs/include/op3_online_walking_module_msgs/op3_online_walking_module_msgs/msg
[8.265s] -- Up-to-date: /home/certezas/robotis_ws/install/op3_online_walking_module_msgs/include/op3_online_walking_module_msgs/op3_online_walking_module_msgs/msg/foot_step_command.hpp
[8.265s] -- Up-to-date: /home/certezas/robotis_ws/install/op3_online_walking_module_msgs/include/op3_online_walking_module_msgs/op3_online_walking_module_msgs/msg/kinematics_pose.hpp
[8.265s] -- Up-to-date: /home/certezas/robotis_ws/install/op3_online_walking_module_msgs/include/op3_online_walking_module_msgs/op3_online_walking_module_msgs/msg/walking_param.hpp
[8.265s] -- Up-to-date: /home/certezas/robotis_ws/install/op3_online_walking_module_msgs/include/op3_online_walking_module_msgs/op3_online_walking_module_msgs/msg/preview_request.hpp
[8.265s] -- Up-to-date: /home/certezas/robotis_ws/install/op3_online_walking_module_msgs/include/op3_online_walking_module_msgs/op3_online_walking_module_msgs/msg/rosidl_generator_cpp__visibility_control.hpp
[8.265s] -- Up-to-date: /home/certezas/robotis_ws/install/op3_online_walking_module_msgs/include/op3_online_walking_module_msgs/op3_online_walking_module_msgs/msg/preview_response.hpp
[8.265s] -- Up-to-date: /home/certezas/robotis_ws/install/op3_online_walking_module_msgs/include/op3_online_walking_module_msgs/op3_online_walking_module_msgs/msg/step2_d.hpp
[8.265s] -- Up-to-date: /home/certezas/robotis_ws/install/op3_online_walking_module_msgs/include/op3_online_walking_module_msgs/op3_online_walking_module_msgs/msg/step2_d_array.hpp
[8.265s] -- Up-to-date: /home/certezas/robotis_ws/install/op3_online_walking_module_msgs/include/op3_online_walking_module_msgs/op3_online_walking_module_msgs/msg/joint_pose.hpp
[8.265s] -- Up-to-date: /home/certezas/robotis_ws/install/op3_online_walking_module_msgs/include/op3_online_walking_module_msgs/op3_online_walking_module_msgs/msg/foot_step_array.hpp
[8.265s] -- Up-to-date: /home/certezas/robotis_ws/install/op3_online_walking_module_msgs/include/op3_online_walking_module_msgs/op3_online_walking_module_msgs/msg/detail
[8.265s] -- Up-to-date: /home/certezas/robotis_ws/install/op3_online_walking_module_msgs/include/op3_online_walking_module_msgs/op3_online_walking_module_msgs/msg/detail/step2_d__type_support.hpp
[8.265s] -- Up-to-date: /home/certezas/robotis_ws/install/op3_online_walking_module_msgs/include/op3_online_walking_module_msgs/op3_online_walking_module_msgs/msg/detail/foot_step_command__traits.hpp
[8.265s] -- Up-to-date: /home/certezas/robotis_ws/install/op3_online_walking_module_msgs/include/op3_online_walking_module_msgs/op3_online_walking_module_msgs/msg/detail/preview_request__type_support.hpp
[8.266s] -- Up-to-date: /home/certezas/robotis_ws/install/op3_online_walking_module_msgs/include/op3_online_walking_module_msgs/op3_online_walking_module_msgs/msg/detail/preview_request__struct.hpp
[8.266s] -- Up-to-date: /home/certezas/robotis_ws/install/op3_online_walking_module_msgs/include/op3_online_walking_module_msgs/op3_online_walking_module_msgs/msg/detail/step2_d_array__builder.hpp
[8.266s] -- Up-to-date: /home/certezas/robotis_ws/install/op3_online_walking_module_msgs/include/op3_online_walking_module_msgs/op3_online_walking_module_msgs/msg/detail/foot_step_command__struct.hpp
[8.267s] -- Up-to-date: /home/certezas/robotis_ws/install/op3_online_walking_module_msgs/include/op3_online_walking_module_msgs/op3_online_walking_module_msgs/msg/detail/preview_response__builder.hpp
[8.267s] -- Up-to-date: /home/certezas/robotis_ws/install/op3_online_walking_module_msgs/include/op3_online_walking_module_msgs/op3_online_walking_module_msgs/msg/detail/joint_pose__traits.hpp
[8.267s] -- Up-to-date: /home/certezas/robotis_ws/install/op3_online_walking_module_msgs/include/op3_online_walking_module_msgs/op3_online_walking_module_msgs/msg/detail/preview_request__builder.hpp
[8.267s] -- Up-to-date: /home/certezas/robotis_ws/install/op3_online_walking_module_msgs/include/op3_online_walking_module_msgs/op3_online_walking_module_msgs/msg/detail/step2_d__builder.hpp
[8.268s] -- Up-to-date: /home/certezas/robotis_ws/install/op3_online_walking_module_msgs/include/op3_online_walking_module_msgs/op3_online_walking_module_msgs/msg/detail/foot_step_array__struct.hpp
[8.268s] -- Up-to-date: /home/certezas/robotis_ws/install/op3_online_walking_module_msgs/include/op3_online_walking_module_msgs/op3_online_walking_module_msgs/msg/detail/kinematics_pose__struct.hpp
[8.268s] -- Up-to-date: /home/certezas/robotis_ws/install/op3_online_walking_module_msgs/include/op3_online_walking_module_msgs/op3_online_walking_module_msgs/msg/detail/kinematics_pose__traits.hpp
[8.268s] -- Up-to-date: /home/certezas/robotis_ws/install/op3_online_walking_module_msgs/include/op3_online_walking_module_msgs/op3_online_walking_module_msgs/msg/detail/preview_response__traits.hpp
[8.268s] -- Up-to-date: /home/certezas/robotis_ws/install/op3_online_walking_module_msgs/include/op3_online_walking_module_msgs/op3_online_walking_module_msgs/msg/detail/walking_param__struct.hpp
[8.268s] -- Up-to-date: /home/certezas/robotis_ws/install/op3_online_walking_module_msgs/include/op3_online_walking_module_msgs/op3_online_walking_module_msgs/msg/detail/walking_param__traits.hpp
[8.268s] -- Up-to-date: /home/certezas/robotis_ws/install/op3_online_walking_module_msgs/include/op3_online_walking_module_msgs/op3_online_walking_module_msgs/msg/detail/preview_request__traits.hpp
[8.268s] -- Up-to-date: /home/certezas/robotis_ws/install/op3_online_walking_module_msgs/include/op3_online_walking_module_msgs/op3_online_walking_module_msgs/msg/detail/walking_param__builder.hpp
[8.269s] -- Up-to-date: /home/certezas/robotis_ws/install/op3_online_walking_module_msgs/include/op3_online_walking_module_msgs/op3_online_walking_module_msgs/msg/detail/foot_step_command__type_support.hpp
[8.269s] -- Up-to-date: /home/certezas/robotis_ws/install/op3_online_walking_module_msgs/include/op3_online_walking_module_msgs/op3_online_walking_module_msgs/msg/detail/step2_d_array__type_support.hpp
[8.269s] -- Up-to-date: /home/certezas/robotis_ws/install/op3_online_walking_module_msgs/include/op3_online_walking_module_msgs/op3_online_walking_module_msgs/msg/detail/foot_step_array__type_support.hpp
[8.269s] -- Up-to-date: /home/certezas/robotis_ws/install/op3_online_walking_module_msgs/include/op3_online_walking_module_msgs/op3_online_walking_module_msgs/msg/detail/foot_step_command__builder.hpp
[8.269s] -- Up-to-date: /home/certezas/robotis_ws/install/op3_online_walking_module_msgs/include/op3_online_walking_module_msgs/op3_online_walking_module_msgs/msg/detail/step2_d_array__struct.hpp
[8.269s] -- Up-to-date: /home/certezas/robotis_ws/install/op3_online_walking_module_msgs/include/op3_online_walking_module_msgs/op3_online_walking_module_msgs/msg/detail/step2_d_array__traits.hpp
[8.269s] -- Up-to-date: /home/certezas/robotis_ws/install/op3_online_walking_module_msgs/include/op3_online_walking_module_msgs/op3_online_walking_module_msgs/msg/detail/kinematics_pose__builder.hpp
[8.269s] -- Up-to-date: /home/certezas/robotis_ws/install/op3_online_walking_module_msgs/include/op3_online_walking_module_msgs/op3_online_walking_module_msgs/msg/detail/foot_step_array__traits.hpp
[8.269s] -- Up-to-date: /home/certezas/robotis_ws/install/op3_online_walking_module_msgs/include/op3_online_walking_module_msgs/op3_online_walking_module_msgs/msg/detail/walking_param__type_support.hpp
[8.269s] -- Up-to-date: /home/certezas/robotis_ws/install/op3_online_walking_module_msgs/include/op3_online_walking_module_msgs/op3_online_walking_module_msgs/msg/detail/foot_step_array__builder.hpp
[8.269s] -- Up-to-date: /home/certezas/robotis_ws/install/op3_online_walking_module_msgs/include/op3_online_walking_module_msgs/op3_online_walking_module_msgs/msg/detail/step2_d__traits.hpp
[8.269s] -- Up-to-date: /home/certezas/robotis_ws/install/op3_online_walking_module_msgs/include/op3_online_walking_module_msgs/op3_online_walking_module_msgs/msg/detail/joint_pose__type_support.hpp
[8.270s] -- Up-to-date: /home/certezas/robotis_ws/install/op3_online_walking_module_msgs/include/op3_online_walking_module_msgs/op3_online_walking_module_msgs/msg/detail/preview_response__type_support.hpp
[8.270s] -- Up-to-date: /home/certezas/robotis_ws/install/op3_online_walking_module_msgs/include/op3_online_walking_module_msgs/op3_online_walking_module_msgs/msg/detail/joint_pose__builder.hpp
[8.270s] -- Up-to-date: /home/certezas/robotis_ws/install/op3_online_walking_module_msgs/include/op3_online_walking_module_msgs/op3_online_walking_module_msgs/msg/detail/joint_pose__struct.hpp
[8.270s] -- Up-to-date: /home/certezas/robotis_ws/install/op3_online_walking_module_msgs/include/op3_online_walking_module_msgs/op3_online_walking_module_msgs/msg/detail/step2_d__struct.hpp
[8.270s] -- Up-to-date: /home/certezas/robotis_ws/install/op3_online_walking_module_msgs/include/op3_online_walking_module_msgs/op3_online_walking_module_msgs/msg/detail/kinematics_pose__type_support.hpp
[8.270s] -- Up-to-date: /home/certezas/robotis_ws/install/op3_online_walking_module_msgs/include/op3_online_walking_module_msgs/op3_online_walking_module_msgs/msg/detail/preview_response__struct.hpp
[8.270s] -- Up-to-date: /home/certezas/robotis_ws/install/op3_online_walking_module_msgs/include/op3_online_walking_module_msgs/op3_online_walking_module_msgs
[8.271s] -- Up-to-date: /home/certezas/robotis_ws/install/op3_online_walking_module_msgs/include/op3_online_walking_module_msgs/op3_online_walking_module_msgs/srv
[8.298s] -- Up-to-date: /home/certezas/robotis_ws/install/op3_online_walking_module_msgs/include/op3_online_walking_module_msgs/op3_online_walking_module_msgs/srv/detail
[8.298s] -- Up-to-date: /home/certezas/robotis_ws/install/op3_online_walking_module_msgs/include/op3_online_walking_module_msgs/op3_online_walking_module_msgs/srv/detail/dds_fastrtps
[8.298s] -- Up-to-date: /home/certezas/robotis_ws/install/op3_online_walking_module_msgs/include/op3_online_walking_module_msgs/op3_online_walking_module_msgs/srv/detail/get_joint_pose__rosidl_typesupport_fastrtps_cpp.hpp
[8.299s] -- Up-to-date: /home/certezas/robotis_ws/install/op3_online_walking_module_msgs/include/op3_online_walking_module_msgs/op3_online_walking_module_msgs/srv/detail/get_preview_matrix__rosidl_typesupport_fastrtps_cpp.hpp
[8.299s] -- Up-to-date: /home/certezas/robotis_ws/install/op3_online_walking_module_msgs/include/op3_online_walking_module_msgs/op3_online_walking_module_msgs/srv/detail/get_kinematics_pose__rosidl_typesupport_fastrtps_cpp.hpp
[8.299s] -- Up-to-date: /home/certezas/robotis_ws/install/op3_online_walking_module_msgs/include/op3_online_walking_module_msgs/op3_online_walking_module_msgs/msg
[8.299s] -- Up-to-date: /home/certezas/robotis_ws/install/op3_online_walking_module_msgs/include/op3_online_walking_module_msgs/op3_online_walking_module_msgs/msg/rosidl_typesupport_fastrtps_cpp__visibility_control.h
[8.299s] -- Up-to-date: /home/certezas/robotis_ws/install/op3_online_walking_module_msgs/include/op3_online_walking_module_msgs/op3_online_walking_module_msgs/msg/detail
[8.299s] -- Up-to-date: /home/certezas/robotis_ws/install/op3_online_walking_module_msgs/include/op3_online_walking_module_msgs/op3_online_walking_module_msgs/msg/detail/preview_request__rosidl_typesupport_fastrtps_cpp.hpp
[8.299s] -- Up-to-date: /home/certezas/robotis_ws/install/op3_online_walking_module_msgs/include/op3_online_walking_module_msgs/op3_online_walking_module_msgs/msg/detail/dds_fastrtps
[8.299s] -- Up-to-date: /home/certezas/robotis_ws/install/op3_online_walking_module_msgs/include/op3_online_walking_module_msgs/op3_online_walking_module_msgs/msg/detail/foot_step_command__rosidl_typesupport_fastrtps_cpp.hpp
[8.299s] -- Up-to-date: /home/certezas/robotis_ws/install/op3_online_walking_module_msgs/include/op3_online_walking_module_msgs/op3_online_walking_module_msgs/msg/detail/kinematics_pose__rosidl_typesupport_fastrtps_cpp.hpp
[8.299s] -- Up-to-date: /home/certezas/robotis_ws/install/op3_online_walking_module_msgs/include/op3_online_walking_module_msgs/op3_online_walking_module_msgs/msg/detail/joint_pose__rosidl_typesupport_fastrtps_cpp.hpp
[8.300s] -- Up-to-date: /home/certezas/robotis_ws/install/op3_online_walking_module_msgs/include/op3_online_walking_module_msgs/op3_online_walking_module_msgs/msg/detail/walking_param__rosidl_typesupport_fastrtps_cpp.hpp
[8.300s] -- Up-to-date: /home/certezas/robotis_ws/install/op3_online_walking_module_msgs/include/op3_online_walking_module_msgs/op3_online_walking_module_msgs/msg/detail/step2_d_array__rosidl_typesupport_fastrtps_cpp.hpp
[8.300s] -- Up-to-date: /home/certezas/robotis_ws/install/op3_online_walking_module_msgs/include/op3_online_walking_module_msgs/op3_online_walking_module_msgs/msg/detail/preview_response__rosidl_typesupport_fastrtps_cpp.hpp
[8.300s] -- Up-to-date: /home/certezas/robotis_ws/install/op3_online_walking_module_msgs/include/op3_online_walking_module_msgs/op3_online_walking_module_msgs/msg/detail/step2_d__rosidl_typesupport_fastrtps_cpp.hpp
[8.300s] -- Up-to-date: /home/certezas/robotis_ws/install/op3_online_walking_module_msgs/include/op3_online_walking_module_msgs/op3_online_walking_module_msgs/msg/detail/foot_step_array__rosidl_typesupport_fastrtps_cpp.hpp
[8.444s] -- Up-to-date: /home/certezas/robotis_ws/install/op3_online_walking_module_msgs/lib/libop3_online_walking_module_msgs__rosidl_typesupport_fastrtps_cpp.so
[8.444s] -- Up-to-date: /home/certezas/robotis_ws/install/op3_online_walking_module_msgs/include/op3_online_walking_module_msgs/op3_online_walking_module_msgs
[8.444s] -- Up-to-date: /home/certezas/robotis_ws/install/op3_online_walking_module_msgs/include/op3_online_walking_module_msgs/op3_online_walking_module_msgs/srv
[8.465s] -- Up-to-date: /home/certezas/robotis_ws/install/op3_online_walking_module_msgs/include/op3_online_walking_module_msgs/op3_online_walking_module_msgs/srv/detail
[8.465s] -- Up-to-date: /home/certezas/robotis_ws/install/op3_online_walking_module_msgs/include/op3_online_walking_module_msgs/op3_online_walking_module_msgs/srv/detail/get_preview_matrix__type_support.c
[8.465s] -- Up-to-date: /home/certezas/robotis_ws/install/op3_online_walking_module_msgs/include/op3_online_walking_module_msgs/op3_online_walking_module_msgs/srv/detail/get_kinematics_pose__rosidl_typesupport_introspection_c.h
[8.465s] -- Up-to-date: /home/certezas/robotis_ws/install/op3_online_walking_module_msgs/include/op3_online_walking_module_msgs/op3_online_walking_module_msgs/srv/detail/get_preview_matrix__rosidl_typesupport_introspection_c.h
[8.465s] -- Up-to-date: /home/certezas/robotis_ws/install/op3_online_walking_module_msgs/include/op3_online_walking_module_msgs/op3_online_walking_module_msgs/srv/detail/get_joint_pose__rosidl_typesupport_introspection_c.h
[8.466s] -- Up-to-date: /home/certezas/robotis_ws/install/op3_online_walking_module_msgs/include/op3_online_walking_module_msgs/op3_online_walking_module_msgs/srv/detail/get_kinematics_pose__type_support.c
[8.466s] -- Up-to-date: /home/certezas/robotis_ws/install/op3_online_walking_module_msgs/include/op3_online_walking_module_msgs/op3_online_walking_module_msgs/srv/detail/get_joint_pose__type_support.c
[8.466s] -- Up-to-date: /home/certezas/robotis_ws/install/op3_online_walking_module_msgs/include/op3_online_walking_module_msgs/op3_online_walking_module_msgs/msg
[8.479s] -- Up-to-date: /home/certezas/robotis_ws/install/op3_online_walking_module_msgs/include/op3_online_walking_module_msgs/op3_online_walking_module_msgs/msg/rosidl_typesupport_introspection_c__visibility_control.h
[8.479s] -- Up-to-date: /home/certezas/robotis_ws/install/op3_online_walking_module_msgs/include/op3_online_walking_module_msgs/op3_online_walking_module_msgs/msg/detail
[8.482s] -- Up-to-date: /home/certezas/robotis_ws/install/op3_online_walking_module_msgs/include/op3_online_walking_module_msgs/op3_online_walking_module_msgs/msg/detail/joint_pose__type_support.c
[8.482s] -- Up-to-date: /home/certezas/robotis_ws/install/op3_online_walking_module_msgs/include/op3_online_walking_module_msgs/op3_online_walking_module_msgs/msg/detail/preview_response__type_support.c
[8.482s] -- Up-to-date: /home/certezas/robotis_ws/install/op3_online_walking_module_msgs/include/op3_online_walking_module_msgs/op3_online_walking_module_msgs/msg/detail/preview_response__rosidl_typesupport_introspection_c.h
[8.482s] -- Up-to-date: /home/certezas/robotis_ws/install/op3_online_walking_module_msgs/include/op3_online_walking_module_msgs/op3_online_walking_module_msgs/msg/detail/step2_d_array__type_support.c
[8.482s] -- Up-to-date: /home/certezas/robotis_ws/install/op3_online_walking_module_msgs/include/op3_online_walking_module_msgs/op3_online_walking_module_msgs/msg/detail/joint_pose__rosidl_typesupport_introspection_c.h
[8.482s] -- Up-to-date: /home/certezas/robotis_ws/install/op3_online_walking_module_msgs/include/op3_online_walking_module_msgs/op3_online_walking_module_msgs/msg/detail/preview_request__rosidl_typesupport_introspection_c.h
[8.482s] -- Up-to-date: /home/certezas/robotis_ws/install/op3_online_walking_module_msgs/include/op3_online_walking_module_msgs/op3_online_walking_module_msgs/msg/detail/step2_d_array__rosidl_typesupport_introspection_c.h
[8.483s] -- Up-to-date: /home/certezas/robotis_ws/install/op3_online_walking_module_msgs/include/op3_online_walking_module_msgs/op3_online_walking_module_msgs/msg/detail/preview_request__type_support.c
[8.483s] -- Up-to-date: /home/certezas/robotis_ws/install/op3_online_walking_module_msgs/include/op3_online_walking_module_msgs/op3_online_walking_module_msgs/msg/detail/kinematics_pose__rosidl_typesupport_introspection_c.h
[8.483s] -- Up-to-date: /home/certezas/robotis_ws/install/op3_online_walking_module_msgs/include/op3_online_walking_module_msgs/op3_online_walking_module_msgs/msg/detail/foot_step_array__type_support.c
[8.483s] -- Up-to-date: /home/certezas/robotis_ws/install/op3_online_walking_module_msgs/include/op3_online_walking_module_msgs/op3_online_walking_module_msgs/msg/detail/step2_d__rosidl_typesupport_introspection_c.h
[8.483s] -- Up-to-date: /home/certezas/robotis_ws/install/op3_online_walking_module_msgs/include/op3_online_walking_module_msgs/op3_online_walking_module_msgs/msg/detail/walking_param__type_support.c
[8.483s] -- Up-to-date: /home/certezas/robotis_ws/install/op3_online_walking_module_msgs/include/op3_online_walking_module_msgs/op3_online_walking_module_msgs/msg/detail/step2_d__type_support.c
[8.483s] -- Up-to-date: /home/certezas/robotis_ws/install/op3_online_walking_module_msgs/include/op3_online_walking_module_msgs/op3_online_walking_module_msgs/msg/detail/foot_step_array__rosidl_typesupport_introspection_c.h
[8.483s] -- Up-to-date: /home/certezas/robotis_ws/install/op3_online_walking_module_msgs/include/op3_online_walking_module_msgs/op3_online_walking_module_msgs/msg/detail/foot_step_command__rosidl_typesupport_introspection_c.h
[8.483s] -- Up-to-date: /home/certezas/robotis_ws/install/op3_online_walking_module_msgs/include/op3_online_walking_module_msgs/op3_online_walking_module_msgs/msg/detail/kinematics_pose__type_support.c
[8.483s] -- Up-to-date: /home/certezas/robotis_ws/install/op3_online_walking_module_msgs/include/op3_online_walking_module_msgs/op3_online_walking_module_msgs/msg/detail/walking_param__rosidl_typesupport_introspection_c.h
[8.483s] -- Up-to-date: /home/certezas/robotis_ws/install/op3_online_walking_module_msgs/include/op3_online_walking_module_msgs/op3_online_walking_module_msgs/msg/detail/foot_step_command__type_support.c
[8.630s] -- Up-to-date: /home/certezas/robotis_ws/install/op3_online_walking_module_msgs/lib/libop3_online_walking_module_msgs__rosidl_typesupport_introspection_c.so
[8.893s] -- Up-to-date: /home/certezas/robotis_ws/install/op3_online_walking_module_msgs/lib/libop3_online_walking_module_msgs__rosidl_typesupport_c.so
[8.893s] -- Up-to-date: /home/certezas/robotis_ws/install/op3_online_walking_module_msgs/include/op3_online_walking_module_msgs/op3_online_walking_module_msgs
[8.982s] -- Up-to-date: /home/certezas/robotis_ws/install/op3_online_walking_module_msgs/include/op3_online_walking_module_msgs/op3_online_walking_module_msgs/srv
[8.989s] -- Up-to-date: /home/certezas/robotis_ws/install/op3_online_walking_module_msgs/include/op3_online_walking_module_msgs/op3_online_walking_module_msgs/srv/detail
[8.993s] -- Up-to-date: /home/certezas/robotis_ws/install/op3_online_walking_module_msgs/include/op3_online_walking_module_msgs/op3_online_walking_module_msgs/srv/detail/get_kinematics_pose__type_support.cpp
[8.993s] -- Up-to-date: /home/certezas/robotis_ws/install/op3_online_walking_module_msgs/include/op3_online_walking_module_msgs/op3_online_walking_module_msgs/srv/detail/get_preview_matrix__rosidl_typesupport_introspection_cpp.hpp
[8.993s] -- Up-to-date: /home/certezas/robotis_ws/install/op3_online_walking_module_msgs/include/op3_online_walking_module_msgs/op3_online_walking_module_msgs/srv/detail/get_joint_pose__rosidl_typesupport_introspection_cpp.hpp
[8.993s] -- Up-to-date: /home/certezas/robotis_ws/install/op3_online_walking_module_msgs/include/op3_online_walking_module_msgs/op3_online_walking_module_msgs/srv/detail/get_preview_matrix__type_support.cpp
[8.994s] -- Up-to-date: /home/certezas/robotis_ws/install/op3_online_walking_module_msgs/include/op3_online_walking_module_msgs/op3_online_walking_module_msgs/srv/detail/get_joint_pose__type_support.cpp
[8.994s] -- Up-to-date: /home/certezas/robotis_ws/install/op3_online_walking_module_msgs/include/op3_online_walking_module_msgs/op3_online_walking_module_msgs/srv/detail/get_kinematics_pose__rosidl_typesupport_introspection_cpp.hpp
[8.994s] -- Up-to-date: /home/certezas/robotis_ws/install/op3_online_walking_module_msgs/include/op3_online_walking_module_msgs/op3_online_walking_module_msgs/msg
[9.010s] -- Up-to-date: /home/certezas/robotis_ws/install/op3_online_walking_module_msgs/include/op3_online_walking_module_msgs/op3_online_walking_module_msgs/msg/detail
[9.023s] -- Up-to-date: /home/certezas/robotis_ws/install/op3_online_walking_module_msgs/include/op3_online_walking_module_msgs/op3_online_walking_module_msgs/msg/detail/joint_pose__type_support.cpp
[9.024s] -- Up-to-date: /home/certezas/robotis_ws/install/op3_online_walking_module_msgs/include/op3_online_walking_module_msgs/op3_online_walking_module_msgs/msg/detail/kinematics_pose__type_support.cpp
[9.024s] -- Up-to-date: /home/certezas/robotis_ws/install/op3_online_walking_module_msgs/include/op3_online_walking_module_msgs/op3_online_walking_module_msgs/msg/detail/foot_step_array__rosidl_typesupport_introspection_cpp.hpp
[9.024s] -- Up-to-date: /home/certezas/robotis_ws/install/op3_online_walking_module_msgs/include/op3_online_walking_module_msgs/op3_online_walking_module_msgs/msg/detail/preview_response__type_support.cpp
[9.024s] -- Up-to-date: /home/certezas/robotis_ws/install/op3_online_walking_module_msgs/include/op3_online_walking_module_msgs/op3_online_walking_module_msgs/msg/detail/foot_step_command__type_support.cpp
[9.024s] -- Up-to-date: /home/certezas/robotis_ws/install/op3_online_walking_module_msgs/include/op3_online_walking_module_msgs/op3_online_walking_module_msgs/msg/detail/step2_d_array__type_support.cpp
[9.025s] -- Up-to-date: /home/certezas/robotis_ws/install/op3_online_walking_module_msgs/include/op3_online_walking_module_msgs/op3_online_walking_module_msgs/msg/detail/walking_param__rosidl_typesupport_introspection_cpp.hpp
[9.025s] -- Up-to-date: /home/certezas/robotis_ws/install/op3_online_walking_module_msgs/include/op3_online_walking_module_msgs/op3_online_walking_module_msgs/msg/detail/step2_d_array__rosidl_typesupport_introspection_cpp.hpp
[9.025s] -- Up-to-date: /home/certezas/robotis_ws/install/op3_online_walking_module_msgs/include/op3_online_walking_module_msgs/op3_online_walking_module_msgs/msg/detail/kinematics_pose__rosidl_typesupport_introspection_cpp.hpp
[9.025s] -- Up-to-date: /home/certezas/robotis_ws/install/op3_online_walking_module_msgs/include/op3_online_walking_module_msgs/op3_online_walking_module_msgs/msg/detail/walking_param__type_support.cpp
[9.025s] -- Up-to-date: /home/certezas/robotis_ws/install/op3_online_walking_module_msgs/include/op3_online_walking_module_msgs/op3_online_walking_module_msgs/msg/detail/foot_step_command__rosidl_typesupport_introspection_cpp.hpp
[9.025s] -- Up-to-date: /home/certezas/robotis_ws/install/op3_online_walking_module_msgs/include/op3_online_walking_module_msgs/op3_online_walking_module_msgs/msg/detail/preview_request__rosidl_typesupport_introspection_cpp.hpp
[9.025s] -- Up-to-date: /home/certezas/robotis_ws/install/op3_online_walking_module_msgs/include/op3_online_walking_module_msgs/op3_online_walking_module_msgs/msg/detail/step2_d__rosidl_typesupport_introspection_cpp.hpp
[9.025s] -- Up-to-date: /home/certezas/robotis_ws/install/op3_online_walking_module_msgs/include/op3_online_walking_module_msgs/op3_online_walking_module_msgs/msg/detail/step2_d__type_support.cpp
[9.025s] -- Up-to-date: /home/certezas/robotis_ws/install/op3_online_walking_module_msgs/include/op3_online_walking_module_msgs/op3_online_walking_module_msgs/msg/detail/preview_request__type_support.cpp
[9.025s] -- Up-to-date: /home/certezas/robotis_ws/install/op3_online_walking_module_msgs/include/op3_online_walking_module_msgs/op3_online_walking_module_msgs/msg/detail/joint_pose__rosidl_typesupport_introspection_cpp.hpp
[9.025s] -- Up-to-date: /home/certezas/robotis_ws/install/op3_online_walking_module_msgs/include/op3_online_walking_module_msgs/op3_online_walking_module_msgs/msg/detail/foot_step_array__type_support.cpp
[9.025s] -- Up-to-date: /home/certezas/robotis_ws/install/op3_online_walking_module_msgs/include/op3_online_walking_module_msgs/op3_online_walking_module_msgs/msg/detail/preview_response__rosidl_typesupport_introspection_cpp.hpp
[9.070s] -- Up-to-date: /home/certezas/robotis_ws/install/op3_online_walking_module_msgs/lib/libop3_online_walking_module_msgs__rosidl_typesupport_introspection_cpp.so
[9.084s] -- Up-to-date: /home/certezas/robotis_ws/install/op3_online_walking_module_msgs/lib/libop3_online_walking_module_msgs__rosidl_typesupport_cpp.so
[9.084s] -- Up-to-date: /home/certezas/robotis_ws/install/op3_online_walking_module_msgs/share/op3_online_walking_module_msgs/environment/pythonpath.sh
[9.084s] -- Up-to-date: /home/certezas/robotis_ws/install/op3_online_walking_module_msgs/share/op3_online_walking_module_msgs/environment/pythonpath.dsv
[9.084s] -- Up-to-date: /home/certezas/robotis_ws/install/op3_online_walking_module_msgs/local/lib/python3.10/dist-packages/op3_online_walking_module_msgs-0.1.1-py3.10.egg-info
[9.084s] -- Installing: /home/certezas/robotis_ws/install/op3_online_walking_module_msgs/local/lib/python3.10/dist-packages/op3_online_walking_module_msgs-0.1.1-py3.10.egg-info/PKG-INFO
[9.084s] -- Installing: /home/certezas/robotis_ws/install/op3_online_walking_module_msgs/local/lib/python3.10/dist-packages/op3_online_walking_module_msgs-0.1.1-py3.10.egg-info/dependency_links.txt
[9.084s] -- Installing: /home/certezas/robotis_ws/install/op3_online_walking_module_msgs/local/lib/python3.10/dist-packages/op3_online_walking_module_msgs-0.1.1-py3.10.egg-info/top_level.txt
[9.084s] -- Installing: /home/certezas/robotis_ws/install/op3_online_walking_module_msgs/local/lib/python3.10/dist-packages/op3_online_walking_module_msgs-0.1.1-py3.10.egg-info/SOURCES.txt
[9.084s] -- Up-to-date: /home/certezas/robotis_ws/install/op3_online_walking_module_msgs/local/lib/python3.10/dist-packages/op3_online_walking_module_msgs
[9.084s] -- Up-to-date: /home/certezas/robotis_ws/install/op3_online_walking_module_msgs/local/lib/python3.10/dist-packages/op3_online_walking_module_msgs/_op3_online_walking_module_msgs_s.ep.rosidl_typesupport_fastrtps_c.c
[9.084s] -- Up-to-date: /home/certezas/robotis_ws/install/op3_online_walking_module_msgs/local/lib/python3.10/dist-packages/op3_online_walking_module_msgs/__init__.py
[9.084s] -- Up-to-date: /home/certezas/robotis_ws/install/op3_online_walking_module_msgs/local/lib/python3.10/dist-packages/op3_online_walking_module_msgs/srv
[9.085s] -- Up-to-date: /home/certezas/robotis_ws/install/op3_online_walking_module_msgs/local/lib/python3.10/dist-packages/op3_online_walking_module_msgs/srv/_get_preview_matrix_s.c
[9.085s] -- Up-to-date: /home/certezas/robotis_ws/install/op3_online_walking_module_msgs/local/lib/python3.10/dist-packages/op3_online_walking_module_msgs/srv/_get_kinematics_pose.py
[9.085s] -- Up-to-date: /home/certezas/robotis_ws/install/op3_online_walking_module_msgs/local/lib/python3.10/dist-packages/op3_online_walking_module_msgs/srv/_get_joint_pose_s.c
[9.085s] -- Up-to-date: /home/certezas/robotis_ws/install/op3_online_walking_module_msgs/local/lib/python3.10/dist-packages/op3_online_walking_module_msgs/srv/__init__.py
[9.085s] -- Up-to-date: /home/certezas/robotis_ws/install/op3_online_walking_module_msgs/local/lib/python3.10/dist-packages/op3_online_walking_module_msgs/srv/_get_kinematics_pose_s.c
[9.085s] -- Up-to-date: /home/certezas/robotis_ws/install/op3_online_walking_module_msgs/local/lib/python3.10/dist-packages/op3_online_walking_module_msgs/srv/_get_preview_matrix.py
[9.085s] -- Up-to-date: /home/certezas/robotis_ws/install/op3_online_walking_module_msgs/local/lib/python3.10/dist-packages/op3_online_walking_module_msgs/srv/_get_joint_pose.py
[9.085s] -- Up-to-date: /home/certezas/robotis_ws/install/op3_online_walking_module_msgs/local/lib/python3.10/dist-packages/op3_online_walking_module_msgs/libop3_online_walking_module_msgs__rosidl_generator_py.so
[9.085s] -- Up-to-date: /home/certezas/robotis_ws/install/op3_online_walking_module_msgs/local/lib/python3.10/dist-packages/op3_online_walking_module_msgs/_op3_online_walking_module_msgs_s.ep.rosidl_typesupport_introspection_c.c
[9.085s] -- Up-to-date: /home/certezas/robotis_ws/install/op3_online_walking_module_msgs/local/lib/python3.10/dist-packages/op3_online_walking_module_msgs/_op3_online_walking_module_msgs_s.ep.rosidl_typesupport_c.c
[9.085s] -- Up-to-date: /home/certezas/robotis_ws/install/op3_online_walking_module_msgs/local/lib/python3.10/dist-packages/op3_online_walking_module_msgs/op3_online_walking_module_msgs_s__rosidl_typesupport_introspection_c.cpython-310-x86_64-linux-gnu.so
[9.085s] -- Up-to-date: /home/certezas/robotis_ws/install/op3_online_walking_module_msgs/local/lib/python3.10/dist-packages/op3_online_walking_module_msgs/op3_online_walking_module_msgs_s__rosidl_typesupport_c.cpython-310-x86_64-linux-gnu.so
[9.085s] -- Up-to-date: /home/certezas/robotis_ws/install/op3_online_walking_module_msgs/local/lib/python3.10/dist-packages/op3_online_walking_module_msgs/op3_online_walking_module_msgs_s__rosidl_typesupport_fastrtps_c.cpython-310-x86_64-linux-gnu.so
[9.085s] -- Up-to-date: /home/certezas/robotis_ws/install/op3_online_walking_module_msgs/local/lib/python3.10/dist-packages/op3_online_walking_module_msgs/msg
[9.085s] -- Up-to-date: /home/certezas/robotis_ws/install/op3_online_walking_module_msgs/local/lib/python3.10/dist-packages/op3_online_walking_module_msgs/msg/_preview_response.py
[9.085s] -- Up-to-date: /home/certezas/robotis_ws/install/op3_online_walking_module_msgs/local/lib/python3.10/dist-packages/op3_online_walking_module_msgs/msg/_preview_response_s.c
[9.085s] -- Up-to-date: /home/certezas/robotis_ws/install/op3_online_walking_module_msgs/local/lib/python3.10/dist-packages/op3_online_walking_module_msgs/msg/_step2_d_array.py
[9.085s] -- Up-to-date: /home/certezas/robotis_ws/install/op3_online_walking_module_msgs/local/lib/python3.10/dist-packages/op3_online_walking_module_msgs/msg/_kinematics_pose.py
[9.086s] -- Up-to-date: /home/certezas/robotis_ws/install/op3_online_walking_module_msgs/local/lib/python3.10/dist-packages/op3_online_walking_module_msgs/msg/_preview_request_s.c
[9.086s] -- Up-to-date: /home/certezas/robotis_ws/install/op3_online_walking_module_msgs/local/lib/python3.10/dist-packages/op3_online_walking_module_msgs/msg/_joint_pose.py
[9.086s] -- Up-to-date: /home/certezas/robotis_ws/install/op3_online_walking_module_msgs/local/lib/python3.10/dist-packages/op3_online_walking_module_msgs/msg/_walking_param.py
[9.086s] -- Up-to-date: /home/certezas/robotis_ws/install/op3_online_walking_module_msgs/local/lib/python3.10/dist-packages/op3_online_walking_module_msgs/msg/_foot_step_array.py
[9.086s] -- Up-to-date: /home/certezas/robotis_ws/install/op3_online_walking_module_msgs/local/lib/python3.10/dist-packages/op3_online_walking_module_msgs/msg/__init__.py
[9.086s] -- Up-to-date: /home/certezas/robotis_ws/install/op3_online_walking_module_msgs/local/lib/python3.10/dist-packages/op3_online_walking_module_msgs/msg/_foot_step_array_s.c
[9.086s] -- Up-to-date: /home/certezas/robotis_ws/install/op3_online_walking_module_msgs/local/lib/python3.10/dist-packages/op3_online_walking_module_msgs/msg/_joint_pose_s.c
[9.086s] -- Up-to-date: /home/certezas/robotis_ws/install/op3_online_walking_module_msgs/local/lib/python3.10/dist-packages/op3_online_walking_module_msgs/msg/_step2_d_s.c
[9.086s] -- Up-to-date: /home/certezas/robotis_ws/install/op3_online_walking_module_msgs/local/lib/python3.10/dist-packages/op3_online_walking_module_msgs/msg/_walking_param_s.c
[9.086s] -- Up-to-date: /home/certezas/robotis_ws/install/op3_online_walking_module_msgs/local/lib/python3.10/dist-packages/op3_online_walking_module_msgs/msg/_foot_step_command_s.c
[9.086s] -- Up-to-date: /home/certezas/robotis_ws/install/op3_online_walking_module_msgs/local/lib/python3.10/dist-packages/op3_online_walking_module_msgs/msg/_preview_request.py
[9.086s] -- Up-to-date: /home/certezas/robotis_ws/install/op3_online_walking_module_msgs/local/lib/python3.10/dist-packages/op3_online_walking_module_msgs/msg/_step2_d_array_s.c
[9.086s] -- Up-to-date: /home/certezas/robotis_ws/install/op3_online_walking_module_msgs/local/lib/python3.10/dist-packages/op3_online_walking_module_msgs/msg/_kinematics_pose_s.c
[9.086s] -- Up-to-date: /home/certezas/robotis_ws/install/op3_online_walking_module_msgs/local/lib/python3.10/dist-packages/op3_online_walking_module_msgs/msg/_foot_step_command.py
[9.086s] -- Up-to-date: /home/certezas/robotis_ws/install/op3_online_walking_module_msgs/local/lib/python3.10/dist-packages/op3_online_walking_module_msgs/msg/_step2_d.py
[9.402s] Listing '/home/certezas/robotis_ws/install/op3_online_walking_module_msgs/local/lib/python3.10/dist-packages/op3_online_walking_module_msgs'...
[9.402s] Listing '/home/certezas/robotis_ws/install/op3_online_walking_module_msgs/local/lib/python3.10/dist-packages/op3_online_walking_module_msgs/msg'...
[9.402s] Listing '/home/certezas/robotis_ws/install/op3_online_walking_module_msgs/local/lib/python3.10/dist-packages/op3_online_walking_module_msgs/srv'...
[9.433s] -- Up-to-date: /home/certezas/robotis_ws/install/op3_online_walking_module_msgs/local/lib/python3.10/dist-packages/op3_online_walking_module_msgs/op3_online_walking_module_msgs_s__rosidl_typesupport_fastrtps_c.cpython-310-x86_64-linux-gnu.so
[9.433s] -- Up-to-date: /home/certezas/robotis_ws/install/op3_online_walking_module_msgs/local/lib/python3.10/dist-packages/op3_online_walking_module_msgs/op3_online_walking_module_msgs_s__rosidl_typesupport_introspection_c.cpython-310-x86_64-linux-gnu.so
[9.434s] -- Up-to-date: /home/certezas/robotis_ws/install/op3_online_walking_module_msgs/local/lib/python3.10/dist-packages/op3_online_walking_module_msgs/op3_online_walking_module_msgs_s__rosidl_typesupport_c.cpython-310-x86_64-linux-gnu.so
[9.545s] -- Up-to-date: /home/certezas/robotis_ws/install/op3_online_walking_module_msgs/lib/libop3_online_walking_module_msgs__rosidl_generator_py.so
[9.545s] -- Up-to-date: /home/certezas/robotis_ws/install/op3_online_walking_module_msgs/share/op3_online_walking_module_msgs/msg/JointPose.idl
[9.545s] -- Up-to-date: /home/certezas/robotis_ws/install/op3_online_walking_module_msgs/share/op3_online_walking_module_msgs/msg/KinematicsPose.idl
[9.545s] -- Up-to-date: /home/certezas/robotis_ws/install/op3_online_walking_module_msgs/share/op3_online_walking_module_msgs/msg/FootStepCommand.idl
[9.545s] -- Up-to-date: /home/certezas/robotis_ws/install/op3_online_walking_module_msgs/share/op3_online_walking_module_msgs/msg/FootStepArray.idl
[9.545s] -- Up-to-date: /home/certezas/robotis_ws/install/op3_online_walking_module_msgs/share/op3_online_walking_module_msgs/msg/PreviewRequest.idl
[9.545s] -- Up-to-date: /home/certezas/robotis_ws/install/op3_online_walking_module_msgs/share/op3_online_walking_module_msgs/msg/PreviewResponse.idl
[9.545s] -- Up-to-date: /home/certezas/robotis_ws/install/op3_online_walking_module_msgs/share/op3_online_walking_module_msgs/msg/WalkingParam.idl
[9.545s] -- Up-to-date: /home/certezas/robotis_ws/install/op3_online_walking_module_msgs/share/op3_online_walking_module_msgs/msg/Step2D.idl
[9.545s] -- Up-to-date: /home/certezas/robotis_ws/install/op3_online_walking_module_msgs/share/op3_online_walking_module_msgs/msg/Step2DArray.idl
[9.545s] -- Up-to-date: /home/certezas/robotis_ws/install/op3_online_walking_module_msgs/share/op3_online_walking_module_msgs/srv/GetJointPose.idl
[9.546s] -- Up-to-date: /home/certezas/robotis_ws/install/op3_online_walking_module_msgs/share/op3_online_walking_module_msgs/srv/GetKinematicsPose.idl
[9.546s] -- Up-to-date: /home/certezas/robotis_ws/install/op3_online_walking_module_msgs/share/op3_online_walking_module_msgs/srv/GetPreviewMatrix.idl
[9.546s] -- Up-to-date: /home/certezas/robotis_ws/install/op3_online_walking_module_msgs/share/op3_online_walking_module_msgs/msg/JointPose.msg
[9.546s] -- Up-to-date: /home/certezas/robotis_ws/install/op3_online_walking_module_msgs/share/op3_online_walking_module_msgs/msg/KinematicsPose.msg
[9.546s] -- Up-to-date: /home/certezas/robotis_ws/install/op3_online_walking_module_msgs/share/op3_online_walking_module_msgs/msg/FootStepCommand.msg
[9.546s] -- Up-to-date: /home/certezas/robotis_ws/install/op3_online_walking_module_msgs/share/op3_online_walking_module_msgs/msg/FootStepArray.msg
[9.546s] -- Up-to-date: /home/certezas/robotis_ws/install/op3_online_walking_module_msgs/share/op3_online_walking_module_msgs/msg/PreviewRequest.msg
[9.546s] -- Up-to-date: /home/certezas/robotis_ws/install/op3_online_walking_module_msgs/share/op3_online_walking_module_msgs/msg/PreviewResponse.msg
[9.546s] -- Up-to-date: /home/certezas/robotis_ws/install/op3_online_walking_module_msgs/share/op3_online_walking_module_msgs/msg/WalkingParam.msg
[9.546s] -- Up-to-date: /home/certezas/robotis_ws/install/op3_online_walking_module_msgs/share/op3_online_walking_module_msgs/msg/Step2D.msg
[9.546s] -- Up-to-date: /home/certezas/robotis_ws/install/op3_online_walking_module_msgs/share/op3_online_walking_module_msgs/msg/Step2DArray.msg
[9.546s] -- Up-to-date: /home/certezas/robotis_ws/install/op3_online_walking_module_msgs/share/op3_online_walking_module_msgs/srv/GetJointPose.srv
[9.546s] -- Up-to-date: /home/certezas/robotis_ws/install/op3_online_walking_module_msgs/share/op3_online_walking_module_msgs/srv/GetJointPose_Request.msg
[9.546s] -- Up-to-date: /home/certezas/robotis_ws/install/op3_online_walking_module_msgs/share/op3_online_walking_module_msgs/srv/GetJointPose_Response.msg
[9.546s] -- Up-to-date: /home/certezas/robotis_ws/install/op3_online_walking_module_msgs/share/op3_online_walking_module_msgs/srv/GetKinematicsPose.srv
[9.546s] -- Up-to-date: /home/certezas/robotis_ws/install/op3_online_walking_module_msgs/share/op3_online_walking_module_msgs/srv/GetKinematicsPose_Request.msg
[9.546s] -- Up-to-date: /home/certezas/robotis_ws/install/op3_online_walking_module_msgs/share/op3_online_walking_module_msgs/srv/GetKinematicsPose_Response.msg
[9.546s] -- Up-to-date: /home/certezas/robotis_ws/install/op3_online_walking_module_msgs/share/op3_online_walking_module_msgs/srv/GetPreviewMatrix.srv
[9.547s] -- Up-to-date: /home/certezas/robotis_ws/install/op3_online_walking_module_msgs/share/op3_online_walking_module_msgs/srv/GetPreviewMatrix_Request.msg
[9.547s] -- Up-to-date: /home/certezas/robotis_ws/install/op3_online_walking_module_msgs/share/op3_online_walking_module_msgs/srv/GetPreviewMatrix_Response.msg
[9.547s] -- Up-to-date: /home/certezas/robotis_ws/install/op3_online_walking_module_msgs/share/ament_index/resource_index/package_run_dependencies/op3_online_walking_module_msgs
[9.547s] -- Up-to-date: /home/certezas/robotis_ws/install/op3_online_walking_module_msgs/share/ament_index/resource_index/parent_prefix_path/op3_online_walking_module_msgs
[9.547s] -- Up-to-date: /home/certezas/robotis_ws/install/op3_online_walking_module_msgs/share/op3_online_walking_module_msgs/environment/ament_prefix_path.sh
[9.547s] -- Up-to-date: /home/certezas/robotis_ws/install/op3_online_walking_module_msgs/share/op3_online_walking_module_msgs/environment/ament_prefix_path.dsv
[9.547s] -- Up-to-date: /home/certezas/robotis_ws/install/op3_online_walking_module_msgs/share/op3_online_walking_module_msgs/environment/path.sh
[9.547s] -- Up-to-date: /home/certezas/robotis_ws/install/op3_online_walking_module_msgs/share/op3_online_walking_module_msgs/environment/path.dsv
[9.547s] -- Up-to-date: /home/certezas/robotis_ws/install/op3_online_walking_module_msgs/share/op3_online_walking_module_msgs/local_setup.bash
[9.547s] -- Up-to-date: /home/certezas/robotis_ws/install/op3_online_walking_module_msgs/share/op3_online_walking_module_msgs/local_setup.sh
[9.547s] -- Up-to-date: /home/certezas/robotis_ws/install/op3_online_walking_module_msgs/share/op3_online_walking_module_msgs/local_setup.zsh
[9.547s] -- Up-to-date: /home/certezas/robotis_ws/install/op3_online_walking_module_msgs/share/op3_online_walking_module_msgs/local_setup.dsv
[9.547s] -- Installing: /home/certezas/robotis_ws/install/op3_online_walking_module_msgs/share/op3_online_walking_module_msgs/package.dsv
[9.660s] -- Up-to-date: /home/certezas/robotis_ws/install/op3_online_walking_module_msgs/share/ament_index/resource_index/packages/op3_online_walking_module_msgs
[9.708s] -- Up-to-date: /home/certezas/robotis_ws/install/op3_online_walking_module_msgs/share/op3_online_walking_module_msgs/cmake/export_op3_online_walking_module_msgs__rosidl_generator_cExport.cmake
[9.708s] -- Up-to-date: /home/certezas/robotis_ws/install/op3_online_walking_module_msgs/share/op3_online_walking_module_msgs/cmake/export_op3_online_walking_module_msgs__rosidl_generator_cExport-noconfig.cmake
[9.734s] -- Up-to-date: /home/certezas/robotis_ws/install/op3_online_walking_module_msgs/share/op3_online_walking_module_msgs/cmake/export_op3_online_walking_module_msgs__rosidl_typesupport_fastrtps_cExport.cmake
[9.734s] -- Up-to-date: /home/certezas/robotis_ws/install/op3_online_walking_module_msgs/share/op3_online_walking_module_msgs/cmake/export_op3_online_walking_module_msgs__rosidl_typesupport_fastrtps_cExport-noconfig.cmake
[9.773s] -- Up-to-date: /home/certezas/robotis_ws/install/op3_online_walking_module_msgs/share/op3_online_walking_module_msgs/cmake/export_op3_online_walking_module_msgs__rosidl_generator_cppExport.cmake
[9.875s] -- Up-to-date: /home/certezas/robotis_ws/install/op3_online_walking_module_msgs/share/op3_online_walking_module_msgs/cmake/export_op3_online_walking_module_msgs__rosidl_typesupport_fastrtps_cppExport.cmake
[9.876s] -- Up-to-date: /home/certezas/robotis_ws/install/op3_online_walking_module_msgs/share/op3_online_walking_module_msgs/cmake/export_op3_online_walking_module_msgs__rosidl_typesupport_fastrtps_cppExport-noconfig.cmake
[9.876s] -- Up-to-date: /home/certezas/robotis_ws/install/op3_online_walking_module_msgs/share/op3_online_walking_module_msgs/cmake/op3_online_walking_module_msgs__rosidl_typesupport_introspection_cExport.cmake
[9.876s] -- Up-to-date: /home/certezas/robotis_ws/install/op3_online_walking_module_msgs/share/op3_online_walking_module_msgs/cmake/op3_online_walking_module_msgs__rosidl_typesupport_introspection_cExport-noconfig.cmake
[9.876s] -- Up-to-date: /home/certezas/robotis_ws/install/op3_online_walking_module_msgs/share/op3_online_walking_module_msgs/cmake/op3_online_walking_module_msgs__rosidl_typesupport_cExport.cmake
[9.876s] -- Up-to-date: /home/certezas/robotis_ws/install/op3_online_walking_module_msgs/share/op3_online_walking_module_msgs/cmake/op3_online_walking_module_msgs__rosidl_typesupport_cExport-noconfig.cmake
[9.877s] -- Up-to-date: /home/certezas/robotis_ws/install/op3_online_walking_module_msgs/share/op3_online_walking_module_msgs/cmake/op3_online_walking_module_msgs__rosidl_typesupport_introspection_cppExport.cmake
[9.877s] -- Up-to-date: /home/certezas/robotis_ws/install/op3_online_walking_module_msgs/share/op3_online_walking_module_msgs/cmake/op3_online_walking_module_msgs__rosidl_typesupport_introspection_cppExport-noconfig.cmake
[9.900s] -- Up-to-date: /home/certezas/robotis_ws/install/op3_online_walking_module_msgs/share/op3_online_walking_module_msgs/cmake/op3_online_walking_module_msgs__rosidl_typesupport_cppExport.cmake
[9.900s] -- Up-to-date: /home/certezas/robotis_ws/install/op3_online_walking_module_msgs/share/op3_online_walking_module_msgs/cmake/op3_online_walking_module_msgs__rosidl_typesupport_cppExport-noconfig.cmake
[9.900s] -- Up-to-date: /home/certezas/robotis_ws/install/op3_online_walking_module_msgs/share/op3_online_walking_module_msgs/cmake/export_op3_online_walking_module_msgs__rosidl_generator_pyExport.cmake
[9.901s] -- Up-to-date: /home/certezas/robotis_ws/install/op3_online_walking_module_msgs/share/op3_online_walking_module_msgs/cmake/export_op3_online_walking_module_msgs__rosidl_generator_pyExport-noconfig.cmake
[9.901s] -- Up-to-date: /home/certezas/robotis_ws/install/op3_online_walking_module_msgs/share/op3_online_walking_module_msgs/cmake/rosidl_cmake-extras.cmake
[9.901s] -- Up-to-date: /home/certezas/robotis_ws/install/op3_online_walking_module_msgs/share/op3_online_walking_module_msgs/cmake/ament_cmake_export_dependencies-extras.cmake
[9.901s] -- Up-to-date: /home/certezas/robotis_ws/install/op3_online_walking_module_msgs/share/op3_online_walking_module_msgs/cmake/ament_cmake_export_include_directories-extras.cmake
[9.901s] -- Up-to-date: /home/certezas/robotis_ws/install/op3_online_walking_module_msgs/share/op3_online_walking_module_msgs/cmake/ament_cmake_export_libraries-extras.cmake
[9.901s] -- Up-to-date: /home/certezas/robotis_ws/install/op3_online_walking_module_msgs/share/op3_online_walking_module_msgs/cmake/ament_cmake_export_targets-extras.cmake
[9.901s] -- Up-to-date: /home/certezas/robotis_ws/install/op3_online_walking_module_msgs/share/op3_online_walking_module_msgs/cmake/rosidl_cmake_export_typesupport_targets-extras.cmake
[9.901s] -- Up-to-date: /home/certezas/robotis_ws/install/op3_online_walking_module_msgs/share/op3_online_walking_module_msgs/cmake/rosidl_cmake_export_typesupport_libraries-extras.cmake
[9.901s] -- Up-to-date: /home/certezas/robotis_ws/install/op3_online_walking_module_msgs/share/op3_online_walking_module_msgs/cmake/op3_online_walking_module_msgsConfig.cmake
[9.901s] -- Up-to-date: /home/certezas/robotis_ws/install/op3_online_walking_module_msgs/share/op3_online_walking_module_msgs/cmake/op3_online_walking_module_msgsConfig-version.cmake
[9.901s] -- Up-to-date: /home/certezas/robotis_ws/install/op3_online_walking_module_msgs/share/op3_online_walking_module_msgs/package.xml
[10.400s] Invoked command in '/home/certezas/robotis_ws/build/op3_online_walking_module_msgs' returned '0': CMAKE_PREFIX_PATH=${CMAKE_PREFIX_PATH}:/opt/ros/humble /usr/bin/cmake --install /home/certezas/robotis_ws/build/op3_online_walking_module_msgs
