[0.426s] Invoking command in '/home/certezas/robotis_ws/build/op3_walking_module_msgs': CMAKE_PREFIX_PATH=${CMAKE_PREFIX_PATH}:/opt/ros/humble /usr/bin/cmake --build /home/certezas/robotis_ws/build/op3_walking_module_msgs -- -j12 -l12
[4.216s] [  2%] Built target op3_walking_module_msgs__cpp
[4.777s] [ 12%] Built target op3_walking_module_msgs__rosidl_generator_c
[6.731s] [ 23%] Built target op3_walking_module_msgs__rosidl_typesupport_fastrtps_c
[6.731s] [ 44%] Built target op3_walking_module_msgs__rosidl_typesupport_introspection_c
[6.731s] [ 38%] Built target op3_walking_module_msgs__rosidl_typesupport_c
[6.731s] [ 46%] Built target ament_cmake_python_copy_op3_walking_module_msgs
[6.732s] [ 57%] Built target op3_walking_module_msgs__rosidl_typesupport_introspection_cpp
[6.732s] [ 65%] Built target op3_walking_module_msgs__rosidl_typesupport_fastrtps_cpp
[6.808s] [ 76%] Built target op3_walking_module_msgs__rosidl_typesupport_cpp
[7.027s] [ 76%] Built target op3_walking_module_msgs
[7.093s] [ 78%] Built target op3_walking_module_msgs__py
[7.284s] running egg_info
[7.285s] writing op3_walking_module_msgs.egg-info/PKG-INFO
[7.367s] [ 87%] Built target op3_walking_module_msgs__rosidl_generator_py
[7.470s] [ 91%] Built target op3_walking_module_msgs__rosidl_typesupport_fastrtps_c__pyext
[7.506s] [ 95%] Built target op3_walking_module_msgs__rosidl_typesupport_introspection_c__pyext
[7.631s] [100%] Built target op3_walking_module_msgs__rosidl_typesupport_c__pyext
[7.635s] writing dependency_links to op3_walking_module_msgs.egg-info/dependency_links.txt
[7.647s] writing top-level names to op3_walking_module_msgs.egg-info/top_level.txt
[7.680s] reading manifest file 'op3_walking_module_msgs.egg-info/SOURCES.txt'
[7.686s] writing manifest file 'op3_walking_module_msgs.egg-info/SOURCES.txt'
[7.707s] [100%] Built target ament_cmake_python_build_op3_walking_module_msgs_egg
[8.276s] Invoked command in '/home/certezas/robotis_ws/build/op3_walking_module_msgs' returned '0': CMAKE_PREFIX_PATH=${CMAKE_PREFIX_PATH}:/opt/ros/humble /usr/bin/cmake --build /home/certezas/robotis_ws/build/op3_walking_module_msgs -- -j12 -l12
[8.460s] Invoking command in '/home/certezas/robotis_ws/build/op3_walking_module_msgs': CMAKE_PREFIX_PATH=${CMAKE_PREFIX_PATH}:/opt/ros/humble /usr/bin/cmake --install /home/certezas/robotis_ws/build/op3_walking_module_msgs
[8.972s] -- Install configuration: ""
[9.069s] -- Up-to-date: /home/certezas/robotis_ws/install/op3_walking_module_msgs/share/ament_index/resource_index/rosidl_interfaces/op3_walking_module_msgs
[9.069s] -- Up-to-date: /home/certezas/robotis_ws/install/op3_walking_module_msgs/include/op3_walking_module_msgs/op3_walking_module_msgs
[9.069s] -- Up-to-date: /home/certezas/robotis_ws/install/op3_walking_module_msgs/include/op3_walking_module_msgs/op3_walking_module_msgs/srv
[9.069s] -- Up-to-date: /home/certezas/robotis_ws/install/op3_walking_module_msgs/include/op3_walking_module_msgs/op3_walking_module_msgs/srv/get_walking_param.h
[9.069s] -- Up-to-date: /home/certezas/robotis_ws/install/op3_walking_module_msgs/include/op3_walking_module_msgs/op3_walking_module_msgs/srv/set_walking_param.h
[9.069s] -- Up-to-date: /home/certezas/robotis_ws/install/op3_walking_module_msgs/include/op3_walking_module_msgs/op3_walking_module_msgs/srv/detail
[9.069s] -- Up-to-date: /home/certezas/robotis_ws/install/op3_walking_module_msgs/include/op3_walking_module_msgs/op3_walking_module_msgs/srv/detail/get_walking_param__type_support.h
[9.069s] -- Up-to-date: /home/certezas/robotis_ws/install/op3_walking_module_msgs/include/op3_walking_module_msgs/op3_walking_module_msgs/srv/detail/set_walking_param__type_support.h
[9.069s] -- Up-to-date: /home/certezas/robotis_ws/install/op3_walking_module_msgs/include/op3_walking_module_msgs/op3_walking_module_msgs/srv/detail/set_walking_param__functions.c
[9.069s] -- Up-to-date: /home/certezas/robotis_ws/install/op3_walking_module_msgs/include/op3_walking_module_msgs/op3_walking_module_msgs/srv/detail/set_walking_param__functions.h
[9.069s] -- Up-to-date: /home/certezas/robotis_ws/install/op3_walking_module_msgs/include/op3_walking_module_msgs/op3_walking_module_msgs/srv/detail/set_walking_param__struct.h
[9.070s] -- Up-to-date: /home/certezas/robotis_ws/install/op3_walking_module_msgs/include/op3_walking_module_msgs/op3_walking_module_msgs/srv/detail/get_walking_param__functions.c
[9.070s] -- Up-to-date: /home/certezas/robotis_ws/install/op3_walking_module_msgs/include/op3_walking_module_msgs/op3_walking_module_msgs/srv/detail/get_walking_param__struct.h
[9.070s] -- Up-to-date: /home/certezas/robotis_ws/install/op3_walking_module_msgs/include/op3_walking_module_msgs/op3_walking_module_msgs/srv/detail/get_walking_param__functions.h
[9.070s] -- Up-to-date: /home/certezas/robotis_ws/install/op3_walking_module_msgs/include/op3_walking_module_msgs/op3_walking_module_msgs/msg
[9.070s] -- Up-to-date: /home/certezas/robotis_ws/install/op3_walking_module_msgs/include/op3_walking_module_msgs/op3_walking_module_msgs/msg/rosidl_generator_c__visibility_control.h
[9.070s] -- Up-to-date: /home/certezas/robotis_ws/install/op3_walking_module_msgs/include/op3_walking_module_msgs/op3_walking_module_msgs/msg/walking_param.h
[9.070s] -- Up-to-date: /home/certezas/robotis_ws/install/op3_walking_module_msgs/include/op3_walking_module_msgs/op3_walking_module_msgs/msg/detail
[9.070s] -- Up-to-date: /home/certezas/robotis_ws/install/op3_walking_module_msgs/include/op3_walking_module_msgs/op3_walking_module_msgs/msg/detail/walking_param__struct.h
[9.070s] -- Up-to-date: /home/certezas/robotis_ws/install/op3_walking_module_msgs/include/op3_walking_module_msgs/op3_walking_module_msgs/msg/detail/walking_param__functions.h
[9.070s] -- Up-to-date: /home/certezas/robotis_ws/install/op3_walking_module_msgs/include/op3_walking_module_msgs/op3_walking_module_msgs/msg/detail/walking_param__functions.c
[9.070s] -- Up-to-date: /home/certezas/robotis_ws/install/op3_walking_module_msgs/include/op3_walking_module_msgs/op3_walking_module_msgs/msg/detail/walking_param__type_support.h
[9.070s] -- Up-to-date: /home/certezas/robotis_ws/install/op3_walking_module_msgs/share/op3_walking_module_msgs/environment/library_path.sh
[9.070s] -- Up-to-date: /home/certezas/robotis_ws/install/op3_walking_module_msgs/share/op3_walking_module_msgs/environment/library_path.dsv
[9.070s] -- Up-to-date: /home/certezas/robotis_ws/install/op3_walking_module_msgs/lib/libop3_walking_module_msgs__rosidl_generator_c.so
[9.070s] -- Up-to-date: /home/certezas/robotis_ws/install/op3_walking_module_msgs/include/op3_walking_module_msgs/op3_walking_module_msgs
[9.070s] -- Up-to-date: /home/certezas/robotis_ws/install/op3_walking_module_msgs/include/op3_walking_module_msgs/op3_walking_module_msgs/srv
[9.070s] -- Up-to-date: /home/certezas/robotis_ws/install/op3_walking_module_msgs/include/op3_walking_module_msgs/op3_walking_module_msgs/srv/detail
[9.070s] -- Up-to-date: /home/certezas/robotis_ws/install/op3_walking_module_msgs/include/op3_walking_module_msgs/op3_walking_module_msgs/srv/detail/get_walking_param__rosidl_typesupport_fastrtps_c.h
[9.070s] -- Up-to-date: /home/certezas/robotis_ws/install/op3_walking_module_msgs/include/op3_walking_module_msgs/op3_walking_module_msgs/srv/detail/set_walking_param__rosidl_typesupport_fastrtps_c.h
[9.070s] -- Up-to-date: /home/certezas/robotis_ws/install/op3_walking_module_msgs/include/op3_walking_module_msgs/op3_walking_module_msgs/msg
[9.071s] -- Up-to-date: /home/certezas/robotis_ws/install/op3_walking_module_msgs/include/op3_walking_module_msgs/op3_walking_module_msgs/msg/detail
[9.071s] -- Up-to-date: /home/certezas/robotis_ws/install/op3_walking_module_msgs/include/op3_walking_module_msgs/op3_walking_module_msgs/msg/detail/walking_param__rosidl_typesupport_fastrtps_c.h
[9.071s] -- Up-to-date: /home/certezas/robotis_ws/install/op3_walking_module_msgs/include/op3_walking_module_msgs/op3_walking_module_msgs/msg/rosidl_typesupport_fastrtps_c__visibility_control.h
[9.071s] -- Up-to-date: /home/certezas/robotis_ws/install/op3_walking_module_msgs/lib/libop3_walking_module_msgs__rosidl_typesupport_fastrtps_c.so
[9.071s] -- Up-to-date: /home/certezas/robotis_ws/install/op3_walking_module_msgs/include/op3_walking_module_msgs/op3_walking_module_msgs
[9.071s] -- Up-to-date: /home/certezas/robotis_ws/install/op3_walking_module_msgs/include/op3_walking_module_msgs/op3_walking_module_msgs/srv
[9.071s] -- Up-to-date: /home/certezas/robotis_ws/install/op3_walking_module_msgs/include/op3_walking_module_msgs/op3_walking_module_msgs/srv/detail
[9.071s] -- Up-to-date: /home/certezas/robotis_ws/install/op3_walking_module_msgs/include/op3_walking_module_msgs/op3_walking_module_msgs/srv/detail/get_walking_param__rosidl_typesupport_introspection_c.h
[9.071s] -- Up-to-date: /home/certezas/robotis_ws/install/op3_walking_module_msgs/include/op3_walking_module_msgs/op3_walking_module_msgs/srv/detail/set_walking_param__rosidl_typesupport_introspection_c.h
[9.071s] -- Up-to-date: /home/certezas/robotis_ws/install/op3_walking_module_msgs/include/op3_walking_module_msgs/op3_walking_module_msgs/srv/detail/get_walking_param__type_support.c
[9.071s] -- Up-to-date: /home/certezas/robotis_ws/install/op3_walking_module_msgs/include/op3_walking_module_msgs/op3_walking_module_msgs/srv/detail/set_walking_param__type_support.c
[9.071s] -- Up-to-date: /home/certezas/robotis_ws/install/op3_walking_module_msgs/include/op3_walking_module_msgs/op3_walking_module_msgs/msg
[9.071s] -- Up-to-date: /home/certezas/robotis_ws/install/op3_walking_module_msgs/include/op3_walking_module_msgs/op3_walking_module_msgs/msg/rosidl_typesupport_introspection_c__visibility_control.h
[9.071s] -- Up-to-date: /home/certezas/robotis_ws/install/op3_walking_module_msgs/include/op3_walking_module_msgs/op3_walking_module_msgs/msg/detail
[9.071s] -- Up-to-date: /home/certezas/robotis_ws/install/op3_walking_module_msgs/include/op3_walking_module_msgs/op3_walking_module_msgs/msg/detail/walking_param__type_support.c
[9.071s] -- Up-to-date: /home/certezas/robotis_ws/install/op3_walking_module_msgs/include/op3_walking_module_msgs/op3_walking_module_msgs/msg/detail/walking_param__rosidl_typesupport_introspection_c.h
[9.135s] -- Up-to-date: /home/certezas/robotis_ws/install/op3_walking_module_msgs/lib/libop3_walking_module_msgs__rosidl_typesupport_introspection_c.so
[9.146s] -- Up-to-date: /home/certezas/robotis_ws/install/op3_walking_module_msgs/lib/libop3_walking_module_msgs__rosidl_typesupport_c.so
[9.146s] -- Up-to-date: /home/certezas/robotis_ws/install/op3_walking_module_msgs/include/op3_walking_module_msgs/op3_walking_module_msgs
[9.146s] -- Up-to-date: /home/certezas/robotis_ws/install/op3_walking_module_msgs/include/op3_walking_module_msgs/op3_walking_module_msgs/srv
[9.146s] -- Up-to-date: /home/certezas/robotis_ws/install/op3_walking_module_msgs/include/op3_walking_module_msgs/op3_walking_module_msgs/srv/get_walking_param.hpp
[9.146s] -- Up-to-date: /home/certezas/robotis_ws/install/op3_walking_module_msgs/include/op3_walking_module_msgs/op3_walking_module_msgs/srv/set_walking_param.hpp
[9.146s] -- Up-to-date: /home/certezas/robotis_ws/install/op3_walking_module_msgs/include/op3_walking_module_msgs/op3_walking_module_msgs/srv/detail
[9.147s] -- Up-to-date: /home/certezas/robotis_ws/install/op3_walking_module_msgs/include/op3_walking_module_msgs/op3_walking_module_msgs/srv/detail/get_walking_param__struct.hpp
[9.147s] -- Up-to-date: /home/certezas/robotis_ws/install/op3_walking_module_msgs/include/op3_walking_module_msgs/op3_walking_module_msgs/srv/detail/set_walking_param__traits.hpp
[9.147s] -- Up-to-date: /home/certezas/robotis_ws/install/op3_walking_module_msgs/include/op3_walking_module_msgs/op3_walking_module_msgs/srv/detail/set_walking_param__type_support.hpp
[9.147s] -- Up-to-date: /home/certezas/robotis_ws/install/op3_walking_module_msgs/include/op3_walking_module_msgs/op3_walking_module_msgs/srv/detail/get_walking_param__builder.hpp
[9.147s] -- Up-to-date: /home/certezas/robotis_ws/install/op3_walking_module_msgs/include/op3_walking_module_msgs/op3_walking_module_msgs/srv/detail/get_walking_param__type_support.hpp
[9.147s] -- Up-to-date: /home/certezas/robotis_ws/install/op3_walking_module_msgs/include/op3_walking_module_msgs/op3_walking_module_msgs/srv/detail/set_walking_param__builder.hpp
[9.147s] -- Up-to-date: /home/certezas/robotis_ws/install/op3_walking_module_msgs/include/op3_walking_module_msgs/op3_walking_module_msgs/srv/detail/get_walking_param__traits.hpp
[9.147s] -- Up-to-date: /home/certezas/robotis_ws/install/op3_walking_module_msgs/include/op3_walking_module_msgs/op3_walking_module_msgs/srv/detail/set_walking_param__struct.hpp
[9.147s] -- Up-to-date: /home/certezas/robotis_ws/install/op3_walking_module_msgs/include/op3_walking_module_msgs/op3_walking_module_msgs/msg
[9.147s] -- Up-to-date: /home/certezas/robotis_ws/install/op3_walking_module_msgs/include/op3_walking_module_msgs/op3_walking_module_msgs/msg/walking_param.hpp
[9.147s] -- Up-to-date: /home/certezas/robotis_ws/install/op3_walking_module_msgs/include/op3_walking_module_msgs/op3_walking_module_msgs/msg/rosidl_generator_cpp__visibility_control.hpp
[9.147s] -- Up-to-date: /home/certezas/robotis_ws/install/op3_walking_module_msgs/include/op3_walking_module_msgs/op3_walking_module_msgs/msg/detail
[9.147s] -- Up-to-date: /home/certezas/robotis_ws/install/op3_walking_module_msgs/include/op3_walking_module_msgs/op3_walking_module_msgs/msg/detail/walking_param__struct.hpp
[9.147s] -- Up-to-date: /home/certezas/robotis_ws/install/op3_walking_module_msgs/include/op3_walking_module_msgs/op3_walking_module_msgs/msg/detail/walking_param__traits.hpp
[9.147s] -- Up-to-date: /home/certezas/robotis_ws/install/op3_walking_module_msgs/include/op3_walking_module_msgs/op3_walking_module_msgs/msg/detail/walking_param__builder.hpp
[9.147s] -- Up-to-date: /home/certezas/robotis_ws/install/op3_walking_module_msgs/include/op3_walking_module_msgs/op3_walking_module_msgs/msg/detail/walking_param__type_support.hpp
[9.147s] -- Up-to-date: /home/certezas/robotis_ws/install/op3_walking_module_msgs/include/op3_walking_module_msgs/op3_walking_module_msgs
[9.147s] -- Up-to-date: /home/certezas/robotis_ws/install/op3_walking_module_msgs/include/op3_walking_module_msgs/op3_walking_module_msgs/srv
[9.147s] -- Up-to-date: /home/certezas/robotis_ws/install/op3_walking_module_msgs/include/op3_walking_module_msgs/op3_walking_module_msgs/srv/detail
[9.147s] -- Up-to-date: /home/certezas/robotis_ws/install/op3_walking_module_msgs/include/op3_walking_module_msgs/op3_walking_module_msgs/srv/detail/dds_fastrtps
[9.147s] -- Up-to-date: /home/certezas/robotis_ws/install/op3_walking_module_msgs/include/op3_walking_module_msgs/op3_walking_module_msgs/srv/detail/set_walking_param__rosidl_typesupport_fastrtps_cpp.hpp
[9.147s] -- Up-to-date: /home/certezas/robotis_ws/install/op3_walking_module_msgs/include/op3_walking_module_msgs/op3_walking_module_msgs/srv/detail/get_walking_param__rosidl_typesupport_fastrtps_cpp.hpp
[9.148s] -- Up-to-date: /home/certezas/robotis_ws/install/op3_walking_module_msgs/include/op3_walking_module_msgs/op3_walking_module_msgs/msg
[9.148s] -- Up-to-date: /home/certezas/robotis_ws/install/op3_walking_module_msgs/include/op3_walking_module_msgs/op3_walking_module_msgs/msg/rosidl_typesupport_fastrtps_cpp__visibility_control.h
[9.148s] -- Up-to-date: /home/certezas/robotis_ws/install/op3_walking_module_msgs/include/op3_walking_module_msgs/op3_walking_module_msgs/msg/detail
[9.148s] -- Up-to-date: /home/certezas/robotis_ws/install/op3_walking_module_msgs/include/op3_walking_module_msgs/op3_walking_module_msgs/msg/detail/dds_fastrtps
[9.148s] -- Up-to-date: /home/certezas/robotis_ws/install/op3_walking_module_msgs/include/op3_walking_module_msgs/op3_walking_module_msgs/msg/detail/walking_param__rosidl_typesupport_fastrtps_cpp.hpp
[9.372s] -- Up-to-date: /home/certezas/robotis_ws/install/op3_walking_module_msgs/lib/libop3_walking_module_msgs__rosidl_typesupport_fastrtps_cpp.so
[9.372s] -- Up-to-date: /home/certezas/robotis_ws/install/op3_walking_module_msgs/include/op3_walking_module_msgs/op3_walking_module_msgs
[9.372s] -- Up-to-date: /home/certezas/robotis_ws/install/op3_walking_module_msgs/include/op3_walking_module_msgs/op3_walking_module_msgs/srv
[9.372s] -- Up-to-date: /home/certezas/robotis_ws/install/op3_walking_module_msgs/include/op3_walking_module_msgs/op3_walking_module_msgs/srv/detail
[9.372s] -- Up-to-date: /home/certezas/robotis_ws/install/op3_walking_module_msgs/include/op3_walking_module_msgs/op3_walking_module_msgs/srv/detail/set_walking_param__rosidl_typesupport_introspection_cpp.hpp
[9.372s] -- Up-to-date: /home/certezas/robotis_ws/install/op3_walking_module_msgs/include/op3_walking_module_msgs/op3_walking_module_msgs/srv/detail/get_walking_param__type_support.cpp
[9.372s] -- Up-to-date: /home/certezas/robotis_ws/install/op3_walking_module_msgs/include/op3_walking_module_msgs/op3_walking_module_msgs/srv/detail/get_walking_param__rosidl_typesupport_introspection_cpp.hpp
[9.372s] -- Up-to-date: /home/certezas/robotis_ws/install/op3_walking_module_msgs/include/op3_walking_module_msgs/op3_walking_module_msgs/srv/detail/set_walking_param__type_support.cpp
[9.372s] -- Up-to-date: /home/certezas/robotis_ws/install/op3_walking_module_msgs/include/op3_walking_module_msgs/op3_walking_module_msgs/msg
[9.372s] -- Up-to-date: /home/certezas/robotis_ws/install/op3_walking_module_msgs/include/op3_walking_module_msgs/op3_walking_module_msgs/msg/detail
[9.372s] -- Up-to-date: /home/certezas/robotis_ws/install/op3_walking_module_msgs/include/op3_walking_module_msgs/op3_walking_module_msgs/msg/detail/walking_param__rosidl_typesupport_introspection_cpp.hpp
[9.373s] -- Up-to-date: /home/certezas/robotis_ws/install/op3_walking_module_msgs/include/op3_walking_module_msgs/op3_walking_module_msgs/msg/detail/walking_param__type_support.cpp
[9.394s] -- Up-to-date: /home/certezas/robotis_ws/install/op3_walking_module_msgs/lib/libop3_walking_module_msgs__rosidl_typesupport_introspection_cpp.so
[9.443s] -- Up-to-date: /home/certezas/robotis_ws/install/op3_walking_module_msgs/lib/libop3_walking_module_msgs__rosidl_typesupport_cpp.so
[9.443s] -- Up-to-date: /home/certezas/robotis_ws/install/op3_walking_module_msgs/share/op3_walking_module_msgs/environment/pythonpath.sh
[9.443s] -- Up-to-date: /home/certezas/robotis_ws/install/op3_walking_module_msgs/share/op3_walking_module_msgs/environment/pythonpath.dsv
[9.444s] -- Up-to-date: /home/certezas/robotis_ws/install/op3_walking_module_msgs/local/lib/python3.10/dist-packages/op3_walking_module_msgs-0.1.1-py3.10.egg-info
[9.444s] -- Installing: /home/certezas/robotis_ws/install/op3_walking_module_msgs/local/lib/python3.10/dist-packages/op3_walking_module_msgs-0.1.1-py3.10.egg-info/PKG-INFO
[9.444s] -- Installing: /home/certezas/robotis_ws/install/op3_walking_module_msgs/local/lib/python3.10/dist-packages/op3_walking_module_msgs-0.1.1-py3.10.egg-info/dependency_links.txt
[9.444s] -- Installing: /home/certezas/robotis_ws/install/op3_walking_module_msgs/local/lib/python3.10/dist-packages/op3_walking_module_msgs-0.1.1-py3.10.egg-info/top_level.txt
[9.444s] -- Installing: /home/certezas/robotis_ws/install/op3_walking_module_msgs/local/lib/python3.10/dist-packages/op3_walking_module_msgs-0.1.1-py3.10.egg-info/SOURCES.txt
[9.444s] -- Up-to-date: /home/certezas/robotis_ws/install/op3_walking_module_msgs/local/lib/python3.10/dist-packages/op3_walking_module_msgs
[9.444s] -- Up-to-date: /home/certezas/robotis_ws/install/op3_walking_module_msgs/local/lib/python3.10/dist-packages/op3_walking_module_msgs/_op3_walking_module_msgs_s.ep.rosidl_typesupport_fastrtps_c.c
[9.444s] -- Up-to-date: /home/certezas/robotis_ws/install/op3_walking_module_msgs/local/lib/python3.10/dist-packages/op3_walking_module_msgs/op3_walking_module_msgs_s__rosidl_typesupport_introspection_c.cpython-310-x86_64-linux-gnu.so
[9.444s] -- Up-to-date: /home/certezas/robotis_ws/install/op3_walking_module_msgs/local/lib/python3.10/dist-packages/op3_walking_module_msgs/op3_walking_module_msgs_s__rosidl_typesupport_c.cpython-310-x86_64-linux-gnu.so
[9.444s] -- Up-to-date: /home/certezas/robotis_ws/install/op3_walking_module_msgs/local/lib/python3.10/dist-packages/op3_walking_module_msgs/_op3_walking_module_msgs_s.ep.rosidl_typesupport_c.c
[9.444s] -- Up-to-date: /home/certezas/robotis_ws/install/op3_walking_module_msgs/local/lib/python3.10/dist-packages/op3_walking_module_msgs/__init__.py
[9.444s] -- Up-to-date: /home/certezas/robotis_ws/install/op3_walking_module_msgs/local/lib/python3.10/dist-packages/op3_walking_module_msgs/libop3_walking_module_msgs__rosidl_generator_py.so
[9.444s] -- Up-to-date: /home/certezas/robotis_ws/install/op3_walking_module_msgs/local/lib/python3.10/dist-packages/op3_walking_module_msgs/srv
[9.444s] -- Up-to-date: /home/certezas/robotis_ws/install/op3_walking_module_msgs/local/lib/python3.10/dist-packages/op3_walking_module_msgs/srv/_set_walking_param_s.c
[9.444s] -- Up-to-date: /home/certezas/robotis_ws/install/op3_walking_module_msgs/local/lib/python3.10/dist-packages/op3_walking_module_msgs/srv/_get_walking_param_s.c
[9.444s] -- Up-to-date: /home/certezas/robotis_ws/install/op3_walking_module_msgs/local/lib/python3.10/dist-packages/op3_walking_module_msgs/srv/__init__.py
[9.445s] -- Up-to-date: /home/certezas/robotis_ws/install/op3_walking_module_msgs/local/lib/python3.10/dist-packages/op3_walking_module_msgs/srv/_set_walking_param.py
[9.445s] -- Up-to-date: /home/certezas/robotis_ws/install/op3_walking_module_msgs/local/lib/python3.10/dist-packages/op3_walking_module_msgs/srv/_get_walking_param.py
[9.445s] -- Up-to-date: /home/certezas/robotis_ws/install/op3_walking_module_msgs/local/lib/python3.10/dist-packages/op3_walking_module_msgs/_op3_walking_module_msgs_s.ep.rosidl_typesupport_introspection_c.c
[9.445s] -- Up-to-date: /home/certezas/robotis_ws/install/op3_walking_module_msgs/local/lib/python3.10/dist-packages/op3_walking_module_msgs/op3_walking_module_msgs_s__rosidl_typesupport_fastrtps_c.cpython-310-x86_64-linux-gnu.so
[9.445s] -- Up-to-date: /home/certezas/robotis_ws/install/op3_walking_module_msgs/local/lib/python3.10/dist-packages/op3_walking_module_msgs/msg
[9.445s] -- Up-to-date: /home/certezas/robotis_ws/install/op3_walking_module_msgs/local/lib/python3.10/dist-packages/op3_walking_module_msgs/msg/_walking_param.py
[9.445s] -- Up-to-date: /home/certezas/robotis_ws/install/op3_walking_module_msgs/local/lib/python3.10/dist-packages/op3_walking_module_msgs/msg/__init__.py
[9.445s] -- Up-to-date: /home/certezas/robotis_ws/install/op3_walking_module_msgs/local/lib/python3.10/dist-packages/op3_walking_module_msgs/msg/_walking_param_s.c
[9.507s] Listing '/home/certezas/robotis_ws/install/op3_walking_module_msgs/local/lib/python3.10/dist-packages/op3_walking_module_msgs'...
[9.507s] Listing '/home/certezas/robotis_ws/install/op3_walking_module_msgs/local/lib/python3.10/dist-packages/op3_walking_module_msgs/msg'...
[9.507s] Listing '/home/certezas/robotis_ws/install/op3_walking_module_msgs/local/lib/python3.10/dist-packages/op3_walking_module_msgs/srv'...
[9.543s] -- Up-to-date: /home/certezas/robotis_ws/install/op3_walking_module_msgs/local/lib/python3.10/dist-packages/op3_walking_module_msgs/op3_walking_module_msgs_s__rosidl_typesupport_fastrtps_c.cpython-310-x86_64-linux-gnu.so
[9.544s] -- Up-to-date: /home/certezas/robotis_ws/install/op3_walking_module_msgs/local/lib/python3.10/dist-packages/op3_walking_module_msgs/op3_walking_module_msgs_s__rosidl_typesupport_introspection_c.cpython-310-x86_64-linux-gnu.so
[9.636s] -- Up-to-date: /home/certezas/robotis_ws/install/op3_walking_module_msgs/local/lib/python3.10/dist-packages/op3_walking_module_msgs/op3_walking_module_msgs_s__rosidl_typesupport_c.cpython-310-x86_64-linux-gnu.so
[9.797s] -- Up-to-date: /home/certezas/robotis_ws/install/op3_walking_module_msgs/lib/libop3_walking_module_msgs__rosidl_generator_py.so
[9.813s] -- Up-to-date: /home/certezas/robotis_ws/install/op3_walking_module_msgs/share/op3_walking_module_msgs/msg/WalkingParam.idl
[9.821s] -- Up-to-date: /home/certezas/robotis_ws/install/op3_walking_module_msgs/share/op3_walking_module_msgs/srv/GetWalkingParam.idl
[9.821s] -- Up-to-date: /home/certezas/robotis_ws/install/op3_walking_module_msgs/share/op3_walking_module_msgs/srv/SetWalkingParam.idl
[9.821s] -- Up-to-date: /home/certezas/robotis_ws/install/op3_walking_module_msgs/share/op3_walking_module_msgs/msg/WalkingParam.msg
[9.821s] -- Up-to-date: /home/certezas/robotis_ws/install/op3_walking_module_msgs/share/op3_walking_module_msgs/srv/GetWalkingParam.srv
[9.821s] -- Up-to-date: /home/certezas/robotis_ws/install/op3_walking_module_msgs/share/op3_walking_module_msgs/srv/GetWalkingParam_Request.msg
[9.821s] -- Up-to-date: /home/certezas/robotis_ws/install/op3_walking_module_msgs/share/op3_walking_module_msgs/srv/GetWalkingParam_Response.msg
[9.822s] -- Up-to-date: /home/certezas/robotis_ws/install/op3_walking_module_msgs/share/op3_walking_module_msgs/srv/SetWalkingParam.srv
[9.822s] -- Up-to-date: /home/certezas/robotis_ws/install/op3_walking_module_msgs/share/op3_walking_module_msgs/srv/SetWalkingParam_Request.msg
[9.822s] -- Up-to-date: /home/certezas/robotis_ws/install/op3_walking_module_msgs/share/op3_walking_module_msgs/srv/SetWalkingParam_Response.msg
[9.822s] -- Up-to-date: /home/certezas/robotis_ws/install/op3_walking_module_msgs/share/ament_index/resource_index/package_run_dependencies/op3_walking_module_msgs
[9.828s] -- Up-to-date: /home/certezas/robotis_ws/install/op3_walking_module_msgs/share/ament_index/resource_index/parent_prefix_path/op3_walking_module_msgs
[9.829s] -- Up-to-date: /home/certezas/robotis_ws/install/op3_walking_module_msgs/share/op3_walking_module_msgs/environment/ament_prefix_path.sh
[9.829s] -- Up-to-date: /home/certezas/robotis_ws/install/op3_walking_module_msgs/share/op3_walking_module_msgs/environment/ament_prefix_path.dsv
[9.829s] -- Up-to-date: /home/certezas/robotis_ws/install/op3_walking_module_msgs/share/op3_walking_module_msgs/environment/path.sh
[9.829s] -- Up-to-date: /home/certezas/robotis_ws/install/op3_walking_module_msgs/share/op3_walking_module_msgs/environment/path.dsv
[9.829s] -- Up-to-date: /home/certezas/robotis_ws/install/op3_walking_module_msgs/share/op3_walking_module_msgs/local_setup.bash
[9.829s] -- Up-to-date: /home/certezas/robotis_ws/install/op3_walking_module_msgs/share/op3_walking_module_msgs/local_setup.sh
[9.830s] -- Up-to-date: /home/certezas/robotis_ws/install/op3_walking_module_msgs/share/op3_walking_module_msgs/local_setup.zsh
[9.830s] -- Up-to-date: /home/certezas/robotis_ws/install/op3_walking_module_msgs/share/op3_walking_module_msgs/local_setup.dsv
[9.830s] -- Installing: /home/certezas/robotis_ws/install/op3_walking_module_msgs/share/op3_walking_module_msgs/package.dsv
[9.860s] -- Up-to-date: /home/certezas/robotis_ws/install/op3_walking_module_msgs/share/ament_index/resource_index/packages/op3_walking_module_msgs
[10.171s] -- Up-to-date: /home/certezas/robotis_ws/install/op3_walking_module_msgs/share/op3_walking_module_msgs/cmake/export_op3_walking_module_msgs__rosidl_generator_cExport.cmake
[10.171s] -- Up-to-date: /home/certezas/robotis_ws/install/op3_walking_module_msgs/share/op3_walking_module_msgs/cmake/export_op3_walking_module_msgs__rosidl_generator_cExport-noconfig.cmake
[10.171s] -- Up-to-date: /home/certezas/robotis_ws/install/op3_walking_module_msgs/share/op3_walking_module_msgs/cmake/export_op3_walking_module_msgs__rosidl_typesupport_fastrtps_cExport.cmake
[10.172s] -- Up-to-date: /home/certezas/robotis_ws/install/op3_walking_module_msgs/share/op3_walking_module_msgs/cmake/export_op3_walking_module_msgs__rosidl_typesupport_fastrtps_cExport-noconfig.cmake
[10.172s] -- Up-to-date: /home/certezas/robotis_ws/install/op3_walking_module_msgs/share/op3_walking_module_msgs/cmake/op3_walking_module_msgs__rosidl_typesupport_introspection_cExport.cmake
[10.172s] -- Up-to-date: /home/certezas/robotis_ws/install/op3_walking_module_msgs/share/op3_walking_module_msgs/cmake/op3_walking_module_msgs__rosidl_typesupport_introspection_cExport-noconfig.cmake
[10.172s] -- Up-to-date: /home/certezas/robotis_ws/install/op3_walking_module_msgs/share/op3_walking_module_msgs/cmake/op3_walking_module_msgs__rosidl_typesupport_cExport.cmake
[10.172s] -- Up-to-date: /home/certezas/robotis_ws/install/op3_walking_module_msgs/share/op3_walking_module_msgs/cmake/op3_walking_module_msgs__rosidl_typesupport_cExport-noconfig.cmake
[10.172s] -- Up-to-date: /home/certezas/robotis_ws/install/op3_walking_module_msgs/share/op3_walking_module_msgs/cmake/export_op3_walking_module_msgs__rosidl_generator_cppExport.cmake
[10.173s] -- Up-to-date: /home/certezas/robotis_ws/install/op3_walking_module_msgs/share/op3_walking_module_msgs/cmake/export_op3_walking_module_msgs__rosidl_typesupport_fastrtps_cppExport.cmake
[10.173s] -- Up-to-date: /home/certezas/robotis_ws/install/op3_walking_module_msgs/share/op3_walking_module_msgs/cmake/export_op3_walking_module_msgs__rosidl_typesupport_fastrtps_cppExport-noconfig.cmake
[10.173s] -- Up-to-date: /home/certezas/robotis_ws/install/op3_walking_module_msgs/share/op3_walking_module_msgs/cmake/op3_walking_module_msgs__rosidl_typesupport_introspection_cppExport.cmake
[10.173s] -- Up-to-date: /home/certezas/robotis_ws/install/op3_walking_module_msgs/share/op3_walking_module_msgs/cmake/op3_walking_module_msgs__rosidl_typesupport_introspection_cppExport-noconfig.cmake
[10.234s] -- Up-to-date: /home/certezas/robotis_ws/install/op3_walking_module_msgs/share/op3_walking_module_msgs/cmake/op3_walking_module_msgs__rosidl_typesupport_cppExport.cmake
[10.234s] -- Up-to-date: /home/certezas/robotis_ws/install/op3_walking_module_msgs/share/op3_walking_module_msgs/cmake/op3_walking_module_msgs__rosidl_typesupport_cppExport-noconfig.cmake
[10.234s] -- Up-to-date: /home/certezas/robotis_ws/install/op3_walking_module_msgs/share/op3_walking_module_msgs/cmake/export_op3_walking_module_msgs__rosidl_generator_pyExport.cmake
[10.234s] -- Up-to-date: /home/certezas/robotis_ws/install/op3_walking_module_msgs/share/op3_walking_module_msgs/cmake/export_op3_walking_module_msgs__rosidl_generator_pyExport-noconfig.cmake
[10.234s] -- Up-to-date: /home/certezas/robotis_ws/install/op3_walking_module_msgs/share/op3_walking_module_msgs/cmake/rosidl_cmake-extras.cmake
[10.234s] -- Up-to-date: /home/certezas/robotis_ws/install/op3_walking_module_msgs/share/op3_walking_module_msgs/cmake/ament_cmake_export_dependencies-extras.cmake
[10.234s] -- Up-to-date: /home/certezas/robotis_ws/install/op3_walking_module_msgs/share/op3_walking_module_msgs/cmake/ament_cmake_export_include_directories-extras.cmake
[10.234s] -- Up-to-date: /home/certezas/robotis_ws/install/op3_walking_module_msgs/share/op3_walking_module_msgs/cmake/ament_cmake_export_libraries-extras.cmake
[10.234s] -- Up-to-date: /home/certezas/robotis_ws/install/op3_walking_module_msgs/share/op3_walking_module_msgs/cmake/ament_cmake_export_targets-extras.cmake
[10.235s] -- Up-to-date: /home/certezas/robotis_ws/install/op3_walking_module_msgs/share/op3_walking_module_msgs/cmake/rosidl_cmake_export_typesupport_targets-extras.cmake
[10.235s] -- Up-to-date: /home/certezas/robotis_ws/install/op3_walking_module_msgs/share/op3_walking_module_msgs/cmake/rosidl_cmake_export_typesupport_libraries-extras.cmake
[10.235s] -- Up-to-date: /home/certezas/robotis_ws/install/op3_walking_module_msgs/share/op3_walking_module_msgs/cmake/op3_walking_module_msgsConfig.cmake
[10.235s] -- Up-to-date: /home/certezas/robotis_ws/install/op3_walking_module_msgs/share/op3_walking_module_msgs/cmake/op3_walking_module_msgsConfig-version.cmake
[10.235s] -- Up-to-date: /home/certezas/robotis_ws/install/op3_walking_module_msgs/share/op3_walking_module_msgs/package.xml
[10.597s] Invoked command in '/home/certezas/robotis_ws/build/op3_walking_module_msgs' returned '0': CMAKE_PREFIX_PATH=${CMAKE_PREFIX_PATH}:/opt/ros/humble /usr/bin/cmake --install /home/certezas/robotis_ws/build/op3_walking_module_msgs
