[ 55%] Built target self_test_node
[100%] Built target op_demo_node
-- Install configuration: ""
-- Up-to-date: /home/certezas/robotis_ws/install/op3_demo/lib/op3_demo/op_demo_node
-- Up-to-date: /home/certezas/robotis_ws/install/op3_demo/lib/op3_demo/self_test_node
-- Up-to-date: /home/certezas/robotis_ws/install/op3_demo/include/op3_demo
-- Up-to-date: /home/certezas/robotis_ws/install/op3_demo/include/op3_demo/vision_demo.h
-- Up-to-date: /home/certezas/robotis_ws/install/op3_demo/include/op3_demo/face_tracker.h
-- Up-to-date: /home/certezas/robotis_ws/install/op3_demo/include/op3_demo/button_test.h
-- Up-to-date: /home/certezas/robotis_ws/install/op3_demo/include/op3_demo/soccer_demo.h
-- Up-to-date: /home/certezas/robotis_ws/install/op3_demo/include/op3_demo/ball_tracker.h
-- Up-to-date: /home/certezas/robotis_ws/install/op3_demo/include/op3_demo/action_demo.h
-- Up-to-date: /home/certezas/robotis_ws/install/op3_demo/include/op3_demo/mic_test.h
-- Up-to-date: /home/certezas/robotis_ws/install/op3_demo/include/op3_demo/ball_follower.h
-- Up-to-date: /home/certezas/robotis_ws/install/op3_demo/include/op3_demo/op_demo.h
-- Up-to-date: /home/certezas/robotis_ws/install/op3_demo/share/op3_demo/data
-- Up-to-date: /home/certezas/robotis_ws/install/op3_demo/share/op3_demo/data/mp3
-- Up-to-date: /home/certezas/robotis_ws/install/op3_demo/share/op3_demo/data/mp3/No.mp3
-- Up-to-date: /home/certezas/robotis_ws/install/op3_demo/share/op3_demo/data/mp3/Introduction.mp3
-- Up-to-date: /home/certezas/robotis_ws/install/op3_demo/share/op3_demo/data/mp3/Headstand.mp3
-- Up-to-date: /home/certezas/robotis_ws/install/op3_demo/share/op3_demo/data/mp3/Intro01.mp3
-- Up-to-date: /home/certezas/robotis_ws/install/op3_demo/share/op3_demo/data/mp3/Oops.mp3
-- Up-to-date: /home/certezas/robotis_ws/install/op3_demo/share/op3_demo/data/mp3/Start soccer demonstration.mp3
-- Up-to-date: /home/certezas/robotis_ws/install/op3_demo/share/op3_demo/data/mp3/Yes.mp3
-- Up-to-date: /home/certezas/robotis_ws/install/op3_demo/share/op3_demo/data/mp3/Demonstration ready mode.mp3
-- Up-to-date: /home/certezas/robotis_ws/install/op3_demo/share/op3_demo/data/mp3/Intro02.mp3
-- Up-to-date: /home/certezas/robotis_ws/install/op3_demo/share/op3_demo/data/mp3/Clap please.mp3
-- Up-to-date: /home/certezas/robotis_ws/install/op3_demo/share/op3_demo/data/mp3/Vision processing mode.mp3
-- Up-to-date: /home/certezas/robotis_ws/install/op3_demo/share/op3_demo/data/mp3/Interactive motion mode.mp3
-- Up-to-date: /home/certezas/robotis_ws/install/op3_demo/share/op3_demo/data/mp3/Sensor calibration fail.mp3
-- Up-to-date: /home/certezas/robotis_ws/install/op3_demo/share/op3_demo/data/mp3/Shoot.mp3
-- Up-to-date: /home/certezas/robotis_ws/install/op3_demo/share/op3_demo/data/mp3/test
-- Up-to-date: /home/certezas/robotis_ws/install/op3_demo/share/op3_demo/data/mp3/test/Announce mic test.mp3
-- Up-to-date: /home/certezas/robotis_ws/install/op3_demo/share/op3_demo/data/mp3/test/Mode button long pressed.mp3
-- Up-to-date: /home/certezas/robotis_ws/install/op3_demo/share/op3_demo/data/mp3/test/User button long pressed.mp3
-- Up-to-date: /home/certezas/robotis_ws/install/op3_demo/share/op3_demo/data/mp3/test/Start button long pressed.mp3
-- Up-to-date: /home/certezas/robotis_ws/install/op3_demo/share/op3_demo/data/mp3/test/Start button pressed.mp3
-- Up-to-date: /home/certezas/robotis_ws/install/op3_demo/share/op3_demo/data/mp3/test/Start recording.mp3
-- Up-to-date: /home/certezas/robotis_ws/install/op3_demo/share/op3_demo/data/mp3/test/Start button test mode.mp3
-- Up-to-date: /home/certezas/robotis_ws/install/op3_demo/share/op3_demo/data/mp3/test/Self test ready mode.mp3
-- Up-to-date: /home/certezas/robotis_ws/install/op3_demo/share/op3_demo/data/mp3/test/Button test mode.mp3
-- Up-to-date: /home/certezas/robotis_ws/install/op3_demo/share/op3_demo/data/mp3/test/Start playing.mp3
-- Up-to-date: /home/certezas/robotis_ws/install/op3_demo/share/op3_demo/data/mp3/test/User button pressed.mp3
-- Up-to-date: /home/certezas/robotis_ws/install/op3_demo/share/op3_demo/data/mp3/test/Mode button pressed.mp3
-- Up-to-date: /home/certezas/robotis_ws/install/op3_demo/share/op3_demo/data/mp3/test/Start mic test mode.mp3
-- Up-to-date: /home/certezas/robotis_ws/install/op3_demo/share/op3_demo/data/mp3/test/Mic test mode.mp3
-- Up-to-date: /home/certezas/robotis_ws/install/op3_demo/share/op3_demo/data/mp3/intro_test.mp3
-- Up-to-date: /home/certezas/robotis_ws/install/op3_demo/share/op3_demo/data/mp3/System shutdown.mp3
-- Up-to-date: /home/certezas/robotis_ws/install/op3_demo/share/op3_demo/data/mp3/Wow.mp3
-- Up-to-date: /home/certezas/robotis_ws/install/op3_demo/share/op3_demo/data/mp3/Intro03.mp3
-- Up-to-date: /home/certezas/robotis_ws/install/op3_demo/share/op3_demo/data/mp3/Thank you.mp3
-- Up-to-date: /home/certezas/robotis_ws/install/op3_demo/share/op3_demo/data/mp3/Sensor calibration complete.mp3
-- Up-to-date: /home/certezas/robotis_ws/install/op3_demo/share/op3_demo/data/mp3/Right kick.mp3
-- Up-to-date: /home/certezas/robotis_ws/install/op3_demo/share/op3_demo/data/mp3/Autonomous soccer mode.mp3
-- Up-to-date: /home/certezas/robotis_ws/install/op3_demo/share/op3_demo/data/mp3/Start vision processing demonstration.mp3
-- Up-to-date: /home/certezas/robotis_ws/install/op3_demo/share/op3_demo/data/mp3/Left kick.mp3
-- Up-to-date: /home/certezas/robotis_ws/install/op3_demo/share/op3_demo/data/mp3/Bye bye.mp3
-- Up-to-date: /home/certezas/robotis_ws/install/op3_demo/share/op3_demo/data/mp3/Sit down.mp3
-- Up-to-date: /home/certezas/robotis_ws/install/op3_demo/share/op3_demo/data/mp3/Yes go.mp3
-- Up-to-date: /home/certezas/robotis_ws/install/op3_demo/share/op3_demo/data/mp3/Start motion demonstration.mp3
-- Up-to-date: /home/certezas/robotis_ws/install/op3_demo/share/op3_demo/data/mp3/Stand up.mp3
-- Up-to-date: /home/certezas/robotis_ws/install/op3_demo/share/op3_demo/launch
-- Up-to-date: /home/certezas/robotis_ws/install/op3_demo/share/op3_demo/launch/self_test.launch.xml
-- Up-to-date: /home/certezas/robotis_ws/install/op3_demo/share/op3_demo/launch/demo.launch.xml
-- Up-to-date: /home/certezas/robotis_ws/install/op3_demo/share/op3_demo/launch/face_detection_op3.launch.xml
-- Up-to-date: /home/certezas/robotis_ws/install/op3_demo/share/op3_demo/list
-- Up-to-date: /home/certezas/robotis_ws/install/op3_demo/share/op3_demo/list/action_script.yaml
-- Up-to-date: /home/certezas/robotis_ws/install/op3_demo/share/op3_demo/list/action_script_bk.yaml
-- Up-to-date: /home/certezas/robotis_ws/install/op3_demo/share/ament_index/resource_index/package_run_dependencies/op3_demo
-- Up-to-date: /home/certezas/robotis_ws/install/op3_demo/share/ament_index/resource_index/parent_prefix_path/op3_demo
-- Up-to-date: /home/certezas/robotis_ws/install/op3_demo/share/op3_demo/environment/ament_prefix_path.sh
-- Up-to-date: /home/certezas/robotis_ws/install/op3_demo/share/op3_demo/environment/ament_prefix_path.dsv
-- Up-to-date: /home/certezas/robotis_ws/install/op3_demo/share/op3_demo/environment/path.sh
-- Up-to-date: /home/certezas/robotis_ws/install/op3_demo/share/op3_demo/environment/path.dsv
-- Up-to-date: /home/certezas/robotis_ws/install/op3_demo/share/op3_demo/local_setup.bash
-- Up-to-date: /home/certezas/robotis_ws/install/op3_demo/share/op3_demo/local_setup.sh
-- Up-to-date: /home/certezas/robotis_ws/install/op3_demo/share/op3_demo/local_setup.zsh
-- Up-to-date: /home/certezas/robotis_ws/install/op3_demo/share/op3_demo/local_setup.dsv
-- Installing: /home/certezas/robotis_ws/install/op3_demo/share/op3_demo/package.dsv
-- Up-to-date: /home/certezas/robotis_ws/install/op3_demo/share/ament_index/resource_index/packages/op3_demo
-- Up-to-date: /home/certezas/robotis_ws/install/op3_demo/share/op3_demo/cmake/op3_demoConfig.cmake
-- Up-to-date: /home/certezas/robotis_ws/install/op3_demo/share/op3_demo/cmake/op3_demoConfig-version.cmake
-- Up-to-date: /home/certezas/robotis_ws/install/op3_demo/share/op3_demo/package.xml
