[1.644s] Invoking command in '/home/certezas/robotis_ws/build/op3_navigation': CMAKE_PREFIX_PATH=${CMAKE_PREFIX_PATH}:/opt/ros/humble /usr/bin/cmake --build /home/certezas/robotis_ws/build/op3_navigation -- -j12 -l12
[2.705s] Invoked command in '/home/certezas/robotis_ws/build/op3_navigation' returned '0': CMAKE_PREFIX_PATH=${CMAKE_PREFIX_PATH}:/opt/ros/humble /usr/bin/cmake --build /home/certezas/robotis_ws/build/op3_navigation -- -j12 -l12
[2.957s] Invoking command in '/home/certezas/robotis_ws/build/op3_navigation': CMAKE_PREFIX_PATH=${CMAKE_PREFIX_PATH}:/opt/ros/humble /usr/bin/cmake --install /home/certezas/robotis_ws/build/op3_navigation
[2.969s] -- Install configuration: ""
[2.969s] -- Up-to-date: /home/certezas/robotis_ws/install/op3_navigation/share/ament_index/resource_index/package_run_dependencies/op3_navigation
[2.969s] -- Up-to-date: /home/certezas/robotis_ws/install/op3_navigation/share/ament_index/resource_index/parent_prefix_path/op3_navigation
[2.969s] -- Up-to-date: /home/certezas/robotis_ws/install/op3_navigation/share/op3_navigation/environment/ament_prefix_path.sh
[2.969s] -- Up-to-date: /home/certezas/robotis_ws/install/op3_navigation/share/op3_navigation/environment/ament_prefix_path.dsv
[2.969s] -- Up-to-date: /home/certezas/robotis_ws/install/op3_navigation/share/op3_navigation/environment/path.sh
[2.969s] -- Up-to-date: /home/certezas/robotis_ws/install/op3_navigation/share/op3_navigation/environment/path.dsv
[2.969s] -- Up-to-date: /home/certezas/robotis_ws/install/op3_navigation/share/op3_navigation/local_setup.bash
[2.969s] -- Up-to-date: /home/certezas/robotis_ws/install/op3_navigation/share/op3_navigation/local_setup.sh
[2.969s] -- Up-to-date: /home/certezas/robotis_ws/install/op3_navigation/share/op3_navigation/local_setup.zsh
[2.969s] -- Up-to-date: /home/certezas/robotis_ws/install/op3_navigation/share/op3_navigation/local_setup.dsv
[2.969s] -- Up-to-date: /home/certezas/robotis_ws/install/op3_navigation/share/op3_navigation/package.dsv
[2.969s] -- Up-to-date: /home/certezas/robotis_ws/install/op3_navigation/share/ament_index/resource_index/packages/op3_navigation
[2.969s] -- Up-to-date: /home/certezas/robotis_ws/install/op3_navigation/share/op3_navigation/cmake/op3_navigationConfig.cmake
[2.970s] -- Up-to-date: /home/certezas/robotis_ws/install/op3_navigation/share/op3_navigation/cmake/op3_navigationConfig-version.cmake
[2.970s] -- Up-to-date: /home/certezas/robotis_ws/install/op3_navigation/share/op3_navigation/package.xml
[2.970s] -- Up-to-date: /home/certezas/robotis_ws/install/op3_navigation/share/op3_navigation/config
[2.970s] -- Up-to-date: /home/certezas/robotis_ws/install/op3_navigation/share/op3_navigation/config/footsteps_thormang3.yaml
[2.970s] -- Up-to-date: /home/certezas/robotis_ws/install/op3_navigation/share/op3_navigation/config/navigation_params.yaml
[2.970s] -- Up-to-date: /home/certezas/robotis_ws/install/op3_navigation/share/op3_navigation/config/footsteps_robotis_op3.yaml
[2.970s] -- Up-to-date: /home/certezas/robotis_ws/install/op3_navigation/share/op3_navigation/config/planning_params.yaml
[2.970s] -- Up-to-date: /home/certezas/robotis_ws/install/op3_navigation/share/op3_navigation/config/planning_params_thormang3.yaml
[2.970s] -- Up-to-date: /home/certezas/robotis_ws/install/op3_navigation/share/op3_navigation/config/planning_params_robotis_op3.yaml
[2.970s] -- Up-to-date: /home/certezas/robotis_ws/install/op3_navigation/share/op3_navigation/launch
[2.970s] -- Up-to-date: /home/certezas/robotis_ws/install/op3_navigation/share/op3_navigation/launch/map_server_empty.launch.xml
[2.970s] -- Up-to-date: /home/certezas/robotis_ws/install/op3_navigation/share/op3_navigation/launch/op3_footstep_planner.launch.xml
[2.970s] -- Up-to-date: /home/certezas/robotis_ws/install/op3_navigation/share/op3_navigation/maps
[2.970s] -- Up-to-date: /home/certezas/robotis_ws/install/op3_navigation/share/op3_navigation/maps/empty.gif
[2.970s] -- Up-to-date: /home/certezas/robotis_ws/install/op3_navigation/share/op3_navigation/maps/nao_map.yaml
[2.970s] -- Up-to-date: /home/certezas/robotis_ws/install/op3_navigation/share/op3_navigation/maps/sample2.yaml
[2.970s] -- Up-to-date: /home/certezas/robotis_ws/install/op3_navigation/share/op3_navigation/maps/empty.yaml
[2.970s] -- Up-to-date: /home/certezas/robotis_ws/install/op3_navigation/share/op3_navigation/maps/nao_map.gif
[2.970s] -- Up-to-date: /home/certezas/robotis_ws/install/op3_navigation/share/op3_navigation/maps/sample.yaml
[2.970s] -- Up-to-date: /home/certezas/robotis_ws/install/op3_navigation/share/op3_navigation/maps/thor.yaml
[2.970s] -- Up-to-date: /home/certezas/robotis_ws/install/op3_navigation/share/op3_navigation/maps/sample.gif
[2.970s] -- Up-to-date: /home/certezas/robotis_ws/install/op3_navigation/share/op3_navigation/maps/sample2.gif
[2.971s] -- Up-to-date: /home/certezas/robotis_ws/install/op3_navigation/share/op3_navigation/maps/thor.gif
[3.767s] Invoked command in '/home/certezas/robotis_ws/build/op3_navigation' returned '0': CMAKE_PREFIX_PATH=${CMAKE_PREFIX_PATH}:/opt/ros/humble /usr/bin/cmake --install /home/certezas/robotis_ws/build/op3_navigation
