[0.179s] Invoking command in '/home/certezas/robotis_ws/build/op3_action_module_msgs': CMAKE_PREFIX_PATH=${CMAKE_PREFIX_PATH}:/opt/ros/humble /usr/bin/cmake --build /home/certezas/robotis_ws/build/op3_action_module_msgs -- -j12 -l12
[0.768s] [  2%] Built target op3_action_module_msgs__cpp
[0.799s] [  2%] Built target ament_cmake_python_copy_op3_action_module_msgs
[0.947s] [ 12%] Built target op3_action_module_msgs__rosidl_typesupport_introspection_cpp
[0.990s] [ 23%] Built target op3_action_module_msgs__rosidl_typesupport_cpp
[1.003s] [ 33%] Built target op3_action_module_msgs__rosidl_generator_c
[1.038s] [ 43%] Built target op3_action_module_msgs__rosidl_typesupport_fastrtps_cpp
[1.079s] [ 53%] Built target op3_action_module_msgs__rosidl_typesupport_c
[1.081s] [ 64%] Built target op3_action_module_msgs__rosidl_typesupport_fastrtps_c
[1.083s] [ 74%] Built target op3_action_module_msgs__rosidl_typesupport_introspection_c
[1.133s] [ 74%] Built target op3_action_module_msgs
[1.180s] [ 76%] Built target op3_action_module_msgs__py
[1.233s] [ 84%] Built target op3_action_module_msgs__rosidl_generator_py
[1.305s] [ 89%] Built target op3_action_module_msgs__rosidl_typesupport_fastrtps_c__pyext
[1.307s] [ 94%] Built target op3_action_module_msgs__rosidl_typesupport_introspection_c__pyext
[1.316s] [100%] Built target op3_action_module_msgs__rosidl_typesupport_c__pyext
[1.404s] running egg_info
[1.404s] writing op3_action_module_msgs.egg-info/PKG-INFO
[1.404s] writing dependency_links to op3_action_module_msgs.egg-info/dependency_links.txt
[1.405s] writing top-level names to op3_action_module_msgs.egg-info/top_level.txt
[1.405s] reading manifest file 'op3_action_module_msgs.egg-info/SOURCES.txt'
[1.405s] writing manifest file 'op3_action_module_msgs.egg-info/SOURCES.txt'
[1.454s] [100%] Built target ament_cmake_python_build_op3_action_module_msgs_egg
[1.684s] Invoked command in '/home/certezas/robotis_ws/build/op3_action_module_msgs' returned '0': CMAKE_PREFIX_PATH=${CMAKE_PREFIX_PATH}:/opt/ros/humble /usr/bin/cmake --build /home/certezas/robotis_ws/build/op3_action_module_msgs -- -j12 -l12
[1.685s] Invoking command in '/home/certezas/robotis_ws/build/op3_action_module_msgs': CMAKE_PREFIX_PATH=${CMAKE_PREFIX_PATH}:/opt/ros/humble /usr/bin/cmake --install /home/certezas/robotis_ws/build/op3_action_module_msgs
[1.787s] -- Install configuration: ""
[1.787s] -- Up-to-date: /home/certezas/robotis_ws/install/op3_action_module_msgs/share/ament_index/resource_index/rosidl_interfaces/op3_action_module_msgs
[1.787s] -- Up-to-date: /home/certezas/robotis_ws/install/op3_action_module_msgs/include/op3_action_module_msgs/op3_action_module_msgs
[1.787s] -- Up-to-date: /home/certezas/robotis_ws/install/op3_action_module_msgs/include/op3_action_module_msgs/op3_action_module_msgs/srv
[1.787s] -- Up-to-date: /home/certezas/robotis_ws/install/op3_action_module_msgs/include/op3_action_module_msgs/op3_action_module_msgs/srv/is_running.h
[1.787s] -- Up-to-date: /home/certezas/robotis_ws/install/op3_action_module_msgs/include/op3_action_module_msgs/op3_action_module_msgs/srv/detail
[1.787s] -- Up-to-date: /home/certezas/robotis_ws/install/op3_action_module_msgs/include/op3_action_module_msgs/op3_action_module_msgs/srv/detail/is_running__functions.h
[1.787s] -- Up-to-date: /home/certezas/robotis_ws/install/op3_action_module_msgs/include/op3_action_module_msgs/op3_action_module_msgs/srv/detail/is_running__struct.h
[1.787s] -- Up-to-date: /home/certezas/robotis_ws/install/op3_action_module_msgs/include/op3_action_module_msgs/op3_action_module_msgs/srv/detail/is_running__functions.c
[1.787s] -- Up-to-date: /home/certezas/robotis_ws/install/op3_action_module_msgs/include/op3_action_module_msgs/op3_action_module_msgs/srv/detail/is_running__type_support.h
[1.787s] -- Up-to-date: /home/certezas/robotis_ws/install/op3_action_module_msgs/include/op3_action_module_msgs/op3_action_module_msgs/msg
[1.787s] -- Up-to-date: /home/certezas/robotis_ws/install/op3_action_module_msgs/include/op3_action_module_msgs/op3_action_module_msgs/msg/rosidl_generator_c__visibility_control.h
[1.787s] -- Up-to-date: /home/certezas/robotis_ws/install/op3_action_module_msgs/include/op3_action_module_msgs/op3_action_module_msgs/msg/start_action.h
[1.787s] -- Up-to-date: /home/certezas/robotis_ws/install/op3_action_module_msgs/include/op3_action_module_msgs/op3_action_module_msgs/msg/detail
[1.788s] -- Up-to-date: /home/certezas/robotis_ws/install/op3_action_module_msgs/include/op3_action_module_msgs/op3_action_module_msgs/msg/detail/start_action__functions.c
[1.788s] -- Up-to-date: /home/certezas/robotis_ws/install/op3_action_module_msgs/include/op3_action_module_msgs/op3_action_module_msgs/msg/detail/start_action__functions.h
[1.788s] -- Up-to-date: /home/certezas/robotis_ws/install/op3_action_module_msgs/include/op3_action_module_msgs/op3_action_module_msgs/msg/detail/start_action__type_support.h
[1.788s] -- Up-to-date: /home/certezas/robotis_ws/install/op3_action_module_msgs/include/op3_action_module_msgs/op3_action_module_msgs/msg/detail/start_action__struct.h
[1.788s] -- Up-to-date: /home/certezas/robotis_ws/install/op3_action_module_msgs/share/op3_action_module_msgs/environment/library_path.sh
[1.788s] -- Up-to-date: /home/certezas/robotis_ws/install/op3_action_module_msgs/share/op3_action_module_msgs/environment/library_path.dsv
[1.788s] -- Up-to-date: /home/certezas/robotis_ws/install/op3_action_module_msgs/lib/libop3_action_module_msgs__rosidl_generator_c.so
[1.788s] -- Up-to-date: /home/certezas/robotis_ws/install/op3_action_module_msgs/include/op3_action_module_msgs/op3_action_module_msgs
[1.788s] -- Up-to-date: /home/certezas/robotis_ws/install/op3_action_module_msgs/include/op3_action_module_msgs/op3_action_module_msgs/srv
[1.788s] -- Up-to-date: /home/certezas/robotis_ws/install/op3_action_module_msgs/include/op3_action_module_msgs/op3_action_module_msgs/srv/detail
[1.788s] -- Up-to-date: /home/certezas/robotis_ws/install/op3_action_module_msgs/include/op3_action_module_msgs/op3_action_module_msgs/srv/detail/is_running__rosidl_typesupport_fastrtps_c.h
[1.788s] -- Up-to-date: /home/certezas/robotis_ws/install/op3_action_module_msgs/include/op3_action_module_msgs/op3_action_module_msgs/msg
[1.788s] -- Up-to-date: /home/certezas/robotis_ws/install/op3_action_module_msgs/include/op3_action_module_msgs/op3_action_module_msgs/msg/detail
[1.788s] -- Up-to-date: /home/certezas/robotis_ws/install/op3_action_module_msgs/include/op3_action_module_msgs/op3_action_module_msgs/msg/detail/start_action__rosidl_typesupport_fastrtps_c.h
[1.788s] -- Up-to-date: /home/certezas/robotis_ws/install/op3_action_module_msgs/include/op3_action_module_msgs/op3_action_module_msgs/msg/rosidl_typesupport_fastrtps_c__visibility_control.h
[1.788s] -- Up-to-date: /home/certezas/robotis_ws/install/op3_action_module_msgs/lib/libop3_action_module_msgs__rosidl_typesupport_fastrtps_c.so
[1.788s] -- Up-to-date: /home/certezas/robotis_ws/install/op3_action_module_msgs/include/op3_action_module_msgs/op3_action_module_msgs
[1.788s] -- Up-to-date: /home/certezas/robotis_ws/install/op3_action_module_msgs/include/op3_action_module_msgs/op3_action_module_msgs/srv
[1.788s] -- Up-to-date: /home/certezas/robotis_ws/install/op3_action_module_msgs/include/op3_action_module_msgs/op3_action_module_msgs/srv/is_running.hpp
[1.788s] -- Up-to-date: /home/certezas/robotis_ws/install/op3_action_module_msgs/include/op3_action_module_msgs/op3_action_module_msgs/srv/detail
[1.789s] -- Up-to-date: /home/certezas/robotis_ws/install/op3_action_module_msgs/include/op3_action_module_msgs/op3_action_module_msgs/srv/detail/is_running__struct.hpp
[1.789s] -- Up-to-date: /home/certezas/robotis_ws/install/op3_action_module_msgs/include/op3_action_module_msgs/op3_action_module_msgs/srv/detail/is_running__traits.hpp
[1.789s] -- Up-to-date: /home/certezas/robotis_ws/install/op3_action_module_msgs/include/op3_action_module_msgs/op3_action_module_msgs/srv/detail/is_running__type_support.hpp
[1.789s] -- Up-to-date: /home/certezas/robotis_ws/install/op3_action_module_msgs/include/op3_action_module_msgs/op3_action_module_msgs/srv/detail/is_running__builder.hpp
[1.789s] -- Up-to-date: /home/certezas/robotis_ws/install/op3_action_module_msgs/include/op3_action_module_msgs/op3_action_module_msgs/msg
[1.789s] -- Up-to-date: /home/certezas/robotis_ws/install/op3_action_module_msgs/include/op3_action_module_msgs/op3_action_module_msgs/msg/rosidl_generator_cpp__visibility_control.hpp
[1.789s] -- Up-to-date: /home/certezas/robotis_ws/install/op3_action_module_msgs/include/op3_action_module_msgs/op3_action_module_msgs/msg/detail
[1.789s] -- Up-to-date: /home/certezas/robotis_ws/install/op3_action_module_msgs/include/op3_action_module_msgs/op3_action_module_msgs/msg/detail/start_action__traits.hpp
[1.789s] -- Up-to-date: /home/certezas/robotis_ws/install/op3_action_module_msgs/include/op3_action_module_msgs/op3_action_module_msgs/msg/detail/start_action__type_support.hpp
[1.789s] -- Up-to-date: /home/certezas/robotis_ws/install/op3_action_module_msgs/include/op3_action_module_msgs/op3_action_module_msgs/msg/detail/start_action__builder.hpp
[1.789s] -- Up-to-date: /home/certezas/robotis_ws/install/op3_action_module_msgs/include/op3_action_module_msgs/op3_action_module_msgs/msg/detail/start_action__struct.hpp
[1.789s] -- Up-to-date: /home/certezas/robotis_ws/install/op3_action_module_msgs/include/op3_action_module_msgs/op3_action_module_msgs/msg/start_action.hpp
[1.789s] -- Up-to-date: /home/certezas/robotis_ws/install/op3_action_module_msgs/include/op3_action_module_msgs/op3_action_module_msgs
[1.789s] -- Up-to-date: /home/certezas/robotis_ws/install/op3_action_module_msgs/include/op3_action_module_msgs/op3_action_module_msgs/srv
[1.789s] -- Up-to-date: /home/certezas/robotis_ws/install/op3_action_module_msgs/include/op3_action_module_msgs/op3_action_module_msgs/srv/detail
[1.789s] -- Up-to-date: /home/certezas/robotis_ws/install/op3_action_module_msgs/include/op3_action_module_msgs/op3_action_module_msgs/srv/detail/dds_fastrtps
[1.789s] -- Up-to-date: /home/certezas/robotis_ws/install/op3_action_module_msgs/include/op3_action_module_msgs/op3_action_module_msgs/srv/detail/is_running__rosidl_typesupport_fastrtps_cpp.hpp
[1.789s] -- Up-to-date: /home/certezas/robotis_ws/install/op3_action_module_msgs/include/op3_action_module_msgs/op3_action_module_msgs/msg
[1.789s] -- Up-to-date: /home/certezas/robotis_ws/install/op3_action_module_msgs/include/op3_action_module_msgs/op3_action_module_msgs/msg/rosidl_typesupport_fastrtps_cpp__visibility_control.h
[1.789s] -- Up-to-date: /home/certezas/robotis_ws/install/op3_action_module_msgs/include/op3_action_module_msgs/op3_action_module_msgs/msg/detail
[1.790s] -- Up-to-date: /home/certezas/robotis_ws/install/op3_action_module_msgs/include/op3_action_module_msgs/op3_action_module_msgs/msg/detail/dds_fastrtps
[1.790s] -- Up-to-date: /home/certezas/robotis_ws/install/op3_action_module_msgs/include/op3_action_module_msgs/op3_action_module_msgs/msg/detail/start_action__rosidl_typesupport_fastrtps_cpp.hpp
[1.790s] -- Up-to-date: /home/certezas/robotis_ws/install/op3_action_module_msgs/lib/libop3_action_module_msgs__rosidl_typesupport_fastrtps_cpp.so
[1.790s] -- Up-to-date: /home/certezas/robotis_ws/install/op3_action_module_msgs/include/op3_action_module_msgs/op3_action_module_msgs
[1.790s] -- Up-to-date: /home/certezas/robotis_ws/install/op3_action_module_msgs/include/op3_action_module_msgs/op3_action_module_msgs/srv
[1.790s] -- Up-to-date: /home/certezas/robotis_ws/install/op3_action_module_msgs/include/op3_action_module_msgs/op3_action_module_msgs/srv/detail
[1.790s] -- Up-to-date: /home/certezas/robotis_ws/install/op3_action_module_msgs/include/op3_action_module_msgs/op3_action_module_msgs/srv/detail/is_running__rosidl_typesupport_introspection_c.h
[1.790s] -- Up-to-date: /home/certezas/robotis_ws/install/op3_action_module_msgs/include/op3_action_module_msgs/op3_action_module_msgs/srv/detail/is_running__type_support.c
[1.790s] -- Up-to-date: /home/certezas/robotis_ws/install/op3_action_module_msgs/include/op3_action_module_msgs/op3_action_module_msgs/msg
[1.790s] -- Up-to-date: /home/certezas/robotis_ws/install/op3_action_module_msgs/include/op3_action_module_msgs/op3_action_module_msgs/msg/rosidl_typesupport_introspection_c__visibility_control.h
[1.790s] -- Up-to-date: /home/certezas/robotis_ws/install/op3_action_module_msgs/include/op3_action_module_msgs/op3_action_module_msgs/msg/detail
[1.790s] -- Up-to-date: /home/certezas/robotis_ws/install/op3_action_module_msgs/include/op3_action_module_msgs/op3_action_module_msgs/msg/detail/start_action__rosidl_typesupport_introspection_c.h
[1.790s] -- Up-to-date: /home/certezas/robotis_ws/install/op3_action_module_msgs/include/op3_action_module_msgs/op3_action_module_msgs/msg/detail/start_action__type_support.c
[1.790s] -- Up-to-date: /home/certezas/robotis_ws/install/op3_action_module_msgs/lib/libop3_action_module_msgs__rosidl_typesupport_introspection_c.so
[1.790s] -- Up-to-date: /home/certezas/robotis_ws/install/op3_action_module_msgs/lib/libop3_action_module_msgs__rosidl_typesupport_c.so
[1.790s] -- Up-to-date: /home/certezas/robotis_ws/install/op3_action_module_msgs/include/op3_action_module_msgs/op3_action_module_msgs
[1.790s] -- Up-to-date: /home/certezas/robotis_ws/install/op3_action_module_msgs/include/op3_action_module_msgs/op3_action_module_msgs/srv
[1.790s] -- Up-to-date: /home/certezas/robotis_ws/install/op3_action_module_msgs/include/op3_action_module_msgs/op3_action_module_msgs/srv/detail
[1.790s] -- Up-to-date: /home/certezas/robotis_ws/install/op3_action_module_msgs/include/op3_action_module_msgs/op3_action_module_msgs/srv/detail/is_running__rosidl_typesupport_introspection_cpp.hpp
[1.791s] -- Up-to-date: /home/certezas/robotis_ws/install/op3_action_module_msgs/include/op3_action_module_msgs/op3_action_module_msgs/srv/detail/is_running__type_support.cpp
[1.791s] -- Up-to-date: /home/certezas/robotis_ws/install/op3_action_module_msgs/include/op3_action_module_msgs/op3_action_module_msgs/msg
[1.791s] -- Up-to-date: /home/certezas/robotis_ws/install/op3_action_module_msgs/include/op3_action_module_msgs/op3_action_module_msgs/msg/detail
[1.791s] -- Up-to-date: /home/certezas/robotis_ws/install/op3_action_module_msgs/include/op3_action_module_msgs/op3_action_module_msgs/msg/detail/start_action__type_support.cpp
[1.791s] -- Up-to-date: /home/certezas/robotis_ws/install/op3_action_module_msgs/include/op3_action_module_msgs/op3_action_module_msgs/msg/detail/start_action__rosidl_typesupport_introspection_cpp.hpp
[1.791s] -- Up-to-date: /home/certezas/robotis_ws/install/op3_action_module_msgs/lib/libop3_action_module_msgs__rosidl_typesupport_introspection_cpp.so
[1.791s] -- Up-to-date: /home/certezas/robotis_ws/install/op3_action_module_msgs/lib/libop3_action_module_msgs__rosidl_typesupport_cpp.so
[1.791s] -- Up-to-date: /home/certezas/robotis_ws/install/op3_action_module_msgs/share/op3_action_module_msgs/environment/pythonpath.sh
[1.791s] -- Up-to-date: /home/certezas/robotis_ws/install/op3_action_module_msgs/share/op3_action_module_msgs/environment/pythonpath.dsv
[1.791s] -- Up-to-date: /home/certezas/robotis_ws/install/op3_action_module_msgs/local/lib/python3.10/dist-packages/op3_action_module_msgs-0.1.1-py3.10.egg-info
[1.791s] -- Installing: /home/certezas/robotis_ws/install/op3_action_module_msgs/local/lib/python3.10/dist-packages/op3_action_module_msgs-0.1.1-py3.10.egg-info/PKG-INFO
[1.791s] -- Installing: /home/certezas/robotis_ws/install/op3_action_module_msgs/local/lib/python3.10/dist-packages/op3_action_module_msgs-0.1.1-py3.10.egg-info/dependency_links.txt
[1.791s] -- Installing: /home/certezas/robotis_ws/install/op3_action_module_msgs/local/lib/python3.10/dist-packages/op3_action_module_msgs-0.1.1-py3.10.egg-info/top_level.txt
[1.791s] -- Installing: /home/certezas/robotis_ws/install/op3_action_module_msgs/local/lib/python3.10/dist-packages/op3_action_module_msgs-0.1.1-py3.10.egg-info/SOURCES.txt
[1.791s] -- Up-to-date: /home/certezas/robotis_ws/install/op3_action_module_msgs/local/lib/python3.10/dist-packages/op3_action_module_msgs
[1.791s] -- Up-to-date: /home/certezas/robotis_ws/install/op3_action_module_msgs/local/lib/python3.10/dist-packages/op3_action_module_msgs/_op3_action_module_msgs_s.ep.rosidl_typesupport_c.c
[1.791s] -- Up-to-date: /home/certezas/robotis_ws/install/op3_action_module_msgs/local/lib/python3.10/dist-packages/op3_action_module_msgs/_op3_action_module_msgs_s.ep.rosidl_typesupport_fastrtps_c.c
[1.791s] -- Up-to-date: /home/certezas/robotis_ws/install/op3_action_module_msgs/local/lib/python3.10/dist-packages/op3_action_module_msgs/__init__.py
[1.792s] -- Up-to-date: /home/certezas/robotis_ws/install/op3_action_module_msgs/local/lib/python3.10/dist-packages/op3_action_module_msgs/srv
[1.792s] -- Up-to-date: /home/certezas/robotis_ws/install/op3_action_module_msgs/local/lib/python3.10/dist-packages/op3_action_module_msgs/srv/_is_running_s.c
[1.792s] -- Up-to-date: /home/certezas/robotis_ws/install/op3_action_module_msgs/local/lib/python3.10/dist-packages/op3_action_module_msgs/srv/__init__.py
[1.792s] -- Up-to-date: /home/certezas/robotis_ws/install/op3_action_module_msgs/local/lib/python3.10/dist-packages/op3_action_module_msgs/srv/_is_running.py
[1.792s] -- Up-to-date: /home/certezas/robotis_ws/install/op3_action_module_msgs/local/lib/python3.10/dist-packages/op3_action_module_msgs/op3_action_module_msgs_s__rosidl_typesupport_c.cpython-310-x86_64-linux-gnu.so
[1.792s] -- Up-to-date: /home/certezas/robotis_ws/install/op3_action_module_msgs/local/lib/python3.10/dist-packages/op3_action_module_msgs/libop3_action_module_msgs__rosidl_generator_py.so
[1.792s] -- Up-to-date: /home/certezas/robotis_ws/install/op3_action_module_msgs/local/lib/python3.10/dist-packages/op3_action_module_msgs/op3_action_module_msgs_s__rosidl_typesupport_fastrtps_c.cpython-310-x86_64-linux-gnu.so
[1.792s] -- Up-to-date: /home/certezas/robotis_ws/install/op3_action_module_msgs/local/lib/python3.10/dist-packages/op3_action_module_msgs/_op3_action_module_msgs_s.ep.rosidl_typesupport_introspection_c.c
[1.792s] -- Up-to-date: /home/certezas/robotis_ws/install/op3_action_module_msgs/local/lib/python3.10/dist-packages/op3_action_module_msgs/msg
[1.792s] -- Up-to-date: /home/certezas/robotis_ws/install/op3_action_module_msgs/local/lib/python3.10/dist-packages/op3_action_module_msgs/msg/__init__.py
[1.792s] -- Up-to-date: /home/certezas/robotis_ws/install/op3_action_module_msgs/local/lib/python3.10/dist-packages/op3_action_module_msgs/msg/_start_action_s.c
[1.792s] -- Up-to-date: /home/certezas/robotis_ws/install/op3_action_module_msgs/local/lib/python3.10/dist-packages/op3_action_module_msgs/msg/_start_action.py
[1.792s] -- Up-to-date: /home/certezas/robotis_ws/install/op3_action_module_msgs/local/lib/python3.10/dist-packages/op3_action_module_msgs/op3_action_module_msgs_s__rosidl_typesupport_introspection_c.cpython-310-x86_64-linux-gnu.so
[1.812s] Listing '/home/certezas/robotis_ws/install/op3_action_module_msgs/local/lib/python3.10/dist-packages/op3_action_module_msgs'...
[1.812s] Listing '/home/certezas/robotis_ws/install/op3_action_module_msgs/local/lib/python3.10/dist-packages/op3_action_module_msgs/msg'...
[1.812s] Listing '/home/certezas/robotis_ws/install/op3_action_module_msgs/local/lib/python3.10/dist-packages/op3_action_module_msgs/srv'...
[1.826s] -- Up-to-date: /home/certezas/robotis_ws/install/op3_action_module_msgs/local/lib/python3.10/dist-packages/op3_action_module_msgs/op3_action_module_msgs_s__rosidl_typesupport_fastrtps_c.cpython-310-x86_64-linux-gnu.so
[1.826s] -- Up-to-date: /home/certezas/robotis_ws/install/op3_action_module_msgs/local/lib/python3.10/dist-packages/op3_action_module_msgs/op3_action_module_msgs_s__rosidl_typesupport_introspection_c.cpython-310-x86_64-linux-gnu.so
[1.826s] -- Up-to-date: /home/certezas/robotis_ws/install/op3_action_module_msgs/local/lib/python3.10/dist-packages/op3_action_module_msgs/op3_action_module_msgs_s__rosidl_typesupport_c.cpython-310-x86_64-linux-gnu.so
[1.826s] -- Up-to-date: /home/certezas/robotis_ws/install/op3_action_module_msgs/lib/libop3_action_module_msgs__rosidl_generator_py.so
[1.826s] -- Up-to-date: /home/certezas/robotis_ws/install/op3_action_module_msgs/share/op3_action_module_msgs/msg/StartAction.idl
[1.826s] -- Up-to-date: /home/certezas/robotis_ws/install/op3_action_module_msgs/share/op3_action_module_msgs/srv/IsRunning.idl
[1.826s] -- Up-to-date: /home/certezas/robotis_ws/install/op3_action_module_msgs/share/op3_action_module_msgs/msg/StartAction.msg
[1.826s] -- Up-to-date: /home/certezas/robotis_ws/install/op3_action_module_msgs/share/op3_action_module_msgs/srv/IsRunning.srv
[1.826s] -- Up-to-date: /home/certezas/robotis_ws/install/op3_action_module_msgs/share/op3_action_module_msgs/srv/IsRunning_Request.msg
[1.826s] -- Up-to-date: /home/certezas/robotis_ws/install/op3_action_module_msgs/share/op3_action_module_msgs/srv/IsRunning_Response.msg
[1.826s] -- Up-to-date: /home/certezas/robotis_ws/install/op3_action_module_msgs/share/ament_index/resource_index/package_run_dependencies/op3_action_module_msgs
[1.826s] -- Up-to-date: /home/certezas/robotis_ws/install/op3_action_module_msgs/share/ament_index/resource_index/parent_prefix_path/op3_action_module_msgs
[1.826s] -- Up-to-date: /home/certezas/robotis_ws/install/op3_action_module_msgs/share/op3_action_module_msgs/environment/ament_prefix_path.sh
[1.826s] -- Up-to-date: /home/certezas/robotis_ws/install/op3_action_module_msgs/share/op3_action_module_msgs/environment/ament_prefix_path.dsv
[1.826s] -- Up-to-date: /home/certezas/robotis_ws/install/op3_action_module_msgs/share/op3_action_module_msgs/environment/path.sh
[1.827s] -- Up-to-date: /home/certezas/robotis_ws/install/op3_action_module_msgs/share/op3_action_module_msgs/environment/path.dsv
[1.827s] -- Up-to-date: /home/certezas/robotis_ws/install/op3_action_module_msgs/share/op3_action_module_msgs/local_setup.bash
[1.827s] -- Up-to-date: /home/certezas/robotis_ws/install/op3_action_module_msgs/share/op3_action_module_msgs/local_setup.sh
[1.827s] -- Up-to-date: /home/certezas/robotis_ws/install/op3_action_module_msgs/share/op3_action_module_msgs/local_setup.zsh
[1.827s] -- Up-to-date: /home/certezas/robotis_ws/install/op3_action_module_msgs/share/op3_action_module_msgs/local_setup.dsv
[1.827s] -- Installing: /home/certezas/robotis_ws/install/op3_action_module_msgs/share/op3_action_module_msgs/package.dsv
[1.827s] -- Up-to-date: /home/certezas/robotis_ws/install/op3_action_module_msgs/share/ament_index/resource_index/packages/op3_action_module_msgs
[1.827s] -- Up-to-date: /home/certezas/robotis_ws/install/op3_action_module_msgs/share/op3_action_module_msgs/cmake/export_op3_action_module_msgs__rosidl_generator_cExport.cmake
[1.827s] -- Up-to-date: /home/certezas/robotis_ws/install/op3_action_module_msgs/share/op3_action_module_msgs/cmake/export_op3_action_module_msgs__rosidl_generator_cExport-noconfig.cmake
[1.827s] -- Up-to-date: /home/certezas/robotis_ws/install/op3_action_module_msgs/share/op3_action_module_msgs/cmake/export_op3_action_module_msgs__rosidl_typesupport_fastrtps_cExport.cmake
[1.827s] -- Up-to-date: /home/certezas/robotis_ws/install/op3_action_module_msgs/share/op3_action_module_msgs/cmake/export_op3_action_module_msgs__rosidl_typesupport_fastrtps_cExport-noconfig.cmake
[1.827s] -- Up-to-date: /home/certezas/robotis_ws/install/op3_action_module_msgs/share/op3_action_module_msgs/cmake/export_op3_action_module_msgs__rosidl_generator_cppExport.cmake
[1.827s] -- Up-to-date: /home/certezas/robotis_ws/install/op3_action_module_msgs/share/op3_action_module_msgs/cmake/export_op3_action_module_msgs__rosidl_typesupport_fastrtps_cppExport.cmake
[1.827s] -- Up-to-date: /home/certezas/robotis_ws/install/op3_action_module_msgs/share/op3_action_module_msgs/cmake/export_op3_action_module_msgs__rosidl_typesupport_fastrtps_cppExport-noconfig.cmake
[1.827s] -- Up-to-date: /home/certezas/robotis_ws/install/op3_action_module_msgs/share/op3_action_module_msgs/cmake/op3_action_module_msgs__rosidl_typesupport_introspection_cExport.cmake
[1.827s] -- Up-to-date: /home/certezas/robotis_ws/install/op3_action_module_msgs/share/op3_action_module_msgs/cmake/op3_action_module_msgs__rosidl_typesupport_introspection_cExport-noconfig.cmake
[1.828s] -- Up-to-date: /home/certezas/robotis_ws/install/op3_action_module_msgs/share/op3_action_module_msgs/cmake/op3_action_module_msgs__rosidl_typesupport_cExport.cmake
[1.828s] -- Up-to-date: /home/certezas/robotis_ws/install/op3_action_module_msgs/share/op3_action_module_msgs/cmake/op3_action_module_msgs__rosidl_typesupport_cExport-noconfig.cmake
[1.828s] -- Up-to-date: /home/certezas/robotis_ws/install/op3_action_module_msgs/share/op3_action_module_msgs/cmake/op3_action_module_msgs__rosidl_typesupport_introspection_cppExport.cmake
[1.828s] -- Up-to-date: /home/certezas/robotis_ws/install/op3_action_module_msgs/share/op3_action_module_msgs/cmake/op3_action_module_msgs__rosidl_typesupport_introspection_cppExport-noconfig.cmake
[1.828s] -- Up-to-date: /home/certezas/robotis_ws/install/op3_action_module_msgs/share/op3_action_module_msgs/cmake/op3_action_module_msgs__rosidl_typesupport_cppExport.cmake
[1.828s] -- Up-to-date: /home/certezas/robotis_ws/install/op3_action_module_msgs/share/op3_action_module_msgs/cmake/op3_action_module_msgs__rosidl_typesupport_cppExport-noconfig.cmake
[1.828s] -- Up-to-date: /home/certezas/robotis_ws/install/op3_action_module_msgs/share/op3_action_module_msgs/cmake/export_op3_action_module_msgs__rosidl_generator_pyExport.cmake
[1.828s] -- Up-to-date: /home/certezas/robotis_ws/install/op3_action_module_msgs/share/op3_action_module_msgs/cmake/export_op3_action_module_msgs__rosidl_generator_pyExport-noconfig.cmake
[1.828s] -- Up-to-date: /home/certezas/robotis_ws/install/op3_action_module_msgs/share/op3_action_module_msgs/cmake/rosidl_cmake-extras.cmake
[1.828s] -- Up-to-date: /home/certezas/robotis_ws/install/op3_action_module_msgs/share/op3_action_module_msgs/cmake/ament_cmake_export_dependencies-extras.cmake
[1.828s] -- Up-to-date: /home/certezas/robotis_ws/install/op3_action_module_msgs/share/op3_action_module_msgs/cmake/ament_cmake_export_include_directories-extras.cmake
[1.828s] -- Up-to-date: /home/certezas/robotis_ws/install/op3_action_module_msgs/share/op3_action_module_msgs/cmake/ament_cmake_export_libraries-extras.cmake
[1.828s] -- Up-to-date: /home/certezas/robotis_ws/install/op3_action_module_msgs/share/op3_action_module_msgs/cmake/ament_cmake_export_targets-extras.cmake
[1.829s] -- Up-to-date: /home/certezas/robotis_ws/install/op3_action_module_msgs/share/op3_action_module_msgs/cmake/rosidl_cmake_export_typesupport_targets-extras.cmake
[1.829s] -- Up-to-date: /home/certezas/robotis_ws/install/op3_action_module_msgs/share/op3_action_module_msgs/cmake/rosidl_cmake_export_typesupport_libraries-extras.cmake
[1.829s] -- Up-to-date: /home/certezas/robotis_ws/install/op3_action_module_msgs/share/op3_action_module_msgs/cmake/op3_action_module_msgsConfig.cmake
[1.829s] -- Up-to-date: /home/certezas/robotis_ws/install/op3_action_module_msgs/share/op3_action_module_msgs/cmake/op3_action_module_msgsConfig-version.cmake
[1.829s] -- Up-to-date: /home/certezas/robotis_ws/install/op3_action_module_msgs/share/op3_action_module_msgs/package.xml
[1.975s] Invoked command in '/home/certezas/robotis_ws/build/op3_action_module_msgs' returned '0': CMAKE_PREFIX_PATH=${CMAKE_PREFIX_PATH}:/opt/ros/humble /usr/bin/cmake --install /home/certezas/robotis_ws/build/op3_action_module_msgs
