[100%] Built target offset_tuner_server_node
-- Install configuration: ""
-- Up-to-date: /home/certezas/robotis_ws/install/op3_offset_tuner_server/lib/op3_offset_tuner_server/offset_tuner_server_node
-- Up-to-date: /home/certezas/robotis_ws/install/op3_offset_tuner_server/include/op3_offset_tuner_server
-- Up-to-date: /home/certezas/robotis_ws/install/op3_offset_tuner_server/include/op3_offset_tuner_server/op3_offset_tuner_server.h
-- Up-to-date: /home/certezas/robotis_ws/install/op3_offset_tuner_server/share/op3_offset_tuner_server/launch/launch
-- Up-to-date: /home/certezas/robotis_ws/install/op3_offset_tuner_server/share/op3_offset_tuner_server/launch/launch/op3_offset_tuner_server.launch.xml
-- Up-to-date: /home/certezas/robotis_ws/install/op3_offset_tuner_server/share/ament_index/resource_index/package_run_dependencies/op3_offset_tuner_server
-- Up-to-date: /home/certezas/robotis_ws/install/op3_offset_tuner_server/share/ament_index/resource_index/parent_prefix_path/op3_offset_tuner_server
-- Up-to-date: /home/certezas/robotis_ws/install/op3_offset_tuner_server/share/op3_offset_tuner_server/environment/ament_prefix_path.sh
-- Up-to-date: /home/certezas/robotis_ws/install/op3_offset_tuner_server/share/op3_offset_tuner_server/environment/ament_prefix_path.dsv
-- Up-to-date: /home/certezas/robotis_ws/install/op3_offset_tuner_server/share/op3_offset_tuner_server/environment/path.sh
-- Up-to-date: /home/certezas/robotis_ws/install/op3_offset_tuner_server/share/op3_offset_tuner_server/environment/path.dsv
-- Up-to-date: /home/certezas/robotis_ws/install/op3_offset_tuner_server/share/op3_offset_tuner_server/local_setup.bash
-- Up-to-date: /home/certezas/robotis_ws/install/op3_offset_tuner_server/share/op3_offset_tuner_server/local_setup.sh
-- Up-to-date: /home/certezas/robotis_ws/install/op3_offset_tuner_server/share/op3_offset_tuner_server/local_setup.zsh
-- Up-to-date: /home/certezas/robotis_ws/install/op3_offset_tuner_server/share/op3_offset_tuner_server/local_setup.dsv
-- Installing: /home/certezas/robotis_ws/install/op3_offset_tuner_server/share/op3_offset_tuner_server/package.dsv
-- Up-to-date: /home/certezas/robotis_ws/install/op3_offset_tuner_server/share/ament_index/resource_index/packages/op3_offset_tuner_server
-- Up-to-date: /home/certezas/robotis_ws/install/op3_offset_tuner_server/share/op3_offset_tuner_server/cmake/op3_offset_tuner_serverConfig.cmake
-- Up-to-date: /home/certezas/robotis_ws/install/op3_offset_tuner_server/share/op3_offset_tuner_server/cmake/op3_offset_tuner_serverConfig-version.cmake
-- Up-to-date: /home/certezas/robotis_ws/install/op3_offset_tuner_server/share/op3_offset_tuner_server/package.xml
