[0.035s] Invoking command in '/home/certezas/robotis_ws/build/op3_web_setting_tool': CMAKE_PREFIX_PATH=${CMAKE_PREFIX_PATH}:/home/certezas/robotis_ws/install/op3_head_control_module:/opt/ros/humble /usr/bin/cmake /home/certezas/robotis_ws/src/ROBOTIS-OP3-Tools/op3_web_setting_tool -DCMAKE_INSTALL_PREFIX=/home/certezas/robotis_ws/install/op3_web_setting_tool
[6.456s] -- The C compiler identification is GNU 11.4.0
[6.456s] -- The CXX compiler identification is GNU 11.4.0
[6.456s] -- Detecting C compiler ABI info
[6.457s] -- Detecting C compiler ABI info - done
[6.457s] -- Check for working C compiler: /usr/bin/cc - skipped
[6.457s] -- Detecting C compile features
[6.457s] -- Detecting C compile features - done
[6.457s] -- Detecting CXX compiler ABI info
[6.457s] -- Detecting CXX compiler ABI info - done
[6.457s] -- Check for working CXX compiler: /usr/bin/c++ - skipped
[6.457s] -- Detecting CXX compile features
[6.457s] -- Detecting CXX compile features - done
[6.457s] -- Found ament_cmake: 1.3.11 (/opt/ros/humble/share/ament_cmake/cmake)
[6.457s] -- Found Python3: /usr/bin/python3 (found version "3.10.12") found components: Interpreter 
[6.458s] -- Configuring done
[6.458s] -- Generating done
[6.458s] -- Build files have been written to: /home/certezas/robotis_ws/build/op3_web_setting_tool
[6.481s] Invoked command in '/home/certezas/robotis_ws/build/op3_web_setting_tool' returned '0': CMAKE_PREFIX_PATH=${CMAKE_PREFIX_PATH}:/home/certezas/robotis_ws/install/op3_head_control_module:/opt/ros/humble /usr/bin/cmake /home/certezas/robotis_ws/src/ROBOTIS-OP3-Tools/op3_web_setting_tool -DCMAKE_INSTALL_PREFIX=/home/certezas/robotis_ws/install/op3_web_setting_tool
[6.481s] Invoking command in '/home/certezas/robotis_ws/build/op3_web_setting_tool': CMAKE_PREFIX_PATH=${CMAKE_PREFIX_PATH}:/home/certezas/robotis_ws/install/op3_head_control_module:/opt/ros/humble /usr/bin/cmake --build /home/certezas/robotis_ws/build/op3_web_setting_tool -- -j12 -l12
[8.152s] Invoked command in '/home/certezas/robotis_ws/build/op3_web_setting_tool' returned '0': CMAKE_PREFIX_PATH=${CMAKE_PREFIX_PATH}:/home/certezas/robotis_ws/install/op3_head_control_module:/opt/ros/humble /usr/bin/cmake --build /home/certezas/robotis_ws/build/op3_web_setting_tool -- -j12 -l12
[8.153s] Invoking command in '/home/certezas/robotis_ws/build/op3_web_setting_tool': CMAKE_PREFIX_PATH=${CMAKE_PREFIX_PATH}:/home/certezas/robotis_ws/install/op3_head_control_module:/opt/ros/humble /usr/bin/cmake --install /home/certezas/robotis_ws/build/op3_web_setting_tool
[8.561s] -- Install configuration: ""
[8.561s] -- Installing: /home/certezas/robotis_ws/install/op3_web_setting_tool/share/op3_web_setting_tool/html
[8.561s] -- Installing: /home/certezas/robotis_ws/install/op3_web_setting_tool/share/op3_web_setting_tool/html/index.html
[8.561s] -- Installing: /home/certezas/robotis_ws/install/op3_web_setting_tool/share/op3_web_setting_tool/html/js
[8.561s] -- Installing: /home/certezas/robotis_ws/install/op3_web_setting_tool/share/op3_web_setting_tool/html/js/jquery-ui.css
[8.561s] -- Installing: /home/certezas/robotis_ws/install/op3_web_setting_tool/share/op3_web_setting_tool/html/js/jquery.js
[8.561s] -- Installing: /home/certezas/robotis_ws/install/op3_web_setting_tool/share/op3_web_setting_tool/html/js/mjpegcanvas.js
[8.562s] -- Installing: /home/certezas/robotis_ws/install/op3_web_setting_tool/share/op3_web_setting_tool/html/js/EventEmitter2.js
[8.562s] -- Installing: /home/certezas/robotis_ws/install/op3_web_setting_tool/share/op3_web_setting_tool/html/js/roslib.js
[8.562s] -- Installing: /home/certezas/robotis_ws/install/op3_web_setting_tool/share/op3_web_setting_tool/html/js/jquery-ui.js
[8.562s] -- Installing: /home/certezas/robotis_ws/install/op3_web_setting_tool/share/op3_web_setting_tool/launch
[8.562s] -- Installing: /home/certezas/robotis_ws/install/op3_web_setting_tool/share/op3_web_setting_tool/launch/web_setting_server.launch.xml
[8.562s] -- Installing: /home/certezas/robotis_ws/install/op3_web_setting_tool/share/ament_index/resource_index/package_run_dependencies/op3_web_setting_tool
[8.562s] -- Installing: /home/certezas/robotis_ws/install/op3_web_setting_tool/share/ament_index/resource_index/parent_prefix_path/op3_web_setting_tool
[8.562s] -- Installing: /home/certezas/robotis_ws/install/op3_web_setting_tool/share/op3_web_setting_tool/environment/ament_prefix_path.sh
[8.562s] -- Installing: /home/certezas/robotis_ws/install/op3_web_setting_tool/share/op3_web_setting_tool/environment/ament_prefix_path.dsv
[8.562s] -- Installing: /home/certezas/robotis_ws/install/op3_web_setting_tool/share/op3_web_setting_tool/environment/path.sh
[8.562s] -- Installing: /home/certezas/robotis_ws/install/op3_web_setting_tool/share/op3_web_setting_tool/environment/path.dsv
[8.562s] -- Installing: /home/certezas/robotis_ws/install/op3_web_setting_tool/share/op3_web_setting_tool/local_setup.bash
[8.562s] -- Installing: /home/certezas/robotis_ws/install/op3_web_setting_tool/share/op3_web_setting_tool/local_setup.sh
[8.562s] -- Installing: /home/certezas/robotis_ws/install/op3_web_setting_tool/share/op3_web_setting_tool/local_setup.zsh
[8.563s] -- Installing: /home/certezas/robotis_ws/install/op3_web_setting_tool/share/op3_web_setting_tool/local_setup.dsv
[8.563s] -- Installing: /home/certezas/robotis_ws/install/op3_web_setting_tool/share/op3_web_setting_tool/package.dsv
[8.563s] -- Installing: /home/certezas/robotis_ws/install/op3_web_setting_tool/share/ament_index/resource_index/packages/op3_web_setting_tool
[8.563s] -- Installing: /home/certezas/robotis_ws/install/op3_web_setting_tool/share/op3_web_setting_tool/cmake/op3_web_setting_toolConfig.cmake
[8.563s] -- Installing: /home/certezas/robotis_ws/install/op3_web_setting_tool/share/op3_web_setting_tool/cmake/op3_web_setting_toolConfig-version.cmake
[8.563s] -- Installing: /home/certezas/robotis_ws/install/op3_web_setting_tool/share/op3_web_setting_tool/package.xml
[8.610s] Invoked command in '/home/certezas/robotis_ws/build/op3_web_setting_tool' returned '0': CMAKE_PREFIX_PATH=${CMAKE_PREFIX_PATH}:/home/certezas/robotis_ws/install/op3_head_control_module:/opt/ros/humble /usr/bin/cmake --install /home/certezas/robotis_ws/build/op3_web_setting_tool
