[0.011s] Invoking command in '/home/certezas/robotis_ws/build/ros_madplay_player': CMAKE_PREFIX_PATH=${CMAKE_PREFIX_PATH}:/home/certezas/robotis_ws/install/op3_head_control_module:/opt/ros/humble /usr/bin/cmake /home/certezas/robotis_ws/src/ROBOTIS-Utility/ros_madplay_player -DCMAKE_INSTALL_PREFIX=/home/certezas/robotis_ws/install/ros_madplay_player
[1.651s] -- The C compiler identification is GNU 11.4.0
[1.651s] -- The CXX compiler identification is GNU 11.4.0
[1.651s] -- Detecting C compiler ABI info
[1.651s] -- Detecting C compiler ABI info - done
[1.651s] -- Check for working C compiler: /usr/bin/cc - skipped
[1.651s] -- Detecting C compile features
[1.651s] -- Detecting C compile features - done
[1.651s] -- Detecting CXX compiler ABI info
[1.652s] -- Detecting CXX compiler ABI info - done
[1.652s] -- Check for working CXX compiler: /usr/bin/c++ - skipped
[1.652s] -- Detecting CXX compile features
[1.652s] -- Detecting CXX compile features - done
[1.652s] -- Found ament_cmake: 1.3.11 (/opt/ros/humble/share/ament_cmake/cmake)
[1.652s] -- Found Python3: /usr/bin/python3 (found version "3.10.12") found components: Interpreter 
[1.652s] -- Found rclcpp: 16.0.12 (/opt/ros/humble/share/rclcpp/cmake)
[1.652s] -- Found rosidl_generator_c: 3.1.6 (/opt/ros/humble/share/rosidl_generator_c/cmake)
[1.652s] -- Found rosidl_adapter: 3.1.6 (/opt/ros/humble/share/rosidl_adapter/cmake)
[1.652s] -- Found rosidl_generator_cpp: 3.1.6 (/opt/ros/humble/share/rosidl_generator_cpp/cmake)
[1.652s] -- Using all available rosidl_typesupport_c: rosidl_typesupport_fastrtps_c;rosidl_typesupport_introspection_c
[1.653s] -- Using all available rosidl_typesupport_cpp: rosidl_typesupport_fastrtps_cpp;rosidl_typesupport_introspection_cpp
[1.653s] -- Found rmw_implementation_cmake: 6.1.2 (/opt/ros/humble/share/rmw_implementation_cmake/cmake)
[1.653s] -- Found rmw_fastrtps_cpp: 6.2.7 (/opt/ros/humble/share/rmw_fastrtps_cpp/cmake)
[1.653s] -- Found OpenSSL: /usr/lib/x86_64-linux-gnu/libcrypto.so (found version "3.0.2")  
[1.653s] -- Found FastRTPS: /opt/ros/humble/include  
[1.653s] -- Using RMW implementation 'rmw_fastrtps_cpp' as default
[1.653s] -- Looking for pthread.h
[1.653s] -- Looking for pthread.h - found
[1.653s] -- Performing Test CMAKE_HAVE_LIBC_PTHREAD
[1.690s] -- Performing Test CMAKE_HAVE_LIBC_PTHREAD - Success
[1.690s] -- Found Threads: TRUE  
[1.818s] -- Configuring done
[1.830s] -- Generating done
[1.835s] -- Build files have been written to: /home/certezas/robotis_ws/build/ros_madplay_player
[1.857s] Invoked command in '/home/certezas/robotis_ws/build/ros_madplay_player' returned '0': CMAKE_PREFIX_PATH=${CMAKE_PREFIX_PATH}:/home/certezas/robotis_ws/install/op3_head_control_module:/opt/ros/humble /usr/bin/cmake /home/certezas/robotis_ws/src/ROBOTIS-Utility/ros_madplay_player -DCMAKE_INSTALL_PREFIX=/home/certezas/robotis_ws/install/ros_madplay_player
[1.858s] Invoking command in '/home/certezas/robotis_ws/build/ros_madplay_player': CMAKE_PREFIX_PATH=${CMAKE_PREFIX_PATH}:/home/certezas/robotis_ws/install/op3_head_control_module:/opt/ros/humble /usr/bin/cmake --build /home/certezas/robotis_ws/build/ros_madplay_player -- -j12 -l12
[2.090s] [ 50%] [32mBuilding CXX object CMakeFiles/ros_madplay_player.dir/src/ros_madplay_player.cpp.o[0m
[12.277s] [100%] [32m[1mLinking CXX executable ros_madplay_player[0m
[12.772s] [100%] Built target ros_madplay_player
[12.787s] Invoked command in '/home/certezas/robotis_ws/build/ros_madplay_player' returned '0': CMAKE_PREFIX_PATH=${CMAKE_PREFIX_PATH}:/home/certezas/robotis_ws/install/op3_head_control_module:/opt/ros/humble /usr/bin/cmake --build /home/certezas/robotis_ws/build/ros_madplay_player -- -j12 -l12
[12.788s] Invoking command in '/home/certezas/robotis_ws/build/ros_madplay_player': CMAKE_PREFIX_PATH=${CMAKE_PREFIX_PATH}:/home/certezas/robotis_ws/install/op3_head_control_module:/opt/ros/humble /usr/bin/cmake --install /home/certezas/robotis_ws/build/ros_madplay_player
[13.284s] -- Install configuration: ""
[13.284s] -- Installing: /home/certezas/robotis_ws/install/ros_madplay_player/lib/ros_madplay_player/ros_madplay_player
[13.284s] -- Set runtime path of "/home/certezas/robotis_ws/install/ros_madplay_player/lib/ros_madplay_player/ros_madplay_player" to ""
[13.285s] -- Installing: /home/certezas/robotis_ws/install/ros_madplay_player/include/ros_madplay_player
[13.285s] -- Installing: /home/certezas/robotis_ws/install/ros_madplay_player/include/ros_madplay_player/ros_madplay_player.h
[13.285s] -- Installing: /home/certezas/robotis_ws/install/ros_madplay_player/share/ament_index/resource_index/package_run_dependencies/ros_madplay_player
[13.285s] -- Installing: /home/certezas/robotis_ws/install/ros_madplay_player/share/ament_index/resource_index/parent_prefix_path/ros_madplay_player
[13.285s] -- Installing: /home/certezas/robotis_ws/install/ros_madplay_player/share/ros_madplay_player/environment/ament_prefix_path.sh
[13.285s] -- Installing: /home/certezas/robotis_ws/install/ros_madplay_player/share/ros_madplay_player/environment/ament_prefix_path.dsv
[13.285s] -- Installing: /home/certezas/robotis_ws/install/ros_madplay_player/share/ros_madplay_player/environment/path.sh
[13.285s] -- Installing: /home/certezas/robotis_ws/install/ros_madplay_player/share/ros_madplay_player/environment/path.dsv
[13.285s] -- Installing: /home/certezas/robotis_ws/install/ros_madplay_player/share/ros_madplay_player/local_setup.bash
[13.285s] -- Installing: /home/certezas/robotis_ws/install/ros_madplay_player/share/ros_madplay_player/local_setup.sh
[13.286s] -- Installing: /home/certezas/robotis_ws/install/ros_madplay_player/share/ros_madplay_player/local_setup.zsh
[13.286s] -- Installing: /home/certezas/robotis_ws/install/ros_madplay_player/share/ros_madplay_player/local_setup.dsv
[13.286s] -- Installing: /home/certezas/robotis_ws/install/ros_madplay_player/share/ros_madplay_player/package.dsv
[13.286s] -- Installing: /home/certezas/robotis_ws/install/ros_madplay_player/share/ament_index/resource_index/packages/ros_madplay_player
[13.286s] -- Installing: /home/certezas/robotis_ws/install/ros_madplay_player/share/ros_madplay_player/cmake/ros_madplay_playerConfig.cmake
[13.286s] -- Installing: /home/certezas/robotis_ws/install/ros_madplay_player/share/ros_madplay_player/cmake/ros_madplay_playerConfig-version.cmake
[13.286s] -- Installing: /home/certezas/robotis_ws/install/ros_madplay_player/share/ros_madplay_player/package.xml
[13.312s] Invoked command in '/home/certezas/robotis_ws/build/ros_madplay_player' returned '0': CMAKE_PREFIX_PATH=${CMAKE_PREFIX_PATH}:/home/certezas/robotis_ws/install/op3_head_control_module:/opt/ros/humble /usr/bin/cmake --install /home/certezas/robotis_ws/build/ros_madplay_player
