[0.186s] Invoking command in '/home/certezas/robotis_ws/build/op3_webots_ros2': CMAKE_PREFIX_PATH=${CMAKE_PREFIX_PATH}:/opt/ros/humble /usr/bin/cmake --build /home/certezas/robotis_ws/build/op3_webots_ros2 -- -j12 -l12
[0.302s] [100%] Built target op3_extern_controller
[0.423s] Invoked command in '/home/certezas/robotis_ws/build/op3_webots_ros2' returned '0': CMAKE_PREFIX_PATH=${CMAKE_PREFIX_PATH}:/opt/ros/humble /usr/bin/cmake --build /home/certezas/robotis_ws/build/op3_webots_ros2 -- -j12 -l12
[0.424s] Invoking command in '/home/certezas/robotis_ws/build/op3_webots_ros2': CMAKE_PREFIX_PATH=${CMAKE_PREFIX_PATH}:/opt/ros/humble /usr/bin/cmake --install /home/certezas/robotis_ws/build/op3_webots_ros2
[0.478s] -- Install configuration: ""
[0.478s] -- Up-to-date: /home/certezas/robotis_ws/install/op3_webots_ros2/lib/op3_webots_ros2/op3_extern_controller
[0.478s] -- Up-to-date: /home/certezas/robotis_ws/install/op3_webots_ros2/include/op3_webots_ros2
[0.478s] -- Up-to-date: /home/certezas/robotis_ws/install/op3_webots_ros2/include/op3_webots_ros2/op3_extern_controller.hpp
[0.478s] -- Up-to-date: /home/certezas/robotis_ws/install/op3_webots_ros2/share/op3_webots_ros2//launch
[0.478s] -- Up-to-date: /home/certezas/robotis_ws/install/op3_webots_ros2/share/op3_webots_ros2//launch/robot_launch.py
[0.478s] -- Up-to-date: /home/certezas/robotis_ws/install/op3_webots_ros2/share/op3_webots_ros2//resource
[0.480s] -- Up-to-date: /home/certezas/robotis_ws/install/op3_webots_ros2/share/op3_webots_ros2//resource/op3_pid_gain_default.yaml
[0.480s] -- Up-to-date: /home/certezas/robotis_ws/install/op3_webots_ros2/share/op3_webots_ros2//images
[0.480s] -- Up-to-date: /home/certezas/robotis_ws/install/op3_webots_ros2/share/op3_webots_ros2//images/grid.png
[0.480s] -- Up-to-date: /home/certezas/robotis_ws/install/op3_webots_ros2/share/op3_webots_ros2//protos
[0.481s] -- Up-to-date: /home/certezas/robotis_ws/install/op3_webots_ros2/share/op3_webots_ros2//protos/RobotisOp3.proto
[0.481s] -- Up-to-date: /home/certezas/robotis_ws/install/op3_webots_ros2/share/op3_webots_ros2//worlds
[0.481s] -- Up-to-date: /home/certezas/robotis_ws/install/op3_webots_ros2/share/op3_webots_ros2//worlds/robotis_op3_extern.wbt
[0.481s] -- Up-to-date: /home/certezas/robotis_ws/install/op3_webots_ros2/share/op3_webots_ros2//worlds/.robotis_op3_extern.wbproj
[0.481s] -- Up-to-date: /home/certezas/robotis_ws/install/op3_webots_ros2/share/op3_webots_ros2//worlds/.robotis_op3_extern.jpg
[0.481s] -- Up-to-date: /home/certezas/robotis_ws/install/op3_webots_ros2/share/op3_webots_ros2//worlds/my_world.wbt
[0.481s] -- Up-to-date: /home/certezas/robotis_ws/install/op3_webots_ros2/share/ament_index/resource_index/package_run_dependencies/op3_webots_ros2
[0.481s] -- Up-to-date: /home/certezas/robotis_ws/install/op3_webots_ros2/share/ament_index/resource_index/parent_prefix_path/op3_webots_ros2
[0.482s] -- Up-to-date: /home/certezas/robotis_ws/install/op3_webots_ros2/share/op3_webots_ros2/environment/ament_prefix_path.sh
[0.482s] -- Up-to-date: /home/certezas/robotis_ws/install/op3_webots_ros2/share/op3_webots_ros2/environment/ament_prefix_path.dsv
[0.482s] -- Up-to-date: /home/certezas/robotis_ws/install/op3_webots_ros2/share/op3_webots_ros2/environment/path.sh
[0.482s] -- Up-to-date: /home/certezas/robotis_ws/install/op3_webots_ros2/share/op3_webots_ros2/environment/path.dsv
[0.482s] -- Up-to-date: /home/certezas/robotis_ws/install/op3_webots_ros2/share/op3_webots_ros2/local_setup.bash
[0.482s] -- Up-to-date: /home/certezas/robotis_ws/install/op3_webots_ros2/share/op3_webots_ros2/local_setup.sh
[0.483s] -- Up-to-date: /home/certezas/robotis_ws/install/op3_webots_ros2/share/op3_webots_ros2/local_setup.zsh
[0.483s] -- Up-to-date: /home/certezas/robotis_ws/install/op3_webots_ros2/share/op3_webots_ros2/local_setup.dsv
[0.483s] -- Installing: /home/certezas/robotis_ws/install/op3_webots_ros2/share/op3_webots_ros2/package.dsv
[0.500s] -- Up-to-date: /home/certezas/robotis_ws/install/op3_webots_ros2/share/ament_index/resource_index/packages/op3_webots_ros2
[0.500s] -- Up-to-date: /home/certezas/robotis_ws/install/op3_webots_ros2/share/op3_webots_ros2/cmake/op3_webots_ros2Config.cmake
[0.500s] -- Up-to-date: /home/certezas/robotis_ws/install/op3_webots_ros2/share/op3_webots_ros2/cmake/op3_webots_ros2Config-version.cmake
[0.500s] -- Up-to-date: /home/certezas/robotis_ws/install/op3_webots_ros2/share/op3_webots_ros2/package.xml
[0.629s] Invoked command in '/home/certezas/robotis_ws/build/op3_webots_ros2' returned '0': CMAKE_PREFIX_PATH=${CMAKE_PREFIX_PATH}:/opt/ros/humble /usr/bin/cmake --install /home/certezas/robotis_ws/build/op3_webots_ros2
