[0.616s] Invoking command in '/home/certezas/robotis_ws/build/op3_gazebo_ros2': CMAKE_PREFIX_PATH=${CMAKE_PREFIX_PATH}:/opt/ros/humble /usr/bin/cmake --build /home/certezas/robotis_ws/build/op3_gazebo_ros2 -- -j12 -l12
[0.866s] Invoked command in '/home/certezas/robotis_ws/build/op3_gazebo_ros2' returned '0': CMAKE_PREFIX_PATH=${CMAKE_PREFIX_PATH}:/opt/ros/humble /usr/bin/cmake --build /home/certezas/robotis_ws/build/op3_gazebo_ros2 -- -j12 -l12
[0.883s] Invoking command in '/home/certezas/robotis_ws/build/op3_gazebo_ros2': CMAKE_PREFIX_PATH=${CMAKE_PREFIX_PATH}:/opt/ros/humble /usr/bin/cmake --install /home/certezas/robotis_ws/build/op3_gazebo_ros2
[0.896s] -- Install configuration: ""
[0.896s] -- Up-to-date: /home/certezas/robotis_ws/install/op3_gazebo_ros2/share/op3_gazebo_ros2/config
[0.897s] -- Up-to-date: /home/certezas/robotis_ws/install/op3_gazebo_ros2/share/op3_gazebo_ros2/config/bridge_parameters.yaml
[0.897s] -- Up-to-date: /home/certezas/robotis_ws/install/op3_gazebo_ros2/share/op3_gazebo_ros2/config/robotis_op3_gazebo_config.yaml
[0.897s] -- Up-to-date: /home/certezas/robotis_ws/install/op3_gazebo_ros2/share/op3_gazebo_ros2/launch
[0.897s] -- Up-to-date: /home/certezas/robotis_ws/install/op3_gazebo_ros2/share/op3_gazebo_ros2/launch/robot_sim.launch.py
[0.897s] -- Up-to-date: /home/certezas/robotis_ws/install/op3_gazebo_ros2/share/op3_gazebo_ros2/worlds
[0.897s] -- Up-to-date: /home/certezas/robotis_ws/install/op3_gazebo_ros2/share/op3_gazebo_ros2/worlds/empty.sdf
[0.897s] -- Up-to-date: /home/certezas/robotis_ws/install/op3_gazebo_ros2/share/ament_index/resource_index/package_run_dependencies/op3_gazebo_ros2
[0.897s] -- Up-to-date: /home/certezas/robotis_ws/install/op3_gazebo_ros2/share/ament_index/resource_index/parent_prefix_path/op3_gazebo_ros2
[0.897s] -- Up-to-date: /home/certezas/robotis_ws/install/op3_gazebo_ros2/share/op3_gazebo_ros2/environment/ament_prefix_path.sh
[0.897s] -- Up-to-date: /home/certezas/robotis_ws/install/op3_gazebo_ros2/share/op3_gazebo_ros2/environment/ament_prefix_path.dsv
[0.897s] -- Up-to-date: /home/certezas/robotis_ws/install/op3_gazebo_ros2/share/op3_gazebo_ros2/environment/path.sh
[0.897s] -- Up-to-date: /home/certezas/robotis_ws/install/op3_gazebo_ros2/share/op3_gazebo_ros2/environment/path.dsv
[0.898s] -- Up-to-date: /home/certezas/robotis_ws/install/op3_gazebo_ros2/share/op3_gazebo_ros2/local_setup.bash
[0.898s] -- Up-to-date: /home/certezas/robotis_ws/install/op3_gazebo_ros2/share/op3_gazebo_ros2/local_setup.sh
[0.898s] -- Up-to-date: /home/certezas/robotis_ws/install/op3_gazebo_ros2/share/op3_gazebo_ros2/local_setup.zsh
[0.898s] -- Up-to-date: /home/certezas/robotis_ws/install/op3_gazebo_ros2/share/op3_gazebo_ros2/local_setup.dsv
[0.898s] -- Installing: /home/certezas/robotis_ws/install/op3_gazebo_ros2/share/op3_gazebo_ros2/package.dsv
[0.926s] -- Up-to-date: /home/certezas/robotis_ws/install/op3_gazebo_ros2/share/ament_index/resource_index/packages/op3_gazebo_ros2
[0.926s] -- Up-to-date: /home/certezas/robotis_ws/install/op3_gazebo_ros2/share/op3_gazebo_ros2/cmake/op3_gazebo_ros2Config.cmake
[0.926s] -- Up-to-date: /home/certezas/robotis_ws/install/op3_gazebo_ros2/share/op3_gazebo_ros2/cmake/op3_gazebo_ros2Config-version.cmake
[0.926s] -- Up-to-date: /home/certezas/robotis_ws/install/op3_gazebo_ros2/share/op3_gazebo_ros2/package.xml
[1.276s] Invoked command in '/home/certezas/robotis_ws/build/op3_gazebo_ros2' returned '0': CMAKE_PREFIX_PATH=${CMAKE_PREFIX_PATH}:/opt/ros/humble /usr/bin/cmake --install /home/certezas/robotis_ws/build/op3_gazebo_ros2
