[  2%] Built target op3_walking_module_msgs__cpp
[ 12%] Built target op3_walking_module_msgs__rosidl_generator_c
[ 23%] Built target op3_walking_module_msgs__rosidl_typesupport_fastrtps_c
[ 44%] Built target op3_walking_module_msgs__rosidl_typesupport_introspection_cpp
[ 44%] Built target op3_walking_module_msgs__rosidl_typesupport_fastrtps_cpp
[ 55%] Built target op3_walking_module_msgs__rosidl_typesupport_c
[ 65%] Built target op3_walking_module_msgs__rosidl_typesupport_introspection_c
[ 76%] Built target op3_walking_module_msgs__rosidl_typesupport_cpp
[ 76%] Built target op3_walking_module_msgs
[ 76%] Built target ament_cmake_python_copy_op3_walking_module_msgs
[ 78%] Built target op3_walking_module_msgs__py
[ 87%] Built target op3_walking_module_msgs__rosidl_generator_py
running egg_info
writing op3_walking_module_msgs.egg-info/PKG-INFO
writing dependency_links to op3_walking_module_msgs.egg-info/dependency_links.txt
writing top-level names to op3_walking_module_msgs.egg-info/top_level.txt
reading manifest file 'op3_walking_module_msgs.egg-info/SOURCES.txt'
writing manifest file 'op3_walking_module_msgs.egg-info/SOURCES.txt'
[ 87%] Built target ament_cmake_python_build_op3_walking_module_msgs_egg
[ 91%] Built target op3_walking_module_msgs__rosidl_typesupport_fastrtps_c__pyext
[ 95%] Built target op3_walking_module_msgs__rosidl_typesupport_c__pyext
[100%] Built target op3_walking_module_msgs__rosidl_typesupport_introspection_c__pyext
-- Install configuration: ""
-- Up-to-date: /home/certezas/robotis_ws/install/op3_walking_module_msgs/share/ament_index/resource_index/rosidl_interfaces/op3_walking_module_msgs
-- Up-to-date: /home/certezas/robotis_ws/install/op3_walking_module_msgs/include/op3_walking_module_msgs/op3_walking_module_msgs
-- Up-to-date: /home/certezas/robotis_ws/install/op3_walking_module_msgs/include/op3_walking_module_msgs/op3_walking_module_msgs/srv
-- Up-to-date: /home/certezas/robotis_ws/install/op3_walking_module_msgs/include/op3_walking_module_msgs/op3_walking_module_msgs/srv/get_walking_param.h
-- Up-to-date: /home/certezas/robotis_ws/install/op3_walking_module_msgs/include/op3_walking_module_msgs/op3_walking_module_msgs/srv/set_walking_param.h
-- Up-to-date: /home/certezas/robotis_ws/install/op3_walking_module_msgs/include/op3_walking_module_msgs/op3_walking_module_msgs/srv/detail
-- Up-to-date: /home/certezas/robotis_ws/install/op3_walking_module_msgs/include/op3_walking_module_msgs/op3_walking_module_msgs/srv/detail/get_walking_param__type_support.h
-- Up-to-date: /home/certezas/robotis_ws/install/op3_walking_module_msgs/include/op3_walking_module_msgs/op3_walking_module_msgs/srv/detail/set_walking_param__type_support.h
-- Up-to-date: /home/certezas/robotis_ws/install/op3_walking_module_msgs/include/op3_walking_module_msgs/op3_walking_module_msgs/srv/detail/set_walking_param__functions.c
-- Up-to-date: /home/certezas/robotis_ws/install/op3_walking_module_msgs/include/op3_walking_module_msgs/op3_walking_module_msgs/srv/detail/set_walking_param__functions.h
-- Up-to-date: /home/certezas/robotis_ws/install/op3_walking_module_msgs/include/op3_walking_module_msgs/op3_walking_module_msgs/srv/detail/set_walking_param__struct.h
-- Up-to-date: /home/certezas/robotis_ws/install/op3_walking_module_msgs/include/op3_walking_module_msgs/op3_walking_module_msgs/srv/detail/get_walking_param__functions.c
-- Up-to-date: /home/certezas/robotis_ws/install/op3_walking_module_msgs/include/op3_walking_module_msgs/op3_walking_module_msgs/srv/detail/get_walking_param__struct.h
-- Up-to-date: /home/certezas/robotis_ws/install/op3_walking_module_msgs/include/op3_walking_module_msgs/op3_walking_module_msgs/srv/detail/get_walking_param__functions.h
-- Up-to-date: /home/certezas/robotis_ws/install/op3_walking_module_msgs/include/op3_walking_module_msgs/op3_walking_module_msgs/msg
-- Up-to-date: /home/certezas/robotis_ws/install/op3_walking_module_msgs/include/op3_walking_module_msgs/op3_walking_module_msgs/msg/rosidl_generator_c__visibility_control.h
-- Up-to-date: /home/certezas/robotis_ws/install/op3_walking_module_msgs/include/op3_walking_module_msgs/op3_walking_module_msgs/msg/walking_param.h
-- Up-to-date: /home/certezas/robotis_ws/install/op3_walking_module_msgs/include/op3_walking_module_msgs/op3_walking_module_msgs/msg/detail
-- Up-to-date: /home/certezas/robotis_ws/install/op3_walking_module_msgs/include/op3_walking_module_msgs/op3_walking_module_msgs/msg/detail/walking_param__struct.h
-- Up-to-date: /home/certezas/robotis_ws/install/op3_walking_module_msgs/include/op3_walking_module_msgs/op3_walking_module_msgs/msg/detail/walking_param__functions.h
-- Up-to-date: /home/certezas/robotis_ws/install/op3_walking_module_msgs/include/op3_walking_module_msgs/op3_walking_module_msgs/msg/detail/walking_param__functions.c
-- Up-to-date: /home/certezas/robotis_ws/install/op3_walking_module_msgs/include/op3_walking_module_msgs/op3_walking_module_msgs/msg/detail/walking_param__type_support.h
-- Up-to-date: /home/certezas/robotis_ws/install/op3_walking_module_msgs/share/op3_walking_module_msgs/environment/library_path.sh
-- Up-to-date: /home/certezas/robotis_ws/install/op3_walking_module_msgs/share/op3_walking_module_msgs/environment/library_path.dsv
-- Up-to-date: /home/certezas/robotis_ws/install/op3_walking_module_msgs/lib/libop3_walking_module_msgs__rosidl_generator_c.so
-- Up-to-date: /home/certezas/robotis_ws/install/op3_walking_module_msgs/include/op3_walking_module_msgs/op3_walking_module_msgs
-- Up-to-date: /home/certezas/robotis_ws/install/op3_walking_module_msgs/include/op3_walking_module_msgs/op3_walking_module_msgs/srv
-- Up-to-date: /home/certezas/robotis_ws/install/op3_walking_module_msgs/include/op3_walking_module_msgs/op3_walking_module_msgs/srv/detail
-- Up-to-date: /home/certezas/robotis_ws/install/op3_walking_module_msgs/include/op3_walking_module_msgs/op3_walking_module_msgs/srv/detail/get_walking_param__rosidl_typesupport_fastrtps_c.h
-- Up-to-date: /home/certezas/robotis_ws/install/op3_walking_module_msgs/include/op3_walking_module_msgs/op3_walking_module_msgs/srv/detail/set_walking_param__rosidl_typesupport_fastrtps_c.h
-- Up-to-date: /home/certezas/robotis_ws/install/op3_walking_module_msgs/include/op3_walking_module_msgs/op3_walking_module_msgs/msg
-- Up-to-date: /home/certezas/robotis_ws/install/op3_walking_module_msgs/include/op3_walking_module_msgs/op3_walking_module_msgs/msg/detail
-- Up-to-date: /home/certezas/robotis_ws/install/op3_walking_module_msgs/include/op3_walking_module_msgs/op3_walking_module_msgs/msg/detail/walking_param__rosidl_typesupport_fastrtps_c.h
-- Up-to-date: /home/certezas/robotis_ws/install/op3_walking_module_msgs/include/op3_walking_module_msgs/op3_walking_module_msgs/msg/rosidl_typesupport_fastrtps_c__visibility_control.h
-- Up-to-date: /home/certezas/robotis_ws/install/op3_walking_module_msgs/lib/libop3_walking_module_msgs__rosidl_typesupport_fastrtps_c.so
-- Up-to-date: /home/certezas/robotis_ws/install/op3_walking_module_msgs/include/op3_walking_module_msgs/op3_walking_module_msgs
-- Up-to-date: /home/certezas/robotis_ws/install/op3_walking_module_msgs/include/op3_walking_module_msgs/op3_walking_module_msgs/srv
-- Up-to-date: /home/certezas/robotis_ws/install/op3_walking_module_msgs/include/op3_walking_module_msgs/op3_walking_module_msgs/srv/detail
-- Up-to-date: /home/certezas/robotis_ws/install/op3_walking_module_msgs/include/op3_walking_module_msgs/op3_walking_module_msgs/srv/detail/get_walking_param__rosidl_typesupport_introspection_c.h
-- Up-to-date: /home/certezas/robotis_ws/install/op3_walking_module_msgs/include/op3_walking_module_msgs/op3_walking_module_msgs/srv/detail/set_walking_param__rosidl_typesupport_introspection_c.h
-- Up-to-date: /home/certezas/robotis_ws/install/op3_walking_module_msgs/include/op3_walking_module_msgs/op3_walking_module_msgs/srv/detail/get_walking_param__type_support.c
-- Up-to-date: /home/certezas/robotis_ws/install/op3_walking_module_msgs/include/op3_walking_module_msgs/op3_walking_module_msgs/srv/detail/set_walking_param__type_support.c
-- Up-to-date: /home/certezas/robotis_ws/install/op3_walking_module_msgs/include/op3_walking_module_msgs/op3_walking_module_msgs/msg
-- Up-to-date: /home/certezas/robotis_ws/install/op3_walking_module_msgs/include/op3_walking_module_msgs/op3_walking_module_msgs/msg/rosidl_typesupport_introspection_c__visibility_control.h
-- Up-to-date: /home/certezas/robotis_ws/install/op3_walking_module_msgs/include/op3_walking_module_msgs/op3_walking_module_msgs/msg/detail
-- Up-to-date: /home/certezas/robotis_ws/install/op3_walking_module_msgs/include/op3_walking_module_msgs/op3_walking_module_msgs/msg/detail/walking_param__type_support.c
-- Up-to-date: /home/certezas/robotis_ws/install/op3_walking_module_msgs/include/op3_walking_module_msgs/op3_walking_module_msgs/msg/detail/walking_param__rosidl_typesupport_introspection_c.h
-- Up-to-date: /home/certezas/robotis_ws/install/op3_walking_module_msgs/lib/libop3_walking_module_msgs__rosidl_typesupport_introspection_c.so
-- Up-to-date: /home/certezas/robotis_ws/install/op3_walking_module_msgs/lib/libop3_walking_module_msgs__rosidl_typesupport_c.so
-- Up-to-date: /home/certezas/robotis_ws/install/op3_walking_module_msgs/include/op3_walking_module_msgs/op3_walking_module_msgs
-- Up-to-date: /home/certezas/robotis_ws/install/op3_walking_module_msgs/include/op3_walking_module_msgs/op3_walking_module_msgs/srv
-- Up-to-date: /home/certezas/robotis_ws/install/op3_walking_module_msgs/include/op3_walking_module_msgs/op3_walking_module_msgs/srv/get_walking_param.hpp
-- Up-to-date: /home/certezas/robotis_ws/install/op3_walking_module_msgs/include/op3_walking_module_msgs/op3_walking_module_msgs/srv/set_walking_param.hpp
-- Up-to-date: /home/certezas/robotis_ws/install/op3_walking_module_msgs/include/op3_walking_module_msgs/op3_walking_module_msgs/srv/detail
-- Up-to-date: /home/certezas/robotis_ws/install/op3_walking_module_msgs/include/op3_walking_module_msgs/op3_walking_module_msgs/srv/detail/get_walking_param__struct.hpp
-- Up-to-date: /home/certezas/robotis_ws/install/op3_walking_module_msgs/include/op3_walking_module_msgs/op3_walking_module_msgs/srv/detail/set_walking_param__traits.hpp
-- Up-to-date: /home/certezas/robotis_ws/install/op3_walking_module_msgs/include/op3_walking_module_msgs/op3_walking_module_msgs/srv/detail/set_walking_param__type_support.hpp
-- Up-to-date: /home/certezas/robotis_ws/install/op3_walking_module_msgs/include/op3_walking_module_msgs/op3_walking_module_msgs/srv/detail/get_walking_param__builder.hpp
-- Up-to-date: /home/certezas/robotis_ws/install/op3_walking_module_msgs/include/op3_walking_module_msgs/op3_walking_module_msgs/srv/detail/get_walking_param__type_support.hpp
-- Up-to-date: /home/certezas/robotis_ws/install/op3_walking_module_msgs/include/op3_walking_module_msgs/op3_walking_module_msgs/srv/detail/set_walking_param__builder.hpp
-- Up-to-date: /home/certezas/robotis_ws/install/op3_walking_module_msgs/include/op3_walking_module_msgs/op3_walking_module_msgs/srv/detail/get_walking_param__traits.hpp
-- Up-to-date: /home/certezas/robotis_ws/install/op3_walking_module_msgs/include/op3_walking_module_msgs/op3_walking_module_msgs/srv/detail/set_walking_param__struct.hpp
-- Up-to-date: /home/certezas/robotis_ws/install/op3_walking_module_msgs/include/op3_walking_module_msgs/op3_walking_module_msgs/msg
-- Up-to-date: /home/certezas/robotis_ws/install/op3_walking_module_msgs/include/op3_walking_module_msgs/op3_walking_module_msgs/msg/walking_param.hpp
-- Up-to-date: /home/certezas/robotis_ws/install/op3_walking_module_msgs/include/op3_walking_module_msgs/op3_walking_module_msgs/msg/rosidl_generator_cpp__visibility_control.hpp
-- Up-to-date: /home/certezas/robotis_ws/install/op3_walking_module_msgs/include/op3_walking_module_msgs/op3_walking_module_msgs/msg/detail
-- Up-to-date: /home/certezas/robotis_ws/install/op3_walking_module_msgs/include/op3_walking_module_msgs/op3_walking_module_msgs/msg/detail/walking_param__struct.hpp
-- Up-to-date: /home/certezas/robotis_ws/install/op3_walking_module_msgs/include/op3_walking_module_msgs/op3_walking_module_msgs/msg/detail/walking_param__traits.hpp
-- Up-to-date: /home/certezas/robotis_ws/install/op3_walking_module_msgs/include/op3_walking_module_msgs/op3_walking_module_msgs/msg/detail/walking_param__builder.hpp
-- Up-to-date: /home/certezas/robotis_ws/install/op3_walking_module_msgs/include/op3_walking_module_msgs/op3_walking_module_msgs/msg/detail/walking_param__type_support.hpp
-- Up-to-date: /home/certezas/robotis_ws/install/op3_walking_module_msgs/include/op3_walking_module_msgs/op3_walking_module_msgs
-- Up-to-date: /home/certezas/robotis_ws/install/op3_walking_module_msgs/include/op3_walking_module_msgs/op3_walking_module_msgs/srv
-- Up-to-date: /home/certezas/robotis_ws/install/op3_walking_module_msgs/include/op3_walking_module_msgs/op3_walking_module_msgs/srv/detail
-- Up-to-date: /home/certezas/robotis_ws/install/op3_walking_module_msgs/include/op3_walking_module_msgs/op3_walking_module_msgs/srv/detail/dds_fastrtps
-- Up-to-date: /home/certezas/robotis_ws/install/op3_walking_module_msgs/include/op3_walking_module_msgs/op3_walking_module_msgs/srv/detail/set_walking_param__rosidl_typesupport_fastrtps_cpp.hpp
-- Up-to-date: /home/certezas/robotis_ws/install/op3_walking_module_msgs/include/op3_walking_module_msgs/op3_walking_module_msgs/srv/detail/get_walking_param__rosidl_typesupport_fastrtps_cpp.hpp
-- Up-to-date: /home/certezas/robotis_ws/install/op3_walking_module_msgs/include/op3_walking_module_msgs/op3_walking_module_msgs/msg
-- Up-to-date: /home/certezas/robotis_ws/install/op3_walking_module_msgs/include/op3_walking_module_msgs/op3_walking_module_msgs/msg/rosidl_typesupport_fastrtps_cpp__visibility_control.h
-- Up-to-date: /home/certezas/robotis_ws/install/op3_walking_module_msgs/include/op3_walking_module_msgs/op3_walking_module_msgs/msg/detail
-- Up-to-date: /home/certezas/robotis_ws/install/op3_walking_module_msgs/include/op3_walking_module_msgs/op3_walking_module_msgs/msg/detail/dds_fastrtps
-- Up-to-date: /home/certezas/robotis_ws/install/op3_walking_module_msgs/include/op3_walking_module_msgs/op3_walking_module_msgs/msg/detail/walking_param__rosidl_typesupport_fastrtps_cpp.hpp
-- Up-to-date: /home/certezas/robotis_ws/install/op3_walking_module_msgs/lib/libop3_walking_module_msgs__rosidl_typesupport_fastrtps_cpp.so
-- Up-to-date: /home/certezas/robotis_ws/install/op3_walking_module_msgs/include/op3_walking_module_msgs/op3_walking_module_msgs
-- Up-to-date: /home/certezas/robotis_ws/install/op3_walking_module_msgs/include/op3_walking_module_msgs/op3_walking_module_msgs/srv
-- Up-to-date: /home/certezas/robotis_ws/install/op3_walking_module_msgs/include/op3_walking_module_msgs/op3_walking_module_msgs/srv/detail
-- Up-to-date: /home/certezas/robotis_ws/install/op3_walking_module_msgs/include/op3_walking_module_msgs/op3_walking_module_msgs/srv/detail/set_walking_param__rosidl_typesupport_introspection_cpp.hpp
-- Up-to-date: /home/certezas/robotis_ws/install/op3_walking_module_msgs/include/op3_walking_module_msgs/op3_walking_module_msgs/srv/detail/get_walking_param__type_support.cpp
-- Up-to-date: /home/certezas/robotis_ws/install/op3_walking_module_msgs/include/op3_walking_module_msgs/op3_walking_module_msgs/srv/detail/get_walking_param__rosidl_typesupport_introspection_cpp.hpp
-- Up-to-date: /home/certezas/robotis_ws/install/op3_walking_module_msgs/include/op3_walking_module_msgs/op3_walking_module_msgs/srv/detail/set_walking_param__type_support.cpp
-- Up-to-date: /home/certezas/robotis_ws/install/op3_walking_module_msgs/include/op3_walking_module_msgs/op3_walking_module_msgs/msg
-- Up-to-date: /home/certezas/robotis_ws/install/op3_walking_module_msgs/include/op3_walking_module_msgs/op3_walking_module_msgs/msg/detail
-- Up-to-date: /home/certezas/robotis_ws/install/op3_walking_module_msgs/include/op3_walking_module_msgs/op3_walking_module_msgs/msg/detail/walking_param__rosidl_typesupport_introspection_cpp.hpp
-- Up-to-date: /home/certezas/robotis_ws/install/op3_walking_module_msgs/include/op3_walking_module_msgs/op3_walking_module_msgs/msg/detail/walking_param__type_support.cpp
-- Up-to-date: /home/certezas/robotis_ws/install/op3_walking_module_msgs/lib/libop3_walking_module_msgs__rosidl_typesupport_introspection_cpp.so
-- Up-to-date: /home/certezas/robotis_ws/install/op3_walking_module_msgs/lib/libop3_walking_module_msgs__rosidl_typesupport_cpp.so
-- Up-to-date: /home/certezas/robotis_ws/install/op3_walking_module_msgs/share/op3_walking_module_msgs/environment/pythonpath.sh
-- Up-to-date: /home/certezas/robotis_ws/install/op3_walking_module_msgs/share/op3_walking_module_msgs/environment/pythonpath.dsv
-- Up-to-date: /home/certezas/robotis_ws/install/op3_walking_module_msgs/local/lib/python3.10/dist-packages/op3_walking_module_msgs-0.1.1-py3.10.egg-info
-- Installing: /home/certezas/robotis_ws/install/op3_walking_module_msgs/local/lib/python3.10/dist-packages/op3_walking_module_msgs-0.1.1-py3.10.egg-info/PKG-INFO
-- Installing: /home/certezas/robotis_ws/install/op3_walking_module_msgs/local/lib/python3.10/dist-packages/op3_walking_module_msgs-0.1.1-py3.10.egg-info/dependency_links.txt
-- Installing: /home/certezas/robotis_ws/install/op3_walking_module_msgs/local/lib/python3.10/dist-packages/op3_walking_module_msgs-0.1.1-py3.10.egg-info/top_level.txt
-- Installing: /home/certezas/robotis_ws/install/op3_walking_module_msgs/local/lib/python3.10/dist-packages/op3_walking_module_msgs-0.1.1-py3.10.egg-info/SOURCES.txt
-- Up-to-date: /home/certezas/robotis_ws/install/op3_walking_module_msgs/local/lib/python3.10/dist-packages/op3_walking_module_msgs
-- Up-to-date: /home/certezas/robotis_ws/install/op3_walking_module_msgs/local/lib/python3.10/dist-packages/op3_walking_module_msgs/_op3_walking_module_msgs_s.ep.rosidl_typesupport_fastrtps_c.c
-- Up-to-date: /home/certezas/robotis_ws/install/op3_walking_module_msgs/local/lib/python3.10/dist-packages/op3_walking_module_msgs/op3_walking_module_msgs_s__rosidl_typesupport_introspection_c.cpython-310-x86_64-linux-gnu.so
-- Up-to-date: /home/certezas/robotis_ws/install/op3_walking_module_msgs/local/lib/python3.10/dist-packages/op3_walking_module_msgs/op3_walking_module_msgs_s__rosidl_typesupport_c.cpython-310-x86_64-linux-gnu.so
-- Up-to-date: /home/certezas/robotis_ws/install/op3_walking_module_msgs/local/lib/python3.10/dist-packages/op3_walking_module_msgs/_op3_walking_module_msgs_s.ep.rosidl_typesupport_c.c
-- Up-to-date: /home/certezas/robotis_ws/install/op3_walking_module_msgs/local/lib/python3.10/dist-packages/op3_walking_module_msgs/__init__.py
-- Up-to-date: /home/certezas/robotis_ws/install/op3_walking_module_msgs/local/lib/python3.10/dist-packages/op3_walking_module_msgs/libop3_walking_module_msgs__rosidl_generator_py.so
-- Up-to-date: /home/certezas/robotis_ws/install/op3_walking_module_msgs/local/lib/python3.10/dist-packages/op3_walking_module_msgs/srv
-- Up-to-date: /home/certezas/robotis_ws/install/op3_walking_module_msgs/local/lib/python3.10/dist-packages/op3_walking_module_msgs/srv/_set_walking_param_s.c
-- Up-to-date: /home/certezas/robotis_ws/install/op3_walking_module_msgs/local/lib/python3.10/dist-packages/op3_walking_module_msgs/srv/_get_walking_param_s.c
-- Up-to-date: /home/certezas/robotis_ws/install/op3_walking_module_msgs/local/lib/python3.10/dist-packages/op3_walking_module_msgs/srv/__init__.py
-- Up-to-date: /home/certezas/robotis_ws/install/op3_walking_module_msgs/local/lib/python3.10/dist-packages/op3_walking_module_msgs/srv/_set_walking_param.py
-- Up-to-date: /home/certezas/robotis_ws/install/op3_walking_module_msgs/local/lib/python3.10/dist-packages/op3_walking_module_msgs/srv/_get_walking_param.py
-- Up-to-date: /home/certezas/robotis_ws/install/op3_walking_module_msgs/local/lib/python3.10/dist-packages/op3_walking_module_msgs/_op3_walking_module_msgs_s.ep.rosidl_typesupport_introspection_c.c
-- Up-to-date: /home/certezas/robotis_ws/install/op3_walking_module_msgs/local/lib/python3.10/dist-packages/op3_walking_module_msgs/op3_walking_module_msgs_s__rosidl_typesupport_fastrtps_c.cpython-310-x86_64-linux-gnu.so
-- Up-to-date: /home/certezas/robotis_ws/install/op3_walking_module_msgs/local/lib/python3.10/dist-packages/op3_walking_module_msgs/msg
-- Up-to-date: /home/certezas/robotis_ws/install/op3_walking_module_msgs/local/lib/python3.10/dist-packages/op3_walking_module_msgs/msg/_walking_param.py
-- Up-to-date: /home/certezas/robotis_ws/install/op3_walking_module_msgs/local/lib/python3.10/dist-packages/op3_walking_module_msgs/msg/__init__.py
-- Up-to-date: /home/certezas/robotis_ws/install/op3_walking_module_msgs/local/lib/python3.10/dist-packages/op3_walking_module_msgs/msg/_walking_param_s.c
Listing '/home/certezas/robotis_ws/install/op3_walking_module_msgs/local/lib/python3.10/dist-packages/op3_walking_module_msgs'...
Listing '/home/certezas/robotis_ws/install/op3_walking_module_msgs/local/lib/python3.10/dist-packages/op3_walking_module_msgs/msg'...
Listing '/home/certezas/robotis_ws/install/op3_walking_module_msgs/local/lib/python3.10/dist-packages/op3_walking_module_msgs/srv'...
-- Up-to-date: /home/certezas/robotis_ws/install/op3_walking_module_msgs/local/lib/python3.10/dist-packages/op3_walking_module_msgs/op3_walking_module_msgs_s__rosidl_typesupport_fastrtps_c.cpython-310-x86_64-linux-gnu.so
-- Up-to-date: /home/certezas/robotis_ws/install/op3_walking_module_msgs/local/lib/python3.10/dist-packages/op3_walking_module_msgs/op3_walking_module_msgs_s__rosidl_typesupport_introspection_c.cpython-310-x86_64-linux-gnu.so
-- Up-to-date: /home/certezas/robotis_ws/install/op3_walking_module_msgs/local/lib/python3.10/dist-packages/op3_walking_module_msgs/op3_walking_module_msgs_s__rosidl_typesupport_c.cpython-310-x86_64-linux-gnu.so
-- Up-to-date: /home/certezas/robotis_ws/install/op3_walking_module_msgs/lib/libop3_walking_module_msgs__rosidl_generator_py.so
-- Up-to-date: /home/certezas/robotis_ws/install/op3_walking_module_msgs/share/op3_walking_module_msgs/msg/WalkingParam.idl
-- Up-to-date: /home/certezas/robotis_ws/install/op3_walking_module_msgs/share/op3_walking_module_msgs/srv/GetWalkingParam.idl
-- Up-to-date: /home/certezas/robotis_ws/install/op3_walking_module_msgs/share/op3_walking_module_msgs/srv/SetWalkingParam.idl
-- Up-to-date: /home/certezas/robotis_ws/install/op3_walking_module_msgs/share/op3_walking_module_msgs/msg/WalkingParam.msg
-- Up-to-date: /home/certezas/robotis_ws/install/op3_walking_module_msgs/share/op3_walking_module_msgs/srv/GetWalkingParam.srv
-- Up-to-date: /home/certezas/robotis_ws/install/op3_walking_module_msgs/share/op3_walking_module_msgs/srv/GetWalkingParam_Request.msg
-- Up-to-date: /home/certezas/robotis_ws/install/op3_walking_module_msgs/share/op3_walking_module_msgs/srv/GetWalkingParam_Response.msg
-- Up-to-date: /home/certezas/robotis_ws/install/op3_walking_module_msgs/share/op3_walking_module_msgs/srv/SetWalkingParam.srv
-- Up-to-date: /home/certezas/robotis_ws/install/op3_walking_module_msgs/share/op3_walking_module_msgs/srv/SetWalkingParam_Request.msg
-- Up-to-date: /home/certezas/robotis_ws/install/op3_walking_module_msgs/share/op3_walking_module_msgs/srv/SetWalkingParam_Response.msg
-- Up-to-date: /home/certezas/robotis_ws/install/op3_walking_module_msgs/share/ament_index/resource_index/package_run_dependencies/op3_walking_module_msgs
-- Up-to-date: /home/certezas/robotis_ws/install/op3_walking_module_msgs/share/ament_index/resource_index/parent_prefix_path/op3_walking_module_msgs
-- Up-to-date: /home/certezas/robotis_ws/install/op3_walking_module_msgs/share/op3_walking_module_msgs/environment/ament_prefix_path.sh
-- Up-to-date: /home/certezas/robotis_ws/install/op3_walking_module_msgs/share/op3_walking_module_msgs/environment/ament_prefix_path.dsv
-- Up-to-date: /home/certezas/robotis_ws/install/op3_walking_module_msgs/share/op3_walking_module_msgs/environment/path.sh
-- Up-to-date: /home/certezas/robotis_ws/install/op3_walking_module_msgs/share/op3_walking_module_msgs/environment/path.dsv
-- Up-to-date: /home/certezas/robotis_ws/install/op3_walking_module_msgs/share/op3_walking_module_msgs/local_setup.bash
-- Up-to-date: /home/certezas/robotis_ws/install/op3_walking_module_msgs/share/op3_walking_module_msgs/local_setup.sh
-- Up-to-date: /home/certezas/robotis_ws/install/op3_walking_module_msgs/share/op3_walking_module_msgs/local_setup.zsh
-- Up-to-date: /home/certezas/robotis_ws/install/op3_walking_module_msgs/share/op3_walking_module_msgs/local_setup.dsv
-- Installing: /home/certezas/robotis_ws/install/op3_walking_module_msgs/share/op3_walking_module_msgs/package.dsv
-- Up-to-date: /home/certezas/robotis_ws/install/op3_walking_module_msgs/share/ament_index/resource_index/packages/op3_walking_module_msgs
-- Up-to-date: /home/certezas/robotis_ws/install/op3_walking_module_msgs/share/op3_walking_module_msgs/cmake/export_op3_walking_module_msgs__rosidl_generator_cExport.cmake
-- Up-to-date: /home/certezas/robotis_ws/install/op3_walking_module_msgs/share/op3_walking_module_msgs/cmake/export_op3_walking_module_msgs__rosidl_generator_cExport-noconfig.cmake
-- Up-to-date: /home/certezas/robotis_ws/install/op3_walking_module_msgs/share/op3_walking_module_msgs/cmake/export_op3_walking_module_msgs__rosidl_typesupport_fastrtps_cExport.cmake
-- Up-to-date: /home/certezas/robotis_ws/install/op3_walking_module_msgs/share/op3_walking_module_msgs/cmake/export_op3_walking_module_msgs__rosidl_typesupport_fastrtps_cExport-noconfig.cmake
-- Up-to-date: /home/certezas/robotis_ws/install/op3_walking_module_msgs/share/op3_walking_module_msgs/cmake/op3_walking_module_msgs__rosidl_typesupport_introspection_cExport.cmake
-- Up-to-date: /home/certezas/robotis_ws/install/op3_walking_module_msgs/share/op3_walking_module_msgs/cmake/op3_walking_module_msgs__rosidl_typesupport_introspection_cExport-noconfig.cmake
-- Up-to-date: /home/certezas/robotis_ws/install/op3_walking_module_msgs/share/op3_walking_module_msgs/cmake/op3_walking_module_msgs__rosidl_typesupport_cExport.cmake
-- Up-to-date: /home/certezas/robotis_ws/install/op3_walking_module_msgs/share/op3_walking_module_msgs/cmake/op3_walking_module_msgs__rosidl_typesupport_cExport-noconfig.cmake
-- Up-to-date: /home/certezas/robotis_ws/install/op3_walking_module_msgs/share/op3_walking_module_msgs/cmake/export_op3_walking_module_msgs__rosidl_generator_cppExport.cmake
-- Up-to-date: /home/certezas/robotis_ws/install/op3_walking_module_msgs/share/op3_walking_module_msgs/cmake/export_op3_walking_module_msgs__rosidl_typesupport_fastrtps_cppExport.cmake
-- Up-to-date: /home/certezas/robotis_ws/install/op3_walking_module_msgs/share/op3_walking_module_msgs/cmake/export_op3_walking_module_msgs__rosidl_typesupport_fastrtps_cppExport-noconfig.cmake
-- Up-to-date: /home/certezas/robotis_ws/install/op3_walking_module_msgs/share/op3_walking_module_msgs/cmake/op3_walking_module_msgs__rosidl_typesupport_introspection_cppExport.cmake
-- Up-to-date: /home/certezas/robotis_ws/install/op3_walking_module_msgs/share/op3_walking_module_msgs/cmake/op3_walking_module_msgs__rosidl_typesupport_introspection_cppExport-noconfig.cmake
-- Up-to-date: /home/certezas/robotis_ws/install/op3_walking_module_msgs/share/op3_walking_module_msgs/cmake/op3_walking_module_msgs__rosidl_typesupport_cppExport.cmake
-- Up-to-date: /home/certezas/robotis_ws/install/op3_walking_module_msgs/share/op3_walking_module_msgs/cmake/op3_walking_module_msgs__rosidl_typesupport_cppExport-noconfig.cmake
-- Up-to-date: /home/certezas/robotis_ws/install/op3_walking_module_msgs/share/op3_walking_module_msgs/cmake/export_op3_walking_module_msgs__rosidl_generator_pyExport.cmake
-- Up-to-date: /home/certezas/robotis_ws/install/op3_walking_module_msgs/share/op3_walking_module_msgs/cmake/export_op3_walking_module_msgs__rosidl_generator_pyExport-noconfig.cmake
-- Up-to-date: /home/certezas/robotis_ws/install/op3_walking_module_msgs/share/op3_walking_module_msgs/cmake/rosidl_cmake-extras.cmake
-- Up-to-date: /home/certezas/robotis_ws/install/op3_walking_module_msgs/share/op3_walking_module_msgs/cmake/ament_cmake_export_dependencies-extras.cmake
-- Up-to-date: /home/certezas/robotis_ws/install/op3_walking_module_msgs/share/op3_walking_module_msgs/cmake/ament_cmake_export_include_directories-extras.cmake
-- Up-to-date: /home/certezas/robotis_ws/install/op3_walking_module_msgs/share/op3_walking_module_msgs/cmake/ament_cmake_export_libraries-extras.cmake
-- Up-to-date: /home/certezas/robotis_ws/install/op3_walking_module_msgs/share/op3_walking_module_msgs/cmake/ament_cmake_export_targets-extras.cmake
-- Up-to-date: /home/certezas/robotis_ws/install/op3_walking_module_msgs/share/op3_walking_module_msgs/cmake/rosidl_cmake_export_typesupport_targets-extras.cmake
-- Up-to-date: /home/certezas/robotis_ws/install/op3_walking_module_msgs/share/op3_walking_module_msgs/cmake/rosidl_cmake_export_typesupport_libraries-extras.cmake
-- Up-to-date: /home/certezas/robotis_ws/install/op3_walking_module_msgs/share/op3_walking_module_msgs/cmake/op3_walking_module_msgsConfig.cmake
-- Up-to-date: /home/certezas/robotis_ws/install/op3_walking_module_msgs/share/op3_walking_module_msgs/cmake/op3_walking_module_msgsConfig-version.cmake
-- Up-to-date: /home/certezas/robotis_ws/install/op3_walking_module_msgs/share/op3_walking_module_msgs/package.xml
