[0.264s] Invoking command in '/home/certezas/robotis_ws/build/op3_kajita_walking_module': AMENT_PREFIX_PATH=/home/certezas/robotis_ws/install/op3_kinematics_dynamics:/home/certezas/robotis_ws/install/robotis_math:${AMENT_PREFIX_PATH} CMAKE_PREFIX_PATH=/home/certezas/robotis_ws/install/op3_kinematics_dynamics:/home/certezas/robotis_ws/install/robotis_math:/opt/ros/humble LD_LIBRARY_PATH=/home/certezas/robotis_ws/install/op3_kinematics_dynamics/lib:/home/certezas/robotis_ws/install/robotis_math/lib:${LD_LIBRARY_PATH} /usr/bin/cmake --build /home/certezas/robotis_ws/build/op3_kajita_walking_module -- -j12 -l12
[1.013s] [35m[1mConsolidate compiler generated dependencies of target kajita_walking_node[0m
[1.401s] [100%] Built target kajita_walking_node
[1.411s] Invoked command in '/home/certezas/robotis_ws/build/op3_kajita_walking_module' returned '0': AMENT_PREFIX_PATH=/home/certezas/robotis_ws/install/op3_kinematics_dynamics:/home/certezas/robotis_ws/install/robotis_math:${AMENT_PREFIX_PATH} CMAKE_PREFIX_PATH=/home/certezas/robotis_ws/install/op3_kinematics_dynamics:/home/certezas/robotis_ws/install/robotis_math:/opt/ros/humble LD_LIBRARY_PATH=/home/certezas/robotis_ws/install/op3_kinematics_dynamics/lib:/home/certezas/robotis_ws/install/robotis_math/lib:${LD_LIBRARY_PATH} /usr/bin/cmake --build /home/certezas/robotis_ws/build/op3_kajita_walking_module -- -j12 -l12
[1.430s] Invoking command in '/home/certezas/robotis_ws/build/op3_kajita_walking_module': AMENT_PREFIX_PATH=/home/certezas/robotis_ws/install/op3_kinematics_dynamics:/home/certezas/robotis_ws/install/robotis_math:${AMENT_PREFIX_PATH} CMAKE_PREFIX_PATH=/home/certezas/robotis_ws/install/op3_kinematics_dynamics:/home/certezas/robotis_ws/install/robotis_math:/opt/ros/humble LD_LIBRARY_PATH=/home/certezas/robotis_ws/install/op3_kinematics_dynamics/lib:/home/certezas/robotis_ws/install/robotis_math/lib:${LD_LIBRARY_PATH} /usr/bin/cmake --install /home/certezas/robotis_ws/build/op3_kajita_walking_module
[1.436s] -- Install configuration: ""
[1.523s] -- Up-to-date: /home/certezas/robotis_ws/install/op3_kajita_walking_module/lib/op3_kajita_walking_module/kajita_walking_node
[1.554s] -- Up-to-date: /home/certezas/robotis_ws/install/op3_kajita_walking_module/share/op3_kajita_walking_module/launch
[1.583s] -- Installing: /home/certezas/robotis_ws/install/op3_kajita_walking_module/share/op3_kajita_walking_module/launch/visualize_walk.launch.py
[1.596s] -- Up-to-date: /home/certezas/robotis_ws/install/op3_kajita_walking_module/share/ament_index/resource_index/package_run_dependencies/op3_kajita_walking_module
[1.596s] -- Up-to-date: /home/certezas/robotis_ws/install/op3_kajita_walking_module/share/ament_index/resource_index/parent_prefix_path/op3_kajita_walking_module
[1.597s] -- Up-to-date: /home/certezas/robotis_ws/install/op3_kajita_walking_module/share/op3_kajita_walking_module/environment/ament_prefix_path.sh
[1.597s] -- Up-to-date: /home/certezas/robotis_ws/install/op3_kajita_walking_module/share/op3_kajita_walking_module/environment/ament_prefix_path.dsv
[1.597s] -- Up-to-date: /home/certezas/robotis_ws/install/op3_kajita_walking_module/share/op3_kajita_walking_module/environment/path.sh
[1.597s] -- Up-to-date: /home/certezas/robotis_ws/install/op3_kajita_walking_module/share/op3_kajita_walking_module/environment/path.dsv
[1.597s] -- Up-to-date: /home/certezas/robotis_ws/install/op3_kajita_walking_module/share/op3_kajita_walking_module/local_setup.bash
[1.597s] -- Up-to-date: /home/certezas/robotis_ws/install/op3_kajita_walking_module/share/op3_kajita_walking_module/local_setup.sh
[1.597s] -- Up-to-date: /home/certezas/robotis_ws/install/op3_kajita_walking_module/share/op3_kajita_walking_module/local_setup.zsh
[1.597s] -- Up-to-date: /home/certezas/robotis_ws/install/op3_kajita_walking_module/share/op3_kajita_walking_module/local_setup.dsv
[1.597s] -- Installing: /home/certezas/robotis_ws/install/op3_kajita_walking_module/share/op3_kajita_walking_module/package.dsv
[1.608s] -- Up-to-date: /home/certezas/robotis_ws/install/op3_kajita_walking_module/share/ament_index/resource_index/packages/op3_kajita_walking_module
[1.608s] -- Up-to-date: /home/certezas/robotis_ws/install/op3_kajita_walking_module/share/op3_kajita_walking_module/cmake/op3_kajita_walking_moduleConfig.cmake
[1.608s] -- Up-to-date: /home/certezas/robotis_ws/install/op3_kajita_walking_module/share/op3_kajita_walking_module/cmake/op3_kajita_walking_moduleConfig-version.cmake
[1.608s] -- Up-to-date: /home/certezas/robotis_ws/install/op3_kajita_walking_module/share/op3_kajita_walking_module/package.xml
[1.610s] Invoked command in '/home/certezas/robotis_ws/build/op3_kajita_walking_module' returned '0': AMENT_PREFIX_PATH=/home/certezas/robotis_ws/install/op3_kinematics_dynamics:/home/certezas/robotis_ws/install/robotis_math:${AMENT_PREFIX_PATH} CMAKE_PREFIX_PATH=/home/certezas/robotis_ws/install/op3_kinematics_dynamics:/home/certezas/robotis_ws/install/robotis_math:/opt/ros/humble LD_LIBRARY_PATH=/home/certezas/robotis_ws/install/op3_kinematics_dynamics/lib:/home/certezas/robotis_ws/install/robotis_math/lib:${LD_LIBRARY_PATH} /usr/bin/cmake --install /home/certezas/robotis_ws/build/op3_kajita_walking_module
