[0.605s] Invoking command in '/home/certezas/robotis_ws/build/ros_madplay_player': CMAKE_PREFIX_PATH=${CMAKE_PREFIX_PATH}:/opt/ros/humble /usr/bin/cmake --build /home/certezas/robotis_ws/build/ros_madplay_player -- -j12 -l12
[1.043s] [100%] Built target ros_madplay_player
[1.442s] Invoked command in '/home/certezas/robotis_ws/build/ros_madplay_player' returned '0': CMAKE_PREFIX_PATH=${CMAKE_PREFIX_PATH}:/opt/ros/humble /usr/bin/cmake --build /home/certezas/robotis_ws/build/ros_madplay_player -- -j12 -l12
[1.456s] Invoking command in '/home/certezas/robotis_ws/build/ros_madplay_player': CMAKE_PREFIX_PATH=${CMAKE_PREFIX_PATH}:/opt/ros/humble /usr/bin/cmake --install /home/certezas/robotis_ws/build/ros_madplay_player
[1.652s] -- Install configuration: ""
[1.653s] -- Up-to-date: /home/certezas/robotis_ws/install/ros_madplay_player/lib/ros_madplay_player/ros_madplay_player
[1.654s] -- Up-to-date: /home/certezas/robotis_ws/install/ros_madplay_player/include/ros_madplay_player
[1.654s] -- Up-to-date: /home/certezas/robotis_ws/install/ros_madplay_player/include/ros_madplay_player/ros_madplay_player.h
[1.654s] -- Up-to-date: /home/certezas/robotis_ws/install/ros_madplay_player/share/ament_index/resource_index/package_run_dependencies/ros_madplay_player
[1.654s] -- Up-to-date: /home/certezas/robotis_ws/install/ros_madplay_player/share/ament_index/resource_index/parent_prefix_path/ros_madplay_player
[1.654s] -- Up-to-date: /home/certezas/robotis_ws/install/ros_madplay_player/share/ros_madplay_player/environment/ament_prefix_path.sh
[1.654s] -- Up-to-date: /home/certezas/robotis_ws/install/ros_madplay_player/share/ros_madplay_player/environment/ament_prefix_path.dsv
[1.655s] -- Up-to-date: /home/certezas/robotis_ws/install/ros_madplay_player/share/ros_madplay_player/environment/path.sh
[1.655s] -- Up-to-date: /home/certezas/robotis_ws/install/ros_madplay_player/share/ros_madplay_player/environment/path.dsv
[1.655s] -- Up-to-date: /home/certezas/robotis_ws/install/ros_madplay_player/share/ros_madplay_player/local_setup.bash
[1.655s] -- Up-to-date: /home/certezas/robotis_ws/install/ros_madplay_player/share/ros_madplay_player/local_setup.sh
[1.655s] -- Up-to-date: /home/certezas/robotis_ws/install/ros_madplay_player/share/ros_madplay_player/local_setup.zsh
[1.655s] -- Up-to-date: /home/certezas/robotis_ws/install/ros_madplay_player/share/ros_madplay_player/local_setup.dsv
[1.655s] -- Installing: /home/certezas/robotis_ws/install/ros_madplay_player/share/ros_madplay_player/package.dsv
[1.655s] -- Up-to-date: /home/certezas/robotis_ws/install/ros_madplay_player/share/ament_index/resource_index/packages/ros_madplay_player
[1.655s] -- Up-to-date: /home/certezas/robotis_ws/install/ros_madplay_player/share/ros_madplay_player/cmake/ros_madplay_playerConfig.cmake
[1.655s] -- Up-to-date: /home/certezas/robotis_ws/install/ros_madplay_player/share/ros_madplay_player/cmake/ros_madplay_playerConfig-version.cmake
[1.655s] -- Up-to-date: /home/certezas/robotis_ws/install/ros_madplay_player/share/ros_madplay_player/package.xml
[1.890s] Invoked command in '/home/certezas/robotis_ws/build/ros_madplay_player' returned '0': CMAKE_PREFIX_PATH=${CMAKE_PREFIX_PATH}:/opt/ros/humble /usr/bin/cmake --install /home/certezas/robotis_ws/build/ros_madplay_player
