[100%] Built target op3_online_walking_module
-- Install configuration: ""
-- Up-to-date: /home/certezas/robotis_ws/install/op3_online_walking_module/lib/libop3_online_walking_module.so
-- Up-to-date: /home/certezas/robotis_ws/install/op3_online_walking_module/include/op3_online_walking_module
-- Up-to-date: /home/certezas/robotis_ws/install/op3_online_walking_module/include/op3_online_walking_module/joint_control.h
-- Up-to-date: /home/certezas/robotis_ws/install/op3_online_walking_module/include/op3_online_walking_module/walking_control.h
-- Up-to-date: /home/certezas/robotis_ws/install/op3_online_walking_module/include/op3_online_walking_module/op3_kdl.h
-- Up-to-date: /home/certezas/robotis_ws/install/op3_online_walking_module/include/op3_online_walking_module/online_walking_module.h
-- Up-to-date: /home/certezas/robotis_ws/install/op3_online_walking_module/include/op3_online_walking_module/wholebody_control.h
-- Up-to-date: /home/certezas/robotis_ws/install/op3_online_walking_module/share/op3_online_walking_module/config
-- Up-to-date: /home/certezas/robotis_ws/install/op3_online_walking_module/share/op3_online_walking_module/config/joint_feedforward_gain.yaml
-- Up-to-date: /home/certezas/robotis_ws/install/op3_online_walking_module/share/op3_online_walking_module/config/walking_parm.yaml
-- Up-to-date: /home/certezas/robotis_ws/install/op3_online_walking_module/share/op3_online_walking_module/config/balance_gain.yaml
-- Up-to-date: /home/certezas/robotis_ws/install/op3_online_walking_module/share/op3_online_walking_module/config/joint_feedback_gain.yaml
-- Up-to-date: /home/certezas/robotis_ws/install/op3_online_walking_module/share/op3_online_walking_module/environment/library_path.sh
-- Up-to-date: /home/certezas/robotis_ws/install/op3_online_walking_module/share/op3_online_walking_module/environment/library_path.dsv
-- Up-to-date: /home/certezas/robotis_ws/install/op3_online_walking_module/share/ament_index/resource_index/package_run_dependencies/op3_online_walking_module
-- Up-to-date: /home/certezas/robotis_ws/install/op3_online_walking_module/share/ament_index/resource_index/parent_prefix_path/op3_online_walking_module
-- Up-to-date: /home/certezas/robotis_ws/install/op3_online_walking_module/share/op3_online_walking_module/environment/ament_prefix_path.sh
-- Up-to-date: /home/certezas/robotis_ws/install/op3_online_walking_module/share/op3_online_walking_module/environment/ament_prefix_path.dsv
-- Up-to-date: /home/certezas/robotis_ws/install/op3_online_walking_module/share/op3_online_walking_module/environment/path.sh
-- Up-to-date: /home/certezas/robotis_ws/install/op3_online_walking_module/share/op3_online_walking_module/environment/path.dsv
-- Up-to-date: /home/certezas/robotis_ws/install/op3_online_walking_module/share/op3_online_walking_module/local_setup.bash
-- Up-to-date: /home/certezas/robotis_ws/install/op3_online_walking_module/share/op3_online_walking_module/local_setup.sh
-- Up-to-date: /home/certezas/robotis_ws/install/op3_online_walking_module/share/op3_online_walking_module/local_setup.zsh
-- Up-to-date: /home/certezas/robotis_ws/install/op3_online_walking_module/share/op3_online_walking_module/local_setup.dsv
-- Installing: /home/certezas/robotis_ws/install/op3_online_walking_module/share/op3_online_walking_module/package.dsv
-- Up-to-date: /home/certezas/robotis_ws/install/op3_online_walking_module/share/ament_index/resource_index/packages/op3_online_walking_module
-- Up-to-date: /home/certezas/robotis_ws/install/op3_online_walking_module/share/op3_online_walking_module/cmake/ament_cmake_export_include_directories-extras.cmake
-- Up-to-date: /home/certezas/robotis_ws/install/op3_online_walking_module/share/op3_online_walking_module/cmake/ament_cmake_export_libraries-extras.cmake
-- Up-to-date: /home/certezas/robotis_ws/install/op3_online_walking_module/share/op3_online_walking_module/cmake/ament_cmake_export_dependencies-extras.cmake
-- Up-to-date: /home/certezas/robotis_ws/install/op3_online_walking_module/share/op3_online_walking_module/cmake/op3_online_walking_moduleConfig.cmake
-- Up-to-date: /home/certezas/robotis_ws/install/op3_online_walking_module/share/op3_online_walking_module/cmake/op3_online_walking_moduleConfig-version.cmake
-- Up-to-date: /home/certezas/robotis_ws/install/op3_online_walking_module/share/op3_online_walking_module/package.xml
