[0.177s] Invoking command in '/home/certezas/robotis_ws/build/op3_tuning_module_msgs': CMAKE_PREFIX_PATH=${CMAKE_PREFIX_PATH}:/opt/ros/humble /usr/bin/cmake --build /home/certezas/robotis_ws/build/op3_tuning_module_msgs -- -j12 -l12
[0.475s] [  1%] Built target op3_tuning_module_msgs__cpp
[0.475s] [ 12%] Built target op3_tuning_module_msgs__rosidl_generator_c
[0.553s] [ 23%] Built target op3_tuning_module_msgs__rosidl_typesupport_introspection_cpp
[0.568s] [ 34%] Built target op3_tuning_module_msgs__rosidl_typesupport_c
[0.582s] [ 46%] Built target op3_tuning_module_msgs__rosidl_typesupport_fastrtps_c
[0.587s] [ 60%] Built target op3_tuning_module_msgs__rosidl_typesupport_fastrtps_cpp
[0.589s] [ 68%] Built target op3_tuning_module_msgs__rosidl_typesupport_introspection_c
[0.595s] [ 79%] Built target op3_tuning_module_msgs__rosidl_typesupport_cpp
[0.619s] [ 79%] Built target ament_cmake_python_copy_op3_tuning_module_msgs
[0.660s] [ 79%] Built target op3_tuning_module_msgs
[0.742s] [ 80%] Built target op3_tuning_module_msgs__py
[0.805s] [ 90%] Built target op3_tuning_module_msgs__rosidl_generator_py
[0.894s] [ 93%] Built target op3_tuning_module_msgs__rosidl_typesupport_introspection_c__pyext
[0.894s] [ 96%] Built target op3_tuning_module_msgs__rosidl_typesupport_c__pyext
[0.916s] [100%] Built target op3_tuning_module_msgs__rosidl_typesupport_fastrtps_c__pyext
[1.272s] running egg_info
[1.274s] writing op3_tuning_module_msgs.egg-info/PKG-INFO
[1.275s] writing dependency_links to op3_tuning_module_msgs.egg-info/dependency_links.txt
[1.275s] writing top-level names to op3_tuning_module_msgs.egg-info/top_level.txt
[1.280s] reading manifest file 'op3_tuning_module_msgs.egg-info/SOURCES.txt'
[1.282s] writing manifest file 'op3_tuning_module_msgs.egg-info/SOURCES.txt'
[1.363s] [100%] Built target ament_cmake_python_build_op3_tuning_module_msgs_egg
[1.465s] Invoked command in '/home/certezas/robotis_ws/build/op3_tuning_module_msgs' returned '0': CMAKE_PREFIX_PATH=${CMAKE_PREFIX_PATH}:/opt/ros/humble /usr/bin/cmake --build /home/certezas/robotis_ws/build/op3_tuning_module_msgs -- -j12 -l12
[1.466s] Invoking command in '/home/certezas/robotis_ws/build/op3_tuning_module_msgs': CMAKE_PREFIX_PATH=${CMAKE_PREFIX_PATH}:/opt/ros/humble /usr/bin/cmake --install /home/certezas/robotis_ws/build/op3_tuning_module_msgs
[1.537s] -- Install configuration: ""
[1.537s] -- Up-to-date: /home/certezas/robotis_ws/install/op3_tuning_module_msgs/share/ament_index/resource_index/rosidl_interfaces/op3_tuning_module_msgs
[1.537s] -- Up-to-date: /home/certezas/robotis_ws/install/op3_tuning_module_msgs/include/op3_tuning_module_msgs/op3_tuning_module_msgs
[1.537s] -- Up-to-date: /home/certezas/robotis_ws/install/op3_tuning_module_msgs/include/op3_tuning_module_msgs/op3_tuning_module_msgs/srv
[1.537s] -- Up-to-date: /home/certezas/robotis_ws/install/op3_tuning_module_msgs/include/op3_tuning_module_msgs/op3_tuning_module_msgs/srv/get_present_joint_offset_data.h
[1.537s] -- Up-to-date: /home/certezas/robotis_ws/install/op3_tuning_module_msgs/include/op3_tuning_module_msgs/op3_tuning_module_msgs/srv/detail
[1.537s] -- Up-to-date: /home/certezas/robotis_ws/install/op3_tuning_module_msgs/include/op3_tuning_module_msgs/op3_tuning_module_msgs/srv/detail/get_present_joint_offset_data__type_support.h
[1.537s] -- Up-to-date: /home/certezas/robotis_ws/install/op3_tuning_module_msgs/include/op3_tuning_module_msgs/op3_tuning_module_msgs/srv/detail/get_present_joint_offset_data__struct.h
[1.538s] -- Up-to-date: /home/certezas/robotis_ws/install/op3_tuning_module_msgs/include/op3_tuning_module_msgs/op3_tuning_module_msgs/srv/detail/get_present_joint_offset_data__functions.h
[1.538s] -- Up-to-date: /home/certezas/robotis_ws/install/op3_tuning_module_msgs/include/op3_tuning_module_msgs/op3_tuning_module_msgs/srv/detail/get_present_joint_offset_data__functions.c
[1.538s] -- Up-to-date: /home/certezas/robotis_ws/install/op3_tuning_module_msgs/include/op3_tuning_module_msgs/op3_tuning_module_msgs/msg
[1.538s] -- Up-to-date: /home/certezas/robotis_ws/install/op3_tuning_module_msgs/include/op3_tuning_module_msgs/op3_tuning_module_msgs/msg/rosidl_generator_c__visibility_control.h
[1.538s] -- Up-to-date: /home/certezas/robotis_ws/install/op3_tuning_module_msgs/include/op3_tuning_module_msgs/op3_tuning_module_msgs/msg/joint_torque_on_off_array.h
[1.538s] -- Up-to-date: /home/certezas/robotis_ws/install/op3_tuning_module_msgs/include/op3_tuning_module_msgs/op3_tuning_module_msgs/msg/joint_torque_on_off.h
[1.538s] -- Up-to-date: /home/certezas/robotis_ws/install/op3_tuning_module_msgs/include/op3_tuning_module_msgs/op3_tuning_module_msgs/msg/joint_offset_position_data.h
[1.538s] -- Up-to-date: /home/certezas/robotis_ws/install/op3_tuning_module_msgs/include/op3_tuning_module_msgs/op3_tuning_module_msgs/msg/joint_offset_data.h
[1.538s] -- Up-to-date: /home/certezas/robotis_ws/install/op3_tuning_module_msgs/include/op3_tuning_module_msgs/op3_tuning_module_msgs/msg/detail
[1.538s] -- Up-to-date: /home/certezas/robotis_ws/install/op3_tuning_module_msgs/include/op3_tuning_module_msgs/op3_tuning_module_msgs/msg/detail/joint_torque_on_off__functions.h
[1.538s] -- Up-to-date: /home/certezas/robotis_ws/install/op3_tuning_module_msgs/include/op3_tuning_module_msgs/op3_tuning_module_msgs/msg/detail/joint_offset_position_data__functions.c
[1.539s] -- Up-to-date: /home/certezas/robotis_ws/install/op3_tuning_module_msgs/include/op3_tuning_module_msgs/op3_tuning_module_msgs/msg/detail/joint_torque_on_off_array__functions.c
[1.539s] -- Up-to-date: /home/certezas/robotis_ws/install/op3_tuning_module_msgs/include/op3_tuning_module_msgs/op3_tuning_module_msgs/msg/detail/joint_offset_position_data__type_support.h
[1.539s] -- Up-to-date: /home/certezas/robotis_ws/install/op3_tuning_module_msgs/include/op3_tuning_module_msgs/op3_tuning_module_msgs/msg/detail/joint_torque_on_off_array__struct.h
[1.539s] -- Up-to-date: /home/certezas/robotis_ws/install/op3_tuning_module_msgs/include/op3_tuning_module_msgs/op3_tuning_module_msgs/msg/detail/joint_offset_data__functions.h
[1.539s] -- Up-to-date: /home/certezas/robotis_ws/install/op3_tuning_module_msgs/include/op3_tuning_module_msgs/op3_tuning_module_msgs/msg/detail/joint_torque_on_off_array__functions.h
[1.539s] -- Up-to-date: /home/certezas/robotis_ws/install/op3_tuning_module_msgs/include/op3_tuning_module_msgs/op3_tuning_module_msgs/msg/detail/joint_offset_data__functions.c
[1.539s] -- Up-to-date: /home/certezas/robotis_ws/install/op3_tuning_module_msgs/include/op3_tuning_module_msgs/op3_tuning_module_msgs/msg/detail/joint_torque_on_off_array__type_support.h
[1.539s] -- Up-to-date: /home/certezas/robotis_ws/install/op3_tuning_module_msgs/include/op3_tuning_module_msgs/op3_tuning_module_msgs/msg/detail/joint_offset_position_data__functions.h
[1.541s] -- Up-to-date: /home/certezas/robotis_ws/install/op3_tuning_module_msgs/include/op3_tuning_module_msgs/op3_tuning_module_msgs/msg/detail/joint_torque_on_off__functions.c
[1.541s] -- Up-to-date: /home/certezas/robotis_ws/install/op3_tuning_module_msgs/include/op3_tuning_module_msgs/op3_tuning_module_msgs/msg/detail/joint_torque_on_off__type_support.h
[1.541s] -- Up-to-date: /home/certezas/robotis_ws/install/op3_tuning_module_msgs/include/op3_tuning_module_msgs/op3_tuning_module_msgs/msg/detail/joint_offset_data__struct.h
[1.541s] -- Up-to-date: /home/certezas/robotis_ws/install/op3_tuning_module_msgs/include/op3_tuning_module_msgs/op3_tuning_module_msgs/msg/detail/joint_offset_data__type_support.h
[1.541s] -- Up-to-date: /home/certezas/robotis_ws/install/op3_tuning_module_msgs/include/op3_tuning_module_msgs/op3_tuning_module_msgs/msg/detail/joint_offset_position_data__struct.h
[1.541s] -- Up-to-date: /home/certezas/robotis_ws/install/op3_tuning_module_msgs/include/op3_tuning_module_msgs/op3_tuning_module_msgs/msg/detail/joint_torque_on_off__struct.h
[1.541s] -- Up-to-date: /home/certezas/robotis_ws/install/op3_tuning_module_msgs/share/op3_tuning_module_msgs/environment/library_path.sh
[1.541s] -- Up-to-date: /home/certezas/robotis_ws/install/op3_tuning_module_msgs/share/op3_tuning_module_msgs/environment/library_path.dsv
[1.541s] -- Up-to-date: /home/certezas/robotis_ws/install/op3_tuning_module_msgs/lib/libop3_tuning_module_msgs__rosidl_generator_c.so
[1.541s] -- Up-to-date: /home/certezas/robotis_ws/install/op3_tuning_module_msgs/include/op3_tuning_module_msgs/op3_tuning_module_msgs
[1.541s] -- Up-to-date: /home/certezas/robotis_ws/install/op3_tuning_module_msgs/include/op3_tuning_module_msgs/op3_tuning_module_msgs/srv
[1.541s] -- Up-to-date: /home/certezas/robotis_ws/install/op3_tuning_module_msgs/include/op3_tuning_module_msgs/op3_tuning_module_msgs/srv/detail
[1.542s] -- Up-to-date: /home/certezas/robotis_ws/install/op3_tuning_module_msgs/include/op3_tuning_module_msgs/op3_tuning_module_msgs/srv/detail/get_present_joint_offset_data__rosidl_typesupport_fastrtps_c.h
[1.542s] -- Up-to-date: /home/certezas/robotis_ws/install/op3_tuning_module_msgs/include/op3_tuning_module_msgs/op3_tuning_module_msgs/msg
[1.542s] -- Up-to-date: /home/certezas/robotis_ws/install/op3_tuning_module_msgs/include/op3_tuning_module_msgs/op3_tuning_module_msgs/msg/detail
[1.542s] -- Up-to-date: /home/certezas/robotis_ws/install/op3_tuning_module_msgs/include/op3_tuning_module_msgs/op3_tuning_module_msgs/msg/detail/joint_offset_data__rosidl_typesupport_fastrtps_c.h
[1.542s] -- Up-to-date: /home/certezas/robotis_ws/install/op3_tuning_module_msgs/include/op3_tuning_module_msgs/op3_tuning_module_msgs/msg/detail/joint_offset_position_data__rosidl_typesupport_fastrtps_c.h
[1.542s] -- Up-to-date: /home/certezas/robotis_ws/install/op3_tuning_module_msgs/include/op3_tuning_module_msgs/op3_tuning_module_msgs/msg/detail/joint_torque_on_off__rosidl_typesupport_fastrtps_c.h
[1.542s] -- Up-to-date: /home/certezas/robotis_ws/install/op3_tuning_module_msgs/include/op3_tuning_module_msgs/op3_tuning_module_msgs/msg/detail/joint_torque_on_off_array__rosidl_typesupport_fastrtps_c.h
[1.542s] -- Up-to-date: /home/certezas/robotis_ws/install/op3_tuning_module_msgs/include/op3_tuning_module_msgs/op3_tuning_module_msgs/msg/rosidl_typesupport_fastrtps_c__visibility_control.h
[1.542s] -- Up-to-date: /home/certezas/robotis_ws/install/op3_tuning_module_msgs/lib/libop3_tuning_module_msgs__rosidl_typesupport_fastrtps_c.so
[1.542s] -- Up-to-date: /home/certezas/robotis_ws/install/op3_tuning_module_msgs/include/op3_tuning_module_msgs/op3_tuning_module_msgs
[1.542s] -- Up-to-date: /home/certezas/robotis_ws/install/op3_tuning_module_msgs/include/op3_tuning_module_msgs/op3_tuning_module_msgs/srv
[1.542s] -- Up-to-date: /home/certezas/robotis_ws/install/op3_tuning_module_msgs/include/op3_tuning_module_msgs/op3_tuning_module_msgs/srv/detail
[1.542s] -- Up-to-date: /home/certezas/robotis_ws/install/op3_tuning_module_msgs/include/op3_tuning_module_msgs/op3_tuning_module_msgs/srv/detail/get_present_joint_offset_data__type_support.hpp
[1.542s] -- Up-to-date: /home/certezas/robotis_ws/install/op3_tuning_module_msgs/include/op3_tuning_module_msgs/op3_tuning_module_msgs/srv/detail/get_present_joint_offset_data__builder.hpp
[1.542s] -- Up-to-date: /home/certezas/robotis_ws/install/op3_tuning_module_msgs/include/op3_tuning_module_msgs/op3_tuning_module_msgs/srv/detail/get_present_joint_offset_data__struct.hpp
[1.542s] -- Up-to-date: /home/certezas/robotis_ws/install/op3_tuning_module_msgs/include/op3_tuning_module_msgs/op3_tuning_module_msgs/srv/detail/get_present_joint_offset_data__traits.hpp
[1.542s] -- Up-to-date: /home/certezas/robotis_ws/install/op3_tuning_module_msgs/include/op3_tuning_module_msgs/op3_tuning_module_msgs/srv/get_present_joint_offset_data.hpp
[1.542s] -- Up-to-date: /home/certezas/robotis_ws/install/op3_tuning_module_msgs/include/op3_tuning_module_msgs/op3_tuning_module_msgs/msg
[1.542s] -- Up-to-date: /home/certezas/robotis_ws/install/op3_tuning_module_msgs/include/op3_tuning_module_msgs/op3_tuning_module_msgs/msg/joint_offset_data.hpp
[1.542s] -- Up-to-date: /home/certezas/robotis_ws/install/op3_tuning_module_msgs/include/op3_tuning_module_msgs/op3_tuning_module_msgs/msg/rosidl_generator_cpp__visibility_control.hpp
[1.543s] -- Up-to-date: /home/certezas/robotis_ws/install/op3_tuning_module_msgs/include/op3_tuning_module_msgs/op3_tuning_module_msgs/msg/joint_torque_on_off_array.hpp
[1.543s] -- Up-to-date: /home/certezas/robotis_ws/install/op3_tuning_module_msgs/include/op3_tuning_module_msgs/op3_tuning_module_msgs/msg/detail
[1.543s] -- Up-to-date: /home/certezas/robotis_ws/install/op3_tuning_module_msgs/include/op3_tuning_module_msgs/op3_tuning_module_msgs/msg/detail/joint_torque_on_off_array__type_support.hpp
[1.543s] -- Up-to-date: /home/certezas/robotis_ws/install/op3_tuning_module_msgs/include/op3_tuning_module_msgs/op3_tuning_module_msgs/msg/detail/joint_offset_data__struct.hpp
[1.543s] -- Up-to-date: /home/certezas/robotis_ws/install/op3_tuning_module_msgs/include/op3_tuning_module_msgs/op3_tuning_module_msgs/msg/detail/joint_offset_position_data__builder.hpp
[1.543s] -- Up-to-date: /home/certezas/robotis_ws/install/op3_tuning_module_msgs/include/op3_tuning_module_msgs/op3_tuning_module_msgs/msg/detail/joint_torque_on_off__type_support.hpp
[1.543s] -- Up-to-date: /home/certezas/robotis_ws/install/op3_tuning_module_msgs/include/op3_tuning_module_msgs/op3_tuning_module_msgs/msg/detail/joint_torque_on_off__builder.hpp
[1.543s] -- Up-to-date: /home/certezas/robotis_ws/install/op3_tuning_module_msgs/include/op3_tuning_module_msgs/op3_tuning_module_msgs/msg/detail/joint_offset_position_data__struct.hpp
[1.543s] -- Up-to-date: /home/certezas/robotis_ws/install/op3_tuning_module_msgs/include/op3_tuning_module_msgs/op3_tuning_module_msgs/msg/detail/joint_offset_position_data__traits.hpp
[1.543s] -- Up-to-date: /home/certezas/robotis_ws/install/op3_tuning_module_msgs/include/op3_tuning_module_msgs/op3_tuning_module_msgs/msg/detail/joint_torque_on_off_array__struct.hpp
[1.543s] -- Up-to-date: /home/certezas/robotis_ws/install/op3_tuning_module_msgs/include/op3_tuning_module_msgs/op3_tuning_module_msgs/msg/detail/joint_offset_data__type_support.hpp
[1.543s] -- Up-to-date: /home/certezas/robotis_ws/install/op3_tuning_module_msgs/include/op3_tuning_module_msgs/op3_tuning_module_msgs/msg/detail/joint_torque_on_off_array__traits.hpp
[1.543s] -- Up-to-date: /home/certezas/robotis_ws/install/op3_tuning_module_msgs/include/op3_tuning_module_msgs/op3_tuning_module_msgs/msg/detail/joint_offset_position_data__type_support.hpp
[1.543s] -- Up-to-date: /home/certezas/robotis_ws/install/op3_tuning_module_msgs/include/op3_tuning_module_msgs/op3_tuning_module_msgs/msg/detail/joint_offset_data__traits.hpp
[1.543s] -- Up-to-date: /home/certezas/robotis_ws/install/op3_tuning_module_msgs/include/op3_tuning_module_msgs/op3_tuning_module_msgs/msg/detail/joint_torque_on_off__traits.hpp
[1.543s] -- Up-to-date: /home/certezas/robotis_ws/install/op3_tuning_module_msgs/include/op3_tuning_module_msgs/op3_tuning_module_msgs/msg/detail/joint_offset_data__builder.hpp
[1.543s] -- Up-to-date: /home/certezas/robotis_ws/install/op3_tuning_module_msgs/include/op3_tuning_module_msgs/op3_tuning_module_msgs/msg/detail/joint_torque_on_off__struct.hpp
[1.544s] -- Up-to-date: /home/certezas/robotis_ws/install/op3_tuning_module_msgs/include/op3_tuning_module_msgs/op3_tuning_module_msgs/msg/detail/joint_torque_on_off_array__builder.hpp
[1.544s] -- Up-to-date: /home/certezas/robotis_ws/install/op3_tuning_module_msgs/include/op3_tuning_module_msgs/op3_tuning_module_msgs/msg/joint_offset_position_data.hpp
[1.544s] -- Up-to-date: /home/certezas/robotis_ws/install/op3_tuning_module_msgs/include/op3_tuning_module_msgs/op3_tuning_module_msgs/msg/joint_torque_on_off.hpp
[1.544s] -- Up-to-date: /home/certezas/robotis_ws/install/op3_tuning_module_msgs/include/op3_tuning_module_msgs/op3_tuning_module_msgs
[1.544s] -- Up-to-date: /home/certezas/robotis_ws/install/op3_tuning_module_msgs/include/op3_tuning_module_msgs/op3_tuning_module_msgs/srv
[1.544s] -- Up-to-date: /home/certezas/robotis_ws/install/op3_tuning_module_msgs/include/op3_tuning_module_msgs/op3_tuning_module_msgs/srv/detail
[1.544s] -- Up-to-date: /home/certezas/robotis_ws/install/op3_tuning_module_msgs/include/op3_tuning_module_msgs/op3_tuning_module_msgs/srv/detail/dds_fastrtps
[1.544s] -- Up-to-date: /home/certezas/robotis_ws/install/op3_tuning_module_msgs/include/op3_tuning_module_msgs/op3_tuning_module_msgs/srv/detail/get_present_joint_offset_data__rosidl_typesupport_fastrtps_cpp.hpp
[1.544s] -- Up-to-date: /home/certezas/robotis_ws/install/op3_tuning_module_msgs/include/op3_tuning_module_msgs/op3_tuning_module_msgs/msg
[1.544s] -- Up-to-date: /home/certezas/robotis_ws/install/op3_tuning_module_msgs/include/op3_tuning_module_msgs/op3_tuning_module_msgs/msg/rosidl_typesupport_fastrtps_cpp__visibility_control.h
[1.544s] -- Up-to-date: /home/certezas/robotis_ws/install/op3_tuning_module_msgs/include/op3_tuning_module_msgs/op3_tuning_module_msgs/msg/detail
[1.544s] -- Up-to-date: /home/certezas/robotis_ws/install/op3_tuning_module_msgs/include/op3_tuning_module_msgs/op3_tuning_module_msgs/msg/detail/dds_fastrtps
[1.544s] -- Up-to-date: /home/certezas/robotis_ws/install/op3_tuning_module_msgs/include/op3_tuning_module_msgs/op3_tuning_module_msgs/msg/detail/joint_offset_position_data__rosidl_typesupport_fastrtps_cpp.hpp
[1.544s] -- Up-to-date: /home/certezas/robotis_ws/install/op3_tuning_module_msgs/include/op3_tuning_module_msgs/op3_tuning_module_msgs/msg/detail/joint_torque_on_off__rosidl_typesupport_fastrtps_cpp.hpp
[1.544s] -- Up-to-date: /home/certezas/robotis_ws/install/op3_tuning_module_msgs/include/op3_tuning_module_msgs/op3_tuning_module_msgs/msg/detail/joint_offset_data__rosidl_typesupport_fastrtps_cpp.hpp
[1.544s] -- Up-to-date: /home/certezas/robotis_ws/install/op3_tuning_module_msgs/include/op3_tuning_module_msgs/op3_tuning_module_msgs/msg/detail/joint_torque_on_off_array__rosidl_typesupport_fastrtps_cpp.hpp
[1.544s] -- Up-to-date: /home/certezas/robotis_ws/install/op3_tuning_module_msgs/lib/libop3_tuning_module_msgs__rosidl_typesupport_fastrtps_cpp.so
[1.544s] -- Up-to-date: /home/certezas/robotis_ws/install/op3_tuning_module_msgs/include/op3_tuning_module_msgs/op3_tuning_module_msgs
[1.544s] -- Up-to-date: /home/certezas/robotis_ws/install/op3_tuning_module_msgs/include/op3_tuning_module_msgs/op3_tuning_module_msgs/srv
[1.545s] -- Up-to-date: /home/certezas/robotis_ws/install/op3_tuning_module_msgs/include/op3_tuning_module_msgs/op3_tuning_module_msgs/srv/detail
[1.545s] -- Up-to-date: /home/certezas/robotis_ws/install/op3_tuning_module_msgs/include/op3_tuning_module_msgs/op3_tuning_module_msgs/srv/detail/get_present_joint_offset_data__type_support.c
[1.545s] -- Up-to-date: /home/certezas/robotis_ws/install/op3_tuning_module_msgs/include/op3_tuning_module_msgs/op3_tuning_module_msgs/srv/detail/get_present_joint_offset_data__rosidl_typesupport_introspection_c.h
[1.545s] -- Up-to-date: /home/certezas/robotis_ws/install/op3_tuning_module_msgs/include/op3_tuning_module_msgs/op3_tuning_module_msgs/msg
[1.545s] -- Up-to-date: /home/certezas/robotis_ws/install/op3_tuning_module_msgs/include/op3_tuning_module_msgs/op3_tuning_module_msgs/msg/rosidl_typesupport_introspection_c__visibility_control.h
[1.545s] -- Up-to-date: /home/certezas/robotis_ws/install/op3_tuning_module_msgs/include/op3_tuning_module_msgs/op3_tuning_module_msgs/msg/detail
[1.545s] -- Up-to-date: /home/certezas/robotis_ws/install/op3_tuning_module_msgs/include/op3_tuning_module_msgs/op3_tuning_module_msgs/msg/detail/joint_offset_data__type_support.c
[1.545s] -- Up-to-date: /home/certezas/robotis_ws/install/op3_tuning_module_msgs/include/op3_tuning_module_msgs/op3_tuning_module_msgs/msg/detail/joint_offset_position_data__type_support.c
[1.545s] -- Up-to-date: /home/certezas/robotis_ws/install/op3_tuning_module_msgs/include/op3_tuning_module_msgs/op3_tuning_module_msgs/msg/detail/joint_torque_on_off__type_support.c
[1.545s] -- Up-to-date: /home/certezas/robotis_ws/install/op3_tuning_module_msgs/include/op3_tuning_module_msgs/op3_tuning_module_msgs/msg/detail/joint_torque_on_off__rosidl_typesupport_introspection_c.h
[1.545s] -- Up-to-date: /home/certezas/robotis_ws/install/op3_tuning_module_msgs/include/op3_tuning_module_msgs/op3_tuning_module_msgs/msg/detail/joint_offset_data__rosidl_typesupport_introspection_c.h
[1.545s] -- Up-to-date: /home/certezas/robotis_ws/install/op3_tuning_module_msgs/include/op3_tuning_module_msgs/op3_tuning_module_msgs/msg/detail/joint_torque_on_off_array__type_support.c
[1.545s] -- Up-to-date: /home/certezas/robotis_ws/install/op3_tuning_module_msgs/include/op3_tuning_module_msgs/op3_tuning_module_msgs/msg/detail/joint_offset_position_data__rosidl_typesupport_introspection_c.h
[1.545s] -- Up-to-date: /home/certezas/robotis_ws/install/op3_tuning_module_msgs/include/op3_tuning_module_msgs/op3_tuning_module_msgs/msg/detail/joint_torque_on_off_array__rosidl_typesupport_introspection_c.h
[1.550s] -- Up-to-date: /home/certezas/robotis_ws/install/op3_tuning_module_msgs/lib/libop3_tuning_module_msgs__rosidl_typesupport_introspection_c.so
[1.550s] -- Up-to-date: /home/certezas/robotis_ws/install/op3_tuning_module_msgs/lib/libop3_tuning_module_msgs__rosidl_typesupport_c.so
[1.552s] -- Up-to-date: /home/certezas/robotis_ws/install/op3_tuning_module_msgs/include/op3_tuning_module_msgs/op3_tuning_module_msgs
[1.552s] -- Up-to-date: /home/certezas/robotis_ws/install/op3_tuning_module_msgs/include/op3_tuning_module_msgs/op3_tuning_module_msgs/srv
[1.552s] -- Up-to-date: /home/certezas/robotis_ws/install/op3_tuning_module_msgs/include/op3_tuning_module_msgs/op3_tuning_module_msgs/srv/detail
[1.552s] -- Up-to-date: /home/certezas/robotis_ws/install/op3_tuning_module_msgs/include/op3_tuning_module_msgs/op3_tuning_module_msgs/srv/detail/get_present_joint_offset_data__rosidl_typesupport_introspection_cpp.hpp
[1.552s] -- Up-to-date: /home/certezas/robotis_ws/install/op3_tuning_module_msgs/include/op3_tuning_module_msgs/op3_tuning_module_msgs/srv/detail/get_present_joint_offset_data__type_support.cpp
[1.552s] -- Up-to-date: /home/certezas/robotis_ws/install/op3_tuning_module_msgs/include/op3_tuning_module_msgs/op3_tuning_module_msgs/msg
[1.552s] -- Up-to-date: /home/certezas/robotis_ws/install/op3_tuning_module_msgs/include/op3_tuning_module_msgs/op3_tuning_module_msgs/msg/detail
[1.552s] -- Up-to-date: /home/certezas/robotis_ws/install/op3_tuning_module_msgs/include/op3_tuning_module_msgs/op3_tuning_module_msgs/msg/detail/joint_torque_on_off__rosidl_typesupport_introspection_cpp.hpp
[1.555s] -- Up-to-date: /home/certezas/robotis_ws/install/op3_tuning_module_msgs/include/op3_tuning_module_msgs/op3_tuning_module_msgs/msg/detail/joint_offset_data__rosidl_typesupport_introspection_cpp.hpp
[1.555s] -- Up-to-date: /home/certezas/robotis_ws/install/op3_tuning_module_msgs/include/op3_tuning_module_msgs/op3_tuning_module_msgs/msg/detail/joint_offset_position_data__rosidl_typesupport_introspection_cpp.hpp
[1.555s] -- Up-to-date: /home/certezas/robotis_ws/install/op3_tuning_module_msgs/include/op3_tuning_module_msgs/op3_tuning_module_msgs/msg/detail/joint_torque_on_off__type_support.cpp
[1.555s] -- Up-to-date: /home/certezas/robotis_ws/install/op3_tuning_module_msgs/include/op3_tuning_module_msgs/op3_tuning_module_msgs/msg/detail/joint_torque_on_off_array__type_support.cpp
[1.555s] -- Up-to-date: /home/certezas/robotis_ws/install/op3_tuning_module_msgs/include/op3_tuning_module_msgs/op3_tuning_module_msgs/msg/detail/joint_offset_data__type_support.cpp
[1.555s] -- Up-to-date: /home/certezas/robotis_ws/install/op3_tuning_module_msgs/include/op3_tuning_module_msgs/op3_tuning_module_msgs/msg/detail/joint_torque_on_off_array__rosidl_typesupport_introspection_cpp.hpp
[1.555s] -- Up-to-date: /home/certezas/robotis_ws/install/op3_tuning_module_msgs/include/op3_tuning_module_msgs/op3_tuning_module_msgs/msg/detail/joint_offset_position_data__type_support.cpp
[1.627s] -- Up-to-date: /home/certezas/robotis_ws/install/op3_tuning_module_msgs/lib/libop3_tuning_module_msgs__rosidl_typesupport_introspection_cpp.so
[1.658s] -- Up-to-date: /home/certezas/robotis_ws/install/op3_tuning_module_msgs/lib/libop3_tuning_module_msgs__rosidl_typesupport_cpp.so
[1.659s] -- Up-to-date: /home/certezas/robotis_ws/install/op3_tuning_module_msgs/share/op3_tuning_module_msgs/environment/pythonpath.sh
[1.659s] -- Up-to-date: /home/certezas/robotis_ws/install/op3_tuning_module_msgs/share/op3_tuning_module_msgs/environment/pythonpath.dsv
[1.659s] -- Up-to-date: /home/certezas/robotis_ws/install/op3_tuning_module_msgs/local/lib/python3.10/dist-packages/op3_tuning_module_msgs-0.0.1-py3.10.egg-info
[1.659s] -- Installing: /home/certezas/robotis_ws/install/op3_tuning_module_msgs/local/lib/python3.10/dist-packages/op3_tuning_module_msgs-0.0.1-py3.10.egg-info/PKG-INFO
[1.661s] -- Installing: /home/certezas/robotis_ws/install/op3_tuning_module_msgs/local/lib/python3.10/dist-packages/op3_tuning_module_msgs-0.0.1-py3.10.egg-info/dependency_links.txt
[1.662s] -- Installing: /home/certezas/robotis_ws/install/op3_tuning_module_msgs/local/lib/python3.10/dist-packages/op3_tuning_module_msgs-0.0.1-py3.10.egg-info/top_level.txt
[1.662s] -- Installing: /home/certezas/robotis_ws/install/op3_tuning_module_msgs/local/lib/python3.10/dist-packages/op3_tuning_module_msgs-0.0.1-py3.10.egg-info/SOURCES.txt
[1.662s] -- Up-to-date: /home/certezas/robotis_ws/install/op3_tuning_module_msgs/local/lib/python3.10/dist-packages/op3_tuning_module_msgs
[1.662s] -- Up-to-date: /home/certezas/robotis_ws/install/op3_tuning_module_msgs/local/lib/python3.10/dist-packages/op3_tuning_module_msgs/op3_tuning_module_msgs_s__rosidl_typesupport_introspection_c.cpython-310-x86_64-linux-gnu.so
[1.662s] -- Up-to-date: /home/certezas/robotis_ws/install/op3_tuning_module_msgs/local/lib/python3.10/dist-packages/op3_tuning_module_msgs/libop3_tuning_module_msgs__rosidl_generator_py.so
[1.662s] -- Up-to-date: /home/certezas/robotis_ws/install/op3_tuning_module_msgs/local/lib/python3.10/dist-packages/op3_tuning_module_msgs/__init__.py
[1.662s] -- Up-to-date: /home/certezas/robotis_ws/install/op3_tuning_module_msgs/local/lib/python3.10/dist-packages/op3_tuning_module_msgs/_op3_tuning_module_msgs_s.ep.rosidl_typesupport_fastrtps_c.c
[1.662s] -- Up-to-date: /home/certezas/robotis_ws/install/op3_tuning_module_msgs/local/lib/python3.10/dist-packages/op3_tuning_module_msgs/srv
[1.662s] -- Up-to-date: /home/certezas/robotis_ws/install/op3_tuning_module_msgs/local/lib/python3.10/dist-packages/op3_tuning_module_msgs/srv/__init__.py
[1.662s] -- Up-to-date: /home/certezas/robotis_ws/install/op3_tuning_module_msgs/local/lib/python3.10/dist-packages/op3_tuning_module_msgs/srv/_get_present_joint_offset_data.py
[1.663s] -- Up-to-date: /home/certezas/robotis_ws/install/op3_tuning_module_msgs/local/lib/python3.10/dist-packages/op3_tuning_module_msgs/srv/_get_present_joint_offset_data_s.c
[1.663s] -- Up-to-date: /home/certezas/robotis_ws/install/op3_tuning_module_msgs/local/lib/python3.10/dist-packages/op3_tuning_module_msgs/op3_tuning_module_msgs_s__rosidl_typesupport_c.cpython-310-x86_64-linux-gnu.so
[1.663s] -- Up-to-date: /home/certezas/robotis_ws/install/op3_tuning_module_msgs/local/lib/python3.10/dist-packages/op3_tuning_module_msgs/_op3_tuning_module_msgs_s.ep.rosidl_typesupport_introspection_c.c
[1.663s] -- Up-to-date: /home/certezas/robotis_ws/install/op3_tuning_module_msgs/local/lib/python3.10/dist-packages/op3_tuning_module_msgs/op3_tuning_module_msgs_s__rosidl_typesupport_fastrtps_c.cpython-310-x86_64-linux-gnu.so
[1.663s] -- Up-to-date: /home/certezas/robotis_ws/install/op3_tuning_module_msgs/local/lib/python3.10/dist-packages/op3_tuning_module_msgs/msg
[1.663s] -- Up-to-date: /home/certezas/robotis_ws/install/op3_tuning_module_msgs/local/lib/python3.10/dist-packages/op3_tuning_module_msgs/msg/_joint_torque_on_off_array_s.c
[1.663s] -- Up-to-date: /home/certezas/robotis_ws/install/op3_tuning_module_msgs/local/lib/python3.10/dist-packages/op3_tuning_module_msgs/msg/_joint_offset_data.py
[1.664s] -- Up-to-date: /home/certezas/robotis_ws/install/op3_tuning_module_msgs/local/lib/python3.10/dist-packages/op3_tuning_module_msgs/msg/_joint_offset_position_data_s.c
[1.664s] -- Up-to-date: /home/certezas/robotis_ws/install/op3_tuning_module_msgs/local/lib/python3.10/dist-packages/op3_tuning_module_msgs/msg/__init__.py
[1.664s] -- Up-to-date: /home/certezas/robotis_ws/install/op3_tuning_module_msgs/local/lib/python3.10/dist-packages/op3_tuning_module_msgs/msg/_joint_torque_on_off_s.c
[1.664s] -- Up-to-date: /home/certezas/robotis_ws/install/op3_tuning_module_msgs/local/lib/python3.10/dist-packages/op3_tuning_module_msgs/msg/_joint_torque_on_off_array.py
[1.664s] -- Up-to-date: /home/certezas/robotis_ws/install/op3_tuning_module_msgs/local/lib/python3.10/dist-packages/op3_tuning_module_msgs/msg/_joint_offset_position_data.py
[1.664s] -- Up-to-date: /home/certezas/robotis_ws/install/op3_tuning_module_msgs/local/lib/python3.10/dist-packages/op3_tuning_module_msgs/msg/_joint_offset_data_s.c
[1.664s] -- Up-to-date: /home/certezas/robotis_ws/install/op3_tuning_module_msgs/local/lib/python3.10/dist-packages/op3_tuning_module_msgs/msg/_joint_torque_on_off.py
[1.664s] -- Up-to-date: /home/certezas/robotis_ws/install/op3_tuning_module_msgs/local/lib/python3.10/dist-packages/op3_tuning_module_msgs/_op3_tuning_module_msgs_s.ep.rosidl_typesupport_c.c
[1.709s] Listing '/home/certezas/robotis_ws/install/op3_tuning_module_msgs/local/lib/python3.10/dist-packages/op3_tuning_module_msgs'...
[1.709s] Listing '/home/certezas/robotis_ws/install/op3_tuning_module_msgs/local/lib/python3.10/dist-packages/op3_tuning_module_msgs/msg'...
[1.709s] Listing '/home/certezas/robotis_ws/install/op3_tuning_module_msgs/local/lib/python3.10/dist-packages/op3_tuning_module_msgs/srv'...
[1.710s] -- Up-to-date: /home/certezas/robotis_ws/install/op3_tuning_module_msgs/local/lib/python3.10/dist-packages/op3_tuning_module_msgs/op3_tuning_module_msgs_s__rosidl_typesupport_fastrtps_c.cpython-310-x86_64-linux-gnu.so
[1.711s] -- Up-to-date: /home/certezas/robotis_ws/install/op3_tuning_module_msgs/local/lib/python3.10/dist-packages/op3_tuning_module_msgs/op3_tuning_module_msgs_s__rosidl_typesupport_introspection_c.cpython-310-x86_64-linux-gnu.so
[1.711s] -- Up-to-date: /home/certezas/robotis_ws/install/op3_tuning_module_msgs/local/lib/python3.10/dist-packages/op3_tuning_module_msgs/op3_tuning_module_msgs_s__rosidl_typesupport_c.cpython-310-x86_64-linux-gnu.so
[1.711s] -- Up-to-date: /home/certezas/robotis_ws/install/op3_tuning_module_msgs/lib/libop3_tuning_module_msgs__rosidl_generator_py.so
[1.711s] -- Up-to-date: /home/certezas/robotis_ws/install/op3_tuning_module_msgs/share/op3_tuning_module_msgs/msg/JointOffsetData.idl
[1.712s] -- Up-to-date: /home/certezas/robotis_ws/install/op3_tuning_module_msgs/share/op3_tuning_module_msgs/msg/JointOffsetPositionData.idl
[1.713s] -- Up-to-date: /home/certezas/robotis_ws/install/op3_tuning_module_msgs/share/op3_tuning_module_msgs/msg/JointTorqueOnOff.idl
[1.713s] -- Up-to-date: /home/certezas/robotis_ws/install/op3_tuning_module_msgs/share/op3_tuning_module_msgs/msg/JointTorqueOnOffArray.idl
[1.713s] -- Up-to-date: /home/certezas/robotis_ws/install/op3_tuning_module_msgs/share/op3_tuning_module_msgs/srv/GetPresentJointOffsetData.idl
[1.713s] -- Up-to-date: /home/certezas/robotis_ws/install/op3_tuning_module_msgs/share/op3_tuning_module_msgs/msg/JointOffsetData.msg
[1.713s] -- Up-to-date: /home/certezas/robotis_ws/install/op3_tuning_module_msgs/share/op3_tuning_module_msgs/msg/JointOffsetPositionData.msg
[1.713s] -- Up-to-date: /home/certezas/robotis_ws/install/op3_tuning_module_msgs/share/op3_tuning_module_msgs/msg/JointTorqueOnOff.msg
[1.713s] -- Up-to-date: /home/certezas/robotis_ws/install/op3_tuning_module_msgs/share/op3_tuning_module_msgs/msg/JointTorqueOnOffArray.msg
[1.713s] -- Up-to-date: /home/certezas/robotis_ws/install/op3_tuning_module_msgs/share/op3_tuning_module_msgs/srv/GetPresentJointOffsetData.srv
[1.713s] -- Up-to-date: /home/certezas/robotis_ws/install/op3_tuning_module_msgs/share/op3_tuning_module_msgs/srv/GetPresentJointOffsetData_Request.msg
[1.714s] -- Up-to-date: /home/certezas/robotis_ws/install/op3_tuning_module_msgs/share/op3_tuning_module_msgs/srv/GetPresentJointOffsetData_Response.msg
[1.715s] -- Up-to-date: /home/certezas/robotis_ws/install/op3_tuning_module_msgs/share/ament_index/resource_index/package_run_dependencies/op3_tuning_module_msgs
[1.715s] -- Up-to-date: /home/certezas/robotis_ws/install/op3_tuning_module_msgs/share/ament_index/resource_index/parent_prefix_path/op3_tuning_module_msgs
[1.715s] -- Up-to-date: /home/certezas/robotis_ws/install/op3_tuning_module_msgs/share/op3_tuning_module_msgs/environment/ament_prefix_path.sh
[1.716s] -- Up-to-date: /home/certezas/robotis_ws/install/op3_tuning_module_msgs/share/op3_tuning_module_msgs/environment/ament_prefix_path.dsv
[1.716s] -- Up-to-date: /home/certezas/robotis_ws/install/op3_tuning_module_msgs/share/op3_tuning_module_msgs/environment/path.sh
[1.716s] -- Up-to-date: /home/certezas/robotis_ws/install/op3_tuning_module_msgs/share/op3_tuning_module_msgs/environment/path.dsv
[1.716s] -- Up-to-date: /home/certezas/robotis_ws/install/op3_tuning_module_msgs/share/op3_tuning_module_msgs/local_setup.bash
[1.716s] -- Up-to-date: /home/certezas/robotis_ws/install/op3_tuning_module_msgs/share/op3_tuning_module_msgs/local_setup.sh
[1.716s] -- Up-to-date: /home/certezas/robotis_ws/install/op3_tuning_module_msgs/share/op3_tuning_module_msgs/local_setup.zsh
[1.716s] -- Up-to-date: /home/certezas/robotis_ws/install/op3_tuning_module_msgs/share/op3_tuning_module_msgs/local_setup.dsv
[1.716s] -- Installing: /home/certezas/robotis_ws/install/op3_tuning_module_msgs/share/op3_tuning_module_msgs/package.dsv
[1.717s] -- Up-to-date: /home/certezas/robotis_ws/install/op3_tuning_module_msgs/share/ament_index/resource_index/packages/op3_tuning_module_msgs
[1.717s] -- Up-to-date: /home/certezas/robotis_ws/install/op3_tuning_module_msgs/share/op3_tuning_module_msgs/cmake/export_op3_tuning_module_msgs__rosidl_generator_cExport.cmake
[1.717s] -- Up-to-date: /home/certezas/robotis_ws/install/op3_tuning_module_msgs/share/op3_tuning_module_msgs/cmake/export_op3_tuning_module_msgs__rosidl_generator_cExport-noconfig.cmake
[1.717s] -- Up-to-date: /home/certezas/robotis_ws/install/op3_tuning_module_msgs/share/op3_tuning_module_msgs/cmake/export_op3_tuning_module_msgs__rosidl_typesupport_fastrtps_cExport.cmake
[1.717s] -- Up-to-date: /home/certezas/robotis_ws/install/op3_tuning_module_msgs/share/op3_tuning_module_msgs/cmake/export_op3_tuning_module_msgs__rosidl_typesupport_fastrtps_cExport-noconfig.cmake
[1.717s] -- Up-to-date: /home/certezas/robotis_ws/install/op3_tuning_module_msgs/share/op3_tuning_module_msgs/cmake/export_op3_tuning_module_msgs__rosidl_generator_cppExport.cmake
[1.717s] -- Up-to-date: /home/certezas/robotis_ws/install/op3_tuning_module_msgs/share/op3_tuning_module_msgs/cmake/export_op3_tuning_module_msgs__rosidl_typesupport_fastrtps_cppExport.cmake
[1.717s] -- Up-to-date: /home/certezas/robotis_ws/install/op3_tuning_module_msgs/share/op3_tuning_module_msgs/cmake/export_op3_tuning_module_msgs__rosidl_typesupport_fastrtps_cppExport-noconfig.cmake
[1.718s] -- Up-to-date: /home/certezas/robotis_ws/install/op3_tuning_module_msgs/share/op3_tuning_module_msgs/cmake/op3_tuning_module_msgs__rosidl_typesupport_introspection_cExport.cmake
[1.718s] -- Up-to-date: /home/certezas/robotis_ws/install/op3_tuning_module_msgs/share/op3_tuning_module_msgs/cmake/op3_tuning_module_msgs__rosidl_typesupport_introspection_cExport-noconfig.cmake
[1.718s] -- Up-to-date: /home/certezas/robotis_ws/install/op3_tuning_module_msgs/share/op3_tuning_module_msgs/cmake/op3_tuning_module_msgs__rosidl_typesupport_cExport.cmake
[1.718s] -- Up-to-date: /home/certezas/robotis_ws/install/op3_tuning_module_msgs/share/op3_tuning_module_msgs/cmake/op3_tuning_module_msgs__rosidl_typesupport_cExport-noconfig.cmake
[1.718s] -- Up-to-date: /home/certezas/robotis_ws/install/op3_tuning_module_msgs/share/op3_tuning_module_msgs/cmake/op3_tuning_module_msgs__rosidl_typesupport_introspection_cppExport.cmake
[1.718s] -- Up-to-date: /home/certezas/robotis_ws/install/op3_tuning_module_msgs/share/op3_tuning_module_msgs/cmake/op3_tuning_module_msgs__rosidl_typesupport_introspection_cppExport-noconfig.cmake
[1.718s] -- Up-to-date: /home/certezas/robotis_ws/install/op3_tuning_module_msgs/share/op3_tuning_module_msgs/cmake/op3_tuning_module_msgs__rosidl_typesupport_cppExport.cmake
[1.718s] -- Up-to-date: /home/certezas/robotis_ws/install/op3_tuning_module_msgs/share/op3_tuning_module_msgs/cmake/op3_tuning_module_msgs__rosidl_typesupport_cppExport-noconfig.cmake
[1.718s] -- Up-to-date: /home/certezas/robotis_ws/install/op3_tuning_module_msgs/share/op3_tuning_module_msgs/cmake/export_op3_tuning_module_msgs__rosidl_generator_pyExport.cmake
[1.718s] -- Up-to-date: /home/certezas/robotis_ws/install/op3_tuning_module_msgs/share/op3_tuning_module_msgs/cmake/export_op3_tuning_module_msgs__rosidl_generator_pyExport-noconfig.cmake
[1.718s] -- Up-to-date: /home/certezas/robotis_ws/install/op3_tuning_module_msgs/share/op3_tuning_module_msgs/cmake/rosidl_cmake-extras.cmake
[1.718s] -- Up-to-date: /home/certezas/robotis_ws/install/op3_tuning_module_msgs/share/op3_tuning_module_msgs/cmake/ament_cmake_export_dependencies-extras.cmake
[1.718s] -- Up-to-date: /home/certezas/robotis_ws/install/op3_tuning_module_msgs/share/op3_tuning_module_msgs/cmake/ament_cmake_export_include_directories-extras.cmake
[1.718s] -- Up-to-date: /home/certezas/robotis_ws/install/op3_tuning_module_msgs/share/op3_tuning_module_msgs/cmake/ament_cmake_export_libraries-extras.cmake
[1.718s] -- Up-to-date: /home/certezas/robotis_ws/install/op3_tuning_module_msgs/share/op3_tuning_module_msgs/cmake/ament_cmake_export_targets-extras.cmake
[1.718s] -- Up-to-date: /home/certezas/robotis_ws/install/op3_tuning_module_msgs/share/op3_tuning_module_msgs/cmake/rosidl_cmake_export_typesupport_targets-extras.cmake
[1.718s] -- Up-to-date: /home/certezas/robotis_ws/install/op3_tuning_module_msgs/share/op3_tuning_module_msgs/cmake/rosidl_cmake_export_typesupport_libraries-extras.cmake
[1.718s] -- Up-to-date: /home/certezas/robotis_ws/install/op3_tuning_module_msgs/share/op3_tuning_module_msgs/cmake/op3_tuning_module_msgsConfig.cmake
[1.719s] -- Up-to-date: /home/certezas/robotis_ws/install/op3_tuning_module_msgs/share/op3_tuning_module_msgs/cmake/op3_tuning_module_msgsConfig-version.cmake
[1.719s] -- Up-to-date: /home/certezas/robotis_ws/install/op3_tuning_module_msgs/share/op3_tuning_module_msgs/package.xml
[1.889s] Invoked command in '/home/certezas/robotis_ws/build/op3_tuning_module_msgs' returned '0': CMAKE_PREFIX_PATH=${CMAKE_PREFIX_PATH}:/opt/ros/humble /usr/bin/cmake --install /home/certezas/robotis_ws/build/op3_tuning_module_msgs
