[0.012s] Invoking command in '/home/certezas/robotis_ws/build/rf_gz_bridge': CMAKE_PREFIX_PATH=${CMAKE_PREFIX_PATH}:/home/certezas/robotis_ws/install/op3_head_control_module:/opt/ros/humble /usr/bin/cmake /home/certezas/robotis_ws/src/ROBOTIS-OP3-Simulations/rf_gz_bridge -DCMAKE_INSTALL_PREFIX=/home/certezas/robotis_ws/install/rf_gz_bridge
[0.392s] -- The C compiler identification is GNU 11.4.0
[0.392s] -- The CXX compiler identification is GNU 11.4.0
[0.392s] -- Detecting C compiler ABI info
[0.458s] -- Detecting C compiler ABI info - done
[0.480s] -- Check for working C compiler: /usr/bin/cc - skipped
[0.482s] -- Detecting C compile features
[0.484s] -- Detecting C compile features - done
[0.493s] -- Detecting CXX compiler ABI info
[0.598s] -- Detecting CXX compiler ABI info - done
[0.610s] -- Check for working CXX compiler: /usr/bin/c++ - skipped
[0.610s] -- Detecting CXX compile features
[0.611s] -- Detecting CXX compile features - done
[0.614s] -- Found ament_cmake: 1.3.11 (/opt/ros/humble/share/ament_cmake/cmake)
[0.825s] -- Found Python3: /usr/bin/python3 (found version "3.10.12") found components: Interpreter 
[0.976s] -- Found rclcpp: 16.0.12 (/opt/ros/humble/share/rclcpp/cmake)
[1.044s] -- Found rosidl_generator_c: 3.1.6 (/opt/ros/humble/share/rosidl_generator_c/cmake)
[1.054s] -- Found rosidl_adapter: 3.1.6 (/opt/ros/humble/share/rosidl_adapter/cmake)
[1.067s] -- Found rosidl_generator_cpp: 3.1.6 (/opt/ros/humble/share/rosidl_generator_cpp/cmake)
[1.093s] -- Using all available rosidl_typesupport_c: rosidl_typesupport_fastrtps_c;rosidl_typesupport_introspection_c
[1.119s] -- Using all available rosidl_typesupport_cpp: rosidl_typesupport_fastrtps_cpp;rosidl_typesupport_introspection_cpp
[1.196s] -- Found rmw_implementation_cmake: 6.1.2 (/opt/ros/humble/share/rmw_implementation_cmake/cmake)
[1.202s] -- Found rmw_fastrtps_cpp: 6.2.7 (/opt/ros/humble/share/rmw_fastrtps_cpp/cmake)
[1.349s] -- Found OpenSSL: /usr/lib/x86_64-linux-gnu/libcrypto.so (found version "3.0.2")  
[1.378s] -- Found FastRTPS: /opt/ros/humble/include  
[1.427s] -- Using RMW implementation 'rmw_fastrtps_cpp' as default
[1.442s] -- Looking for pthread.h
[1.542s] -- Looking for pthread.h - found
[1.543s] -- Performing Test CMAKE_HAVE_LIBC_PTHREAD
[1.626s] -- Performing Test CMAKE_HAVE_LIBC_PTHREAD - Success
[1.627s] -- Found Threads: TRUE  
[1.714s] -- Found PkgConfig: /usr/bin/pkg-config (found version "0.29.2") 
[1.714s] -- Checking for module 'yaml-cpp'
[1.905s] --   Found yaml-cpp, version 0.7.0
[1.982s] -- Found ament_lint_auto: 0.12.12 (/opt/ros/humble/share/ament_lint_auto/cmake)
[2.231s] -- Added test 'cppcheck' to perform static code analysis on C / C++ code
[2.234s] -- Configured cppcheck include dirs: /home/certezas/robotis_ws/src/ROBOTIS-OP3-Simulations/rf_gz_bridge/include
[2.234s] -- Configured cppcheck exclude dirs and/or files: 
[2.235s] -- Added test 'lint_cmake' to check CMake code style
[2.237s] -- Added test 'uncrustify' to check C / C++ code style
[2.237s] -- Configured uncrustify additional arguments: 
[2.239s] -- Added test 'xmllint' to check XML markup files
[2.242s] -- Configuring done
[2.253s] -- Generating done
[2.259s] -- Build files have been written to: /home/certezas/robotis_ws/build/rf_gz_bridge
[2.279s] Invoked command in '/home/certezas/robotis_ws/build/rf_gz_bridge' returned '0': CMAKE_PREFIX_PATH=${CMAKE_PREFIX_PATH}:/home/certezas/robotis_ws/install/op3_head_control_module:/opt/ros/humble /usr/bin/cmake /home/certezas/robotis_ws/src/ROBOTIS-OP3-Simulations/rf_gz_bridge -DCMAKE_INSTALL_PREFIX=/home/certezas/robotis_ws/install/rf_gz_bridge
[2.284s] Invoking command in '/home/certezas/robotis_ws/build/rf_gz_bridge': CMAKE_PREFIX_PATH=${CMAKE_PREFIX_PATH}:/home/certezas/robotis_ws/install/op3_head_control_module:/opt/ros/humble /usr/bin/cmake --build /home/certezas/robotis_ws/build/rf_gz_bridge -- -j12 -l12
[2.485s] [ 33%] [32mBuilding CXX object CMakeFiles/rf_gz_bridge_node.dir/src/main.cpp.o[0m
[5.555s] [ 66%] [32mBuilding CXX object CMakeFiles/rf_gz_bridge_node.dir/src/rf_gz_bridge.cpp.o[0m
[15.540s] [100%] [32m[1mLinking CXX executable rf_gz_bridge_node[0m
[16.131s] [100%] Built target rf_gz_bridge_node
[16.146s] Invoked command in '/home/certezas/robotis_ws/build/rf_gz_bridge' returned '0': CMAKE_PREFIX_PATH=${CMAKE_PREFIX_PATH}:/home/certezas/robotis_ws/install/op3_head_control_module:/opt/ros/humble /usr/bin/cmake --build /home/certezas/robotis_ws/build/rf_gz_bridge -- -j12 -l12
[16.155s] Invoking command in '/home/certezas/robotis_ws/build/rf_gz_bridge': CMAKE_PREFIX_PATH=${CMAKE_PREFIX_PATH}:/home/certezas/robotis_ws/install/op3_head_control_module:/opt/ros/humble /usr/bin/cmake --install /home/certezas/robotis_ws/build/rf_gz_bridge
[16.162s] -- Install configuration: ""
[16.162s] -- Installing: /home/certezas/robotis_ws/install/rf_gz_bridge/lib/rf_gz_bridge/rf_gz_bridge_node
[16.166s] -- Set runtime path of "/home/certezas/robotis_ws/install/rf_gz_bridge/lib/rf_gz_bridge/rf_gz_bridge_node" to ""
[16.166s] -- Installing: /home/certezas/robotis_ws/install/rf_gz_bridge/include/rf_gz_bridge
[16.166s] -- Installing: /home/certezas/robotis_ws/install/rf_gz_bridge/include/rf_gz_bridge/rf_gz_bridge.hpp
[16.166s] -- Installing: /home/certezas/robotis_ws/install/rf_gz_bridge/share/rf_gz_bridge/config
[16.166s] -- Installing: /home/certezas/robotis_ws/install/rf_gz_bridge/share/rf_gz_bridge/config/op3_joint_list.yaml
[16.217s] -- Installing: /home/certezas/robotis_ws/install/rf_gz_bridge/share/ament_index/resource_index/package_run_dependencies/rf_gz_bridge
[16.218s] -- Installing: /home/certezas/robotis_ws/install/rf_gz_bridge/share/ament_index/resource_index/parent_prefix_path/rf_gz_bridge
[16.218s] -- Installing: /home/certezas/robotis_ws/install/rf_gz_bridge/share/rf_gz_bridge/environment/ament_prefix_path.sh
[16.218s] -- Installing: /home/certezas/robotis_ws/install/rf_gz_bridge/share/rf_gz_bridge/environment/ament_prefix_path.dsv
[16.218s] -- Installing: /home/certezas/robotis_ws/install/rf_gz_bridge/share/rf_gz_bridge/environment/path.sh
[16.219s] -- Installing: /home/certezas/robotis_ws/install/rf_gz_bridge/share/rf_gz_bridge/environment/path.dsv
[16.219s] -- Installing: /home/certezas/robotis_ws/install/rf_gz_bridge/share/rf_gz_bridge/local_setup.bash
[16.219s] -- Installing: /home/certezas/robotis_ws/install/rf_gz_bridge/share/rf_gz_bridge/local_setup.sh
[16.219s] -- Installing: /home/certezas/robotis_ws/install/rf_gz_bridge/share/rf_gz_bridge/local_setup.zsh
[16.219s] -- Installing: /home/certezas/robotis_ws/install/rf_gz_bridge/share/rf_gz_bridge/local_setup.dsv
[16.219s] -- Installing: /home/certezas/robotis_ws/install/rf_gz_bridge/share/rf_gz_bridge/package.dsv
[16.220s] -- Installing: /home/certezas/robotis_ws/install/rf_gz_bridge/share/ament_index/resource_index/packages/rf_gz_bridge
[16.220s] -- Installing: /home/certezas/robotis_ws/install/rf_gz_bridge/share/rf_gz_bridge/cmake/rf_gz_bridgeConfig.cmake
[16.220s] -- Installing: /home/certezas/robotis_ws/install/rf_gz_bridge/share/rf_gz_bridge/cmake/rf_gz_bridgeConfig-version.cmake
[16.220s] -- Installing: /home/certezas/robotis_ws/install/rf_gz_bridge/share/rf_gz_bridge/package.xml
[16.296s] Invoked command in '/home/certezas/robotis_ws/build/rf_gz_bridge' returned '0': CMAKE_PREFIX_PATH=${CMAKE_PREFIX_PATH}:/home/certezas/robotis_ws/install/op3_head_control_module:/opt/ros/humble /usr/bin/cmake --install /home/certezas/robotis_ws/build/rf_gz_bridge
