[35m[1mConsolidate compiler generated dependencies of target read_write[0m
[100%] Built target read_write
-- Install configuration: ""
-- Up-to-date: /home/certezas/robotis_ws/install/op3_read_write_demo/lib/op3_read_write_demo/read_write
-- Up-to-date: /home/certezas/robotis_ws/install/op3_read_write_demo/share/op3_read_write_demo/launch
-- Up-to-date: /home/certezas/robotis_ws/install/op3_read_write_demo/share/op3_read_write_demo/launch/op3_read_write.launch.xml
-- Up-to-date: /home/certezas/robotis_ws/install/op3_read_write_demo/share/ament_index/resource_index/package_run_dependencies/op3_read_write_demo
-- Up-to-date: /home/certezas/robotis_ws/install/op3_read_write_demo/share/ament_index/resource_index/parent_prefix_path/op3_read_write_demo
-- Up-to-date: /home/certezas/robotis_ws/install/op3_read_write_demo/share/op3_read_write_demo/environment/ament_prefix_path.sh
-- Up-to-date: /home/certezas/robotis_ws/install/op3_read_write_demo/share/op3_read_write_demo/environment/ament_prefix_path.dsv
-- Up-to-date: /home/certezas/robotis_ws/install/op3_read_write_demo/share/op3_read_write_demo/environment/path.sh
-- Up-to-date: /home/certezas/robotis_ws/install/op3_read_write_demo/share/op3_read_write_demo/environment/path.dsv
-- Up-to-date: /home/certezas/robotis_ws/install/op3_read_write_demo/share/op3_read_write_demo/local_setup.bash
-- Up-to-date: /home/certezas/robotis_ws/install/op3_read_write_demo/share/op3_read_write_demo/local_setup.sh
-- Up-to-date: /home/certezas/robotis_ws/install/op3_read_write_demo/share/op3_read_write_demo/local_setup.zsh
-- Up-to-date: /home/certezas/robotis_ws/install/op3_read_write_demo/share/op3_read_write_demo/local_setup.dsv
-- Installing: /home/certezas/robotis_ws/install/op3_read_write_demo/share/op3_read_write_demo/package.dsv
-- Up-to-date: /home/certezas/robotis_ws/install/op3_read_write_demo/share/ament_index/resource_index/packages/op3_read_write_demo
-- Up-to-date: /home/certezas/robotis_ws/install/op3_read_write_demo/share/op3_read_write_demo/cmake/op3_read_write_demoConfig.cmake
-- Up-to-date: /home/certezas/robotis_ws/install/op3_read_write_demo/share/op3_read_write_demo/cmake/op3_read_write_demoConfig-version.cmake
-- Up-to-date: /home/certezas/robotis_ws/install/op3_read_write_demo/share/op3_read_write_demo/package.xml
