[0.189s] Invoking command in '/home/certezas/robotis_ws/build/robotis_controller_msgs': CMAKE_PREFIX_PATH=${CMAKE_PREFIX_PATH}:/opt/ros/humble /usr/bin/cmake --build /home/certezas/robotis_ws/build/robotis_controller_msgs -- -j12 -l12
[2.713s] [  1%] Built target robotis_controller_msgs__cpp
[3.500s] [35m[1mConsolidate compiler generated dependencies of target robotis_controller_msgs__rosidl_typesupport_cpp[0m
[3.564s] [ 12%] Built target robotis_controller_msgs__rosidl_typesupport_cpp
[3.597s] [35m[1mConsolidate compiler generated dependencies of target robotis_controller_msgs__rosidl_typesupport_introspection_cpp[0m
[3.610s] [ 24%] Built target robotis_controller_msgs__rosidl_typesupport_introspection_cpp
[4.720s] [35m[1mConsolidate compiler generated dependencies of target robotis_controller_msgs__rosidl_generator_c[0m
[4.733s] [ 35%] Built target robotis_controller_msgs__rosidl_generator_c
[5.232s] [35m[1mConsolidate compiler generated dependencies of target robotis_controller_msgs__rosidl_typesupport_fastrtps_cpp[0m
[5.246s] [ 47%] Built target robotis_controller_msgs__rosidl_typesupport_fastrtps_cpp
[5.694s] [35m[1mConsolidate compiler generated dependencies of target robotis_controller_msgs__rosidl_typesupport_fastrtps_c[0m
[5.708s] [ 58%] Built target robotis_controller_msgs__rosidl_typesupport_fastrtps_c
[5.728s] [35m[1mConsolidate compiler generated dependencies of target robotis_controller_msgs__rosidl_typesupport_c[0m
[5.738s] [ 70%] Built target robotis_controller_msgs__rosidl_typesupport_c
[5.912s] [35m[1mConsolidate compiler generated dependencies of target robotis_controller_msgs__rosidl_typesupport_introspection_c[0m
[5.924s] [ 81%] Built target robotis_controller_msgs__rosidl_typesupport_introspection_c
[6.127s] [ 81%] Built target robotis_controller_msgs
[6.198s] [ 82%] Built target robotis_controller_msgs__py
[6.641s] [ 82%] Built target ament_cmake_python_copy_robotis_controller_msgs
[6.648s] [35m[1mConsolidate compiler generated dependencies of target robotis_controller_msgs__rosidl_generator_py[0m
[6.663s] [ 93%] Built target robotis_controller_msgs__rosidl_generator_py
[6.721s] [35m[1mConsolidate compiler generated dependencies of target robotis_controller_msgs__rosidl_typesupport_introspection_c__pyext[0m
[6.730s] [ 95%] Built target robotis_controller_msgs__rosidl_typesupport_introspection_c__pyext
[6.781s] [35m[1mConsolidate compiler generated dependencies of target robotis_controller_msgs__rosidl_typesupport_c__pyext[0m
[6.792s] [ 97%] Built target robotis_controller_msgs__rosidl_typesupport_c__pyext
[6.872s] [35m[1mConsolidate compiler generated dependencies of target robotis_controller_msgs__rosidl_typesupport_fastrtps_c__pyext[0m
[6.928s] [100%] Built target robotis_controller_msgs__rosidl_typesupport_fastrtps_c__pyext
[6.955s] running egg_info
[6.956s] writing robotis_controller_msgs.egg-info/PKG-INFO
[6.956s] writing dependency_links to robotis_controller_msgs.egg-info/dependency_links.txt
[6.956s] writing top-level names to robotis_controller_msgs.egg-info/top_level.txt
[6.958s] reading manifest file 'robotis_controller_msgs.egg-info/SOURCES.txt'
[7.061s] writing manifest file 'robotis_controller_msgs.egg-info/SOURCES.txt'
[7.083s] [100%] Built target ament_cmake_python_build_robotis_controller_msgs_egg
[7.950s] Invoked command in '/home/certezas/robotis_ws/build/robotis_controller_msgs' returned '0': CMAKE_PREFIX_PATH=${CMAKE_PREFIX_PATH}:/opt/ros/humble /usr/bin/cmake --build /home/certezas/robotis_ws/build/robotis_controller_msgs -- -j12 -l12
[8.075s] Invoking command in '/home/certezas/robotis_ws/build/robotis_controller_msgs': CMAKE_PREFIX_PATH=${CMAKE_PREFIX_PATH}:/opt/ros/humble /usr/bin/cmake --install /home/certezas/robotis_ws/build/robotis_controller_msgs
[8.086s] -- Install configuration: ""
[8.086s] -- Up-to-date: /home/certezas/robotis_ws/install/robotis_controller_msgs/share/ament_index/resource_index/rosidl_interfaces/robotis_controller_msgs
[8.086s] -- Up-to-date: /home/certezas/robotis_ws/install/robotis_controller_msgs/include/robotis_controller_msgs/robotis_controller_msgs
[8.086s] -- Up-to-date: /home/certezas/robotis_ws/install/robotis_controller_msgs/include/robotis_controller_msgs/robotis_controller_msgs/srv
[8.086s] -- Up-to-date: /home/certezas/robotis_ws/install/robotis_controller_msgs/include/robotis_controller_msgs/robotis_controller_msgs/srv/set_module.h
[8.086s] -- Up-to-date: /home/certezas/robotis_ws/install/robotis_controller_msgs/include/robotis_controller_msgs/robotis_controller_msgs/srv/load_offset.h
[8.086s] -- Up-to-date: /home/certezas/robotis_ws/install/robotis_controller_msgs/include/robotis_controller_msgs/robotis_controller_msgs/srv/get_joint_module.h
[8.086s] -- Up-to-date: /home/certezas/robotis_ws/install/robotis_controller_msgs/include/robotis_controller_msgs/robotis_controller_msgs/srv/detail
[8.086s] -- Up-to-date: /home/certezas/robotis_ws/install/robotis_controller_msgs/include/robotis_controller_msgs/robotis_controller_msgs/srv/detail/get_joint_module__struct.h
[8.087s] -- Up-to-date: /home/certezas/robotis_ws/install/robotis_controller_msgs/include/robotis_controller_msgs/robotis_controller_msgs/srv/detail/set_module__functions.c
[8.087s] -- Up-to-date: /home/certezas/robotis_ws/install/robotis_controller_msgs/include/robotis_controller_msgs/robotis_controller_msgs/srv/detail/get_joint_module__type_support.h
[8.087s] -- Up-to-date: /home/certezas/robotis_ws/install/robotis_controller_msgs/include/robotis_controller_msgs/robotis_controller_msgs/srv/detail/set_joint_module__functions.c
[8.087s] -- Up-to-date: /home/certezas/robotis_ws/install/robotis_controller_msgs/include/robotis_controller_msgs/robotis_controller_msgs/srv/detail/set_module__type_support.h
[8.087s] -- Up-to-date: /home/certezas/robotis_ws/install/robotis_controller_msgs/include/robotis_controller_msgs/robotis_controller_msgs/srv/detail/get_joint_module__functions.c
[8.087s] -- Up-to-date: /home/certezas/robotis_ws/install/robotis_controller_msgs/include/robotis_controller_msgs/robotis_controller_msgs/srv/detail/set_joint_module__type_support.h
[8.087s] -- Up-to-date: /home/certezas/robotis_ws/install/robotis_controller_msgs/include/robotis_controller_msgs/robotis_controller_msgs/srv/detail/load_offset__type_support.h
[8.087s] -- Up-to-date: /home/certezas/robotis_ws/install/robotis_controller_msgs/include/robotis_controller_msgs/robotis_controller_msgs/srv/detail/load_offset__functions.c
[8.087s] -- Up-to-date: /home/certezas/robotis_ws/install/robotis_controller_msgs/include/robotis_controller_msgs/robotis_controller_msgs/srv/detail/set_module__functions.h
[8.087s] -- Up-to-date: /home/certezas/robotis_ws/install/robotis_controller_msgs/include/robotis_controller_msgs/robotis_controller_msgs/srv/detail/set_joint_module__struct.h
[8.087s] -- Up-to-date: /home/certezas/robotis_ws/install/robotis_controller_msgs/include/robotis_controller_msgs/robotis_controller_msgs/srv/detail/load_offset__functions.h
[8.087s] -- Up-to-date: /home/certezas/robotis_ws/install/robotis_controller_msgs/include/robotis_controller_msgs/robotis_controller_msgs/srv/detail/load_offset__struct.h
[8.087s] -- Up-to-date: /home/certezas/robotis_ws/install/robotis_controller_msgs/include/robotis_controller_msgs/robotis_controller_msgs/srv/detail/get_joint_module__functions.h
[8.087s] -- Up-to-date: /home/certezas/robotis_ws/install/robotis_controller_msgs/include/robotis_controller_msgs/robotis_controller_msgs/srv/detail/set_module__struct.h
[8.087s] -- Up-to-date: /home/certezas/robotis_ws/install/robotis_controller_msgs/include/robotis_controller_msgs/robotis_controller_msgs/srv/detail/set_joint_module__functions.h
[8.087s] -- Up-to-date: /home/certezas/robotis_ws/install/robotis_controller_msgs/include/robotis_controller_msgs/robotis_controller_msgs/srv/set_joint_module.h
[8.087s] -- Up-to-date: /home/certezas/robotis_ws/install/robotis_controller_msgs/include/robotis_controller_msgs/robotis_controller_msgs/msg
[8.087s] -- Up-to-date: /home/certezas/robotis_ws/install/robotis_controller_msgs/include/robotis_controller_msgs/robotis_controller_msgs/msg/rosidl_generator_c__visibility_control.h
[8.088s] -- Up-to-date: /home/certezas/robotis_ws/install/robotis_controller_msgs/include/robotis_controller_msgs/robotis_controller_msgs/msg/write_control_table.h
[8.088s] -- Up-to-date: /home/certezas/robotis_ws/install/robotis_controller_msgs/include/robotis_controller_msgs/robotis_controller_msgs/msg/joint_ctrl_module.h
[8.088s] -- Up-to-date: /home/certezas/robotis_ws/install/robotis_controller_msgs/include/robotis_controller_msgs/robotis_controller_msgs/msg/status_msg.h
[8.088s] -- Up-to-date: /home/certezas/robotis_ws/install/robotis_controller_msgs/include/robotis_controller_msgs/robotis_controller_msgs/msg/sync_write_item.h
[8.088s] -- Up-to-date: /home/certezas/robotis_ws/install/robotis_controller_msgs/include/robotis_controller_msgs/robotis_controller_msgs/msg/detail
[8.088s] -- Up-to-date: /home/certezas/robotis_ws/install/robotis_controller_msgs/include/robotis_controller_msgs/robotis_controller_msgs/msg/detail/joint_ctrl_module__functions.c
[8.088s] -- Up-to-date: /home/certezas/robotis_ws/install/robotis_controller_msgs/include/robotis_controller_msgs/robotis_controller_msgs/msg/detail/sync_write_item__type_support.h
[8.088s] -- Up-to-date: /home/certezas/robotis_ws/install/robotis_controller_msgs/include/robotis_controller_msgs/robotis_controller_msgs/msg/detail/write_control_table__struct.h
[8.088s] -- Up-to-date: /home/certezas/robotis_ws/install/robotis_controller_msgs/include/robotis_controller_msgs/robotis_controller_msgs/msg/detail/sync_write_item__struct.h
[8.088s] -- Up-to-date: /home/certezas/robotis_ws/install/robotis_controller_msgs/include/robotis_controller_msgs/robotis_controller_msgs/msg/detail/sync_write_item__functions.h
[8.088s] -- Up-to-date: /home/certezas/robotis_ws/install/robotis_controller_msgs/include/robotis_controller_msgs/robotis_controller_msgs/msg/detail/status_msg__functions.h
[8.088s] -- Up-to-date: /home/certezas/robotis_ws/install/robotis_controller_msgs/include/robotis_controller_msgs/robotis_controller_msgs/msg/detail/sync_write_item__functions.c
[8.088s] -- Up-to-date: /home/certezas/robotis_ws/install/robotis_controller_msgs/include/robotis_controller_msgs/robotis_controller_msgs/msg/detail/joint_ctrl_module__functions.h
[8.088s] -- Up-to-date: /home/certezas/robotis_ws/install/robotis_controller_msgs/include/robotis_controller_msgs/robotis_controller_msgs/msg/detail/joint_ctrl_module__struct.h
[8.088s] -- Up-to-date: /home/certezas/robotis_ws/install/robotis_controller_msgs/include/robotis_controller_msgs/robotis_controller_msgs/msg/detail/status_msg__struct.h
[8.088s] -- Up-to-date: /home/certezas/robotis_ws/install/robotis_controller_msgs/include/robotis_controller_msgs/robotis_controller_msgs/msg/detail/write_control_table__functions.h
[8.089s] -- Up-to-date: /home/certezas/robotis_ws/install/robotis_controller_msgs/include/robotis_controller_msgs/robotis_controller_msgs/msg/detail/write_control_table__functions.c
[8.089s] -- Up-to-date: /home/certezas/robotis_ws/install/robotis_controller_msgs/include/robotis_controller_msgs/robotis_controller_msgs/msg/detail/write_control_table__type_support.h
[8.089s] -- Up-to-date: /home/certezas/robotis_ws/install/robotis_controller_msgs/include/robotis_controller_msgs/robotis_controller_msgs/msg/detail/status_msg__type_support.h
[8.089s] -- Up-to-date: /home/certezas/robotis_ws/install/robotis_controller_msgs/include/robotis_controller_msgs/robotis_controller_msgs/msg/detail/joint_ctrl_module__type_support.h
[8.089s] -- Up-to-date: /home/certezas/robotis_ws/install/robotis_controller_msgs/include/robotis_controller_msgs/robotis_controller_msgs/msg/detail/status_msg__functions.c
[8.089s] -- Up-to-date: /home/certezas/robotis_ws/install/robotis_controller_msgs/share/robotis_controller_msgs/environment/library_path.sh
[8.089s] -- Up-to-date: /home/certezas/robotis_ws/install/robotis_controller_msgs/share/robotis_controller_msgs/environment/library_path.dsv
[8.118s] -- Up-to-date: /home/certezas/robotis_ws/install/robotis_controller_msgs/lib/librobotis_controller_msgs__rosidl_generator_c.so
[8.119s] -- Up-to-date: /home/certezas/robotis_ws/install/robotis_controller_msgs/include/robotis_controller_msgs/robotis_controller_msgs
[8.119s] -- Up-to-date: /home/certezas/robotis_ws/install/robotis_controller_msgs/include/robotis_controller_msgs/robotis_controller_msgs/srv
[8.119s] -- Up-to-date: /home/certezas/robotis_ws/install/robotis_controller_msgs/include/robotis_controller_msgs/robotis_controller_msgs/srv/detail
[8.119s] -- Up-to-date: /home/certezas/robotis_ws/install/robotis_controller_msgs/include/robotis_controller_msgs/robotis_controller_msgs/srv/detail/set_module__rosidl_typesupport_fastrtps_c.h
[8.119s] -- Up-to-date: /home/certezas/robotis_ws/install/robotis_controller_msgs/include/robotis_controller_msgs/robotis_controller_msgs/srv/detail/load_offset__rosidl_typesupport_fastrtps_c.h
[8.119s] -- Up-to-date: /home/certezas/robotis_ws/install/robotis_controller_msgs/include/robotis_controller_msgs/robotis_controller_msgs/srv/detail/set_joint_module__rosidl_typesupport_fastrtps_c.h
[8.119s] -- Up-to-date: /home/certezas/robotis_ws/install/robotis_controller_msgs/include/robotis_controller_msgs/robotis_controller_msgs/srv/detail/get_joint_module__rosidl_typesupport_fastrtps_c.h
[8.119s] -- Up-to-date: /home/certezas/robotis_ws/install/robotis_controller_msgs/include/robotis_controller_msgs/robotis_controller_msgs/msg
[8.119s] -- Up-to-date: /home/certezas/robotis_ws/install/robotis_controller_msgs/include/robotis_controller_msgs/robotis_controller_msgs/msg/detail
[8.119s] -- Up-to-date: /home/certezas/robotis_ws/install/robotis_controller_msgs/include/robotis_controller_msgs/robotis_controller_msgs/msg/detail/write_control_table__rosidl_typesupport_fastrtps_c.h
[8.119s] -- Up-to-date: /home/certezas/robotis_ws/install/robotis_controller_msgs/include/robotis_controller_msgs/robotis_controller_msgs/msg/detail/status_msg__rosidl_typesupport_fastrtps_c.h
[8.119s] -- Up-to-date: /home/certezas/robotis_ws/install/robotis_controller_msgs/include/robotis_controller_msgs/robotis_controller_msgs/msg/detail/joint_ctrl_module__rosidl_typesupport_fastrtps_c.h
[8.119s] -- Up-to-date: /home/certezas/robotis_ws/install/robotis_controller_msgs/include/robotis_controller_msgs/robotis_controller_msgs/msg/detail/sync_write_item__rosidl_typesupport_fastrtps_c.h
[8.119s] -- Up-to-date: /home/certezas/robotis_ws/install/robotis_controller_msgs/include/robotis_controller_msgs/robotis_controller_msgs/msg/rosidl_typesupport_fastrtps_c__visibility_control.h
[8.119s] -- Up-to-date: /home/certezas/robotis_ws/install/robotis_controller_msgs/lib/librobotis_controller_msgs__rosidl_typesupport_fastrtps_c.so
[8.119s] -- Up-to-date: /home/certezas/robotis_ws/install/robotis_controller_msgs/include/robotis_controller_msgs/robotis_controller_msgs
[8.119s] -- Up-to-date: /home/certezas/robotis_ws/install/robotis_controller_msgs/include/robotis_controller_msgs/robotis_controller_msgs/srv
[8.120s] -- Up-to-date: /home/certezas/robotis_ws/install/robotis_controller_msgs/include/robotis_controller_msgs/robotis_controller_msgs/srv/set_module.hpp
[8.120s] -- Up-to-date: /home/certezas/robotis_ws/install/robotis_controller_msgs/include/robotis_controller_msgs/robotis_controller_msgs/srv/load_offset.hpp
[8.120s] -- Up-to-date: /home/certezas/robotis_ws/install/robotis_controller_msgs/include/robotis_controller_msgs/robotis_controller_msgs/srv/detail
[8.120s] -- Up-to-date: /home/certezas/robotis_ws/install/robotis_controller_msgs/include/robotis_controller_msgs/robotis_controller_msgs/srv/detail/set_module__traits.hpp
[8.120s] -- Up-to-date: /home/certezas/robotis_ws/install/robotis_controller_msgs/include/robotis_controller_msgs/robotis_controller_msgs/srv/detail/get_joint_module__struct.hpp
[8.120s] -- Up-to-date: /home/certezas/robotis_ws/install/robotis_controller_msgs/include/robotis_controller_msgs/robotis_controller_msgs/srv/detail/set_joint_module__traits.hpp
[8.120s] -- Up-to-date: /home/certezas/robotis_ws/install/robotis_controller_msgs/include/robotis_controller_msgs/robotis_controller_msgs/srv/detail/set_module__struct.hpp
[8.120s] -- Up-to-date: /home/certezas/robotis_ws/install/robotis_controller_msgs/include/robotis_controller_msgs/robotis_controller_msgs/srv/detail/get_joint_module__traits.hpp
[8.120s] -- Up-to-date: /home/certezas/robotis_ws/install/robotis_controller_msgs/include/robotis_controller_msgs/robotis_controller_msgs/srv/detail/get_joint_module__builder.hpp
[8.120s] -- Up-to-date: /home/certezas/robotis_ws/install/robotis_controller_msgs/include/robotis_controller_msgs/robotis_controller_msgs/srv/detail/set_module__builder.hpp
[8.120s] -- Up-to-date: /home/certezas/robotis_ws/install/robotis_controller_msgs/include/robotis_controller_msgs/robotis_controller_msgs/srv/detail/set_joint_module__builder.hpp
[8.120s] -- Up-to-date: /home/certezas/robotis_ws/install/robotis_controller_msgs/include/robotis_controller_msgs/robotis_controller_msgs/srv/detail/set_joint_module__type_support.hpp
[8.120s] -- Up-to-date: /home/certezas/robotis_ws/install/robotis_controller_msgs/include/robotis_controller_msgs/robotis_controller_msgs/srv/detail/load_offset__traits.hpp
[8.120s] -- Up-to-date: /home/certezas/robotis_ws/install/robotis_controller_msgs/include/robotis_controller_msgs/robotis_controller_msgs/srv/detail/load_offset__builder.hpp
[8.120s] -- Up-to-date: /home/certezas/robotis_ws/install/robotis_controller_msgs/include/robotis_controller_msgs/robotis_controller_msgs/srv/detail/load_offset__type_support.hpp
[8.120s] -- Up-to-date: /home/certezas/robotis_ws/install/robotis_controller_msgs/include/robotis_controller_msgs/robotis_controller_msgs/srv/detail/set_module__type_support.hpp
[8.120s] -- Up-to-date: /home/certezas/robotis_ws/install/robotis_controller_msgs/include/robotis_controller_msgs/robotis_controller_msgs/srv/detail/set_joint_module__struct.hpp
[8.120s] -- Up-to-date: /home/certezas/robotis_ws/install/robotis_controller_msgs/include/robotis_controller_msgs/robotis_controller_msgs/srv/detail/get_joint_module__type_support.hpp
[8.120s] -- Up-to-date: /home/certezas/robotis_ws/install/robotis_controller_msgs/include/robotis_controller_msgs/robotis_controller_msgs/srv/detail/load_offset__struct.hpp
[8.120s] -- Up-to-date: /home/certezas/robotis_ws/install/robotis_controller_msgs/include/robotis_controller_msgs/robotis_controller_msgs/srv/get_joint_module.hpp
[8.121s] -- Up-to-date: /home/certezas/robotis_ws/install/robotis_controller_msgs/include/robotis_controller_msgs/robotis_controller_msgs/srv/set_joint_module.hpp
[8.121s] -- Up-to-date: /home/certezas/robotis_ws/install/robotis_controller_msgs/include/robotis_controller_msgs/robotis_controller_msgs/msg
[8.121s] -- Up-to-date: /home/certezas/robotis_ws/install/robotis_controller_msgs/include/robotis_controller_msgs/robotis_controller_msgs/msg/write_control_table.hpp
[8.121s] -- Up-to-date: /home/certezas/robotis_ws/install/robotis_controller_msgs/include/robotis_controller_msgs/robotis_controller_msgs/msg/joint_ctrl_module.hpp
[8.121s] -- Up-to-date: /home/certezas/robotis_ws/install/robotis_controller_msgs/include/robotis_controller_msgs/robotis_controller_msgs/msg/status_msg.hpp
[8.121s] -- Up-to-date: /home/certezas/robotis_ws/install/robotis_controller_msgs/include/robotis_controller_msgs/robotis_controller_msgs/msg/rosidl_generator_cpp__visibility_control.hpp
[8.121s] -- Up-to-date: /home/certezas/robotis_ws/install/robotis_controller_msgs/include/robotis_controller_msgs/robotis_controller_msgs/msg/sync_write_item.hpp
[8.121s] -- Up-to-date: /home/certezas/robotis_ws/install/robotis_controller_msgs/include/robotis_controller_msgs/robotis_controller_msgs/msg/detail
[8.121s] -- Up-to-date: /home/certezas/robotis_ws/install/robotis_controller_msgs/include/robotis_controller_msgs/robotis_controller_msgs/msg/detail/joint_ctrl_module__builder.hpp
[8.121s] -- Up-to-date: /home/certezas/robotis_ws/install/robotis_controller_msgs/include/robotis_controller_msgs/robotis_controller_msgs/msg/detail/sync_write_item__traits.hpp
[8.121s] -- Up-to-date: /home/certezas/robotis_ws/install/robotis_controller_msgs/include/robotis_controller_msgs/robotis_controller_msgs/msg/detail/joint_ctrl_module__struct.hpp
[8.121s] -- Up-to-date: /home/certezas/robotis_ws/install/robotis_controller_msgs/include/robotis_controller_msgs/robotis_controller_msgs/msg/detail/write_control_table__traits.hpp
[8.121s] -- Up-to-date: /home/certezas/robotis_ws/install/robotis_controller_msgs/include/robotis_controller_msgs/robotis_controller_msgs/msg/detail/sync_write_item__type_support.hpp
[8.121s] -- Up-to-date: /home/certezas/robotis_ws/install/robotis_controller_msgs/include/robotis_controller_msgs/robotis_controller_msgs/msg/detail/joint_ctrl_module__traits.hpp
[8.121s] -- Up-to-date: /home/certezas/robotis_ws/install/robotis_controller_msgs/include/robotis_controller_msgs/robotis_controller_msgs/msg/detail/status_msg__type_support.hpp
[8.121s] -- Up-to-date: /home/certezas/robotis_ws/install/robotis_controller_msgs/include/robotis_controller_msgs/robotis_controller_msgs/msg/detail/status_msg__traits.hpp
[8.121s] -- Up-to-date: /home/certezas/robotis_ws/install/robotis_controller_msgs/include/robotis_controller_msgs/robotis_controller_msgs/msg/detail/write_control_table__type_support.hpp
[8.121s] -- Up-to-date: /home/certezas/robotis_ws/install/robotis_controller_msgs/include/robotis_controller_msgs/robotis_controller_msgs/msg/detail/write_control_table__struct.hpp
[8.121s] -- Up-to-date: /home/certezas/robotis_ws/install/robotis_controller_msgs/include/robotis_controller_msgs/robotis_controller_msgs/msg/detail/status_msg__builder.hpp
[8.121s] -- Up-to-date: /home/certezas/robotis_ws/install/robotis_controller_msgs/include/robotis_controller_msgs/robotis_controller_msgs/msg/detail/sync_write_item__builder.hpp
[8.121s] -- Up-to-date: /home/certezas/robotis_ws/install/robotis_controller_msgs/include/robotis_controller_msgs/robotis_controller_msgs/msg/detail/joint_ctrl_module__type_support.hpp
[8.121s] -- Up-to-date: /home/certezas/robotis_ws/install/robotis_controller_msgs/include/robotis_controller_msgs/robotis_controller_msgs/msg/detail/status_msg__struct.hpp
[8.121s] -- Up-to-date: /home/certezas/robotis_ws/install/robotis_controller_msgs/include/robotis_controller_msgs/robotis_controller_msgs/msg/detail/sync_write_item__struct.hpp
[8.121s] -- Up-to-date: /home/certezas/robotis_ws/install/robotis_controller_msgs/include/robotis_controller_msgs/robotis_controller_msgs/msg/detail/write_control_table__builder.hpp
[8.121s] -- Up-to-date: /home/certezas/robotis_ws/install/robotis_controller_msgs/include/robotis_controller_msgs/robotis_controller_msgs
[8.122s] -- Up-to-date: /home/certezas/robotis_ws/install/robotis_controller_msgs/include/robotis_controller_msgs/robotis_controller_msgs/srv
[8.122s] -- Up-to-date: /home/certezas/robotis_ws/install/robotis_controller_msgs/include/robotis_controller_msgs/robotis_controller_msgs/srv/detail
[8.122s] -- Up-to-date: /home/certezas/robotis_ws/install/robotis_controller_msgs/include/robotis_controller_msgs/robotis_controller_msgs/srv/detail/dds_fastrtps
[8.122s] -- Up-to-date: /home/certezas/robotis_ws/install/robotis_controller_msgs/include/robotis_controller_msgs/robotis_controller_msgs/srv/detail/set_joint_module__rosidl_typesupport_fastrtps_cpp.hpp
[8.122s] -- Up-to-date: /home/certezas/robotis_ws/install/robotis_controller_msgs/include/robotis_controller_msgs/robotis_controller_msgs/srv/detail/load_offset__rosidl_typesupport_fastrtps_cpp.hpp
[8.122s] -- Up-to-date: /home/certezas/robotis_ws/install/robotis_controller_msgs/include/robotis_controller_msgs/robotis_controller_msgs/srv/detail/set_module__rosidl_typesupport_fastrtps_cpp.hpp
[8.122s] -- Up-to-date: /home/certezas/robotis_ws/install/robotis_controller_msgs/include/robotis_controller_msgs/robotis_controller_msgs/srv/detail/get_joint_module__rosidl_typesupport_fastrtps_cpp.hpp
[8.122s] -- Up-to-date: /home/certezas/robotis_ws/install/robotis_controller_msgs/include/robotis_controller_msgs/robotis_controller_msgs/msg
[8.122s] -- Up-to-date: /home/certezas/robotis_ws/install/robotis_controller_msgs/include/robotis_controller_msgs/robotis_controller_msgs/msg/rosidl_typesupport_fastrtps_cpp__visibility_control.h
[8.122s] -- Up-to-date: /home/certezas/robotis_ws/install/robotis_controller_msgs/include/robotis_controller_msgs/robotis_controller_msgs/msg/detail
[8.122s] -- Up-to-date: /home/certezas/robotis_ws/install/robotis_controller_msgs/include/robotis_controller_msgs/robotis_controller_msgs/msg/detail/joint_ctrl_module__rosidl_typesupport_fastrtps_cpp.hpp
[8.122s] -- Up-to-date: /home/certezas/robotis_ws/install/robotis_controller_msgs/include/robotis_controller_msgs/robotis_controller_msgs/msg/detail/dds_fastrtps
[8.122s] -- Up-to-date: /home/certezas/robotis_ws/install/robotis_controller_msgs/include/robotis_controller_msgs/robotis_controller_msgs/msg/detail/status_msg__rosidl_typesupport_fastrtps_cpp.hpp
[8.122s] -- Up-to-date: /home/certezas/robotis_ws/install/robotis_controller_msgs/include/robotis_controller_msgs/robotis_controller_msgs/msg/detail/write_control_table__rosidl_typesupport_fastrtps_cpp.hpp
[8.122s] -- Up-to-date: /home/certezas/robotis_ws/install/robotis_controller_msgs/include/robotis_controller_msgs/robotis_controller_msgs/msg/detail/sync_write_item__rosidl_typesupport_fastrtps_cpp.hpp
[8.172s] -- Up-to-date: /home/certezas/robotis_ws/install/robotis_controller_msgs/lib/librobotis_controller_msgs__rosidl_typesupport_fastrtps_cpp.so
[8.172s] -- Up-to-date: /home/certezas/robotis_ws/install/robotis_controller_msgs/include/robotis_controller_msgs/robotis_controller_msgs
[8.172s] -- Up-to-date: /home/certezas/robotis_ws/install/robotis_controller_msgs/include/robotis_controller_msgs/robotis_controller_msgs/srv
[8.173s] -- Up-to-date: /home/certezas/robotis_ws/install/robotis_controller_msgs/include/robotis_controller_msgs/robotis_controller_msgs/srv/detail
[8.173s] -- Up-to-date: /home/certezas/robotis_ws/install/robotis_controller_msgs/include/robotis_controller_msgs/robotis_controller_msgs/srv/detail/set_joint_module__type_support.c
[8.173s] -- Up-to-date: /home/certezas/robotis_ws/install/robotis_controller_msgs/include/robotis_controller_msgs/robotis_controller_msgs/srv/detail/get_joint_module__type_support.c
[8.173s] -- Up-to-date: /home/certezas/robotis_ws/install/robotis_controller_msgs/include/robotis_controller_msgs/robotis_controller_msgs/srv/detail/set_module__type_support.c
[8.173s] -- Up-to-date: /home/certezas/robotis_ws/install/robotis_controller_msgs/include/robotis_controller_msgs/robotis_controller_msgs/srv/detail/get_joint_module__rosidl_typesupport_introspection_c.h
[8.173s] -- Up-to-date: /home/certezas/robotis_ws/install/robotis_controller_msgs/include/robotis_controller_msgs/robotis_controller_msgs/srv/detail/set_joint_module__rosidl_typesupport_introspection_c.h
[8.173s] -- Up-to-date: /home/certezas/robotis_ws/install/robotis_controller_msgs/include/robotis_controller_msgs/robotis_controller_msgs/srv/detail/load_offset__type_support.c
[8.173s] -- Up-to-date: /home/certezas/robotis_ws/install/robotis_controller_msgs/include/robotis_controller_msgs/robotis_controller_msgs/srv/detail/set_module__rosidl_typesupport_introspection_c.h
[8.173s] -- Up-to-date: /home/certezas/robotis_ws/install/robotis_controller_msgs/include/robotis_controller_msgs/robotis_controller_msgs/srv/detail/load_offset__rosidl_typesupport_introspection_c.h
[8.173s] -- Up-to-date: /home/certezas/robotis_ws/install/robotis_controller_msgs/include/robotis_controller_msgs/robotis_controller_msgs/msg
[8.173s] -- Up-to-date: /home/certezas/robotis_ws/install/robotis_controller_msgs/include/robotis_controller_msgs/robotis_controller_msgs/msg/rosidl_typesupport_introspection_c__visibility_control.h
[8.173s] -- Up-to-date: /home/certezas/robotis_ws/install/robotis_controller_msgs/include/robotis_controller_msgs/robotis_controller_msgs/msg/detail
[8.173s] -- Up-to-date: /home/certezas/robotis_ws/install/robotis_controller_msgs/include/robotis_controller_msgs/robotis_controller_msgs/msg/detail/status_msg__rosidl_typesupport_introspection_c.h
[8.173s] -- Up-to-date: /home/certezas/robotis_ws/install/robotis_controller_msgs/include/robotis_controller_msgs/robotis_controller_msgs/msg/detail/write_control_table__type_support.c
[8.173s] -- Up-to-date: /home/certezas/robotis_ws/install/robotis_controller_msgs/include/robotis_controller_msgs/robotis_controller_msgs/msg/detail/sync_write_item__type_support.c
[8.173s] -- Up-to-date: /home/certezas/robotis_ws/install/robotis_controller_msgs/include/robotis_controller_msgs/robotis_controller_msgs/msg/detail/joint_ctrl_module__rosidl_typesupport_introspection_c.h
[8.173s] -- Up-to-date: /home/certezas/robotis_ws/install/robotis_controller_msgs/include/robotis_controller_msgs/robotis_controller_msgs/msg/detail/sync_write_item__rosidl_typesupport_introspection_c.h
[8.173s] -- Up-to-date: /home/certezas/robotis_ws/install/robotis_controller_msgs/include/robotis_controller_msgs/robotis_controller_msgs/msg/detail/status_msg__type_support.c
[8.174s] -- Up-to-date: /home/certezas/robotis_ws/install/robotis_controller_msgs/include/robotis_controller_msgs/robotis_controller_msgs/msg/detail/joint_ctrl_module__type_support.c
[8.174s] -- Up-to-date: /home/certezas/robotis_ws/install/robotis_controller_msgs/include/robotis_controller_msgs/robotis_controller_msgs/msg/detail/write_control_table__rosidl_typesupport_introspection_c.h
[8.396s] -- Up-to-date: /home/certezas/robotis_ws/install/robotis_controller_msgs/lib/librobotis_controller_msgs__rosidl_typesupport_introspection_c.so
[8.464s] -- Up-to-date: /home/certezas/robotis_ws/install/robotis_controller_msgs/lib/librobotis_controller_msgs__rosidl_typesupport_c.so
[8.464s] -- Up-to-date: /home/certezas/robotis_ws/install/robotis_controller_msgs/include/robotis_controller_msgs/robotis_controller_msgs
[8.464s] -- Up-to-date: /home/certezas/robotis_ws/install/robotis_controller_msgs/include/robotis_controller_msgs/robotis_controller_msgs/srv
[8.464s] -- Up-to-date: /home/certezas/robotis_ws/install/robotis_controller_msgs/include/robotis_controller_msgs/robotis_controller_msgs/srv/detail
[8.464s] -- Up-to-date: /home/certezas/robotis_ws/install/robotis_controller_msgs/include/robotis_controller_msgs/robotis_controller_msgs/srv/detail/set_module__rosidl_typesupport_introspection_cpp.hpp
[8.465s] -- Up-to-date: /home/certezas/robotis_ws/install/robotis_controller_msgs/include/robotis_controller_msgs/robotis_controller_msgs/srv/detail/set_joint_module__rosidl_typesupport_introspection_cpp.hpp
[8.465s] -- Up-to-date: /home/certezas/robotis_ws/install/robotis_controller_msgs/include/robotis_controller_msgs/robotis_controller_msgs/srv/detail/get_joint_module__type_support.cpp
[8.465s] -- Up-to-date: /home/certezas/robotis_ws/install/robotis_controller_msgs/include/robotis_controller_msgs/robotis_controller_msgs/srv/detail/get_joint_module__rosidl_typesupport_introspection_cpp.hpp
[8.465s] -- Up-to-date: /home/certezas/robotis_ws/install/robotis_controller_msgs/include/robotis_controller_msgs/robotis_controller_msgs/srv/detail/load_offset__rosidl_typesupport_introspection_cpp.hpp
[8.465s] -- Up-to-date: /home/certezas/robotis_ws/install/robotis_controller_msgs/include/robotis_controller_msgs/robotis_controller_msgs/srv/detail/set_joint_module__type_support.cpp
[8.465s] -- Up-to-date: /home/certezas/robotis_ws/install/robotis_controller_msgs/include/robotis_controller_msgs/robotis_controller_msgs/srv/detail/load_offset__type_support.cpp
[8.465s] -- Up-to-date: /home/certezas/robotis_ws/install/robotis_controller_msgs/include/robotis_controller_msgs/robotis_controller_msgs/srv/detail/set_module__type_support.cpp
[8.465s] -- Up-to-date: /home/certezas/robotis_ws/install/robotis_controller_msgs/include/robotis_controller_msgs/robotis_controller_msgs/msg
[8.465s] -- Up-to-date: /home/certezas/robotis_ws/install/robotis_controller_msgs/include/robotis_controller_msgs/robotis_controller_msgs/msg/detail
[8.465s] -- Up-to-date: /home/certezas/robotis_ws/install/robotis_controller_msgs/include/robotis_controller_msgs/robotis_controller_msgs/msg/detail/write_control_table__type_support.cpp
[8.465s] -- Up-to-date: /home/certezas/robotis_ws/install/robotis_controller_msgs/include/robotis_controller_msgs/robotis_controller_msgs/msg/detail/write_control_table__rosidl_typesupport_introspection_cpp.hpp
[8.465s] -- Up-to-date: /home/certezas/robotis_ws/install/robotis_controller_msgs/include/robotis_controller_msgs/robotis_controller_msgs/msg/detail/joint_ctrl_module__rosidl_typesupport_introspection_cpp.hpp
[8.465s] -- Up-to-date: /home/certezas/robotis_ws/install/robotis_controller_msgs/include/robotis_controller_msgs/robotis_controller_msgs/msg/detail/sync_write_item__type_support.cpp
[8.465s] -- Up-to-date: /home/certezas/robotis_ws/install/robotis_controller_msgs/include/robotis_controller_msgs/robotis_controller_msgs/msg/detail/status_msg__rosidl_typesupport_introspection_cpp.hpp
[8.465s] -- Up-to-date: /home/certezas/robotis_ws/install/robotis_controller_msgs/include/robotis_controller_msgs/robotis_controller_msgs/msg/detail/sync_write_item__rosidl_typesupport_introspection_cpp.hpp
[8.465s] -- Up-to-date: /home/certezas/robotis_ws/install/robotis_controller_msgs/include/robotis_controller_msgs/robotis_controller_msgs/msg/detail/status_msg__type_support.cpp
[8.465s] -- Up-to-date: /home/certezas/robotis_ws/install/robotis_controller_msgs/include/robotis_controller_msgs/robotis_controller_msgs/msg/detail/joint_ctrl_module__type_support.cpp
[8.565s] -- Up-to-date: /home/certezas/robotis_ws/install/robotis_controller_msgs/lib/librobotis_controller_msgs__rosidl_typesupport_introspection_cpp.so
[8.602s] -- Up-to-date: /home/certezas/robotis_ws/install/robotis_controller_msgs/lib/librobotis_controller_msgs__rosidl_typesupport_cpp.so
[8.602s] -- Up-to-date: /home/certezas/robotis_ws/install/robotis_controller_msgs/share/robotis_controller_msgs/environment/pythonpath.sh
[8.602s] -- Up-to-date: /home/certezas/robotis_ws/install/robotis_controller_msgs/share/robotis_controller_msgs/environment/pythonpath.dsv
[8.602s] -- Up-to-date: /home/certezas/robotis_ws/install/robotis_controller_msgs/local/lib/python3.10/dist-packages/robotis_controller_msgs-0.1.4-py3.10.egg-info
[8.602s] -- Installing: /home/certezas/robotis_ws/install/robotis_controller_msgs/local/lib/python3.10/dist-packages/robotis_controller_msgs-0.1.4-py3.10.egg-info/PKG-INFO
[8.602s] -- Installing: /home/certezas/robotis_ws/install/robotis_controller_msgs/local/lib/python3.10/dist-packages/robotis_controller_msgs-0.1.4-py3.10.egg-info/dependency_links.txt
[8.602s] -- Installing: /home/certezas/robotis_ws/install/robotis_controller_msgs/local/lib/python3.10/dist-packages/robotis_controller_msgs-0.1.4-py3.10.egg-info/top_level.txt
[8.602s] -- Installing: /home/certezas/robotis_ws/install/robotis_controller_msgs/local/lib/python3.10/dist-packages/robotis_controller_msgs-0.1.4-py3.10.egg-info/SOURCES.txt
[8.602s] -- Up-to-date: /home/certezas/robotis_ws/install/robotis_controller_msgs/local/lib/python3.10/dist-packages/robotis_controller_msgs
[8.603s] -- Up-to-date: /home/certezas/robotis_ws/install/robotis_controller_msgs/local/lib/python3.10/dist-packages/robotis_controller_msgs/_robotis_controller_msgs_s.ep.rosidl_typesupport_introspection_c.c
[8.603s] -- Up-to-date: /home/certezas/robotis_ws/install/robotis_controller_msgs/local/lib/python3.10/dist-packages/robotis_controller_msgs/robotis_controller_msgs_s__rosidl_typesupport_fastrtps_c.cpython-310-x86_64-linux-gnu.so
[8.603s] -- Up-to-date: /home/certezas/robotis_ws/install/robotis_controller_msgs/local/lib/python3.10/dist-packages/robotis_controller_msgs/__init__.py
[8.603s] -- Up-to-date: /home/certezas/robotis_ws/install/robotis_controller_msgs/local/lib/python3.10/dist-packages/robotis_controller_msgs/_robotis_controller_msgs_s.ep.rosidl_typesupport_c.c
[8.603s] -- Up-to-date: /home/certezas/robotis_ws/install/robotis_controller_msgs/local/lib/python3.10/dist-packages/robotis_controller_msgs/srv
[8.603s] -- Up-to-date: /home/certezas/robotis_ws/install/robotis_controller_msgs/local/lib/python3.10/dist-packages/robotis_controller_msgs/srv/_set_module_s.c
[8.603s] -- Up-to-date: /home/certezas/robotis_ws/install/robotis_controller_msgs/local/lib/python3.10/dist-packages/robotis_controller_msgs/srv/_load_offset.py
[8.603s] -- Up-to-date: /home/certezas/robotis_ws/install/robotis_controller_msgs/local/lib/python3.10/dist-packages/robotis_controller_msgs/srv/_get_joint_module_s.c
[8.603s] -- Up-to-date: /home/certezas/robotis_ws/install/robotis_controller_msgs/local/lib/python3.10/dist-packages/robotis_controller_msgs/srv/_set_joint_module_s.c
[8.603s] -- Up-to-date: /home/certezas/robotis_ws/install/robotis_controller_msgs/local/lib/python3.10/dist-packages/robotis_controller_msgs/srv/_set_joint_module.py
[8.603s] -- Up-to-date: /home/certezas/robotis_ws/install/robotis_controller_msgs/local/lib/python3.10/dist-packages/robotis_controller_msgs/srv/__init__.py
[8.603s] -- Up-to-date: /home/certezas/robotis_ws/install/robotis_controller_msgs/local/lib/python3.10/dist-packages/robotis_controller_msgs/srv/_load_offset_s.c
[8.603s] -- Up-to-date: /home/certezas/robotis_ws/install/robotis_controller_msgs/local/lib/python3.10/dist-packages/robotis_controller_msgs/srv/_get_joint_module.py
[8.603s] -- Up-to-date: /home/certezas/robotis_ws/install/robotis_controller_msgs/local/lib/python3.10/dist-packages/robotis_controller_msgs/srv/_set_module.py
[8.603s] -- Up-to-date: /home/certezas/robotis_ws/install/robotis_controller_msgs/local/lib/python3.10/dist-packages/robotis_controller_msgs/robotis_controller_msgs_s__rosidl_typesupport_introspection_c.cpython-310-x86_64-linux-gnu.so
[8.603s] -- Up-to-date: /home/certezas/robotis_ws/install/robotis_controller_msgs/local/lib/python3.10/dist-packages/robotis_controller_msgs/_robotis_controller_msgs_s.ep.rosidl_typesupport_fastrtps_c.c
[8.603s] -- Up-to-date: /home/certezas/robotis_ws/install/robotis_controller_msgs/local/lib/python3.10/dist-packages/robotis_controller_msgs/msg
[8.603s] -- Up-to-date: /home/certezas/robotis_ws/install/robotis_controller_msgs/local/lib/python3.10/dist-packages/robotis_controller_msgs/msg/_status_msg.py
[8.603s] -- Up-to-date: /home/certezas/robotis_ws/install/robotis_controller_msgs/local/lib/python3.10/dist-packages/robotis_controller_msgs/msg/_write_control_table_s.c
[8.603s] -- Up-to-date: /home/certezas/robotis_ws/install/robotis_controller_msgs/local/lib/python3.10/dist-packages/robotis_controller_msgs/msg/__init__.py
[8.603s] -- Up-to-date: /home/certezas/robotis_ws/install/robotis_controller_msgs/local/lib/python3.10/dist-packages/robotis_controller_msgs/msg/_status_msg_s.c
[8.603s] -- Up-to-date: /home/certezas/robotis_ws/install/robotis_controller_msgs/local/lib/python3.10/dist-packages/robotis_controller_msgs/msg/_joint_ctrl_module_s.c
[8.604s] -- Up-to-date: /home/certezas/robotis_ws/install/robotis_controller_msgs/local/lib/python3.10/dist-packages/robotis_controller_msgs/msg/_sync_write_item.py
[8.604s] -- Up-to-date: /home/certezas/robotis_ws/install/robotis_controller_msgs/local/lib/python3.10/dist-packages/robotis_controller_msgs/msg/_joint_ctrl_module.py
[8.604s] -- Up-to-date: /home/certezas/robotis_ws/install/robotis_controller_msgs/local/lib/python3.10/dist-packages/robotis_controller_msgs/msg/_sync_write_item_s.c
[8.604s] -- Up-to-date: /home/certezas/robotis_ws/install/robotis_controller_msgs/local/lib/python3.10/dist-packages/robotis_controller_msgs/msg/_write_control_table.py
[8.604s] -- Up-to-date: /home/certezas/robotis_ws/install/robotis_controller_msgs/local/lib/python3.10/dist-packages/robotis_controller_msgs/librobotis_controller_msgs__rosidl_generator_py.so
[8.604s] -- Up-to-date: /home/certezas/robotis_ws/install/robotis_controller_msgs/local/lib/python3.10/dist-packages/robotis_controller_msgs/robotis_controller_msgs_s__rosidl_typesupport_c.cpython-310-x86_64-linux-gnu.so
[8.851s] Listing '/home/certezas/robotis_ws/install/robotis_controller_msgs/local/lib/python3.10/dist-packages/robotis_controller_msgs'...
[8.851s] Listing '/home/certezas/robotis_ws/install/robotis_controller_msgs/local/lib/python3.10/dist-packages/robotis_controller_msgs/msg'...
[8.851s] Listing '/home/certezas/robotis_ws/install/robotis_controller_msgs/local/lib/python3.10/dist-packages/robotis_controller_msgs/srv'...
[8.876s] -- Up-to-date: /home/certezas/robotis_ws/install/robotis_controller_msgs/local/lib/python3.10/dist-packages/robotis_controller_msgs/robotis_controller_msgs_s__rosidl_typesupport_fastrtps_c.cpython-310-x86_64-linux-gnu.so
[8.899s] -- Up-to-date: /home/certezas/robotis_ws/install/robotis_controller_msgs/local/lib/python3.10/dist-packages/robotis_controller_msgs/robotis_controller_msgs_s__rosidl_typesupport_introspection_c.cpython-310-x86_64-linux-gnu.so
[8.953s] -- Up-to-date: /home/certezas/robotis_ws/install/robotis_controller_msgs/local/lib/python3.10/dist-packages/robotis_controller_msgs/robotis_controller_msgs_s__rosidl_typesupport_c.cpython-310-x86_64-linux-gnu.so
[8.953s] -- Up-to-date: /home/certezas/robotis_ws/install/robotis_controller_msgs/lib/librobotis_controller_msgs__rosidl_generator_py.so
[8.953s] -- Up-to-date: /home/certezas/robotis_ws/install/robotis_controller_msgs/share/robotis_controller_msgs/msg/SyncWriteItem.idl
[8.953s] -- Up-to-date: /home/certezas/robotis_ws/install/robotis_controller_msgs/share/robotis_controller_msgs/msg/JointCtrlModule.idl
[8.953s] -- Up-to-date: /home/certezas/robotis_ws/install/robotis_controller_msgs/share/robotis_controller_msgs/msg/StatusMsg.idl
[8.953s] -- Up-to-date: /home/certezas/robotis_ws/install/robotis_controller_msgs/share/robotis_controller_msgs/msg/WriteControlTable.idl
[8.953s] -- Up-to-date: /home/certezas/robotis_ws/install/robotis_controller_msgs/share/robotis_controller_msgs/srv/GetJointModule.idl
[8.954s] -- Up-to-date: /home/certezas/robotis_ws/install/robotis_controller_msgs/share/robotis_controller_msgs/srv/SetJointModule.idl
[8.954s] -- Up-to-date: /home/certezas/robotis_ws/install/robotis_controller_msgs/share/robotis_controller_msgs/srv/SetModule.idl
[8.954s] -- Up-to-date: /home/certezas/robotis_ws/install/robotis_controller_msgs/share/robotis_controller_msgs/srv/LoadOffset.idl
[8.954s] -- Up-to-date: /home/certezas/robotis_ws/install/robotis_controller_msgs/share/robotis_controller_msgs/msg/SyncWriteItem.msg
[8.954s] -- Up-to-date: /home/certezas/robotis_ws/install/robotis_controller_msgs/share/robotis_controller_msgs/msg/JointCtrlModule.msg
[8.954s] -- Up-to-date: /home/certezas/robotis_ws/install/robotis_controller_msgs/share/robotis_controller_msgs/msg/StatusMsg.msg
[8.954s] -- Up-to-date: /home/certezas/robotis_ws/install/robotis_controller_msgs/share/robotis_controller_msgs/msg/WriteControlTable.msg
[8.954s] -- Up-to-date: /home/certezas/robotis_ws/install/robotis_controller_msgs/share/robotis_controller_msgs/srv/GetJointModule.srv
[8.954s] -- Up-to-date: /home/certezas/robotis_ws/install/robotis_controller_msgs/share/robotis_controller_msgs/srv/GetJointModule_Request.msg
[8.954s] -- Up-to-date: /home/certezas/robotis_ws/install/robotis_controller_msgs/share/robotis_controller_msgs/srv/GetJointModule_Response.msg
[8.954s] -- Up-to-date: /home/certezas/robotis_ws/install/robotis_controller_msgs/share/robotis_controller_msgs/srv/SetJointModule.srv
[8.954s] -- Up-to-date: /home/certezas/robotis_ws/install/robotis_controller_msgs/share/robotis_controller_msgs/srv/SetJointModule_Request.msg
[8.954s] -- Up-to-date: /home/certezas/robotis_ws/install/robotis_controller_msgs/share/robotis_controller_msgs/srv/SetJointModule_Response.msg
[8.954s] -- Up-to-date: /home/certezas/robotis_ws/install/robotis_controller_msgs/share/robotis_controller_msgs/srv/SetModule.srv
[8.955s] -- Up-to-date: /home/certezas/robotis_ws/install/robotis_controller_msgs/share/robotis_controller_msgs/srv/SetModule_Request.msg
[8.955s] -- Up-to-date: /home/certezas/robotis_ws/install/robotis_controller_msgs/share/robotis_controller_msgs/srv/SetModule_Response.msg
[8.955s] -- Up-to-date: /home/certezas/robotis_ws/install/robotis_controller_msgs/share/robotis_controller_msgs/srv/LoadOffset.srv
[8.955s] -- Up-to-date: /home/certezas/robotis_ws/install/robotis_controller_msgs/share/robotis_controller_msgs/srv/LoadOffset_Request.msg
[8.955s] -- Up-to-date: /home/certezas/robotis_ws/install/robotis_controller_msgs/share/robotis_controller_msgs/srv/LoadOffset_Response.msg
[8.955s] -- Up-to-date: /home/certezas/robotis_ws/install/robotis_controller_msgs/share/ament_index/resource_index/package_run_dependencies/robotis_controller_msgs
[8.955s] -- Up-to-date: /home/certezas/robotis_ws/install/robotis_controller_msgs/share/ament_index/resource_index/parent_prefix_path/robotis_controller_msgs
[8.955s] -- Up-to-date: /home/certezas/robotis_ws/install/robotis_controller_msgs/share/robotis_controller_msgs/environment/ament_prefix_path.sh
[8.955s] -- Up-to-date: /home/certezas/robotis_ws/install/robotis_controller_msgs/share/robotis_controller_msgs/environment/ament_prefix_path.dsv
[8.955s] -- Up-to-date: /home/certezas/robotis_ws/install/robotis_controller_msgs/share/robotis_controller_msgs/environment/path.sh
[8.955s] -- Up-to-date: /home/certezas/robotis_ws/install/robotis_controller_msgs/share/robotis_controller_msgs/environment/path.dsv
[8.955s] -- Up-to-date: /home/certezas/robotis_ws/install/robotis_controller_msgs/share/robotis_controller_msgs/local_setup.bash
[8.955s] -- Up-to-date: /home/certezas/robotis_ws/install/robotis_controller_msgs/share/robotis_controller_msgs/local_setup.sh
[8.955s] -- Up-to-date: /home/certezas/robotis_ws/install/robotis_controller_msgs/share/robotis_controller_msgs/local_setup.zsh
[8.955s] -- Up-to-date: /home/certezas/robotis_ws/install/robotis_controller_msgs/share/robotis_controller_msgs/local_setup.dsv
[8.955s] -- Installing: /home/certezas/robotis_ws/install/robotis_controller_msgs/share/robotis_controller_msgs/package.dsv
[8.984s] -- Up-to-date: /home/certezas/robotis_ws/install/robotis_controller_msgs/share/ament_index/resource_index/packages/robotis_controller_msgs
[9.080s] -- Up-to-date: /home/certezas/robotis_ws/install/robotis_controller_msgs/share/robotis_controller_msgs/cmake/export_robotis_controller_msgs__rosidl_generator_cExport.cmake
[9.080s] -- Up-to-date: /home/certezas/robotis_ws/install/robotis_controller_msgs/share/robotis_controller_msgs/cmake/export_robotis_controller_msgs__rosidl_generator_cExport-noconfig.cmake
[9.114s] -- Up-to-date: /home/certezas/robotis_ws/install/robotis_controller_msgs/share/robotis_controller_msgs/cmake/export_robotis_controller_msgs__rosidl_typesupport_fastrtps_cExport.cmake
[9.114s] -- Up-to-date: /home/certezas/robotis_ws/install/robotis_controller_msgs/share/robotis_controller_msgs/cmake/export_robotis_controller_msgs__rosidl_typesupport_fastrtps_cExport-noconfig.cmake
[9.114s] -- Up-to-date: /home/certezas/robotis_ws/install/robotis_controller_msgs/share/robotis_controller_msgs/cmake/export_robotis_controller_msgs__rosidl_generator_cppExport.cmake
[9.115s] -- Up-to-date: /home/certezas/robotis_ws/install/robotis_controller_msgs/share/robotis_controller_msgs/cmake/export_robotis_controller_msgs__rosidl_typesupport_fastrtps_cppExport.cmake
[9.115s] -- Up-to-date: /home/certezas/robotis_ws/install/robotis_controller_msgs/share/robotis_controller_msgs/cmake/export_robotis_controller_msgs__rosidl_typesupport_fastrtps_cppExport-noconfig.cmake
[9.115s] -- Up-to-date: /home/certezas/robotis_ws/install/robotis_controller_msgs/share/robotis_controller_msgs/cmake/robotis_controller_msgs__rosidl_typesupport_introspection_cExport.cmake
[9.115s] -- Up-to-date: /home/certezas/robotis_ws/install/robotis_controller_msgs/share/robotis_controller_msgs/cmake/robotis_controller_msgs__rosidl_typesupport_introspection_cExport-noconfig.cmake
[9.115s] -- Up-to-date: /home/certezas/robotis_ws/install/robotis_controller_msgs/share/robotis_controller_msgs/cmake/robotis_controller_msgs__rosidl_typesupport_cExport.cmake
[9.115s] -- Up-to-date: /home/certezas/robotis_ws/install/robotis_controller_msgs/share/robotis_controller_msgs/cmake/robotis_controller_msgs__rosidl_typesupport_cExport-noconfig.cmake
[9.138s] -- Up-to-date: /home/certezas/robotis_ws/install/robotis_controller_msgs/share/robotis_controller_msgs/cmake/robotis_controller_msgs__rosidl_typesupport_introspection_cppExport.cmake
[9.138s] -- Up-to-date: /home/certezas/robotis_ws/install/robotis_controller_msgs/share/robotis_controller_msgs/cmake/robotis_controller_msgs__rosidl_typesupport_introspection_cppExport-noconfig.cmake
[9.139s] -- Up-to-date: /home/certezas/robotis_ws/install/robotis_controller_msgs/share/robotis_controller_msgs/cmake/robotis_controller_msgs__rosidl_typesupport_cppExport.cmake
[9.140s] -- Up-to-date: /home/certezas/robotis_ws/install/robotis_controller_msgs/share/robotis_controller_msgs/cmake/robotis_controller_msgs__rosidl_typesupport_cppExport-noconfig.cmake
[9.150s] -- Up-to-date: /home/certezas/robotis_ws/install/robotis_controller_msgs/share/robotis_controller_msgs/cmake/export_robotis_controller_msgs__rosidl_generator_pyExport.cmake
[9.150s] -- Up-to-date: /home/certezas/robotis_ws/install/robotis_controller_msgs/share/robotis_controller_msgs/cmake/export_robotis_controller_msgs__rosidl_generator_pyExport-noconfig.cmake
[9.151s] -- Up-to-date: /home/certezas/robotis_ws/install/robotis_controller_msgs/share/robotis_controller_msgs/cmake/rosidl_cmake-extras.cmake
[9.151s] -- Up-to-date: /home/certezas/robotis_ws/install/robotis_controller_msgs/share/robotis_controller_msgs/cmake/ament_cmake_export_dependencies-extras.cmake
[9.151s] -- Up-to-date: /home/certezas/robotis_ws/install/robotis_controller_msgs/share/robotis_controller_msgs/cmake/ament_cmake_export_include_directories-extras.cmake
[9.151s] -- Up-to-date: /home/certezas/robotis_ws/install/robotis_controller_msgs/share/robotis_controller_msgs/cmake/ament_cmake_export_libraries-extras.cmake
[9.151s] -- Up-to-date: /home/certezas/robotis_ws/install/robotis_controller_msgs/share/robotis_controller_msgs/cmake/ament_cmake_export_targets-extras.cmake
[9.151s] -- Up-to-date: /home/certezas/robotis_ws/install/robotis_controller_msgs/share/robotis_controller_msgs/cmake/rosidl_cmake_export_typesupport_targets-extras.cmake
[9.151s] -- Up-to-date: /home/certezas/robotis_ws/install/robotis_controller_msgs/share/robotis_controller_msgs/cmake/rosidl_cmake_export_typesupport_libraries-extras.cmake
[9.151s] -- Up-to-date: /home/certezas/robotis_ws/install/robotis_controller_msgs/share/robotis_controller_msgs/cmake/robotis_controller_msgsConfig.cmake
[9.151s] -- Up-to-date: /home/certezas/robotis_ws/install/robotis_controller_msgs/share/robotis_controller_msgs/cmake/robotis_controller_msgsConfig-version.cmake
[9.151s] -- Up-to-date: /home/certezas/robotis_ws/install/robotis_controller_msgs/share/robotis_controller_msgs/package.xml
[10.398s] Invoked command in '/home/certezas/robotis_ws/build/robotis_controller_msgs' returned '0': CMAKE_PREFIX_PATH=${CMAKE_PREFIX_PATH}:/opt/ros/humble /usr/bin/cmake --install /home/certezas/robotis_ws/build/robotis_controller_msgs
