[0.060s] Invoking command in '/home/certezas/robotis_ws/build/op3_walking_module_msgs': CMAKE_PREFIX_PATH=${CMAKE_PREFIX_PATH}:/opt/ros/humble /usr/bin/cmake --build /home/certezas/robotis_ws/build/op3_walking_module_msgs -- -j12 -l12
[0.167s] [  2%] Built target op3_walking_module_msgs__cpp
[0.190s] [ 12%] Built target op3_walking_module_msgs__rosidl_generator_c
[0.197s] [ 12%] Built target ament_cmake_python_copy_op3_walking_module_msgs
[0.259s] [ 23%] Built target op3_walking_module_msgs__rosidl_typesupport_introspection_c
[0.338s] [ 34%] Built target op3_walking_module_msgs__rosidl_typesupport_cpp
[0.400s] [ 44%] Built target op3_walking_module_msgs__rosidl_typesupport_introspection_cpp
[0.433s] [ 55%] Built target op3_walking_module_msgs__rosidl_typesupport_fastrtps_c
[0.433s] [ 65%] Built target op3_walking_module_msgs__rosidl_typesupport_c
[0.448s] [ 76%] Built target op3_walking_module_msgs__rosidl_typesupport_fastrtps_cpp
[0.517s] [ 76%] Built target op3_walking_module_msgs
[0.602s] [ 78%] Built target op3_walking_module_msgs__py
[0.685s] [ 87%] Built target op3_walking_module_msgs__rosidl_generator_py
[0.775s] [ 91%] Built target op3_walking_module_msgs__rosidl_typesupport_introspection_c__pyext
[0.779s] [ 95%] Built target op3_walking_module_msgs__rosidl_typesupport_c__pyext
[0.799s] [100%] Built target op3_walking_module_msgs__rosidl_typesupport_fastrtps_c__pyext
[1.019s] running egg_info
[1.019s] writing op3_walking_module_msgs.egg-info/PKG-INFO
[1.019s] writing dependency_links to op3_walking_module_msgs.egg-info/dependency_links.txt
[1.019s] writing top-level names to op3_walking_module_msgs.egg-info/top_level.txt
[1.019s] reading manifest file 'op3_walking_module_msgs.egg-info/SOURCES.txt'
[1.019s] writing manifest file 'op3_walking_module_msgs.egg-info/SOURCES.txt'
[1.104s] [100%] Built target ament_cmake_python_build_op3_walking_module_msgs_egg
[1.173s] Invoked command in '/home/certezas/robotis_ws/build/op3_walking_module_msgs' returned '0': CMAKE_PREFIX_PATH=${CMAKE_PREFIX_PATH}:/opt/ros/humble /usr/bin/cmake --build /home/certezas/robotis_ws/build/op3_walking_module_msgs -- -j12 -l12
[1.175s] Invoking command in '/home/certezas/robotis_ws/build/op3_walking_module_msgs': CMAKE_PREFIX_PATH=${CMAKE_PREFIX_PATH}:/opt/ros/humble /usr/bin/cmake --install /home/certezas/robotis_ws/build/op3_walking_module_msgs
[1.275s] -- Install configuration: ""
[1.275s] -- Up-to-date: /home/certezas/robotis_ws/install/op3_walking_module_msgs/share/ament_index/resource_index/rosidl_interfaces/op3_walking_module_msgs
[1.275s] -- Up-to-date: /home/certezas/robotis_ws/install/op3_walking_module_msgs/include/op3_walking_module_msgs/op3_walking_module_msgs
[1.276s] -- Up-to-date: /home/certezas/robotis_ws/install/op3_walking_module_msgs/include/op3_walking_module_msgs/op3_walking_module_msgs/srv
[1.276s] -- Up-to-date: /home/certezas/robotis_ws/install/op3_walking_module_msgs/include/op3_walking_module_msgs/op3_walking_module_msgs/srv/get_walking_param.h
[1.276s] -- Up-to-date: /home/certezas/robotis_ws/install/op3_walking_module_msgs/include/op3_walking_module_msgs/op3_walking_module_msgs/srv/set_walking_param.h
[1.276s] -- Up-to-date: /home/certezas/robotis_ws/install/op3_walking_module_msgs/include/op3_walking_module_msgs/op3_walking_module_msgs/srv/detail
[1.276s] -- Up-to-date: /home/certezas/robotis_ws/install/op3_walking_module_msgs/include/op3_walking_module_msgs/op3_walking_module_msgs/srv/detail/get_walking_param__type_support.h
[1.276s] -- Up-to-date: /home/certezas/robotis_ws/install/op3_walking_module_msgs/include/op3_walking_module_msgs/op3_walking_module_msgs/srv/detail/set_walking_param__type_support.h
[1.276s] -- Up-to-date: /home/certezas/robotis_ws/install/op3_walking_module_msgs/include/op3_walking_module_msgs/op3_walking_module_msgs/srv/detail/set_walking_param__functions.c
[1.276s] -- Up-to-date: /home/certezas/robotis_ws/install/op3_walking_module_msgs/include/op3_walking_module_msgs/op3_walking_module_msgs/srv/detail/set_walking_param__functions.h
[1.276s] -- Up-to-date: /home/certezas/robotis_ws/install/op3_walking_module_msgs/include/op3_walking_module_msgs/op3_walking_module_msgs/srv/detail/set_walking_param__struct.h
[1.276s] -- Up-to-date: /home/certezas/robotis_ws/install/op3_walking_module_msgs/include/op3_walking_module_msgs/op3_walking_module_msgs/srv/detail/get_walking_param__functions.c
[1.276s] -- Up-to-date: /home/certezas/robotis_ws/install/op3_walking_module_msgs/include/op3_walking_module_msgs/op3_walking_module_msgs/srv/detail/get_walking_param__struct.h
[1.277s] -- Up-to-date: /home/certezas/robotis_ws/install/op3_walking_module_msgs/include/op3_walking_module_msgs/op3_walking_module_msgs/srv/detail/get_walking_param__functions.h
[1.277s] -- Up-to-date: /home/certezas/robotis_ws/install/op3_walking_module_msgs/include/op3_walking_module_msgs/op3_walking_module_msgs/msg
[1.277s] -- Up-to-date: /home/certezas/robotis_ws/install/op3_walking_module_msgs/include/op3_walking_module_msgs/op3_walking_module_msgs/msg/rosidl_generator_c__visibility_control.h
[1.277s] -- Up-to-date: /home/certezas/robotis_ws/install/op3_walking_module_msgs/include/op3_walking_module_msgs/op3_walking_module_msgs/msg/walking_param.h
[1.277s] -- Up-to-date: /home/certezas/robotis_ws/install/op3_walking_module_msgs/include/op3_walking_module_msgs/op3_walking_module_msgs/msg/detail
[1.277s] -- Up-to-date: /home/certezas/robotis_ws/install/op3_walking_module_msgs/include/op3_walking_module_msgs/op3_walking_module_msgs/msg/detail/walking_param__struct.h
[1.277s] -- Up-to-date: /home/certezas/robotis_ws/install/op3_walking_module_msgs/include/op3_walking_module_msgs/op3_walking_module_msgs/msg/detail/walking_param__functions.h
[1.277s] -- Up-to-date: /home/certezas/robotis_ws/install/op3_walking_module_msgs/include/op3_walking_module_msgs/op3_walking_module_msgs/msg/detail/walking_param__functions.c
[1.277s] -- Up-to-date: /home/certezas/robotis_ws/install/op3_walking_module_msgs/include/op3_walking_module_msgs/op3_walking_module_msgs/msg/detail/walking_param__type_support.h
[1.277s] -- Up-to-date: /home/certezas/robotis_ws/install/op3_walking_module_msgs/share/op3_walking_module_msgs/environment/library_path.sh
[1.278s] -- Up-to-date: /home/certezas/robotis_ws/install/op3_walking_module_msgs/share/op3_walking_module_msgs/environment/library_path.dsv
[1.278s] -- Up-to-date: /home/certezas/robotis_ws/install/op3_walking_module_msgs/lib/libop3_walking_module_msgs__rosidl_generator_c.so
[1.278s] -- Up-to-date: /home/certezas/robotis_ws/install/op3_walking_module_msgs/include/op3_walking_module_msgs/op3_walking_module_msgs
[1.280s] -- Up-to-date: /home/certezas/robotis_ws/install/op3_walking_module_msgs/include/op3_walking_module_msgs/op3_walking_module_msgs/srv
[1.280s] -- Up-to-date: /home/certezas/robotis_ws/install/op3_walking_module_msgs/include/op3_walking_module_msgs/op3_walking_module_msgs/srv/detail
[1.280s] -- Up-to-date: /home/certezas/robotis_ws/install/op3_walking_module_msgs/include/op3_walking_module_msgs/op3_walking_module_msgs/srv/detail/get_walking_param__rosidl_typesupport_fastrtps_c.h
[1.281s] -- Up-to-date: /home/certezas/robotis_ws/install/op3_walking_module_msgs/include/op3_walking_module_msgs/op3_walking_module_msgs/srv/detail/set_walking_param__rosidl_typesupport_fastrtps_c.h
[1.281s] -- Up-to-date: /home/certezas/robotis_ws/install/op3_walking_module_msgs/include/op3_walking_module_msgs/op3_walking_module_msgs/msg
[1.281s] -- Up-to-date: /home/certezas/robotis_ws/install/op3_walking_module_msgs/include/op3_walking_module_msgs/op3_walking_module_msgs/msg/detail
[1.281s] -- Up-to-date: /home/certezas/robotis_ws/install/op3_walking_module_msgs/include/op3_walking_module_msgs/op3_walking_module_msgs/msg/detail/walking_param__rosidl_typesupport_fastrtps_c.h
[1.281s] -- Up-to-date: /home/certezas/robotis_ws/install/op3_walking_module_msgs/include/op3_walking_module_msgs/op3_walking_module_msgs/msg/rosidl_typesupport_fastrtps_c__visibility_control.h
[1.281s] -- Up-to-date: /home/certezas/robotis_ws/install/op3_walking_module_msgs/lib/libop3_walking_module_msgs__rosidl_typesupport_fastrtps_c.so
[1.281s] -- Up-to-date: /home/certezas/robotis_ws/install/op3_walking_module_msgs/include/op3_walking_module_msgs/op3_walking_module_msgs
[1.281s] -- Up-to-date: /home/certezas/robotis_ws/install/op3_walking_module_msgs/include/op3_walking_module_msgs/op3_walking_module_msgs/srv
[1.281s] -- Up-to-date: /home/certezas/robotis_ws/install/op3_walking_module_msgs/include/op3_walking_module_msgs/op3_walking_module_msgs/srv/detail
[1.281s] -- Up-to-date: /home/certezas/robotis_ws/install/op3_walking_module_msgs/include/op3_walking_module_msgs/op3_walking_module_msgs/srv/detail/get_walking_param__rosidl_typesupport_introspection_c.h
[1.282s] -- Up-to-date: /home/certezas/robotis_ws/install/op3_walking_module_msgs/include/op3_walking_module_msgs/op3_walking_module_msgs/srv/detail/set_walking_param__rosidl_typesupport_introspection_c.h
[1.282s] -- Up-to-date: /home/certezas/robotis_ws/install/op3_walking_module_msgs/include/op3_walking_module_msgs/op3_walking_module_msgs/srv/detail/get_walking_param__type_support.c
[1.282s] -- Up-to-date: /home/certezas/robotis_ws/install/op3_walking_module_msgs/include/op3_walking_module_msgs/op3_walking_module_msgs/srv/detail/set_walking_param__type_support.c
[1.282s] -- Up-to-date: /home/certezas/robotis_ws/install/op3_walking_module_msgs/include/op3_walking_module_msgs/op3_walking_module_msgs/msg
[1.282s] -- Up-to-date: /home/certezas/robotis_ws/install/op3_walking_module_msgs/include/op3_walking_module_msgs/op3_walking_module_msgs/msg/rosidl_typesupport_introspection_c__visibility_control.h
[1.282s] -- Up-to-date: /home/certezas/robotis_ws/install/op3_walking_module_msgs/include/op3_walking_module_msgs/op3_walking_module_msgs/msg/detail
[1.282s] -- Up-to-date: /home/certezas/robotis_ws/install/op3_walking_module_msgs/include/op3_walking_module_msgs/op3_walking_module_msgs/msg/detail/walking_param__type_support.c
[1.282s] -- Up-to-date: /home/certezas/robotis_ws/install/op3_walking_module_msgs/include/op3_walking_module_msgs/op3_walking_module_msgs/msg/detail/walking_param__rosidl_typesupport_introspection_c.h
[1.282s] -- Up-to-date: /home/certezas/robotis_ws/install/op3_walking_module_msgs/lib/libop3_walking_module_msgs__rosidl_typesupport_introspection_c.so
[1.282s] -- Up-to-date: /home/certezas/robotis_ws/install/op3_walking_module_msgs/lib/libop3_walking_module_msgs__rosidl_typesupport_c.so
[1.283s] -- Up-to-date: /home/certezas/robotis_ws/install/op3_walking_module_msgs/include/op3_walking_module_msgs/op3_walking_module_msgs
[1.283s] -- Up-to-date: /home/certezas/robotis_ws/install/op3_walking_module_msgs/include/op3_walking_module_msgs/op3_walking_module_msgs/srv
[1.283s] -- Up-to-date: /home/certezas/robotis_ws/install/op3_walking_module_msgs/include/op3_walking_module_msgs/op3_walking_module_msgs/srv/get_walking_param.hpp
[1.290s] -- Up-to-date: /home/certezas/robotis_ws/install/op3_walking_module_msgs/include/op3_walking_module_msgs/op3_walking_module_msgs/srv/set_walking_param.hpp
[1.290s] -- Up-to-date: /home/certezas/robotis_ws/install/op3_walking_module_msgs/include/op3_walking_module_msgs/op3_walking_module_msgs/srv/detail
[1.291s] -- Up-to-date: /home/certezas/robotis_ws/install/op3_walking_module_msgs/include/op3_walking_module_msgs/op3_walking_module_msgs/srv/detail/get_walking_param__struct.hpp
[1.291s] -- Up-to-date: /home/certezas/robotis_ws/install/op3_walking_module_msgs/include/op3_walking_module_msgs/op3_walking_module_msgs/srv/detail/set_walking_param__traits.hpp
[1.291s] -- Up-to-date: /home/certezas/robotis_ws/install/op3_walking_module_msgs/include/op3_walking_module_msgs/op3_walking_module_msgs/srv/detail/set_walking_param__type_support.hpp
[1.291s] -- Up-to-date: /home/certezas/robotis_ws/install/op3_walking_module_msgs/include/op3_walking_module_msgs/op3_walking_module_msgs/srv/detail/get_walking_param__builder.hpp
[1.291s] -- Up-to-date: /home/certezas/robotis_ws/install/op3_walking_module_msgs/include/op3_walking_module_msgs/op3_walking_module_msgs/srv/detail/get_walking_param__type_support.hpp
[1.291s] -- Up-to-date: /home/certezas/robotis_ws/install/op3_walking_module_msgs/include/op3_walking_module_msgs/op3_walking_module_msgs/srv/detail/set_walking_param__builder.hpp
[1.291s] -- Up-to-date: /home/certezas/robotis_ws/install/op3_walking_module_msgs/include/op3_walking_module_msgs/op3_walking_module_msgs/srv/detail/get_walking_param__traits.hpp
[1.291s] -- Up-to-date: /home/certezas/robotis_ws/install/op3_walking_module_msgs/include/op3_walking_module_msgs/op3_walking_module_msgs/srv/detail/set_walking_param__struct.hpp
[1.291s] -- Up-to-date: /home/certezas/robotis_ws/install/op3_walking_module_msgs/include/op3_walking_module_msgs/op3_walking_module_msgs/msg
[1.291s] -- Up-to-date: /home/certezas/robotis_ws/install/op3_walking_module_msgs/include/op3_walking_module_msgs/op3_walking_module_msgs/msg/walking_param.hpp
[1.292s] -- Up-to-date: /home/certezas/robotis_ws/install/op3_walking_module_msgs/include/op3_walking_module_msgs/op3_walking_module_msgs/msg/rosidl_generator_cpp__visibility_control.hpp
[1.292s] -- Up-to-date: /home/certezas/robotis_ws/install/op3_walking_module_msgs/include/op3_walking_module_msgs/op3_walking_module_msgs/msg/detail
[1.292s] -- Up-to-date: /home/certezas/robotis_ws/install/op3_walking_module_msgs/include/op3_walking_module_msgs/op3_walking_module_msgs/msg/detail/walking_param__struct.hpp
[1.292s] -- Up-to-date: /home/certezas/robotis_ws/install/op3_walking_module_msgs/include/op3_walking_module_msgs/op3_walking_module_msgs/msg/detail/walking_param__traits.hpp
[1.292s] -- Up-to-date: /home/certezas/robotis_ws/install/op3_walking_module_msgs/include/op3_walking_module_msgs/op3_walking_module_msgs/msg/detail/walking_param__builder.hpp
[1.292s] -- Up-to-date: /home/certezas/robotis_ws/install/op3_walking_module_msgs/include/op3_walking_module_msgs/op3_walking_module_msgs/msg/detail/walking_param__type_support.hpp
[1.292s] -- Up-to-date: /home/certezas/robotis_ws/install/op3_walking_module_msgs/include/op3_walking_module_msgs/op3_walking_module_msgs
[1.292s] -- Up-to-date: /home/certezas/robotis_ws/install/op3_walking_module_msgs/include/op3_walking_module_msgs/op3_walking_module_msgs/srv
[1.292s] -- Up-to-date: /home/certezas/robotis_ws/install/op3_walking_module_msgs/include/op3_walking_module_msgs/op3_walking_module_msgs/srv/detail
[1.292s] -- Up-to-date: /home/certezas/robotis_ws/install/op3_walking_module_msgs/include/op3_walking_module_msgs/op3_walking_module_msgs/srv/detail/dds_fastrtps
[1.293s] -- Up-to-date: /home/certezas/robotis_ws/install/op3_walking_module_msgs/include/op3_walking_module_msgs/op3_walking_module_msgs/srv/detail/set_walking_param__rosidl_typesupport_fastrtps_cpp.hpp
[1.293s] -- Up-to-date: /home/certezas/robotis_ws/install/op3_walking_module_msgs/include/op3_walking_module_msgs/op3_walking_module_msgs/srv/detail/get_walking_param__rosidl_typesupport_fastrtps_cpp.hpp
[1.293s] -- Up-to-date: /home/certezas/robotis_ws/install/op3_walking_module_msgs/include/op3_walking_module_msgs/op3_walking_module_msgs/msg
[1.299s] -- Up-to-date: /home/certezas/robotis_ws/install/op3_walking_module_msgs/include/op3_walking_module_msgs/op3_walking_module_msgs/msg/rosidl_typesupport_fastrtps_cpp__visibility_control.h
[1.300s] -- Up-to-date: /home/certezas/robotis_ws/install/op3_walking_module_msgs/include/op3_walking_module_msgs/op3_walking_module_msgs/msg/detail
[1.300s] -- Up-to-date: /home/certezas/robotis_ws/install/op3_walking_module_msgs/include/op3_walking_module_msgs/op3_walking_module_msgs/msg/detail/dds_fastrtps
[1.300s] -- Up-to-date: /home/certezas/robotis_ws/install/op3_walking_module_msgs/include/op3_walking_module_msgs/op3_walking_module_msgs/msg/detail/walking_param__rosidl_typesupport_fastrtps_cpp.hpp
[1.300s] -- Up-to-date: /home/certezas/robotis_ws/install/op3_walking_module_msgs/lib/libop3_walking_module_msgs__rosidl_typesupport_fastrtps_cpp.so
[1.300s] -- Up-to-date: /home/certezas/robotis_ws/install/op3_walking_module_msgs/include/op3_walking_module_msgs/op3_walking_module_msgs
[1.300s] -- Up-to-date: /home/certezas/robotis_ws/install/op3_walking_module_msgs/include/op3_walking_module_msgs/op3_walking_module_msgs/srv
[1.300s] -- Up-to-date: /home/certezas/robotis_ws/install/op3_walking_module_msgs/include/op3_walking_module_msgs/op3_walking_module_msgs/srv/detail
[1.300s] -- Up-to-date: /home/certezas/robotis_ws/install/op3_walking_module_msgs/include/op3_walking_module_msgs/op3_walking_module_msgs/srv/detail/set_walking_param__rosidl_typesupport_introspection_cpp.hpp
[1.300s] -- Up-to-date: /home/certezas/robotis_ws/install/op3_walking_module_msgs/include/op3_walking_module_msgs/op3_walking_module_msgs/srv/detail/get_walking_param__type_support.cpp
[1.301s] -- Up-to-date: /home/certezas/robotis_ws/install/op3_walking_module_msgs/include/op3_walking_module_msgs/op3_walking_module_msgs/srv/detail/get_walking_param__rosidl_typesupport_introspection_cpp.hpp
[1.301s] -- Up-to-date: /home/certezas/robotis_ws/install/op3_walking_module_msgs/include/op3_walking_module_msgs/op3_walking_module_msgs/srv/detail/set_walking_param__type_support.cpp
[1.301s] -- Up-to-date: /home/certezas/robotis_ws/install/op3_walking_module_msgs/include/op3_walking_module_msgs/op3_walking_module_msgs/msg
[1.301s] -- Up-to-date: /home/certezas/robotis_ws/install/op3_walking_module_msgs/include/op3_walking_module_msgs/op3_walking_module_msgs/msg/detail
[1.301s] -- Up-to-date: /home/certezas/robotis_ws/install/op3_walking_module_msgs/include/op3_walking_module_msgs/op3_walking_module_msgs/msg/detail/walking_param__rosidl_typesupport_introspection_cpp.hpp
[1.301s] -- Up-to-date: /home/certezas/robotis_ws/install/op3_walking_module_msgs/include/op3_walking_module_msgs/op3_walking_module_msgs/msg/detail/walking_param__type_support.cpp
[1.301s] -- Up-to-date: /home/certezas/robotis_ws/install/op3_walking_module_msgs/lib/libop3_walking_module_msgs__rosidl_typesupport_introspection_cpp.so
[1.301s] -- Up-to-date: /home/certezas/robotis_ws/install/op3_walking_module_msgs/lib/libop3_walking_module_msgs__rosidl_typesupport_cpp.so
[1.302s] -- Up-to-date: /home/certezas/robotis_ws/install/op3_walking_module_msgs/share/op3_walking_module_msgs/environment/pythonpath.sh
[1.302s] -- Up-to-date: /home/certezas/robotis_ws/install/op3_walking_module_msgs/share/op3_walking_module_msgs/environment/pythonpath.dsv
[1.302s] -- Up-to-date: /home/certezas/robotis_ws/install/op3_walking_module_msgs/local/lib/python3.10/dist-packages/op3_walking_module_msgs-0.1.1-py3.10.egg-info
[1.302s] -- Installing: /home/certezas/robotis_ws/install/op3_walking_module_msgs/local/lib/python3.10/dist-packages/op3_walking_module_msgs-0.1.1-py3.10.egg-info/PKG-INFO
[1.302s] -- Installing: /home/certezas/robotis_ws/install/op3_walking_module_msgs/local/lib/python3.10/dist-packages/op3_walking_module_msgs-0.1.1-py3.10.egg-info/dependency_links.txt
[1.302s] -- Installing: /home/certezas/robotis_ws/install/op3_walking_module_msgs/local/lib/python3.10/dist-packages/op3_walking_module_msgs-0.1.1-py3.10.egg-info/top_level.txt
[1.302s] -- Installing: /home/certezas/robotis_ws/install/op3_walking_module_msgs/local/lib/python3.10/dist-packages/op3_walking_module_msgs-0.1.1-py3.10.egg-info/SOURCES.txt
[1.302s] -- Up-to-date: /home/certezas/robotis_ws/install/op3_walking_module_msgs/local/lib/python3.10/dist-packages/op3_walking_module_msgs
[1.306s] -- Up-to-date: /home/certezas/robotis_ws/install/op3_walking_module_msgs/local/lib/python3.10/dist-packages/op3_walking_module_msgs/_op3_walking_module_msgs_s.ep.rosidl_typesupport_fastrtps_c.c
[1.306s] -- Up-to-date: /home/certezas/robotis_ws/install/op3_walking_module_msgs/local/lib/python3.10/dist-packages/op3_walking_module_msgs/op3_walking_module_msgs_s__rosidl_typesupport_introspection_c.cpython-310-x86_64-linux-gnu.so
[1.306s] -- Up-to-date: /home/certezas/robotis_ws/install/op3_walking_module_msgs/local/lib/python3.10/dist-packages/op3_walking_module_msgs/op3_walking_module_msgs_s__rosidl_typesupport_c.cpython-310-x86_64-linux-gnu.so
[1.306s] -- Up-to-date: /home/certezas/robotis_ws/install/op3_walking_module_msgs/local/lib/python3.10/dist-packages/op3_walking_module_msgs/_op3_walking_module_msgs_s.ep.rosidl_typesupport_c.c
[1.306s] -- Up-to-date: /home/certezas/robotis_ws/install/op3_walking_module_msgs/local/lib/python3.10/dist-packages/op3_walking_module_msgs/__init__.py
[1.306s] -- Up-to-date: /home/certezas/robotis_ws/install/op3_walking_module_msgs/local/lib/python3.10/dist-packages/op3_walking_module_msgs/libop3_walking_module_msgs__rosidl_generator_py.so
[1.306s] -- Up-to-date: /home/certezas/robotis_ws/install/op3_walking_module_msgs/local/lib/python3.10/dist-packages/op3_walking_module_msgs/srv
[1.306s] -- Up-to-date: /home/certezas/robotis_ws/install/op3_walking_module_msgs/local/lib/python3.10/dist-packages/op3_walking_module_msgs/srv/_set_walking_param_s.c
[1.306s] -- Up-to-date: /home/certezas/robotis_ws/install/op3_walking_module_msgs/local/lib/python3.10/dist-packages/op3_walking_module_msgs/srv/_get_walking_param_s.c
[1.306s] -- Up-to-date: /home/certezas/robotis_ws/install/op3_walking_module_msgs/local/lib/python3.10/dist-packages/op3_walking_module_msgs/srv/__init__.py
[1.307s] -- Up-to-date: /home/certezas/robotis_ws/install/op3_walking_module_msgs/local/lib/python3.10/dist-packages/op3_walking_module_msgs/srv/_set_walking_param.py
[1.307s] -- Up-to-date: /home/certezas/robotis_ws/install/op3_walking_module_msgs/local/lib/python3.10/dist-packages/op3_walking_module_msgs/srv/_get_walking_param.py
[1.307s] -- Up-to-date: /home/certezas/robotis_ws/install/op3_walking_module_msgs/local/lib/python3.10/dist-packages/op3_walking_module_msgs/_op3_walking_module_msgs_s.ep.rosidl_typesupport_introspection_c.c
[1.307s] -- Up-to-date: /home/certezas/robotis_ws/install/op3_walking_module_msgs/local/lib/python3.10/dist-packages/op3_walking_module_msgs/op3_walking_module_msgs_s__rosidl_typesupport_fastrtps_c.cpython-310-x86_64-linux-gnu.so
[1.307s] -- Up-to-date: /home/certezas/robotis_ws/install/op3_walking_module_msgs/local/lib/python3.10/dist-packages/op3_walking_module_msgs/msg
[1.307s] -- Up-to-date: /home/certezas/robotis_ws/install/op3_walking_module_msgs/local/lib/python3.10/dist-packages/op3_walking_module_msgs/msg/_walking_param.py
[1.307s] -- Up-to-date: /home/certezas/robotis_ws/install/op3_walking_module_msgs/local/lib/python3.10/dist-packages/op3_walking_module_msgs/msg/__init__.py
[1.307s] -- Up-to-date: /home/certezas/robotis_ws/install/op3_walking_module_msgs/local/lib/python3.10/dist-packages/op3_walking_module_msgs/msg/_walking_param_s.c
[1.326s] Listing '/home/certezas/robotis_ws/install/op3_walking_module_msgs/local/lib/python3.10/dist-packages/op3_walking_module_msgs'...
[1.326s] Listing '/home/certezas/robotis_ws/install/op3_walking_module_msgs/local/lib/python3.10/dist-packages/op3_walking_module_msgs/msg'...
[1.326s] Listing '/home/certezas/robotis_ws/install/op3_walking_module_msgs/local/lib/python3.10/dist-packages/op3_walking_module_msgs/srv'...
[1.326s] -- Up-to-date: /home/certezas/robotis_ws/install/op3_walking_module_msgs/local/lib/python3.10/dist-packages/op3_walking_module_msgs/op3_walking_module_msgs_s__rosidl_typesupport_fastrtps_c.cpython-310-x86_64-linux-gnu.so
[1.327s] -- Up-to-date: /home/certezas/robotis_ws/install/op3_walking_module_msgs/local/lib/python3.10/dist-packages/op3_walking_module_msgs/op3_walking_module_msgs_s__rosidl_typesupport_introspection_c.cpython-310-x86_64-linux-gnu.so
[1.327s] -- Up-to-date: /home/certezas/robotis_ws/install/op3_walking_module_msgs/local/lib/python3.10/dist-packages/op3_walking_module_msgs/op3_walking_module_msgs_s__rosidl_typesupport_c.cpython-310-x86_64-linux-gnu.so
[1.327s] -- Up-to-date: /home/certezas/robotis_ws/install/op3_walking_module_msgs/lib/libop3_walking_module_msgs__rosidl_generator_py.so
[1.327s] -- Up-to-date: /home/certezas/robotis_ws/install/op3_walking_module_msgs/share/op3_walking_module_msgs/msg/WalkingParam.idl
[1.327s] -- Up-to-date: /home/certezas/robotis_ws/install/op3_walking_module_msgs/share/op3_walking_module_msgs/srv/GetWalkingParam.idl
[1.327s] -- Up-to-date: /home/certezas/robotis_ws/install/op3_walking_module_msgs/share/op3_walking_module_msgs/srv/SetWalkingParam.idl
[1.327s] -- Up-to-date: /home/certezas/robotis_ws/install/op3_walking_module_msgs/share/op3_walking_module_msgs/msg/WalkingParam.msg
[1.327s] -- Up-to-date: /home/certezas/robotis_ws/install/op3_walking_module_msgs/share/op3_walking_module_msgs/srv/GetWalkingParam.srv
[1.327s] -- Up-to-date: /home/certezas/robotis_ws/install/op3_walking_module_msgs/share/op3_walking_module_msgs/srv/GetWalkingParam_Request.msg
[1.327s] -- Up-to-date: /home/certezas/robotis_ws/install/op3_walking_module_msgs/share/op3_walking_module_msgs/srv/GetWalkingParam_Response.msg
[1.327s] -- Up-to-date: /home/certezas/robotis_ws/install/op3_walking_module_msgs/share/op3_walking_module_msgs/srv/SetWalkingParam.srv
[1.327s] -- Up-to-date: /home/certezas/robotis_ws/install/op3_walking_module_msgs/share/op3_walking_module_msgs/srv/SetWalkingParam_Request.msg
[1.327s] -- Up-to-date: /home/certezas/robotis_ws/install/op3_walking_module_msgs/share/op3_walking_module_msgs/srv/SetWalkingParam_Response.msg
[1.327s] -- Up-to-date: /home/certezas/robotis_ws/install/op3_walking_module_msgs/share/ament_index/resource_index/package_run_dependencies/op3_walking_module_msgs
[1.327s] -- Up-to-date: /home/certezas/robotis_ws/install/op3_walking_module_msgs/share/ament_index/resource_index/parent_prefix_path/op3_walking_module_msgs
[1.327s] -- Up-to-date: /home/certezas/robotis_ws/install/op3_walking_module_msgs/share/op3_walking_module_msgs/environment/ament_prefix_path.sh
[1.327s] -- Up-to-date: /home/certezas/robotis_ws/install/op3_walking_module_msgs/share/op3_walking_module_msgs/environment/ament_prefix_path.dsv
[1.327s] -- Up-to-date: /home/certezas/robotis_ws/install/op3_walking_module_msgs/share/op3_walking_module_msgs/environment/path.sh
[1.327s] -- Up-to-date: /home/certezas/robotis_ws/install/op3_walking_module_msgs/share/op3_walking_module_msgs/environment/path.dsv
[1.327s] -- Up-to-date: /home/certezas/robotis_ws/install/op3_walking_module_msgs/share/op3_walking_module_msgs/local_setup.bash
[1.328s] -- Up-to-date: /home/certezas/robotis_ws/install/op3_walking_module_msgs/share/op3_walking_module_msgs/local_setup.sh
[1.328s] -- Up-to-date: /home/certezas/robotis_ws/install/op3_walking_module_msgs/share/op3_walking_module_msgs/local_setup.zsh
[1.328s] -- Up-to-date: /home/certezas/robotis_ws/install/op3_walking_module_msgs/share/op3_walking_module_msgs/local_setup.dsv
[1.328s] -- Installing: /home/certezas/robotis_ws/install/op3_walking_module_msgs/share/op3_walking_module_msgs/package.dsv
[1.328s] -- Up-to-date: /home/certezas/robotis_ws/install/op3_walking_module_msgs/share/ament_index/resource_index/packages/op3_walking_module_msgs
[1.328s] -- Up-to-date: /home/certezas/robotis_ws/install/op3_walking_module_msgs/share/op3_walking_module_msgs/cmake/export_op3_walking_module_msgs__rosidl_generator_cExport.cmake
[1.328s] -- Up-to-date: /home/certezas/robotis_ws/install/op3_walking_module_msgs/share/op3_walking_module_msgs/cmake/export_op3_walking_module_msgs__rosidl_generator_cExport-noconfig.cmake
[1.328s] -- Up-to-date: /home/certezas/robotis_ws/install/op3_walking_module_msgs/share/op3_walking_module_msgs/cmake/export_op3_walking_module_msgs__rosidl_typesupport_fastrtps_cExport.cmake
[1.328s] -- Up-to-date: /home/certezas/robotis_ws/install/op3_walking_module_msgs/share/op3_walking_module_msgs/cmake/export_op3_walking_module_msgs__rosidl_typesupport_fastrtps_cExport-noconfig.cmake
[1.328s] -- Up-to-date: /home/certezas/robotis_ws/install/op3_walking_module_msgs/share/op3_walking_module_msgs/cmake/op3_walking_module_msgs__rosidl_typesupport_introspection_cExport.cmake
[1.328s] -- Up-to-date: /home/certezas/robotis_ws/install/op3_walking_module_msgs/share/op3_walking_module_msgs/cmake/op3_walking_module_msgs__rosidl_typesupport_introspection_cExport-noconfig.cmake
[1.328s] -- Up-to-date: /home/certezas/robotis_ws/install/op3_walking_module_msgs/share/op3_walking_module_msgs/cmake/op3_walking_module_msgs__rosidl_typesupport_cExport.cmake
[1.328s] -- Up-to-date: /home/certezas/robotis_ws/install/op3_walking_module_msgs/share/op3_walking_module_msgs/cmake/op3_walking_module_msgs__rosidl_typesupport_cExport-noconfig.cmake
[1.328s] -- Up-to-date: /home/certezas/robotis_ws/install/op3_walking_module_msgs/share/op3_walking_module_msgs/cmake/export_op3_walking_module_msgs__rosidl_generator_cppExport.cmake
[1.328s] -- Up-to-date: /home/certezas/robotis_ws/install/op3_walking_module_msgs/share/op3_walking_module_msgs/cmake/export_op3_walking_module_msgs__rosidl_typesupport_fastrtps_cppExport.cmake
[1.329s] -- Up-to-date: /home/certezas/robotis_ws/install/op3_walking_module_msgs/share/op3_walking_module_msgs/cmake/export_op3_walking_module_msgs__rosidl_typesupport_fastrtps_cppExport-noconfig.cmake
[1.329s] -- Up-to-date: /home/certezas/robotis_ws/install/op3_walking_module_msgs/share/op3_walking_module_msgs/cmake/op3_walking_module_msgs__rosidl_typesupport_introspection_cppExport.cmake
[1.329s] -- Up-to-date: /home/certezas/robotis_ws/install/op3_walking_module_msgs/share/op3_walking_module_msgs/cmake/op3_walking_module_msgs__rosidl_typesupport_introspection_cppExport-noconfig.cmake
[1.329s] -- Up-to-date: /home/certezas/robotis_ws/install/op3_walking_module_msgs/share/op3_walking_module_msgs/cmake/op3_walking_module_msgs__rosidl_typesupport_cppExport.cmake
[1.329s] -- Up-to-date: /home/certezas/robotis_ws/install/op3_walking_module_msgs/share/op3_walking_module_msgs/cmake/op3_walking_module_msgs__rosidl_typesupport_cppExport-noconfig.cmake
[1.329s] -- Up-to-date: /home/certezas/robotis_ws/install/op3_walking_module_msgs/share/op3_walking_module_msgs/cmake/export_op3_walking_module_msgs__rosidl_generator_pyExport.cmake
[1.329s] -- Up-to-date: /home/certezas/robotis_ws/install/op3_walking_module_msgs/share/op3_walking_module_msgs/cmake/export_op3_walking_module_msgs__rosidl_generator_pyExport-noconfig.cmake
[1.329s] -- Up-to-date: /home/certezas/robotis_ws/install/op3_walking_module_msgs/share/op3_walking_module_msgs/cmake/rosidl_cmake-extras.cmake
[1.329s] -- Up-to-date: /home/certezas/robotis_ws/install/op3_walking_module_msgs/share/op3_walking_module_msgs/cmake/ament_cmake_export_dependencies-extras.cmake
[1.329s] -- Up-to-date: /home/certezas/robotis_ws/install/op3_walking_module_msgs/share/op3_walking_module_msgs/cmake/ament_cmake_export_include_directories-extras.cmake
[1.329s] -- Up-to-date: /home/certezas/robotis_ws/install/op3_walking_module_msgs/share/op3_walking_module_msgs/cmake/ament_cmake_export_libraries-extras.cmake
[1.329s] -- Up-to-date: /home/certezas/robotis_ws/install/op3_walking_module_msgs/share/op3_walking_module_msgs/cmake/ament_cmake_export_targets-extras.cmake
[1.329s] -- Up-to-date: /home/certezas/robotis_ws/install/op3_walking_module_msgs/share/op3_walking_module_msgs/cmake/rosidl_cmake_export_typesupport_targets-extras.cmake
[1.329s] -- Up-to-date: /home/certezas/robotis_ws/install/op3_walking_module_msgs/share/op3_walking_module_msgs/cmake/rosidl_cmake_export_typesupport_libraries-extras.cmake
[1.329s] -- Up-to-date: /home/certezas/robotis_ws/install/op3_walking_module_msgs/share/op3_walking_module_msgs/cmake/op3_walking_module_msgsConfig.cmake
[1.329s] -- Up-to-date: /home/certezas/robotis_ws/install/op3_walking_module_msgs/share/op3_walking_module_msgs/cmake/op3_walking_module_msgsConfig-version.cmake
[1.329s] -- Up-to-date: /home/certezas/robotis_ws/install/op3_walking_module_msgs/share/op3_walking_module_msgs/package.xml
[1.473s] Invoked command in '/home/certezas/robotis_ws/build/op3_walking_module_msgs' returned '0': CMAKE_PREFIX_PATH=${CMAKE_PREFIX_PATH}:/opt/ros/humble /usr/bin/cmake --install /home/certezas/robotis_ws/build/op3_walking_module_msgs
