[0.311s] Invoking command in '/home/certezas/robotis_ws/build/op3_online_walking_module_msgs': CMAKE_PREFIX_PATH=${CMAKE_PREFIX_PATH}:/opt/ros/humble /usr/bin/cmake --build /home/certezas/robotis_ws/build/op3_online_walking_module_msgs -- -j12 -l12
[3.914s] [  0%] Built target op3_online_walking_module_msgs__cpp
[5.242s] [ 12%] Built target op3_online_walking_module_msgs__rosidl_generator_c
[5.797s] [ 24%] Built target op3_online_walking_module_msgs__rosidl_typesupport_introspection_cpp
[6.082s] [ 36%] Built target op3_online_walking_module_msgs__rosidl_typesupport_c
[6.143s] [ 36%] Built target ament_cmake_python_copy_op3_online_walking_module_msgs
[6.774s] [ 57%] Built target op3_online_walking_module_msgs__rosidl_typesupport_fastrtps_c
[6.774s] [ 70%] Built target op3_online_walking_module_msgs__rosidl_typesupport_introspection_c
[6.774s] [ 74%] Built target op3_online_walking_module_msgs__rosidl_typesupport_fastrtps_cpp
[6.774s] [ 83%] Built target op3_online_walking_module_msgs__rosidl_typesupport_cpp
[6.924s] running egg_info
[6.925s] writing op3_online_walking_module_msgs.egg-info/PKG-INFO
[7.027s] [ 83%] Built target op3_online_walking_module_msgs
[7.326s] [ 84%] Built target op3_online_walking_module_msgs__py
[7.678s] writing dependency_links to op3_online_walking_module_msgs.egg-info/dependency_links.txt
[7.714s] writing top-level names to op3_online_walking_module_msgs.egg-info/top_level.txt
[7.723s] reading manifest file 'op3_online_walking_module_msgs.egg-info/SOURCES.txt'
[7.741s] writing manifest file 'op3_online_walking_module_msgs.egg-info/SOURCES.txt'
[7.769s] [ 84%] Built target ament_cmake_python_build_op3_online_walking_module_msgs_egg
[7.943s] [ 95%] Built target op3_online_walking_module_msgs__rosidl_generator_py
[8.179s] [ 96%] Built target op3_online_walking_module_msgs__rosidl_typesupport_c__pyext
[8.376s] [ 98%] Built target op3_online_walking_module_msgs__rosidl_typesupport_fastrtps_c__pyext
[8.390s] [100%] Built target op3_online_walking_module_msgs__rosidl_typesupport_introspection_c__pyext
[8.814s] Invoked command in '/home/certezas/robotis_ws/build/op3_online_walking_module_msgs' returned '0': CMAKE_PREFIX_PATH=${CMAKE_PREFIX_PATH}:/opt/ros/humble /usr/bin/cmake --build /home/certezas/robotis_ws/build/op3_online_walking_module_msgs -- -j12 -l12
[9.101s] Invoking command in '/home/certezas/robotis_ws/build/op3_online_walking_module_msgs': CMAKE_PREFIX_PATH=${CMAKE_PREFIX_PATH}:/opt/ros/humble /usr/bin/cmake --install /home/certezas/robotis_ws/build/op3_online_walking_module_msgs
[9.592s] -- Install configuration: ""
[9.592s] -- Up-to-date: /home/certezas/robotis_ws/install/op3_online_walking_module_msgs/share/ament_index/resource_index/rosidl_interfaces/op3_online_walking_module_msgs
[9.592s] -- Up-to-date: /home/certezas/robotis_ws/install/op3_online_walking_module_msgs/include/op3_online_walking_module_msgs/op3_online_walking_module_msgs
[9.592s] -- Up-to-date: /home/certezas/robotis_ws/install/op3_online_walking_module_msgs/include/op3_online_walking_module_msgs/op3_online_walking_module_msgs/srv
[9.592s] -- Up-to-date: /home/certezas/robotis_ws/install/op3_online_walking_module_msgs/include/op3_online_walking_module_msgs/op3_online_walking_module_msgs/srv/get_joint_pose.h
[9.592s] -- Up-to-date: /home/certezas/robotis_ws/install/op3_online_walking_module_msgs/include/op3_online_walking_module_msgs/op3_online_walking_module_msgs/srv/get_preview_matrix.h
[9.592s] -- Up-to-date: /home/certezas/robotis_ws/install/op3_online_walking_module_msgs/include/op3_online_walking_module_msgs/op3_online_walking_module_msgs/srv/get_kinematics_pose.h
[9.592s] -- Up-to-date: /home/certezas/robotis_ws/install/op3_online_walking_module_msgs/include/op3_online_walking_module_msgs/op3_online_walking_module_msgs/srv/detail
[9.592s] -- Up-to-date: /home/certezas/robotis_ws/install/op3_online_walking_module_msgs/include/op3_online_walking_module_msgs/op3_online_walking_module_msgs/srv/detail/get_preview_matrix__type_support.h
[9.592s] -- Up-to-date: /home/certezas/robotis_ws/install/op3_online_walking_module_msgs/include/op3_online_walking_module_msgs/op3_online_walking_module_msgs/srv/detail/get_joint_pose__functions.h
[9.592s] -- Up-to-date: /home/certezas/robotis_ws/install/op3_online_walking_module_msgs/include/op3_online_walking_module_msgs/op3_online_walking_module_msgs/srv/detail/get_kinematics_pose__functions.h
[9.592s] -- Up-to-date: /home/certezas/robotis_ws/install/op3_online_walking_module_msgs/include/op3_online_walking_module_msgs/op3_online_walking_module_msgs/srv/detail/get_joint_pose__type_support.h
[9.592s] -- Up-to-date: /home/certezas/robotis_ws/install/op3_online_walking_module_msgs/include/op3_online_walking_module_msgs/op3_online_walking_module_msgs/srv/detail/get_kinematics_pose__type_support.h
[9.592s] -- Up-to-date: /home/certezas/robotis_ws/install/op3_online_walking_module_msgs/include/op3_online_walking_module_msgs/op3_online_walking_module_msgs/srv/detail/get_preview_matrix__functions.c
[9.592s] -- Up-to-date: /home/certezas/robotis_ws/install/op3_online_walking_module_msgs/include/op3_online_walking_module_msgs/op3_online_walking_module_msgs/srv/detail/get_kinematics_pose__struct.h
[9.592s] -- Up-to-date: /home/certezas/robotis_ws/install/op3_online_walking_module_msgs/include/op3_online_walking_module_msgs/op3_online_walking_module_msgs/srv/detail/get_preview_matrix__struct.h
[9.592s] -- Up-to-date: /home/certezas/robotis_ws/install/op3_online_walking_module_msgs/include/op3_online_walking_module_msgs/op3_online_walking_module_msgs/srv/detail/get_kinematics_pose__functions.c
[9.592s] -- Up-to-date: /home/certezas/robotis_ws/install/op3_online_walking_module_msgs/include/op3_online_walking_module_msgs/op3_online_walking_module_msgs/srv/detail/get_joint_pose__functions.c
[9.592s] -- Up-to-date: /home/certezas/robotis_ws/install/op3_online_walking_module_msgs/include/op3_online_walking_module_msgs/op3_online_walking_module_msgs/srv/detail/get_joint_pose__struct.h
[9.592s] -- Up-to-date: /home/certezas/robotis_ws/install/op3_online_walking_module_msgs/include/op3_online_walking_module_msgs/op3_online_walking_module_msgs/srv/detail/get_preview_matrix__functions.h
[9.592s] -- Up-to-date: /home/certezas/robotis_ws/install/op3_online_walking_module_msgs/include/op3_online_walking_module_msgs/op3_online_walking_module_msgs/msg
[9.593s] -- Up-to-date: /home/certezas/robotis_ws/install/op3_online_walking_module_msgs/include/op3_online_walking_module_msgs/op3_online_walking_module_msgs/msg/rosidl_generator_c__visibility_control.h
[9.593s] -- Up-to-date: /home/certezas/robotis_ws/install/op3_online_walking_module_msgs/include/op3_online_walking_module_msgs/op3_online_walking_module_msgs/msg/kinematics_pose.h
[9.593s] -- Up-to-date: /home/certezas/robotis_ws/install/op3_online_walking_module_msgs/include/op3_online_walking_module_msgs/op3_online_walking_module_msgs/msg/step2_d.h
[9.593s] -- Up-to-date: /home/certezas/robotis_ws/install/op3_online_walking_module_msgs/include/op3_online_walking_module_msgs/op3_online_walking_module_msgs/msg/joint_pose.h
[9.593s] -- Up-to-date: /home/certezas/robotis_ws/install/op3_online_walking_module_msgs/include/op3_online_walking_module_msgs/op3_online_walking_module_msgs/msg/preview_response.h
[9.593s] -- Up-to-date: /home/certezas/robotis_ws/install/op3_online_walking_module_msgs/include/op3_online_walking_module_msgs/op3_online_walking_module_msgs/msg/step2_d_array.h
[9.593s] -- Up-to-date: /home/certezas/robotis_ws/install/op3_online_walking_module_msgs/include/op3_online_walking_module_msgs/op3_online_walking_module_msgs/msg/foot_step_command.h
[9.593s] -- Up-to-date: /home/certezas/robotis_ws/install/op3_online_walking_module_msgs/include/op3_online_walking_module_msgs/op3_online_walking_module_msgs/msg/walking_param.h
[9.593s] -- Up-to-date: /home/certezas/robotis_ws/install/op3_online_walking_module_msgs/include/op3_online_walking_module_msgs/op3_online_walking_module_msgs/msg/detail
[9.593s] -- Up-to-date: /home/certezas/robotis_ws/install/op3_online_walking_module_msgs/include/op3_online_walking_module_msgs/op3_online_walking_module_msgs/msg/detail/preview_request__type_support.h
[9.593s] -- Up-to-date: /home/certezas/robotis_ws/install/op3_online_walking_module_msgs/include/op3_online_walking_module_msgs/op3_online_walking_module_msgs/msg/detail/foot_step_command__type_support.h
[9.593s] -- Up-to-date: /home/certezas/robotis_ws/install/op3_online_walking_module_msgs/include/op3_online_walking_module_msgs/op3_online_walking_module_msgs/msg/detail/preview_request__functions.h
[9.593s] -- Up-to-date: /home/certezas/robotis_ws/install/op3_online_walking_module_msgs/include/op3_online_walking_module_msgs/op3_online_walking_module_msgs/msg/detail/foot_step_command__struct.h
[9.593s] -- Up-to-date: /home/certezas/robotis_ws/install/op3_online_walking_module_msgs/include/op3_online_walking_module_msgs/op3_online_walking_module_msgs/msg/detail/step2_d_array__type_support.h
[9.593s] -- Up-to-date: /home/certezas/robotis_ws/install/op3_online_walking_module_msgs/include/op3_online_walking_module_msgs/op3_online_walking_module_msgs/msg/detail/preview_request__functions.c
[9.593s] -- Up-to-date: /home/certezas/robotis_ws/install/op3_online_walking_module_msgs/include/op3_online_walking_module_msgs/op3_online_walking_module_msgs/msg/detail/step2_d_array__functions.c
[9.593s] -- Up-to-date: /home/certezas/robotis_ws/install/op3_online_walking_module_msgs/include/op3_online_walking_module_msgs/op3_online_walking_module_msgs/msg/detail/step2_d__functions.c
[9.593s] -- Up-to-date: /home/certezas/robotis_ws/install/op3_online_walking_module_msgs/include/op3_online_walking_module_msgs/op3_online_walking_module_msgs/msg/detail/kinematics_pose__struct.h
[9.593s] -- Up-to-date: /home/certezas/robotis_ws/install/op3_online_walking_module_msgs/include/op3_online_walking_module_msgs/op3_online_walking_module_msgs/msg/detail/foot_step_command__functions.c
[9.593s] -- Up-to-date: /home/certezas/robotis_ws/install/op3_online_walking_module_msgs/include/op3_online_walking_module_msgs/op3_online_walking_module_msgs/msg/detail/preview_response__struct.h
[9.593s] -- Up-to-date: /home/certezas/robotis_ws/install/op3_online_walking_module_msgs/include/op3_online_walking_module_msgs/op3_online_walking_module_msgs/msg/detail/step2_d_array__struct.h
[9.594s] -- Up-to-date: /home/certezas/robotis_ws/install/op3_online_walking_module_msgs/include/op3_online_walking_module_msgs/op3_online_walking_module_msgs/msg/detail/preview_request__struct.h
[9.594s] -- Up-to-date: /home/certezas/robotis_ws/install/op3_online_walking_module_msgs/include/op3_online_walking_module_msgs/op3_online_walking_module_msgs/msg/detail/foot_step_command__functions.h
[9.594s] -- Up-to-date: /home/certezas/robotis_ws/install/op3_online_walking_module_msgs/include/op3_online_walking_module_msgs/op3_online_walking_module_msgs/msg/detail/joint_pose__struct.h
[9.596s] -- Up-to-date: /home/certezas/robotis_ws/install/op3_online_walking_module_msgs/include/op3_online_walking_module_msgs/op3_online_walking_module_msgs/msg/detail/kinematics_pose__functions.c
[9.596s] -- Up-to-date: /home/certezas/robotis_ws/install/op3_online_walking_module_msgs/include/op3_online_walking_module_msgs/op3_online_walking_module_msgs/msg/detail/step2_d__type_support.h
[9.596s] -- Up-to-date: /home/certezas/robotis_ws/install/op3_online_walking_module_msgs/include/op3_online_walking_module_msgs/op3_online_walking_module_msgs/msg/detail/preview_response__functions.c
[9.596s] -- Up-to-date: /home/certezas/robotis_ws/install/op3_online_walking_module_msgs/include/op3_online_walking_module_msgs/op3_online_walking_module_msgs/msg/detail/walking_param__struct.h
[9.596s] -- Up-to-date: /home/certezas/robotis_ws/install/op3_online_walking_module_msgs/include/op3_online_walking_module_msgs/op3_online_walking_module_msgs/msg/detail/walking_param__functions.h
[9.596s] -- Up-to-date: /home/certezas/robotis_ws/install/op3_online_walking_module_msgs/include/op3_online_walking_module_msgs/op3_online_walking_module_msgs/msg/detail/preview_response__functions.h
[9.596s] -- Up-to-date: /home/certezas/robotis_ws/install/op3_online_walking_module_msgs/include/op3_online_walking_module_msgs/op3_online_walking_module_msgs/msg/detail/step2_d_array__functions.h
[9.596s] -- Up-to-date: /home/certezas/robotis_ws/install/op3_online_walking_module_msgs/include/op3_online_walking_module_msgs/op3_online_walking_module_msgs/msg/detail/kinematics_pose__functions.h
[9.596s] -- Up-to-date: /home/certezas/robotis_ws/install/op3_online_walking_module_msgs/include/op3_online_walking_module_msgs/op3_online_walking_module_msgs/msg/detail/preview_response__type_support.h
[9.596s] -- Up-to-date: /home/certezas/robotis_ws/install/op3_online_walking_module_msgs/include/op3_online_walking_module_msgs/op3_online_walking_module_msgs/msg/detail/walking_param__functions.c
[9.596s] -- Up-to-date: /home/certezas/robotis_ws/install/op3_online_walking_module_msgs/include/op3_online_walking_module_msgs/op3_online_walking_module_msgs/msg/detail/step2_d__functions.h
[9.596s] -- Up-to-date: /home/certezas/robotis_ws/install/op3_online_walking_module_msgs/include/op3_online_walking_module_msgs/op3_online_walking_module_msgs/msg/detail/foot_step_array__type_support.h
[9.596s] -- Up-to-date: /home/certezas/robotis_ws/install/op3_online_walking_module_msgs/include/op3_online_walking_module_msgs/op3_online_walking_module_msgs/msg/detail/foot_step_array__functions.h
[9.596s] -- Up-to-date: /home/certezas/robotis_ws/install/op3_online_walking_module_msgs/include/op3_online_walking_module_msgs/op3_online_walking_module_msgs/msg/detail/foot_step_array__functions.c
[9.596s] -- Up-to-date: /home/certezas/robotis_ws/install/op3_online_walking_module_msgs/include/op3_online_walking_module_msgs/op3_online_walking_module_msgs/msg/detail/walking_param__type_support.h
[9.597s] -- Up-to-date: /home/certezas/robotis_ws/install/op3_online_walking_module_msgs/include/op3_online_walking_module_msgs/op3_online_walking_module_msgs/msg/detail/joint_pose__functions.c
[9.597s] -- Up-to-date: /home/certezas/robotis_ws/install/op3_online_walking_module_msgs/include/op3_online_walking_module_msgs/op3_online_walking_module_msgs/msg/detail/foot_step_array__struct.h
[9.597s] -- Up-to-date: /home/certezas/robotis_ws/install/op3_online_walking_module_msgs/include/op3_online_walking_module_msgs/op3_online_walking_module_msgs/msg/detail/kinematics_pose__type_support.h
[9.597s] -- Up-to-date: /home/certezas/robotis_ws/install/op3_online_walking_module_msgs/include/op3_online_walking_module_msgs/op3_online_walking_module_msgs/msg/detail/joint_pose__functions.h
[9.597s] -- Up-to-date: /home/certezas/robotis_ws/install/op3_online_walking_module_msgs/include/op3_online_walking_module_msgs/op3_online_walking_module_msgs/msg/detail/step2_d__struct.h
[9.597s] -- Up-to-date: /home/certezas/robotis_ws/install/op3_online_walking_module_msgs/include/op3_online_walking_module_msgs/op3_online_walking_module_msgs/msg/detail/joint_pose__type_support.h
[9.597s] -- Up-to-date: /home/certezas/robotis_ws/install/op3_online_walking_module_msgs/include/op3_online_walking_module_msgs/op3_online_walking_module_msgs/msg/preview_request.h
[9.597s] -- Up-to-date: /home/certezas/robotis_ws/install/op3_online_walking_module_msgs/include/op3_online_walking_module_msgs/op3_online_walking_module_msgs/msg/foot_step_array.h
[9.597s] -- Up-to-date: /home/certezas/robotis_ws/install/op3_online_walking_module_msgs/share/op3_online_walking_module_msgs/environment/library_path.sh
[9.597s] -- Up-to-date: /home/certezas/robotis_ws/install/op3_online_walking_module_msgs/share/op3_online_walking_module_msgs/environment/library_path.dsv
[9.597s] -- Up-to-date: /home/certezas/robotis_ws/install/op3_online_walking_module_msgs/lib/libop3_online_walking_module_msgs__rosidl_generator_c.so
[9.597s] -- Up-to-date: /home/certezas/robotis_ws/install/op3_online_walking_module_msgs/include/op3_online_walking_module_msgs/op3_online_walking_module_msgs
[9.597s] -- Up-to-date: /home/certezas/robotis_ws/install/op3_online_walking_module_msgs/include/op3_online_walking_module_msgs/op3_online_walking_module_msgs/srv
[9.597s] -- Up-to-date: /home/certezas/robotis_ws/install/op3_online_walking_module_msgs/include/op3_online_walking_module_msgs/op3_online_walking_module_msgs/srv/detail
[9.597s] -- Up-to-date: /home/certezas/robotis_ws/install/op3_online_walking_module_msgs/include/op3_online_walking_module_msgs/op3_online_walking_module_msgs/srv/detail/get_kinematics_pose__rosidl_typesupport_fastrtps_c.h
[9.597s] -- Up-to-date: /home/certezas/robotis_ws/install/op3_online_walking_module_msgs/include/op3_online_walking_module_msgs/op3_online_walking_module_msgs/srv/detail/get_joint_pose__rosidl_typesupport_fastrtps_c.h
[9.597s] -- Up-to-date: /home/certezas/robotis_ws/install/op3_online_walking_module_msgs/include/op3_online_walking_module_msgs/op3_online_walking_module_msgs/srv/detail/get_preview_matrix__rosidl_typesupport_fastrtps_c.h
[9.597s] -- Up-to-date: /home/certezas/robotis_ws/install/op3_online_walking_module_msgs/include/op3_online_walking_module_msgs/op3_online_walking_module_msgs/msg
[9.597s] -- Up-to-date: /home/certezas/robotis_ws/install/op3_online_walking_module_msgs/include/op3_online_walking_module_msgs/op3_online_walking_module_msgs/msg/detail
[9.597s] -- Up-to-date: /home/certezas/robotis_ws/install/op3_online_walking_module_msgs/include/op3_online_walking_module_msgs/op3_online_walking_module_msgs/msg/detail/walking_param__rosidl_typesupport_fastrtps_c.h
[9.597s] -- Up-to-date: /home/certezas/robotis_ws/install/op3_online_walking_module_msgs/include/op3_online_walking_module_msgs/op3_online_walking_module_msgs/msg/detail/preview_response__rosidl_typesupport_fastrtps_c.h
[9.597s] -- Up-to-date: /home/certezas/robotis_ws/install/op3_online_walking_module_msgs/include/op3_online_walking_module_msgs/op3_online_walking_module_msgs/msg/detail/foot_step_command__rosidl_typesupport_fastrtps_c.h
[9.597s] -- Up-to-date: /home/certezas/robotis_ws/install/op3_online_walking_module_msgs/include/op3_online_walking_module_msgs/op3_online_walking_module_msgs/msg/detail/foot_step_array__rosidl_typesupport_fastrtps_c.h
[9.597s] -- Up-to-date: /home/certezas/robotis_ws/install/op3_online_walking_module_msgs/include/op3_online_walking_module_msgs/op3_online_walking_module_msgs/msg/detail/joint_pose__rosidl_typesupport_fastrtps_c.h
[9.598s] -- Up-to-date: /home/certezas/robotis_ws/install/op3_online_walking_module_msgs/include/op3_online_walking_module_msgs/op3_online_walking_module_msgs/msg/detail/preview_request__rosidl_typesupport_fastrtps_c.h
[9.598s] -- Up-to-date: /home/certezas/robotis_ws/install/op3_online_walking_module_msgs/include/op3_online_walking_module_msgs/op3_online_walking_module_msgs/msg/detail/step2_d__rosidl_typesupport_fastrtps_c.h
[9.598s] -- Up-to-date: /home/certezas/robotis_ws/install/op3_online_walking_module_msgs/include/op3_online_walking_module_msgs/op3_online_walking_module_msgs/msg/detail/step2_d_array__rosidl_typesupport_fastrtps_c.h
[9.598s] -- Up-to-date: /home/certezas/robotis_ws/install/op3_online_walking_module_msgs/include/op3_online_walking_module_msgs/op3_online_walking_module_msgs/msg/detail/kinematics_pose__rosidl_typesupport_fastrtps_c.h
[9.598s] -- Up-to-date: /home/certezas/robotis_ws/install/op3_online_walking_module_msgs/include/op3_online_walking_module_msgs/op3_online_walking_module_msgs/msg/rosidl_typesupport_fastrtps_c__visibility_control.h
[9.607s] -- Up-to-date: /home/certezas/robotis_ws/install/op3_online_walking_module_msgs/lib/libop3_online_walking_module_msgs__rosidl_typesupport_fastrtps_c.so
[9.608s] -- Up-to-date: /home/certezas/robotis_ws/install/op3_online_walking_module_msgs/include/op3_online_walking_module_msgs/op3_online_walking_module_msgs
[9.608s] -- Up-to-date: /home/certezas/robotis_ws/install/op3_online_walking_module_msgs/include/op3_online_walking_module_msgs/op3_online_walking_module_msgs/srv
[9.608s] -- Up-to-date: /home/certezas/robotis_ws/install/op3_online_walking_module_msgs/include/op3_online_walking_module_msgs/op3_online_walking_module_msgs/srv/get_preview_matrix.hpp
[9.608s] -- Up-to-date: /home/certezas/robotis_ws/install/op3_online_walking_module_msgs/include/op3_online_walking_module_msgs/op3_online_walking_module_msgs/srv/get_joint_pose.hpp
[9.608s] -- Up-to-date: /home/certezas/robotis_ws/install/op3_online_walking_module_msgs/include/op3_online_walking_module_msgs/op3_online_walking_module_msgs/srv/get_kinematics_pose.hpp
[9.608s] -- Up-to-date: /home/certezas/robotis_ws/install/op3_online_walking_module_msgs/include/op3_online_walking_module_msgs/op3_online_walking_module_msgs/srv/detail
[9.609s] -- Up-to-date: /home/certezas/robotis_ws/install/op3_online_walking_module_msgs/include/op3_online_walking_module_msgs/op3_online_walking_module_msgs/srv/detail/get_joint_pose__struct.hpp
[9.609s] -- Up-to-date: /home/certezas/robotis_ws/install/op3_online_walking_module_msgs/include/op3_online_walking_module_msgs/op3_online_walking_module_msgs/srv/detail/get_preview_matrix__type_support.hpp
[9.609s] -- Up-to-date: /home/certezas/robotis_ws/install/op3_online_walking_module_msgs/include/op3_online_walking_module_msgs/op3_online_walking_module_msgs/srv/detail/get_preview_matrix__builder.hpp
[9.609s] -- Up-to-date: /home/certezas/robotis_ws/install/op3_online_walking_module_msgs/include/op3_online_walking_module_msgs/op3_online_walking_module_msgs/srv/detail/get_kinematics_pose__struct.hpp
[9.610s] -- Up-to-date: /home/certezas/robotis_ws/install/op3_online_walking_module_msgs/include/op3_online_walking_module_msgs/op3_online_walking_module_msgs/srv/detail/get_kinematics_pose__builder.hpp
[9.610s] -- Up-to-date: /home/certezas/robotis_ws/install/op3_online_walking_module_msgs/include/op3_online_walking_module_msgs/op3_online_walking_module_msgs/srv/detail/get_joint_pose__traits.hpp
[9.610s] -- Up-to-date: /home/certezas/robotis_ws/install/op3_online_walking_module_msgs/include/op3_online_walking_module_msgs/op3_online_walking_module_msgs/srv/detail/get_joint_pose__builder.hpp
[9.610s] -- Up-to-date: /home/certezas/robotis_ws/install/op3_online_walking_module_msgs/include/op3_online_walking_module_msgs/op3_online_walking_module_msgs/srv/detail/get_joint_pose__type_support.hpp
[9.610s] -- Up-to-date: /home/certezas/robotis_ws/install/op3_online_walking_module_msgs/include/op3_online_walking_module_msgs/op3_online_walking_module_msgs/srv/detail/get_kinematics_pose__type_support.hpp
[9.610s] -- Up-to-date: /home/certezas/robotis_ws/install/op3_online_walking_module_msgs/include/op3_online_walking_module_msgs/op3_online_walking_module_msgs/srv/detail/get_preview_matrix__traits.hpp
[9.610s] -- Up-to-date: /home/certezas/robotis_ws/install/op3_online_walking_module_msgs/include/op3_online_walking_module_msgs/op3_online_walking_module_msgs/srv/detail/get_preview_matrix__struct.hpp
[9.610s] -- Up-to-date: /home/certezas/robotis_ws/install/op3_online_walking_module_msgs/include/op3_online_walking_module_msgs/op3_online_walking_module_msgs/srv/detail/get_kinematics_pose__traits.hpp
[9.610s] -- Up-to-date: /home/certezas/robotis_ws/install/op3_online_walking_module_msgs/include/op3_online_walking_module_msgs/op3_online_walking_module_msgs/msg
[9.610s] -- Up-to-date: /home/certezas/robotis_ws/install/op3_online_walking_module_msgs/include/op3_online_walking_module_msgs/op3_online_walking_module_msgs/msg/foot_step_command.hpp
[9.610s] -- Up-to-date: /home/certezas/robotis_ws/install/op3_online_walking_module_msgs/include/op3_online_walking_module_msgs/op3_online_walking_module_msgs/msg/kinematics_pose.hpp
[9.610s] -- Up-to-date: /home/certezas/robotis_ws/install/op3_online_walking_module_msgs/include/op3_online_walking_module_msgs/op3_online_walking_module_msgs/msg/walking_param.hpp
[9.610s] -- Up-to-date: /home/certezas/robotis_ws/install/op3_online_walking_module_msgs/include/op3_online_walking_module_msgs/op3_online_walking_module_msgs/msg/preview_request.hpp
[9.610s] -- Up-to-date: /home/certezas/robotis_ws/install/op3_online_walking_module_msgs/include/op3_online_walking_module_msgs/op3_online_walking_module_msgs/msg/rosidl_generator_cpp__visibility_control.hpp
[9.610s] -- Up-to-date: /home/certezas/robotis_ws/install/op3_online_walking_module_msgs/include/op3_online_walking_module_msgs/op3_online_walking_module_msgs/msg/preview_response.hpp
[9.610s] -- Up-to-date: /home/certezas/robotis_ws/install/op3_online_walking_module_msgs/include/op3_online_walking_module_msgs/op3_online_walking_module_msgs/msg/step2_d.hpp
[9.610s] -- Up-to-date: /home/certezas/robotis_ws/install/op3_online_walking_module_msgs/include/op3_online_walking_module_msgs/op3_online_walking_module_msgs/msg/step2_d_array.hpp
[9.610s] -- Up-to-date: /home/certezas/robotis_ws/install/op3_online_walking_module_msgs/include/op3_online_walking_module_msgs/op3_online_walking_module_msgs/msg/joint_pose.hpp
[9.610s] -- Up-to-date: /home/certezas/robotis_ws/install/op3_online_walking_module_msgs/include/op3_online_walking_module_msgs/op3_online_walking_module_msgs/msg/foot_step_array.hpp
[9.610s] -- Up-to-date: /home/certezas/robotis_ws/install/op3_online_walking_module_msgs/include/op3_online_walking_module_msgs/op3_online_walking_module_msgs/msg/detail
[9.610s] -- Up-to-date: /home/certezas/robotis_ws/install/op3_online_walking_module_msgs/include/op3_online_walking_module_msgs/op3_online_walking_module_msgs/msg/detail/step2_d__type_support.hpp
[9.611s] -- Up-to-date: /home/certezas/robotis_ws/install/op3_online_walking_module_msgs/include/op3_online_walking_module_msgs/op3_online_walking_module_msgs/msg/detail/foot_step_command__traits.hpp
[9.611s] -- Up-to-date: /home/certezas/robotis_ws/install/op3_online_walking_module_msgs/include/op3_online_walking_module_msgs/op3_online_walking_module_msgs/msg/detail/preview_request__type_support.hpp
[9.611s] -- Up-to-date: /home/certezas/robotis_ws/install/op3_online_walking_module_msgs/include/op3_online_walking_module_msgs/op3_online_walking_module_msgs/msg/detail/preview_request__struct.hpp
[9.611s] -- Up-to-date: /home/certezas/robotis_ws/install/op3_online_walking_module_msgs/include/op3_online_walking_module_msgs/op3_online_walking_module_msgs/msg/detail/step2_d_array__builder.hpp
[9.611s] -- Up-to-date: /home/certezas/robotis_ws/install/op3_online_walking_module_msgs/include/op3_online_walking_module_msgs/op3_online_walking_module_msgs/msg/detail/foot_step_command__struct.hpp
[9.611s] -- Up-to-date: /home/certezas/robotis_ws/install/op3_online_walking_module_msgs/include/op3_online_walking_module_msgs/op3_online_walking_module_msgs/msg/detail/preview_response__builder.hpp
[9.611s] -- Up-to-date: /home/certezas/robotis_ws/install/op3_online_walking_module_msgs/include/op3_online_walking_module_msgs/op3_online_walking_module_msgs/msg/detail/joint_pose__traits.hpp
[9.611s] -- Up-to-date: /home/certezas/robotis_ws/install/op3_online_walking_module_msgs/include/op3_online_walking_module_msgs/op3_online_walking_module_msgs/msg/detail/preview_request__builder.hpp
[9.611s] -- Up-to-date: /home/certezas/robotis_ws/install/op3_online_walking_module_msgs/include/op3_online_walking_module_msgs/op3_online_walking_module_msgs/msg/detail/step2_d__builder.hpp
[9.611s] -- Up-to-date: /home/certezas/robotis_ws/install/op3_online_walking_module_msgs/include/op3_online_walking_module_msgs/op3_online_walking_module_msgs/msg/detail/foot_step_array__struct.hpp
[9.611s] -- Up-to-date: /home/certezas/robotis_ws/install/op3_online_walking_module_msgs/include/op3_online_walking_module_msgs/op3_online_walking_module_msgs/msg/detail/kinematics_pose__struct.hpp
[9.611s] -- Up-to-date: /home/certezas/robotis_ws/install/op3_online_walking_module_msgs/include/op3_online_walking_module_msgs/op3_online_walking_module_msgs/msg/detail/kinematics_pose__traits.hpp
[9.611s] -- Up-to-date: /home/certezas/robotis_ws/install/op3_online_walking_module_msgs/include/op3_online_walking_module_msgs/op3_online_walking_module_msgs/msg/detail/preview_response__traits.hpp
[9.611s] -- Up-to-date: /home/certezas/robotis_ws/install/op3_online_walking_module_msgs/include/op3_online_walking_module_msgs/op3_online_walking_module_msgs/msg/detail/walking_param__struct.hpp
[9.611s] -- Up-to-date: /home/certezas/robotis_ws/install/op3_online_walking_module_msgs/include/op3_online_walking_module_msgs/op3_online_walking_module_msgs/msg/detail/walking_param__traits.hpp
[9.611s] -- Up-to-date: /home/certezas/robotis_ws/install/op3_online_walking_module_msgs/include/op3_online_walking_module_msgs/op3_online_walking_module_msgs/msg/detail/preview_request__traits.hpp
[9.611s] -- Up-to-date: /home/certezas/robotis_ws/install/op3_online_walking_module_msgs/include/op3_online_walking_module_msgs/op3_online_walking_module_msgs/msg/detail/walking_param__builder.hpp
[9.611s] -- Up-to-date: /home/certezas/robotis_ws/install/op3_online_walking_module_msgs/include/op3_online_walking_module_msgs/op3_online_walking_module_msgs/msg/detail/foot_step_command__type_support.hpp
[9.611s] -- Up-to-date: /home/certezas/robotis_ws/install/op3_online_walking_module_msgs/include/op3_online_walking_module_msgs/op3_online_walking_module_msgs/msg/detail/step2_d_array__type_support.hpp
[9.611s] -- Up-to-date: /home/certezas/robotis_ws/install/op3_online_walking_module_msgs/include/op3_online_walking_module_msgs/op3_online_walking_module_msgs/msg/detail/foot_step_array__type_support.hpp
[9.611s] -- Up-to-date: /home/certezas/robotis_ws/install/op3_online_walking_module_msgs/include/op3_online_walking_module_msgs/op3_online_walking_module_msgs/msg/detail/foot_step_command__builder.hpp
[9.611s] -- Up-to-date: /home/certezas/robotis_ws/install/op3_online_walking_module_msgs/include/op3_online_walking_module_msgs/op3_online_walking_module_msgs/msg/detail/step2_d_array__struct.hpp
[9.611s] -- Up-to-date: /home/certezas/robotis_ws/install/op3_online_walking_module_msgs/include/op3_online_walking_module_msgs/op3_online_walking_module_msgs/msg/detail/step2_d_array__traits.hpp
[9.611s] -- Up-to-date: /home/certezas/robotis_ws/install/op3_online_walking_module_msgs/include/op3_online_walking_module_msgs/op3_online_walking_module_msgs/msg/detail/kinematics_pose__builder.hpp
[9.612s] -- Up-to-date: /home/certezas/robotis_ws/install/op3_online_walking_module_msgs/include/op3_online_walking_module_msgs/op3_online_walking_module_msgs/msg/detail/foot_step_array__traits.hpp
[9.612s] -- Up-to-date: /home/certezas/robotis_ws/install/op3_online_walking_module_msgs/include/op3_online_walking_module_msgs/op3_online_walking_module_msgs/msg/detail/walking_param__type_support.hpp
[9.612s] -- Up-to-date: /home/certezas/robotis_ws/install/op3_online_walking_module_msgs/include/op3_online_walking_module_msgs/op3_online_walking_module_msgs/msg/detail/foot_step_array__builder.hpp
[9.612s] -- Up-to-date: /home/certezas/robotis_ws/install/op3_online_walking_module_msgs/include/op3_online_walking_module_msgs/op3_online_walking_module_msgs/msg/detail/step2_d__traits.hpp
[9.612s] -- Up-to-date: /home/certezas/robotis_ws/install/op3_online_walking_module_msgs/include/op3_online_walking_module_msgs/op3_online_walking_module_msgs/msg/detail/joint_pose__type_support.hpp
[9.612s] -- Up-to-date: /home/certezas/robotis_ws/install/op3_online_walking_module_msgs/include/op3_online_walking_module_msgs/op3_online_walking_module_msgs/msg/detail/preview_response__type_support.hpp
[9.612s] -- Up-to-date: /home/certezas/robotis_ws/install/op3_online_walking_module_msgs/include/op3_online_walking_module_msgs/op3_online_walking_module_msgs/msg/detail/joint_pose__builder.hpp
[9.612s] -- Up-to-date: /home/certezas/robotis_ws/install/op3_online_walking_module_msgs/include/op3_online_walking_module_msgs/op3_online_walking_module_msgs/msg/detail/joint_pose__struct.hpp
[9.612s] -- Up-to-date: /home/certezas/robotis_ws/install/op3_online_walking_module_msgs/include/op3_online_walking_module_msgs/op3_online_walking_module_msgs/msg/detail/step2_d__struct.hpp
[9.612s] -- Up-to-date: /home/certezas/robotis_ws/install/op3_online_walking_module_msgs/include/op3_online_walking_module_msgs/op3_online_walking_module_msgs/msg/detail/kinematics_pose__type_support.hpp
[9.612s] -- Up-to-date: /home/certezas/robotis_ws/install/op3_online_walking_module_msgs/include/op3_online_walking_module_msgs/op3_online_walking_module_msgs/msg/detail/preview_response__struct.hpp
[9.612s] -- Up-to-date: /home/certezas/robotis_ws/install/op3_online_walking_module_msgs/include/op3_online_walking_module_msgs/op3_online_walking_module_msgs
[9.612s] -- Up-to-date: /home/certezas/robotis_ws/install/op3_online_walking_module_msgs/include/op3_online_walking_module_msgs/op3_online_walking_module_msgs/srv
[9.612s] -- Up-to-date: /home/certezas/robotis_ws/install/op3_online_walking_module_msgs/include/op3_online_walking_module_msgs/op3_online_walking_module_msgs/srv/detail
[9.612s] -- Up-to-date: /home/certezas/robotis_ws/install/op3_online_walking_module_msgs/include/op3_online_walking_module_msgs/op3_online_walking_module_msgs/srv/detail/dds_fastrtps
[9.612s] -- Up-to-date: /home/certezas/robotis_ws/install/op3_online_walking_module_msgs/include/op3_online_walking_module_msgs/op3_online_walking_module_msgs/srv/detail/get_joint_pose__rosidl_typesupport_fastrtps_cpp.hpp
[9.612s] -- Up-to-date: /home/certezas/robotis_ws/install/op3_online_walking_module_msgs/include/op3_online_walking_module_msgs/op3_online_walking_module_msgs/srv/detail/get_preview_matrix__rosidl_typesupport_fastrtps_cpp.hpp
[9.612s] -- Up-to-date: /home/certezas/robotis_ws/install/op3_online_walking_module_msgs/include/op3_online_walking_module_msgs/op3_online_walking_module_msgs/srv/detail/get_kinematics_pose__rosidl_typesupport_fastrtps_cpp.hpp
[9.612s] -- Up-to-date: /home/certezas/robotis_ws/install/op3_online_walking_module_msgs/include/op3_online_walking_module_msgs/op3_online_walking_module_msgs/msg
[9.612s] -- Up-to-date: /home/certezas/robotis_ws/install/op3_online_walking_module_msgs/include/op3_online_walking_module_msgs/op3_online_walking_module_msgs/msg/rosidl_typesupport_fastrtps_cpp__visibility_control.h
[9.612s] -- Up-to-date: /home/certezas/robotis_ws/install/op3_online_walking_module_msgs/include/op3_online_walking_module_msgs/op3_online_walking_module_msgs/msg/detail
[9.612s] -- Up-to-date: /home/certezas/robotis_ws/install/op3_online_walking_module_msgs/include/op3_online_walking_module_msgs/op3_online_walking_module_msgs/msg/detail/preview_request__rosidl_typesupport_fastrtps_cpp.hpp
[9.612s] -- Up-to-date: /home/certezas/robotis_ws/install/op3_online_walking_module_msgs/include/op3_online_walking_module_msgs/op3_online_walking_module_msgs/msg/detail/dds_fastrtps
[9.613s] -- Up-to-date: /home/certezas/robotis_ws/install/op3_online_walking_module_msgs/include/op3_online_walking_module_msgs/op3_online_walking_module_msgs/msg/detail/foot_step_command__rosidl_typesupport_fastrtps_cpp.hpp
[9.613s] -- Up-to-date: /home/certezas/robotis_ws/install/op3_online_walking_module_msgs/include/op3_online_walking_module_msgs/op3_online_walking_module_msgs/msg/detail/kinematics_pose__rosidl_typesupport_fastrtps_cpp.hpp
[9.613s] -- Up-to-date: /home/certezas/robotis_ws/install/op3_online_walking_module_msgs/include/op3_online_walking_module_msgs/op3_online_walking_module_msgs/msg/detail/joint_pose__rosidl_typesupport_fastrtps_cpp.hpp
[9.613s] -- Up-to-date: /home/certezas/robotis_ws/install/op3_online_walking_module_msgs/include/op3_online_walking_module_msgs/op3_online_walking_module_msgs/msg/detail/walking_param__rosidl_typesupport_fastrtps_cpp.hpp
[9.613s] -- Up-to-date: /home/certezas/robotis_ws/install/op3_online_walking_module_msgs/include/op3_online_walking_module_msgs/op3_online_walking_module_msgs/msg/detail/step2_d_array__rosidl_typesupport_fastrtps_cpp.hpp
[9.613s] -- Up-to-date: /home/certezas/robotis_ws/install/op3_online_walking_module_msgs/include/op3_online_walking_module_msgs/op3_online_walking_module_msgs/msg/detail/preview_response__rosidl_typesupport_fastrtps_cpp.hpp
[9.613s] -- Up-to-date: /home/certezas/robotis_ws/install/op3_online_walking_module_msgs/include/op3_online_walking_module_msgs/op3_online_walking_module_msgs/msg/detail/step2_d__rosidl_typesupport_fastrtps_cpp.hpp
[9.613s] -- Up-to-date: /home/certezas/robotis_ws/install/op3_online_walking_module_msgs/include/op3_online_walking_module_msgs/op3_online_walking_module_msgs/msg/detail/foot_step_array__rosidl_typesupport_fastrtps_cpp.hpp
[9.652s] -- Up-to-date: /home/certezas/robotis_ws/install/op3_online_walking_module_msgs/lib/libop3_online_walking_module_msgs__rosidl_typesupport_fastrtps_cpp.so
[9.652s] -- Up-to-date: /home/certezas/robotis_ws/install/op3_online_walking_module_msgs/include/op3_online_walking_module_msgs/op3_online_walking_module_msgs
[9.652s] -- Up-to-date: /home/certezas/robotis_ws/install/op3_online_walking_module_msgs/include/op3_online_walking_module_msgs/op3_online_walking_module_msgs/srv
[9.652s] -- Up-to-date: /home/certezas/robotis_ws/install/op3_online_walking_module_msgs/include/op3_online_walking_module_msgs/op3_online_walking_module_msgs/srv/detail
[9.652s] -- Up-to-date: /home/certezas/robotis_ws/install/op3_online_walking_module_msgs/include/op3_online_walking_module_msgs/op3_online_walking_module_msgs/srv/detail/get_preview_matrix__type_support.c
[9.653s] -- Up-to-date: /home/certezas/robotis_ws/install/op3_online_walking_module_msgs/include/op3_online_walking_module_msgs/op3_online_walking_module_msgs/srv/detail/get_kinematics_pose__rosidl_typesupport_introspection_c.h
[9.653s] -- Up-to-date: /home/certezas/robotis_ws/install/op3_online_walking_module_msgs/include/op3_online_walking_module_msgs/op3_online_walking_module_msgs/srv/detail/get_preview_matrix__rosidl_typesupport_introspection_c.h
[9.653s] -- Up-to-date: /home/certezas/robotis_ws/install/op3_online_walking_module_msgs/include/op3_online_walking_module_msgs/op3_online_walking_module_msgs/srv/detail/get_joint_pose__rosidl_typesupport_introspection_c.h
[9.653s] -- Up-to-date: /home/certezas/robotis_ws/install/op3_online_walking_module_msgs/include/op3_online_walking_module_msgs/op3_online_walking_module_msgs/srv/detail/get_kinematics_pose__type_support.c
[9.653s] -- Up-to-date: /home/certezas/robotis_ws/install/op3_online_walking_module_msgs/include/op3_online_walking_module_msgs/op3_online_walking_module_msgs/srv/detail/get_joint_pose__type_support.c
[9.653s] -- Up-to-date: /home/certezas/robotis_ws/install/op3_online_walking_module_msgs/include/op3_online_walking_module_msgs/op3_online_walking_module_msgs/msg
[9.653s] -- Up-to-date: /home/certezas/robotis_ws/install/op3_online_walking_module_msgs/include/op3_online_walking_module_msgs/op3_online_walking_module_msgs/msg/rosidl_typesupport_introspection_c__visibility_control.h
[9.653s] -- Up-to-date: /home/certezas/robotis_ws/install/op3_online_walking_module_msgs/include/op3_online_walking_module_msgs/op3_online_walking_module_msgs/msg/detail
[9.653s] -- Up-to-date: /home/certezas/robotis_ws/install/op3_online_walking_module_msgs/include/op3_online_walking_module_msgs/op3_online_walking_module_msgs/msg/detail/joint_pose__type_support.c
[9.653s] -- Up-to-date: /home/certezas/robotis_ws/install/op3_online_walking_module_msgs/include/op3_online_walking_module_msgs/op3_online_walking_module_msgs/msg/detail/preview_response__type_support.c
[9.653s] -- Up-to-date: /home/certezas/robotis_ws/install/op3_online_walking_module_msgs/include/op3_online_walking_module_msgs/op3_online_walking_module_msgs/msg/detail/preview_response__rosidl_typesupport_introspection_c.h
[9.653s] -- Up-to-date: /home/certezas/robotis_ws/install/op3_online_walking_module_msgs/include/op3_online_walking_module_msgs/op3_online_walking_module_msgs/msg/detail/step2_d_array__type_support.c
[9.653s] -- Up-to-date: /home/certezas/robotis_ws/install/op3_online_walking_module_msgs/include/op3_online_walking_module_msgs/op3_online_walking_module_msgs/msg/detail/joint_pose__rosidl_typesupport_introspection_c.h
[9.653s] -- Up-to-date: /home/certezas/robotis_ws/install/op3_online_walking_module_msgs/include/op3_online_walking_module_msgs/op3_online_walking_module_msgs/msg/detail/preview_request__rosidl_typesupport_introspection_c.h
[9.653s] -- Up-to-date: /home/certezas/robotis_ws/install/op3_online_walking_module_msgs/include/op3_online_walking_module_msgs/op3_online_walking_module_msgs/msg/detail/step2_d_array__rosidl_typesupport_introspection_c.h
[9.653s] -- Up-to-date: /home/certezas/robotis_ws/install/op3_online_walking_module_msgs/include/op3_online_walking_module_msgs/op3_online_walking_module_msgs/msg/detail/preview_request__type_support.c
[9.653s] -- Up-to-date: /home/certezas/robotis_ws/install/op3_online_walking_module_msgs/include/op3_online_walking_module_msgs/op3_online_walking_module_msgs/msg/detail/kinematics_pose__rosidl_typesupport_introspection_c.h
[9.653s] -- Up-to-date: /home/certezas/robotis_ws/install/op3_online_walking_module_msgs/include/op3_online_walking_module_msgs/op3_online_walking_module_msgs/msg/detail/foot_step_array__type_support.c
[9.654s] -- Up-to-date: /home/certezas/robotis_ws/install/op3_online_walking_module_msgs/include/op3_online_walking_module_msgs/op3_online_walking_module_msgs/msg/detail/step2_d__rosidl_typesupport_introspection_c.h
[9.654s] -- Up-to-date: /home/certezas/robotis_ws/install/op3_online_walking_module_msgs/include/op3_online_walking_module_msgs/op3_online_walking_module_msgs/msg/detail/walking_param__type_support.c
[9.654s] -- Up-to-date: /home/certezas/robotis_ws/install/op3_online_walking_module_msgs/include/op3_online_walking_module_msgs/op3_online_walking_module_msgs/msg/detail/step2_d__type_support.c
[9.654s] -- Up-to-date: /home/certezas/robotis_ws/install/op3_online_walking_module_msgs/include/op3_online_walking_module_msgs/op3_online_walking_module_msgs/msg/detail/foot_step_array__rosidl_typesupport_introspection_c.h
[9.654s] -- Up-to-date: /home/certezas/robotis_ws/install/op3_online_walking_module_msgs/include/op3_online_walking_module_msgs/op3_online_walking_module_msgs/msg/detail/foot_step_command__rosidl_typesupport_introspection_c.h
[9.654s] -- Up-to-date: /home/certezas/robotis_ws/install/op3_online_walking_module_msgs/include/op3_online_walking_module_msgs/op3_online_walking_module_msgs/msg/detail/kinematics_pose__type_support.c
[9.654s] -- Up-to-date: /home/certezas/robotis_ws/install/op3_online_walking_module_msgs/include/op3_online_walking_module_msgs/op3_online_walking_module_msgs/msg/detail/walking_param__rosidl_typesupport_introspection_c.h
[9.654s] -- Up-to-date: /home/certezas/robotis_ws/install/op3_online_walking_module_msgs/include/op3_online_walking_module_msgs/op3_online_walking_module_msgs/msg/detail/foot_step_command__type_support.c
[9.962s] -- Up-to-date: /home/certezas/robotis_ws/install/op3_online_walking_module_msgs/lib/libop3_online_walking_module_msgs__rosidl_typesupport_introspection_c.so
[9.990s] -- Up-to-date: /home/certezas/robotis_ws/install/op3_online_walking_module_msgs/lib/libop3_online_walking_module_msgs__rosidl_typesupport_c.so
[9.990s] -- Up-to-date: /home/certezas/robotis_ws/install/op3_online_walking_module_msgs/include/op3_online_walking_module_msgs/op3_online_walking_module_msgs
[9.990s] -- Up-to-date: /home/certezas/robotis_ws/install/op3_online_walking_module_msgs/include/op3_online_walking_module_msgs/op3_online_walking_module_msgs/srv
[9.990s] -- Up-to-date: /home/certezas/robotis_ws/install/op3_online_walking_module_msgs/include/op3_online_walking_module_msgs/op3_online_walking_module_msgs/srv/detail
[9.990s] -- Up-to-date: /home/certezas/robotis_ws/install/op3_online_walking_module_msgs/include/op3_online_walking_module_msgs/op3_online_walking_module_msgs/srv/detail/get_kinematics_pose__type_support.cpp
[9.990s] -- Up-to-date: /home/certezas/robotis_ws/install/op3_online_walking_module_msgs/include/op3_online_walking_module_msgs/op3_online_walking_module_msgs/srv/detail/get_preview_matrix__rosidl_typesupport_introspection_cpp.hpp
[9.990s] -- Up-to-date: /home/certezas/robotis_ws/install/op3_online_walking_module_msgs/include/op3_online_walking_module_msgs/op3_online_walking_module_msgs/srv/detail/get_joint_pose__rosidl_typesupport_introspection_cpp.hpp
[9.991s] -- Up-to-date: /home/certezas/robotis_ws/install/op3_online_walking_module_msgs/include/op3_online_walking_module_msgs/op3_online_walking_module_msgs/srv/detail/get_preview_matrix__type_support.cpp
[9.991s] -- Up-to-date: /home/certezas/robotis_ws/install/op3_online_walking_module_msgs/include/op3_online_walking_module_msgs/op3_online_walking_module_msgs/srv/detail/get_joint_pose__type_support.cpp
[9.991s] -- Up-to-date: /home/certezas/robotis_ws/install/op3_online_walking_module_msgs/include/op3_online_walking_module_msgs/op3_online_walking_module_msgs/srv/detail/get_kinematics_pose__rosidl_typesupport_introspection_cpp.hpp
[9.991s] -- Up-to-date: /home/certezas/robotis_ws/install/op3_online_walking_module_msgs/include/op3_online_walking_module_msgs/op3_online_walking_module_msgs/msg
[9.991s] -- Up-to-date: /home/certezas/robotis_ws/install/op3_online_walking_module_msgs/include/op3_online_walking_module_msgs/op3_online_walking_module_msgs/msg/detail
[9.991s] -- Up-to-date: /home/certezas/robotis_ws/install/op3_online_walking_module_msgs/include/op3_online_walking_module_msgs/op3_online_walking_module_msgs/msg/detail/joint_pose__type_support.cpp
[9.991s] -- Up-to-date: /home/certezas/robotis_ws/install/op3_online_walking_module_msgs/include/op3_online_walking_module_msgs/op3_online_walking_module_msgs/msg/detail/kinematics_pose__type_support.cpp
[9.991s] -- Up-to-date: /home/certezas/robotis_ws/install/op3_online_walking_module_msgs/include/op3_online_walking_module_msgs/op3_online_walking_module_msgs/msg/detail/foot_step_array__rosidl_typesupport_introspection_cpp.hpp
[9.991s] -- Up-to-date: /home/certezas/robotis_ws/install/op3_online_walking_module_msgs/include/op3_online_walking_module_msgs/op3_online_walking_module_msgs/msg/detail/preview_response__type_support.cpp
[9.991s] -- Up-to-date: /home/certezas/robotis_ws/install/op3_online_walking_module_msgs/include/op3_online_walking_module_msgs/op3_online_walking_module_msgs/msg/detail/foot_step_command__type_support.cpp
[9.991s] -- Up-to-date: /home/certezas/robotis_ws/install/op3_online_walking_module_msgs/include/op3_online_walking_module_msgs/op3_online_walking_module_msgs/msg/detail/step2_d_array__type_support.cpp
[9.991s] -- Up-to-date: /home/certezas/robotis_ws/install/op3_online_walking_module_msgs/include/op3_online_walking_module_msgs/op3_online_walking_module_msgs/msg/detail/walking_param__rosidl_typesupport_introspection_cpp.hpp
[9.991s] -- Up-to-date: /home/certezas/robotis_ws/install/op3_online_walking_module_msgs/include/op3_online_walking_module_msgs/op3_online_walking_module_msgs/msg/detail/step2_d_array__rosidl_typesupport_introspection_cpp.hpp
[9.991s] -- Up-to-date: /home/certezas/robotis_ws/install/op3_online_walking_module_msgs/include/op3_online_walking_module_msgs/op3_online_walking_module_msgs/msg/detail/kinematics_pose__rosidl_typesupport_introspection_cpp.hpp
[9.991s] -- Up-to-date: /home/certezas/robotis_ws/install/op3_online_walking_module_msgs/include/op3_online_walking_module_msgs/op3_online_walking_module_msgs/msg/detail/walking_param__type_support.cpp
[9.991s] -- Up-to-date: /home/certezas/robotis_ws/install/op3_online_walking_module_msgs/include/op3_online_walking_module_msgs/op3_online_walking_module_msgs/msg/detail/foot_step_command__rosidl_typesupport_introspection_cpp.hpp
[9.991s] -- Up-to-date: /home/certezas/robotis_ws/install/op3_online_walking_module_msgs/include/op3_online_walking_module_msgs/op3_online_walking_module_msgs/msg/detail/preview_request__rosidl_typesupport_introspection_cpp.hpp
[9.991s] -- Up-to-date: /home/certezas/robotis_ws/install/op3_online_walking_module_msgs/include/op3_online_walking_module_msgs/op3_online_walking_module_msgs/msg/detail/step2_d__rosidl_typesupport_introspection_cpp.hpp
[9.991s] -- Up-to-date: /home/certezas/robotis_ws/install/op3_online_walking_module_msgs/include/op3_online_walking_module_msgs/op3_online_walking_module_msgs/msg/detail/step2_d__type_support.cpp
[9.991s] -- Up-to-date: /home/certezas/robotis_ws/install/op3_online_walking_module_msgs/include/op3_online_walking_module_msgs/op3_online_walking_module_msgs/msg/detail/preview_request__type_support.cpp
[9.991s] -- Up-to-date: /home/certezas/robotis_ws/install/op3_online_walking_module_msgs/include/op3_online_walking_module_msgs/op3_online_walking_module_msgs/msg/detail/joint_pose__rosidl_typesupport_introspection_cpp.hpp
[9.991s] -- Up-to-date: /home/certezas/robotis_ws/install/op3_online_walking_module_msgs/include/op3_online_walking_module_msgs/op3_online_walking_module_msgs/msg/detail/foot_step_array__type_support.cpp
[9.991s] -- Up-to-date: /home/certezas/robotis_ws/install/op3_online_walking_module_msgs/include/op3_online_walking_module_msgs/op3_online_walking_module_msgs/msg/detail/preview_response__rosidl_typesupport_introspection_cpp.hpp
[10.121s] -- Up-to-date: /home/certezas/robotis_ws/install/op3_online_walking_module_msgs/lib/libop3_online_walking_module_msgs__rosidl_typesupport_introspection_cpp.so
[10.271s] -- Up-to-date: /home/certezas/robotis_ws/install/op3_online_walking_module_msgs/lib/libop3_online_walking_module_msgs__rosidl_typesupport_cpp.so
[10.271s] -- Up-to-date: /home/certezas/robotis_ws/install/op3_online_walking_module_msgs/share/op3_online_walking_module_msgs/environment/pythonpath.sh
[10.271s] -- Up-to-date: /home/certezas/robotis_ws/install/op3_online_walking_module_msgs/share/op3_online_walking_module_msgs/environment/pythonpath.dsv
[10.271s] -- Up-to-date: /home/certezas/robotis_ws/install/op3_online_walking_module_msgs/local/lib/python3.10/dist-packages/op3_online_walking_module_msgs-0.1.1-py3.10.egg-info
[10.271s] -- Installing: /home/certezas/robotis_ws/install/op3_online_walking_module_msgs/local/lib/python3.10/dist-packages/op3_online_walking_module_msgs-0.1.1-py3.10.egg-info/PKG-INFO
[10.271s] -- Installing: /home/certezas/robotis_ws/install/op3_online_walking_module_msgs/local/lib/python3.10/dist-packages/op3_online_walking_module_msgs-0.1.1-py3.10.egg-info/dependency_links.txt
[10.272s] -- Installing: /home/certezas/robotis_ws/install/op3_online_walking_module_msgs/local/lib/python3.10/dist-packages/op3_online_walking_module_msgs-0.1.1-py3.10.egg-info/top_level.txt
[10.272s] -- Installing: /home/certezas/robotis_ws/install/op3_online_walking_module_msgs/local/lib/python3.10/dist-packages/op3_online_walking_module_msgs-0.1.1-py3.10.egg-info/SOURCES.txt
[10.272s] -- Up-to-date: /home/certezas/robotis_ws/install/op3_online_walking_module_msgs/local/lib/python3.10/dist-packages/op3_online_walking_module_msgs
[10.272s] -- Up-to-date: /home/certezas/robotis_ws/install/op3_online_walking_module_msgs/local/lib/python3.10/dist-packages/op3_online_walking_module_msgs/_op3_online_walking_module_msgs_s.ep.rosidl_typesupport_fastrtps_c.c
[10.272s] -- Up-to-date: /home/certezas/robotis_ws/install/op3_online_walking_module_msgs/local/lib/python3.10/dist-packages/op3_online_walking_module_msgs/__init__.py
[10.272s] -- Up-to-date: /home/certezas/robotis_ws/install/op3_online_walking_module_msgs/local/lib/python3.10/dist-packages/op3_online_walking_module_msgs/srv
[10.272s] -- Up-to-date: /home/certezas/robotis_ws/install/op3_online_walking_module_msgs/local/lib/python3.10/dist-packages/op3_online_walking_module_msgs/srv/_get_preview_matrix_s.c
[10.272s] -- Up-to-date: /home/certezas/robotis_ws/install/op3_online_walking_module_msgs/local/lib/python3.10/dist-packages/op3_online_walking_module_msgs/srv/_get_kinematics_pose.py
[10.272s] -- Up-to-date: /home/certezas/robotis_ws/install/op3_online_walking_module_msgs/local/lib/python3.10/dist-packages/op3_online_walking_module_msgs/srv/_get_joint_pose_s.c
[10.272s] -- Up-to-date: /home/certezas/robotis_ws/install/op3_online_walking_module_msgs/local/lib/python3.10/dist-packages/op3_online_walking_module_msgs/srv/__init__.py
[10.273s] -- Up-to-date: /home/certezas/robotis_ws/install/op3_online_walking_module_msgs/local/lib/python3.10/dist-packages/op3_online_walking_module_msgs/srv/_get_kinematics_pose_s.c
[10.273s] -- Up-to-date: /home/certezas/robotis_ws/install/op3_online_walking_module_msgs/local/lib/python3.10/dist-packages/op3_online_walking_module_msgs/srv/_get_preview_matrix.py
[10.273s] -- Up-to-date: /home/certezas/robotis_ws/install/op3_online_walking_module_msgs/local/lib/python3.10/dist-packages/op3_online_walking_module_msgs/srv/_get_joint_pose.py
[10.273s] -- Up-to-date: /home/certezas/robotis_ws/install/op3_online_walking_module_msgs/local/lib/python3.10/dist-packages/op3_online_walking_module_msgs/libop3_online_walking_module_msgs__rosidl_generator_py.so
[10.273s] -- Up-to-date: /home/certezas/robotis_ws/install/op3_online_walking_module_msgs/local/lib/python3.10/dist-packages/op3_online_walking_module_msgs/_op3_online_walking_module_msgs_s.ep.rosidl_typesupport_introspection_c.c
[10.273s] -- Up-to-date: /home/certezas/robotis_ws/install/op3_online_walking_module_msgs/local/lib/python3.10/dist-packages/op3_online_walking_module_msgs/_op3_online_walking_module_msgs_s.ep.rosidl_typesupport_c.c
[10.273s] -- Up-to-date: /home/certezas/robotis_ws/install/op3_online_walking_module_msgs/local/lib/python3.10/dist-packages/op3_online_walking_module_msgs/op3_online_walking_module_msgs_s__rosidl_typesupport_introspection_c.cpython-310-x86_64-linux-gnu.so
[10.273s] -- Up-to-date: /home/certezas/robotis_ws/install/op3_online_walking_module_msgs/local/lib/python3.10/dist-packages/op3_online_walking_module_msgs/op3_online_walking_module_msgs_s__rosidl_typesupport_c.cpython-310-x86_64-linux-gnu.so
[10.273s] -- Up-to-date: /home/certezas/robotis_ws/install/op3_online_walking_module_msgs/local/lib/python3.10/dist-packages/op3_online_walking_module_msgs/op3_online_walking_module_msgs_s__rosidl_typesupport_fastrtps_c.cpython-310-x86_64-linux-gnu.so
[10.273s] -- Up-to-date: /home/certezas/robotis_ws/install/op3_online_walking_module_msgs/local/lib/python3.10/dist-packages/op3_online_walking_module_msgs/msg
[10.273s] -- Up-to-date: /home/certezas/robotis_ws/install/op3_online_walking_module_msgs/local/lib/python3.10/dist-packages/op3_online_walking_module_msgs/msg/_preview_response.py
[10.273s] -- Up-to-date: /home/certezas/robotis_ws/install/op3_online_walking_module_msgs/local/lib/python3.10/dist-packages/op3_online_walking_module_msgs/msg/_preview_response_s.c
[10.273s] -- Up-to-date: /home/certezas/robotis_ws/install/op3_online_walking_module_msgs/local/lib/python3.10/dist-packages/op3_online_walking_module_msgs/msg/_step2_d_array.py
[10.273s] -- Up-to-date: /home/certezas/robotis_ws/install/op3_online_walking_module_msgs/local/lib/python3.10/dist-packages/op3_online_walking_module_msgs/msg/_kinematics_pose.py
[10.273s] -- Up-to-date: /home/certezas/robotis_ws/install/op3_online_walking_module_msgs/local/lib/python3.10/dist-packages/op3_online_walking_module_msgs/msg/_preview_request_s.c
[10.273s] -- Up-to-date: /home/certezas/robotis_ws/install/op3_online_walking_module_msgs/local/lib/python3.10/dist-packages/op3_online_walking_module_msgs/msg/_joint_pose.py
[10.273s] -- Up-to-date: /home/certezas/robotis_ws/install/op3_online_walking_module_msgs/local/lib/python3.10/dist-packages/op3_online_walking_module_msgs/msg/_walking_param.py
[10.274s] -- Up-to-date: /home/certezas/robotis_ws/install/op3_online_walking_module_msgs/local/lib/python3.10/dist-packages/op3_online_walking_module_msgs/msg/_foot_step_array.py
[10.274s] -- Up-to-date: /home/certezas/robotis_ws/install/op3_online_walking_module_msgs/local/lib/python3.10/dist-packages/op3_online_walking_module_msgs/msg/__init__.py
[10.274s] -- Up-to-date: /home/certezas/robotis_ws/install/op3_online_walking_module_msgs/local/lib/python3.10/dist-packages/op3_online_walking_module_msgs/msg/_foot_step_array_s.c
[10.274s] -- Up-to-date: /home/certezas/robotis_ws/install/op3_online_walking_module_msgs/local/lib/python3.10/dist-packages/op3_online_walking_module_msgs/msg/_joint_pose_s.c
[10.274s] -- Up-to-date: /home/certezas/robotis_ws/install/op3_online_walking_module_msgs/local/lib/python3.10/dist-packages/op3_online_walking_module_msgs/msg/_step2_d_s.c
[10.274s] -- Up-to-date: /home/certezas/robotis_ws/install/op3_online_walking_module_msgs/local/lib/python3.10/dist-packages/op3_online_walking_module_msgs/msg/_walking_param_s.c
[10.274s] -- Up-to-date: /home/certezas/robotis_ws/install/op3_online_walking_module_msgs/local/lib/python3.10/dist-packages/op3_online_walking_module_msgs/msg/_foot_step_command_s.c
[10.274s] -- Up-to-date: /home/certezas/robotis_ws/install/op3_online_walking_module_msgs/local/lib/python3.10/dist-packages/op3_online_walking_module_msgs/msg/_preview_request.py
[10.274s] -- Up-to-date: /home/certezas/robotis_ws/install/op3_online_walking_module_msgs/local/lib/python3.10/dist-packages/op3_online_walking_module_msgs/msg/_step2_d_array_s.c
[10.274s] -- Up-to-date: /home/certezas/robotis_ws/install/op3_online_walking_module_msgs/local/lib/python3.10/dist-packages/op3_online_walking_module_msgs/msg/_kinematics_pose_s.c
[10.274s] -- Up-to-date: /home/certezas/robotis_ws/install/op3_online_walking_module_msgs/local/lib/python3.10/dist-packages/op3_online_walking_module_msgs/msg/_foot_step_command.py
[10.274s] -- Up-to-date: /home/certezas/robotis_ws/install/op3_online_walking_module_msgs/local/lib/python3.10/dist-packages/op3_online_walking_module_msgs/msg/_step2_d.py
[10.512s] Listing '/home/certezas/robotis_ws/install/op3_online_walking_module_msgs/local/lib/python3.10/dist-packages/op3_online_walking_module_msgs'...
[10.512s] Listing '/home/certezas/robotis_ws/install/op3_online_walking_module_msgs/local/lib/python3.10/dist-packages/op3_online_walking_module_msgs/msg'...
[10.512s] Listing '/home/certezas/robotis_ws/install/op3_online_walking_module_msgs/local/lib/python3.10/dist-packages/op3_online_walking_module_msgs/srv'...
[10.545s] -- Up-to-date: /home/certezas/robotis_ws/install/op3_online_walking_module_msgs/local/lib/python3.10/dist-packages/op3_online_walking_module_msgs/op3_online_walking_module_msgs_s__rosidl_typesupport_fastrtps_c.cpython-310-x86_64-linux-gnu.so
[10.556s] -- Up-to-date: /home/certezas/robotis_ws/install/op3_online_walking_module_msgs/local/lib/python3.10/dist-packages/op3_online_walking_module_msgs/op3_online_walking_module_msgs_s__rosidl_typesupport_introspection_c.cpython-310-x86_64-linux-gnu.so
[10.625s] -- Up-to-date: /home/certezas/robotis_ws/install/op3_online_walking_module_msgs/local/lib/python3.10/dist-packages/op3_online_walking_module_msgs/op3_online_walking_module_msgs_s__rosidl_typesupport_c.cpython-310-x86_64-linux-gnu.so
[10.724s] -- Up-to-date: /home/certezas/robotis_ws/install/op3_online_walking_module_msgs/lib/libop3_online_walking_module_msgs__rosidl_generator_py.so
[10.804s] -- Up-to-date: /home/certezas/robotis_ws/install/op3_online_walking_module_msgs/share/op3_online_walking_module_msgs/msg/JointPose.idl
[10.804s] -- Up-to-date: /home/certezas/robotis_ws/install/op3_online_walking_module_msgs/share/op3_online_walking_module_msgs/msg/KinematicsPose.idl
[10.804s] -- Up-to-date: /home/certezas/robotis_ws/install/op3_online_walking_module_msgs/share/op3_online_walking_module_msgs/msg/FootStepCommand.idl
[10.804s] -- Up-to-date: /home/certezas/robotis_ws/install/op3_online_walking_module_msgs/share/op3_online_walking_module_msgs/msg/FootStepArray.idl
[10.804s] -- Up-to-date: /home/certezas/robotis_ws/install/op3_online_walking_module_msgs/share/op3_online_walking_module_msgs/msg/PreviewRequest.idl
[10.804s] -- Up-to-date: /home/certezas/robotis_ws/install/op3_online_walking_module_msgs/share/op3_online_walking_module_msgs/msg/PreviewResponse.idl
[10.804s] -- Up-to-date: /home/certezas/robotis_ws/install/op3_online_walking_module_msgs/share/op3_online_walking_module_msgs/msg/WalkingParam.idl
[10.805s] -- Up-to-date: /home/certezas/robotis_ws/install/op3_online_walking_module_msgs/share/op3_online_walking_module_msgs/msg/Step2D.idl
[10.805s] -- Up-to-date: /home/certezas/robotis_ws/install/op3_online_walking_module_msgs/share/op3_online_walking_module_msgs/msg/Step2DArray.idl
[10.805s] -- Up-to-date: /home/certezas/robotis_ws/install/op3_online_walking_module_msgs/share/op3_online_walking_module_msgs/srv/GetJointPose.idl
[10.805s] -- Up-to-date: /home/certezas/robotis_ws/install/op3_online_walking_module_msgs/share/op3_online_walking_module_msgs/srv/GetKinematicsPose.idl
[10.805s] -- Up-to-date: /home/certezas/robotis_ws/install/op3_online_walking_module_msgs/share/op3_online_walking_module_msgs/srv/GetPreviewMatrix.idl
[10.805s] -- Up-to-date: /home/certezas/robotis_ws/install/op3_online_walking_module_msgs/share/op3_online_walking_module_msgs/msg/JointPose.msg
[10.805s] -- Up-to-date: /home/certezas/robotis_ws/install/op3_online_walking_module_msgs/share/op3_online_walking_module_msgs/msg/KinematicsPose.msg
[10.805s] -- Up-to-date: /home/certezas/robotis_ws/install/op3_online_walking_module_msgs/share/op3_online_walking_module_msgs/msg/FootStepCommand.msg
[10.805s] -- Up-to-date: /home/certezas/robotis_ws/install/op3_online_walking_module_msgs/share/op3_online_walking_module_msgs/msg/FootStepArray.msg
[10.805s] -- Up-to-date: /home/certezas/robotis_ws/install/op3_online_walking_module_msgs/share/op3_online_walking_module_msgs/msg/PreviewRequest.msg
[10.805s] -- Up-to-date: /home/certezas/robotis_ws/install/op3_online_walking_module_msgs/share/op3_online_walking_module_msgs/msg/PreviewResponse.msg
[10.805s] -- Up-to-date: /home/certezas/robotis_ws/install/op3_online_walking_module_msgs/share/op3_online_walking_module_msgs/msg/WalkingParam.msg
[10.805s] -- Up-to-date: /home/certezas/robotis_ws/install/op3_online_walking_module_msgs/share/op3_online_walking_module_msgs/msg/Step2D.msg
[10.805s] -- Up-to-date: /home/certezas/robotis_ws/install/op3_online_walking_module_msgs/share/op3_online_walking_module_msgs/msg/Step2DArray.msg
[10.805s] -- Up-to-date: /home/certezas/robotis_ws/install/op3_online_walking_module_msgs/share/op3_online_walking_module_msgs/srv/GetJointPose.srv
[10.805s] -- Up-to-date: /home/certezas/robotis_ws/install/op3_online_walking_module_msgs/share/op3_online_walking_module_msgs/srv/GetJointPose_Request.msg
[10.805s] -- Up-to-date: /home/certezas/robotis_ws/install/op3_online_walking_module_msgs/share/op3_online_walking_module_msgs/srv/GetJointPose_Response.msg
[10.805s] -- Up-to-date: /home/certezas/robotis_ws/install/op3_online_walking_module_msgs/share/op3_online_walking_module_msgs/srv/GetKinematicsPose.srv
[10.806s] -- Up-to-date: /home/certezas/robotis_ws/install/op3_online_walking_module_msgs/share/op3_online_walking_module_msgs/srv/GetKinematicsPose_Request.msg
[10.806s] -- Up-to-date: /home/certezas/robotis_ws/install/op3_online_walking_module_msgs/share/op3_online_walking_module_msgs/srv/GetKinematicsPose_Response.msg
[10.806s] -- Up-to-date: /home/certezas/robotis_ws/install/op3_online_walking_module_msgs/share/op3_online_walking_module_msgs/srv/GetPreviewMatrix.srv
[10.806s] -- Up-to-date: /home/certezas/robotis_ws/install/op3_online_walking_module_msgs/share/op3_online_walking_module_msgs/srv/GetPreviewMatrix_Request.msg
[10.806s] -- Up-to-date: /home/certezas/robotis_ws/install/op3_online_walking_module_msgs/share/op3_online_walking_module_msgs/srv/GetPreviewMatrix_Response.msg
[10.806s] -- Up-to-date: /home/certezas/robotis_ws/install/op3_online_walking_module_msgs/share/ament_index/resource_index/package_run_dependencies/op3_online_walking_module_msgs
[10.810s] -- Up-to-date: /home/certezas/robotis_ws/install/op3_online_walking_module_msgs/share/ament_index/resource_index/parent_prefix_path/op3_online_walking_module_msgs
[10.810s] -- Up-to-date: /home/certezas/robotis_ws/install/op3_online_walking_module_msgs/share/op3_online_walking_module_msgs/environment/ament_prefix_path.sh
[10.810s] -- Up-to-date: /home/certezas/robotis_ws/install/op3_online_walking_module_msgs/share/op3_online_walking_module_msgs/environment/ament_prefix_path.dsv
[10.810s] -- Up-to-date: /home/certezas/robotis_ws/install/op3_online_walking_module_msgs/share/op3_online_walking_module_msgs/environment/path.sh
[10.810s] -- Up-to-date: /home/certezas/robotis_ws/install/op3_online_walking_module_msgs/share/op3_online_walking_module_msgs/environment/path.dsv
[10.810s] -- Up-to-date: /home/certezas/robotis_ws/install/op3_online_walking_module_msgs/share/op3_online_walking_module_msgs/local_setup.bash
[10.810s] -- Up-to-date: /home/certezas/robotis_ws/install/op3_online_walking_module_msgs/share/op3_online_walking_module_msgs/local_setup.sh
[10.810s] -- Up-to-date: /home/certezas/robotis_ws/install/op3_online_walking_module_msgs/share/op3_online_walking_module_msgs/local_setup.zsh
[10.810s] -- Up-to-date: /home/certezas/robotis_ws/install/op3_online_walking_module_msgs/share/op3_online_walking_module_msgs/local_setup.dsv
[10.810s] -- Installing: /home/certezas/robotis_ws/install/op3_online_walking_module_msgs/share/op3_online_walking_module_msgs/package.dsv
[10.842s] -- Up-to-date: /home/certezas/robotis_ws/install/op3_online_walking_module_msgs/share/ament_index/resource_index/packages/op3_online_walking_module_msgs
[10.898s] -- Up-to-date: /home/certezas/robotis_ws/install/op3_online_walking_module_msgs/share/op3_online_walking_module_msgs/cmake/export_op3_online_walking_module_msgs__rosidl_generator_cExport.cmake
[10.898s] -- Up-to-date: /home/certezas/robotis_ws/install/op3_online_walking_module_msgs/share/op3_online_walking_module_msgs/cmake/export_op3_online_walking_module_msgs__rosidl_generator_cExport-noconfig.cmake
[10.965s] -- Up-to-date: /home/certezas/robotis_ws/install/op3_online_walking_module_msgs/share/op3_online_walking_module_msgs/cmake/export_op3_online_walking_module_msgs__rosidl_typesupport_fastrtps_cExport.cmake
[10.965s] -- Up-to-date: /home/certezas/robotis_ws/install/op3_online_walking_module_msgs/share/op3_online_walking_module_msgs/cmake/export_op3_online_walking_module_msgs__rosidl_typesupport_fastrtps_cExport-noconfig.cmake
[10.965s] -- Up-to-date: /home/certezas/robotis_ws/install/op3_online_walking_module_msgs/share/op3_online_walking_module_msgs/cmake/export_op3_online_walking_module_msgs__rosidl_generator_cppExport.cmake
[11.000s] -- Up-to-date: /home/certezas/robotis_ws/install/op3_online_walking_module_msgs/share/op3_online_walking_module_msgs/cmake/export_op3_online_walking_module_msgs__rosidl_typesupport_fastrtps_cppExport.cmake
[11.001s] -- Up-to-date: /home/certezas/robotis_ws/install/op3_online_walking_module_msgs/share/op3_online_walking_module_msgs/cmake/export_op3_online_walking_module_msgs__rosidl_typesupport_fastrtps_cppExport-noconfig.cmake
[11.090s] -- Up-to-date: /home/certezas/robotis_ws/install/op3_online_walking_module_msgs/share/op3_online_walking_module_msgs/cmake/op3_online_walking_module_msgs__rosidl_typesupport_introspection_cExport.cmake
[11.090s] -- Up-to-date: /home/certezas/robotis_ws/install/op3_online_walking_module_msgs/share/op3_online_walking_module_msgs/cmake/op3_online_walking_module_msgs__rosidl_typesupport_introspection_cExport-noconfig.cmake
[11.091s] -- Up-to-date: /home/certezas/robotis_ws/install/op3_online_walking_module_msgs/share/op3_online_walking_module_msgs/cmake/op3_online_walking_module_msgs__rosidl_typesupport_cExport.cmake
[11.091s] -- Up-to-date: /home/certezas/robotis_ws/install/op3_online_walking_module_msgs/share/op3_online_walking_module_msgs/cmake/op3_online_walking_module_msgs__rosidl_typesupport_cExport-noconfig.cmake
[11.091s] -- Up-to-date: /home/certezas/robotis_ws/install/op3_online_walking_module_msgs/share/op3_online_walking_module_msgs/cmake/op3_online_walking_module_msgs__rosidl_typesupport_introspection_cppExport.cmake
[11.091s] -- Up-to-date: /home/certezas/robotis_ws/install/op3_online_walking_module_msgs/share/op3_online_walking_module_msgs/cmake/op3_online_walking_module_msgs__rosidl_typesupport_introspection_cppExport-noconfig.cmake
[11.170s] -- Up-to-date: /home/certezas/robotis_ws/install/op3_online_walking_module_msgs/share/op3_online_walking_module_msgs/cmake/op3_online_walking_module_msgs__rosidl_typesupport_cppExport.cmake
[11.170s] -- Up-to-date: /home/certezas/robotis_ws/install/op3_online_walking_module_msgs/share/op3_online_walking_module_msgs/cmake/op3_online_walking_module_msgs__rosidl_typesupport_cppExport-noconfig.cmake
[11.215s] -- Up-to-date: /home/certezas/robotis_ws/install/op3_online_walking_module_msgs/share/op3_online_walking_module_msgs/cmake/export_op3_online_walking_module_msgs__rosidl_generator_pyExport.cmake
[11.215s] -- Up-to-date: /home/certezas/robotis_ws/install/op3_online_walking_module_msgs/share/op3_online_walking_module_msgs/cmake/export_op3_online_walking_module_msgs__rosidl_generator_pyExport-noconfig.cmake
[11.215s] -- Up-to-date: /home/certezas/robotis_ws/install/op3_online_walking_module_msgs/share/op3_online_walking_module_msgs/cmake/rosidl_cmake-extras.cmake
[11.215s] -- Up-to-date: /home/certezas/robotis_ws/install/op3_online_walking_module_msgs/share/op3_online_walking_module_msgs/cmake/ament_cmake_export_dependencies-extras.cmake
[11.215s] -- Up-to-date: /home/certezas/robotis_ws/install/op3_online_walking_module_msgs/share/op3_online_walking_module_msgs/cmake/ament_cmake_export_include_directories-extras.cmake
[11.215s] -- Up-to-date: /home/certezas/robotis_ws/install/op3_online_walking_module_msgs/share/op3_online_walking_module_msgs/cmake/ament_cmake_export_libraries-extras.cmake
[11.215s] -- Up-to-date: /home/certezas/robotis_ws/install/op3_online_walking_module_msgs/share/op3_online_walking_module_msgs/cmake/ament_cmake_export_targets-extras.cmake
[11.215s] -- Up-to-date: /home/certezas/robotis_ws/install/op3_online_walking_module_msgs/share/op3_online_walking_module_msgs/cmake/rosidl_cmake_export_typesupport_targets-extras.cmake
[11.215s] -- Up-to-date: /home/certezas/robotis_ws/install/op3_online_walking_module_msgs/share/op3_online_walking_module_msgs/cmake/rosidl_cmake_export_typesupport_libraries-extras.cmake
[11.216s] -- Up-to-date: /home/certezas/robotis_ws/install/op3_online_walking_module_msgs/share/op3_online_walking_module_msgs/cmake/op3_online_walking_module_msgsConfig.cmake
[11.216s] -- Up-to-date: /home/certezas/robotis_ws/install/op3_online_walking_module_msgs/share/op3_online_walking_module_msgs/cmake/op3_online_walking_module_msgsConfig-version.cmake
[11.216s] -- Up-to-date: /home/certezas/robotis_ws/install/op3_online_walking_module_msgs/share/op3_online_walking_module_msgs/package.xml
[12.397s] Invoked command in '/home/certezas/robotis_ws/build/op3_online_walking_module_msgs' returned '0': CMAKE_PREFIX_PATH=${CMAKE_PREFIX_PATH}:/opt/ros/humble /usr/bin/cmake --install /home/certezas/robotis_ws/build/op3_online_walking_module_msgs
