[0.319s] Invoking command in '/home/certezas/robotis_ws/build/op3_action_module_msgs': CMAKE_PREFIX_PATH=${CMAKE_PREFIX_PATH}:/opt/ros/humble /usr/bin/cmake --build /home/certezas/robotis_ws/build/op3_action_module_msgs -- -j12 -l12
[2.046s] [  2%] Built target op3_action_module_msgs__cpp
[2.155s] [35m[1mConsolidate compiler generated dependencies of target op3_action_module_msgs__rosidl_typesupport_cpp[0m
[2.155s] [35m[1mConsolidate compiler generated dependencies of target op3_action_module_msgs__rosidl_typesupport_fastrtps_cpp[0m
[2.165s] [ 12%] Built target op3_action_module_msgs__rosidl_typesupport_cpp
[2.245s] [35m[1mConsolidate compiler generated dependencies of target op3_action_module_msgs__rosidl_typesupport_introspection_cpp[0m
[2.256s] [ 23%] Built target op3_action_module_msgs__rosidl_typesupport_introspection_cpp
[2.376s] [ 33%] Built target op3_action_module_msgs__rosidl_typesupport_fastrtps_cpp
[2.421s] [35m[1mConsolidate compiler generated dependencies of target op3_action_module_msgs__rosidl_generator_c[0m
[2.430s] [ 43%] Built target op3_action_module_msgs__rosidl_generator_c
[2.507s] [35m[1mConsolidate compiler generated dependencies of target op3_action_module_msgs__rosidl_typesupport_fastrtps_c[0m
[2.517s] [ 53%] Built target op3_action_module_msgs__rosidl_typesupport_fastrtps_c
[2.521s] [35m[1mConsolidate compiler generated dependencies of target op3_action_module_msgs__rosidl_typesupport_c[0m
[2.529s] [ 64%] Built target op3_action_module_msgs__rosidl_typesupport_c
[2.534s] [35m[1mConsolidate compiler generated dependencies of target op3_action_module_msgs__rosidl_typesupport_introspection_c[0m
[2.544s] [ 74%] Built target op3_action_module_msgs__rosidl_typesupport_introspection_c
[2.623s] [ 74%] Built target op3_action_module_msgs
[2.715s] [ 76%] Built target op3_action_module_msgs__py
[2.826s] [35m[1mConsolidate compiler generated dependencies of target op3_action_module_msgs__rosidl_generator_py[0m
[4.015s] [ 84%] Built target op3_action_module_msgs__rosidl_generator_py
[4.491s] [ 84%] Built target ament_cmake_python_copy_op3_action_module_msgs
[4.981s] [35m[1mConsolidate compiler generated dependencies of target op3_action_module_msgs__rosidl_typesupport_c__pyext[0m
[4.982s] [35m[1mConsolidate compiler generated dependencies of target op3_action_module_msgs__rosidl_typesupport_fastrtps_c__pyext[0m
[4.982s] [35m[1mConsolidate compiler generated dependencies of target op3_action_module_msgs__rosidl_typesupport_introspection_c__pyext[0m
[4.993s] [ 89%] Built target op3_action_module_msgs__rosidl_typesupport_c__pyext
[5.003s] [ 94%] Built target op3_action_module_msgs__rosidl_typesupport_introspection_c__pyext
[5.004s] [100%] Built target op3_action_module_msgs__rosidl_typesupport_fastrtps_c__pyext
[5.609s] running egg_info
[5.610s] writing op3_action_module_msgs.egg-info/PKG-INFO
[5.610s] writing dependency_links to op3_action_module_msgs.egg-info/dependency_links.txt
[5.610s] writing top-level names to op3_action_module_msgs.egg-info/top_level.txt
[5.620s] reading manifest file 'op3_action_module_msgs.egg-info/SOURCES.txt'
[5.765s] writing manifest file 'op3_action_module_msgs.egg-info/SOURCES.txt'
[5.791s] [100%] Built target ament_cmake_python_build_op3_action_module_msgs_egg
[5.800s] Invoked command in '/home/certezas/robotis_ws/build/op3_action_module_msgs' returned '0': CMAKE_PREFIX_PATH=${CMAKE_PREFIX_PATH}:/opt/ros/humble /usr/bin/cmake --build /home/certezas/robotis_ws/build/op3_action_module_msgs -- -j12 -l12
[6.087s] Invoking command in '/home/certezas/robotis_ws/build/op3_action_module_msgs': CMAKE_PREFIX_PATH=${CMAKE_PREFIX_PATH}:/opt/ros/humble /usr/bin/cmake --install /home/certezas/robotis_ws/build/op3_action_module_msgs
[6.562s] -- Install configuration: ""
[6.562s] -- Up-to-date: /home/certezas/robotis_ws/install/op3_action_module_msgs/share/ament_index/resource_index/rosidl_interfaces/op3_action_module_msgs
[6.562s] -- Up-to-date: /home/certezas/robotis_ws/install/op3_action_module_msgs/include/op3_action_module_msgs/op3_action_module_msgs
[6.562s] -- Up-to-date: /home/certezas/robotis_ws/install/op3_action_module_msgs/include/op3_action_module_msgs/op3_action_module_msgs/srv
[6.562s] -- Up-to-date: /home/certezas/robotis_ws/install/op3_action_module_msgs/include/op3_action_module_msgs/op3_action_module_msgs/srv/is_running.h
[6.562s] -- Up-to-date: /home/certezas/robotis_ws/install/op3_action_module_msgs/include/op3_action_module_msgs/op3_action_module_msgs/srv/detail
[6.562s] -- Up-to-date: /home/certezas/robotis_ws/install/op3_action_module_msgs/include/op3_action_module_msgs/op3_action_module_msgs/srv/detail/is_running__functions.h
[6.562s] -- Up-to-date: /home/certezas/robotis_ws/install/op3_action_module_msgs/include/op3_action_module_msgs/op3_action_module_msgs/srv/detail/is_running__struct.h
[6.562s] -- Up-to-date: /home/certezas/robotis_ws/install/op3_action_module_msgs/include/op3_action_module_msgs/op3_action_module_msgs/srv/detail/is_running__functions.c
[6.563s] -- Up-to-date: /home/certezas/robotis_ws/install/op3_action_module_msgs/include/op3_action_module_msgs/op3_action_module_msgs/srv/detail/is_running__type_support.h
[6.563s] -- Up-to-date: /home/certezas/robotis_ws/install/op3_action_module_msgs/include/op3_action_module_msgs/op3_action_module_msgs/msg
[6.563s] -- Up-to-date: /home/certezas/robotis_ws/install/op3_action_module_msgs/include/op3_action_module_msgs/op3_action_module_msgs/msg/rosidl_generator_c__visibility_control.h
[6.563s] -- Up-to-date: /home/certezas/robotis_ws/install/op3_action_module_msgs/include/op3_action_module_msgs/op3_action_module_msgs/msg/start_action.h
[6.563s] -- Up-to-date: /home/certezas/robotis_ws/install/op3_action_module_msgs/include/op3_action_module_msgs/op3_action_module_msgs/msg/detail
[6.563s] -- Up-to-date: /home/certezas/robotis_ws/install/op3_action_module_msgs/include/op3_action_module_msgs/op3_action_module_msgs/msg/detail/start_action__functions.c
[6.563s] -- Up-to-date: /home/certezas/robotis_ws/install/op3_action_module_msgs/include/op3_action_module_msgs/op3_action_module_msgs/msg/detail/start_action__functions.h
[6.563s] -- Up-to-date: /home/certezas/robotis_ws/install/op3_action_module_msgs/include/op3_action_module_msgs/op3_action_module_msgs/msg/detail/start_action__type_support.h
[6.563s] -- Up-to-date: /home/certezas/robotis_ws/install/op3_action_module_msgs/include/op3_action_module_msgs/op3_action_module_msgs/msg/detail/start_action__struct.h
[6.563s] -- Up-to-date: /home/certezas/robotis_ws/install/op3_action_module_msgs/share/op3_action_module_msgs/environment/library_path.sh
[6.563s] -- Up-to-date: /home/certezas/robotis_ws/install/op3_action_module_msgs/share/op3_action_module_msgs/environment/library_path.dsv
[6.563s] -- Up-to-date: /home/certezas/robotis_ws/install/op3_action_module_msgs/lib/libop3_action_module_msgs__rosidl_generator_c.so
[6.563s] -- Up-to-date: /home/certezas/robotis_ws/install/op3_action_module_msgs/include/op3_action_module_msgs/op3_action_module_msgs
[6.563s] -- Up-to-date: /home/certezas/robotis_ws/install/op3_action_module_msgs/include/op3_action_module_msgs/op3_action_module_msgs/srv
[6.563s] -- Up-to-date: /home/certezas/robotis_ws/install/op3_action_module_msgs/include/op3_action_module_msgs/op3_action_module_msgs/srv/detail
[6.563s] -- Up-to-date: /home/certezas/robotis_ws/install/op3_action_module_msgs/include/op3_action_module_msgs/op3_action_module_msgs/srv/detail/is_running__rosidl_typesupport_fastrtps_c.h
[6.563s] -- Up-to-date: /home/certezas/robotis_ws/install/op3_action_module_msgs/include/op3_action_module_msgs/op3_action_module_msgs/msg
[6.563s] -- Up-to-date: /home/certezas/robotis_ws/install/op3_action_module_msgs/include/op3_action_module_msgs/op3_action_module_msgs/msg/detail
[6.563s] -- Up-to-date: /home/certezas/robotis_ws/install/op3_action_module_msgs/include/op3_action_module_msgs/op3_action_module_msgs/msg/detail/start_action__rosidl_typesupport_fastrtps_c.h
[6.567s] -- Up-to-date: /home/certezas/robotis_ws/install/op3_action_module_msgs/include/op3_action_module_msgs/op3_action_module_msgs/msg/rosidl_typesupport_fastrtps_c__visibility_control.h
[6.567s] -- Up-to-date: /home/certezas/robotis_ws/install/op3_action_module_msgs/lib/libop3_action_module_msgs__rosidl_typesupport_fastrtps_c.so
[6.567s] -- Up-to-date: /home/certezas/robotis_ws/install/op3_action_module_msgs/include/op3_action_module_msgs/op3_action_module_msgs
[6.567s] -- Up-to-date: /home/certezas/robotis_ws/install/op3_action_module_msgs/include/op3_action_module_msgs/op3_action_module_msgs/srv
[6.567s] -- Up-to-date: /home/certezas/robotis_ws/install/op3_action_module_msgs/include/op3_action_module_msgs/op3_action_module_msgs/srv/is_running.hpp
[6.567s] -- Up-to-date: /home/certezas/robotis_ws/install/op3_action_module_msgs/include/op3_action_module_msgs/op3_action_module_msgs/srv/detail
[6.567s] -- Up-to-date: /home/certezas/robotis_ws/install/op3_action_module_msgs/include/op3_action_module_msgs/op3_action_module_msgs/srv/detail/is_running__struct.hpp
[6.567s] -- Up-to-date: /home/certezas/robotis_ws/install/op3_action_module_msgs/include/op3_action_module_msgs/op3_action_module_msgs/srv/detail/is_running__traits.hpp
[6.567s] -- Up-to-date: /home/certezas/robotis_ws/install/op3_action_module_msgs/include/op3_action_module_msgs/op3_action_module_msgs/srv/detail/is_running__type_support.hpp
[6.567s] -- Up-to-date: /home/certezas/robotis_ws/install/op3_action_module_msgs/include/op3_action_module_msgs/op3_action_module_msgs/srv/detail/is_running__builder.hpp
[6.567s] -- Up-to-date: /home/certezas/robotis_ws/install/op3_action_module_msgs/include/op3_action_module_msgs/op3_action_module_msgs/msg
[6.567s] -- Up-to-date: /home/certezas/robotis_ws/install/op3_action_module_msgs/include/op3_action_module_msgs/op3_action_module_msgs/msg/rosidl_generator_cpp__visibility_control.hpp
[6.567s] -- Up-to-date: /home/certezas/robotis_ws/install/op3_action_module_msgs/include/op3_action_module_msgs/op3_action_module_msgs/msg/detail
[6.567s] -- Up-to-date: /home/certezas/robotis_ws/install/op3_action_module_msgs/include/op3_action_module_msgs/op3_action_module_msgs/msg/detail/start_action__traits.hpp
[6.567s] -- Up-to-date: /home/certezas/robotis_ws/install/op3_action_module_msgs/include/op3_action_module_msgs/op3_action_module_msgs/msg/detail/start_action__type_support.hpp
[6.567s] -- Up-to-date: /home/certezas/robotis_ws/install/op3_action_module_msgs/include/op3_action_module_msgs/op3_action_module_msgs/msg/detail/start_action__builder.hpp
[6.567s] -- Up-to-date: /home/certezas/robotis_ws/install/op3_action_module_msgs/include/op3_action_module_msgs/op3_action_module_msgs/msg/detail/start_action__struct.hpp
[6.568s] -- Up-to-date: /home/certezas/robotis_ws/install/op3_action_module_msgs/include/op3_action_module_msgs/op3_action_module_msgs/msg/start_action.hpp
[6.568s] -- Up-to-date: /home/certezas/robotis_ws/install/op3_action_module_msgs/include/op3_action_module_msgs/op3_action_module_msgs
[6.568s] -- Up-to-date: /home/certezas/robotis_ws/install/op3_action_module_msgs/include/op3_action_module_msgs/op3_action_module_msgs/srv
[6.568s] -- Up-to-date: /home/certezas/robotis_ws/install/op3_action_module_msgs/include/op3_action_module_msgs/op3_action_module_msgs/srv/detail
[6.568s] -- Up-to-date: /home/certezas/robotis_ws/install/op3_action_module_msgs/include/op3_action_module_msgs/op3_action_module_msgs/srv/detail/dds_fastrtps
[6.568s] -- Up-to-date: /home/certezas/robotis_ws/install/op3_action_module_msgs/include/op3_action_module_msgs/op3_action_module_msgs/srv/detail/is_running__rosidl_typesupport_fastrtps_cpp.hpp
[6.568s] -- Up-to-date: /home/certezas/robotis_ws/install/op3_action_module_msgs/include/op3_action_module_msgs/op3_action_module_msgs/msg
[6.568s] -- Up-to-date: /home/certezas/robotis_ws/install/op3_action_module_msgs/include/op3_action_module_msgs/op3_action_module_msgs/msg/rosidl_typesupport_fastrtps_cpp__visibility_control.h
[6.568s] -- Up-to-date: /home/certezas/robotis_ws/install/op3_action_module_msgs/include/op3_action_module_msgs/op3_action_module_msgs/msg/detail
[6.568s] -- Up-to-date: /home/certezas/robotis_ws/install/op3_action_module_msgs/include/op3_action_module_msgs/op3_action_module_msgs/msg/detail/dds_fastrtps
[6.568s] -- Up-to-date: /home/certezas/robotis_ws/install/op3_action_module_msgs/include/op3_action_module_msgs/op3_action_module_msgs/msg/detail/start_action__rosidl_typesupport_fastrtps_cpp.hpp
[6.568s] -- Up-to-date: /home/certezas/robotis_ws/install/op3_action_module_msgs/lib/libop3_action_module_msgs__rosidl_typesupport_fastrtps_cpp.so
[6.568s] -- Up-to-date: /home/certezas/robotis_ws/install/op3_action_module_msgs/include/op3_action_module_msgs/op3_action_module_msgs
[6.568s] -- Up-to-date: /home/certezas/robotis_ws/install/op3_action_module_msgs/include/op3_action_module_msgs/op3_action_module_msgs/srv
[6.568s] -- Up-to-date: /home/certezas/robotis_ws/install/op3_action_module_msgs/include/op3_action_module_msgs/op3_action_module_msgs/srv/detail
[6.568s] -- Up-to-date: /home/certezas/robotis_ws/install/op3_action_module_msgs/include/op3_action_module_msgs/op3_action_module_msgs/srv/detail/is_running__rosidl_typesupport_introspection_c.h
[6.568s] -- Up-to-date: /home/certezas/robotis_ws/install/op3_action_module_msgs/include/op3_action_module_msgs/op3_action_module_msgs/srv/detail/is_running__type_support.c
[6.568s] -- Up-to-date: /home/certezas/robotis_ws/install/op3_action_module_msgs/include/op3_action_module_msgs/op3_action_module_msgs/msg
[6.568s] -- Up-to-date: /home/certezas/robotis_ws/install/op3_action_module_msgs/include/op3_action_module_msgs/op3_action_module_msgs/msg/rosidl_typesupport_introspection_c__visibility_control.h
[6.568s] -- Up-to-date: /home/certezas/robotis_ws/install/op3_action_module_msgs/include/op3_action_module_msgs/op3_action_module_msgs/msg/detail
[6.568s] -- Up-to-date: /home/certezas/robotis_ws/install/op3_action_module_msgs/include/op3_action_module_msgs/op3_action_module_msgs/msg/detail/start_action__rosidl_typesupport_introspection_c.h
[6.569s] -- Up-to-date: /home/certezas/robotis_ws/install/op3_action_module_msgs/include/op3_action_module_msgs/op3_action_module_msgs/msg/detail/start_action__type_support.c
[6.569s] -- Up-to-date: /home/certezas/robotis_ws/install/op3_action_module_msgs/lib/libop3_action_module_msgs__rosidl_typesupport_introspection_c.so
[6.569s] -- Up-to-date: /home/certezas/robotis_ws/install/op3_action_module_msgs/lib/libop3_action_module_msgs__rosidl_typesupport_c.so
[6.569s] -- Up-to-date: /home/certezas/robotis_ws/install/op3_action_module_msgs/include/op3_action_module_msgs/op3_action_module_msgs
[6.569s] -- Up-to-date: /home/certezas/robotis_ws/install/op3_action_module_msgs/include/op3_action_module_msgs/op3_action_module_msgs/srv
[6.569s] -- Up-to-date: /home/certezas/robotis_ws/install/op3_action_module_msgs/include/op3_action_module_msgs/op3_action_module_msgs/srv/detail
[6.569s] -- Up-to-date: /home/certezas/robotis_ws/install/op3_action_module_msgs/include/op3_action_module_msgs/op3_action_module_msgs/srv/detail/is_running__rosidl_typesupport_introspection_cpp.hpp
[6.569s] -- Up-to-date: /home/certezas/robotis_ws/install/op3_action_module_msgs/include/op3_action_module_msgs/op3_action_module_msgs/srv/detail/is_running__type_support.cpp
[6.569s] -- Up-to-date: /home/certezas/robotis_ws/install/op3_action_module_msgs/include/op3_action_module_msgs/op3_action_module_msgs/msg
[6.569s] -- Up-to-date: /home/certezas/robotis_ws/install/op3_action_module_msgs/include/op3_action_module_msgs/op3_action_module_msgs/msg/detail
[6.569s] -- Up-to-date: /home/certezas/robotis_ws/install/op3_action_module_msgs/include/op3_action_module_msgs/op3_action_module_msgs/msg/detail/start_action__type_support.cpp
[6.569s] -- Up-to-date: /home/certezas/robotis_ws/install/op3_action_module_msgs/include/op3_action_module_msgs/op3_action_module_msgs/msg/detail/start_action__rosidl_typesupport_introspection_cpp.hpp
[6.569s] -- Up-to-date: /home/certezas/robotis_ws/install/op3_action_module_msgs/lib/libop3_action_module_msgs__rosidl_typesupport_introspection_cpp.so
[6.569s] -- Up-to-date: /home/certezas/robotis_ws/install/op3_action_module_msgs/lib/libop3_action_module_msgs__rosidl_typesupport_cpp.so
[6.569s] -- Up-to-date: /home/certezas/robotis_ws/install/op3_action_module_msgs/share/op3_action_module_msgs/environment/pythonpath.sh
[6.569s] -- Up-to-date: /home/certezas/robotis_ws/install/op3_action_module_msgs/share/op3_action_module_msgs/environment/pythonpath.dsv
[6.569s] -- Up-to-date: /home/certezas/robotis_ws/install/op3_action_module_msgs/local/lib/python3.10/dist-packages/op3_action_module_msgs-0.1.1-py3.10.egg-info
[6.569s] -- Installing: /home/certezas/robotis_ws/install/op3_action_module_msgs/local/lib/python3.10/dist-packages/op3_action_module_msgs-0.1.1-py3.10.egg-info/PKG-INFO
[6.569s] -- Installing: /home/certezas/robotis_ws/install/op3_action_module_msgs/local/lib/python3.10/dist-packages/op3_action_module_msgs-0.1.1-py3.10.egg-info/dependency_links.txt
[6.569s] -- Installing: /home/certezas/robotis_ws/install/op3_action_module_msgs/local/lib/python3.10/dist-packages/op3_action_module_msgs-0.1.1-py3.10.egg-info/top_level.txt
[6.569s] -- Installing: /home/certezas/robotis_ws/install/op3_action_module_msgs/local/lib/python3.10/dist-packages/op3_action_module_msgs-0.1.1-py3.10.egg-info/SOURCES.txt
[6.570s] -- Up-to-date: /home/certezas/robotis_ws/install/op3_action_module_msgs/local/lib/python3.10/dist-packages/op3_action_module_msgs
[6.570s] -- Up-to-date: /home/certezas/robotis_ws/install/op3_action_module_msgs/local/lib/python3.10/dist-packages/op3_action_module_msgs/_op3_action_module_msgs_s.ep.rosidl_typesupport_c.c
[6.570s] -- Up-to-date: /home/certezas/robotis_ws/install/op3_action_module_msgs/local/lib/python3.10/dist-packages/op3_action_module_msgs/_op3_action_module_msgs_s.ep.rosidl_typesupport_fastrtps_c.c
[6.570s] -- Up-to-date: /home/certezas/robotis_ws/install/op3_action_module_msgs/local/lib/python3.10/dist-packages/op3_action_module_msgs/__init__.py
[6.570s] -- Up-to-date: /home/certezas/robotis_ws/install/op3_action_module_msgs/local/lib/python3.10/dist-packages/op3_action_module_msgs/srv
[6.570s] -- Up-to-date: /home/certezas/robotis_ws/install/op3_action_module_msgs/local/lib/python3.10/dist-packages/op3_action_module_msgs/srv/_is_running_s.c
[6.570s] -- Up-to-date: /home/certezas/robotis_ws/install/op3_action_module_msgs/local/lib/python3.10/dist-packages/op3_action_module_msgs/srv/__init__.py
[6.570s] -- Up-to-date: /home/certezas/robotis_ws/install/op3_action_module_msgs/local/lib/python3.10/dist-packages/op3_action_module_msgs/srv/_is_running.py
[6.570s] -- Up-to-date: /home/certezas/robotis_ws/install/op3_action_module_msgs/local/lib/python3.10/dist-packages/op3_action_module_msgs/op3_action_module_msgs_s__rosidl_typesupport_c.cpython-310-x86_64-linux-gnu.so
[6.570s] -- Up-to-date: /home/certezas/robotis_ws/install/op3_action_module_msgs/local/lib/python3.10/dist-packages/op3_action_module_msgs/libop3_action_module_msgs__rosidl_generator_py.so
[6.570s] -- Up-to-date: /home/certezas/robotis_ws/install/op3_action_module_msgs/local/lib/python3.10/dist-packages/op3_action_module_msgs/op3_action_module_msgs_s__rosidl_typesupport_fastrtps_c.cpython-310-x86_64-linux-gnu.so
[6.570s] -- Up-to-date: /home/certezas/robotis_ws/install/op3_action_module_msgs/local/lib/python3.10/dist-packages/op3_action_module_msgs/_op3_action_module_msgs_s.ep.rosidl_typesupport_introspection_c.c
[6.570s] -- Up-to-date: /home/certezas/robotis_ws/install/op3_action_module_msgs/local/lib/python3.10/dist-packages/op3_action_module_msgs/msg
[6.570s] -- Up-to-date: /home/certezas/robotis_ws/install/op3_action_module_msgs/local/lib/python3.10/dist-packages/op3_action_module_msgs/msg/__init__.py
[6.570s] -- Up-to-date: /home/certezas/robotis_ws/install/op3_action_module_msgs/local/lib/python3.10/dist-packages/op3_action_module_msgs/msg/_start_action_s.c
[6.570s] -- Up-to-date: /home/certezas/robotis_ws/install/op3_action_module_msgs/local/lib/python3.10/dist-packages/op3_action_module_msgs/msg/_start_action.py
[6.570s] -- Up-to-date: /home/certezas/robotis_ws/install/op3_action_module_msgs/local/lib/python3.10/dist-packages/op3_action_module_msgs/op3_action_module_msgs_s__rosidl_typesupport_introspection_c.cpython-310-x86_64-linux-gnu.so
[6.571s] Listing '/home/certezas/robotis_ws/install/op3_action_module_msgs/local/lib/python3.10/dist-packages/op3_action_module_msgs'...
[6.571s] Listing '/home/certezas/robotis_ws/install/op3_action_module_msgs/local/lib/python3.10/dist-packages/op3_action_module_msgs/msg'...
[6.571s] Listing '/home/certezas/robotis_ws/install/op3_action_module_msgs/local/lib/python3.10/dist-packages/op3_action_module_msgs/srv'...
[6.675s] -- Up-to-date: /home/certezas/robotis_ws/install/op3_action_module_msgs/local/lib/python3.10/dist-packages/op3_action_module_msgs/op3_action_module_msgs_s__rosidl_typesupport_fastrtps_c.cpython-310-x86_64-linux-gnu.so
[6.675s] -- Up-to-date: /home/certezas/robotis_ws/install/op3_action_module_msgs/local/lib/python3.10/dist-packages/op3_action_module_msgs/op3_action_module_msgs_s__rosidl_typesupport_introspection_c.cpython-310-x86_64-linux-gnu.so
[6.676s] -- Up-to-date: /home/certezas/robotis_ws/install/op3_action_module_msgs/local/lib/python3.10/dist-packages/op3_action_module_msgs/op3_action_module_msgs_s__rosidl_typesupport_c.cpython-310-x86_64-linux-gnu.so
[6.677s] -- Up-to-date: /home/certezas/robotis_ws/install/op3_action_module_msgs/lib/libop3_action_module_msgs__rosidl_generator_py.so
[6.677s] -- Up-to-date: /home/certezas/robotis_ws/install/op3_action_module_msgs/share/op3_action_module_msgs/msg/StartAction.idl
[6.677s] -- Up-to-date: /home/certezas/robotis_ws/install/op3_action_module_msgs/share/op3_action_module_msgs/srv/IsRunning.idl
[6.677s] -- Up-to-date: /home/certezas/robotis_ws/install/op3_action_module_msgs/share/op3_action_module_msgs/msg/StartAction.msg
[6.677s] -- Up-to-date: /home/certezas/robotis_ws/install/op3_action_module_msgs/share/op3_action_module_msgs/srv/IsRunning.srv
[6.677s] -- Up-to-date: /home/certezas/robotis_ws/install/op3_action_module_msgs/share/op3_action_module_msgs/srv/IsRunning_Request.msg
[6.677s] -- Up-to-date: /home/certezas/robotis_ws/install/op3_action_module_msgs/share/op3_action_module_msgs/srv/IsRunning_Response.msg
[6.677s] -- Up-to-date: /home/certezas/robotis_ws/install/op3_action_module_msgs/share/ament_index/resource_index/package_run_dependencies/op3_action_module_msgs
[6.677s] -- Up-to-date: /home/certezas/robotis_ws/install/op3_action_module_msgs/share/ament_index/resource_index/parent_prefix_path/op3_action_module_msgs
[6.677s] -- Up-to-date: /home/certezas/robotis_ws/install/op3_action_module_msgs/share/op3_action_module_msgs/environment/ament_prefix_path.sh
[6.677s] -- Up-to-date: /home/certezas/robotis_ws/install/op3_action_module_msgs/share/op3_action_module_msgs/environment/ament_prefix_path.dsv
[6.677s] -- Up-to-date: /home/certezas/robotis_ws/install/op3_action_module_msgs/share/op3_action_module_msgs/environment/path.sh
[6.678s] -- Up-to-date: /home/certezas/robotis_ws/install/op3_action_module_msgs/share/op3_action_module_msgs/environment/path.dsv
[6.678s] -- Up-to-date: /home/certezas/robotis_ws/install/op3_action_module_msgs/share/op3_action_module_msgs/local_setup.bash
[6.678s] -- Up-to-date: /home/certezas/robotis_ws/install/op3_action_module_msgs/share/op3_action_module_msgs/local_setup.sh
[6.678s] -- Up-to-date: /home/certezas/robotis_ws/install/op3_action_module_msgs/share/op3_action_module_msgs/local_setup.zsh
[6.678s] -- Up-to-date: /home/certezas/robotis_ws/install/op3_action_module_msgs/share/op3_action_module_msgs/local_setup.dsv
[6.678s] -- Installing: /home/certezas/robotis_ws/install/op3_action_module_msgs/share/op3_action_module_msgs/package.dsv
[6.691s] -- Up-to-date: /home/certezas/robotis_ws/install/op3_action_module_msgs/share/ament_index/resource_index/packages/op3_action_module_msgs
[6.691s] -- Up-to-date: /home/certezas/robotis_ws/install/op3_action_module_msgs/share/op3_action_module_msgs/cmake/export_op3_action_module_msgs__rosidl_generator_cExport.cmake
[6.691s] -- Up-to-date: /home/certezas/robotis_ws/install/op3_action_module_msgs/share/op3_action_module_msgs/cmake/export_op3_action_module_msgs__rosidl_generator_cExport-noconfig.cmake
[6.700s] -- Up-to-date: /home/certezas/robotis_ws/install/op3_action_module_msgs/share/op3_action_module_msgs/cmake/export_op3_action_module_msgs__rosidl_typesupport_fastrtps_cExport.cmake
[6.700s] -- Up-to-date: /home/certezas/robotis_ws/install/op3_action_module_msgs/share/op3_action_module_msgs/cmake/export_op3_action_module_msgs__rosidl_typesupport_fastrtps_cExport-noconfig.cmake
[6.712s] -- Up-to-date: /home/certezas/robotis_ws/install/op3_action_module_msgs/share/op3_action_module_msgs/cmake/export_op3_action_module_msgs__rosidl_generator_cppExport.cmake
[6.726s] -- Up-to-date: /home/certezas/robotis_ws/install/op3_action_module_msgs/share/op3_action_module_msgs/cmake/export_op3_action_module_msgs__rosidl_typesupport_fastrtps_cppExport.cmake
[6.726s] -- Up-to-date: /home/certezas/robotis_ws/install/op3_action_module_msgs/share/op3_action_module_msgs/cmake/export_op3_action_module_msgs__rosidl_typesupport_fastrtps_cppExport-noconfig.cmake
[6.727s] -- Up-to-date: /home/certezas/robotis_ws/install/op3_action_module_msgs/share/op3_action_module_msgs/cmake/op3_action_module_msgs__rosidl_typesupport_introspection_cExport.cmake
[6.727s] -- Up-to-date: /home/certezas/robotis_ws/install/op3_action_module_msgs/share/op3_action_module_msgs/cmake/op3_action_module_msgs__rosidl_typesupport_introspection_cExport-noconfig.cmake
[6.727s] -- Up-to-date: /home/certezas/robotis_ws/install/op3_action_module_msgs/share/op3_action_module_msgs/cmake/op3_action_module_msgs__rosidl_typesupport_cExport.cmake
[6.728s] -- Up-to-date: /home/certezas/robotis_ws/install/op3_action_module_msgs/share/op3_action_module_msgs/cmake/op3_action_module_msgs__rosidl_typesupport_cExport-noconfig.cmake
[6.728s] -- Up-to-date: /home/certezas/robotis_ws/install/op3_action_module_msgs/share/op3_action_module_msgs/cmake/op3_action_module_msgs__rosidl_typesupport_introspection_cppExport.cmake
[6.728s] -- Up-to-date: /home/certezas/robotis_ws/install/op3_action_module_msgs/share/op3_action_module_msgs/cmake/op3_action_module_msgs__rosidl_typesupport_introspection_cppExport-noconfig.cmake
[6.747s] -- Up-to-date: /home/certezas/robotis_ws/install/op3_action_module_msgs/share/op3_action_module_msgs/cmake/op3_action_module_msgs__rosidl_typesupport_cppExport.cmake
[6.747s] -- Up-to-date: /home/certezas/robotis_ws/install/op3_action_module_msgs/share/op3_action_module_msgs/cmake/op3_action_module_msgs__rosidl_typesupport_cppExport-noconfig.cmake
[6.747s] -- Up-to-date: /home/certezas/robotis_ws/install/op3_action_module_msgs/share/op3_action_module_msgs/cmake/export_op3_action_module_msgs__rosidl_generator_pyExport.cmake
[6.747s] -- Up-to-date: /home/certezas/robotis_ws/install/op3_action_module_msgs/share/op3_action_module_msgs/cmake/export_op3_action_module_msgs__rosidl_generator_pyExport-noconfig.cmake
[6.748s] -- Up-to-date: /home/certezas/robotis_ws/install/op3_action_module_msgs/share/op3_action_module_msgs/cmake/rosidl_cmake-extras.cmake
[6.748s] -- Up-to-date: /home/certezas/robotis_ws/install/op3_action_module_msgs/share/op3_action_module_msgs/cmake/ament_cmake_export_dependencies-extras.cmake
[6.748s] -- Up-to-date: /home/certezas/robotis_ws/install/op3_action_module_msgs/share/op3_action_module_msgs/cmake/ament_cmake_export_include_directories-extras.cmake
[6.748s] -- Up-to-date: /home/certezas/robotis_ws/install/op3_action_module_msgs/share/op3_action_module_msgs/cmake/ament_cmake_export_libraries-extras.cmake
[6.748s] -- Up-to-date: /home/certezas/robotis_ws/install/op3_action_module_msgs/share/op3_action_module_msgs/cmake/ament_cmake_export_targets-extras.cmake
[6.748s] -- Up-to-date: /home/certezas/robotis_ws/install/op3_action_module_msgs/share/op3_action_module_msgs/cmake/rosidl_cmake_export_typesupport_targets-extras.cmake
[6.748s] -- Up-to-date: /home/certezas/robotis_ws/install/op3_action_module_msgs/share/op3_action_module_msgs/cmake/rosidl_cmake_export_typesupport_libraries-extras.cmake
[6.748s] -- Up-to-date: /home/certezas/robotis_ws/install/op3_action_module_msgs/share/op3_action_module_msgs/cmake/op3_action_module_msgsConfig.cmake
[6.748s] -- Up-to-date: /home/certezas/robotis_ws/install/op3_action_module_msgs/share/op3_action_module_msgs/cmake/op3_action_module_msgsConfig-version.cmake
[6.748s] -- Up-to-date: /home/certezas/robotis_ws/install/op3_action_module_msgs/share/op3_action_module_msgs/package.xml
[7.606s] Invoked command in '/home/certezas/robotis_ws/build/op3_action_module_msgs' returned '0': CMAKE_PREFIX_PATH=${CMAKE_PREFIX_PATH}:/opt/ros/humble /usr/bin/cmake --install /home/certezas/robotis_ws/build/op3_action_module_msgs
