[0.295s] Invoking command in '/home/certezas/robotis_ws/build/robotis_controller_msgs': CMAKE_PREFIX_PATH=${CMAKE_PREFIX_PATH}:/opt/ros/humble /usr/bin/cmake --build /home/certezas/robotis_ws/build/robotis_controller_msgs -- -j12 -l12
[3.918s] [  1%] Built target robotis_controller_msgs__cpp
[4.929s] [ 12%] Built target robotis_controller_msgs__rosidl_generator_c
[5.599s] [ 24%] Built target robotis_controller_msgs__rosidl_typesupport_fastrtps_cpp
[5.683s] [ 35%] Built target robotis_controller_msgs__rosidl_typesupport_introspection_cpp
[5.793s] [ 47%] Built target robotis_controller_msgs__rosidl_typesupport_cpp
[5.945s] [ 58%] Built target robotis_controller_msgs__rosidl_typesupport_introspection_c
[6.779s] [ 79%] Built target robotis_controller_msgs__rosidl_typesupport_fastrtps_c
[6.779s] [ 81%] Built target robotis_controller_msgs__rosidl_typesupport_c
[7.032s] [ 81%] Built target robotis_controller_msgs
[7.209s] [ 82%] Built target robotis_controller_msgs__py
[7.416s] [ 93%] Built target robotis_controller_msgs__rosidl_generator_py
[7.552s] [ 95%] Built target robotis_controller_msgs__rosidl_typesupport_introspection_c__pyext
[7.669s] [ 97%] Built target robotis_controller_msgs__rosidl_typesupport_c__pyext
[7.735s] [100%] Built target robotis_controller_msgs__rosidl_typesupport_fastrtps_c__pyext
[7.994s] [100%] Built target ament_cmake_python_copy_robotis_controller_msgs
[8.431s] running egg_info
[8.432s] writing robotis_controller_msgs.egg-info/PKG-INFO
[8.432s] writing dependency_links to robotis_controller_msgs.egg-info/dependency_links.txt
[8.432s] writing top-level names to robotis_controller_msgs.egg-info/top_level.txt
[8.434s] reading manifest file 'robotis_controller_msgs.egg-info/SOURCES.txt'
[8.520s] writing manifest file 'robotis_controller_msgs.egg-info/SOURCES.txt'
[8.542s] [100%] Built target ament_cmake_python_build_robotis_controller_msgs_egg
[9.106s] Invoked command in '/home/certezas/robotis_ws/build/robotis_controller_msgs' returned '0': CMAKE_PREFIX_PATH=${CMAKE_PREFIX_PATH}:/opt/ros/humble /usr/bin/cmake --build /home/certezas/robotis_ws/build/robotis_controller_msgs -- -j12 -l12
[9.161s] Invoking command in '/home/certezas/robotis_ws/build/robotis_controller_msgs': CMAKE_PREFIX_PATH=${CMAKE_PREFIX_PATH}:/opt/ros/humble /usr/bin/cmake --install /home/certezas/robotis_ws/build/robotis_controller_msgs
[9.598s] -- Install configuration: ""
[9.598s] -- Up-to-date: /home/certezas/robotis_ws/install/robotis_controller_msgs/share/ament_index/resource_index/rosidl_interfaces/robotis_controller_msgs
[9.598s] -- Up-to-date: /home/certezas/robotis_ws/install/robotis_controller_msgs/include/robotis_controller_msgs/robotis_controller_msgs
[9.598s] -- Up-to-date: /home/certezas/robotis_ws/install/robotis_controller_msgs/include/robotis_controller_msgs/robotis_controller_msgs/srv
[9.598s] -- Up-to-date: /home/certezas/robotis_ws/install/robotis_controller_msgs/include/robotis_controller_msgs/robotis_controller_msgs/srv/set_module.h
[9.598s] -- Up-to-date: /home/certezas/robotis_ws/install/robotis_controller_msgs/include/robotis_controller_msgs/robotis_controller_msgs/srv/load_offset.h
[9.598s] -- Up-to-date: /home/certezas/robotis_ws/install/robotis_controller_msgs/include/robotis_controller_msgs/robotis_controller_msgs/srv/get_joint_module.h
[9.598s] -- Up-to-date: /home/certezas/robotis_ws/install/robotis_controller_msgs/include/robotis_controller_msgs/robotis_controller_msgs/srv/detail
[9.598s] -- Up-to-date: /home/certezas/robotis_ws/install/robotis_controller_msgs/include/robotis_controller_msgs/robotis_controller_msgs/srv/detail/get_joint_module__struct.h
[9.599s] -- Up-to-date: /home/certezas/robotis_ws/install/robotis_controller_msgs/include/robotis_controller_msgs/robotis_controller_msgs/srv/detail/set_module__functions.c
[9.599s] -- Up-to-date: /home/certezas/robotis_ws/install/robotis_controller_msgs/include/robotis_controller_msgs/robotis_controller_msgs/srv/detail/get_joint_module__type_support.h
[9.599s] -- Up-to-date: /home/certezas/robotis_ws/install/robotis_controller_msgs/include/robotis_controller_msgs/robotis_controller_msgs/srv/detail/set_joint_module__functions.c
[9.599s] -- Up-to-date: /home/certezas/robotis_ws/install/robotis_controller_msgs/include/robotis_controller_msgs/robotis_controller_msgs/srv/detail/set_module__type_support.h
[9.599s] -- Up-to-date: /home/certezas/robotis_ws/install/robotis_controller_msgs/include/robotis_controller_msgs/robotis_controller_msgs/srv/detail/get_joint_module__functions.c
[9.599s] -- Up-to-date: /home/certezas/robotis_ws/install/robotis_controller_msgs/include/robotis_controller_msgs/robotis_controller_msgs/srv/detail/set_joint_module__type_support.h
[9.599s] -- Up-to-date: /home/certezas/robotis_ws/install/robotis_controller_msgs/include/robotis_controller_msgs/robotis_controller_msgs/srv/detail/load_offset__type_support.h
[9.599s] -- Up-to-date: /home/certezas/robotis_ws/install/robotis_controller_msgs/include/robotis_controller_msgs/robotis_controller_msgs/srv/detail/load_offset__functions.c
[9.599s] -- Up-to-date: /home/certezas/robotis_ws/install/robotis_controller_msgs/include/robotis_controller_msgs/robotis_controller_msgs/srv/detail/set_module__functions.h
[9.599s] -- Up-to-date: /home/certezas/robotis_ws/install/robotis_controller_msgs/include/robotis_controller_msgs/robotis_controller_msgs/srv/detail/set_joint_module__struct.h
[9.599s] -- Up-to-date: /home/certezas/robotis_ws/install/robotis_controller_msgs/include/robotis_controller_msgs/robotis_controller_msgs/srv/detail/load_offset__functions.h
[9.599s] -- Up-to-date: /home/certezas/robotis_ws/install/robotis_controller_msgs/include/robotis_controller_msgs/robotis_controller_msgs/srv/detail/load_offset__struct.h
[9.599s] -- Up-to-date: /home/certezas/robotis_ws/install/robotis_controller_msgs/include/robotis_controller_msgs/robotis_controller_msgs/srv/detail/get_joint_module__functions.h
[9.599s] -- Up-to-date: /home/certezas/robotis_ws/install/robotis_controller_msgs/include/robotis_controller_msgs/robotis_controller_msgs/srv/detail/set_module__struct.h
[9.599s] -- Up-to-date: /home/certezas/robotis_ws/install/robotis_controller_msgs/include/robotis_controller_msgs/robotis_controller_msgs/srv/detail/set_joint_module__functions.h
[9.599s] -- Up-to-date: /home/certezas/robotis_ws/install/robotis_controller_msgs/include/robotis_controller_msgs/robotis_controller_msgs/srv/set_joint_module.h
[9.599s] -- Up-to-date: /home/certezas/robotis_ws/install/robotis_controller_msgs/include/robotis_controller_msgs/robotis_controller_msgs/msg
[9.599s] -- Up-to-date: /home/certezas/robotis_ws/install/robotis_controller_msgs/include/robotis_controller_msgs/robotis_controller_msgs/msg/rosidl_generator_c__visibility_control.h
[9.599s] -- Up-to-date: /home/certezas/robotis_ws/install/robotis_controller_msgs/include/robotis_controller_msgs/robotis_controller_msgs/msg/write_control_table.h
[9.599s] -- Up-to-date: /home/certezas/robotis_ws/install/robotis_controller_msgs/include/robotis_controller_msgs/robotis_controller_msgs/msg/joint_ctrl_module.h
[9.599s] -- Up-to-date: /home/certezas/robotis_ws/install/robotis_controller_msgs/include/robotis_controller_msgs/robotis_controller_msgs/msg/status_msg.h
[9.599s] -- Up-to-date: /home/certezas/robotis_ws/install/robotis_controller_msgs/include/robotis_controller_msgs/robotis_controller_msgs/msg/sync_write_item.h
[9.599s] -- Up-to-date: /home/certezas/robotis_ws/install/robotis_controller_msgs/include/robotis_controller_msgs/robotis_controller_msgs/msg/detail
[9.600s] -- Up-to-date: /home/certezas/robotis_ws/install/robotis_controller_msgs/include/robotis_controller_msgs/robotis_controller_msgs/msg/detail/joint_ctrl_module__functions.c
[9.600s] -- Up-to-date: /home/certezas/robotis_ws/install/robotis_controller_msgs/include/robotis_controller_msgs/robotis_controller_msgs/msg/detail/sync_write_item__type_support.h
[9.600s] -- Up-to-date: /home/certezas/robotis_ws/install/robotis_controller_msgs/include/robotis_controller_msgs/robotis_controller_msgs/msg/detail/write_control_table__struct.h
[9.600s] -- Up-to-date: /home/certezas/robotis_ws/install/robotis_controller_msgs/include/robotis_controller_msgs/robotis_controller_msgs/msg/detail/sync_write_item__struct.h
[9.600s] -- Up-to-date: /home/certezas/robotis_ws/install/robotis_controller_msgs/include/robotis_controller_msgs/robotis_controller_msgs/msg/detail/sync_write_item__functions.h
[9.600s] -- Up-to-date: /home/certezas/robotis_ws/install/robotis_controller_msgs/include/robotis_controller_msgs/robotis_controller_msgs/msg/detail/status_msg__functions.h
[9.600s] -- Up-to-date: /home/certezas/robotis_ws/install/robotis_controller_msgs/include/robotis_controller_msgs/robotis_controller_msgs/msg/detail/sync_write_item__functions.c
[9.600s] -- Up-to-date: /home/certezas/robotis_ws/install/robotis_controller_msgs/include/robotis_controller_msgs/robotis_controller_msgs/msg/detail/joint_ctrl_module__functions.h
[9.600s] -- Up-to-date: /home/certezas/robotis_ws/install/robotis_controller_msgs/include/robotis_controller_msgs/robotis_controller_msgs/msg/detail/joint_ctrl_module__struct.h
[9.600s] -- Up-to-date: /home/certezas/robotis_ws/install/robotis_controller_msgs/include/robotis_controller_msgs/robotis_controller_msgs/msg/detail/status_msg__struct.h
[9.600s] -- Up-to-date: /home/certezas/robotis_ws/install/robotis_controller_msgs/include/robotis_controller_msgs/robotis_controller_msgs/msg/detail/write_control_table__functions.h
[9.600s] -- Up-to-date: /home/certezas/robotis_ws/install/robotis_controller_msgs/include/robotis_controller_msgs/robotis_controller_msgs/msg/detail/write_control_table__functions.c
[9.600s] -- Up-to-date: /home/certezas/robotis_ws/install/robotis_controller_msgs/include/robotis_controller_msgs/robotis_controller_msgs/msg/detail/write_control_table__type_support.h
[9.600s] -- Up-to-date: /home/certezas/robotis_ws/install/robotis_controller_msgs/include/robotis_controller_msgs/robotis_controller_msgs/msg/detail/status_msg__type_support.h
[9.600s] -- Up-to-date: /home/certezas/robotis_ws/install/robotis_controller_msgs/include/robotis_controller_msgs/robotis_controller_msgs/msg/detail/joint_ctrl_module__type_support.h
[9.600s] -- Up-to-date: /home/certezas/robotis_ws/install/robotis_controller_msgs/include/robotis_controller_msgs/robotis_controller_msgs/msg/detail/status_msg__functions.c
[9.600s] -- Up-to-date: /home/certezas/robotis_ws/install/robotis_controller_msgs/share/robotis_controller_msgs/environment/library_path.sh
[9.600s] -- Up-to-date: /home/certezas/robotis_ws/install/robotis_controller_msgs/share/robotis_controller_msgs/environment/library_path.dsv
[9.869s] -- Up-to-date: /home/certezas/robotis_ws/install/robotis_controller_msgs/lib/librobotis_controller_msgs__rosidl_generator_c.so
[9.869s] -- Up-to-date: /home/certezas/robotis_ws/install/robotis_controller_msgs/include/robotis_controller_msgs/robotis_controller_msgs
[9.869s] -- Up-to-date: /home/certezas/robotis_ws/install/robotis_controller_msgs/include/robotis_controller_msgs/robotis_controller_msgs/srv
[9.869s] -- Up-to-date: /home/certezas/robotis_ws/install/robotis_controller_msgs/include/robotis_controller_msgs/robotis_controller_msgs/srv/detail
[9.870s] -- Up-to-date: /home/certezas/robotis_ws/install/robotis_controller_msgs/include/robotis_controller_msgs/robotis_controller_msgs/srv/detail/set_module__rosidl_typesupport_fastrtps_c.h
[9.870s] -- Up-to-date: /home/certezas/robotis_ws/install/robotis_controller_msgs/include/robotis_controller_msgs/robotis_controller_msgs/srv/detail/load_offset__rosidl_typesupport_fastrtps_c.h
[9.870s] -- Up-to-date: /home/certezas/robotis_ws/install/robotis_controller_msgs/include/robotis_controller_msgs/robotis_controller_msgs/srv/detail/set_joint_module__rosidl_typesupport_fastrtps_c.h
[9.870s] -- Up-to-date: /home/certezas/robotis_ws/install/robotis_controller_msgs/include/robotis_controller_msgs/robotis_controller_msgs/srv/detail/get_joint_module__rosidl_typesupport_fastrtps_c.h
[9.870s] -- Up-to-date: /home/certezas/robotis_ws/install/robotis_controller_msgs/include/robotis_controller_msgs/robotis_controller_msgs/msg
[9.870s] -- Up-to-date: /home/certezas/robotis_ws/install/robotis_controller_msgs/include/robotis_controller_msgs/robotis_controller_msgs/msg/detail
[9.870s] -- Up-to-date: /home/certezas/robotis_ws/install/robotis_controller_msgs/include/robotis_controller_msgs/robotis_controller_msgs/msg/detail/write_control_table__rosidl_typesupport_fastrtps_c.h
[9.870s] -- Up-to-date: /home/certezas/robotis_ws/install/robotis_controller_msgs/include/robotis_controller_msgs/robotis_controller_msgs/msg/detail/status_msg__rosidl_typesupport_fastrtps_c.h
[9.870s] -- Up-to-date: /home/certezas/robotis_ws/install/robotis_controller_msgs/include/robotis_controller_msgs/robotis_controller_msgs/msg/detail/joint_ctrl_module__rosidl_typesupport_fastrtps_c.h
[9.870s] -- Up-to-date: /home/certezas/robotis_ws/install/robotis_controller_msgs/include/robotis_controller_msgs/robotis_controller_msgs/msg/detail/sync_write_item__rosidl_typesupport_fastrtps_c.h
[9.870s] -- Up-to-date: /home/certezas/robotis_ws/install/robotis_controller_msgs/include/robotis_controller_msgs/robotis_controller_msgs/msg/rosidl_typesupport_fastrtps_c__visibility_control.h
[9.901s] -- Up-to-date: /home/certezas/robotis_ws/install/robotis_controller_msgs/lib/librobotis_controller_msgs__rosidl_typesupport_fastrtps_c.so
[9.901s] -- Up-to-date: /home/certezas/robotis_ws/install/robotis_controller_msgs/include/robotis_controller_msgs/robotis_controller_msgs
[9.901s] -- Up-to-date: /home/certezas/robotis_ws/install/robotis_controller_msgs/include/robotis_controller_msgs/robotis_controller_msgs/srv
[9.902s] -- Up-to-date: /home/certezas/robotis_ws/install/robotis_controller_msgs/include/robotis_controller_msgs/robotis_controller_msgs/srv/set_module.hpp
[9.902s] -- Up-to-date: /home/certezas/robotis_ws/install/robotis_controller_msgs/include/robotis_controller_msgs/robotis_controller_msgs/srv/load_offset.hpp
[9.902s] -- Up-to-date: /home/certezas/robotis_ws/install/robotis_controller_msgs/include/robotis_controller_msgs/robotis_controller_msgs/srv/detail
[9.902s] -- Up-to-date: /home/certezas/robotis_ws/install/robotis_controller_msgs/include/robotis_controller_msgs/robotis_controller_msgs/srv/detail/set_module__traits.hpp
[9.902s] -- Up-to-date: /home/certezas/robotis_ws/install/robotis_controller_msgs/include/robotis_controller_msgs/robotis_controller_msgs/srv/detail/get_joint_module__struct.hpp
[9.902s] -- Up-to-date: /home/certezas/robotis_ws/install/robotis_controller_msgs/include/robotis_controller_msgs/robotis_controller_msgs/srv/detail/set_joint_module__traits.hpp
[9.902s] -- Up-to-date: /home/certezas/robotis_ws/install/robotis_controller_msgs/include/robotis_controller_msgs/robotis_controller_msgs/srv/detail/set_module__struct.hpp
[9.902s] -- Up-to-date: /home/certezas/robotis_ws/install/robotis_controller_msgs/include/robotis_controller_msgs/robotis_controller_msgs/srv/detail/get_joint_module__traits.hpp
[9.902s] -- Up-to-date: /home/certezas/robotis_ws/install/robotis_controller_msgs/include/robotis_controller_msgs/robotis_controller_msgs/srv/detail/get_joint_module__builder.hpp
[9.902s] -- Up-to-date: /home/certezas/robotis_ws/install/robotis_controller_msgs/include/robotis_controller_msgs/robotis_controller_msgs/srv/detail/set_module__builder.hpp
[9.902s] -- Up-to-date: /home/certezas/robotis_ws/install/robotis_controller_msgs/include/robotis_controller_msgs/robotis_controller_msgs/srv/detail/set_joint_module__builder.hpp
[9.902s] -- Up-to-date: /home/certezas/robotis_ws/install/robotis_controller_msgs/include/robotis_controller_msgs/robotis_controller_msgs/srv/detail/set_joint_module__type_support.hpp
[9.902s] -- Up-to-date: /home/certezas/robotis_ws/install/robotis_controller_msgs/include/robotis_controller_msgs/robotis_controller_msgs/srv/detail/load_offset__traits.hpp
[9.902s] -- Up-to-date: /home/certezas/robotis_ws/install/robotis_controller_msgs/include/robotis_controller_msgs/robotis_controller_msgs/srv/detail/load_offset__builder.hpp
[9.902s] -- Up-to-date: /home/certezas/robotis_ws/install/robotis_controller_msgs/include/robotis_controller_msgs/robotis_controller_msgs/srv/detail/load_offset__type_support.hpp
[9.902s] -- Up-to-date: /home/certezas/robotis_ws/install/robotis_controller_msgs/include/robotis_controller_msgs/robotis_controller_msgs/srv/detail/set_module__type_support.hpp
[9.902s] -- Up-to-date: /home/certezas/robotis_ws/install/robotis_controller_msgs/include/robotis_controller_msgs/robotis_controller_msgs/srv/detail/set_joint_module__struct.hpp
[9.902s] -- Up-to-date: /home/certezas/robotis_ws/install/robotis_controller_msgs/include/robotis_controller_msgs/robotis_controller_msgs/srv/detail/get_joint_module__type_support.hpp
[9.902s] -- Up-to-date: /home/certezas/robotis_ws/install/robotis_controller_msgs/include/robotis_controller_msgs/robotis_controller_msgs/srv/detail/load_offset__struct.hpp
[9.902s] -- Up-to-date: /home/certezas/robotis_ws/install/robotis_controller_msgs/include/robotis_controller_msgs/robotis_controller_msgs/srv/get_joint_module.hpp
[9.903s] -- Up-to-date: /home/certezas/robotis_ws/install/robotis_controller_msgs/include/robotis_controller_msgs/robotis_controller_msgs/srv/set_joint_module.hpp
[9.903s] -- Up-to-date: /home/certezas/robotis_ws/install/robotis_controller_msgs/include/robotis_controller_msgs/robotis_controller_msgs/msg
[9.903s] -- Up-to-date: /home/certezas/robotis_ws/install/robotis_controller_msgs/include/robotis_controller_msgs/robotis_controller_msgs/msg/write_control_table.hpp
[9.903s] -- Up-to-date: /home/certezas/robotis_ws/install/robotis_controller_msgs/include/robotis_controller_msgs/robotis_controller_msgs/msg/joint_ctrl_module.hpp
[9.903s] -- Up-to-date: /home/certezas/robotis_ws/install/robotis_controller_msgs/include/robotis_controller_msgs/robotis_controller_msgs/msg/status_msg.hpp
[9.903s] -- Up-to-date: /home/certezas/robotis_ws/install/robotis_controller_msgs/include/robotis_controller_msgs/robotis_controller_msgs/msg/rosidl_generator_cpp__visibility_control.hpp
[9.903s] -- Up-to-date: /home/certezas/robotis_ws/install/robotis_controller_msgs/include/robotis_controller_msgs/robotis_controller_msgs/msg/sync_write_item.hpp
[9.903s] -- Up-to-date: /home/certezas/robotis_ws/install/robotis_controller_msgs/include/robotis_controller_msgs/robotis_controller_msgs/msg/detail
[9.903s] -- Up-to-date: /home/certezas/robotis_ws/install/robotis_controller_msgs/include/robotis_controller_msgs/robotis_controller_msgs/msg/detail/joint_ctrl_module__builder.hpp
[9.903s] -- Up-to-date: /home/certezas/robotis_ws/install/robotis_controller_msgs/include/robotis_controller_msgs/robotis_controller_msgs/msg/detail/sync_write_item__traits.hpp
[9.903s] -- Up-to-date: /home/certezas/robotis_ws/install/robotis_controller_msgs/include/robotis_controller_msgs/robotis_controller_msgs/msg/detail/joint_ctrl_module__struct.hpp
[9.903s] -- Up-to-date: /home/certezas/robotis_ws/install/robotis_controller_msgs/include/robotis_controller_msgs/robotis_controller_msgs/msg/detail/write_control_table__traits.hpp
[9.903s] -- Up-to-date: /home/certezas/robotis_ws/install/robotis_controller_msgs/include/robotis_controller_msgs/robotis_controller_msgs/msg/detail/sync_write_item__type_support.hpp
[9.903s] -- Up-to-date: /home/certezas/robotis_ws/install/robotis_controller_msgs/include/robotis_controller_msgs/robotis_controller_msgs/msg/detail/joint_ctrl_module__traits.hpp
[9.903s] -- Up-to-date: /home/certezas/robotis_ws/install/robotis_controller_msgs/include/robotis_controller_msgs/robotis_controller_msgs/msg/detail/status_msg__type_support.hpp
[9.903s] -- Up-to-date: /home/certezas/robotis_ws/install/robotis_controller_msgs/include/robotis_controller_msgs/robotis_controller_msgs/msg/detail/status_msg__traits.hpp
[9.903s] -- Up-to-date: /home/certezas/robotis_ws/install/robotis_controller_msgs/include/robotis_controller_msgs/robotis_controller_msgs/msg/detail/write_control_table__type_support.hpp
[9.903s] -- Up-to-date: /home/certezas/robotis_ws/install/robotis_controller_msgs/include/robotis_controller_msgs/robotis_controller_msgs/msg/detail/write_control_table__struct.hpp
[9.903s] -- Up-to-date: /home/certezas/robotis_ws/install/robotis_controller_msgs/include/robotis_controller_msgs/robotis_controller_msgs/msg/detail/status_msg__builder.hpp
[9.903s] -- Up-to-date: /home/certezas/robotis_ws/install/robotis_controller_msgs/include/robotis_controller_msgs/robotis_controller_msgs/msg/detail/sync_write_item__builder.hpp
[9.903s] -- Up-to-date: /home/certezas/robotis_ws/install/robotis_controller_msgs/include/robotis_controller_msgs/robotis_controller_msgs/msg/detail/joint_ctrl_module__type_support.hpp
[9.903s] -- Up-to-date: /home/certezas/robotis_ws/install/robotis_controller_msgs/include/robotis_controller_msgs/robotis_controller_msgs/msg/detail/status_msg__struct.hpp
[9.903s] -- Up-to-date: /home/certezas/robotis_ws/install/robotis_controller_msgs/include/robotis_controller_msgs/robotis_controller_msgs/msg/detail/sync_write_item__struct.hpp
[9.903s] -- Up-to-date: /home/certezas/robotis_ws/install/robotis_controller_msgs/include/robotis_controller_msgs/robotis_controller_msgs/msg/detail/write_control_table__builder.hpp
[9.903s] -- Up-to-date: /home/certezas/robotis_ws/install/robotis_controller_msgs/include/robotis_controller_msgs/robotis_controller_msgs
[9.904s] -- Up-to-date: /home/certezas/robotis_ws/install/robotis_controller_msgs/include/robotis_controller_msgs/robotis_controller_msgs/srv
[9.904s] -- Up-to-date: /home/certezas/robotis_ws/install/robotis_controller_msgs/include/robotis_controller_msgs/robotis_controller_msgs/srv/detail
[9.904s] -- Up-to-date: /home/certezas/robotis_ws/install/robotis_controller_msgs/include/robotis_controller_msgs/robotis_controller_msgs/srv/detail/dds_fastrtps
[9.904s] -- Up-to-date: /home/certezas/robotis_ws/install/robotis_controller_msgs/include/robotis_controller_msgs/robotis_controller_msgs/srv/detail/set_joint_module__rosidl_typesupport_fastrtps_cpp.hpp
[9.904s] -- Up-to-date: /home/certezas/robotis_ws/install/robotis_controller_msgs/include/robotis_controller_msgs/robotis_controller_msgs/srv/detail/load_offset__rosidl_typesupport_fastrtps_cpp.hpp
[9.904s] -- Up-to-date: /home/certezas/robotis_ws/install/robotis_controller_msgs/include/robotis_controller_msgs/robotis_controller_msgs/srv/detail/set_module__rosidl_typesupport_fastrtps_cpp.hpp
[9.904s] -- Up-to-date: /home/certezas/robotis_ws/install/robotis_controller_msgs/include/robotis_controller_msgs/robotis_controller_msgs/srv/detail/get_joint_module__rosidl_typesupport_fastrtps_cpp.hpp
[9.904s] -- Up-to-date: /home/certezas/robotis_ws/install/robotis_controller_msgs/include/robotis_controller_msgs/robotis_controller_msgs/msg
[9.904s] -- Up-to-date: /home/certezas/robotis_ws/install/robotis_controller_msgs/include/robotis_controller_msgs/robotis_controller_msgs/msg/rosidl_typesupport_fastrtps_cpp__visibility_control.h
[9.904s] -- Up-to-date: /home/certezas/robotis_ws/install/robotis_controller_msgs/include/robotis_controller_msgs/robotis_controller_msgs/msg/detail
[9.904s] -- Up-to-date: /home/certezas/robotis_ws/install/robotis_controller_msgs/include/robotis_controller_msgs/robotis_controller_msgs/msg/detail/joint_ctrl_module__rosidl_typesupport_fastrtps_cpp.hpp
[9.904s] -- Up-to-date: /home/certezas/robotis_ws/install/robotis_controller_msgs/include/robotis_controller_msgs/robotis_controller_msgs/msg/detail/dds_fastrtps
[9.904s] -- Up-to-date: /home/certezas/robotis_ws/install/robotis_controller_msgs/include/robotis_controller_msgs/robotis_controller_msgs/msg/detail/status_msg__rosidl_typesupport_fastrtps_cpp.hpp
[9.904s] -- Up-to-date: /home/certezas/robotis_ws/install/robotis_controller_msgs/include/robotis_controller_msgs/robotis_controller_msgs/msg/detail/write_control_table__rosidl_typesupport_fastrtps_cpp.hpp
[9.904s] -- Up-to-date: /home/certezas/robotis_ws/install/robotis_controller_msgs/include/robotis_controller_msgs/robotis_controller_msgs/msg/detail/sync_write_item__rosidl_typesupport_fastrtps_cpp.hpp
[9.978s] -- Up-to-date: /home/certezas/robotis_ws/install/robotis_controller_msgs/lib/librobotis_controller_msgs__rosidl_typesupport_fastrtps_cpp.so
[9.978s] -- Up-to-date: /home/certezas/robotis_ws/install/robotis_controller_msgs/include/robotis_controller_msgs/robotis_controller_msgs
[9.978s] -- Up-to-date: /home/certezas/robotis_ws/install/robotis_controller_msgs/include/robotis_controller_msgs/robotis_controller_msgs/srv
[9.978s] -- Up-to-date: /home/certezas/robotis_ws/install/robotis_controller_msgs/include/robotis_controller_msgs/robotis_controller_msgs/srv/detail
[9.979s] -- Up-to-date: /home/certezas/robotis_ws/install/robotis_controller_msgs/include/robotis_controller_msgs/robotis_controller_msgs/srv/detail/set_joint_module__type_support.c
[9.979s] -- Up-to-date: /home/certezas/robotis_ws/install/robotis_controller_msgs/include/robotis_controller_msgs/robotis_controller_msgs/srv/detail/get_joint_module__type_support.c
[9.979s] -- Up-to-date: /home/certezas/robotis_ws/install/robotis_controller_msgs/include/robotis_controller_msgs/robotis_controller_msgs/srv/detail/set_module__type_support.c
[9.979s] -- Up-to-date: /home/certezas/robotis_ws/install/robotis_controller_msgs/include/robotis_controller_msgs/robotis_controller_msgs/srv/detail/get_joint_module__rosidl_typesupport_introspection_c.h
[9.979s] -- Up-to-date: /home/certezas/robotis_ws/install/robotis_controller_msgs/include/robotis_controller_msgs/robotis_controller_msgs/srv/detail/set_joint_module__rosidl_typesupport_introspection_c.h
[9.979s] -- Up-to-date: /home/certezas/robotis_ws/install/robotis_controller_msgs/include/robotis_controller_msgs/robotis_controller_msgs/srv/detail/load_offset__type_support.c
[9.979s] -- Up-to-date: /home/certezas/robotis_ws/install/robotis_controller_msgs/include/robotis_controller_msgs/robotis_controller_msgs/srv/detail/set_module__rosidl_typesupport_introspection_c.h
[9.979s] -- Up-to-date: /home/certezas/robotis_ws/install/robotis_controller_msgs/include/robotis_controller_msgs/robotis_controller_msgs/srv/detail/load_offset__rosidl_typesupport_introspection_c.h
[9.979s] -- Up-to-date: /home/certezas/robotis_ws/install/robotis_controller_msgs/include/robotis_controller_msgs/robotis_controller_msgs/msg
[9.979s] -- Up-to-date: /home/certezas/robotis_ws/install/robotis_controller_msgs/include/robotis_controller_msgs/robotis_controller_msgs/msg/rosidl_typesupport_introspection_c__visibility_control.h
[9.979s] -- Up-to-date: /home/certezas/robotis_ws/install/robotis_controller_msgs/include/robotis_controller_msgs/robotis_controller_msgs/msg/detail
[9.979s] -- Up-to-date: /home/certezas/robotis_ws/install/robotis_controller_msgs/include/robotis_controller_msgs/robotis_controller_msgs/msg/detail/status_msg__rosidl_typesupport_introspection_c.h
[9.979s] -- Up-to-date: /home/certezas/robotis_ws/install/robotis_controller_msgs/include/robotis_controller_msgs/robotis_controller_msgs/msg/detail/write_control_table__type_support.c
[9.979s] -- Up-to-date: /home/certezas/robotis_ws/install/robotis_controller_msgs/include/robotis_controller_msgs/robotis_controller_msgs/msg/detail/sync_write_item__type_support.c
[9.979s] -- Up-to-date: /home/certezas/robotis_ws/install/robotis_controller_msgs/include/robotis_controller_msgs/robotis_controller_msgs/msg/detail/joint_ctrl_module__rosidl_typesupport_introspection_c.h
[9.979s] -- Up-to-date: /home/certezas/robotis_ws/install/robotis_controller_msgs/include/robotis_controller_msgs/robotis_controller_msgs/msg/detail/sync_write_item__rosidl_typesupport_introspection_c.h
[9.979s] -- Up-to-date: /home/certezas/robotis_ws/install/robotis_controller_msgs/include/robotis_controller_msgs/robotis_controller_msgs/msg/detail/status_msg__type_support.c
[9.979s] -- Up-to-date: /home/certezas/robotis_ws/install/robotis_controller_msgs/include/robotis_controller_msgs/robotis_controller_msgs/msg/detail/joint_ctrl_module__type_support.c
[9.979s] -- Up-to-date: /home/certezas/robotis_ws/install/robotis_controller_msgs/include/robotis_controller_msgs/robotis_controller_msgs/msg/detail/write_control_table__rosidl_typesupport_introspection_c.h
[9.979s] -- Up-to-date: /home/certezas/robotis_ws/install/robotis_controller_msgs/lib/librobotis_controller_msgs__rosidl_typesupport_introspection_c.so
[10.042s] -- Up-to-date: /home/certezas/robotis_ws/install/robotis_controller_msgs/lib/librobotis_controller_msgs__rosidl_typesupport_c.so
[10.042s] -- Up-to-date: /home/certezas/robotis_ws/install/robotis_controller_msgs/include/robotis_controller_msgs/robotis_controller_msgs
[10.042s] -- Up-to-date: /home/certezas/robotis_ws/install/robotis_controller_msgs/include/robotis_controller_msgs/robotis_controller_msgs/srv
[10.042s] -- Up-to-date: /home/certezas/robotis_ws/install/robotis_controller_msgs/include/robotis_controller_msgs/robotis_controller_msgs/srv/detail
[10.042s] -- Up-to-date: /home/certezas/robotis_ws/install/robotis_controller_msgs/include/robotis_controller_msgs/robotis_controller_msgs/srv/detail/set_module__rosidl_typesupport_introspection_cpp.hpp
[10.042s] -- Up-to-date: /home/certezas/robotis_ws/install/robotis_controller_msgs/include/robotis_controller_msgs/robotis_controller_msgs/srv/detail/set_joint_module__rosidl_typesupport_introspection_cpp.hpp
[10.043s] -- Up-to-date: /home/certezas/robotis_ws/install/robotis_controller_msgs/include/robotis_controller_msgs/robotis_controller_msgs/srv/detail/get_joint_module__type_support.cpp
[10.043s] -- Up-to-date: /home/certezas/robotis_ws/install/robotis_controller_msgs/include/robotis_controller_msgs/robotis_controller_msgs/srv/detail/get_joint_module__rosidl_typesupport_introspection_cpp.hpp
[10.043s] -- Up-to-date: /home/certezas/robotis_ws/install/robotis_controller_msgs/include/robotis_controller_msgs/robotis_controller_msgs/srv/detail/load_offset__rosidl_typesupport_introspection_cpp.hpp
[10.043s] -- Up-to-date: /home/certezas/robotis_ws/install/robotis_controller_msgs/include/robotis_controller_msgs/robotis_controller_msgs/srv/detail/set_joint_module__type_support.cpp
[10.043s] -- Up-to-date: /home/certezas/robotis_ws/install/robotis_controller_msgs/include/robotis_controller_msgs/robotis_controller_msgs/srv/detail/load_offset__type_support.cpp
[10.043s] -- Up-to-date: /home/certezas/robotis_ws/install/robotis_controller_msgs/include/robotis_controller_msgs/robotis_controller_msgs/srv/detail/set_module__type_support.cpp
[10.043s] -- Up-to-date: /home/certezas/robotis_ws/install/robotis_controller_msgs/include/robotis_controller_msgs/robotis_controller_msgs/msg
[10.043s] -- Up-to-date: /home/certezas/robotis_ws/install/robotis_controller_msgs/include/robotis_controller_msgs/robotis_controller_msgs/msg/detail
[10.043s] -- Up-to-date: /home/certezas/robotis_ws/install/robotis_controller_msgs/include/robotis_controller_msgs/robotis_controller_msgs/msg/detail/write_control_table__type_support.cpp
[10.043s] -- Up-to-date: /home/certezas/robotis_ws/install/robotis_controller_msgs/include/robotis_controller_msgs/robotis_controller_msgs/msg/detail/write_control_table__rosidl_typesupport_introspection_cpp.hpp
[10.043s] -- Up-to-date: /home/certezas/robotis_ws/install/robotis_controller_msgs/include/robotis_controller_msgs/robotis_controller_msgs/msg/detail/joint_ctrl_module__rosidl_typesupport_introspection_cpp.hpp
[10.043s] -- Up-to-date: /home/certezas/robotis_ws/install/robotis_controller_msgs/include/robotis_controller_msgs/robotis_controller_msgs/msg/detail/sync_write_item__type_support.cpp
[10.043s] -- Up-to-date: /home/certezas/robotis_ws/install/robotis_controller_msgs/include/robotis_controller_msgs/robotis_controller_msgs/msg/detail/status_msg__rosidl_typesupport_introspection_cpp.hpp
[10.043s] -- Up-to-date: /home/certezas/robotis_ws/install/robotis_controller_msgs/include/robotis_controller_msgs/robotis_controller_msgs/msg/detail/sync_write_item__rosidl_typesupport_introspection_cpp.hpp
[10.043s] -- Up-to-date: /home/certezas/robotis_ws/install/robotis_controller_msgs/include/robotis_controller_msgs/robotis_controller_msgs/msg/detail/status_msg__type_support.cpp
[10.043s] -- Up-to-date: /home/certezas/robotis_ws/install/robotis_controller_msgs/include/robotis_controller_msgs/robotis_controller_msgs/msg/detail/joint_ctrl_module__type_support.cpp
[10.116s] -- Up-to-date: /home/certezas/robotis_ws/install/robotis_controller_msgs/lib/librobotis_controller_msgs__rosidl_typesupport_introspection_cpp.so
[10.421s] -- Up-to-date: /home/certezas/robotis_ws/install/robotis_controller_msgs/lib/librobotis_controller_msgs__rosidl_typesupport_cpp.so
[10.421s] -- Up-to-date: /home/certezas/robotis_ws/install/robotis_controller_msgs/share/robotis_controller_msgs/environment/pythonpath.sh
[10.422s] -- Up-to-date: /home/certezas/robotis_ws/install/robotis_controller_msgs/share/robotis_controller_msgs/environment/pythonpath.dsv
[10.422s] -- Up-to-date: /home/certezas/robotis_ws/install/robotis_controller_msgs/local/lib/python3.10/dist-packages/robotis_controller_msgs-0.1.4-py3.10.egg-info
[10.422s] -- Installing: /home/certezas/robotis_ws/install/robotis_controller_msgs/local/lib/python3.10/dist-packages/robotis_controller_msgs-0.1.4-py3.10.egg-info/PKG-INFO
[10.422s] -- Installing: /home/certezas/robotis_ws/install/robotis_controller_msgs/local/lib/python3.10/dist-packages/robotis_controller_msgs-0.1.4-py3.10.egg-info/dependency_links.txt
[10.422s] -- Installing: /home/certezas/robotis_ws/install/robotis_controller_msgs/local/lib/python3.10/dist-packages/robotis_controller_msgs-0.1.4-py3.10.egg-info/top_level.txt
[10.422s] -- Installing: /home/certezas/robotis_ws/install/robotis_controller_msgs/local/lib/python3.10/dist-packages/robotis_controller_msgs-0.1.4-py3.10.egg-info/SOURCES.txt
[10.422s] -- Up-to-date: /home/certezas/robotis_ws/install/robotis_controller_msgs/local/lib/python3.10/dist-packages/robotis_controller_msgs
[10.422s] -- Up-to-date: /home/certezas/robotis_ws/install/robotis_controller_msgs/local/lib/python3.10/dist-packages/robotis_controller_msgs/_robotis_controller_msgs_s.ep.rosidl_typesupport_introspection_c.c
[10.422s] -- Up-to-date: /home/certezas/robotis_ws/install/robotis_controller_msgs/local/lib/python3.10/dist-packages/robotis_controller_msgs/robotis_controller_msgs_s__rosidl_typesupport_fastrtps_c.cpython-310-x86_64-linux-gnu.so
[10.422s] -- Up-to-date: /home/certezas/robotis_ws/install/robotis_controller_msgs/local/lib/python3.10/dist-packages/robotis_controller_msgs/__init__.py
[10.422s] -- Up-to-date: /home/certezas/robotis_ws/install/robotis_controller_msgs/local/lib/python3.10/dist-packages/robotis_controller_msgs/_robotis_controller_msgs_s.ep.rosidl_typesupport_c.c
[10.423s] -- Up-to-date: /home/certezas/robotis_ws/install/robotis_controller_msgs/local/lib/python3.10/dist-packages/robotis_controller_msgs/srv
[10.423s] -- Up-to-date: /home/certezas/robotis_ws/install/robotis_controller_msgs/local/lib/python3.10/dist-packages/robotis_controller_msgs/srv/_set_module_s.c
[10.423s] -- Up-to-date: /home/certezas/robotis_ws/install/robotis_controller_msgs/local/lib/python3.10/dist-packages/robotis_controller_msgs/srv/_load_offset.py
[10.423s] -- Up-to-date: /home/certezas/robotis_ws/install/robotis_controller_msgs/local/lib/python3.10/dist-packages/robotis_controller_msgs/srv/_get_joint_module_s.c
[10.423s] -- Up-to-date: /home/certezas/robotis_ws/install/robotis_controller_msgs/local/lib/python3.10/dist-packages/robotis_controller_msgs/srv/_set_joint_module_s.c
[10.423s] -- Up-to-date: /home/certezas/robotis_ws/install/robotis_controller_msgs/local/lib/python3.10/dist-packages/robotis_controller_msgs/srv/_set_joint_module.py
[10.423s] -- Up-to-date: /home/certezas/robotis_ws/install/robotis_controller_msgs/local/lib/python3.10/dist-packages/robotis_controller_msgs/srv/__init__.py
[10.423s] -- Up-to-date: /home/certezas/robotis_ws/install/robotis_controller_msgs/local/lib/python3.10/dist-packages/robotis_controller_msgs/srv/_load_offset_s.c
[10.423s] -- Up-to-date: /home/certezas/robotis_ws/install/robotis_controller_msgs/local/lib/python3.10/dist-packages/robotis_controller_msgs/srv/_get_joint_module.py
[10.423s] -- Up-to-date: /home/certezas/robotis_ws/install/robotis_controller_msgs/local/lib/python3.10/dist-packages/robotis_controller_msgs/srv/_set_module.py
[10.423s] -- Up-to-date: /home/certezas/robotis_ws/install/robotis_controller_msgs/local/lib/python3.10/dist-packages/robotis_controller_msgs/robotis_controller_msgs_s__rosidl_typesupport_introspection_c.cpython-310-x86_64-linux-gnu.so
[10.423s] -- Up-to-date: /home/certezas/robotis_ws/install/robotis_controller_msgs/local/lib/python3.10/dist-packages/robotis_controller_msgs/_robotis_controller_msgs_s.ep.rosidl_typesupport_fastrtps_c.c
[10.423s] -- Up-to-date: /home/certezas/robotis_ws/install/robotis_controller_msgs/local/lib/python3.10/dist-packages/robotis_controller_msgs/msg
[10.423s] -- Up-to-date: /home/certezas/robotis_ws/install/robotis_controller_msgs/local/lib/python3.10/dist-packages/robotis_controller_msgs/msg/_status_msg.py
[10.423s] -- Up-to-date: /home/certezas/robotis_ws/install/robotis_controller_msgs/local/lib/python3.10/dist-packages/robotis_controller_msgs/msg/_write_control_table_s.c
[10.423s] -- Up-to-date: /home/certezas/robotis_ws/install/robotis_controller_msgs/local/lib/python3.10/dist-packages/robotis_controller_msgs/msg/__init__.py
[10.423s] -- Up-to-date: /home/certezas/robotis_ws/install/robotis_controller_msgs/local/lib/python3.10/dist-packages/robotis_controller_msgs/msg/_status_msg_s.c
[10.423s] -- Up-to-date: /home/certezas/robotis_ws/install/robotis_controller_msgs/local/lib/python3.10/dist-packages/robotis_controller_msgs/msg/_joint_ctrl_module_s.c
[10.424s] -- Up-to-date: /home/certezas/robotis_ws/install/robotis_controller_msgs/local/lib/python3.10/dist-packages/robotis_controller_msgs/msg/_sync_write_item.py
[10.424s] -- Up-to-date: /home/certezas/robotis_ws/install/robotis_controller_msgs/local/lib/python3.10/dist-packages/robotis_controller_msgs/msg/_joint_ctrl_module.py
[10.424s] -- Up-to-date: /home/certezas/robotis_ws/install/robotis_controller_msgs/local/lib/python3.10/dist-packages/robotis_controller_msgs/msg/_sync_write_item_s.c
[10.424s] -- Up-to-date: /home/certezas/robotis_ws/install/robotis_controller_msgs/local/lib/python3.10/dist-packages/robotis_controller_msgs/msg/_write_control_table.py
[10.424s] -- Up-to-date: /home/certezas/robotis_ws/install/robotis_controller_msgs/local/lib/python3.10/dist-packages/robotis_controller_msgs/librobotis_controller_msgs__rosidl_generator_py.so
[10.424s] -- Up-to-date: /home/certezas/robotis_ws/install/robotis_controller_msgs/local/lib/python3.10/dist-packages/robotis_controller_msgs/robotis_controller_msgs_s__rosidl_typesupport_c.cpython-310-x86_64-linux-gnu.so
[10.619s] Listing '/home/certezas/robotis_ws/install/robotis_controller_msgs/local/lib/python3.10/dist-packages/robotis_controller_msgs'...
[10.619s] Listing '/home/certezas/robotis_ws/install/robotis_controller_msgs/local/lib/python3.10/dist-packages/robotis_controller_msgs/msg'...
[10.620s] Listing '/home/certezas/robotis_ws/install/robotis_controller_msgs/local/lib/python3.10/dist-packages/robotis_controller_msgs/srv'...
[10.623s] -- Up-to-date: /home/certezas/robotis_ws/install/robotis_controller_msgs/local/lib/python3.10/dist-packages/robotis_controller_msgs/robotis_controller_msgs_s__rosidl_typesupport_fastrtps_c.cpython-310-x86_64-linux-gnu.so
[10.623s] -- Up-to-date: /home/certezas/robotis_ws/install/robotis_controller_msgs/local/lib/python3.10/dist-packages/robotis_controller_msgs/robotis_controller_msgs_s__rosidl_typesupport_introspection_c.cpython-310-x86_64-linux-gnu.so
[10.624s] -- Up-to-date: /home/certezas/robotis_ws/install/robotis_controller_msgs/local/lib/python3.10/dist-packages/robotis_controller_msgs/robotis_controller_msgs_s__rosidl_typesupport_c.cpython-310-x86_64-linux-gnu.so
[10.755s] -- Up-to-date: /home/certezas/robotis_ws/install/robotis_controller_msgs/lib/librobotis_controller_msgs__rosidl_generator_py.so
[10.779s] -- Up-to-date: /home/certezas/robotis_ws/install/robotis_controller_msgs/share/robotis_controller_msgs/msg/SyncWriteItem.idl
[10.779s] -- Up-to-date: /home/certezas/robotis_ws/install/robotis_controller_msgs/share/robotis_controller_msgs/msg/JointCtrlModule.idl
[10.779s] -- Up-to-date: /home/certezas/robotis_ws/install/robotis_controller_msgs/share/robotis_controller_msgs/msg/StatusMsg.idl
[10.779s] -- Up-to-date: /home/certezas/robotis_ws/install/robotis_controller_msgs/share/robotis_controller_msgs/msg/WriteControlTable.idl
[10.779s] -- Up-to-date: /home/certezas/robotis_ws/install/robotis_controller_msgs/share/robotis_controller_msgs/srv/GetJointModule.idl
[10.779s] -- Up-to-date: /home/certezas/robotis_ws/install/robotis_controller_msgs/share/robotis_controller_msgs/srv/SetJointModule.idl
[10.779s] -- Up-to-date: /home/certezas/robotis_ws/install/robotis_controller_msgs/share/robotis_controller_msgs/srv/SetModule.idl
[10.781s] -- Up-to-date: /home/certezas/robotis_ws/install/robotis_controller_msgs/share/robotis_controller_msgs/srv/LoadOffset.idl
[10.781s] -- Up-to-date: /home/certezas/robotis_ws/install/robotis_controller_msgs/share/robotis_controller_msgs/msg/SyncWriteItem.msg
[10.781s] -- Up-to-date: /home/certezas/robotis_ws/install/robotis_controller_msgs/share/robotis_controller_msgs/msg/JointCtrlModule.msg
[10.781s] -- Up-to-date: /home/certezas/robotis_ws/install/robotis_controller_msgs/share/robotis_controller_msgs/msg/StatusMsg.msg
[10.781s] -- Up-to-date: /home/certezas/robotis_ws/install/robotis_controller_msgs/share/robotis_controller_msgs/msg/WriteControlTable.msg
[10.781s] -- Up-to-date: /home/certezas/robotis_ws/install/robotis_controller_msgs/share/robotis_controller_msgs/srv/GetJointModule.srv
[10.782s] -- Up-to-date: /home/certezas/robotis_ws/install/robotis_controller_msgs/share/robotis_controller_msgs/srv/GetJointModule_Request.msg
[10.782s] -- Up-to-date: /home/certezas/robotis_ws/install/robotis_controller_msgs/share/robotis_controller_msgs/srv/GetJointModule_Response.msg
[10.782s] -- Up-to-date: /home/certezas/robotis_ws/install/robotis_controller_msgs/share/robotis_controller_msgs/srv/SetJointModule.srv
[10.782s] -- Up-to-date: /home/certezas/robotis_ws/install/robotis_controller_msgs/share/robotis_controller_msgs/srv/SetJointModule_Request.msg
[10.782s] -- Up-to-date: /home/certezas/robotis_ws/install/robotis_controller_msgs/share/robotis_controller_msgs/srv/SetJointModule_Response.msg
[10.782s] -- Up-to-date: /home/certezas/robotis_ws/install/robotis_controller_msgs/share/robotis_controller_msgs/srv/SetModule.srv
[10.782s] -- Up-to-date: /home/certezas/robotis_ws/install/robotis_controller_msgs/share/robotis_controller_msgs/srv/SetModule_Request.msg
[10.782s] -- Up-to-date: /home/certezas/robotis_ws/install/robotis_controller_msgs/share/robotis_controller_msgs/srv/SetModule_Response.msg
[10.782s] -- Up-to-date: /home/certezas/robotis_ws/install/robotis_controller_msgs/share/robotis_controller_msgs/srv/LoadOffset.srv
[10.782s] -- Up-to-date: /home/certezas/robotis_ws/install/robotis_controller_msgs/share/robotis_controller_msgs/srv/LoadOffset_Request.msg
[10.782s] -- Up-to-date: /home/certezas/robotis_ws/install/robotis_controller_msgs/share/robotis_controller_msgs/srv/LoadOffset_Response.msg
[10.782s] -- Up-to-date: /home/certezas/robotis_ws/install/robotis_controller_msgs/share/ament_index/resource_index/package_run_dependencies/robotis_controller_msgs
[10.790s] -- Up-to-date: /home/certezas/robotis_ws/install/robotis_controller_msgs/share/ament_index/resource_index/parent_prefix_path/robotis_controller_msgs
[10.791s] -- Up-to-date: /home/certezas/robotis_ws/install/robotis_controller_msgs/share/robotis_controller_msgs/environment/ament_prefix_path.sh
[10.791s] -- Up-to-date: /home/certezas/robotis_ws/install/robotis_controller_msgs/share/robotis_controller_msgs/environment/ament_prefix_path.dsv
[10.791s] -- Up-to-date: /home/certezas/robotis_ws/install/robotis_controller_msgs/share/robotis_controller_msgs/environment/path.sh
[10.791s] -- Up-to-date: /home/certezas/robotis_ws/install/robotis_controller_msgs/share/robotis_controller_msgs/environment/path.dsv
[10.791s] -- Up-to-date: /home/certezas/robotis_ws/install/robotis_controller_msgs/share/robotis_controller_msgs/local_setup.bash
[10.791s] -- Up-to-date: /home/certezas/robotis_ws/install/robotis_controller_msgs/share/robotis_controller_msgs/local_setup.sh
[10.791s] -- Up-to-date: /home/certezas/robotis_ws/install/robotis_controller_msgs/share/robotis_controller_msgs/local_setup.zsh
[10.791s] -- Up-to-date: /home/certezas/robotis_ws/install/robotis_controller_msgs/share/robotis_controller_msgs/local_setup.dsv
[10.791s] -- Installing: /home/certezas/robotis_ws/install/robotis_controller_msgs/share/robotis_controller_msgs/package.dsv
[10.820s] -- Up-to-date: /home/certezas/robotis_ws/install/robotis_controller_msgs/share/ament_index/resource_index/packages/robotis_controller_msgs
[10.896s] -- Up-to-date: /home/certezas/robotis_ws/install/robotis_controller_msgs/share/robotis_controller_msgs/cmake/export_robotis_controller_msgs__rosidl_generator_cExport.cmake
[10.896s] -- Up-to-date: /home/certezas/robotis_ws/install/robotis_controller_msgs/share/robotis_controller_msgs/cmake/export_robotis_controller_msgs__rosidl_generator_cExport-noconfig.cmake
[10.908s] -- Up-to-date: /home/certezas/robotis_ws/install/robotis_controller_msgs/share/robotis_controller_msgs/cmake/export_robotis_controller_msgs__rosidl_typesupport_fastrtps_cExport.cmake
[10.908s] -- Up-to-date: /home/certezas/robotis_ws/install/robotis_controller_msgs/share/robotis_controller_msgs/cmake/export_robotis_controller_msgs__rosidl_typesupport_fastrtps_cExport-noconfig.cmake
[10.908s] -- Up-to-date: /home/certezas/robotis_ws/install/robotis_controller_msgs/share/robotis_controller_msgs/cmake/export_robotis_controller_msgs__rosidl_generator_cppExport.cmake
[10.908s] -- Up-to-date: /home/certezas/robotis_ws/install/robotis_controller_msgs/share/robotis_controller_msgs/cmake/export_robotis_controller_msgs__rosidl_typesupport_fastrtps_cppExport.cmake
[10.908s] -- Up-to-date: /home/certezas/robotis_ws/install/robotis_controller_msgs/share/robotis_controller_msgs/cmake/export_robotis_controller_msgs__rosidl_typesupport_fastrtps_cppExport-noconfig.cmake
[10.909s] -- Up-to-date: /home/certezas/robotis_ws/install/robotis_controller_msgs/share/robotis_controller_msgs/cmake/robotis_controller_msgs__rosidl_typesupport_introspection_cExport.cmake
[10.909s] -- Up-to-date: /home/certezas/robotis_ws/install/robotis_controller_msgs/share/robotis_controller_msgs/cmake/robotis_controller_msgs__rosidl_typesupport_introspection_cExport-noconfig.cmake
[10.947s] -- Up-to-date: /home/certezas/robotis_ws/install/robotis_controller_msgs/share/robotis_controller_msgs/cmake/robotis_controller_msgs__rosidl_typesupport_cExport.cmake
[10.947s] -- Up-to-date: /home/certezas/robotis_ws/install/robotis_controller_msgs/share/robotis_controller_msgs/cmake/robotis_controller_msgs__rosidl_typesupport_cExport-noconfig.cmake
[10.947s] -- Up-to-date: /home/certezas/robotis_ws/install/robotis_controller_msgs/share/robotis_controller_msgs/cmake/robotis_controller_msgs__rosidl_typesupport_introspection_cppExport.cmake
[10.947s] -- Up-to-date: /home/certezas/robotis_ws/install/robotis_controller_msgs/share/robotis_controller_msgs/cmake/robotis_controller_msgs__rosidl_typesupport_introspection_cppExport-noconfig.cmake
[10.947s] -- Up-to-date: /home/certezas/robotis_ws/install/robotis_controller_msgs/share/robotis_controller_msgs/cmake/robotis_controller_msgs__rosidl_typesupport_cppExport.cmake
[10.948s] -- Up-to-date: /home/certezas/robotis_ws/install/robotis_controller_msgs/share/robotis_controller_msgs/cmake/robotis_controller_msgs__rosidl_typesupport_cppExport-noconfig.cmake
[10.948s] -- Up-to-date: /home/certezas/robotis_ws/install/robotis_controller_msgs/share/robotis_controller_msgs/cmake/export_robotis_controller_msgs__rosidl_generator_pyExport.cmake
[10.948s] -- Up-to-date: /home/certezas/robotis_ws/install/robotis_controller_msgs/share/robotis_controller_msgs/cmake/export_robotis_controller_msgs__rosidl_generator_pyExport-noconfig.cmake
[10.948s] -- Up-to-date: /home/certezas/robotis_ws/install/robotis_controller_msgs/share/robotis_controller_msgs/cmake/rosidl_cmake-extras.cmake
[10.948s] -- Up-to-date: /home/certezas/robotis_ws/install/robotis_controller_msgs/share/robotis_controller_msgs/cmake/ament_cmake_export_dependencies-extras.cmake
[10.948s] -- Up-to-date: /home/certezas/robotis_ws/install/robotis_controller_msgs/share/robotis_controller_msgs/cmake/ament_cmake_export_include_directories-extras.cmake
[10.948s] -- Up-to-date: /home/certezas/robotis_ws/install/robotis_controller_msgs/share/robotis_controller_msgs/cmake/ament_cmake_export_libraries-extras.cmake
[10.948s] -- Up-to-date: /home/certezas/robotis_ws/install/robotis_controller_msgs/share/robotis_controller_msgs/cmake/ament_cmake_export_targets-extras.cmake
[10.948s] -- Up-to-date: /home/certezas/robotis_ws/install/robotis_controller_msgs/share/robotis_controller_msgs/cmake/rosidl_cmake_export_typesupport_targets-extras.cmake
[10.948s] -- Up-to-date: /home/certezas/robotis_ws/install/robotis_controller_msgs/share/robotis_controller_msgs/cmake/rosidl_cmake_export_typesupport_libraries-extras.cmake
[10.949s] -- Up-to-date: /home/certezas/robotis_ws/install/robotis_controller_msgs/share/robotis_controller_msgs/cmake/robotis_controller_msgsConfig.cmake
[10.949s] -- Up-to-date: /home/certezas/robotis_ws/install/robotis_controller_msgs/share/robotis_controller_msgs/cmake/robotis_controller_msgsConfig-version.cmake
[10.949s] -- Up-to-date: /home/certezas/robotis_ws/install/robotis_controller_msgs/share/robotis_controller_msgs/package.xml
[11.818s] Invoked command in '/home/certezas/robotis_ws/build/robotis_controller_msgs' returned '0': CMAKE_PREFIX_PATH=${CMAKE_PREFIX_PATH}:/opt/ros/humble /usr/bin/cmake --install /home/certezas/robotis_ws/build/robotis_controller_msgs
