[0.111s] Invoking command in '/home/certezas/robotis_ws/build/rf_gz_bridge': CMAKE_PREFIX_PATH=${CMAKE_PREFIX_PATH}:/opt/ros/humble /usr/bin/cmake --build /home/certezas/robotis_ws/build/rf_gz_bridge -- -j12 -l12
[0.175s] [100%] Built target rf_gz_bridge_node
[0.265s] Invoked command in '/home/certezas/robotis_ws/build/rf_gz_bridge' returned '0': CMAKE_PREFIX_PATH=${CMAKE_PREFIX_PATH}:/opt/ros/humble /usr/bin/cmake --build /home/certezas/robotis_ws/build/rf_gz_bridge -- -j12 -l12
[0.266s] Invoking command in '/home/certezas/robotis_ws/build/rf_gz_bridge': CMAKE_PREFIX_PATH=${CMAKE_PREFIX_PATH}:/opt/ros/humble /usr/bin/cmake --install /home/certezas/robotis_ws/build/rf_gz_bridge
[0.278s] -- Install configuration: ""
[0.278s] -- Up-to-date: /home/certezas/robotis_ws/install/rf_gz_bridge/lib/rf_gz_bridge/rf_gz_bridge_node
[0.279s] -- Up-to-date: /home/certezas/robotis_ws/install/rf_gz_bridge/include/rf_gz_bridge
[0.279s] -- Up-to-date: /home/certezas/robotis_ws/install/rf_gz_bridge/include/rf_gz_bridge/rf_gz_bridge.hpp
[0.279s] -- Up-to-date: /home/certezas/robotis_ws/install/rf_gz_bridge/share/rf_gz_bridge/config
[0.279s] -- Up-to-date: /home/certezas/robotis_ws/install/rf_gz_bridge/share/rf_gz_bridge/config/op3_joint_list.yaml
[0.279s] -- Up-to-date: /home/certezas/robotis_ws/install/rf_gz_bridge/share/ament_index/resource_index/package_run_dependencies/rf_gz_bridge
[0.279s] -- Up-to-date: /home/certezas/robotis_ws/install/rf_gz_bridge/share/ament_index/resource_index/parent_prefix_path/rf_gz_bridge
[0.279s] -- Up-to-date: /home/certezas/robotis_ws/install/rf_gz_bridge/share/rf_gz_bridge/environment/ament_prefix_path.sh
[0.280s] -- Up-to-date: /home/certezas/robotis_ws/install/rf_gz_bridge/share/rf_gz_bridge/environment/ament_prefix_path.dsv
[0.280s] -- Up-to-date: /home/certezas/robotis_ws/install/rf_gz_bridge/share/rf_gz_bridge/environment/path.sh
[0.280s] -- Up-to-date: /home/certezas/robotis_ws/install/rf_gz_bridge/share/rf_gz_bridge/environment/path.dsv
[0.280s] -- Up-to-date: /home/certezas/robotis_ws/install/rf_gz_bridge/share/rf_gz_bridge/local_setup.bash
[0.280s] -- Up-to-date: /home/certezas/robotis_ws/install/rf_gz_bridge/share/rf_gz_bridge/local_setup.sh
[0.280s] -- Up-to-date: /home/certezas/robotis_ws/install/rf_gz_bridge/share/rf_gz_bridge/local_setup.zsh
[0.280s] -- Up-to-date: /home/certezas/robotis_ws/install/rf_gz_bridge/share/rf_gz_bridge/local_setup.dsv
[0.280s] -- Installing: /home/certezas/robotis_ws/install/rf_gz_bridge/share/rf_gz_bridge/package.dsv
[0.280s] -- Up-to-date: /home/certezas/robotis_ws/install/rf_gz_bridge/share/ament_index/resource_index/packages/rf_gz_bridge
[0.280s] -- Up-to-date: /home/certezas/robotis_ws/install/rf_gz_bridge/share/rf_gz_bridge/cmake/rf_gz_bridgeConfig.cmake
[0.280s] -- Up-to-date: /home/certezas/robotis_ws/install/rf_gz_bridge/share/rf_gz_bridge/cmake/rf_gz_bridgeConfig-version.cmake
[0.280s] -- Up-to-date: /home/certezas/robotis_ws/install/rf_gz_bridge/share/rf_gz_bridge/package.xml
[0.331s] Invoked command in '/home/certezas/robotis_ws/build/rf_gz_bridge' returned '0': CMAKE_PREFIX_PATH=${CMAKE_PREFIX_PATH}:/opt/ros/humble /usr/bin/cmake --install /home/certezas/robotis_ws/build/rf_gz_bridge
