[0.191s] Invoking command in '/home/certezas/robotis_ws/build/dynamixel_sdk': CMAKE_PREFIX_PATH=${CMAKE_PREFIX_PATH}:/home/certezas/robotis_ws/install/op3_head_control_module:/opt/ros/humble /usr/bin/cmake /home/certezas/robotis_ws/src/DynamixelSDK/ros/dynamixel_sdk -DCMAKE_INSTALL_PREFIX=/home/certezas/robotis_ws/install/dynamixel_sdk
[0.794s] -- The C compiler identification is GNU 11.4.0
[0.961s] -- The CXX compiler identification is GNU 11.4.0
[1.056s] -- Detecting C compiler ABI info
[1.176s] -- Detecting C compiler ABI info - done
[1.185s] -- Check for working C compiler: /usr/bin/cc - skipped
[1.185s] -- Detecting C compile features
[1.186s] -- Detecting C compile features - done
[1.194s] -- Detecting CXX compiler ABI info
[1.316s] -- Detecting CXX compiler ABI info - done
[1.329s] -- Check for working CXX compiler: /usr/bin/c++ - skipped
[1.329s] -- Detecting CXX compile features
[1.330s] -- Detecting CXX compile features - done
[1.422s] -- Found ament_cmake: 1.3.11 (/opt/ros/humble/share/ament_cmake/cmake)
[1.717s] -- Found Python3: /usr/bin/python3 (found version "3.10.12") found components: Interpreter 
[2.030s] -- Configuring done
[2.034s] -- Generating done
[2.036s] -- Build files have been written to: /home/certezas/robotis_ws/build/dynamixel_sdk
[2.039s] Invoked command in '/home/certezas/robotis_ws/build/dynamixel_sdk' returned '0': CMAKE_PREFIX_PATH=${CMAKE_PREFIX_PATH}:/home/certezas/robotis_ws/install/op3_head_control_module:/opt/ros/humble /usr/bin/cmake /home/certezas/robotis_ws/src/DynamixelSDK/ros/dynamixel_sdk -DCMAKE_INSTALL_PREFIX=/home/certezas/robotis_ws/install/dynamixel_sdk
[2.042s] Invoking command in '/home/certezas/robotis_ws/build/dynamixel_sdk': CMAKE_PREFIX_PATH=${CMAKE_PREFIX_PATH}:/home/certezas/robotis_ws/install/op3_head_control_module:/opt/ros/humble /usr/bin/cmake --build /home/certezas/robotis_ws/build/dynamixel_sdk -- -j12 -l12
[6.178s] [ 23%] [32mBuilding CXX object CMakeFiles/dynamixel_sdk.dir/src/dynamixel_sdk/protocol1_packet_handler.cpp.o[0m
[6.178s] [ 23%] [32mBuilding CXX object CMakeFiles/dynamixel_sdk.dir/src/dynamixel_sdk/protocol2_packet_handler.cpp.o[0m
[6.179s] [ 23%] [32mBuilding CXX object CMakeFiles/dynamixel_sdk.dir/src/dynamixel_sdk/group_sync_read.cpp.o[0m
[6.179s] [ 30%] [32mBuilding CXX object CMakeFiles/dynamixel_sdk.dir/src/dynamixel_sdk/packet_handler.cpp.o[0m
[6.179s] [ 38%] [32mBuilding CXX object CMakeFiles/dynamixel_sdk.dir/src/dynamixel_sdk/group_sync_write.cpp.o[0m
[6.179s] [ 61%] [32mBuilding CXX object CMakeFiles/dynamixel_sdk.dir/src/dynamixel_sdk/group_fast_bulk_read.cpp.o[0m
[6.179s] [ 69%] [32mBuilding CXX object CMakeFiles/dynamixel_sdk.dir/src/dynamixel_sdk/group_fast_sync_read.cpp.o[0m
[6.179s] [ 46%] [32mBuilding CXX object CMakeFiles/dynamixel_sdk.dir/src/dynamixel_sdk/group_bulk_read.cpp.o[0m
[6.179s] [ 53%] [32mBuilding CXX object CMakeFiles/dynamixel_sdk.dir/src/dynamixel_sdk/group_bulk_write.cpp.o[0m
[6.179s] [ 76%] [32mBuilding CXX object CMakeFiles/dynamixel_sdk.dir/src/dynamixel_sdk/port_handler.cpp.o[0m
[6.179s] [ 84%] [32mBuilding CXX object CMakeFiles/dynamixel_sdk.dir/src/dynamixel_sdk/group_handler.cpp.o[0m
[6.180s] [ 84%] Built target ament_cmake_python_copy_dynamixel_sdk
[6.180s] [ 92%] [32mBuilding CXX object CMakeFiles/dynamixel_sdk.dir/src/dynamixel_sdk/port_handler_linux.cpp.o[0m
[6.180s] running egg_info
[6.180s] creating dynamixel_sdk.egg-info
[6.180s] writing dynamixel_sdk.egg-info/PKG-INFO
[6.180s] writing dependency_links to dynamixel_sdk.egg-info/dependency_links.txt
[6.180s] writing top-level names to dynamixel_sdk.egg-info/top_level.txt
[6.180s] writing manifest file 'dynamixel_sdk.egg-info/SOURCES.txt'
[6.180s] reading manifest file 'dynamixel_sdk.egg-info/SOURCES.txt'
[6.180s] writing manifest file 'dynamixel_sdk.egg-info/SOURCES.txt'
[6.180s] [ 92%] Built target ament_cmake_python_build_dynamixel_sdk_egg
[6.181s] [100%] [32m[1mLinking CXX shared library libdynamixel_sdk.so[0m
[6.181s] [100%] Built target dynamixel_sdk
[6.194s] Invoked command in '/home/certezas/robotis_ws/build/dynamixel_sdk' returned '0': CMAKE_PREFIX_PATH=${CMAKE_PREFIX_PATH}:/home/certezas/robotis_ws/install/op3_head_control_module:/opt/ros/humble /usr/bin/cmake --build /home/certezas/robotis_ws/build/dynamixel_sdk -- -j12 -l12
[6.206s] Invoking command in '/home/certezas/robotis_ws/build/dynamixel_sdk': CMAKE_PREFIX_PATH=${CMAKE_PREFIX_PATH}:/home/certezas/robotis_ws/install/op3_head_control_module:/opt/ros/humble /usr/bin/cmake --install /home/certezas/robotis_ws/build/dynamixel_sdk
[6.354s] -- Install configuration: ""
[6.354s] -- Installing: /home/certezas/robotis_ws/install/dynamixel_sdk/include/
[6.354s] -- Installing: /home/certezas/robotis_ws/install/dynamixel_sdk/include//dynamixel_sdk
[6.354s] -- Installing: /home/certezas/robotis_ws/install/dynamixel_sdk/include//dynamixel_sdk/group_sync_read.h
[6.354s] -- Installing: /home/certezas/robotis_ws/install/dynamixel_sdk/include//dynamixel_sdk/group_fast_sync_read.h
[6.354s] -- Installing: /home/certezas/robotis_ws/install/dynamixel_sdk/include//dynamixel_sdk/group_bulk_write.h
[6.354s] -- Installing: /home/certezas/robotis_ws/install/dynamixel_sdk/include//dynamixel_sdk/group_fast_bulk_read.h
[6.355s] -- Installing: /home/certezas/robotis_ws/install/dynamixel_sdk/include//dynamixel_sdk/group_sync_write.h
[6.355s] -- Installing: /home/certezas/robotis_ws/install/dynamixel_sdk/include//dynamixel_sdk/packet_handler.h
[6.355s] -- Installing: /home/certezas/robotis_ws/install/dynamixel_sdk/include//dynamixel_sdk/dynamixel_sdk.h
[6.355s] -- Installing: /home/certezas/robotis_ws/install/dynamixel_sdk/include//dynamixel_sdk/group_bulk_read.h
[6.355s] -- Installing: /home/certezas/robotis_ws/install/dynamixel_sdk/include//dynamixel_sdk/port_handler_windows.h
[6.419s] -- Installing: /home/certezas/robotis_ws/install/dynamixel_sdk/include//dynamixel_sdk/protocol1_packet_handler.h
[6.419s] -- Installing: /home/certezas/robotis_ws/install/dynamixel_sdk/include//dynamixel_sdk/protocol2_packet_handler.h
[6.420s] -- Installing: /home/certezas/robotis_ws/install/dynamixel_sdk/include//dynamixel_sdk/port_handler_arduino.h
[6.432s] -- Installing: /home/certezas/robotis_ws/install/dynamixel_sdk/include//dynamixel_sdk/port_handler_mac.h
[6.432s] -- Installing: /home/certezas/robotis_ws/install/dynamixel_sdk/include//dynamixel_sdk/port_handler_linux.h
[6.433s] -- Installing: /home/certezas/robotis_ws/install/dynamixel_sdk/include//dynamixel_sdk/group_handler.h
[6.433s] -- Installing: /home/certezas/robotis_ws/install/dynamixel_sdk/include//dynamixel_sdk/port_handler.h
[6.433s] -- Installing: /home/certezas/robotis_ws/install/dynamixel_sdk/lib/libdynamixel_sdk.so
[6.433s] -- Installing: /home/certezas/robotis_ws/install/dynamixel_sdk/share/dynamixel_sdk/environment/pythonpath.sh
[6.433s] -- Installing: /home/certezas/robotis_ws/install/dynamixel_sdk/share/dynamixel_sdk/environment/pythonpath.dsv
[6.433s] -- Installing: /home/certezas/robotis_ws/install/dynamixel_sdk/local/lib/python3.10/dist-packages/dynamixel_sdk-3.8.3-py3.10.egg-info
[6.433s] -- Installing: /home/certezas/robotis_ws/install/dynamixel_sdk/local/lib/python3.10/dist-packages/dynamixel_sdk-3.8.3-py3.10.egg-info/PKG-INFO
[6.433s] -- Installing: /home/certezas/robotis_ws/install/dynamixel_sdk/local/lib/python3.10/dist-packages/dynamixel_sdk-3.8.3-py3.10.egg-info/dependency_links.txt
[6.433s] -- Installing: /home/certezas/robotis_ws/install/dynamixel_sdk/local/lib/python3.10/dist-packages/dynamixel_sdk-3.8.3-py3.10.egg-info/top_level.txt
[6.433s] -- Installing: /home/certezas/robotis_ws/install/dynamixel_sdk/local/lib/python3.10/dist-packages/dynamixel_sdk-3.8.3-py3.10.egg-info/SOURCES.txt
[6.433s] -- Installing: /home/certezas/robotis_ws/install/dynamixel_sdk/local/lib/python3.10/dist-packages/dynamixel_sdk
[6.433s] -- Installing: /home/certezas/robotis_ws/install/dynamixel_sdk/local/lib/python3.10/dist-packages/dynamixel_sdk/group_fast_sync_read.cpp
[6.434s] -- Installing: /home/certezas/robotis_ws/install/dynamixel_sdk/local/lib/python3.10/dist-packages/dynamixel_sdk/robotis_def.py
[6.434s] -- Installing: /home/certezas/robotis_ws/install/dynamixel_sdk/local/lib/python3.10/dist-packages/dynamixel_sdk/port_handler_windows.cpp
[6.434s] -- Installing: /home/certezas/robotis_ws/install/dynamixel_sdk/local/lib/python3.10/dist-packages/dynamixel_sdk/protocol2_packet_handler.cpp
[6.434s] -- Installing: /home/certezas/robotis_ws/install/dynamixel_sdk/local/lib/python3.10/dist-packages/dynamixel_sdk/port_handler_arduino.cpp
[6.434s] -- Installing: /home/certezas/robotis_ws/install/dynamixel_sdk/local/lib/python3.10/dist-packages/dynamixel_sdk/group_bulk_read.cpp
[6.434s] -- Installing: /home/certezas/robotis_ws/install/dynamixel_sdk/local/lib/python3.10/dist-packages/dynamixel_sdk/port_handler.py
[6.434s] -- Installing: /home/certezas/robotis_ws/install/dynamixel_sdk/local/lib/python3.10/dist-packages/dynamixel_sdk/group_sync_write.py
[6.434s] -- Installing: /home/certezas/robotis_ws/install/dynamixel_sdk/local/lib/python3.10/dist-packages/dynamixel_sdk/protocol1_packet_handler.cpp
[6.434s] -- Installing: /home/certezas/robotis_ws/install/dynamixel_sdk/local/lib/python3.10/dist-packages/dynamixel_sdk/port_handler.cpp
[6.434s] -- Installing: /home/certezas/robotis_ws/install/dynamixel_sdk/local/lib/python3.10/dist-packages/dynamixel_sdk/group_bulk_write.py
[6.434s] -- Installing: /home/certezas/robotis_ws/install/dynamixel_sdk/local/lib/python3.10/dist-packages/dynamixel_sdk/__init__.py
[6.435s] -- Installing: /home/certezas/robotis_ws/install/dynamixel_sdk/local/lib/python3.10/dist-packages/dynamixel_sdk/group_handler.cpp
[6.435s] -- Installing: /home/certezas/robotis_ws/install/dynamixel_sdk/local/lib/python3.10/dist-packages/dynamixel_sdk/protocol2_packet_handler.py
[6.438s] -- Installing: /home/certezas/robotis_ws/install/dynamixel_sdk/local/lib/python3.10/dist-packages/dynamixel_sdk/group_sync_read.cpp
[6.438s] -- Installing: /home/certezas/robotis_ws/install/dynamixel_sdk/local/lib/python3.10/dist-packages/dynamixel_sdk/group_bulk_read.py
[6.438s] -- Installing: /home/certezas/robotis_ws/install/dynamixel_sdk/local/lib/python3.10/dist-packages/dynamixel_sdk/group_fast_bulk_read.cpp
[6.439s] -- Installing: /home/certezas/robotis_ws/install/dynamixel_sdk/local/lib/python3.10/dist-packages/dynamixel_sdk/packet_handler.py
[6.439s] -- Installing: /home/certezas/robotis_ws/install/dynamixel_sdk/local/lib/python3.10/dist-packages/dynamixel_sdk/group_sync_write.cpp
[6.439s] -- Installing: /home/certezas/robotis_ws/install/dynamixel_sdk/local/lib/python3.10/dist-packages/dynamixel_sdk/group_sync_read.py
[6.442s] -- Installing: /home/certezas/robotis_ws/install/dynamixel_sdk/local/lib/python3.10/dist-packages/dynamixel_sdk/port_handler_linux.cpp
[6.442s] -- Installing: /home/certezas/robotis_ws/install/dynamixel_sdk/local/lib/python3.10/dist-packages/dynamixel_sdk/packet_handler.cpp
[6.443s] -- Installing: /home/certezas/robotis_ws/install/dynamixel_sdk/local/lib/python3.10/dist-packages/dynamixel_sdk/group_bulk_write.cpp
[6.443s] -- Installing: /home/certezas/robotis_ws/install/dynamixel_sdk/local/lib/python3.10/dist-packages/dynamixel_sdk/port_handler_mac.cpp
[6.443s] -- Installing: /home/certezas/robotis_ws/install/dynamixel_sdk/local/lib/python3.10/dist-packages/dynamixel_sdk/protocol1_packet_handler.py
[6.623s] Listing '/home/certezas/robotis_ws/install/dynamixel_sdk/local/lib/python3.10/dist-packages/dynamixel_sdk'...
[6.624s] Compiling '/home/certezas/robotis_ws/install/dynamixel_sdk/local/lib/python3.10/dist-packages/dynamixel_sdk/__init__.py'...
[6.624s] Compiling '/home/certezas/robotis_ws/install/dynamixel_sdk/local/lib/python3.10/dist-packages/dynamixel_sdk/group_bulk_read.py'...
[6.624s] Compiling '/home/certezas/robotis_ws/install/dynamixel_sdk/local/lib/python3.10/dist-packages/dynamixel_sdk/group_bulk_write.py'...
[6.624s] Compiling '/home/certezas/robotis_ws/install/dynamixel_sdk/local/lib/python3.10/dist-packages/dynamixel_sdk/group_sync_read.py'...
[6.624s] Compiling '/home/certezas/robotis_ws/install/dynamixel_sdk/local/lib/python3.10/dist-packages/dynamixel_sdk/group_sync_write.py'...
[6.624s] Compiling '/home/certezas/robotis_ws/install/dynamixel_sdk/local/lib/python3.10/dist-packages/dynamixel_sdk/packet_handler.py'...
[6.624s] Compiling '/home/certezas/robotis_ws/install/dynamixel_sdk/local/lib/python3.10/dist-packages/dynamixel_sdk/port_handler.py'...
[6.624s] Compiling '/home/certezas/robotis_ws/install/dynamixel_sdk/local/lib/python3.10/dist-packages/dynamixel_sdk/protocol1_packet_handler.py'...
[6.624s] Compiling '/home/certezas/robotis_ws/install/dynamixel_sdk/local/lib/python3.10/dist-packages/dynamixel_sdk/protocol2_packet_handler.py'...
[6.624s] Compiling '/home/certezas/robotis_ws/install/dynamixel_sdk/local/lib/python3.10/dist-packages/dynamixel_sdk/robotis_def.py'...
[6.642s] -- Installing: /home/certezas/robotis_ws/install/dynamixel_sdk/share/dynamixel_sdk/environment/library_path.sh
[6.642s] -- Installing: /home/certezas/robotis_ws/install/dynamixel_sdk/share/dynamixel_sdk/environment/library_path.dsv
[6.642s] -- Installing: /home/certezas/robotis_ws/install/dynamixel_sdk/share/ament_index/resource_index/package_run_dependencies/dynamixel_sdk
[6.642s] -- Installing: /home/certezas/robotis_ws/install/dynamixel_sdk/share/ament_index/resource_index/parent_prefix_path/dynamixel_sdk
[6.642s] -- Installing: /home/certezas/robotis_ws/install/dynamixel_sdk/share/dynamixel_sdk/environment/ament_prefix_path.sh
[6.642s] -- Installing: /home/certezas/robotis_ws/install/dynamixel_sdk/share/dynamixel_sdk/environment/ament_prefix_path.dsv
[6.643s] -- Installing: /home/certezas/robotis_ws/install/dynamixel_sdk/share/dynamixel_sdk/environment/path.sh
[6.643s] -- Installing: /home/certezas/robotis_ws/install/dynamixel_sdk/share/dynamixel_sdk/environment/path.dsv
[6.643s] -- Installing: /home/certezas/robotis_ws/install/dynamixel_sdk/share/dynamixel_sdk/local_setup.bash
[6.643s] -- Installing: /home/certezas/robotis_ws/install/dynamixel_sdk/share/dynamixel_sdk/local_setup.sh
[6.644s] -- Installing: /home/certezas/robotis_ws/install/dynamixel_sdk/share/dynamixel_sdk/local_setup.zsh
[6.644s] -- Installing: /home/certezas/robotis_ws/install/dynamixel_sdk/share/dynamixel_sdk/local_setup.dsv
[6.644s] -- Installing: /home/certezas/robotis_ws/install/dynamixel_sdk/share/dynamixel_sdk/package.dsv
[6.647s] -- Installing: /home/certezas/robotis_ws/install/dynamixel_sdk/share/ament_index/resource_index/packages/dynamixel_sdk
[6.647s] -- Installing: /home/certezas/robotis_ws/install/dynamixel_sdk/share/dynamixel_sdk/cmake/ament_cmake_export_include_directories-extras.cmake
[6.648s] -- Installing: /home/certezas/robotis_ws/install/dynamixel_sdk/share/dynamixel_sdk/cmake/ament_cmake_export_libraries-extras.cmake
[6.648s] -- Installing: /home/certezas/robotis_ws/install/dynamixel_sdk/share/dynamixel_sdk/cmake/dynamixel_sdkConfig.cmake
[6.648s] -- Installing: /home/certezas/robotis_ws/install/dynamixel_sdk/share/dynamixel_sdk/cmake/dynamixel_sdkConfig-version.cmake
[6.648s] -- Installing: /home/certezas/robotis_ws/install/dynamixel_sdk/share/dynamixel_sdk/package.xml
[6.666s] Invoked command in '/home/certezas/robotis_ws/build/dynamixel_sdk' returned '0': CMAKE_PREFIX_PATH=${CMAKE_PREFIX_PATH}:/home/certezas/robotis_ws/install/op3_head_control_module:/opt/ros/humble /usr/bin/cmake --install /home/certezas/robotis_ws/build/dynamixel_sdk
