[100%] Built target op3_direct_control_module
-- Install configuration: ""
-- Up-to-date: /home/certezas/robotis_ws/install/op3_direct_control_module/lib/libop3_direct_control_module.a
-- Up-to-date: /home/certezas/robotis_ws/install/op3_direct_control_module/include/op3_direct_control_module
-- Up-to-date: /home/certezas/robotis_ws/install/op3_direct_control_module/include/op3_direct_control_module/direct_control_module.h
-- Up-to-date: /home/certezas/robotis_ws/install/op3_direct_control_module/share/op3_direct_control_module/environment/library_path.sh
-- Up-to-date: /home/certezas/robotis_ws/install/op3_direct_control_module/share/op3_direct_control_module/environment/library_path.dsv
-- Up-to-date: /home/certezas/robotis_ws/install/op3_direct_control_module/share/ament_index/resource_index/package_run_dependencies/op3_direct_control_module
-- Up-to-date: /home/certezas/robotis_ws/install/op3_direct_control_module/share/ament_index/resource_index/parent_prefix_path/op3_direct_control_module
-- Up-to-date: /home/certezas/robotis_ws/install/op3_direct_control_module/share/op3_direct_control_module/environment/ament_prefix_path.sh
-- Up-to-date: /home/certezas/robotis_ws/install/op3_direct_control_module/share/op3_direct_control_module/environment/ament_prefix_path.dsv
-- Up-to-date: /home/certezas/robotis_ws/install/op3_direct_control_module/share/op3_direct_control_module/environment/path.sh
-- Up-to-date: /home/certezas/robotis_ws/install/op3_direct_control_module/share/op3_direct_control_module/environment/path.dsv
-- Up-to-date: /home/certezas/robotis_ws/install/op3_direct_control_module/share/op3_direct_control_module/local_setup.bash
-- Up-to-date: /home/certezas/robotis_ws/install/op3_direct_control_module/share/op3_direct_control_module/local_setup.sh
-- Up-to-date: /home/certezas/robotis_ws/install/op3_direct_control_module/share/op3_direct_control_module/local_setup.zsh
-- Up-to-date: /home/certezas/robotis_ws/install/op3_direct_control_module/share/op3_direct_control_module/local_setup.dsv
-- Installing: /home/certezas/robotis_ws/install/op3_direct_control_module/share/op3_direct_control_module/package.dsv
-- Up-to-date: /home/certezas/robotis_ws/install/op3_direct_control_module/share/ament_index/resource_index/packages/op3_direct_control_module
-- Up-to-date: /home/certezas/robotis_ws/install/op3_direct_control_module/share/op3_direct_control_module/cmake/ament_cmake_export_include_directories-extras.cmake
-- Up-to-date: /home/certezas/robotis_ws/install/op3_direct_control_module/share/op3_direct_control_module/cmake/ament_cmake_export_libraries-extras.cmake
-- Up-to-date: /home/certezas/robotis_ws/install/op3_direct_control_module/share/op3_direct_control_module/cmake/ament_cmake_export_dependencies-extras.cmake
-- Up-to-date: /home/certezas/robotis_ws/install/op3_direct_control_module/share/op3_direct_control_module/cmake/op3_direct_control_moduleConfig.cmake
-- Up-to-date: /home/certezas/robotis_ws/install/op3_direct_control_module/share/op3_direct_control_module/cmake/op3_direct_control_moduleConfig-version.cmake
-- Up-to-date: /home/certezas/robotis_ws/install/op3_direct_control_module/share/op3_direct_control_module/package.xml
