[0.053s] Invoking command in '/home/certezas/robotis_ws/build/op3_demo': CMAKE_PREFIX_PATH=/home/certezas/robotis_ws/install/op3_manager:/home/certezas/robotis_ws/install/robotis_controller:/home/certezas/robotis_ws/install/open_cr_module:/home/certezas/robotis_ws/install/op3_walking_module:/home/certezas/robotis_ws/install/op3_tuning_module:/home/certezas/robotis_ws/install/op3_online_walking_module:/home/certezas/robotis_ws/install/op3_head_control_module:/home/certezas/robotis_ws/install/op3_direct_control_module:/home/certezas/robotis_ws/install/op3_base_module:/home/certezas/robotis_ws/install/op3_action_module:/home/certezas/robotis_ws/install/robotis_framework_common:/home/certezas/robotis_ws/install/robotis_device:/home/certezas/robotis_ws/install/op3_localization:/home/certezas/robotis_ws/install/op3_kinematics_dynamics:/home/certezas/robotis_ws/install/op3_camera_setting_tool:/home/certezas/robotis_ws/install/op3_balance_control:/home/certezas/robotis_ws/install/ros_madplay_player:/home/certezas/robotis_ws/install/robotis_math:/home/certezas/robotis_ws/install/robotis_controller_msgs:/home/certezas/robotis_ws/install/op3_web_setting_tool:/home/certezas/robotis_ws/install/op3_walking_module_msgs:/home/certezas/robotis_ws/install/op3_tuning_module_msgs:/home/certezas/robotis_ws/install/op3_online_walking_module_msgs:/home/certezas/robotis_ws/install/op3_camera_setting_tool_msgs:/home/certezas/robotis_ws/install/op3_ball_detector_msgs:/home/certezas/robotis_ws/install/op3_action_module_msgs:/home/certezas/robotis_ws/install/dynamixel_sdk:/home/certezas/robotis_ws/install/op3_action_editor:/home/certezas/robotis_ws/install/ros_mpg321_player:/home/certezas/robotis_ws/install/op3_demo:/home/certezas/robotis_ws/install/op3_read_write_demo:/home/certezas/robotis_ws/install/op3_bringup:/home/certezas/robotis_ws/install/op3_offset_tuner_server:/home/certezas/robotis_ws/install/op3_gui_demo:/home/certezas/robotis_ws/install/rf_gz_bridge:/home/certezas/robotis_ws/install/op3_webots_ros2:/home/certezas/robotis_ws/install/op3_tuner_client:/home/certezas/robotis_ws/install/op3_offset_tuner_client:/home/certezas/robotis_ws/install/op3_offset_tuner_msgs:/home/certezas/robotis_ws/install/op3_navigation:/home/certezas/robotis_ws/install/op3_gazebo_ros2:/home/certezas/robotis_ws/install/op3_description:/home/certezas/robotis_ws/install/dynamixel_sdk_examples:/home/certezas/robotis_ws/install/dynamixel_sdk_custom_interfaces:/opt/ros/humble LD_LIBRARY_PATH=/home/certezas/robotis_ws/install/robotis_controller/lib:/home/certezas/robotis_ws/install/open_cr_module/lib:/home/certezas/robotis_ws/install/op3_walking_module/lib:/home/certezas/robotis_ws/install/op3_online_walking_module/lib:/home/certezas/robotis_ws/install/op3_action_module/lib:/home/certezas/robotis_ws/install/robotis_device/lib:/home/certezas/robotis_ws/install/op3_kinematics_dynamics/lib:/home/certezas/robotis_ws/install/op3_balance_control/lib:/home/certezas/robotis_ws/install/robotis_controller_msgs/lib:/home/certezas/robotis_ws/install/op3_walking_module_msgs/lib:/home/certezas/robotis_ws/install/op3_tuning_module_msgs/lib:/home/certezas/robotis_ws/install/op3_online_walking_module_msgs/lib:/home/certezas/robotis_ws/install/op3_camera_setting_tool_msgs/lib:/home/certezas/robotis_ws/install/op3_ball_detector_msgs/lib:/home/certezas/robotis_ws/install/op3_action_module_msgs/lib:/home/certezas/robotis_ws/install/dynamixel_sdk/lib:/home/certezas/robotis_ws/install/op3_tuning_module/lib:/home/certezas/robotis_ws/install/op3_direct_control_module/lib:/home/certezas/robotis_ws/install/op3_base_module/lib:/home/certezas/robotis_ws/install/op3_head_control_module/lib:/home/certezas/robotis_ws/install/robotis_math/lib:/home/certezas/robotis_ws/install/op3_offset_tuner_msgs/lib:/home/certezas/robotis_ws/install/dynamixel_sdk_custom_interfaces/lib:/opt/ros/humble/opt/rviz_ogre_vendor/lib:/opt/ros/humble/lib/x86_64-linux-gnu:/opt/ros/humble/lib /usr/bin/cmake /home/certezas/robotis_ws/src/ROBOTIS-OP3-Demo/op3_demo -DCMAKE_INSTALL_PREFIX=/home/certezas/robotis_ws/install/op3_demo
[0.148s] -- The C compiler identification is GNU 11.4.0
[0.205s] -- The CXX compiler identification is GNU 11.4.0
[0.211s] -- Detecting C compiler ABI info
[0.266s] -- Detecting C compiler ABI info - done
[0.272s] -- Check for working C compiler: /usr/bin/cc - skipped
[0.272s] -- Detecting C compile features
[0.273s] -- Detecting C compile features - done
[0.275s] -- Detecting CXX compiler ABI info
[0.347s] -- Detecting CXX compiler ABI info - done
[0.359s] -- Check for working CXX compiler: /usr/bin/c++ - skipped
[0.359s] -- Detecting CXX compile features
[0.360s] -- Detecting CXX compile features - done
[0.366s] -- Found ament_cmake: 1.3.11 (/opt/ros/humble/share/ament_cmake/cmake)
[0.512s] -- Found Python3: /usr/bin/python3 (found version "3.10.12") found components: Interpreter 
[0.616s] -- Found ament_index_cpp: 1.4.0 (/opt/ros/humble/share/ament_index_cpp/cmake)
[0.620s] -- Found rclcpp: 16.0.12 (/opt/ros/humble/share/rclcpp/cmake)
[0.671s] -- Found rosidl_generator_c: 3.1.6 (/opt/ros/humble/share/rosidl_generator_c/cmake)
[0.679s] -- Found rosidl_adapter: 3.1.6 (/opt/ros/humble/share/rosidl_adapter/cmake)
[0.691s] -- Found rosidl_generator_cpp: 3.1.6 (/opt/ros/humble/share/rosidl_generator_cpp/cmake)
[0.706s] -- Using all available rosidl_typesupport_c: rosidl_typesupport_fastrtps_c;rosidl_typesupport_introspection_c
[0.726s] -- Using all available rosidl_typesupport_cpp: rosidl_typesupport_fastrtps_cpp;rosidl_typesupport_introspection_cpp
[0.790s] -- Found rmw_implementation_cmake: 6.1.2 (/opt/ros/humble/share/rmw_implementation_cmake/cmake)
[0.795s] -- Found rmw_fastrtps_cpp: 6.2.7 (/opt/ros/humble/share/rmw_fastrtps_cpp/cmake)
[0.884s] -- Found OpenSSL: /usr/lib/x86_64-linux-gnu/libcrypto.so (found version "3.0.2")  
[0.916s] -- Found FastRTPS: /opt/ros/humble/include  
[0.953s] -- Using RMW implementation 'rmw_fastrtps_cpp' as default
[0.965s] -- Looking for pthread.h
[1.023s] -- Looking for pthread.h - found
[1.024s] -- Performing Test CMAKE_HAVE_LIBC_PTHREAD
[1.085s] -- Performing Test CMAKE_HAVE_LIBC_PTHREAD - Success
[1.086s] -- Found Threads: TRUE  
[1.139s] -- Found sensor_msgs: 4.8.0 (/opt/ros/humble/share/sensor_msgs/cmake)
[1.167s] -- Found robotis_controller_msgs: 0.1.4 (/home/certezas/robotis_ws/install/robotis_controller_msgs/share/robotis_controller_msgs/cmake)
[1.181s] -- Found op3_walking_module_msgs: 0.1.1 (/home/certezas/robotis_ws/install/op3_walking_module_msgs/share/op3_walking_module_msgs/cmake)
[1.193s] -- Found op3_action_module_msgs: 0.1.1 (/home/certezas/robotis_ws/install/op3_action_module_msgs/share/op3_action_module_msgs/cmake)
[1.204s] -- Found robotis_math: 0.2.6 (/home/certezas/robotis_ws/install/robotis_math/share/robotis_math/cmake)
[1.214s] -- Found op3_ball_detector_msgs: 0.1.0 (/home/certezas/robotis_ws/install/op3_ball_detector_msgs/share/op3_ball_detector_msgs/cmake)
[2.075s] -- Found Boost: /usr/lib/x86_64-linux-gnu/cmake/Boost-1.74.0/BoostConfig.cmake (found version "1.74.0") found components: thread 
[2.079s] -- Found PkgConfig: /usr/bin/pkg-config (found version "0.29.2") 
[2.079s] -- Checking for module 'yaml-cpp'
[2.091s] --   Found yaml-cpp, version 0.7.0
[2.216s] -- Configuring done
[2.353s] -- Generating done
[2.357s] -- Build files have been written to: /home/certezas/robotis_ws/build/op3_demo
[2.365s] Invoked command in '/home/certezas/robotis_ws/build/op3_demo' returned '0': CMAKE_PREFIX_PATH=/home/certezas/robotis_ws/install/op3_manager:/home/certezas/robotis_ws/install/robotis_controller:/home/certezas/robotis_ws/install/open_cr_module:/home/certezas/robotis_ws/install/op3_walking_module:/home/certezas/robotis_ws/install/op3_tuning_module:/home/certezas/robotis_ws/install/op3_online_walking_module:/home/certezas/robotis_ws/install/op3_head_control_module:/home/certezas/robotis_ws/install/op3_direct_control_module:/home/certezas/robotis_ws/install/op3_base_module:/home/certezas/robotis_ws/install/op3_action_module:/home/certezas/robotis_ws/install/robotis_framework_common:/home/certezas/robotis_ws/install/robotis_device:/home/certezas/robotis_ws/install/op3_localization:/home/certezas/robotis_ws/install/op3_kinematics_dynamics:/home/certezas/robotis_ws/install/op3_camera_setting_tool:/home/certezas/robotis_ws/install/op3_balance_control:/home/certezas/robotis_ws/install/ros_madplay_player:/home/certezas/robotis_ws/install/robotis_math:/home/certezas/robotis_ws/install/robotis_controller_msgs:/home/certezas/robotis_ws/install/op3_web_setting_tool:/home/certezas/robotis_ws/install/op3_walking_module_msgs:/home/certezas/robotis_ws/install/op3_tuning_module_msgs:/home/certezas/robotis_ws/install/op3_online_walking_module_msgs:/home/certezas/robotis_ws/install/op3_camera_setting_tool_msgs:/home/certezas/robotis_ws/install/op3_ball_detector_msgs:/home/certezas/robotis_ws/install/op3_action_module_msgs:/home/certezas/robotis_ws/install/dynamixel_sdk:/home/certezas/robotis_ws/install/op3_action_editor:/home/certezas/robotis_ws/install/ros_mpg321_player:/home/certezas/robotis_ws/install/op3_demo:/home/certezas/robotis_ws/install/op3_read_write_demo:/home/certezas/robotis_ws/install/op3_bringup:/home/certezas/robotis_ws/install/op3_offset_tuner_server:/home/certezas/robotis_ws/install/op3_gui_demo:/home/certezas/robotis_ws/install/rf_gz_bridge:/home/certezas/robotis_ws/install/op3_webots_ros2:/home/certezas/robotis_ws/install/op3_tuner_client:/home/certezas/robotis_ws/install/op3_offset_tuner_client:/home/certezas/robotis_ws/install/op3_offset_tuner_msgs:/home/certezas/robotis_ws/install/op3_navigation:/home/certezas/robotis_ws/install/op3_gazebo_ros2:/home/certezas/robotis_ws/install/op3_description:/home/certezas/robotis_ws/install/dynamixel_sdk_examples:/home/certezas/robotis_ws/install/dynamixel_sdk_custom_interfaces:/opt/ros/humble LD_LIBRARY_PATH=/home/certezas/robotis_ws/install/robotis_controller/lib:/home/certezas/robotis_ws/install/open_cr_module/lib:/home/certezas/robotis_ws/install/op3_walking_module/lib:/home/certezas/robotis_ws/install/op3_online_walking_module/lib:/home/certezas/robotis_ws/install/op3_action_module/lib:/home/certezas/robotis_ws/install/robotis_device/lib:/home/certezas/robotis_ws/install/op3_kinematics_dynamics/lib:/home/certezas/robotis_ws/install/op3_balance_control/lib:/home/certezas/robotis_ws/install/robotis_controller_msgs/lib:/home/certezas/robotis_ws/install/op3_walking_module_msgs/lib:/home/certezas/robotis_ws/install/op3_tuning_module_msgs/lib:/home/certezas/robotis_ws/install/op3_online_walking_module_msgs/lib:/home/certezas/robotis_ws/install/op3_camera_setting_tool_msgs/lib:/home/certezas/robotis_ws/install/op3_ball_detector_msgs/lib:/home/certezas/robotis_ws/install/op3_action_module_msgs/lib:/home/certezas/robotis_ws/install/dynamixel_sdk/lib:/home/certezas/robotis_ws/install/op3_tuning_module/lib:/home/certezas/robotis_ws/install/op3_direct_control_module/lib:/home/certezas/robotis_ws/install/op3_base_module/lib:/home/certezas/robotis_ws/install/op3_head_control_module/lib:/home/certezas/robotis_ws/install/robotis_math/lib:/home/certezas/robotis_ws/install/op3_offset_tuner_msgs/lib:/home/certezas/robotis_ws/install/dynamixel_sdk_custom_interfaces/lib:/opt/ros/humble/opt/rviz_ogre_vendor/lib:/opt/ros/humble/lib/x86_64-linux-gnu:/opt/ros/humble/lib /usr/bin/cmake /home/certezas/robotis_ws/src/ROBOTIS-OP3-Demo/op3_demo -DCMAKE_INSTALL_PREFIX=/home/certezas/robotis_ws/install/op3_demo
[2.366s] Invoking command in '/home/certezas/robotis_ws/build/op3_demo': CMAKE_PREFIX_PATH=/home/certezas/robotis_ws/install/op3_manager:/home/certezas/robotis_ws/install/robotis_controller:/home/certezas/robotis_ws/install/open_cr_module:/home/certezas/robotis_ws/install/op3_walking_module:/home/certezas/robotis_ws/install/op3_tuning_module:/home/certezas/robotis_ws/install/op3_online_walking_module:/home/certezas/robotis_ws/install/op3_head_control_module:/home/certezas/robotis_ws/install/op3_direct_control_module:/home/certezas/robotis_ws/install/op3_base_module:/home/certezas/robotis_ws/install/op3_action_module:/home/certezas/robotis_ws/install/robotis_framework_common:/home/certezas/robotis_ws/install/robotis_device:/home/certezas/robotis_ws/install/op3_localization:/home/certezas/robotis_ws/install/op3_kinematics_dynamics:/home/certezas/robotis_ws/install/op3_camera_setting_tool:/home/certezas/robotis_ws/install/op3_balance_control:/home/certezas/robotis_ws/install/ros_madplay_player:/home/certezas/robotis_ws/install/robotis_math:/home/certezas/robotis_ws/install/robotis_controller_msgs:/home/certezas/robotis_ws/install/op3_web_setting_tool:/home/certezas/robotis_ws/install/op3_walking_module_msgs:/home/certezas/robotis_ws/install/op3_tuning_module_msgs:/home/certezas/robotis_ws/install/op3_online_walking_module_msgs:/home/certezas/robotis_ws/install/op3_camera_setting_tool_msgs:/home/certezas/robotis_ws/install/op3_ball_detector_msgs:/home/certezas/robotis_ws/install/op3_action_module_msgs:/home/certezas/robotis_ws/install/dynamixel_sdk:/home/certezas/robotis_ws/install/op3_action_editor:/home/certezas/robotis_ws/install/ros_mpg321_player:/home/certezas/robotis_ws/install/op3_demo:/home/certezas/robotis_ws/install/op3_read_write_demo:/home/certezas/robotis_ws/install/op3_bringup:/home/certezas/robotis_ws/install/op3_offset_tuner_server:/home/certezas/robotis_ws/install/op3_gui_demo:/home/certezas/robotis_ws/install/rf_gz_bridge:/home/certezas/robotis_ws/install/op3_webots_ros2:/home/certezas/robotis_ws/install/op3_tuner_client:/home/certezas/robotis_ws/install/op3_offset_tuner_client:/home/certezas/robotis_ws/install/op3_offset_tuner_msgs:/home/certezas/robotis_ws/install/op3_navigation:/home/certezas/robotis_ws/install/op3_gazebo_ros2:/home/certezas/robotis_ws/install/op3_description:/home/certezas/robotis_ws/install/dynamixel_sdk_examples:/home/certezas/robotis_ws/install/dynamixel_sdk_custom_interfaces:/opt/ros/humble LD_LIBRARY_PATH=/home/certezas/robotis_ws/install/robotis_controller/lib:/home/certezas/robotis_ws/install/open_cr_module/lib:/home/certezas/robotis_ws/install/op3_walking_module/lib:/home/certezas/robotis_ws/install/op3_online_walking_module/lib:/home/certezas/robotis_ws/install/op3_action_module/lib:/home/certezas/robotis_ws/install/robotis_device/lib:/home/certezas/robotis_ws/install/op3_kinematics_dynamics/lib:/home/certezas/robotis_ws/install/op3_balance_control/lib:/home/certezas/robotis_ws/install/robotis_controller_msgs/lib:/home/certezas/robotis_ws/install/op3_walking_module_msgs/lib:/home/certezas/robotis_ws/install/op3_tuning_module_msgs/lib:/home/certezas/robotis_ws/install/op3_online_walking_module_msgs/lib:/home/certezas/robotis_ws/install/op3_camera_setting_tool_msgs/lib:/home/certezas/robotis_ws/install/op3_ball_detector_msgs/lib:/home/certezas/robotis_ws/install/op3_action_module_msgs/lib:/home/certezas/robotis_ws/install/dynamixel_sdk/lib:/home/certezas/robotis_ws/install/op3_tuning_module/lib:/home/certezas/robotis_ws/install/op3_direct_control_module/lib:/home/certezas/robotis_ws/install/op3_base_module/lib:/home/certezas/robotis_ws/install/op3_head_control_module/lib:/home/certezas/robotis_ws/install/robotis_math/lib:/home/certezas/robotis_ws/install/op3_offset_tuner_msgs/lib:/home/certezas/robotis_ws/install/dynamixel_sdk_custom_interfaces/lib:/opt/ros/humble/opt/rviz_ogre_vendor/lib:/opt/ros/humble/lib/x86_64-linux-gnu:/opt/ros/humble/lib /usr/bin/cmake --build /home/certezas/robotis_ws/build/op3_demo -- -j12 -l12
[2.414s] [  5%] [32mBuilding CXX object CMakeFiles/op_demo_node.dir/src/soccer/ball_follower.cpp.o[0m
[2.414s] [ 27%] [32mBuilding CXX object CMakeFiles/self_test_node.dir/src/soccer/soccer_demo.cpp.o[0m
[2.414s] [ 27%] [32mBuilding CXX object CMakeFiles/op_demo_node.dir/src/soccer/ball_tracker.cpp.o[0m
[2.414s] [ 27%] [32mBuilding CXX object CMakeFiles/op_demo_node.dir/src/vision/vision_demo.cpp.o[0m
[2.414s] [ 27%] [32mBuilding CXX object CMakeFiles/self_test_node.dir/src/soccer/ball_tracker.cpp.o[0m
[2.414s] [ 33%] [32mBuilding CXX object CMakeFiles/self_test_node.dir/src/soccer/ball_follower.cpp.o[0m
[2.414s] [ 38%] [32mBuilding CXX object CMakeFiles/self_test_node.dir/src/test_node.cpp.o[0m
[2.414s] [ 44%] [32mBuilding CXX object CMakeFiles/op_demo_node.dir/src/action/action_demo.cpp.o[0m
[2.415s] [ 50%] [32mBuilding CXX object CMakeFiles/op_demo_node.dir/src/soccer/soccer_demo.cpp.o[0m
[2.415s] [ 55%] [32mBuilding CXX object CMakeFiles/self_test_node.dir/src/action/action_demo.cpp.o[0m
[2.417s] [ 61%] [32mBuilding CXX object CMakeFiles/op_demo_node.dir/src/demo_node.cpp.o[0m
[2.420s] [ 66%] [32mBuilding CXX object CMakeFiles/op_demo_node.dir/src/vision/face_tracker.cpp.o[0m
[36.656s] [ 72%] [32mBuilding CXX object CMakeFiles/self_test_node.dir/src/test/mic_test.cpp.o[0m
[36.716s] [ 77%] [32m[1mLinking CXX executable op_demo_node[0m
[38.534s] [ 77%] Built target op_demo_node
[47.735s] [ 94%] [32mBuilding CXX object CMakeFiles/self_test_node.dir/src/test/button_test.cpp.o[0m
[47.735s] [ 94%] [32mBuilding CXX object CMakeFiles/self_test_node.dir/src/vision/face_tracker.cpp.o[0m
[47.735s] [ 94%] [32mBuilding CXX object CMakeFiles/self_test_node.dir/src/vision/vision_demo.cpp.o[0m
[57.682s] [100%] [32m[1mLinking CXX executable self_test_node[0m
[59.788s] [100%] Built target self_test_node
[59.799s] Invoked command in '/home/certezas/robotis_ws/build/op3_demo' returned '0': CMAKE_PREFIX_PATH=/home/certezas/robotis_ws/install/op3_manager:/home/certezas/robotis_ws/install/robotis_controller:/home/certezas/robotis_ws/install/open_cr_module:/home/certezas/robotis_ws/install/op3_walking_module:/home/certezas/robotis_ws/install/op3_tuning_module:/home/certezas/robotis_ws/install/op3_online_walking_module:/home/certezas/robotis_ws/install/op3_head_control_module:/home/certezas/robotis_ws/install/op3_direct_control_module:/home/certezas/robotis_ws/install/op3_base_module:/home/certezas/robotis_ws/install/op3_action_module:/home/certezas/robotis_ws/install/robotis_framework_common:/home/certezas/robotis_ws/install/robotis_device:/home/certezas/robotis_ws/install/op3_localization:/home/certezas/robotis_ws/install/op3_kinematics_dynamics:/home/certezas/robotis_ws/install/op3_camera_setting_tool:/home/certezas/robotis_ws/install/op3_balance_control:/home/certezas/robotis_ws/install/ros_madplay_player:/home/certezas/robotis_ws/install/robotis_math:/home/certezas/robotis_ws/install/robotis_controller_msgs:/home/certezas/robotis_ws/install/op3_web_setting_tool:/home/certezas/robotis_ws/install/op3_walking_module_msgs:/home/certezas/robotis_ws/install/op3_tuning_module_msgs:/home/certezas/robotis_ws/install/op3_online_walking_module_msgs:/home/certezas/robotis_ws/install/op3_camera_setting_tool_msgs:/home/certezas/robotis_ws/install/op3_ball_detector_msgs:/home/certezas/robotis_ws/install/op3_action_module_msgs:/home/certezas/robotis_ws/install/dynamixel_sdk:/home/certezas/robotis_ws/install/op3_action_editor:/home/certezas/robotis_ws/install/ros_mpg321_player:/home/certezas/robotis_ws/install/op3_demo:/home/certezas/robotis_ws/install/op3_read_write_demo:/home/certezas/robotis_ws/install/op3_bringup:/home/certezas/robotis_ws/install/op3_offset_tuner_server:/home/certezas/robotis_ws/install/op3_gui_demo:/home/certezas/robotis_ws/install/rf_gz_bridge:/home/certezas/robotis_ws/install/op3_webots_ros2:/home/certezas/robotis_ws/install/op3_tuner_client:/home/certezas/robotis_ws/install/op3_offset_tuner_client:/home/certezas/robotis_ws/install/op3_offset_tuner_msgs:/home/certezas/robotis_ws/install/op3_navigation:/home/certezas/robotis_ws/install/op3_gazebo_ros2:/home/certezas/robotis_ws/install/op3_description:/home/certezas/robotis_ws/install/dynamixel_sdk_examples:/home/certezas/robotis_ws/install/dynamixel_sdk_custom_interfaces:/opt/ros/humble LD_LIBRARY_PATH=/home/certezas/robotis_ws/install/robotis_controller/lib:/home/certezas/robotis_ws/install/open_cr_module/lib:/home/certezas/robotis_ws/install/op3_walking_module/lib:/home/certezas/robotis_ws/install/op3_online_walking_module/lib:/home/certezas/robotis_ws/install/op3_action_module/lib:/home/certezas/robotis_ws/install/robotis_device/lib:/home/certezas/robotis_ws/install/op3_kinematics_dynamics/lib:/home/certezas/robotis_ws/install/op3_balance_control/lib:/home/certezas/robotis_ws/install/robotis_controller_msgs/lib:/home/certezas/robotis_ws/install/op3_walking_module_msgs/lib:/home/certezas/robotis_ws/install/op3_tuning_module_msgs/lib:/home/certezas/robotis_ws/install/op3_online_walking_module_msgs/lib:/home/certezas/robotis_ws/install/op3_camera_setting_tool_msgs/lib:/home/certezas/robotis_ws/install/op3_ball_detector_msgs/lib:/home/certezas/robotis_ws/install/op3_action_module_msgs/lib:/home/certezas/robotis_ws/install/dynamixel_sdk/lib:/home/certezas/robotis_ws/install/op3_tuning_module/lib:/home/certezas/robotis_ws/install/op3_direct_control_module/lib:/home/certezas/robotis_ws/install/op3_base_module/lib:/home/certezas/robotis_ws/install/op3_head_control_module/lib:/home/certezas/robotis_ws/install/robotis_math/lib:/home/certezas/robotis_ws/install/op3_offset_tuner_msgs/lib:/home/certezas/robotis_ws/install/dynamixel_sdk_custom_interfaces/lib:/opt/ros/humble/opt/rviz_ogre_vendor/lib:/opt/ros/humble/lib/x86_64-linux-gnu:/opt/ros/humble/lib /usr/bin/cmake --build /home/certezas/robotis_ws/build/op3_demo -- -j12 -l12
[59.800s] Invoking command in '/home/certezas/robotis_ws/build/op3_demo': CMAKE_PREFIX_PATH=/home/certezas/robotis_ws/install/op3_manager:/home/certezas/robotis_ws/install/robotis_controller:/home/certezas/robotis_ws/install/open_cr_module:/home/certezas/robotis_ws/install/op3_walking_module:/home/certezas/robotis_ws/install/op3_tuning_module:/home/certezas/robotis_ws/install/op3_online_walking_module:/home/certezas/robotis_ws/install/op3_head_control_module:/home/certezas/robotis_ws/install/op3_direct_control_module:/home/certezas/robotis_ws/install/op3_base_module:/home/certezas/robotis_ws/install/op3_action_module:/home/certezas/robotis_ws/install/robotis_framework_common:/home/certezas/robotis_ws/install/robotis_device:/home/certezas/robotis_ws/install/op3_localization:/home/certezas/robotis_ws/install/op3_kinematics_dynamics:/home/certezas/robotis_ws/install/op3_camera_setting_tool:/home/certezas/robotis_ws/install/op3_balance_control:/home/certezas/robotis_ws/install/ros_madplay_player:/home/certezas/robotis_ws/install/robotis_math:/home/certezas/robotis_ws/install/robotis_controller_msgs:/home/certezas/robotis_ws/install/op3_web_setting_tool:/home/certezas/robotis_ws/install/op3_walking_module_msgs:/home/certezas/robotis_ws/install/op3_tuning_module_msgs:/home/certezas/robotis_ws/install/op3_online_walking_module_msgs:/home/certezas/robotis_ws/install/op3_camera_setting_tool_msgs:/home/certezas/robotis_ws/install/op3_ball_detector_msgs:/home/certezas/robotis_ws/install/op3_action_module_msgs:/home/certezas/robotis_ws/install/dynamixel_sdk:/home/certezas/robotis_ws/install/op3_action_editor:/home/certezas/robotis_ws/install/ros_mpg321_player:/home/certezas/robotis_ws/install/op3_demo:/home/certezas/robotis_ws/install/op3_read_write_demo:/home/certezas/robotis_ws/install/op3_bringup:/home/certezas/robotis_ws/install/op3_offset_tuner_server:/home/certezas/robotis_ws/install/op3_gui_demo:/home/certezas/robotis_ws/install/rf_gz_bridge:/home/certezas/robotis_ws/install/op3_webots_ros2:/home/certezas/robotis_ws/install/op3_tuner_client:/home/certezas/robotis_ws/install/op3_offset_tuner_client:/home/certezas/robotis_ws/install/op3_offset_tuner_msgs:/home/certezas/robotis_ws/install/op3_navigation:/home/certezas/robotis_ws/install/op3_gazebo_ros2:/home/certezas/robotis_ws/install/op3_description:/home/certezas/robotis_ws/install/dynamixel_sdk_examples:/home/certezas/robotis_ws/install/dynamixel_sdk_custom_interfaces:/opt/ros/humble LD_LIBRARY_PATH=/home/certezas/robotis_ws/install/robotis_controller/lib:/home/certezas/robotis_ws/install/open_cr_module/lib:/home/certezas/robotis_ws/install/op3_walking_module/lib:/home/certezas/robotis_ws/install/op3_online_walking_module/lib:/home/certezas/robotis_ws/install/op3_action_module/lib:/home/certezas/robotis_ws/install/robotis_device/lib:/home/certezas/robotis_ws/install/op3_kinematics_dynamics/lib:/home/certezas/robotis_ws/install/op3_balance_control/lib:/home/certezas/robotis_ws/install/robotis_controller_msgs/lib:/home/certezas/robotis_ws/install/op3_walking_module_msgs/lib:/home/certezas/robotis_ws/install/op3_tuning_module_msgs/lib:/home/certezas/robotis_ws/install/op3_online_walking_module_msgs/lib:/home/certezas/robotis_ws/install/op3_camera_setting_tool_msgs/lib:/home/certezas/robotis_ws/install/op3_ball_detector_msgs/lib:/home/certezas/robotis_ws/install/op3_action_module_msgs/lib:/home/certezas/robotis_ws/install/dynamixel_sdk/lib:/home/certezas/robotis_ws/install/op3_tuning_module/lib:/home/certezas/robotis_ws/install/op3_direct_control_module/lib:/home/certezas/robotis_ws/install/op3_base_module/lib:/home/certezas/robotis_ws/install/op3_head_control_module/lib:/home/certezas/robotis_ws/install/robotis_math/lib:/home/certezas/robotis_ws/install/op3_offset_tuner_msgs/lib:/home/certezas/robotis_ws/install/dynamixel_sdk_custom_interfaces/lib:/opt/ros/humble/opt/rviz_ogre_vendor/lib:/opt/ros/humble/lib/x86_64-linux-gnu:/opt/ros/humble/lib /usr/bin/cmake --install /home/certezas/robotis_ws/build/op3_demo
[59.807s] -- Install configuration: ""
[59.807s] -- Installing: /home/certezas/robotis_ws/install/op3_demo/lib/op3_demo/op_demo_node
[59.815s] -- Set runtime path of "/home/certezas/robotis_ws/install/op3_demo/lib/op3_demo/op_demo_node" to ""
[59.815s] -- Installing: /home/certezas/robotis_ws/install/op3_demo/lib/op3_demo/self_test_node
[59.823s] -- Set runtime path of "/home/certezas/robotis_ws/install/op3_demo/lib/op3_demo/self_test_node" to ""
[59.823s] -- Installing: /home/certezas/robotis_ws/install/op3_demo/include/op3_demo
[59.823s] -- Installing: /home/certezas/robotis_ws/install/op3_demo/include/op3_demo/vision_demo.h
[59.823s] -- Installing: /home/certezas/robotis_ws/install/op3_demo/include/op3_demo/face_tracker.h
[59.824s] -- Installing: /home/certezas/robotis_ws/install/op3_demo/include/op3_demo/button_test.h
[59.824s] -- Installing: /home/certezas/robotis_ws/install/op3_demo/include/op3_demo/soccer_demo.h
[59.824s] -- Installing: /home/certezas/robotis_ws/install/op3_demo/include/op3_demo/ball_tracker.h
[59.824s] -- Installing: /home/certezas/robotis_ws/install/op3_demo/include/op3_demo/action_demo.h
[59.824s] -- Installing: /home/certezas/robotis_ws/install/op3_demo/include/op3_demo/mic_test.h
[59.824s] -- Installing: /home/certezas/robotis_ws/install/op3_demo/include/op3_demo/ball_follower.h
[59.824s] -- Installing: /home/certezas/robotis_ws/install/op3_demo/include/op3_demo/op_demo.h
[59.824s] -- Installing: /home/certezas/robotis_ws/install/op3_demo/share/op3_demo/data
[59.885s] -- Installing: /home/certezas/robotis_ws/install/op3_demo/share/op3_demo/data/mp3
[59.886s] -- Installing: /home/certezas/robotis_ws/install/op3_demo/share/op3_demo/data/mp3/No.mp3
[59.986s] -- Installing: /home/certezas/robotis_ws/install/op3_demo/share/op3_demo/data/mp3/Introduction.mp3
[60.006s] -- Installing: /home/certezas/robotis_ws/install/op3_demo/share/op3_demo/data/mp3/Headstand.mp3
[60.028s] -- Installing: /home/certezas/robotis_ws/install/op3_demo/share/op3_demo/data/mp3/Intro01.mp3
[60.549s] -- Installing: /home/certezas/robotis_ws/install/op3_demo/share/op3_demo/data/mp3/Oops.mp3
[60.556s] -- Installing: /home/certezas/robotis_ws/install/op3_demo/share/op3_demo/data/mp3/Start soccer demonstration.mp3
[60.583s] -- Installing: /home/certezas/robotis_ws/install/op3_demo/share/op3_demo/data/mp3/Yes.mp3
[60.596s] -- Installing: /home/certezas/robotis_ws/install/op3_demo/share/op3_demo/data/mp3/Demonstration ready mode.mp3
[60.603s] -- Installing: /home/certezas/robotis_ws/install/op3_demo/share/op3_demo/data/mp3/Intro02.mp3
[60.817s] -- Installing: /home/certezas/robotis_ws/install/op3_demo/share/op3_demo/data/mp3/Clap please.mp3
[60.832s] -- Installing: /home/certezas/robotis_ws/install/op3_demo/share/op3_demo/data/mp3/Vision processing mode.mp3
[60.855s] -- Installing: /home/certezas/robotis_ws/install/op3_demo/share/op3_demo/data/mp3/Interactive motion mode.mp3
[60.855s] -- Installing: /home/certezas/robotis_ws/install/op3_demo/share/op3_demo/data/mp3/Sensor calibration fail.mp3
[60.856s] -- Installing: /home/certezas/robotis_ws/install/op3_demo/share/op3_demo/data/mp3/Shoot.mp3
[60.856s] -- Installing: /home/certezas/robotis_ws/install/op3_demo/share/op3_demo/data/mp3/test
[60.856s] -- Installing: /home/certezas/robotis_ws/install/op3_demo/share/op3_demo/data/mp3/test/Announce mic test.mp3
[60.856s] -- Installing: /home/certezas/robotis_ws/install/op3_demo/share/op3_demo/data/mp3/test/Mode button long pressed.mp3
[60.857s] -- Installing: /home/certezas/robotis_ws/install/op3_demo/share/op3_demo/data/mp3/test/User button long pressed.mp3
[60.892s] -- Installing: /home/certezas/robotis_ws/install/op3_demo/share/op3_demo/data/mp3/test/Start button long pressed.mp3
[60.897s] -- Installing: /home/certezas/robotis_ws/install/op3_demo/share/op3_demo/data/mp3/test/Start button pressed.mp3
[60.921s] -- Installing: /home/certezas/robotis_ws/install/op3_demo/share/op3_demo/data/mp3/test/Start recording.mp3
[60.926s] -- Installing: /home/certezas/robotis_ws/install/op3_demo/share/op3_demo/data/mp3/test/Start button test mode.mp3
[60.930s] -- Installing: /home/certezas/robotis_ws/install/op3_demo/share/op3_demo/data/mp3/test/Self test ready mode.mp3
[60.938s] -- Installing: /home/certezas/robotis_ws/install/op3_demo/share/op3_demo/data/mp3/test/Button test mode.mp3
[60.942s] -- Installing: /home/certezas/robotis_ws/install/op3_demo/share/op3_demo/data/mp3/test/Start playing.mp3
[60.942s] -- Installing: /home/certezas/robotis_ws/install/op3_demo/share/op3_demo/data/mp3/test/User button pressed.mp3
[61.004s] -- Installing: /home/certezas/robotis_ws/install/op3_demo/share/op3_demo/data/mp3/test/Mode button pressed.mp3
[61.008s] -- Installing: /home/certezas/robotis_ws/install/op3_demo/share/op3_demo/data/mp3/test/Start mic test mode.mp3
[61.035s] -- Installing: /home/certezas/robotis_ws/install/op3_demo/share/op3_demo/data/mp3/test/Mic test mode.mp3
[61.035s] -- Installing: /home/certezas/robotis_ws/install/op3_demo/share/op3_demo/data/mp3/intro_test.mp3
[61.035s] -- Installing: /home/certezas/robotis_ws/install/op3_demo/share/op3_demo/data/mp3/System shutdown.mp3
[61.036s] -- Installing: /home/certezas/robotis_ws/install/op3_demo/share/op3_demo/data/mp3/Wow.mp3
[61.036s] -- Installing: /home/certezas/robotis_ws/install/op3_demo/share/op3_demo/data/mp3/Intro03.mp3
[61.282s] -- Installing: /home/certezas/robotis_ws/install/op3_demo/share/op3_demo/data/mp3/Thank you.mp3
[61.282s] -- Installing: /home/certezas/robotis_ws/install/op3_demo/share/op3_demo/data/mp3/Sensor calibration complete.mp3
[61.282s] -- Installing: /home/certezas/robotis_ws/install/op3_demo/share/op3_demo/data/mp3/Right kick.mp3
[61.282s] -- Installing: /home/certezas/robotis_ws/install/op3_demo/share/op3_demo/data/mp3/Autonomous soccer mode.mp3
[61.282s] -- Installing: /home/certezas/robotis_ws/install/op3_demo/share/op3_demo/data/mp3/Start vision processing demonstration.mp3
[61.283s] -- Installing: /home/certezas/robotis_ws/install/op3_demo/share/op3_demo/data/mp3/Left kick.mp3
[61.283s] -- Installing: /home/certezas/robotis_ws/install/op3_demo/share/op3_demo/data/mp3/Bye bye.mp3
[61.283s] -- Installing: /home/certezas/robotis_ws/install/op3_demo/share/op3_demo/data/mp3/Sit down.mp3
[61.283s] -- Installing: /home/certezas/robotis_ws/install/op3_demo/share/op3_demo/data/mp3/Yes go.mp3
[61.283s] -- Installing: /home/certezas/robotis_ws/install/op3_demo/share/op3_demo/data/mp3/Start motion demonstration.mp3
[61.284s] -- Installing: /home/certezas/robotis_ws/install/op3_demo/share/op3_demo/data/mp3/Stand up.mp3
[61.309s] -- Installing: /home/certezas/robotis_ws/install/op3_demo/share/op3_demo/launch
[61.313s] -- Installing: /home/certezas/robotis_ws/install/op3_demo/share/op3_demo/launch/self_test.launch.xml
[61.349s] -- Installing: /home/certezas/robotis_ws/install/op3_demo/share/op3_demo/launch/demo.launch.xml
[61.349s] -- Installing: /home/certezas/robotis_ws/install/op3_demo/share/op3_demo/launch/face_detection_op3.launch.xml
[61.374s] -- Installing: /home/certezas/robotis_ws/install/op3_demo/share/op3_demo/list
[61.385s] -- Installing: /home/certezas/robotis_ws/install/op3_demo/share/op3_demo/list/action_script.yaml
[61.399s] -- Installing: /home/certezas/robotis_ws/install/op3_demo/share/op3_demo/list/action_script_bk.yaml
[61.399s] -- Installing: /home/certezas/robotis_ws/install/op3_demo/share/ament_index/resource_index/package_run_dependencies/op3_demo
[61.400s] -- Installing: /home/certezas/robotis_ws/install/op3_demo/share/ament_index/resource_index/parent_prefix_path/op3_demo
[61.400s] -- Installing: /home/certezas/robotis_ws/install/op3_demo/share/op3_demo/environment/ament_prefix_path.sh
[61.400s] -- Installing: /home/certezas/robotis_ws/install/op3_demo/share/op3_demo/environment/ament_prefix_path.dsv
[61.400s] -- Installing: /home/certezas/robotis_ws/install/op3_demo/share/op3_demo/environment/path.sh
[61.400s] -- Installing: /home/certezas/robotis_ws/install/op3_demo/share/op3_demo/environment/path.dsv
[61.400s] -- Installing: /home/certezas/robotis_ws/install/op3_demo/share/op3_demo/local_setup.bash
[61.400s] -- Installing: /home/certezas/robotis_ws/install/op3_demo/share/op3_demo/local_setup.sh
[61.400s] -- Installing: /home/certezas/robotis_ws/install/op3_demo/share/op3_demo/local_setup.zsh
[61.400s] -- Installing: /home/certezas/robotis_ws/install/op3_demo/share/op3_demo/local_setup.dsv
[61.400s] -- Installing: /home/certezas/robotis_ws/install/op3_demo/share/op3_demo/package.dsv
[61.401s] -- Installing: /home/certezas/robotis_ws/install/op3_demo/share/ament_index/resource_index/packages/op3_demo
[61.401s] -- Installing: /home/certezas/robotis_ws/install/op3_demo/share/op3_demo/cmake/op3_demoConfig.cmake
[61.401s] -- Installing: /home/certezas/robotis_ws/install/op3_demo/share/op3_demo/cmake/op3_demoConfig-version.cmake
[61.401s] -- Installing: /home/certezas/robotis_ws/install/op3_demo/share/op3_demo/package.xml
[61.403s] Invoked command in '/home/certezas/robotis_ws/build/op3_demo' returned '0': CMAKE_PREFIX_PATH=/home/certezas/robotis_ws/install/op3_manager:/home/certezas/robotis_ws/install/robotis_controller:/home/certezas/robotis_ws/install/open_cr_module:/home/certezas/robotis_ws/install/op3_walking_module:/home/certezas/robotis_ws/install/op3_tuning_module:/home/certezas/robotis_ws/install/op3_online_walking_module:/home/certezas/robotis_ws/install/op3_head_control_module:/home/certezas/robotis_ws/install/op3_direct_control_module:/home/certezas/robotis_ws/install/op3_base_module:/home/certezas/robotis_ws/install/op3_action_module:/home/certezas/robotis_ws/install/robotis_framework_common:/home/certezas/robotis_ws/install/robotis_device:/home/certezas/robotis_ws/install/op3_localization:/home/certezas/robotis_ws/install/op3_kinematics_dynamics:/home/certezas/robotis_ws/install/op3_camera_setting_tool:/home/certezas/robotis_ws/install/op3_balance_control:/home/certezas/robotis_ws/install/ros_madplay_player:/home/certezas/robotis_ws/install/robotis_math:/home/certezas/robotis_ws/install/robotis_controller_msgs:/home/certezas/robotis_ws/install/op3_web_setting_tool:/home/certezas/robotis_ws/install/op3_walking_module_msgs:/home/certezas/robotis_ws/install/op3_tuning_module_msgs:/home/certezas/robotis_ws/install/op3_online_walking_module_msgs:/home/certezas/robotis_ws/install/op3_camera_setting_tool_msgs:/home/certezas/robotis_ws/install/op3_ball_detector_msgs:/home/certezas/robotis_ws/install/op3_action_module_msgs:/home/certezas/robotis_ws/install/dynamixel_sdk:/home/certezas/robotis_ws/install/op3_action_editor:/home/certezas/robotis_ws/install/ros_mpg321_player:/home/certezas/robotis_ws/install/op3_demo:/home/certezas/robotis_ws/install/op3_read_write_demo:/home/certezas/robotis_ws/install/op3_bringup:/home/certezas/robotis_ws/install/op3_offset_tuner_server:/home/certezas/robotis_ws/install/op3_gui_demo:/home/certezas/robotis_ws/install/rf_gz_bridge:/home/certezas/robotis_ws/install/op3_webots_ros2:/home/certezas/robotis_ws/install/op3_tuner_client:/home/certezas/robotis_ws/install/op3_offset_tuner_client:/home/certezas/robotis_ws/install/op3_offset_tuner_msgs:/home/certezas/robotis_ws/install/op3_navigation:/home/certezas/robotis_ws/install/op3_gazebo_ros2:/home/certezas/robotis_ws/install/op3_description:/home/certezas/robotis_ws/install/dynamixel_sdk_examples:/home/certezas/robotis_ws/install/dynamixel_sdk_custom_interfaces:/opt/ros/humble LD_LIBRARY_PATH=/home/certezas/robotis_ws/install/robotis_controller/lib:/home/certezas/robotis_ws/install/open_cr_module/lib:/home/certezas/robotis_ws/install/op3_walking_module/lib:/home/certezas/robotis_ws/install/op3_online_walking_module/lib:/home/certezas/robotis_ws/install/op3_action_module/lib:/home/certezas/robotis_ws/install/robotis_device/lib:/home/certezas/robotis_ws/install/op3_kinematics_dynamics/lib:/home/certezas/robotis_ws/install/op3_balance_control/lib:/home/certezas/robotis_ws/install/robotis_controller_msgs/lib:/home/certezas/robotis_ws/install/op3_walking_module_msgs/lib:/home/certezas/robotis_ws/install/op3_tuning_module_msgs/lib:/home/certezas/robotis_ws/install/op3_online_walking_module_msgs/lib:/home/certezas/robotis_ws/install/op3_camera_setting_tool_msgs/lib:/home/certezas/robotis_ws/install/op3_ball_detector_msgs/lib:/home/certezas/robotis_ws/install/op3_action_module_msgs/lib:/home/certezas/robotis_ws/install/dynamixel_sdk/lib:/home/certezas/robotis_ws/install/op3_tuning_module/lib:/home/certezas/robotis_ws/install/op3_direct_control_module/lib:/home/certezas/robotis_ws/install/op3_base_module/lib:/home/certezas/robotis_ws/install/op3_head_control_module/lib:/home/certezas/robotis_ws/install/robotis_math/lib:/home/certezas/robotis_ws/install/op3_offset_tuner_msgs/lib:/home/certezas/robotis_ws/install/dynamixel_sdk_custom_interfaces/lib:/opt/ros/humble/opt/rviz_ogre_vendor/lib:/opt/ros/humble/lib/x86_64-linux-gnu:/opt/ros/humble/lib /usr/bin/cmake --install /home/certezas/robotis_ws/build/op3_demo
