[100%] Built target op3_localization
-- Install configuration: ""
-- Up-to-date: /home/certezas/robotis_ws/install/op3_localization/lib/op3_localization/op3_localization
-- Up-to-date: /home/certezas/robotis_ws/install/op3_localization/include/op3_localization
-- Up-to-date: /home/certezas/robotis_ws/install/op3_localization/include/op3_localization/op3_localization.h
-- Up-to-date: /home/certezas/robotis_ws/install/op3_localization/share/ament_index/resource_index/package_run_dependencies/op3_localization
-- Up-to-date: /home/certezas/robotis_ws/install/op3_localization/share/ament_index/resource_index/parent_prefix_path/op3_localization
-- Up-to-date: /home/certezas/robotis_ws/install/op3_localization/share/op3_localization/environment/ament_prefix_path.sh
-- Up-to-date: /home/certezas/robotis_ws/install/op3_localization/share/op3_localization/environment/ament_prefix_path.dsv
-- Up-to-date: /home/certezas/robotis_ws/install/op3_localization/share/op3_localization/environment/path.sh
-- Up-to-date: /home/certezas/robotis_ws/install/op3_localization/share/op3_localization/environment/path.dsv
-- Up-to-date: /home/certezas/robotis_ws/install/op3_localization/share/op3_localization/local_setup.bash
-- Up-to-date: /home/certezas/robotis_ws/install/op3_localization/share/op3_localization/local_setup.sh
-- Up-to-date: /home/certezas/robotis_ws/install/op3_localization/share/op3_localization/local_setup.zsh
-- Up-to-date: /home/certezas/robotis_ws/install/op3_localization/share/op3_localization/local_setup.dsv
-- Installing: /home/certezas/robotis_ws/install/op3_localization/share/op3_localization/package.dsv
-- Up-to-date: /home/certezas/robotis_ws/install/op3_localization/share/ament_index/resource_index/packages/op3_localization
-- Up-to-date: /home/certezas/robotis_ws/install/op3_localization/share/op3_localization/cmake/op3_localizationConfig.cmake
-- Up-to-date: /home/certezas/robotis_ws/install/op3_localization/share/op3_localization/cmake/op3_localizationConfig-version.cmake
-- Up-to-date: /home/certezas/robotis_ws/install/op3_localization/share/op3_localization/package.xml
