[0.767s] Invoking command in '/home/certezas/robotis_ws/build/op3_navigation': CMAKE_PREFIX_PATH=${CMAKE_PREFIX_PATH}:/opt/ros/humble /usr/bin/cmake --build /home/certezas/robotis_ws/build/op3_navigation -- -j12 -l12
[1.546s] Invoked command in '/home/certezas/robotis_ws/build/op3_navigation' returned '0': CMAKE_PREFIX_PATH=${CMAKE_PREFIX_PATH}:/opt/ros/humble /usr/bin/cmake --build /home/certezas/robotis_ws/build/op3_navigation -- -j12 -l12
[1.589s] Invoking command in '/home/certezas/robotis_ws/build/op3_navigation': CMAKE_PREFIX_PATH=${CMAKE_PREFIX_PATH}:/opt/ros/humble /usr/bin/cmake --install /home/certezas/robotis_ws/build/op3_navigation
[1.952s] -- Install configuration: ""
[1.952s] -- Up-to-date: /home/certezas/robotis_ws/install/op3_navigation/share/ament_index/resource_index/package_run_dependencies/op3_navigation
[1.952s] -- Up-to-date: /home/certezas/robotis_ws/install/op3_navigation/share/ament_index/resource_index/parent_prefix_path/op3_navigation
[1.952s] -- Up-to-date: /home/certezas/robotis_ws/install/op3_navigation/share/op3_navigation/environment/ament_prefix_path.sh
[1.952s] -- Up-to-date: /home/certezas/robotis_ws/install/op3_navigation/share/op3_navigation/environment/ament_prefix_path.dsv
[1.952s] -- Up-to-date: /home/certezas/robotis_ws/install/op3_navigation/share/op3_navigation/environment/path.sh
[1.952s] -- Up-to-date: /home/certezas/robotis_ws/install/op3_navigation/share/op3_navigation/environment/path.dsv
[1.952s] -- Up-to-date: /home/certezas/robotis_ws/install/op3_navigation/share/op3_navigation/local_setup.bash
[1.952s] -- Up-to-date: /home/certezas/robotis_ws/install/op3_navigation/share/op3_navigation/local_setup.sh
[1.952s] -- Up-to-date: /home/certezas/robotis_ws/install/op3_navigation/share/op3_navigation/local_setup.zsh
[1.953s] -- Up-to-date: /home/certezas/robotis_ws/install/op3_navigation/share/op3_navigation/local_setup.dsv
[1.953s] -- Installing: /home/certezas/robotis_ws/install/op3_navigation/share/op3_navigation/package.dsv
[1.953s] -- Up-to-date: /home/certezas/robotis_ws/install/op3_navigation/share/ament_index/resource_index/packages/op3_navigation
[1.953s] -- Up-to-date: /home/certezas/robotis_ws/install/op3_navigation/share/op3_navigation/cmake/op3_navigationConfig.cmake
[1.953s] -- Up-to-date: /home/certezas/robotis_ws/install/op3_navigation/share/op3_navigation/cmake/op3_navigationConfig-version.cmake
[1.953s] -- Up-to-date: /home/certezas/robotis_ws/install/op3_navigation/share/op3_navigation/package.xml
[1.953s] -- Up-to-date: /home/certezas/robotis_ws/install/op3_navigation/share/op3_navigation/config
[1.953s] -- Up-to-date: /home/certezas/robotis_ws/install/op3_navigation/share/op3_navigation/config/footsteps_thormang3.yaml
[1.953s] -- Up-to-date: /home/certezas/robotis_ws/install/op3_navigation/share/op3_navigation/config/navigation_params.yaml
[1.953s] -- Up-to-date: /home/certezas/robotis_ws/install/op3_navigation/share/op3_navigation/config/footsteps_robotis_op3.yaml
[1.953s] -- Up-to-date: /home/certezas/robotis_ws/install/op3_navigation/share/op3_navigation/config/planning_params.yaml
[1.953s] -- Up-to-date: /home/certezas/robotis_ws/install/op3_navigation/share/op3_navigation/config/planning_params_thormang3.yaml
[1.953s] -- Up-to-date: /home/certezas/robotis_ws/install/op3_navigation/share/op3_navigation/config/planning_params_robotis_op3.yaml
[1.953s] -- Up-to-date: /home/certezas/robotis_ws/install/op3_navigation/share/op3_navigation/launch
[1.953s] -- Up-to-date: /home/certezas/robotis_ws/install/op3_navigation/share/op3_navigation/launch/map_server_empty.launch.xml
[1.953s] -- Up-to-date: /home/certezas/robotis_ws/install/op3_navigation/share/op3_navigation/launch/op3_footstep_planner.launch.xml
[1.953s] -- Up-to-date: /home/certezas/robotis_ws/install/op3_navigation/share/op3_navigation/maps
[1.954s] -- Up-to-date: /home/certezas/robotis_ws/install/op3_navigation/share/op3_navigation/maps/empty.gif
[1.954s] -- Up-to-date: /home/certezas/robotis_ws/install/op3_navigation/share/op3_navigation/maps/nao_map.yaml
[1.954s] -- Up-to-date: /home/certezas/robotis_ws/install/op3_navigation/share/op3_navigation/maps/sample2.yaml
[1.954s] -- Up-to-date: /home/certezas/robotis_ws/install/op3_navigation/share/op3_navigation/maps/empty.yaml
[1.954s] -- Up-to-date: /home/certezas/robotis_ws/install/op3_navigation/share/op3_navigation/maps/nao_map.gif
[1.954s] -- Up-to-date: /home/certezas/robotis_ws/install/op3_navigation/share/op3_navigation/maps/sample.yaml
[1.954s] -- Up-to-date: /home/certezas/robotis_ws/install/op3_navigation/share/op3_navigation/maps/thor.yaml
[1.954s] -- Up-to-date: /home/certezas/robotis_ws/install/op3_navigation/share/op3_navigation/maps/sample.gif
[1.954s] -- Up-to-date: /home/certezas/robotis_ws/install/op3_navigation/share/op3_navigation/maps/sample2.gif
[1.954s] -- Up-to-date: /home/certezas/robotis_ws/install/op3_navigation/share/op3_navigation/maps/thor.gif
[2.050s] Invoked command in '/home/certezas/robotis_ws/build/op3_navigation' returned '0': CMAKE_PREFIX_PATH=${CMAKE_PREFIX_PATH}:/opt/ros/humble /usr/bin/cmake --install /home/certezas/robotis_ws/build/op3_navigation
