[0.111s] Invoking command in '/home/certezas/robotis_ws/build/op3_offset_tuner_msgs': CMAKE_PREFIX_PATH=${CMAKE_PREFIX_PATH}:/home/certezas/robotis_ws/install/op3_head_control_module:/opt/ros/humble /usr/bin/cmake /home/certezas/robotis_ws/src/ROBOTIS-OP3-msgs/op3_offset_tuner_msgs -DCMAKE_INSTALL_PREFIX=/home/certezas/robotis_ws/install/op3_offset_tuner_msgs
[1.863s] -- The C compiler identification is GNU 11.4.0
[1.864s] -- The CXX compiler identification is GNU 11.4.0
[1.864s] -- Detecting C compiler ABI info
[1.864s] -- Detecting C compiler ABI info - done
[1.864s] -- Check for working C compiler: /usr/bin/cc - skipped
[1.864s] -- Detecting C compile features
[1.864s] -- Detecting C compile features - done
[1.864s] -- Detecting CXX compiler ABI info
[1.864s] -- Detecting CXX compiler ABI info - done
[1.864s] -- Check for working CXX compiler: /usr/bin/c++ - skipped
[1.864s] -- Detecting CXX compile features
[1.865s] -- Detecting CXX compile features - done
[1.865s] -- Found ament_cmake: 1.3.11 (/opt/ros/humble/share/ament_cmake/cmake)
[1.865s] -- Found Python3: /usr/bin/python3 (found version "3.10.12") found components: Interpreter 
[1.865s] -- Found rosidl_default_generators: 1.2.0 (/opt/ros/humble/share/rosidl_default_generators/cmake)
[1.896s] -- Using all available rosidl_typesupport_c: rosidl_typesupport_fastrtps_c;rosidl_typesupport_introspection_c
[1.905s] -- Found rosidl_adapter: 3.1.6 (/opt/ros/humble/share/rosidl_adapter/cmake)
[1.992s] -- Using all available rosidl_typesupport_cpp: rosidl_typesupport_fastrtps_cpp;rosidl_typesupport_introspection_cpp
[2.253s] -- Found std_msgs: 4.8.0 (/opt/ros/humble/share/std_msgs/cmake)
[3.201s] -- Found ament_cmake_ros: 0.10.0 (/opt/ros/humble/share/ament_cmake_ros/cmake)
[4.274s] -- Using all available rosidl_typesupport_c: rosidl_typesupport_fastrtps_c;rosidl_typesupport_introspection_c
[5.030s] -- Using all available rosidl_typesupport_cpp: rosidl_typesupport_fastrtps_cpp;rosidl_typesupport_introspection_cpp
[5.063s] -- Found PythonInterp: /usr/bin/python3 (found suitable version "3.10.12", minimum required is "3.6") 
[5.186s] -- Found python_cmake_module: 0.10.0 (/opt/ros/humble/share/python_cmake_module/cmake)
[5.655s] -- Found PythonLibs: /usr/lib/x86_64-linux-gnu/libpython3.10.so (found suitable version "3.10.12", minimum required is "3.5") 
[5.668s] -- Using PYTHON_EXECUTABLE: /usr/bin/python3
[5.668s] -- Using PYTHON_INCLUDE_DIRS: /usr/include/python3.10
[5.668s] -- Using PYTHON_LIBRARIES: /usr/lib/x86_64-linux-gnu/libpython3.10.so
[5.697s] -- Found PythonExtra: .so  
[5.854s] -- Configuring done
[5.908s] -- Generating done
[5.977s] -- Build files have been written to: /home/certezas/robotis_ws/build/op3_offset_tuner_msgs
[5.991s] Invoked command in '/home/certezas/robotis_ws/build/op3_offset_tuner_msgs' returned '0': CMAKE_PREFIX_PATH=${CMAKE_PREFIX_PATH}:/home/certezas/robotis_ws/install/op3_head_control_module:/opt/ros/humble /usr/bin/cmake /home/certezas/robotis_ws/src/ROBOTIS-OP3-msgs/op3_offset_tuner_msgs -DCMAKE_INSTALL_PREFIX=/home/certezas/robotis_ws/install/op3_offset_tuner_msgs
[5.996s] Invoking command in '/home/certezas/robotis_ws/build/op3_offset_tuner_msgs': CMAKE_PREFIX_PATH=${CMAKE_PREFIX_PATH}:/home/certezas/robotis_ws/install/op3_head_control_module:/opt/ros/humble /usr/bin/cmake --build /home/certezas/robotis_ws/build/op3_offset_tuner_msgs -- -j12 -l12
[6.140s] [  1%] [34m[1mGenerating C code for ROS interfaces[0m
[6.140s] [  3%] [34m[1mGenerating C++ code for ROS interfaces[0m
[6.140s] [  3%] Built target ament_cmake_python_copy_op3_offset_tuner_msgs
[6.533s] running egg_info
[6.533s] creating op3_offset_tuner_msgs.egg-info
[6.533s] writing op3_offset_tuner_msgs.egg-info/PKG-INFO
[6.533s] writing dependency_links to op3_offset_tuner_msgs.egg-info/dependency_links.txt
[6.533s] writing top-level names to op3_offset_tuner_msgs.egg-info/top_level.txt
[6.533s] writing manifest file 'op3_offset_tuner_msgs.egg-info/SOURCES.txt'
[6.537s] reading manifest file 'op3_offset_tuner_msgs.egg-info/SOURCES.txt'
[6.538s] writing manifest file 'op3_offset_tuner_msgs.egg-info/SOURCES.txt'
[6.594s] [  3%] Built target ament_cmake_python_build_op3_offset_tuner_msgs_egg
[8.743s] [  4%] [32mBuilding C object CMakeFiles/op3_offset_tuner_msgs__rosidl_generator_c.dir/rosidl_generator_c/op3_offset_tuner_msgs/msg/detail/joint_offset_data__functions.c.o[0m
[8.753s] [  6%] [32mBuilding C object CMakeFiles/op3_offset_tuner_msgs__rosidl_generator_c.dir/rosidl_generator_c/op3_offset_tuner_msgs/msg/detail/joint_offset_position_data__functions.c.o[0m
[8.773s] [  7%] [32mBuilding C object CMakeFiles/op3_offset_tuner_msgs__rosidl_generator_c.dir/rosidl_generator_c/op3_offset_tuner_msgs/srv/detail/get_present_joint_offset_data__functions.c.o[0m
[8.790s] [  9%] [32mBuilding C object CMakeFiles/op3_offset_tuner_msgs__rosidl_generator_c.dir/rosidl_generator_c/op3_offset_tuner_msgs/msg/detail/joint_torque_on_off_array__functions.c.o[0m
[8.791s] [ 11%] [32mBuilding C object CMakeFiles/op3_offset_tuner_msgs__rosidl_generator_c.dir/rosidl_generator_c/op3_offset_tuner_msgs/msg/detail/joint_torque_on_off__functions.c.o[0m
[9.144s] [ 12%] [32m[1mLinking C shared library libop3_offset_tuner_msgs__rosidl_generator_c.so[0m
[9.170s] [ 12%] Built target op3_offset_tuner_msgs__cpp
[9.213s] [ 14%] [34m[1mGenerating C++ introspection for ROS interfaces[0m
[9.215s] [ 15%] [34m[1mGenerating C++ type support for eProsima Fast-RTPS[0m
[9.300s] [ 17%] [34m[1mGenerating C++ type support dispatch for ROS interfaces[0m
[9.341s] [ 17%] Built target op3_offset_tuner_msgs__rosidl_generator_c
[9.392s] [ 19%] [34m[1mGenerating C introspection for ROS interfaces[0m
[9.396s] [ 20%] [34m[1mGenerating C type support for eProsima Fast-RTPS[0m
[9.397s] [ 22%] [34m[1mGenerating C type support dispatch for ROS interfaces[0m
[12.190s] [ 23%] [32mBuilding CXX object CMakeFiles/op3_offset_tuner_msgs__rosidl_typesupport_cpp.dir/rosidl_typesupport_cpp/op3_offset_tuner_msgs/msg/joint_offset_data__type_support.cpp.o[0m
[12.209s] [ 25%] [32mBuilding CXX object CMakeFiles/op3_offset_tuner_msgs__rosidl_typesupport_cpp.dir/rosidl_typesupport_cpp/op3_offset_tuner_msgs/msg/joint_offset_position_data__type_support.cpp.o[0m
[12.238s] [ 26%] [32mBuilding CXX object CMakeFiles/op3_offset_tuner_msgs__rosidl_typesupport_cpp.dir/rosidl_typesupport_cpp/op3_offset_tuner_msgs/msg/joint_torque_on_off_array__type_support.cpp.o[0m
[12.267s] [ 28%] [32mBuilding CXX object CMakeFiles/op3_offset_tuner_msgs__rosidl_typesupport_cpp.dir/rosidl_typesupport_cpp/op3_offset_tuner_msgs/msg/joint_torque_on_off__type_support.cpp.o[0m
[12.308s] [ 30%] [32mBuilding CXX object CMakeFiles/op3_offset_tuner_msgs__rosidl_typesupport_cpp.dir/rosidl_typesupport_cpp/op3_offset_tuner_msgs/srv/get_present_joint_offset_data__type_support.cpp.o[0m
[12.393s] [ 31%] [32mBuilding CXX object CMakeFiles/op3_offset_tuner_msgs__rosidl_typesupport_c.dir/rosidl_typesupport_c/op3_offset_tuner_msgs/msg/joint_offset_data__type_support.cpp.o[0m
[12.448s] [ 33%] [32mBuilding CXX object CMakeFiles/op3_offset_tuner_msgs__rosidl_typesupport_c.dir/rosidl_typesupport_c/op3_offset_tuner_msgs/msg/joint_offset_position_data__type_support.cpp.o[0m
[12.464s] [ 34%] [32mBuilding CXX object CMakeFiles/op3_offset_tuner_msgs__rosidl_typesupport_c.dir/rosidl_typesupport_c/op3_offset_tuner_msgs/msg/joint_torque_on_off__type_support.cpp.o[0m
[12.555s] [ 36%] [32mBuilding CXX object CMakeFiles/op3_offset_tuner_msgs__rosidl_typesupport_introspection_cpp.dir/rosidl_typesupport_introspection_cpp/op3_offset_tuner_msgs/msg/detail/joint_offset_data__type_support.cpp.o[0m
[12.649s] [ 38%] [32mBuilding CXX object CMakeFiles/op3_offset_tuner_msgs__rosidl_typesupport_c.dir/rosidl_typesupport_c/op3_offset_tuner_msgs/srv/get_present_joint_offset_data__type_support.cpp.o[0m
[12.668s] [ 39%] [32mBuilding CXX object CMakeFiles/op3_offset_tuner_msgs__rosidl_typesupport_c.dir/rosidl_typesupport_c/op3_offset_tuner_msgs/msg/joint_torque_on_off_array__type_support.cpp.o[0m
[12.720s] [ 41%] [32mBuilding CXX object CMakeFiles/op3_offset_tuner_msgs__rosidl_typesupport_introspection_cpp.dir/rosidl_typesupport_introspection_cpp/op3_offset_tuner_msgs/msg/detail/joint_offset_position_data__type_support.cpp.o[0m
[12.855s] [ 42%] [32mBuilding CXX object CMakeFiles/op3_offset_tuner_msgs__rosidl_typesupport_introspection_cpp.dir/rosidl_typesupport_introspection_cpp/op3_offset_tuner_msgs/msg/detail/joint_torque_on_off__type_support.cpp.o[0m
[12.885s] [ 44%] [32m[1mLinking CXX shared library libop3_offset_tuner_msgs__rosidl_typesupport_c.so[0m
[13.089s] [ 46%] [32mBuilding CXX object CMakeFiles/op3_offset_tuner_msgs__rosidl_typesupport_introspection_cpp.dir/rosidl_typesupport_introspection_cpp/op3_offset_tuner_msgs/msg/detail/joint_torque_on_off_array__type_support.cpp.o[0m
[13.192s] [ 47%] [32mBuilding CXX object CMakeFiles/op3_offset_tuner_msgs__rosidl_typesupport_introspection_cpp.dir/rosidl_typesupport_introspection_cpp/op3_offset_tuner_msgs/srv/detail/get_present_joint_offset_data__type_support.cpp.o[0m
[13.341s] [ 47%] Built target op3_offset_tuner_msgs__rosidl_typesupport_c
[13.494s] [ 49%] [32mBuilding CXX object CMakeFiles/op3_offset_tuner_msgs__rosidl_typesupport_fastrtps_cpp.dir/rosidl_typesupport_fastrtps_cpp/op3_offset_tuner_msgs/msg/detail/dds_fastrtps/joint_offset_data__type_support.cpp.o[0m
[13.557s] [ 50%] [32mBuilding C object CMakeFiles/op3_offset_tuner_msgs__rosidl_typesupport_introspection_c.dir/rosidl_typesupport_introspection_c/op3_offset_tuner_msgs/msg/detail/joint_offset_data__type_support.c.o[0m
[13.639s] [ 52%] [32mBuilding CXX object CMakeFiles/op3_offset_tuner_msgs__rosidl_typesupport_fastrtps_cpp.dir/rosidl_typesupport_fastrtps_cpp/op3_offset_tuner_msgs/msg/detail/dds_fastrtps/joint_offset_position_data__type_support.cpp.o[0m
[13.694s] [ 53%] [32mBuilding CXX object CMakeFiles/op3_offset_tuner_msgs__rosidl_typesupport_fastrtps_cpp.dir/rosidl_typesupport_fastrtps_cpp/op3_offset_tuner_msgs/msg/detail/dds_fastrtps/joint_torque_on_off__type_support.cpp.o[0m
[13.747s] [ 55%] [32mBuilding C object CMakeFiles/op3_offset_tuner_msgs__rosidl_typesupport_introspection_c.dir/rosidl_typesupport_introspection_c/op3_offset_tuner_msgs/msg/detail/joint_offset_position_data__type_support.c.o[0m
[13.792s] [ 57%] [32mBuilding CXX object CMakeFiles/op3_offset_tuner_msgs__rosidl_typesupport_fastrtps_c.dir/rosidl_typesupport_fastrtps_c/op3_offset_tuner_msgs/msg/detail/joint_offset_data__type_support_c.cpp.o[0m
[14.017s] [ 58%] [32mBuilding CXX object CMakeFiles/op3_offset_tuner_msgs__rosidl_typesupport_fastrtps_cpp.dir/rosidl_typesupport_fastrtps_cpp/op3_offset_tuner_msgs/msg/detail/dds_fastrtps/joint_torque_on_off_array__type_support.cpp.o[0m
[14.195s] [ 60%] [32mBuilding C object CMakeFiles/op3_offset_tuner_msgs__rosidl_typesupport_introspection_c.dir/rosidl_typesupport_introspection_c/op3_offset_tuner_msgs/msg/detail/joint_torque_on_off__type_support.c.o[0m
[14.488s] [ 61%] [32mBuilding C object CMakeFiles/op3_offset_tuner_msgs__rosidl_typesupport_introspection_c.dir/rosidl_typesupport_introspection_c/op3_offset_tuner_msgs/msg/detail/joint_torque_on_off_array__type_support.c.o[0m
[14.702s] [ 63%] [32mBuilding C object CMakeFiles/op3_offset_tuner_msgs__rosidl_typesupport_introspection_c.dir/rosidl_typesupport_introspection_c/op3_offset_tuner_msgs/srv/detail/get_present_joint_offset_data__type_support.c.o[0m
[14.801s] [ 65%] [32m[1mLinking C shared library libop3_offset_tuner_msgs__rosidl_typesupport_introspection_c.so[0m
[14.862s] [ 65%] Built target op3_offset_tuner_msgs__rosidl_typesupport_introspection_c
[15.027s] [ 66%] [32m[1mLinking CXX shared library libop3_offset_tuner_msgs__rosidl_typesupport_cpp.so[0m
[15.162s] [ 66%] Built target op3_offset_tuner_msgs__rosidl_typesupport_cpp
[16.050s] [ 68%] [32mBuilding CXX object CMakeFiles/op3_offset_tuner_msgs__rosidl_typesupport_fastrtps_c.dir/rosidl_typesupport_fastrtps_c/op3_offset_tuner_msgs/msg/detail/joint_torque_on_off__type_support_c.cpp.o[0m
[16.746s] [ 69%] [32mBuilding CXX object CMakeFiles/op3_offset_tuner_msgs__rosidl_typesupport_fastrtps_c.dir/rosidl_typesupport_fastrtps_c/op3_offset_tuner_msgs/srv/detail/get_present_joint_offset_data__type_support_c.cpp.o[0m
[16.864s] [ 71%] [32m[1mLinking CXX shared library libop3_offset_tuner_msgs__rosidl_typesupport_introspection_cpp.so[0m
[17.179s] [ 73%] [32mBuilding CXX object CMakeFiles/op3_offset_tuner_msgs__rosidl_typesupport_fastrtps_cpp.dir/rosidl_typesupport_fastrtps_cpp/op3_offset_tuner_msgs/srv/detail/dds_fastrtps/get_present_joint_offset_data__type_support.cpp.o[0m
[17.187s] [ 73%] Built target op3_offset_tuner_msgs__rosidl_typesupport_introspection_cpp
[17.862s] [ 74%] [32mBuilding CXX object CMakeFiles/op3_offset_tuner_msgs__rosidl_typesupport_fastrtps_c.dir/rosidl_typesupport_fastrtps_c/op3_offset_tuner_msgs/msg/detail/joint_torque_on_off_array__type_support_c.cpp.o[0m
[18.534s] [ 76%] [32m[1mLinking CXX shared library libop3_offset_tuner_msgs__rosidl_typesupport_fastrtps_cpp.so[0m
[18.675s] [ 77%] [32mBuilding CXX object CMakeFiles/op3_offset_tuner_msgs__rosidl_typesupport_fastrtps_c.dir/rosidl_typesupport_fastrtps_c/op3_offset_tuner_msgs/msg/detail/joint_offset_position_data__type_support_c.cpp.o[0m
[18.700s] [ 77%] Built target op3_offset_tuner_msgs__rosidl_typesupport_fastrtps_cpp
[19.406s] [ 79%] [32m[1mLinking CXX shared library libop3_offset_tuner_msgs__rosidl_typesupport_fastrtps_c.so[0m
[19.602s] [ 79%] Built target op3_offset_tuner_msgs__rosidl_typesupport_fastrtps_c
[19.655s] [ 79%] Built target op3_offset_tuner_msgs
[19.713s] [ 80%] [34m[1mGenerating Python code for ROS interfaces[0m
[21.269s] [ 80%] Built target op3_offset_tuner_msgs__py
[21.315s] [ 82%] [32mBuilding C object CMakeFiles/op3_offset_tuner_msgs__rosidl_generator_py.dir/rosidl_generator_py/op3_offset_tuner_msgs/msg/_joint_offset_data_s.c.o[0m
[21.462s] [ 84%] [32mBuilding C object CMakeFiles/op3_offset_tuner_msgs__rosidl_generator_py.dir/rosidl_generator_py/op3_offset_tuner_msgs/srv/_get_present_joint_offset_data_s.c.o[0m
[21.615s] [ 85%] [32mBuilding C object CMakeFiles/op3_offset_tuner_msgs__rosidl_generator_py.dir/rosidl_generator_py/op3_offset_tuner_msgs/msg/_joint_torque_on_off_array_s.c.o[0m
[21.789s] [ 87%] [32mBuilding C object CMakeFiles/op3_offset_tuner_msgs__rosidl_generator_py.dir/rosidl_generator_py/op3_offset_tuner_msgs/msg/_joint_torque_on_off_s.c.o[0m
[21.976s] [ 88%] [32mBuilding C object CMakeFiles/op3_offset_tuner_msgs__rosidl_generator_py.dir/rosidl_generator_py/op3_offset_tuner_msgs/msg/_joint_offset_position_data_s.c.o[0m
[22.176s] [ 90%] [32m[1mLinking C shared library rosidl_generator_py/op3_offset_tuner_msgs/libop3_offset_tuner_msgs__rosidl_generator_py.so[0m
[22.255s] [ 90%] Built target op3_offset_tuner_msgs__rosidl_generator_py
[22.295s] [ 92%] [32mBuilding C object CMakeFiles/op3_offset_tuner_msgs__rosidl_typesupport_fastrtps_c__pyext.dir/rosidl_generator_py/op3_offset_tuner_msgs/_op3_offset_tuner_msgs_s.ep.rosidl_typesupport_fastrtps_c.c.o[0m
[22.470s] [ 93%] [32m[1mLinking C shared library rosidl_generator_py/op3_offset_tuner_msgs/op3_offset_tuner_msgs_s__rosidl_typesupport_fastrtps_c.cpython-310-x86_64-linux-gnu.so[0m
[22.536s] [ 93%] Built target op3_offset_tuner_msgs__rosidl_typesupport_fastrtps_c__pyext
[22.565s] [ 95%] [32mBuilding C object CMakeFiles/op3_offset_tuner_msgs__rosidl_typesupport_c__pyext.dir/rosidl_generator_py/op3_offset_tuner_msgs/_op3_offset_tuner_msgs_s.ep.rosidl_typesupport_c.c.o[0m
[22.756s] [ 96%] [32m[1mLinking C shared library rosidl_generator_py/op3_offset_tuner_msgs/op3_offset_tuner_msgs_s__rosidl_typesupport_c.cpython-310-x86_64-linux-gnu.so[0m
[22.807s] [ 96%] Built target op3_offset_tuner_msgs__rosidl_typesupport_c__pyext
[22.838s] [ 98%] [32mBuilding C object CMakeFiles/op3_offset_tuner_msgs__rosidl_typesupport_introspection_c__pyext.dir/rosidl_generator_py/op3_offset_tuner_msgs/_op3_offset_tuner_msgs_s.ep.rosidl_typesupport_introspection_c.c.o[0m
[23.004s] [100%] [32m[1mLinking C shared library rosidl_generator_py/op3_offset_tuner_msgs/op3_offset_tuner_msgs_s__rosidl_typesupport_introspection_c.cpython-310-x86_64-linux-gnu.so[0m
[23.068s] [100%] Built target op3_offset_tuner_msgs__rosidl_typesupport_introspection_c__pyext
[23.606s] Invoked command in '/home/certezas/robotis_ws/build/op3_offset_tuner_msgs' returned '0': CMAKE_PREFIX_PATH=${CMAKE_PREFIX_PATH}:/home/certezas/robotis_ws/install/op3_head_control_module:/opt/ros/humble /usr/bin/cmake --build /home/certezas/robotis_ws/build/op3_offset_tuner_msgs -- -j12 -l12
[23.623s] Invoking command in '/home/certezas/robotis_ws/build/op3_offset_tuner_msgs': CMAKE_PREFIX_PATH=${CMAKE_PREFIX_PATH}:/home/certezas/robotis_ws/install/op3_head_control_module:/opt/ros/humble /usr/bin/cmake --install /home/certezas/robotis_ws/build/op3_offset_tuner_msgs
[23.942s] -- Install configuration: ""
[23.942s] -- Installing: /home/certezas/robotis_ws/install/op3_offset_tuner_msgs/share/ament_index/resource_index/rosidl_interfaces/op3_offset_tuner_msgs
[23.943s] -- Installing: /home/certezas/robotis_ws/install/op3_offset_tuner_msgs/include/op3_offset_tuner_msgs/op3_offset_tuner_msgs
[23.943s] -- Installing: /home/certezas/robotis_ws/install/op3_offset_tuner_msgs/include/op3_offset_tuner_msgs/op3_offset_tuner_msgs/srv
[23.943s] -- Installing: /home/certezas/robotis_ws/install/op3_offset_tuner_msgs/include/op3_offset_tuner_msgs/op3_offset_tuner_msgs/srv/get_present_joint_offset_data.h
[23.943s] -- Installing: /home/certezas/robotis_ws/install/op3_offset_tuner_msgs/include/op3_offset_tuner_msgs/op3_offset_tuner_msgs/srv/detail
[23.943s] -- Installing: /home/certezas/robotis_ws/install/op3_offset_tuner_msgs/include/op3_offset_tuner_msgs/op3_offset_tuner_msgs/srv/detail/get_present_joint_offset_data__type_support.h
[23.943s] -- Installing: /home/certezas/robotis_ws/install/op3_offset_tuner_msgs/include/op3_offset_tuner_msgs/op3_offset_tuner_msgs/srv/detail/get_present_joint_offset_data__struct.h
[23.943s] -- Installing: /home/certezas/robotis_ws/install/op3_offset_tuner_msgs/include/op3_offset_tuner_msgs/op3_offset_tuner_msgs/srv/detail/get_present_joint_offset_data__functions.h
[23.943s] -- Installing: /home/certezas/robotis_ws/install/op3_offset_tuner_msgs/include/op3_offset_tuner_msgs/op3_offset_tuner_msgs/srv/detail/get_present_joint_offset_data__functions.c
[23.943s] -- Installing: /home/certezas/robotis_ws/install/op3_offset_tuner_msgs/include/op3_offset_tuner_msgs/op3_offset_tuner_msgs/msg
[23.943s] -- Installing: /home/certezas/robotis_ws/install/op3_offset_tuner_msgs/include/op3_offset_tuner_msgs/op3_offset_tuner_msgs/msg/rosidl_generator_c__visibility_control.h
[23.943s] -- Installing: /home/certezas/robotis_ws/install/op3_offset_tuner_msgs/include/op3_offset_tuner_msgs/op3_offset_tuner_msgs/msg/joint_torque_on_off_array.h
[23.943s] -- Installing: /home/certezas/robotis_ws/install/op3_offset_tuner_msgs/include/op3_offset_tuner_msgs/op3_offset_tuner_msgs/msg/joint_torque_on_off.h
[23.943s] -- Installing: /home/certezas/robotis_ws/install/op3_offset_tuner_msgs/include/op3_offset_tuner_msgs/op3_offset_tuner_msgs/msg/joint_offset_position_data.h
[23.944s] -- Installing: /home/certezas/robotis_ws/install/op3_offset_tuner_msgs/include/op3_offset_tuner_msgs/op3_offset_tuner_msgs/msg/joint_offset_data.h
[23.944s] -- Installing: /home/certezas/robotis_ws/install/op3_offset_tuner_msgs/include/op3_offset_tuner_msgs/op3_offset_tuner_msgs/msg/detail
[23.944s] -- Installing: /home/certezas/robotis_ws/install/op3_offset_tuner_msgs/include/op3_offset_tuner_msgs/op3_offset_tuner_msgs/msg/detail/joint_torque_on_off__functions.h
[23.944s] -- Installing: /home/certezas/robotis_ws/install/op3_offset_tuner_msgs/include/op3_offset_tuner_msgs/op3_offset_tuner_msgs/msg/detail/joint_offset_position_data__functions.c
[23.944s] -- Installing: /home/certezas/robotis_ws/install/op3_offset_tuner_msgs/include/op3_offset_tuner_msgs/op3_offset_tuner_msgs/msg/detail/joint_torque_on_off_array__functions.c
[23.944s] -- Installing: /home/certezas/robotis_ws/install/op3_offset_tuner_msgs/include/op3_offset_tuner_msgs/op3_offset_tuner_msgs/msg/detail/joint_offset_position_data__type_support.h
[23.944s] -- Installing: /home/certezas/robotis_ws/install/op3_offset_tuner_msgs/include/op3_offset_tuner_msgs/op3_offset_tuner_msgs/msg/detail/joint_torque_on_off_array__struct.h
[23.944s] -- Installing: /home/certezas/robotis_ws/install/op3_offset_tuner_msgs/include/op3_offset_tuner_msgs/op3_offset_tuner_msgs/msg/detail/joint_offset_data__functions.h
[23.944s] -- Installing: /home/certezas/robotis_ws/install/op3_offset_tuner_msgs/include/op3_offset_tuner_msgs/op3_offset_tuner_msgs/msg/detail/joint_torque_on_off_array__functions.h
[23.944s] -- Installing: /home/certezas/robotis_ws/install/op3_offset_tuner_msgs/include/op3_offset_tuner_msgs/op3_offset_tuner_msgs/msg/detail/joint_offset_data__functions.c
[23.944s] -- Installing: /home/certezas/robotis_ws/install/op3_offset_tuner_msgs/include/op3_offset_tuner_msgs/op3_offset_tuner_msgs/msg/detail/joint_torque_on_off_array__type_support.h
[23.947s] -- Installing: /home/certezas/robotis_ws/install/op3_offset_tuner_msgs/include/op3_offset_tuner_msgs/op3_offset_tuner_msgs/msg/detail/joint_offset_position_data__functions.h
[23.947s] -- Installing: /home/certezas/robotis_ws/install/op3_offset_tuner_msgs/include/op3_offset_tuner_msgs/op3_offset_tuner_msgs/msg/detail/joint_torque_on_off__functions.c
[23.948s] -- Installing: /home/certezas/robotis_ws/install/op3_offset_tuner_msgs/include/op3_offset_tuner_msgs/op3_offset_tuner_msgs/msg/detail/joint_torque_on_off__type_support.h
[23.948s] -- Installing: /home/certezas/robotis_ws/install/op3_offset_tuner_msgs/include/op3_offset_tuner_msgs/op3_offset_tuner_msgs/msg/detail/joint_offset_data__struct.h
[23.948s] -- Installing: /home/certezas/robotis_ws/install/op3_offset_tuner_msgs/include/op3_offset_tuner_msgs/op3_offset_tuner_msgs/msg/detail/joint_offset_data__type_support.h
[23.948s] -- Installing: /home/certezas/robotis_ws/install/op3_offset_tuner_msgs/include/op3_offset_tuner_msgs/op3_offset_tuner_msgs/msg/detail/joint_offset_position_data__struct.h
[23.948s] -- Installing: /home/certezas/robotis_ws/install/op3_offset_tuner_msgs/include/op3_offset_tuner_msgs/op3_offset_tuner_msgs/msg/detail/joint_torque_on_off__struct.h
[23.948s] -- Installing: /home/certezas/robotis_ws/install/op3_offset_tuner_msgs/share/op3_offset_tuner_msgs/environment/library_path.sh
[23.948s] -- Installing: /home/certezas/robotis_ws/install/op3_offset_tuner_msgs/share/op3_offset_tuner_msgs/environment/library_path.dsv
[23.948s] -- Installing: /home/certezas/robotis_ws/install/op3_offset_tuner_msgs/lib/libop3_offset_tuner_msgs__rosidl_generator_c.so
[23.948s] -- Set runtime path of "/home/certezas/robotis_ws/install/op3_offset_tuner_msgs/lib/libop3_offset_tuner_msgs__rosidl_generator_c.so" to ""
[23.948s] -- Up-to-date: /home/certezas/robotis_ws/install/op3_offset_tuner_msgs/include/op3_offset_tuner_msgs/op3_offset_tuner_msgs
[23.948s] -- Up-to-date: /home/certezas/robotis_ws/install/op3_offset_tuner_msgs/include/op3_offset_tuner_msgs/op3_offset_tuner_msgs/srv
[23.949s] -- Up-to-date: /home/certezas/robotis_ws/install/op3_offset_tuner_msgs/include/op3_offset_tuner_msgs/op3_offset_tuner_msgs/srv/detail
[23.949s] -- Installing: /home/certezas/robotis_ws/install/op3_offset_tuner_msgs/include/op3_offset_tuner_msgs/op3_offset_tuner_msgs/srv/detail/get_present_joint_offset_data__rosidl_typesupport_fastrtps_c.h
[23.949s] -- Up-to-date: /home/certezas/robotis_ws/install/op3_offset_tuner_msgs/include/op3_offset_tuner_msgs/op3_offset_tuner_msgs/msg
[23.949s] -- Up-to-date: /home/certezas/robotis_ws/install/op3_offset_tuner_msgs/include/op3_offset_tuner_msgs/op3_offset_tuner_msgs/msg/detail
[23.949s] -- Installing: /home/certezas/robotis_ws/install/op3_offset_tuner_msgs/include/op3_offset_tuner_msgs/op3_offset_tuner_msgs/msg/detail/joint_offset_data__rosidl_typesupport_fastrtps_c.h
[23.949s] -- Installing: /home/certezas/robotis_ws/install/op3_offset_tuner_msgs/include/op3_offset_tuner_msgs/op3_offset_tuner_msgs/msg/detail/joint_offset_position_data__rosidl_typesupport_fastrtps_c.h
[23.949s] -- Installing: /home/certezas/robotis_ws/install/op3_offset_tuner_msgs/include/op3_offset_tuner_msgs/op3_offset_tuner_msgs/msg/detail/joint_torque_on_off__rosidl_typesupport_fastrtps_c.h
[23.949s] -- Installing: /home/certezas/robotis_ws/install/op3_offset_tuner_msgs/include/op3_offset_tuner_msgs/op3_offset_tuner_msgs/msg/detail/joint_torque_on_off_array__rosidl_typesupport_fastrtps_c.h
[23.949s] -- Installing: /home/certezas/robotis_ws/install/op3_offset_tuner_msgs/include/op3_offset_tuner_msgs/op3_offset_tuner_msgs/msg/rosidl_typesupport_fastrtps_c__visibility_control.h
[23.949s] -- Installing: /home/certezas/robotis_ws/install/op3_offset_tuner_msgs/lib/libop3_offset_tuner_msgs__rosidl_typesupport_fastrtps_c.so
[23.949s] -- Set runtime path of "/home/certezas/robotis_ws/install/op3_offset_tuner_msgs/lib/libop3_offset_tuner_msgs__rosidl_typesupport_fastrtps_c.so" to ""
[23.950s] -- Up-to-date: /home/certezas/robotis_ws/install/op3_offset_tuner_msgs/include/op3_offset_tuner_msgs/op3_offset_tuner_msgs
[23.950s] -- Up-to-date: /home/certezas/robotis_ws/install/op3_offset_tuner_msgs/include/op3_offset_tuner_msgs/op3_offset_tuner_msgs/srv
[23.950s] -- Up-to-date: /home/certezas/robotis_ws/install/op3_offset_tuner_msgs/include/op3_offset_tuner_msgs/op3_offset_tuner_msgs/srv/detail
[23.950s] -- Installing: /home/certezas/robotis_ws/install/op3_offset_tuner_msgs/include/op3_offset_tuner_msgs/op3_offset_tuner_msgs/srv/detail/get_present_joint_offset_data__type_support.c
[23.950s] -- Installing: /home/certezas/robotis_ws/install/op3_offset_tuner_msgs/include/op3_offset_tuner_msgs/op3_offset_tuner_msgs/srv/detail/get_present_joint_offset_data__rosidl_typesupport_introspection_c.h
[23.950s] -- Up-to-date: /home/certezas/robotis_ws/install/op3_offset_tuner_msgs/include/op3_offset_tuner_msgs/op3_offset_tuner_msgs/msg
[23.950s] -- Installing: /home/certezas/robotis_ws/install/op3_offset_tuner_msgs/include/op3_offset_tuner_msgs/op3_offset_tuner_msgs/msg/rosidl_typesupport_introspection_c__visibility_control.h
[23.950s] -- Up-to-date: /home/certezas/robotis_ws/install/op3_offset_tuner_msgs/include/op3_offset_tuner_msgs/op3_offset_tuner_msgs/msg/detail
[23.950s] -- Installing: /home/certezas/robotis_ws/install/op3_offset_tuner_msgs/include/op3_offset_tuner_msgs/op3_offset_tuner_msgs/msg/detail/joint_offset_data__type_support.c
[23.950s] -- Installing: /home/certezas/robotis_ws/install/op3_offset_tuner_msgs/include/op3_offset_tuner_msgs/op3_offset_tuner_msgs/msg/detail/joint_offset_position_data__type_support.c
[23.950s] -- Installing: /home/certezas/robotis_ws/install/op3_offset_tuner_msgs/include/op3_offset_tuner_msgs/op3_offset_tuner_msgs/msg/detail/joint_torque_on_off__type_support.c
[23.951s] -- Installing: /home/certezas/robotis_ws/install/op3_offset_tuner_msgs/include/op3_offset_tuner_msgs/op3_offset_tuner_msgs/msg/detail/joint_torque_on_off__rosidl_typesupport_introspection_c.h
[23.951s] -- Installing: /home/certezas/robotis_ws/install/op3_offset_tuner_msgs/include/op3_offset_tuner_msgs/op3_offset_tuner_msgs/msg/detail/joint_offset_data__rosidl_typesupport_introspection_c.h
[23.951s] -- Installing: /home/certezas/robotis_ws/install/op3_offset_tuner_msgs/include/op3_offset_tuner_msgs/op3_offset_tuner_msgs/msg/detail/joint_torque_on_off_array__type_support.c
[23.951s] -- Installing: /home/certezas/robotis_ws/install/op3_offset_tuner_msgs/include/op3_offset_tuner_msgs/op3_offset_tuner_msgs/msg/detail/joint_offset_position_data__rosidl_typesupport_introspection_c.h
[23.951s] -- Installing: /home/certezas/robotis_ws/install/op3_offset_tuner_msgs/include/op3_offset_tuner_msgs/op3_offset_tuner_msgs/msg/detail/joint_torque_on_off_array__rosidl_typesupport_introspection_c.h
[23.951s] -- Installing: /home/certezas/robotis_ws/install/op3_offset_tuner_msgs/lib/libop3_offset_tuner_msgs__rosidl_typesupport_introspection_c.so
[23.953s] -- Set runtime path of "/home/certezas/robotis_ws/install/op3_offset_tuner_msgs/lib/libop3_offset_tuner_msgs__rosidl_typesupport_introspection_c.so" to ""
[23.953s] -- Installing: /home/certezas/robotis_ws/install/op3_offset_tuner_msgs/lib/libop3_offset_tuner_msgs__rosidl_typesupport_c.so
[23.953s] -- Set runtime path of "/home/certezas/robotis_ws/install/op3_offset_tuner_msgs/lib/libop3_offset_tuner_msgs__rosidl_typesupport_c.so" to ""
[23.954s] -- Up-to-date: /home/certezas/robotis_ws/install/op3_offset_tuner_msgs/include/op3_offset_tuner_msgs/op3_offset_tuner_msgs
[23.954s] -- Up-to-date: /home/certezas/robotis_ws/install/op3_offset_tuner_msgs/include/op3_offset_tuner_msgs/op3_offset_tuner_msgs/srv
[23.954s] -- Up-to-date: /home/certezas/robotis_ws/install/op3_offset_tuner_msgs/include/op3_offset_tuner_msgs/op3_offset_tuner_msgs/srv/detail
[23.954s] -- Installing: /home/certezas/robotis_ws/install/op3_offset_tuner_msgs/include/op3_offset_tuner_msgs/op3_offset_tuner_msgs/srv/detail/get_present_joint_offset_data__type_support.hpp
[23.954s] -- Installing: /home/certezas/robotis_ws/install/op3_offset_tuner_msgs/include/op3_offset_tuner_msgs/op3_offset_tuner_msgs/srv/detail/get_present_joint_offset_data__builder.hpp
[23.954s] -- Installing: /home/certezas/robotis_ws/install/op3_offset_tuner_msgs/include/op3_offset_tuner_msgs/op3_offset_tuner_msgs/srv/detail/get_present_joint_offset_data__struct.hpp
[23.954s] -- Installing: /home/certezas/robotis_ws/install/op3_offset_tuner_msgs/include/op3_offset_tuner_msgs/op3_offset_tuner_msgs/srv/detail/get_present_joint_offset_data__traits.hpp
[23.954s] -- Installing: /home/certezas/robotis_ws/install/op3_offset_tuner_msgs/include/op3_offset_tuner_msgs/op3_offset_tuner_msgs/srv/get_present_joint_offset_data.hpp
[23.954s] -- Up-to-date: /home/certezas/robotis_ws/install/op3_offset_tuner_msgs/include/op3_offset_tuner_msgs/op3_offset_tuner_msgs/msg
[23.954s] -- Installing: /home/certezas/robotis_ws/install/op3_offset_tuner_msgs/include/op3_offset_tuner_msgs/op3_offset_tuner_msgs/msg/joint_offset_data.hpp
[23.955s] -- Installing: /home/certezas/robotis_ws/install/op3_offset_tuner_msgs/include/op3_offset_tuner_msgs/op3_offset_tuner_msgs/msg/rosidl_generator_cpp__visibility_control.hpp
[23.955s] -- Installing: /home/certezas/robotis_ws/install/op3_offset_tuner_msgs/include/op3_offset_tuner_msgs/op3_offset_tuner_msgs/msg/joint_torque_on_off_array.hpp
[23.955s] -- Up-to-date: /home/certezas/robotis_ws/install/op3_offset_tuner_msgs/include/op3_offset_tuner_msgs/op3_offset_tuner_msgs/msg/detail
[23.955s] -- Installing: /home/certezas/robotis_ws/install/op3_offset_tuner_msgs/include/op3_offset_tuner_msgs/op3_offset_tuner_msgs/msg/detail/joint_torque_on_off_array__type_support.hpp
[23.955s] -- Installing: /home/certezas/robotis_ws/install/op3_offset_tuner_msgs/include/op3_offset_tuner_msgs/op3_offset_tuner_msgs/msg/detail/joint_offset_data__struct.hpp
[23.955s] -- Installing: /home/certezas/robotis_ws/install/op3_offset_tuner_msgs/include/op3_offset_tuner_msgs/op3_offset_tuner_msgs/msg/detail/joint_offset_position_data__builder.hpp
[23.955s] -- Installing: /home/certezas/robotis_ws/install/op3_offset_tuner_msgs/include/op3_offset_tuner_msgs/op3_offset_tuner_msgs/msg/detail/joint_torque_on_off__type_support.hpp
[23.955s] -- Installing: /home/certezas/robotis_ws/install/op3_offset_tuner_msgs/include/op3_offset_tuner_msgs/op3_offset_tuner_msgs/msg/detail/joint_torque_on_off__builder.hpp
[23.955s] -- Installing: /home/certezas/robotis_ws/install/op3_offset_tuner_msgs/include/op3_offset_tuner_msgs/op3_offset_tuner_msgs/msg/detail/joint_offset_position_data__struct.hpp
[23.955s] -- Installing: /home/certezas/robotis_ws/install/op3_offset_tuner_msgs/include/op3_offset_tuner_msgs/op3_offset_tuner_msgs/msg/detail/joint_offset_position_data__traits.hpp
[23.955s] -- Installing: /home/certezas/robotis_ws/install/op3_offset_tuner_msgs/include/op3_offset_tuner_msgs/op3_offset_tuner_msgs/msg/detail/joint_torque_on_off_array__struct.hpp
[23.955s] -- Installing: /home/certezas/robotis_ws/install/op3_offset_tuner_msgs/include/op3_offset_tuner_msgs/op3_offset_tuner_msgs/msg/detail/joint_offset_data__type_support.hpp
[23.956s] -- Installing: /home/certezas/robotis_ws/install/op3_offset_tuner_msgs/include/op3_offset_tuner_msgs/op3_offset_tuner_msgs/msg/detail/joint_torque_on_off_array__traits.hpp
[23.956s] -- Installing: /home/certezas/robotis_ws/install/op3_offset_tuner_msgs/include/op3_offset_tuner_msgs/op3_offset_tuner_msgs/msg/detail/joint_offset_position_data__type_support.hpp
[23.956s] -- Installing: /home/certezas/robotis_ws/install/op3_offset_tuner_msgs/include/op3_offset_tuner_msgs/op3_offset_tuner_msgs/msg/detail/joint_offset_data__traits.hpp
[23.956s] -- Installing: /home/certezas/robotis_ws/install/op3_offset_tuner_msgs/include/op3_offset_tuner_msgs/op3_offset_tuner_msgs/msg/detail/joint_torque_on_off__traits.hpp
[23.956s] -- Installing: /home/certezas/robotis_ws/install/op3_offset_tuner_msgs/include/op3_offset_tuner_msgs/op3_offset_tuner_msgs/msg/detail/joint_offset_data__builder.hpp
[23.956s] -- Installing: /home/certezas/robotis_ws/install/op3_offset_tuner_msgs/include/op3_offset_tuner_msgs/op3_offset_tuner_msgs/msg/detail/joint_torque_on_off__struct.hpp
[23.956s] -- Installing: /home/certezas/robotis_ws/install/op3_offset_tuner_msgs/include/op3_offset_tuner_msgs/op3_offset_tuner_msgs/msg/detail/joint_torque_on_off_array__builder.hpp
[23.956s] -- Installing: /home/certezas/robotis_ws/install/op3_offset_tuner_msgs/include/op3_offset_tuner_msgs/op3_offset_tuner_msgs/msg/joint_offset_position_data.hpp
[23.956s] -- Installing: /home/certezas/robotis_ws/install/op3_offset_tuner_msgs/include/op3_offset_tuner_msgs/op3_offset_tuner_msgs/msg/joint_torque_on_off.hpp
[23.956s] -- Up-to-date: /home/certezas/robotis_ws/install/op3_offset_tuner_msgs/include/op3_offset_tuner_msgs/op3_offset_tuner_msgs
[23.956s] -- Up-to-date: /home/certezas/robotis_ws/install/op3_offset_tuner_msgs/include/op3_offset_tuner_msgs/op3_offset_tuner_msgs/srv
[23.957s] -- Up-to-date: /home/certezas/robotis_ws/install/op3_offset_tuner_msgs/include/op3_offset_tuner_msgs/op3_offset_tuner_msgs/srv/detail
[23.957s] -- Installing: /home/certezas/robotis_ws/install/op3_offset_tuner_msgs/include/op3_offset_tuner_msgs/op3_offset_tuner_msgs/srv/detail/dds_fastrtps
[23.957s] -- Installing: /home/certezas/robotis_ws/install/op3_offset_tuner_msgs/include/op3_offset_tuner_msgs/op3_offset_tuner_msgs/srv/detail/get_present_joint_offset_data__rosidl_typesupport_fastrtps_cpp.hpp
[23.957s] -- Up-to-date: /home/certezas/robotis_ws/install/op3_offset_tuner_msgs/include/op3_offset_tuner_msgs/op3_offset_tuner_msgs/msg
[23.957s] -- Installing: /home/certezas/robotis_ws/install/op3_offset_tuner_msgs/include/op3_offset_tuner_msgs/op3_offset_tuner_msgs/msg/rosidl_typesupport_fastrtps_cpp__visibility_control.h
[23.957s] -- Up-to-date: /home/certezas/robotis_ws/install/op3_offset_tuner_msgs/include/op3_offset_tuner_msgs/op3_offset_tuner_msgs/msg/detail
[23.957s] -- Installing: /home/certezas/robotis_ws/install/op3_offset_tuner_msgs/include/op3_offset_tuner_msgs/op3_offset_tuner_msgs/msg/detail/dds_fastrtps
[23.957s] -- Installing: /home/certezas/robotis_ws/install/op3_offset_tuner_msgs/include/op3_offset_tuner_msgs/op3_offset_tuner_msgs/msg/detail/joint_offset_position_data__rosidl_typesupport_fastrtps_cpp.hpp
[23.957s] -- Installing: /home/certezas/robotis_ws/install/op3_offset_tuner_msgs/include/op3_offset_tuner_msgs/op3_offset_tuner_msgs/msg/detail/joint_torque_on_off__rosidl_typesupport_fastrtps_cpp.hpp
[23.957s] -- Installing: /home/certezas/robotis_ws/install/op3_offset_tuner_msgs/include/op3_offset_tuner_msgs/op3_offset_tuner_msgs/msg/detail/joint_offset_data__rosidl_typesupport_fastrtps_cpp.hpp
[23.957s] -- Installing: /home/certezas/robotis_ws/install/op3_offset_tuner_msgs/include/op3_offset_tuner_msgs/op3_offset_tuner_msgs/msg/detail/joint_torque_on_off_array__rosidl_typesupport_fastrtps_cpp.hpp
[23.958s] -- Installing: /home/certezas/robotis_ws/install/op3_offset_tuner_msgs/lib/libop3_offset_tuner_msgs__rosidl_typesupport_fastrtps_cpp.so
[23.958s] -- Set runtime path of "/home/certezas/robotis_ws/install/op3_offset_tuner_msgs/lib/libop3_offset_tuner_msgs__rosidl_typesupport_fastrtps_cpp.so" to ""
[23.958s] -- Up-to-date: /home/certezas/robotis_ws/install/op3_offset_tuner_msgs/include/op3_offset_tuner_msgs/op3_offset_tuner_msgs
[23.958s] -- Up-to-date: /home/certezas/robotis_ws/install/op3_offset_tuner_msgs/include/op3_offset_tuner_msgs/op3_offset_tuner_msgs/srv
[23.958s] -- Up-to-date: /home/certezas/robotis_ws/install/op3_offset_tuner_msgs/include/op3_offset_tuner_msgs/op3_offset_tuner_msgs/srv/detail
[23.958s] -- Installing: /home/certezas/robotis_ws/install/op3_offset_tuner_msgs/include/op3_offset_tuner_msgs/op3_offset_tuner_msgs/srv/detail/get_present_joint_offset_data__rosidl_typesupport_introspection_cpp.hpp
[23.958s] -- Installing: /home/certezas/robotis_ws/install/op3_offset_tuner_msgs/include/op3_offset_tuner_msgs/op3_offset_tuner_msgs/srv/detail/get_present_joint_offset_data__type_support.cpp
[23.958s] -- Up-to-date: /home/certezas/robotis_ws/install/op3_offset_tuner_msgs/include/op3_offset_tuner_msgs/op3_offset_tuner_msgs/msg
[23.958s] -- Up-to-date: /home/certezas/robotis_ws/install/op3_offset_tuner_msgs/include/op3_offset_tuner_msgs/op3_offset_tuner_msgs/msg/detail
[23.958s] -- Installing: /home/certezas/robotis_ws/install/op3_offset_tuner_msgs/include/op3_offset_tuner_msgs/op3_offset_tuner_msgs/msg/detail/joint_torque_on_off__rosidl_typesupport_introspection_cpp.hpp
[23.958s] -- Installing: /home/certezas/robotis_ws/install/op3_offset_tuner_msgs/include/op3_offset_tuner_msgs/op3_offset_tuner_msgs/msg/detail/joint_offset_data__rosidl_typesupport_introspection_cpp.hpp
[23.959s] -- Installing: /home/certezas/robotis_ws/install/op3_offset_tuner_msgs/include/op3_offset_tuner_msgs/op3_offset_tuner_msgs/msg/detail/joint_offset_position_data__rosidl_typesupport_introspection_cpp.hpp
[23.959s] -- Installing: /home/certezas/robotis_ws/install/op3_offset_tuner_msgs/include/op3_offset_tuner_msgs/op3_offset_tuner_msgs/msg/detail/joint_torque_on_off__type_support.cpp
[23.959s] -- Installing: /home/certezas/robotis_ws/install/op3_offset_tuner_msgs/include/op3_offset_tuner_msgs/op3_offset_tuner_msgs/msg/detail/joint_torque_on_off_array__type_support.cpp
[23.959s] -- Installing: /home/certezas/robotis_ws/install/op3_offset_tuner_msgs/include/op3_offset_tuner_msgs/op3_offset_tuner_msgs/msg/detail/joint_offset_data__type_support.cpp
[23.959s] -- Installing: /home/certezas/robotis_ws/install/op3_offset_tuner_msgs/include/op3_offset_tuner_msgs/op3_offset_tuner_msgs/msg/detail/joint_torque_on_off_array__rosidl_typesupport_introspection_cpp.hpp
[23.959s] -- Installing: /home/certezas/robotis_ws/install/op3_offset_tuner_msgs/include/op3_offset_tuner_msgs/op3_offset_tuner_msgs/msg/detail/joint_offset_position_data__type_support.cpp
[23.959s] -- Installing: /home/certezas/robotis_ws/install/op3_offset_tuner_msgs/lib/libop3_offset_tuner_msgs__rosidl_typesupport_introspection_cpp.so
[23.959s] -- Set runtime path of "/home/certezas/robotis_ws/install/op3_offset_tuner_msgs/lib/libop3_offset_tuner_msgs__rosidl_typesupport_introspection_cpp.so" to ""
[23.959s] -- Installing: /home/certezas/robotis_ws/install/op3_offset_tuner_msgs/lib/libop3_offset_tuner_msgs__rosidl_typesupport_cpp.so
[23.959s] -- Set runtime path of "/home/certezas/robotis_ws/install/op3_offset_tuner_msgs/lib/libop3_offset_tuner_msgs__rosidl_typesupport_cpp.so" to ""
[23.959s] -- Installing: /home/certezas/robotis_ws/install/op3_offset_tuner_msgs/share/op3_offset_tuner_msgs/environment/pythonpath.sh
[23.960s] -- Installing: /home/certezas/robotis_ws/install/op3_offset_tuner_msgs/share/op3_offset_tuner_msgs/environment/pythonpath.dsv
[23.960s] -- Installing: /home/certezas/robotis_ws/install/op3_offset_tuner_msgs/local/lib/python3.10/dist-packages/op3_offset_tuner_msgs-0.1.1-py3.10.egg-info
[23.960s] -- Installing: /home/certezas/robotis_ws/install/op3_offset_tuner_msgs/local/lib/python3.10/dist-packages/op3_offset_tuner_msgs-0.1.1-py3.10.egg-info/PKG-INFO
[23.960s] -- Installing: /home/certezas/robotis_ws/install/op3_offset_tuner_msgs/local/lib/python3.10/dist-packages/op3_offset_tuner_msgs-0.1.1-py3.10.egg-info/dependency_links.txt
[23.960s] -- Installing: /home/certezas/robotis_ws/install/op3_offset_tuner_msgs/local/lib/python3.10/dist-packages/op3_offset_tuner_msgs-0.1.1-py3.10.egg-info/top_level.txt
[23.960s] -- Installing: /home/certezas/robotis_ws/install/op3_offset_tuner_msgs/local/lib/python3.10/dist-packages/op3_offset_tuner_msgs-0.1.1-py3.10.egg-info/SOURCES.txt
[23.960s] -- Installing: /home/certezas/robotis_ws/install/op3_offset_tuner_msgs/local/lib/python3.10/dist-packages/op3_offset_tuner_msgs
[23.960s] -- Installing: /home/certezas/robotis_ws/install/op3_offset_tuner_msgs/local/lib/python3.10/dist-packages/op3_offset_tuner_msgs/libop3_offset_tuner_msgs__rosidl_generator_py.so
[23.960s] -- Installing: /home/certezas/robotis_ws/install/op3_offset_tuner_msgs/local/lib/python3.10/dist-packages/op3_offset_tuner_msgs/op3_offset_tuner_msgs_s__rosidl_typesupport_introspection_c.cpython-310-x86_64-linux-gnu.so
[23.960s] -- Installing: /home/certezas/robotis_ws/install/op3_offset_tuner_msgs/local/lib/python3.10/dist-packages/op3_offset_tuner_msgs/op3_offset_tuner_msgs_s__rosidl_typesupport_fastrtps_c.cpython-310-x86_64-linux-gnu.so
[23.960s] -- Installing: /home/certezas/robotis_ws/install/op3_offset_tuner_msgs/local/lib/python3.10/dist-packages/op3_offset_tuner_msgs/__init__.py
[23.961s] -- Installing: /home/certezas/robotis_ws/install/op3_offset_tuner_msgs/local/lib/python3.10/dist-packages/op3_offset_tuner_msgs/_op3_offset_tuner_msgs_s.ep.rosidl_typesupport_introspection_c.c
[23.961s] -- Installing: /home/certezas/robotis_ws/install/op3_offset_tuner_msgs/local/lib/python3.10/dist-packages/op3_offset_tuner_msgs/srv
[23.961s] -- Installing: /home/certezas/robotis_ws/install/op3_offset_tuner_msgs/local/lib/python3.10/dist-packages/op3_offset_tuner_msgs/srv/__init__.py
[23.961s] -- Installing: /home/certezas/robotis_ws/install/op3_offset_tuner_msgs/local/lib/python3.10/dist-packages/op3_offset_tuner_msgs/srv/_get_present_joint_offset_data.py
[23.961s] -- Installing: /home/certezas/robotis_ws/install/op3_offset_tuner_msgs/local/lib/python3.10/dist-packages/op3_offset_tuner_msgs/srv/_get_present_joint_offset_data_s.c
[23.961s] -- Installing: /home/certezas/robotis_ws/install/op3_offset_tuner_msgs/local/lib/python3.10/dist-packages/op3_offset_tuner_msgs/op3_offset_tuner_msgs_s__rosidl_typesupport_c.cpython-310-x86_64-linux-gnu.so
[23.961s] -- Installing: /home/certezas/robotis_ws/install/op3_offset_tuner_msgs/local/lib/python3.10/dist-packages/op3_offset_tuner_msgs/_op3_offset_tuner_msgs_s.ep.rosidl_typesupport_fastrtps_c.c
[23.961s] -- Installing: /home/certezas/robotis_ws/install/op3_offset_tuner_msgs/local/lib/python3.10/dist-packages/op3_offset_tuner_msgs/_op3_offset_tuner_msgs_s.ep.rosidl_typesupport_c.c
[23.961s] -- Installing: /home/certezas/robotis_ws/install/op3_offset_tuner_msgs/local/lib/python3.10/dist-packages/op3_offset_tuner_msgs/msg
[23.961s] -- Installing: /home/certezas/robotis_ws/install/op3_offset_tuner_msgs/local/lib/python3.10/dist-packages/op3_offset_tuner_msgs/msg/_joint_torque_on_off_array_s.c
[23.961s] -- Installing: /home/certezas/robotis_ws/install/op3_offset_tuner_msgs/local/lib/python3.10/dist-packages/op3_offset_tuner_msgs/msg/_joint_offset_data.py
[23.962s] -- Installing: /home/certezas/robotis_ws/install/op3_offset_tuner_msgs/local/lib/python3.10/dist-packages/op3_offset_tuner_msgs/msg/_joint_offset_position_data_s.c
[23.962s] -- Installing: /home/certezas/robotis_ws/install/op3_offset_tuner_msgs/local/lib/python3.10/dist-packages/op3_offset_tuner_msgs/msg/__init__.py
[23.962s] -- Installing: /home/certezas/robotis_ws/install/op3_offset_tuner_msgs/local/lib/python3.10/dist-packages/op3_offset_tuner_msgs/msg/_joint_torque_on_off_s.c
[23.962s] -- Installing: /home/certezas/robotis_ws/install/op3_offset_tuner_msgs/local/lib/python3.10/dist-packages/op3_offset_tuner_msgs/msg/_joint_torque_on_off_array.py
[23.962s] -- Installing: /home/certezas/robotis_ws/install/op3_offset_tuner_msgs/local/lib/python3.10/dist-packages/op3_offset_tuner_msgs/msg/_joint_offset_position_data.py
[23.962s] -- Installing: /home/certezas/robotis_ws/install/op3_offset_tuner_msgs/local/lib/python3.10/dist-packages/op3_offset_tuner_msgs/msg/_joint_offset_data_s.c
[23.962s] -- Installing: /home/certezas/robotis_ws/install/op3_offset_tuner_msgs/local/lib/python3.10/dist-packages/op3_offset_tuner_msgs/msg/_joint_torque_on_off.py
[24.012s] Listing '/home/certezas/robotis_ws/install/op3_offset_tuner_msgs/local/lib/python3.10/dist-packages/op3_offset_tuner_msgs'...
[24.012s] Compiling '/home/certezas/robotis_ws/install/op3_offset_tuner_msgs/local/lib/python3.10/dist-packages/op3_offset_tuner_msgs/__init__.py'...
[24.012s] Listing '/home/certezas/robotis_ws/install/op3_offset_tuner_msgs/local/lib/python3.10/dist-packages/op3_offset_tuner_msgs/msg'...
[24.012s] Compiling '/home/certezas/robotis_ws/install/op3_offset_tuner_msgs/local/lib/python3.10/dist-packages/op3_offset_tuner_msgs/msg/__init__.py'...
[24.013s] Compiling '/home/certezas/robotis_ws/install/op3_offset_tuner_msgs/local/lib/python3.10/dist-packages/op3_offset_tuner_msgs/msg/_joint_offset_data.py'...
[24.013s] Compiling '/home/certezas/robotis_ws/install/op3_offset_tuner_msgs/local/lib/python3.10/dist-packages/op3_offset_tuner_msgs/msg/_joint_offset_position_data.py'...
[24.013s] Compiling '/home/certezas/robotis_ws/install/op3_offset_tuner_msgs/local/lib/python3.10/dist-packages/op3_offset_tuner_msgs/msg/_joint_torque_on_off.py'...
[24.013s] Compiling '/home/certezas/robotis_ws/install/op3_offset_tuner_msgs/local/lib/python3.10/dist-packages/op3_offset_tuner_msgs/msg/_joint_torque_on_off_array.py'...
[24.013s] Listing '/home/certezas/robotis_ws/install/op3_offset_tuner_msgs/local/lib/python3.10/dist-packages/op3_offset_tuner_msgs/srv'...
[24.013s] Compiling '/home/certezas/robotis_ws/install/op3_offset_tuner_msgs/local/lib/python3.10/dist-packages/op3_offset_tuner_msgs/srv/__init__.py'...
[24.013s] Compiling '/home/certezas/robotis_ws/install/op3_offset_tuner_msgs/local/lib/python3.10/dist-packages/op3_offset_tuner_msgs/srv/_get_present_joint_offset_data.py'...
[24.019s] -- Installing: /home/certezas/robotis_ws/install/op3_offset_tuner_msgs/local/lib/python3.10/dist-packages/op3_offset_tuner_msgs/op3_offset_tuner_msgs_s__rosidl_typesupport_fastrtps_c.cpython-310-x86_64-linux-gnu.so
[24.019s] -- Set runtime path of "/home/certezas/robotis_ws/install/op3_offset_tuner_msgs/local/lib/python3.10/dist-packages/op3_offset_tuner_msgs/op3_offset_tuner_msgs_s__rosidl_typesupport_fastrtps_c.cpython-310-x86_64-linux-gnu.so" to ""
[24.020s] -- Installing: /home/certezas/robotis_ws/install/op3_offset_tuner_msgs/local/lib/python3.10/dist-packages/op3_offset_tuner_msgs/op3_offset_tuner_msgs_s__rosidl_typesupport_introspection_c.cpython-310-x86_64-linux-gnu.so
[24.020s] -- Set runtime path of "/home/certezas/robotis_ws/install/op3_offset_tuner_msgs/local/lib/python3.10/dist-packages/op3_offset_tuner_msgs/op3_offset_tuner_msgs_s__rosidl_typesupport_introspection_c.cpython-310-x86_64-linux-gnu.so" to ""
[24.020s] -- Installing: /home/certezas/robotis_ws/install/op3_offset_tuner_msgs/local/lib/python3.10/dist-packages/op3_offset_tuner_msgs/op3_offset_tuner_msgs_s__rosidl_typesupport_c.cpython-310-x86_64-linux-gnu.so
[24.021s] -- Set runtime path of "/home/certezas/robotis_ws/install/op3_offset_tuner_msgs/local/lib/python3.10/dist-packages/op3_offset_tuner_msgs/op3_offset_tuner_msgs_s__rosidl_typesupport_c.cpython-310-x86_64-linux-gnu.so" to ""
[24.021s] -- Installing: /home/certezas/robotis_ws/install/op3_offset_tuner_msgs/lib/libop3_offset_tuner_msgs__rosidl_generator_py.so
[24.021s] -- Set runtime path of "/home/certezas/robotis_ws/install/op3_offset_tuner_msgs/lib/libop3_offset_tuner_msgs__rosidl_generator_py.so" to ""
[24.021s] -- Installing: /home/certezas/robotis_ws/install/op3_offset_tuner_msgs/share/op3_offset_tuner_msgs/msg/JointOffsetData.idl
[24.021s] -- Installing: /home/certezas/robotis_ws/install/op3_offset_tuner_msgs/share/op3_offset_tuner_msgs/msg/JointOffsetPositionData.idl
[24.021s] -- Installing: /home/certezas/robotis_ws/install/op3_offset_tuner_msgs/share/op3_offset_tuner_msgs/msg/JointTorqueOnOff.idl
[24.022s] -- Installing: /home/certezas/robotis_ws/install/op3_offset_tuner_msgs/share/op3_offset_tuner_msgs/msg/JointTorqueOnOffArray.idl
[24.022s] -- Installing: /home/certezas/robotis_ws/install/op3_offset_tuner_msgs/share/op3_offset_tuner_msgs/srv/GetPresentJointOffsetData.idl
[24.022s] -- Installing: /home/certezas/robotis_ws/install/op3_offset_tuner_msgs/share/op3_offset_tuner_msgs/msg/JointOffsetData.msg
[24.022s] -- Installing: /home/certezas/robotis_ws/install/op3_offset_tuner_msgs/share/op3_offset_tuner_msgs/msg/JointOffsetPositionData.msg
[24.022s] -- Installing: /home/certezas/robotis_ws/install/op3_offset_tuner_msgs/share/op3_offset_tuner_msgs/msg/JointTorqueOnOff.msg
[24.022s] -- Installing: /home/certezas/robotis_ws/install/op3_offset_tuner_msgs/share/op3_offset_tuner_msgs/msg/JointTorqueOnOffArray.msg
[24.023s] -- Installing: /home/certezas/robotis_ws/install/op3_offset_tuner_msgs/share/op3_offset_tuner_msgs/srv/GetPresentJointOffsetData.srv
[24.023s] -- Installing: /home/certezas/robotis_ws/install/op3_offset_tuner_msgs/share/op3_offset_tuner_msgs/srv/GetPresentJointOffsetData_Request.msg
[24.023s] -- Installing: /home/certezas/robotis_ws/install/op3_offset_tuner_msgs/share/op3_offset_tuner_msgs/srv/GetPresentJointOffsetData_Response.msg
[24.023s] -- Installing: /home/certezas/robotis_ws/install/op3_offset_tuner_msgs/share/ament_index/resource_index/package_run_dependencies/op3_offset_tuner_msgs
[24.023s] -- Installing: /home/certezas/robotis_ws/install/op3_offset_tuner_msgs/share/ament_index/resource_index/parent_prefix_path/op3_offset_tuner_msgs
[24.023s] -- Installing: /home/certezas/robotis_ws/install/op3_offset_tuner_msgs/share/op3_offset_tuner_msgs/environment/ament_prefix_path.sh
[24.024s] -- Installing: /home/certezas/robotis_ws/install/op3_offset_tuner_msgs/share/op3_offset_tuner_msgs/environment/ament_prefix_path.dsv
[24.024s] -- Installing: /home/certezas/robotis_ws/install/op3_offset_tuner_msgs/share/op3_offset_tuner_msgs/environment/path.sh
[24.024s] -- Installing: /home/certezas/robotis_ws/install/op3_offset_tuner_msgs/share/op3_offset_tuner_msgs/environment/path.dsv
[24.024s] -- Installing: /home/certezas/robotis_ws/install/op3_offset_tuner_msgs/share/op3_offset_tuner_msgs/local_setup.bash
[24.024s] -- Installing: /home/certezas/robotis_ws/install/op3_offset_tuner_msgs/share/op3_offset_tuner_msgs/local_setup.sh
[24.024s] -- Installing: /home/certezas/robotis_ws/install/op3_offset_tuner_msgs/share/op3_offset_tuner_msgs/local_setup.zsh
[24.025s] -- Installing: /home/certezas/robotis_ws/install/op3_offset_tuner_msgs/share/op3_offset_tuner_msgs/local_setup.dsv
[24.025s] -- Installing: /home/certezas/robotis_ws/install/op3_offset_tuner_msgs/share/op3_offset_tuner_msgs/package.dsv
[24.025s] -- Installing: /home/certezas/robotis_ws/install/op3_offset_tuner_msgs/share/ament_index/resource_index/packages/op3_offset_tuner_msgs
[24.025s] -- Installing: /home/certezas/robotis_ws/install/op3_offset_tuner_msgs/share/op3_offset_tuner_msgs/cmake/export_op3_offset_tuner_msgs__rosidl_generator_cExport.cmake
[24.025s] -- Installing: /home/certezas/robotis_ws/install/op3_offset_tuner_msgs/share/op3_offset_tuner_msgs/cmake/export_op3_offset_tuner_msgs__rosidl_generator_cExport-noconfig.cmake
[24.026s] -- Installing: /home/certezas/robotis_ws/install/op3_offset_tuner_msgs/share/op3_offset_tuner_msgs/cmake/export_op3_offset_tuner_msgs__rosidl_typesupport_fastrtps_cExport.cmake
[24.026s] -- Installing: /home/certezas/robotis_ws/install/op3_offset_tuner_msgs/share/op3_offset_tuner_msgs/cmake/export_op3_offset_tuner_msgs__rosidl_typesupport_fastrtps_cExport-noconfig.cmake
[24.026s] -- Installing: /home/certezas/robotis_ws/install/op3_offset_tuner_msgs/share/op3_offset_tuner_msgs/cmake/op3_offset_tuner_msgs__rosidl_typesupport_introspection_cExport.cmake
[24.026s] -- Installing: /home/certezas/robotis_ws/install/op3_offset_tuner_msgs/share/op3_offset_tuner_msgs/cmake/op3_offset_tuner_msgs__rosidl_typesupport_introspection_cExport-noconfig.cmake
[24.026s] -- Installing: /home/certezas/robotis_ws/install/op3_offset_tuner_msgs/share/op3_offset_tuner_msgs/cmake/op3_offset_tuner_msgs__rosidl_typesupport_cExport.cmake
[24.027s] -- Installing: /home/certezas/robotis_ws/install/op3_offset_tuner_msgs/share/op3_offset_tuner_msgs/cmake/op3_offset_tuner_msgs__rosidl_typesupport_cExport-noconfig.cmake
[24.027s] -- Installing: /home/certezas/robotis_ws/install/op3_offset_tuner_msgs/share/op3_offset_tuner_msgs/cmake/export_op3_offset_tuner_msgs__rosidl_generator_cppExport.cmake
[24.027s] -- Installing: /home/certezas/robotis_ws/install/op3_offset_tuner_msgs/share/op3_offset_tuner_msgs/cmake/export_op3_offset_tuner_msgs__rosidl_typesupport_fastrtps_cppExport.cmake
[24.027s] -- Installing: /home/certezas/robotis_ws/install/op3_offset_tuner_msgs/share/op3_offset_tuner_msgs/cmake/export_op3_offset_tuner_msgs__rosidl_typesupport_fastrtps_cppExport-noconfig.cmake
[24.027s] -- Installing: /home/certezas/robotis_ws/install/op3_offset_tuner_msgs/share/op3_offset_tuner_msgs/cmake/op3_offset_tuner_msgs__rosidl_typesupport_introspection_cppExport.cmake
[24.027s] -- Installing: /home/certezas/robotis_ws/install/op3_offset_tuner_msgs/share/op3_offset_tuner_msgs/cmake/op3_offset_tuner_msgs__rosidl_typesupport_introspection_cppExport-noconfig.cmake
[24.027s] -- Installing: /home/certezas/robotis_ws/install/op3_offset_tuner_msgs/share/op3_offset_tuner_msgs/cmake/op3_offset_tuner_msgs__rosidl_typesupport_cppExport.cmake
[24.028s] -- Installing: /home/certezas/robotis_ws/install/op3_offset_tuner_msgs/share/op3_offset_tuner_msgs/cmake/op3_offset_tuner_msgs__rosidl_typesupport_cppExport-noconfig.cmake
[24.028s] -- Installing: /home/certezas/robotis_ws/install/op3_offset_tuner_msgs/share/op3_offset_tuner_msgs/cmake/export_op3_offset_tuner_msgs__rosidl_generator_pyExport.cmake
[24.028s] -- Installing: /home/certezas/robotis_ws/install/op3_offset_tuner_msgs/share/op3_offset_tuner_msgs/cmake/export_op3_offset_tuner_msgs__rosidl_generator_pyExport-noconfig.cmake
[24.028s] -- Installing: /home/certezas/robotis_ws/install/op3_offset_tuner_msgs/share/op3_offset_tuner_msgs/cmake/rosidl_cmake-extras.cmake
[24.028s] -- Installing: /home/certezas/robotis_ws/install/op3_offset_tuner_msgs/share/op3_offset_tuner_msgs/cmake/ament_cmake_export_dependencies-extras.cmake
[24.028s] -- Installing: /home/certezas/robotis_ws/install/op3_offset_tuner_msgs/share/op3_offset_tuner_msgs/cmake/ament_cmake_export_include_directories-extras.cmake
[24.029s] -- Installing: /home/certezas/robotis_ws/install/op3_offset_tuner_msgs/share/op3_offset_tuner_msgs/cmake/ament_cmake_export_libraries-extras.cmake
[24.029s] -- Installing: /home/certezas/robotis_ws/install/op3_offset_tuner_msgs/share/op3_offset_tuner_msgs/cmake/ament_cmake_export_targets-extras.cmake
[24.029s] -- Installing: /home/certezas/robotis_ws/install/op3_offset_tuner_msgs/share/op3_offset_tuner_msgs/cmake/rosidl_cmake_export_typesupport_targets-extras.cmake
[24.029s] -- Installing: /home/certezas/robotis_ws/install/op3_offset_tuner_msgs/share/op3_offset_tuner_msgs/cmake/rosidl_cmake_export_typesupport_libraries-extras.cmake
[24.029s] -- Installing: /home/certezas/robotis_ws/install/op3_offset_tuner_msgs/share/op3_offset_tuner_msgs/cmake/op3_offset_tuner_msgsConfig.cmake
[24.029s] -- Installing: /home/certezas/robotis_ws/install/op3_offset_tuner_msgs/share/op3_offset_tuner_msgs/cmake/op3_offset_tuner_msgsConfig-version.cmake
[24.030s] -- Installing: /home/certezas/robotis_ws/install/op3_offset_tuner_msgs/share/op3_offset_tuner_msgs/package.xml
[24.039s] Invoked command in '/home/certezas/robotis_ws/build/op3_offset_tuner_msgs' returned '0': CMAKE_PREFIX_PATH=${CMAKE_PREFIX_PATH}:/home/certezas/robotis_ws/install/op3_head_control_module:/opt/ros/humble /usr/bin/cmake --install /home/certezas/robotis_ws/build/op3_offset_tuner_msgs
