[0.403s] Invoking command in '/home/certezas/robotis_ws/build/op3_camera_setting_tool_msgs': CMAKE_PREFIX_PATH=${CMAKE_PREFIX_PATH}:/opt/ros/humble /usr/bin/cmake --build /home/certezas/robotis_ws/build/op3_camera_setting_tool_msgs -- -j12 -l12
[2.098s] [ 11%] Built target op3_camera_setting_tool_msgs__rosidl_generator_c
[2.174s] [ 12%] Built target op3_camera_setting_tool_msgs__cpp
[2.364s] [ 23%] Built target op3_camera_setting_tool_msgs__rosidl_typesupport_introspection_c
[2.381s] [ 34%] Built target op3_camera_setting_tool_msgs__rosidl_typesupport_fastrtps_c
[2.488s] [ 46%] Built target op3_camera_setting_tool_msgs__rosidl_typesupport_c
[2.615s] [ 57%] Built target op3_camera_setting_tool_msgs__rosidl_typesupport_fastrtps_cpp
[2.717s] [ 68%] Built target op3_camera_setting_tool_msgs__rosidl_typesupport_cpp
[2.762s] [ 79%] Built target op3_camera_setting_tool_msgs__rosidl_typesupport_introspection_cpp
[2.895s] [ 79%] Built target op3_camera_setting_tool_msgs
[3.384s] [ 80%] Built target op3_camera_setting_tool_msgs__py
[4.631s] [ 90%] Built target op3_camera_setting_tool_msgs__rosidl_generator_py
[4.854s] [ 93%] Built target op3_camera_setting_tool_msgs__rosidl_typesupport_fastrtps_c__pyext
[4.855s] [ 96%] Built target op3_camera_setting_tool_msgs__rosidl_typesupport_introspection_c__pyext
[4.910s] [100%] Built target op3_camera_setting_tool_msgs__rosidl_typesupport_c__pyext
[5.371s] [100%] Built target ament_cmake_python_copy_op3_camera_setting_tool_msgs
[5.982s] running egg_info
[5.983s] writing op3_camera_setting_tool_msgs.egg-info/PKG-INFO
[5.983s] writing dependency_links to op3_camera_setting_tool_msgs.egg-info/dependency_links.txt
[5.984s] writing top-level names to op3_camera_setting_tool_msgs.egg-info/top_level.txt
[5.991s] reading manifest file 'op3_camera_setting_tool_msgs.egg-info/SOURCES.txt'
[6.278s] writing manifest file 'op3_camera_setting_tool_msgs.egg-info/SOURCES.txt'
[6.314s] [100%] Built target ament_cmake_python_build_op3_camera_setting_tool_msgs_egg
[7.250s] Invoked command in '/home/certezas/robotis_ws/build/op3_camera_setting_tool_msgs' returned '0': CMAKE_PREFIX_PATH=${CMAKE_PREFIX_PATH}:/opt/ros/humble /usr/bin/cmake --build /home/certezas/robotis_ws/build/op3_camera_setting_tool_msgs -- -j12 -l12
[7.386s] Invoking command in '/home/certezas/robotis_ws/build/op3_camera_setting_tool_msgs': CMAKE_PREFIX_PATH=${CMAKE_PREFIX_PATH}:/opt/ros/humble /usr/bin/cmake --install /home/certezas/robotis_ws/build/op3_camera_setting_tool_msgs
[7.604s] -- Install configuration: ""
[7.604s] -- Up-to-date: /home/certezas/robotis_ws/install/op3_camera_setting_tool_msgs/share/ament_index/resource_index/rosidl_interfaces/op3_camera_setting_tool_msgs
[7.604s] -- Up-to-date: /home/certezas/robotis_ws/install/op3_camera_setting_tool_msgs/include/op3_camera_setting_tool_msgs/op3_camera_setting_tool_msgs
[7.604s] -- Up-to-date: /home/certezas/robotis_ws/install/op3_camera_setting_tool_msgs/include/op3_camera_setting_tool_msgs/op3_camera_setting_tool_msgs/srv
[7.604s] -- Up-to-date: /home/certezas/robotis_ws/install/op3_camera_setting_tool_msgs/include/op3_camera_setting_tool_msgs/op3_camera_setting_tool_msgs/srv/get_parameters.h
[7.604s] -- Up-to-date: /home/certezas/robotis_ws/install/op3_camera_setting_tool_msgs/include/op3_camera_setting_tool_msgs/op3_camera_setting_tool_msgs/srv/set_parameters.h
[7.604s] -- Up-to-date: /home/certezas/robotis_ws/install/op3_camera_setting_tool_msgs/include/op3_camera_setting_tool_msgs/op3_camera_setting_tool_msgs/srv/detail
[7.604s] -- Up-to-date: /home/certezas/robotis_ws/install/op3_camera_setting_tool_msgs/include/op3_camera_setting_tool_msgs/op3_camera_setting_tool_msgs/srv/detail/set_parameters__struct.h
[7.604s] -- Up-to-date: /home/certezas/robotis_ws/install/op3_camera_setting_tool_msgs/include/op3_camera_setting_tool_msgs/op3_camera_setting_tool_msgs/srv/detail/set_parameters__type_support.h
[7.604s] -- Up-to-date: /home/certezas/robotis_ws/install/op3_camera_setting_tool_msgs/include/op3_camera_setting_tool_msgs/op3_camera_setting_tool_msgs/srv/detail/get_parameters__functions.c
[7.604s] -- Up-to-date: /home/certezas/robotis_ws/install/op3_camera_setting_tool_msgs/include/op3_camera_setting_tool_msgs/op3_camera_setting_tool_msgs/srv/detail/set_parameters__functions.h
[7.604s] -- Up-to-date: /home/certezas/robotis_ws/install/op3_camera_setting_tool_msgs/include/op3_camera_setting_tool_msgs/op3_camera_setting_tool_msgs/srv/detail/get_parameters__type_support.h
[7.604s] -- Up-to-date: /home/certezas/robotis_ws/install/op3_camera_setting_tool_msgs/include/op3_camera_setting_tool_msgs/op3_camera_setting_tool_msgs/srv/detail/set_parameters__functions.c
[7.605s] -- Up-to-date: /home/certezas/robotis_ws/install/op3_camera_setting_tool_msgs/include/op3_camera_setting_tool_msgs/op3_camera_setting_tool_msgs/srv/detail/get_parameters__struct.h
[7.605s] -- Up-to-date: /home/certezas/robotis_ws/install/op3_camera_setting_tool_msgs/include/op3_camera_setting_tool_msgs/op3_camera_setting_tool_msgs/srv/detail/get_parameters__functions.h
[7.605s] -- Up-to-date: /home/certezas/robotis_ws/install/op3_camera_setting_tool_msgs/include/op3_camera_setting_tool_msgs/op3_camera_setting_tool_msgs/msg
[7.605s] -- Up-to-date: /home/certezas/robotis_ws/install/op3_camera_setting_tool_msgs/include/op3_camera_setting_tool_msgs/op3_camera_setting_tool_msgs/msg/rosidl_generator_c__visibility_control.h
[7.605s] -- Up-to-date: /home/certezas/robotis_ws/install/op3_camera_setting_tool_msgs/include/op3_camera_setting_tool_msgs/op3_camera_setting_tool_msgs/msg/v4l_parameter.h
[7.605s] -- Up-to-date: /home/certezas/robotis_ws/install/op3_camera_setting_tool_msgs/include/op3_camera_setting_tool_msgs/op3_camera_setting_tool_msgs/msg/v4l_parameters.h
[7.605s] -- Up-to-date: /home/certezas/robotis_ws/install/op3_camera_setting_tool_msgs/include/op3_camera_setting_tool_msgs/op3_camera_setting_tool_msgs/msg/camera_params.h
[7.605s] -- Up-to-date: /home/certezas/robotis_ws/install/op3_camera_setting_tool_msgs/include/op3_camera_setting_tool_msgs/op3_camera_setting_tool_msgs/msg/detail
[7.605s] -- Up-to-date: /home/certezas/robotis_ws/install/op3_camera_setting_tool_msgs/include/op3_camera_setting_tool_msgs/op3_camera_setting_tool_msgs/msg/detail/camera_params__functions.c
[7.605s] -- Up-to-date: /home/certezas/robotis_ws/install/op3_camera_setting_tool_msgs/include/op3_camera_setting_tool_msgs/op3_camera_setting_tool_msgs/msg/detail/camera_params__functions.h
[7.606s] -- Up-to-date: /home/certezas/robotis_ws/install/op3_camera_setting_tool_msgs/include/op3_camera_setting_tool_msgs/op3_camera_setting_tool_msgs/msg/detail/v4l_parameters__functions.h
[7.606s] -- Up-to-date: /home/certezas/robotis_ws/install/op3_camera_setting_tool_msgs/include/op3_camera_setting_tool_msgs/op3_camera_setting_tool_msgs/msg/detail/v4l_parameters__struct.h
[7.606s] -- Up-to-date: /home/certezas/robotis_ws/install/op3_camera_setting_tool_msgs/include/op3_camera_setting_tool_msgs/op3_camera_setting_tool_msgs/msg/detail/v4l_parameters__type_support.h
[7.606s] -- Up-to-date: /home/certezas/robotis_ws/install/op3_camera_setting_tool_msgs/include/op3_camera_setting_tool_msgs/op3_camera_setting_tool_msgs/msg/detail/v4l_parameter__functions.c
[7.606s] -- Up-to-date: /home/certezas/robotis_ws/install/op3_camera_setting_tool_msgs/include/op3_camera_setting_tool_msgs/op3_camera_setting_tool_msgs/msg/detail/camera_params__struct.h
[7.606s] -- Up-to-date: /home/certezas/robotis_ws/install/op3_camera_setting_tool_msgs/include/op3_camera_setting_tool_msgs/op3_camera_setting_tool_msgs/msg/detail/v4l_parameter__type_support.h
[7.606s] -- Up-to-date: /home/certezas/robotis_ws/install/op3_camera_setting_tool_msgs/include/op3_camera_setting_tool_msgs/op3_camera_setting_tool_msgs/msg/detail/camera_params__type_support.h
[7.606s] -- Up-to-date: /home/certezas/robotis_ws/install/op3_camera_setting_tool_msgs/include/op3_camera_setting_tool_msgs/op3_camera_setting_tool_msgs/msg/detail/v4l_parameter__struct.h
[7.606s] -- Up-to-date: /home/certezas/robotis_ws/install/op3_camera_setting_tool_msgs/include/op3_camera_setting_tool_msgs/op3_camera_setting_tool_msgs/msg/detail/v4l_parameters__functions.c
[7.606s] -- Up-to-date: /home/certezas/robotis_ws/install/op3_camera_setting_tool_msgs/include/op3_camera_setting_tool_msgs/op3_camera_setting_tool_msgs/msg/detail/v4l_parameter__functions.h
[7.606s] -- Up-to-date: /home/certezas/robotis_ws/install/op3_camera_setting_tool_msgs/share/op3_camera_setting_tool_msgs/environment/library_path.sh
[7.606s] -- Up-to-date: /home/certezas/robotis_ws/install/op3_camera_setting_tool_msgs/share/op3_camera_setting_tool_msgs/environment/library_path.dsv
[7.606s] -- Up-to-date: /home/certezas/robotis_ws/install/op3_camera_setting_tool_msgs/lib/libop3_camera_setting_tool_msgs__rosidl_generator_c.so
[7.606s] -- Up-to-date: /home/certezas/robotis_ws/install/op3_camera_setting_tool_msgs/include/op3_camera_setting_tool_msgs/op3_camera_setting_tool_msgs
[7.606s] -- Up-to-date: /home/certezas/robotis_ws/install/op3_camera_setting_tool_msgs/include/op3_camera_setting_tool_msgs/op3_camera_setting_tool_msgs/srv
[7.606s] -- Up-to-date: /home/certezas/robotis_ws/install/op3_camera_setting_tool_msgs/include/op3_camera_setting_tool_msgs/op3_camera_setting_tool_msgs/srv/detail
[7.606s] -- Up-to-date: /home/certezas/robotis_ws/install/op3_camera_setting_tool_msgs/include/op3_camera_setting_tool_msgs/op3_camera_setting_tool_msgs/srv/detail/get_parameters__rosidl_typesupport_fastrtps_c.h
[7.606s] -- Up-to-date: /home/certezas/robotis_ws/install/op3_camera_setting_tool_msgs/include/op3_camera_setting_tool_msgs/op3_camera_setting_tool_msgs/srv/detail/set_parameters__rosidl_typesupport_fastrtps_c.h
[7.607s] -- Up-to-date: /home/certezas/robotis_ws/install/op3_camera_setting_tool_msgs/include/op3_camera_setting_tool_msgs/op3_camera_setting_tool_msgs/msg
[7.607s] -- Up-to-date: /home/certezas/robotis_ws/install/op3_camera_setting_tool_msgs/include/op3_camera_setting_tool_msgs/op3_camera_setting_tool_msgs/msg/detail
[7.607s] -- Up-to-date: /home/certezas/robotis_ws/install/op3_camera_setting_tool_msgs/include/op3_camera_setting_tool_msgs/op3_camera_setting_tool_msgs/msg/detail/v4l_parameters__rosidl_typesupport_fastrtps_c.h
[7.607s] -- Up-to-date: /home/certezas/robotis_ws/install/op3_camera_setting_tool_msgs/include/op3_camera_setting_tool_msgs/op3_camera_setting_tool_msgs/msg/detail/v4l_parameter__rosidl_typesupport_fastrtps_c.h
[7.607s] -- Up-to-date: /home/certezas/robotis_ws/install/op3_camera_setting_tool_msgs/include/op3_camera_setting_tool_msgs/op3_camera_setting_tool_msgs/msg/detail/camera_params__rosidl_typesupport_fastrtps_c.h
[7.607s] -- Up-to-date: /home/certezas/robotis_ws/install/op3_camera_setting_tool_msgs/include/op3_camera_setting_tool_msgs/op3_camera_setting_tool_msgs/msg/rosidl_typesupport_fastrtps_c__visibility_control.h
[7.607s] -- Up-to-date: /home/certezas/robotis_ws/install/op3_camera_setting_tool_msgs/lib/libop3_camera_setting_tool_msgs__rosidl_typesupport_fastrtps_c.so
[7.610s] -- Up-to-date: /home/certezas/robotis_ws/install/op3_camera_setting_tool_msgs/include/op3_camera_setting_tool_msgs/op3_camera_setting_tool_msgs
[7.611s] -- Up-to-date: /home/certezas/robotis_ws/install/op3_camera_setting_tool_msgs/include/op3_camera_setting_tool_msgs/op3_camera_setting_tool_msgs/srv
[7.611s] -- Up-to-date: /home/certezas/robotis_ws/install/op3_camera_setting_tool_msgs/include/op3_camera_setting_tool_msgs/op3_camera_setting_tool_msgs/srv/set_parameters.hpp
[7.611s] -- Up-to-date: /home/certezas/robotis_ws/install/op3_camera_setting_tool_msgs/include/op3_camera_setting_tool_msgs/op3_camera_setting_tool_msgs/srv/get_parameters.hpp
[7.611s] -- Up-to-date: /home/certezas/robotis_ws/install/op3_camera_setting_tool_msgs/include/op3_camera_setting_tool_msgs/op3_camera_setting_tool_msgs/srv/detail
[7.611s] -- Up-to-date: /home/certezas/robotis_ws/install/op3_camera_setting_tool_msgs/include/op3_camera_setting_tool_msgs/op3_camera_setting_tool_msgs/srv/detail/get_parameters__struct.hpp
[7.611s] -- Up-to-date: /home/certezas/robotis_ws/install/op3_camera_setting_tool_msgs/include/op3_camera_setting_tool_msgs/op3_camera_setting_tool_msgs/srv/detail/set_parameters__type_support.hpp
[7.611s] -- Up-to-date: /home/certezas/robotis_ws/install/op3_camera_setting_tool_msgs/include/op3_camera_setting_tool_msgs/op3_camera_setting_tool_msgs/srv/detail/get_parameters__builder.hpp
[7.611s] -- Up-to-date: /home/certezas/robotis_ws/install/op3_camera_setting_tool_msgs/include/op3_camera_setting_tool_msgs/op3_camera_setting_tool_msgs/srv/detail/set_parameters__traits.hpp
[7.611s] -- Up-to-date: /home/certezas/robotis_ws/install/op3_camera_setting_tool_msgs/include/op3_camera_setting_tool_msgs/op3_camera_setting_tool_msgs/srv/detail/get_parameters__type_support.hpp
[7.611s] -- Up-to-date: /home/certezas/robotis_ws/install/op3_camera_setting_tool_msgs/include/op3_camera_setting_tool_msgs/op3_camera_setting_tool_msgs/srv/detail/get_parameters__traits.hpp
[7.611s] -- Up-to-date: /home/certezas/robotis_ws/install/op3_camera_setting_tool_msgs/include/op3_camera_setting_tool_msgs/op3_camera_setting_tool_msgs/srv/detail/set_parameters__struct.hpp
[7.611s] -- Up-to-date: /home/certezas/robotis_ws/install/op3_camera_setting_tool_msgs/include/op3_camera_setting_tool_msgs/op3_camera_setting_tool_msgs/srv/detail/set_parameters__builder.hpp
[7.611s] -- Up-to-date: /home/certezas/robotis_ws/install/op3_camera_setting_tool_msgs/include/op3_camera_setting_tool_msgs/op3_camera_setting_tool_msgs/msg
[7.611s] -- Up-to-date: /home/certezas/robotis_ws/install/op3_camera_setting_tool_msgs/include/op3_camera_setting_tool_msgs/op3_camera_setting_tool_msgs/msg/camera_params.hpp
[7.611s] -- Up-to-date: /home/certezas/robotis_ws/install/op3_camera_setting_tool_msgs/include/op3_camera_setting_tool_msgs/op3_camera_setting_tool_msgs/msg/v4l_parameter.hpp
[7.611s] -- Up-to-date: /home/certezas/robotis_ws/install/op3_camera_setting_tool_msgs/include/op3_camera_setting_tool_msgs/op3_camera_setting_tool_msgs/msg/v4l_parameters.hpp
[7.611s] -- Up-to-date: /home/certezas/robotis_ws/install/op3_camera_setting_tool_msgs/include/op3_camera_setting_tool_msgs/op3_camera_setting_tool_msgs/msg/rosidl_generator_cpp__visibility_control.hpp
[7.611s] -- Up-to-date: /home/certezas/robotis_ws/install/op3_camera_setting_tool_msgs/include/op3_camera_setting_tool_msgs/op3_camera_setting_tool_msgs/msg/detail
[7.611s] -- Up-to-date: /home/certezas/robotis_ws/install/op3_camera_setting_tool_msgs/include/op3_camera_setting_tool_msgs/op3_camera_setting_tool_msgs/msg/detail/v4l_parameter__struct.hpp
[7.612s] -- Up-to-date: /home/certezas/robotis_ws/install/op3_camera_setting_tool_msgs/include/op3_camera_setting_tool_msgs/op3_camera_setting_tool_msgs/msg/detail/v4l_parameters__traits.hpp
[7.612s] -- Up-to-date: /home/certezas/robotis_ws/install/op3_camera_setting_tool_msgs/include/op3_camera_setting_tool_msgs/op3_camera_setting_tool_msgs/msg/detail/camera_params__traits.hpp
[7.612s] -- Up-to-date: /home/certezas/robotis_ws/install/op3_camera_setting_tool_msgs/include/op3_camera_setting_tool_msgs/op3_camera_setting_tool_msgs/msg/detail/v4l_parameters__type_support.hpp
[7.612s] -- Up-to-date: /home/certezas/robotis_ws/install/op3_camera_setting_tool_msgs/include/op3_camera_setting_tool_msgs/op3_camera_setting_tool_msgs/msg/detail/camera_params__builder.hpp
[7.612s] -- Up-to-date: /home/certezas/robotis_ws/install/op3_camera_setting_tool_msgs/include/op3_camera_setting_tool_msgs/op3_camera_setting_tool_msgs/msg/detail/v4l_parameters__struct.hpp
[7.612s] -- Up-to-date: /home/certezas/robotis_ws/install/op3_camera_setting_tool_msgs/include/op3_camera_setting_tool_msgs/op3_camera_setting_tool_msgs/msg/detail/v4l_parameter__type_support.hpp
[7.612s] -- Up-to-date: /home/certezas/robotis_ws/install/op3_camera_setting_tool_msgs/include/op3_camera_setting_tool_msgs/op3_camera_setting_tool_msgs/msg/detail/camera_params__type_support.hpp
[7.612s] -- Up-to-date: /home/certezas/robotis_ws/install/op3_camera_setting_tool_msgs/include/op3_camera_setting_tool_msgs/op3_camera_setting_tool_msgs/msg/detail/v4l_parameters__builder.hpp
[7.612s] -- Up-to-date: /home/certezas/robotis_ws/install/op3_camera_setting_tool_msgs/include/op3_camera_setting_tool_msgs/op3_camera_setting_tool_msgs/msg/detail/v4l_parameter__builder.hpp
[7.612s] -- Up-to-date: /home/certezas/robotis_ws/install/op3_camera_setting_tool_msgs/include/op3_camera_setting_tool_msgs/op3_camera_setting_tool_msgs/msg/detail/v4l_parameter__traits.hpp
[7.612s] -- Up-to-date: /home/certezas/robotis_ws/install/op3_camera_setting_tool_msgs/include/op3_camera_setting_tool_msgs/op3_camera_setting_tool_msgs/msg/detail/camera_params__struct.hpp
[7.612s] -- Up-to-date: /home/certezas/robotis_ws/install/op3_camera_setting_tool_msgs/include/op3_camera_setting_tool_msgs/op3_camera_setting_tool_msgs
[7.612s] -- Up-to-date: /home/certezas/robotis_ws/install/op3_camera_setting_tool_msgs/include/op3_camera_setting_tool_msgs/op3_camera_setting_tool_msgs/srv
[7.612s] -- Up-to-date: /home/certezas/robotis_ws/install/op3_camera_setting_tool_msgs/include/op3_camera_setting_tool_msgs/op3_camera_setting_tool_msgs/srv/detail
[7.612s] -- Up-to-date: /home/certezas/robotis_ws/install/op3_camera_setting_tool_msgs/include/op3_camera_setting_tool_msgs/op3_camera_setting_tool_msgs/srv/detail/get_parameters__rosidl_typesupport_fastrtps_cpp.hpp
[7.612s] -- Up-to-date: /home/certezas/robotis_ws/install/op3_camera_setting_tool_msgs/include/op3_camera_setting_tool_msgs/op3_camera_setting_tool_msgs/srv/detail/dds_fastrtps
[7.612s] -- Up-to-date: /home/certezas/robotis_ws/install/op3_camera_setting_tool_msgs/include/op3_camera_setting_tool_msgs/op3_camera_setting_tool_msgs/srv/detail/set_parameters__rosidl_typesupport_fastrtps_cpp.hpp
[7.612s] -- Up-to-date: /home/certezas/robotis_ws/install/op3_camera_setting_tool_msgs/include/op3_camera_setting_tool_msgs/op3_camera_setting_tool_msgs/msg
[7.613s] -- Up-to-date: /home/certezas/robotis_ws/install/op3_camera_setting_tool_msgs/include/op3_camera_setting_tool_msgs/op3_camera_setting_tool_msgs/msg/rosidl_typesupport_fastrtps_cpp__visibility_control.h
[7.613s] -- Up-to-date: /home/certezas/robotis_ws/install/op3_camera_setting_tool_msgs/include/op3_camera_setting_tool_msgs/op3_camera_setting_tool_msgs/msg/detail
[7.613s] -- Up-to-date: /home/certezas/robotis_ws/install/op3_camera_setting_tool_msgs/include/op3_camera_setting_tool_msgs/op3_camera_setting_tool_msgs/msg/detail/camera_params__rosidl_typesupport_fastrtps_cpp.hpp
[7.613s] -- Up-to-date: /home/certezas/robotis_ws/install/op3_camera_setting_tool_msgs/include/op3_camera_setting_tool_msgs/op3_camera_setting_tool_msgs/msg/detail/dds_fastrtps
[7.613s] -- Up-to-date: /home/certezas/robotis_ws/install/op3_camera_setting_tool_msgs/include/op3_camera_setting_tool_msgs/op3_camera_setting_tool_msgs/msg/detail/v4l_parameter__rosidl_typesupport_fastrtps_cpp.hpp
[7.613s] -- Up-to-date: /home/certezas/robotis_ws/install/op3_camera_setting_tool_msgs/include/op3_camera_setting_tool_msgs/op3_camera_setting_tool_msgs/msg/detail/v4l_parameters__rosidl_typesupport_fastrtps_cpp.hpp
[7.692s] -- Up-to-date: /home/certezas/robotis_ws/install/op3_camera_setting_tool_msgs/lib/libop3_camera_setting_tool_msgs__rosidl_typesupport_fastrtps_cpp.so
[7.692s] -- Up-to-date: /home/certezas/robotis_ws/install/op3_camera_setting_tool_msgs/include/op3_camera_setting_tool_msgs/op3_camera_setting_tool_msgs
[7.693s] -- Up-to-date: /home/certezas/robotis_ws/install/op3_camera_setting_tool_msgs/include/op3_camera_setting_tool_msgs/op3_camera_setting_tool_msgs/srv
[7.698s] -- Up-to-date: /home/certezas/robotis_ws/install/op3_camera_setting_tool_msgs/include/op3_camera_setting_tool_msgs/op3_camera_setting_tool_msgs/srv/detail
[7.698s] -- Up-to-date: /home/certezas/robotis_ws/install/op3_camera_setting_tool_msgs/include/op3_camera_setting_tool_msgs/op3_camera_setting_tool_msgs/srv/detail/set_parameters__type_support.c
[7.699s] -- Up-to-date: /home/certezas/robotis_ws/install/op3_camera_setting_tool_msgs/include/op3_camera_setting_tool_msgs/op3_camera_setting_tool_msgs/srv/detail/set_parameters__rosidl_typesupport_introspection_c.h
[7.699s] -- Up-to-date: /home/certezas/robotis_ws/install/op3_camera_setting_tool_msgs/include/op3_camera_setting_tool_msgs/op3_camera_setting_tool_msgs/srv/detail/get_parameters__type_support.c
[7.699s] -- Up-to-date: /home/certezas/robotis_ws/install/op3_camera_setting_tool_msgs/include/op3_camera_setting_tool_msgs/op3_camera_setting_tool_msgs/srv/detail/get_parameters__rosidl_typesupport_introspection_c.h
[7.699s] -- Up-to-date: /home/certezas/robotis_ws/install/op3_camera_setting_tool_msgs/include/op3_camera_setting_tool_msgs/op3_camera_setting_tool_msgs/msg
[7.699s] -- Up-to-date: /home/certezas/robotis_ws/install/op3_camera_setting_tool_msgs/include/op3_camera_setting_tool_msgs/op3_camera_setting_tool_msgs/msg/rosidl_typesupport_introspection_c__visibility_control.h
[7.699s] -- Up-to-date: /home/certezas/robotis_ws/install/op3_camera_setting_tool_msgs/include/op3_camera_setting_tool_msgs/op3_camera_setting_tool_msgs/msg/detail
[7.699s] -- Up-to-date: /home/certezas/robotis_ws/install/op3_camera_setting_tool_msgs/include/op3_camera_setting_tool_msgs/op3_camera_setting_tool_msgs/msg/detail/v4l_parameter__type_support.c
[7.699s] -- Up-to-date: /home/certezas/robotis_ws/install/op3_camera_setting_tool_msgs/include/op3_camera_setting_tool_msgs/op3_camera_setting_tool_msgs/msg/detail/v4l_parameters__rosidl_typesupport_introspection_c.h
[7.699s] -- Up-to-date: /home/certezas/robotis_ws/install/op3_camera_setting_tool_msgs/include/op3_camera_setting_tool_msgs/op3_camera_setting_tool_msgs/msg/detail/camera_params__rosidl_typesupport_introspection_c.h
[7.699s] -- Up-to-date: /home/certezas/robotis_ws/install/op3_camera_setting_tool_msgs/include/op3_camera_setting_tool_msgs/op3_camera_setting_tool_msgs/msg/detail/v4l_parameter__rosidl_typesupport_introspection_c.h
[7.699s] -- Up-to-date: /home/certezas/robotis_ws/install/op3_camera_setting_tool_msgs/include/op3_camera_setting_tool_msgs/op3_camera_setting_tool_msgs/msg/detail/v4l_parameters__type_support.c
[7.699s] -- Up-to-date: /home/certezas/robotis_ws/install/op3_camera_setting_tool_msgs/include/op3_camera_setting_tool_msgs/op3_camera_setting_tool_msgs/msg/detail/camera_params__type_support.c
[7.740s] -- Up-to-date: /home/certezas/robotis_ws/install/op3_camera_setting_tool_msgs/lib/libop3_camera_setting_tool_msgs__rosidl_typesupport_introspection_c.so
[7.740s] -- Up-to-date: /home/certezas/robotis_ws/install/op3_camera_setting_tool_msgs/lib/libop3_camera_setting_tool_msgs__rosidl_typesupport_c.so
[7.740s] -- Up-to-date: /home/certezas/robotis_ws/install/op3_camera_setting_tool_msgs/include/op3_camera_setting_tool_msgs/op3_camera_setting_tool_msgs
[7.740s] -- Up-to-date: /home/certezas/robotis_ws/install/op3_camera_setting_tool_msgs/include/op3_camera_setting_tool_msgs/op3_camera_setting_tool_msgs/srv
[7.741s] -- Up-to-date: /home/certezas/robotis_ws/install/op3_camera_setting_tool_msgs/include/op3_camera_setting_tool_msgs/op3_camera_setting_tool_msgs/srv/detail
[7.741s] -- Up-to-date: /home/certezas/robotis_ws/install/op3_camera_setting_tool_msgs/include/op3_camera_setting_tool_msgs/op3_camera_setting_tool_msgs/srv/detail/set_parameters__type_support.cpp
[7.741s] -- Up-to-date: /home/certezas/robotis_ws/install/op3_camera_setting_tool_msgs/include/op3_camera_setting_tool_msgs/op3_camera_setting_tool_msgs/srv/detail/get_parameters__type_support.cpp
[7.741s] -- Up-to-date: /home/certezas/robotis_ws/install/op3_camera_setting_tool_msgs/include/op3_camera_setting_tool_msgs/op3_camera_setting_tool_msgs/srv/detail/get_parameters__rosidl_typesupport_introspection_cpp.hpp
[7.741s] -- Up-to-date: /home/certezas/robotis_ws/install/op3_camera_setting_tool_msgs/include/op3_camera_setting_tool_msgs/op3_camera_setting_tool_msgs/srv/detail/set_parameters__rosidl_typesupport_introspection_cpp.hpp
[7.741s] -- Up-to-date: /home/certezas/robotis_ws/install/op3_camera_setting_tool_msgs/include/op3_camera_setting_tool_msgs/op3_camera_setting_tool_msgs/msg
[7.741s] -- Up-to-date: /home/certezas/robotis_ws/install/op3_camera_setting_tool_msgs/include/op3_camera_setting_tool_msgs/op3_camera_setting_tool_msgs/msg/detail
[7.741s] -- Up-to-date: /home/certezas/robotis_ws/install/op3_camera_setting_tool_msgs/include/op3_camera_setting_tool_msgs/op3_camera_setting_tool_msgs/msg/detail/v4l_parameters__rosidl_typesupport_introspection_cpp.hpp
[7.741s] -- Up-to-date: /home/certezas/robotis_ws/install/op3_camera_setting_tool_msgs/include/op3_camera_setting_tool_msgs/op3_camera_setting_tool_msgs/msg/detail/v4l_parameter__type_support.cpp
[7.741s] -- Up-to-date: /home/certezas/robotis_ws/install/op3_camera_setting_tool_msgs/include/op3_camera_setting_tool_msgs/op3_camera_setting_tool_msgs/msg/detail/camera_params__rosidl_typesupport_introspection_cpp.hpp
[7.741s] -- Up-to-date: /home/certezas/robotis_ws/install/op3_camera_setting_tool_msgs/include/op3_camera_setting_tool_msgs/op3_camera_setting_tool_msgs/msg/detail/v4l_parameters__type_support.cpp
[7.741s] -- Up-to-date: /home/certezas/robotis_ws/install/op3_camera_setting_tool_msgs/include/op3_camera_setting_tool_msgs/op3_camera_setting_tool_msgs/msg/detail/v4l_parameter__rosidl_typesupport_introspection_cpp.hpp
[7.741s] -- Up-to-date: /home/certezas/robotis_ws/install/op3_camera_setting_tool_msgs/include/op3_camera_setting_tool_msgs/op3_camera_setting_tool_msgs/msg/detail/camera_params__type_support.cpp
[7.895s] -- Up-to-date: /home/certezas/robotis_ws/install/op3_camera_setting_tool_msgs/lib/libop3_camera_setting_tool_msgs__rosidl_typesupport_introspection_cpp.so
[7.907s] -- Up-to-date: /home/certezas/robotis_ws/install/op3_camera_setting_tool_msgs/lib/libop3_camera_setting_tool_msgs__rosidl_typesupport_cpp.so
[7.907s] -- Up-to-date: /home/certezas/robotis_ws/install/op3_camera_setting_tool_msgs/share/op3_camera_setting_tool_msgs/environment/pythonpath.sh
[7.907s] -- Up-to-date: /home/certezas/robotis_ws/install/op3_camera_setting_tool_msgs/share/op3_camera_setting_tool_msgs/environment/pythonpath.dsv
[7.908s] -- Up-to-date: /home/certezas/robotis_ws/install/op3_camera_setting_tool_msgs/local/lib/python3.10/dist-packages/op3_camera_setting_tool_msgs-0.1.0-py3.10.egg-info
[7.908s] -- Installing: /home/certezas/robotis_ws/install/op3_camera_setting_tool_msgs/local/lib/python3.10/dist-packages/op3_camera_setting_tool_msgs-0.1.0-py3.10.egg-info/PKG-INFO
[7.908s] -- Installing: /home/certezas/robotis_ws/install/op3_camera_setting_tool_msgs/local/lib/python3.10/dist-packages/op3_camera_setting_tool_msgs-0.1.0-py3.10.egg-info/dependency_links.txt
[7.908s] -- Installing: /home/certezas/robotis_ws/install/op3_camera_setting_tool_msgs/local/lib/python3.10/dist-packages/op3_camera_setting_tool_msgs-0.1.0-py3.10.egg-info/top_level.txt
[7.908s] -- Installing: /home/certezas/robotis_ws/install/op3_camera_setting_tool_msgs/local/lib/python3.10/dist-packages/op3_camera_setting_tool_msgs-0.1.0-py3.10.egg-info/SOURCES.txt
[7.908s] -- Up-to-date: /home/certezas/robotis_ws/install/op3_camera_setting_tool_msgs/local/lib/python3.10/dist-packages/op3_camera_setting_tool_msgs
[7.908s] -- Up-to-date: /home/certezas/robotis_ws/install/op3_camera_setting_tool_msgs/local/lib/python3.10/dist-packages/op3_camera_setting_tool_msgs/op3_camera_setting_tool_msgs_s__rosidl_typesupport_c.cpython-310-x86_64-linux-gnu.so
[7.908s] -- Up-to-date: /home/certezas/robotis_ws/install/op3_camera_setting_tool_msgs/local/lib/python3.10/dist-packages/op3_camera_setting_tool_msgs/_op3_camera_setting_tool_msgs_s.ep.rosidl_typesupport_fastrtps_c.c
[7.908s] -- Up-to-date: /home/certezas/robotis_ws/install/op3_camera_setting_tool_msgs/local/lib/python3.10/dist-packages/op3_camera_setting_tool_msgs/op3_camera_setting_tool_msgs_s__rosidl_typesupport_introspection_c.cpython-310-x86_64-linux-gnu.so
[7.908s] -- Up-to-date: /home/certezas/robotis_ws/install/op3_camera_setting_tool_msgs/local/lib/python3.10/dist-packages/op3_camera_setting_tool_msgs/__init__.py
[7.909s] -- Up-to-date: /home/certezas/robotis_ws/install/op3_camera_setting_tool_msgs/local/lib/python3.10/dist-packages/op3_camera_setting_tool_msgs/srv
[7.909s] -- Up-to-date: /home/certezas/robotis_ws/install/op3_camera_setting_tool_msgs/local/lib/python3.10/dist-packages/op3_camera_setting_tool_msgs/srv/_set_parameters_s.c
[7.909s] -- Up-to-date: /home/certezas/robotis_ws/install/op3_camera_setting_tool_msgs/local/lib/python3.10/dist-packages/op3_camera_setting_tool_msgs/srv/_set_parameters.py
[7.909s] -- Up-to-date: /home/certezas/robotis_ws/install/op3_camera_setting_tool_msgs/local/lib/python3.10/dist-packages/op3_camera_setting_tool_msgs/srv/__init__.py
[7.909s] -- Up-to-date: /home/certezas/robotis_ws/install/op3_camera_setting_tool_msgs/local/lib/python3.10/dist-packages/op3_camera_setting_tool_msgs/srv/_get_parameters_s.c
[7.909s] -- Up-to-date: /home/certezas/robotis_ws/install/op3_camera_setting_tool_msgs/local/lib/python3.10/dist-packages/op3_camera_setting_tool_msgs/srv/_get_parameters.py
[7.909s] -- Up-to-date: /home/certezas/robotis_ws/install/op3_camera_setting_tool_msgs/local/lib/python3.10/dist-packages/op3_camera_setting_tool_msgs/_op3_camera_setting_tool_msgs_s.ep.rosidl_typesupport_c.c
[7.909s] -- Up-to-date: /home/certezas/robotis_ws/install/op3_camera_setting_tool_msgs/local/lib/python3.10/dist-packages/op3_camera_setting_tool_msgs/_op3_camera_setting_tool_msgs_s.ep.rosidl_typesupport_introspection_c.c
[7.909s] -- Up-to-date: /home/certezas/robotis_ws/install/op3_camera_setting_tool_msgs/local/lib/python3.10/dist-packages/op3_camera_setting_tool_msgs/op3_camera_setting_tool_msgs_s__rosidl_typesupport_fastrtps_c.cpython-310-x86_64-linux-gnu.so
[7.909s] -- Up-to-date: /home/certezas/robotis_ws/install/op3_camera_setting_tool_msgs/local/lib/python3.10/dist-packages/op3_camera_setting_tool_msgs/libop3_camera_setting_tool_msgs__rosidl_generator_py.so
[7.909s] -- Up-to-date: /home/certezas/robotis_ws/install/op3_camera_setting_tool_msgs/local/lib/python3.10/dist-packages/op3_camera_setting_tool_msgs/msg
[7.909s] -- Up-to-date: /home/certezas/robotis_ws/install/op3_camera_setting_tool_msgs/local/lib/python3.10/dist-packages/op3_camera_setting_tool_msgs/msg/_v4l_parameters.py
[7.909s] -- Up-to-date: /home/certezas/robotis_ws/install/op3_camera_setting_tool_msgs/local/lib/python3.10/dist-packages/op3_camera_setting_tool_msgs/msg/_v4l_parameter.py
[7.910s] -- Up-to-date: /home/certezas/robotis_ws/install/op3_camera_setting_tool_msgs/local/lib/python3.10/dist-packages/op3_camera_setting_tool_msgs/msg/_camera_params.py
[7.910s] -- Up-to-date: /home/certezas/robotis_ws/install/op3_camera_setting_tool_msgs/local/lib/python3.10/dist-packages/op3_camera_setting_tool_msgs/msg/_camera_params_s.c
[7.910s] -- Up-to-date: /home/certezas/robotis_ws/install/op3_camera_setting_tool_msgs/local/lib/python3.10/dist-packages/op3_camera_setting_tool_msgs/msg/__init__.py
[7.910s] -- Up-to-date: /home/certezas/robotis_ws/install/op3_camera_setting_tool_msgs/local/lib/python3.10/dist-packages/op3_camera_setting_tool_msgs/msg/_v4l_parameter_s.c
[7.910s] -- Up-to-date: /home/certezas/robotis_ws/install/op3_camera_setting_tool_msgs/local/lib/python3.10/dist-packages/op3_camera_setting_tool_msgs/msg/_v4l_parameters_s.c
[8.189s] Listing '/home/certezas/robotis_ws/install/op3_camera_setting_tool_msgs/local/lib/python3.10/dist-packages/op3_camera_setting_tool_msgs'...
[8.189s] Listing '/home/certezas/robotis_ws/install/op3_camera_setting_tool_msgs/local/lib/python3.10/dist-packages/op3_camera_setting_tool_msgs/msg'...
[8.190s] Listing '/home/certezas/robotis_ws/install/op3_camera_setting_tool_msgs/local/lib/python3.10/dist-packages/op3_camera_setting_tool_msgs/srv'...
[8.202s] -- Up-to-date: /home/certezas/robotis_ws/install/op3_camera_setting_tool_msgs/local/lib/python3.10/dist-packages/op3_camera_setting_tool_msgs/op3_camera_setting_tool_msgs_s__rosidl_typesupport_fastrtps_c.cpython-310-x86_64-linux-gnu.so
[8.202s] -- Up-to-date: /home/certezas/robotis_ws/install/op3_camera_setting_tool_msgs/local/lib/python3.10/dist-packages/op3_camera_setting_tool_msgs/op3_camera_setting_tool_msgs_s__rosidl_typesupport_introspection_c.cpython-310-x86_64-linux-gnu.so
[8.202s] -- Up-to-date: /home/certezas/robotis_ws/install/op3_camera_setting_tool_msgs/local/lib/python3.10/dist-packages/op3_camera_setting_tool_msgs/op3_camera_setting_tool_msgs_s__rosidl_typesupport_c.cpython-310-x86_64-linux-gnu.so
[8.203s] -- Up-to-date: /home/certezas/robotis_ws/install/op3_camera_setting_tool_msgs/lib/libop3_camera_setting_tool_msgs__rosidl_generator_py.so
[8.203s] -- Up-to-date: /home/certezas/robotis_ws/install/op3_camera_setting_tool_msgs/share/op3_camera_setting_tool_msgs/msg/CameraParams.idl
[8.203s] -- Up-to-date: /home/certezas/robotis_ws/install/op3_camera_setting_tool_msgs/share/op3_camera_setting_tool_msgs/msg/V4lParameter.idl
[8.203s] -- Up-to-date: /home/certezas/robotis_ws/install/op3_camera_setting_tool_msgs/share/op3_camera_setting_tool_msgs/msg/V4lParameters.idl
[8.203s] -- Up-to-date: /home/certezas/robotis_ws/install/op3_camera_setting_tool_msgs/share/op3_camera_setting_tool_msgs/srv/GetParameters.idl
[8.203s] -- Up-to-date: /home/certezas/robotis_ws/install/op3_camera_setting_tool_msgs/share/op3_camera_setting_tool_msgs/srv/SetParameters.idl
[8.203s] -- Up-to-date: /home/certezas/robotis_ws/install/op3_camera_setting_tool_msgs/share/op3_camera_setting_tool_msgs/msg/CameraParams.msg
[8.204s] -- Up-to-date: /home/certezas/robotis_ws/install/op3_camera_setting_tool_msgs/share/op3_camera_setting_tool_msgs/msg/V4lParameter.msg
[8.204s] -- Up-to-date: /home/certezas/robotis_ws/install/op3_camera_setting_tool_msgs/share/op3_camera_setting_tool_msgs/msg/V4lParameters.msg
[8.204s] -- Up-to-date: /home/certezas/robotis_ws/install/op3_camera_setting_tool_msgs/share/op3_camera_setting_tool_msgs/srv/GetParameters.srv
[8.204s] -- Up-to-date: /home/certezas/robotis_ws/install/op3_camera_setting_tool_msgs/share/op3_camera_setting_tool_msgs/srv/GetParameters_Request.msg
[8.204s] -- Up-to-date: /home/certezas/robotis_ws/install/op3_camera_setting_tool_msgs/share/op3_camera_setting_tool_msgs/srv/GetParameters_Response.msg
[8.204s] -- Up-to-date: /home/certezas/robotis_ws/install/op3_camera_setting_tool_msgs/share/op3_camera_setting_tool_msgs/srv/SetParameters.srv
[8.204s] -- Up-to-date: /home/certezas/robotis_ws/install/op3_camera_setting_tool_msgs/share/op3_camera_setting_tool_msgs/srv/SetParameters_Request.msg
[8.204s] -- Up-to-date: /home/certezas/robotis_ws/install/op3_camera_setting_tool_msgs/share/op3_camera_setting_tool_msgs/srv/SetParameters_Response.msg
[8.204s] -- Up-to-date: /home/certezas/robotis_ws/install/op3_camera_setting_tool_msgs/share/ament_index/resource_index/package_run_dependencies/op3_camera_setting_tool_msgs
[8.204s] -- Up-to-date: /home/certezas/robotis_ws/install/op3_camera_setting_tool_msgs/share/ament_index/resource_index/parent_prefix_path/op3_camera_setting_tool_msgs
[8.204s] -- Up-to-date: /home/certezas/robotis_ws/install/op3_camera_setting_tool_msgs/share/op3_camera_setting_tool_msgs/environment/ament_prefix_path.sh
[8.204s] -- Up-to-date: /home/certezas/robotis_ws/install/op3_camera_setting_tool_msgs/share/op3_camera_setting_tool_msgs/environment/ament_prefix_path.dsv
[8.204s] -- Up-to-date: /home/certezas/robotis_ws/install/op3_camera_setting_tool_msgs/share/op3_camera_setting_tool_msgs/environment/path.sh
[8.204s] -- Up-to-date: /home/certezas/robotis_ws/install/op3_camera_setting_tool_msgs/share/op3_camera_setting_tool_msgs/environment/path.dsv
[8.204s] -- Up-to-date: /home/certezas/robotis_ws/install/op3_camera_setting_tool_msgs/share/op3_camera_setting_tool_msgs/local_setup.bash
[8.204s] -- Up-to-date: /home/certezas/robotis_ws/install/op3_camera_setting_tool_msgs/share/op3_camera_setting_tool_msgs/local_setup.sh
[8.204s] -- Up-to-date: /home/certezas/robotis_ws/install/op3_camera_setting_tool_msgs/share/op3_camera_setting_tool_msgs/local_setup.zsh
[8.205s] -- Up-to-date: /home/certezas/robotis_ws/install/op3_camera_setting_tool_msgs/share/op3_camera_setting_tool_msgs/local_setup.dsv
[8.205s] -- Installing: /home/certezas/robotis_ws/install/op3_camera_setting_tool_msgs/share/op3_camera_setting_tool_msgs/package.dsv
[8.253s] -- Up-to-date: /home/certezas/robotis_ws/install/op3_camera_setting_tool_msgs/share/ament_index/resource_index/packages/op3_camera_setting_tool_msgs
[8.254s] -- Up-to-date: /home/certezas/robotis_ws/install/op3_camera_setting_tool_msgs/share/op3_camera_setting_tool_msgs/cmake/export_op3_camera_setting_tool_msgs__rosidl_generator_cExport.cmake
[8.254s] -- Up-to-date: /home/certezas/robotis_ws/install/op3_camera_setting_tool_msgs/share/op3_camera_setting_tool_msgs/cmake/export_op3_camera_setting_tool_msgs__rosidl_generator_cExport-noconfig.cmake
[8.254s] -- Up-to-date: /home/certezas/robotis_ws/install/op3_camera_setting_tool_msgs/share/op3_camera_setting_tool_msgs/cmake/export_op3_camera_setting_tool_msgs__rosidl_typesupport_fastrtps_cExport.cmake
[8.255s] -- Up-to-date: /home/certezas/robotis_ws/install/op3_camera_setting_tool_msgs/share/op3_camera_setting_tool_msgs/cmake/export_op3_camera_setting_tool_msgs__rosidl_typesupport_fastrtps_cExport-noconfig.cmake
[8.255s] -- Up-to-date: /home/certezas/robotis_ws/install/op3_camera_setting_tool_msgs/share/op3_camera_setting_tool_msgs/cmake/export_op3_camera_setting_tool_msgs__rosidl_generator_cppExport.cmake
[8.265s] -- Up-to-date: /home/certezas/robotis_ws/install/op3_camera_setting_tool_msgs/share/op3_camera_setting_tool_msgs/cmake/export_op3_camera_setting_tool_msgs__rosidl_typesupport_fastrtps_cppExport.cmake
[8.265s] -- Up-to-date: /home/certezas/robotis_ws/install/op3_camera_setting_tool_msgs/share/op3_camera_setting_tool_msgs/cmake/export_op3_camera_setting_tool_msgs__rosidl_typesupport_fastrtps_cppExport-noconfig.cmake
[8.272s] -- Up-to-date: /home/certezas/robotis_ws/install/op3_camera_setting_tool_msgs/share/op3_camera_setting_tool_msgs/cmake/op3_camera_setting_tool_msgs__rosidl_typesupport_introspection_cExport.cmake
[8.272s] -- Up-to-date: /home/certezas/robotis_ws/install/op3_camera_setting_tool_msgs/share/op3_camera_setting_tool_msgs/cmake/op3_camera_setting_tool_msgs__rosidl_typesupport_introspection_cExport-noconfig.cmake
[8.276s] -- Up-to-date: /home/certezas/robotis_ws/install/op3_camera_setting_tool_msgs/share/op3_camera_setting_tool_msgs/cmake/op3_camera_setting_tool_msgs__rosidl_typesupport_cExport.cmake
[8.276s] -- Up-to-date: /home/certezas/robotis_ws/install/op3_camera_setting_tool_msgs/share/op3_camera_setting_tool_msgs/cmake/op3_camera_setting_tool_msgs__rosidl_typesupport_cExport-noconfig.cmake
[8.284s] -- Up-to-date: /home/certezas/robotis_ws/install/op3_camera_setting_tool_msgs/share/op3_camera_setting_tool_msgs/cmake/op3_camera_setting_tool_msgs__rosidl_typesupport_introspection_cppExport.cmake
[8.284s] -- Up-to-date: /home/certezas/robotis_ws/install/op3_camera_setting_tool_msgs/share/op3_camera_setting_tool_msgs/cmake/op3_camera_setting_tool_msgs__rosidl_typesupport_introspection_cppExport-noconfig.cmake
[8.318s] -- Up-to-date: /home/certezas/robotis_ws/install/op3_camera_setting_tool_msgs/share/op3_camera_setting_tool_msgs/cmake/op3_camera_setting_tool_msgs__rosidl_typesupport_cppExport.cmake
[8.318s] -- Up-to-date: /home/certezas/robotis_ws/install/op3_camera_setting_tool_msgs/share/op3_camera_setting_tool_msgs/cmake/op3_camera_setting_tool_msgs__rosidl_typesupport_cppExport-noconfig.cmake
[8.340s] -- Up-to-date: /home/certezas/robotis_ws/install/op3_camera_setting_tool_msgs/share/op3_camera_setting_tool_msgs/cmake/export_op3_camera_setting_tool_msgs__rosidl_generator_pyExport.cmake
[8.340s] -- Up-to-date: /home/certezas/robotis_ws/install/op3_camera_setting_tool_msgs/share/op3_camera_setting_tool_msgs/cmake/export_op3_camera_setting_tool_msgs__rosidl_generator_pyExport-noconfig.cmake
[8.340s] -- Up-to-date: /home/certezas/robotis_ws/install/op3_camera_setting_tool_msgs/share/op3_camera_setting_tool_msgs/cmake/rosidl_cmake-extras.cmake
[8.341s] -- Up-to-date: /home/certezas/robotis_ws/install/op3_camera_setting_tool_msgs/share/op3_camera_setting_tool_msgs/cmake/ament_cmake_export_dependencies-extras.cmake
[8.341s] -- Up-to-date: /home/certezas/robotis_ws/install/op3_camera_setting_tool_msgs/share/op3_camera_setting_tool_msgs/cmake/ament_cmake_export_include_directories-extras.cmake
[8.341s] -- Up-to-date: /home/certezas/robotis_ws/install/op3_camera_setting_tool_msgs/share/op3_camera_setting_tool_msgs/cmake/ament_cmake_export_libraries-extras.cmake
[8.341s] -- Up-to-date: /home/certezas/robotis_ws/install/op3_camera_setting_tool_msgs/share/op3_camera_setting_tool_msgs/cmake/ament_cmake_export_targets-extras.cmake
[8.341s] -- Up-to-date: /home/certezas/robotis_ws/install/op3_camera_setting_tool_msgs/share/op3_camera_setting_tool_msgs/cmake/rosidl_cmake_export_typesupport_targets-extras.cmake
[8.341s] -- Up-to-date: /home/certezas/robotis_ws/install/op3_camera_setting_tool_msgs/share/op3_camera_setting_tool_msgs/cmake/rosidl_cmake_export_typesupport_libraries-extras.cmake
[8.341s] -- Up-to-date: /home/certezas/robotis_ws/install/op3_camera_setting_tool_msgs/share/op3_camera_setting_tool_msgs/cmake/op3_camera_setting_tool_msgsConfig.cmake
[8.341s] -- Up-to-date: /home/certezas/robotis_ws/install/op3_camera_setting_tool_msgs/share/op3_camera_setting_tool_msgs/cmake/op3_camera_setting_tool_msgsConfig-version.cmake
[8.341s] -- Up-to-date: /home/certezas/robotis_ws/install/op3_camera_setting_tool_msgs/share/op3_camera_setting_tool_msgs/package.xml
[8.439s] Invoked command in '/home/certezas/robotis_ws/build/op3_camera_setting_tool_msgs' returned '0': CMAKE_PREFIX_PATH=${CMAKE_PREFIX_PATH}:/opt/ros/humble /usr/bin/cmake --install /home/certezas/robotis_ws/build/op3_camera_setting_tool_msgs
