[0.250s] Invoking command in '/home/certezas/robotis_ws/build/op3_tuning_module_msgs': CMAKE_PREFIX_PATH=${CMAKE_PREFIX_PATH}:/opt/ros/humble /usr/bin/cmake --build /home/certezas/robotis_ws/build/op3_tuning_module_msgs -- -j12 -l12
[2.056s] [  1%] Built target op3_tuning_module_msgs__cpp
[2.336s] [35m[1mConsolidate compiler generated dependencies of target op3_tuning_module_msgs__rosidl_typesupport_introspection_cpp[0m
[2.347s] [ 12%] Built target op3_tuning_module_msgs__rosidl_typesupport_introspection_cpp
[2.373s] [35m[1mConsolidate compiler generated dependencies of target op3_tuning_module_msgs__rosidl_typesupport_cpp[0m
[2.384s] [ 23%] Built target op3_tuning_module_msgs__rosidl_typesupport_cpp
[2.892s] [35m[1mConsolidate compiler generated dependencies of target op3_tuning_module_msgs__rosidl_generator_c[0m
[2.903s] [ 34%] Built target op3_tuning_module_msgs__rosidl_generator_c
[3.231s] [35m[1mConsolidate compiler generated dependencies of target op3_tuning_module_msgs__rosidl_typesupport_fastrtps_cpp[0m
[3.243s] [ 46%] Built target op3_tuning_module_msgs__rosidl_typesupport_fastrtps_cpp
[3.476s] [35m[1mConsolidate compiler generated dependencies of target op3_tuning_module_msgs__rosidl_typesupport_fastrtps_c[0m
[3.553s] [ 57%] Built target op3_tuning_module_msgs__rosidl_typesupport_fastrtps_c
[4.552s] [35m[1mConsolidate compiler generated dependencies of target op3_tuning_module_msgs__rosidl_typesupport_introspection_c[0m
[4.562s] [ 68%] Built target op3_tuning_module_msgs__rosidl_typesupport_introspection_c
[4.711s] [35m[1mConsolidate compiler generated dependencies of target op3_tuning_module_msgs__rosidl_typesupport_c[0m
[4.721s] [ 79%] Built target op3_tuning_module_msgs__rosidl_typesupport_c
[5.232s] [ 79%] Built target op3_tuning_module_msgs
[5.488s] [ 79%] Built target ament_cmake_python_copy_op3_tuning_module_msgs
[5.648s] [ 80%] Built target op3_tuning_module_msgs__py
[5.838s] running egg_info
[5.839s] writing op3_tuning_module_msgs.egg-info/PKG-INFO
[5.839s] writing dependency_links to op3_tuning_module_msgs.egg-info/dependency_links.txt
[5.839s] writing top-level names to op3_tuning_module_msgs.egg-info/top_level.txt
[5.841s] reading manifest file 'op3_tuning_module_msgs.egg-info/SOURCES.txt'
[5.871s] writing manifest file 'op3_tuning_module_msgs.egg-info/SOURCES.txt'
[5.892s] [ 80%] Built target ament_cmake_python_build_op3_tuning_module_msgs_egg
[5.923s] [35m[1mConsolidate compiler generated dependencies of target op3_tuning_module_msgs__rosidl_generator_py[0m
[5.935s] [ 90%] Built target op3_tuning_module_msgs__rosidl_generator_py
[6.091s] [35m[1mConsolidate compiler generated dependencies of target op3_tuning_module_msgs__rosidl_typesupport_fastrtps_c__pyext[0m
[6.102s] [ 93%] Built target op3_tuning_module_msgs__rosidl_typesupport_fastrtps_c__pyext
[6.215s] [35m[1mConsolidate compiler generated dependencies of target op3_tuning_module_msgs__rosidl_typesupport_introspection_c__pyext[0m
[6.226s] [ 96%] Built target op3_tuning_module_msgs__rosidl_typesupport_introspection_c__pyext
[6.271s] [35m[1mConsolidate compiler generated dependencies of target op3_tuning_module_msgs__rosidl_typesupport_c__pyext[0m
[6.282s] [100%] Built target op3_tuning_module_msgs__rosidl_typesupport_c__pyext
[7.111s] Invoked command in '/home/certezas/robotis_ws/build/op3_tuning_module_msgs' returned '0': CMAKE_PREFIX_PATH=${CMAKE_PREFIX_PATH}:/opt/ros/humble /usr/bin/cmake --build /home/certezas/robotis_ws/build/op3_tuning_module_msgs -- -j12 -l12
[7.133s] Invoking command in '/home/certezas/robotis_ws/build/op3_tuning_module_msgs': CMAKE_PREFIX_PATH=${CMAKE_PREFIX_PATH}:/opt/ros/humble /usr/bin/cmake --install /home/certezas/robotis_ws/build/op3_tuning_module_msgs
[7.248s] -- Install configuration: ""
[7.248s] -- Up-to-date: /home/certezas/robotis_ws/install/op3_tuning_module_msgs/share/ament_index/resource_index/rosidl_interfaces/op3_tuning_module_msgs
[7.248s] -- Up-to-date: /home/certezas/robotis_ws/install/op3_tuning_module_msgs/include/op3_tuning_module_msgs/op3_tuning_module_msgs
[7.248s] -- Up-to-date: /home/certezas/robotis_ws/install/op3_tuning_module_msgs/include/op3_tuning_module_msgs/op3_tuning_module_msgs/srv
[7.248s] -- Up-to-date: /home/certezas/robotis_ws/install/op3_tuning_module_msgs/include/op3_tuning_module_msgs/op3_tuning_module_msgs/srv/get_present_joint_offset_data.h
[7.248s] -- Up-to-date: /home/certezas/robotis_ws/install/op3_tuning_module_msgs/include/op3_tuning_module_msgs/op3_tuning_module_msgs/srv/detail
[7.248s] -- Up-to-date: /home/certezas/robotis_ws/install/op3_tuning_module_msgs/include/op3_tuning_module_msgs/op3_tuning_module_msgs/srv/detail/get_present_joint_offset_data__type_support.h
[7.248s] -- Up-to-date: /home/certezas/robotis_ws/install/op3_tuning_module_msgs/include/op3_tuning_module_msgs/op3_tuning_module_msgs/srv/detail/get_present_joint_offset_data__struct.h
[7.248s] -- Up-to-date: /home/certezas/robotis_ws/install/op3_tuning_module_msgs/include/op3_tuning_module_msgs/op3_tuning_module_msgs/srv/detail/get_present_joint_offset_data__functions.h
[7.249s] -- Up-to-date: /home/certezas/robotis_ws/install/op3_tuning_module_msgs/include/op3_tuning_module_msgs/op3_tuning_module_msgs/srv/detail/get_present_joint_offset_data__functions.c
[7.249s] -- Up-to-date: /home/certezas/robotis_ws/install/op3_tuning_module_msgs/include/op3_tuning_module_msgs/op3_tuning_module_msgs/msg
[7.249s] -- Up-to-date: /home/certezas/robotis_ws/install/op3_tuning_module_msgs/include/op3_tuning_module_msgs/op3_tuning_module_msgs/msg/rosidl_generator_c__visibility_control.h
[7.249s] -- Up-to-date: /home/certezas/robotis_ws/install/op3_tuning_module_msgs/include/op3_tuning_module_msgs/op3_tuning_module_msgs/msg/joint_torque_on_off_array.h
[7.249s] -- Up-to-date: /home/certezas/robotis_ws/install/op3_tuning_module_msgs/include/op3_tuning_module_msgs/op3_tuning_module_msgs/msg/joint_torque_on_off.h
[7.249s] -- Up-to-date: /home/certezas/robotis_ws/install/op3_tuning_module_msgs/include/op3_tuning_module_msgs/op3_tuning_module_msgs/msg/joint_offset_position_data.h
[7.249s] -- Up-to-date: /home/certezas/robotis_ws/install/op3_tuning_module_msgs/include/op3_tuning_module_msgs/op3_tuning_module_msgs/msg/joint_offset_data.h
[7.249s] -- Up-to-date: /home/certezas/robotis_ws/install/op3_tuning_module_msgs/include/op3_tuning_module_msgs/op3_tuning_module_msgs/msg/detail
[7.249s] -- Up-to-date: /home/certezas/robotis_ws/install/op3_tuning_module_msgs/include/op3_tuning_module_msgs/op3_tuning_module_msgs/msg/detail/joint_torque_on_off__functions.h
[7.249s] -- Up-to-date: /home/certezas/robotis_ws/install/op3_tuning_module_msgs/include/op3_tuning_module_msgs/op3_tuning_module_msgs/msg/detail/joint_offset_position_data__functions.c
[7.249s] -- Up-to-date: /home/certezas/robotis_ws/install/op3_tuning_module_msgs/include/op3_tuning_module_msgs/op3_tuning_module_msgs/msg/detail/joint_torque_on_off_array__functions.c
[7.249s] -- Up-to-date: /home/certezas/robotis_ws/install/op3_tuning_module_msgs/include/op3_tuning_module_msgs/op3_tuning_module_msgs/msg/detail/joint_offset_position_data__type_support.h
[7.249s] -- Up-to-date: /home/certezas/robotis_ws/install/op3_tuning_module_msgs/include/op3_tuning_module_msgs/op3_tuning_module_msgs/msg/detail/joint_torque_on_off_array__struct.h
[7.250s] -- Up-to-date: /home/certezas/robotis_ws/install/op3_tuning_module_msgs/include/op3_tuning_module_msgs/op3_tuning_module_msgs/msg/detail/joint_offset_data__functions.h
[7.250s] -- Up-to-date: /home/certezas/robotis_ws/install/op3_tuning_module_msgs/include/op3_tuning_module_msgs/op3_tuning_module_msgs/msg/detail/joint_torque_on_off_array__functions.h
[7.250s] -- Up-to-date: /home/certezas/robotis_ws/install/op3_tuning_module_msgs/include/op3_tuning_module_msgs/op3_tuning_module_msgs/msg/detail/joint_offset_data__functions.c
[7.250s] -- Up-to-date: /home/certezas/robotis_ws/install/op3_tuning_module_msgs/include/op3_tuning_module_msgs/op3_tuning_module_msgs/msg/detail/joint_torque_on_off_array__type_support.h
[7.250s] -- Up-to-date: /home/certezas/robotis_ws/install/op3_tuning_module_msgs/include/op3_tuning_module_msgs/op3_tuning_module_msgs/msg/detail/joint_offset_position_data__functions.h
[7.250s] -- Up-to-date: /home/certezas/robotis_ws/install/op3_tuning_module_msgs/include/op3_tuning_module_msgs/op3_tuning_module_msgs/msg/detail/joint_torque_on_off__functions.c
[7.250s] -- Up-to-date: /home/certezas/robotis_ws/install/op3_tuning_module_msgs/include/op3_tuning_module_msgs/op3_tuning_module_msgs/msg/detail/joint_torque_on_off__type_support.h
[7.250s] -- Up-to-date: /home/certezas/robotis_ws/install/op3_tuning_module_msgs/include/op3_tuning_module_msgs/op3_tuning_module_msgs/msg/detail/joint_offset_data__struct.h
[7.250s] -- Up-to-date: /home/certezas/robotis_ws/install/op3_tuning_module_msgs/include/op3_tuning_module_msgs/op3_tuning_module_msgs/msg/detail/joint_offset_data__type_support.h
[7.250s] -- Up-to-date: /home/certezas/robotis_ws/install/op3_tuning_module_msgs/include/op3_tuning_module_msgs/op3_tuning_module_msgs/msg/detail/joint_offset_position_data__struct.h
[7.250s] -- Up-to-date: /home/certezas/robotis_ws/install/op3_tuning_module_msgs/include/op3_tuning_module_msgs/op3_tuning_module_msgs/msg/detail/joint_torque_on_off__struct.h
[7.250s] -- Up-to-date: /home/certezas/robotis_ws/install/op3_tuning_module_msgs/share/op3_tuning_module_msgs/environment/library_path.sh
[7.251s] -- Up-to-date: /home/certezas/robotis_ws/install/op3_tuning_module_msgs/share/op3_tuning_module_msgs/environment/library_path.dsv
[7.251s] -- Up-to-date: /home/certezas/robotis_ws/install/op3_tuning_module_msgs/lib/libop3_tuning_module_msgs__rosidl_generator_c.so
[7.251s] -- Up-to-date: /home/certezas/robotis_ws/install/op3_tuning_module_msgs/include/op3_tuning_module_msgs/op3_tuning_module_msgs
[7.251s] -- Up-to-date: /home/certezas/robotis_ws/install/op3_tuning_module_msgs/include/op3_tuning_module_msgs/op3_tuning_module_msgs/srv
[7.251s] -- Up-to-date: /home/certezas/robotis_ws/install/op3_tuning_module_msgs/include/op3_tuning_module_msgs/op3_tuning_module_msgs/srv/detail
[7.251s] -- Up-to-date: /home/certezas/robotis_ws/install/op3_tuning_module_msgs/include/op3_tuning_module_msgs/op3_tuning_module_msgs/srv/detail/get_present_joint_offset_data__rosidl_typesupport_fastrtps_c.h
[7.252s] -- Up-to-date: /home/certezas/robotis_ws/install/op3_tuning_module_msgs/include/op3_tuning_module_msgs/op3_tuning_module_msgs/msg
[7.252s] -- Up-to-date: /home/certezas/robotis_ws/install/op3_tuning_module_msgs/include/op3_tuning_module_msgs/op3_tuning_module_msgs/msg/detail
[7.252s] -- Up-to-date: /home/certezas/robotis_ws/install/op3_tuning_module_msgs/include/op3_tuning_module_msgs/op3_tuning_module_msgs/msg/detail/joint_offset_data__rosidl_typesupport_fastrtps_c.h
[7.252s] -- Up-to-date: /home/certezas/robotis_ws/install/op3_tuning_module_msgs/include/op3_tuning_module_msgs/op3_tuning_module_msgs/msg/detail/joint_offset_position_data__rosidl_typesupport_fastrtps_c.h
[7.252s] -- Up-to-date: /home/certezas/robotis_ws/install/op3_tuning_module_msgs/include/op3_tuning_module_msgs/op3_tuning_module_msgs/msg/detail/joint_torque_on_off__rosidl_typesupport_fastrtps_c.h
[7.252s] -- Up-to-date: /home/certezas/robotis_ws/install/op3_tuning_module_msgs/include/op3_tuning_module_msgs/op3_tuning_module_msgs/msg/detail/joint_torque_on_off_array__rosidl_typesupport_fastrtps_c.h
[7.252s] -- Up-to-date: /home/certezas/robotis_ws/install/op3_tuning_module_msgs/include/op3_tuning_module_msgs/op3_tuning_module_msgs/msg/rosidl_typesupport_fastrtps_c__visibility_control.h
[7.252s] -- Up-to-date: /home/certezas/robotis_ws/install/op3_tuning_module_msgs/lib/libop3_tuning_module_msgs__rosidl_typesupport_fastrtps_c.so
[7.252s] -- Up-to-date: /home/certezas/robotis_ws/install/op3_tuning_module_msgs/include/op3_tuning_module_msgs/op3_tuning_module_msgs
[7.252s] -- Up-to-date: /home/certezas/robotis_ws/install/op3_tuning_module_msgs/include/op3_tuning_module_msgs/op3_tuning_module_msgs/srv
[7.252s] -- Up-to-date: /home/certezas/robotis_ws/install/op3_tuning_module_msgs/include/op3_tuning_module_msgs/op3_tuning_module_msgs/srv/detail
[7.253s] -- Up-to-date: /home/certezas/robotis_ws/install/op3_tuning_module_msgs/include/op3_tuning_module_msgs/op3_tuning_module_msgs/srv/detail/get_present_joint_offset_data__type_support.hpp
[7.253s] -- Up-to-date: /home/certezas/robotis_ws/install/op3_tuning_module_msgs/include/op3_tuning_module_msgs/op3_tuning_module_msgs/srv/detail/get_present_joint_offset_data__builder.hpp
[7.253s] -- Up-to-date: /home/certezas/robotis_ws/install/op3_tuning_module_msgs/include/op3_tuning_module_msgs/op3_tuning_module_msgs/srv/detail/get_present_joint_offset_data__struct.hpp
[7.253s] -- Up-to-date: /home/certezas/robotis_ws/install/op3_tuning_module_msgs/include/op3_tuning_module_msgs/op3_tuning_module_msgs/srv/detail/get_present_joint_offset_data__traits.hpp
[7.253s] -- Up-to-date: /home/certezas/robotis_ws/install/op3_tuning_module_msgs/include/op3_tuning_module_msgs/op3_tuning_module_msgs/srv/get_present_joint_offset_data.hpp
[7.253s] -- Up-to-date: /home/certezas/robotis_ws/install/op3_tuning_module_msgs/include/op3_tuning_module_msgs/op3_tuning_module_msgs/msg
[7.253s] -- Up-to-date: /home/certezas/robotis_ws/install/op3_tuning_module_msgs/include/op3_tuning_module_msgs/op3_tuning_module_msgs/msg/joint_offset_data.hpp
[7.253s] -- Up-to-date: /home/certezas/robotis_ws/install/op3_tuning_module_msgs/include/op3_tuning_module_msgs/op3_tuning_module_msgs/msg/rosidl_generator_cpp__visibility_control.hpp
[7.253s] -- Up-to-date: /home/certezas/robotis_ws/install/op3_tuning_module_msgs/include/op3_tuning_module_msgs/op3_tuning_module_msgs/msg/joint_torque_on_off_array.hpp
[7.253s] -- Up-to-date: /home/certezas/robotis_ws/install/op3_tuning_module_msgs/include/op3_tuning_module_msgs/op3_tuning_module_msgs/msg/detail
[7.253s] -- Up-to-date: /home/certezas/robotis_ws/install/op3_tuning_module_msgs/include/op3_tuning_module_msgs/op3_tuning_module_msgs/msg/detail/joint_torque_on_off_array__type_support.hpp
[7.254s] -- Up-to-date: /home/certezas/robotis_ws/install/op3_tuning_module_msgs/include/op3_tuning_module_msgs/op3_tuning_module_msgs/msg/detail/joint_offset_data__struct.hpp
[7.254s] -- Up-to-date: /home/certezas/robotis_ws/install/op3_tuning_module_msgs/include/op3_tuning_module_msgs/op3_tuning_module_msgs/msg/detail/joint_offset_position_data__builder.hpp
[7.254s] -- Up-to-date: /home/certezas/robotis_ws/install/op3_tuning_module_msgs/include/op3_tuning_module_msgs/op3_tuning_module_msgs/msg/detail/joint_torque_on_off__type_support.hpp
[7.254s] -- Up-to-date: /home/certezas/robotis_ws/install/op3_tuning_module_msgs/include/op3_tuning_module_msgs/op3_tuning_module_msgs/msg/detail/joint_torque_on_off__builder.hpp
[7.254s] -- Up-to-date: /home/certezas/robotis_ws/install/op3_tuning_module_msgs/include/op3_tuning_module_msgs/op3_tuning_module_msgs/msg/detail/joint_offset_position_data__struct.hpp
[7.254s] -- Up-to-date: /home/certezas/robotis_ws/install/op3_tuning_module_msgs/include/op3_tuning_module_msgs/op3_tuning_module_msgs/msg/detail/joint_offset_position_data__traits.hpp
[7.254s] -- Up-to-date: /home/certezas/robotis_ws/install/op3_tuning_module_msgs/include/op3_tuning_module_msgs/op3_tuning_module_msgs/msg/detail/joint_torque_on_off_array__struct.hpp
[7.254s] -- Up-to-date: /home/certezas/robotis_ws/install/op3_tuning_module_msgs/include/op3_tuning_module_msgs/op3_tuning_module_msgs/msg/detail/joint_offset_data__type_support.hpp
[7.254s] -- Up-to-date: /home/certezas/robotis_ws/install/op3_tuning_module_msgs/include/op3_tuning_module_msgs/op3_tuning_module_msgs/msg/detail/joint_torque_on_off_array__traits.hpp
[7.254s] -- Up-to-date: /home/certezas/robotis_ws/install/op3_tuning_module_msgs/include/op3_tuning_module_msgs/op3_tuning_module_msgs/msg/detail/joint_offset_position_data__type_support.hpp
[7.254s] -- Up-to-date: /home/certezas/robotis_ws/install/op3_tuning_module_msgs/include/op3_tuning_module_msgs/op3_tuning_module_msgs/msg/detail/joint_offset_data__traits.hpp
[7.254s] -- Up-to-date: /home/certezas/robotis_ws/install/op3_tuning_module_msgs/include/op3_tuning_module_msgs/op3_tuning_module_msgs/msg/detail/joint_torque_on_off__traits.hpp
[7.255s] -- Up-to-date: /home/certezas/robotis_ws/install/op3_tuning_module_msgs/include/op3_tuning_module_msgs/op3_tuning_module_msgs/msg/detail/joint_offset_data__builder.hpp
[7.255s] -- Up-to-date: /home/certezas/robotis_ws/install/op3_tuning_module_msgs/include/op3_tuning_module_msgs/op3_tuning_module_msgs/msg/detail/joint_torque_on_off__struct.hpp
[7.255s] -- Up-to-date: /home/certezas/robotis_ws/install/op3_tuning_module_msgs/include/op3_tuning_module_msgs/op3_tuning_module_msgs/msg/detail/joint_torque_on_off_array__builder.hpp
[7.255s] -- Up-to-date: /home/certezas/robotis_ws/install/op3_tuning_module_msgs/include/op3_tuning_module_msgs/op3_tuning_module_msgs/msg/joint_offset_position_data.hpp
[7.255s] -- Up-to-date: /home/certezas/robotis_ws/install/op3_tuning_module_msgs/include/op3_tuning_module_msgs/op3_tuning_module_msgs/msg/joint_torque_on_off.hpp
[7.255s] -- Up-to-date: /home/certezas/robotis_ws/install/op3_tuning_module_msgs/include/op3_tuning_module_msgs/op3_tuning_module_msgs
[7.255s] -- Up-to-date: /home/certezas/robotis_ws/install/op3_tuning_module_msgs/include/op3_tuning_module_msgs/op3_tuning_module_msgs/srv
[7.255s] -- Up-to-date: /home/certezas/robotis_ws/install/op3_tuning_module_msgs/include/op3_tuning_module_msgs/op3_tuning_module_msgs/srv/detail
[7.255s] -- Up-to-date: /home/certezas/robotis_ws/install/op3_tuning_module_msgs/include/op3_tuning_module_msgs/op3_tuning_module_msgs/srv/detail/dds_fastrtps
[7.259s] -- Up-to-date: /home/certezas/robotis_ws/install/op3_tuning_module_msgs/include/op3_tuning_module_msgs/op3_tuning_module_msgs/srv/detail/get_present_joint_offset_data__rosidl_typesupport_fastrtps_cpp.hpp
[7.260s] -- Up-to-date: /home/certezas/robotis_ws/install/op3_tuning_module_msgs/include/op3_tuning_module_msgs/op3_tuning_module_msgs/msg
[7.260s] -- Up-to-date: /home/certezas/robotis_ws/install/op3_tuning_module_msgs/include/op3_tuning_module_msgs/op3_tuning_module_msgs/msg/rosidl_typesupport_fastrtps_cpp__visibility_control.h
[7.260s] -- Up-to-date: /home/certezas/robotis_ws/install/op3_tuning_module_msgs/include/op3_tuning_module_msgs/op3_tuning_module_msgs/msg/detail
[7.260s] -- Up-to-date: /home/certezas/robotis_ws/install/op3_tuning_module_msgs/include/op3_tuning_module_msgs/op3_tuning_module_msgs/msg/detail/dds_fastrtps
[7.302s] -- Up-to-date: /home/certezas/robotis_ws/install/op3_tuning_module_msgs/include/op3_tuning_module_msgs/op3_tuning_module_msgs/msg/detail/joint_offset_position_data__rosidl_typesupport_fastrtps_cpp.hpp
[7.302s] -- Up-to-date: /home/certezas/robotis_ws/install/op3_tuning_module_msgs/include/op3_tuning_module_msgs/op3_tuning_module_msgs/msg/detail/joint_torque_on_off__rosidl_typesupport_fastrtps_cpp.hpp
[7.302s] -- Up-to-date: /home/certezas/robotis_ws/install/op3_tuning_module_msgs/include/op3_tuning_module_msgs/op3_tuning_module_msgs/msg/detail/joint_offset_data__rosidl_typesupport_fastrtps_cpp.hpp
[7.302s] -- Up-to-date: /home/certezas/robotis_ws/install/op3_tuning_module_msgs/include/op3_tuning_module_msgs/op3_tuning_module_msgs/msg/detail/joint_torque_on_off_array__rosidl_typesupport_fastrtps_cpp.hpp
[7.319s] -- Up-to-date: /home/certezas/robotis_ws/install/op3_tuning_module_msgs/lib/libop3_tuning_module_msgs__rosidl_typesupport_fastrtps_cpp.so
[7.319s] -- Up-to-date: /home/certezas/robotis_ws/install/op3_tuning_module_msgs/include/op3_tuning_module_msgs/op3_tuning_module_msgs
[7.319s] -- Up-to-date: /home/certezas/robotis_ws/install/op3_tuning_module_msgs/include/op3_tuning_module_msgs/op3_tuning_module_msgs/srv
[7.319s] -- Up-to-date: /home/certezas/robotis_ws/install/op3_tuning_module_msgs/include/op3_tuning_module_msgs/op3_tuning_module_msgs/srv/detail
[7.319s] -- Up-to-date: /home/certezas/robotis_ws/install/op3_tuning_module_msgs/include/op3_tuning_module_msgs/op3_tuning_module_msgs/srv/detail/get_present_joint_offset_data__type_support.c
[7.319s] -- Up-to-date: /home/certezas/robotis_ws/install/op3_tuning_module_msgs/include/op3_tuning_module_msgs/op3_tuning_module_msgs/srv/detail/get_present_joint_offset_data__rosidl_typesupport_introspection_c.h
[7.319s] -- Up-to-date: /home/certezas/robotis_ws/install/op3_tuning_module_msgs/include/op3_tuning_module_msgs/op3_tuning_module_msgs/msg
[7.319s] -- Up-to-date: /home/certezas/robotis_ws/install/op3_tuning_module_msgs/include/op3_tuning_module_msgs/op3_tuning_module_msgs/msg/rosidl_typesupport_introspection_c__visibility_control.h
[7.319s] -- Up-to-date: /home/certezas/robotis_ws/install/op3_tuning_module_msgs/include/op3_tuning_module_msgs/op3_tuning_module_msgs/msg/detail
[7.319s] -- Up-to-date: /home/certezas/robotis_ws/install/op3_tuning_module_msgs/include/op3_tuning_module_msgs/op3_tuning_module_msgs/msg/detail/joint_offset_data__type_support.c
[7.319s] -- Up-to-date: /home/certezas/robotis_ws/install/op3_tuning_module_msgs/include/op3_tuning_module_msgs/op3_tuning_module_msgs/msg/detail/joint_offset_position_data__type_support.c
[7.319s] -- Up-to-date: /home/certezas/robotis_ws/install/op3_tuning_module_msgs/include/op3_tuning_module_msgs/op3_tuning_module_msgs/msg/detail/joint_torque_on_off__type_support.c
[7.319s] -- Up-to-date: /home/certezas/robotis_ws/install/op3_tuning_module_msgs/include/op3_tuning_module_msgs/op3_tuning_module_msgs/msg/detail/joint_torque_on_off__rosidl_typesupport_introspection_c.h
[7.319s] -- Up-to-date: /home/certezas/robotis_ws/install/op3_tuning_module_msgs/include/op3_tuning_module_msgs/op3_tuning_module_msgs/msg/detail/joint_offset_data__rosidl_typesupport_introspection_c.h
[7.319s] -- Up-to-date: /home/certezas/robotis_ws/install/op3_tuning_module_msgs/include/op3_tuning_module_msgs/op3_tuning_module_msgs/msg/detail/joint_torque_on_off_array__type_support.c
[7.320s] -- Up-to-date: /home/certezas/robotis_ws/install/op3_tuning_module_msgs/include/op3_tuning_module_msgs/op3_tuning_module_msgs/msg/detail/joint_offset_position_data__rosidl_typesupport_introspection_c.h
[7.320s] -- Up-to-date: /home/certezas/robotis_ws/install/op3_tuning_module_msgs/include/op3_tuning_module_msgs/op3_tuning_module_msgs/msg/detail/joint_torque_on_off_array__rosidl_typesupport_introspection_c.h
[7.510s] -- Up-to-date: /home/certezas/robotis_ws/install/op3_tuning_module_msgs/lib/libop3_tuning_module_msgs__rosidl_typesupport_introspection_c.so
[7.562s] -- Up-to-date: /home/certezas/robotis_ws/install/op3_tuning_module_msgs/lib/libop3_tuning_module_msgs__rosidl_typesupport_c.so
[7.563s] -- Up-to-date: /home/certezas/robotis_ws/install/op3_tuning_module_msgs/include/op3_tuning_module_msgs/op3_tuning_module_msgs
[7.563s] -- Up-to-date: /home/certezas/robotis_ws/install/op3_tuning_module_msgs/include/op3_tuning_module_msgs/op3_tuning_module_msgs/srv
[7.563s] -- Up-to-date: /home/certezas/robotis_ws/install/op3_tuning_module_msgs/include/op3_tuning_module_msgs/op3_tuning_module_msgs/srv/detail
[7.563s] -- Up-to-date: /home/certezas/robotis_ws/install/op3_tuning_module_msgs/include/op3_tuning_module_msgs/op3_tuning_module_msgs/srv/detail/get_present_joint_offset_data__rosidl_typesupport_introspection_cpp.hpp
[7.563s] -- Up-to-date: /home/certezas/robotis_ws/install/op3_tuning_module_msgs/include/op3_tuning_module_msgs/op3_tuning_module_msgs/srv/detail/get_present_joint_offset_data__type_support.cpp
[7.563s] -- Up-to-date: /home/certezas/robotis_ws/install/op3_tuning_module_msgs/include/op3_tuning_module_msgs/op3_tuning_module_msgs/msg
[7.563s] -- Up-to-date: /home/certezas/robotis_ws/install/op3_tuning_module_msgs/include/op3_tuning_module_msgs/op3_tuning_module_msgs/msg/detail
[7.568s] -- Up-to-date: /home/certezas/robotis_ws/install/op3_tuning_module_msgs/include/op3_tuning_module_msgs/op3_tuning_module_msgs/msg/detail/joint_torque_on_off__rosidl_typesupport_introspection_cpp.hpp
[7.568s] -- Up-to-date: /home/certezas/robotis_ws/install/op3_tuning_module_msgs/include/op3_tuning_module_msgs/op3_tuning_module_msgs/msg/detail/joint_offset_data__rosidl_typesupport_introspection_cpp.hpp
[7.568s] -- Up-to-date: /home/certezas/robotis_ws/install/op3_tuning_module_msgs/include/op3_tuning_module_msgs/op3_tuning_module_msgs/msg/detail/joint_offset_position_data__rosidl_typesupport_introspection_cpp.hpp
[7.568s] -- Up-to-date: /home/certezas/robotis_ws/install/op3_tuning_module_msgs/include/op3_tuning_module_msgs/op3_tuning_module_msgs/msg/detail/joint_torque_on_off__type_support.cpp
[7.568s] -- Up-to-date: /home/certezas/robotis_ws/install/op3_tuning_module_msgs/include/op3_tuning_module_msgs/op3_tuning_module_msgs/msg/detail/joint_torque_on_off_array__type_support.cpp
[7.568s] -- Up-to-date: /home/certezas/robotis_ws/install/op3_tuning_module_msgs/include/op3_tuning_module_msgs/op3_tuning_module_msgs/msg/detail/joint_offset_data__type_support.cpp
[7.568s] -- Up-to-date: /home/certezas/robotis_ws/install/op3_tuning_module_msgs/include/op3_tuning_module_msgs/op3_tuning_module_msgs/msg/detail/joint_torque_on_off_array__rosidl_typesupport_introspection_cpp.hpp
[7.568s] -- Up-to-date: /home/certezas/robotis_ws/install/op3_tuning_module_msgs/include/op3_tuning_module_msgs/op3_tuning_module_msgs/msg/detail/joint_offset_position_data__type_support.cpp
[7.675s] -- Up-to-date: /home/certezas/robotis_ws/install/op3_tuning_module_msgs/lib/libop3_tuning_module_msgs__rosidl_typesupport_introspection_cpp.so
[7.723s] -- Up-to-date: /home/certezas/robotis_ws/install/op3_tuning_module_msgs/lib/libop3_tuning_module_msgs__rosidl_typesupport_cpp.so
[7.723s] -- Up-to-date: /home/certezas/robotis_ws/install/op3_tuning_module_msgs/share/op3_tuning_module_msgs/environment/pythonpath.sh
[7.723s] -- Up-to-date: /home/certezas/robotis_ws/install/op3_tuning_module_msgs/share/op3_tuning_module_msgs/environment/pythonpath.dsv
[7.723s] -- Up-to-date: /home/certezas/robotis_ws/install/op3_tuning_module_msgs/local/lib/python3.10/dist-packages/op3_tuning_module_msgs-0.0.1-py3.10.egg-info
[7.724s] -- Installing: /home/certezas/robotis_ws/install/op3_tuning_module_msgs/local/lib/python3.10/dist-packages/op3_tuning_module_msgs-0.0.1-py3.10.egg-info/PKG-INFO
[7.724s] -- Installing: /home/certezas/robotis_ws/install/op3_tuning_module_msgs/local/lib/python3.10/dist-packages/op3_tuning_module_msgs-0.0.1-py3.10.egg-info/dependency_links.txt
[7.724s] -- Installing: /home/certezas/robotis_ws/install/op3_tuning_module_msgs/local/lib/python3.10/dist-packages/op3_tuning_module_msgs-0.0.1-py3.10.egg-info/top_level.txt
[7.724s] -- Installing: /home/certezas/robotis_ws/install/op3_tuning_module_msgs/local/lib/python3.10/dist-packages/op3_tuning_module_msgs-0.0.1-py3.10.egg-info/SOURCES.txt
[7.725s] -- Up-to-date: /home/certezas/robotis_ws/install/op3_tuning_module_msgs/local/lib/python3.10/dist-packages/op3_tuning_module_msgs
[7.725s] -- Up-to-date: /home/certezas/robotis_ws/install/op3_tuning_module_msgs/local/lib/python3.10/dist-packages/op3_tuning_module_msgs/op3_tuning_module_msgs_s__rosidl_typesupport_introspection_c.cpython-310-x86_64-linux-gnu.so
[7.725s] -- Up-to-date: /home/certezas/robotis_ws/install/op3_tuning_module_msgs/local/lib/python3.10/dist-packages/op3_tuning_module_msgs/libop3_tuning_module_msgs__rosidl_generator_py.so
[7.725s] -- Up-to-date: /home/certezas/robotis_ws/install/op3_tuning_module_msgs/local/lib/python3.10/dist-packages/op3_tuning_module_msgs/__init__.py
[7.725s] -- Up-to-date: /home/certezas/robotis_ws/install/op3_tuning_module_msgs/local/lib/python3.10/dist-packages/op3_tuning_module_msgs/_op3_tuning_module_msgs_s.ep.rosidl_typesupport_fastrtps_c.c
[7.725s] -- Up-to-date: /home/certezas/robotis_ws/install/op3_tuning_module_msgs/local/lib/python3.10/dist-packages/op3_tuning_module_msgs/srv
[7.725s] -- Up-to-date: /home/certezas/robotis_ws/install/op3_tuning_module_msgs/local/lib/python3.10/dist-packages/op3_tuning_module_msgs/srv/__init__.py
[7.725s] -- Up-to-date: /home/certezas/robotis_ws/install/op3_tuning_module_msgs/local/lib/python3.10/dist-packages/op3_tuning_module_msgs/srv/_get_present_joint_offset_data.py
[7.725s] -- Up-to-date: /home/certezas/robotis_ws/install/op3_tuning_module_msgs/local/lib/python3.10/dist-packages/op3_tuning_module_msgs/srv/_get_present_joint_offset_data_s.c
[7.726s] -- Up-to-date: /home/certezas/robotis_ws/install/op3_tuning_module_msgs/local/lib/python3.10/dist-packages/op3_tuning_module_msgs/op3_tuning_module_msgs_s__rosidl_typesupport_c.cpython-310-x86_64-linux-gnu.so
[7.726s] -- Up-to-date: /home/certezas/robotis_ws/install/op3_tuning_module_msgs/local/lib/python3.10/dist-packages/op3_tuning_module_msgs/_op3_tuning_module_msgs_s.ep.rosidl_typesupport_introspection_c.c
[7.726s] -- Up-to-date: /home/certezas/robotis_ws/install/op3_tuning_module_msgs/local/lib/python3.10/dist-packages/op3_tuning_module_msgs/op3_tuning_module_msgs_s__rosidl_typesupport_fastrtps_c.cpython-310-x86_64-linux-gnu.so
[7.726s] -- Up-to-date: /home/certezas/robotis_ws/install/op3_tuning_module_msgs/local/lib/python3.10/dist-packages/op3_tuning_module_msgs/msg
[7.726s] -- Up-to-date: /home/certezas/robotis_ws/install/op3_tuning_module_msgs/local/lib/python3.10/dist-packages/op3_tuning_module_msgs/msg/_joint_torque_on_off_array_s.c
[7.726s] -- Up-to-date: /home/certezas/robotis_ws/install/op3_tuning_module_msgs/local/lib/python3.10/dist-packages/op3_tuning_module_msgs/msg/_joint_offset_data.py
[7.726s] -- Up-to-date: /home/certezas/robotis_ws/install/op3_tuning_module_msgs/local/lib/python3.10/dist-packages/op3_tuning_module_msgs/msg/_joint_offset_position_data_s.c
[7.726s] -- Up-to-date: /home/certezas/robotis_ws/install/op3_tuning_module_msgs/local/lib/python3.10/dist-packages/op3_tuning_module_msgs/msg/__init__.py
[7.726s] -- Up-to-date: /home/certezas/robotis_ws/install/op3_tuning_module_msgs/local/lib/python3.10/dist-packages/op3_tuning_module_msgs/msg/_joint_torque_on_off_s.c
[7.726s] -- Up-to-date: /home/certezas/robotis_ws/install/op3_tuning_module_msgs/local/lib/python3.10/dist-packages/op3_tuning_module_msgs/msg/_joint_torque_on_off_array.py
[7.726s] -- Up-to-date: /home/certezas/robotis_ws/install/op3_tuning_module_msgs/local/lib/python3.10/dist-packages/op3_tuning_module_msgs/msg/_joint_offset_position_data.py
[7.726s] -- Up-to-date: /home/certezas/robotis_ws/install/op3_tuning_module_msgs/local/lib/python3.10/dist-packages/op3_tuning_module_msgs/msg/_joint_offset_data_s.c
[7.726s] -- Up-to-date: /home/certezas/robotis_ws/install/op3_tuning_module_msgs/local/lib/python3.10/dist-packages/op3_tuning_module_msgs/msg/_joint_torque_on_off.py
[7.726s] -- Up-to-date: /home/certezas/robotis_ws/install/op3_tuning_module_msgs/local/lib/python3.10/dist-packages/op3_tuning_module_msgs/_op3_tuning_module_msgs_s.ep.rosidl_typesupport_c.c
[7.939s] Listing '/home/certezas/robotis_ws/install/op3_tuning_module_msgs/local/lib/python3.10/dist-packages/op3_tuning_module_msgs'...
[7.940s] Listing '/home/certezas/robotis_ws/install/op3_tuning_module_msgs/local/lib/python3.10/dist-packages/op3_tuning_module_msgs/msg'...
[7.940s] Listing '/home/certezas/robotis_ws/install/op3_tuning_module_msgs/local/lib/python3.10/dist-packages/op3_tuning_module_msgs/srv'...
[7.970s] -- Up-to-date: /home/certezas/robotis_ws/install/op3_tuning_module_msgs/local/lib/python3.10/dist-packages/op3_tuning_module_msgs/op3_tuning_module_msgs_s__rosidl_typesupport_fastrtps_c.cpython-310-x86_64-linux-gnu.so
[7.976s] -- Up-to-date: /home/certezas/robotis_ws/install/op3_tuning_module_msgs/local/lib/python3.10/dist-packages/op3_tuning_module_msgs/op3_tuning_module_msgs_s__rosidl_typesupport_introspection_c.cpython-310-x86_64-linux-gnu.so
[7.977s] -- Up-to-date: /home/certezas/robotis_ws/install/op3_tuning_module_msgs/local/lib/python3.10/dist-packages/op3_tuning_module_msgs/op3_tuning_module_msgs_s__rosidl_typesupport_c.cpython-310-x86_64-linux-gnu.so
[8.086s] -- Up-to-date: /home/certezas/robotis_ws/install/op3_tuning_module_msgs/lib/libop3_tuning_module_msgs__rosidl_generator_py.so
[8.087s] -- Up-to-date: /home/certezas/robotis_ws/install/op3_tuning_module_msgs/share/op3_tuning_module_msgs/msg/JointOffsetData.idl
[8.087s] -- Up-to-date: /home/certezas/robotis_ws/install/op3_tuning_module_msgs/share/op3_tuning_module_msgs/msg/JointOffsetPositionData.idl
[8.087s] -- Up-to-date: /home/certezas/robotis_ws/install/op3_tuning_module_msgs/share/op3_tuning_module_msgs/msg/JointTorqueOnOff.idl
[8.087s] -- Up-to-date: /home/certezas/robotis_ws/install/op3_tuning_module_msgs/share/op3_tuning_module_msgs/msg/JointTorqueOnOffArray.idl
[8.087s] -- Up-to-date: /home/certezas/robotis_ws/install/op3_tuning_module_msgs/share/op3_tuning_module_msgs/srv/GetPresentJointOffsetData.idl
[8.087s] -- Up-to-date: /home/certezas/robotis_ws/install/op3_tuning_module_msgs/share/op3_tuning_module_msgs/msg/JointOffsetData.msg
[8.087s] -- Up-to-date: /home/certezas/robotis_ws/install/op3_tuning_module_msgs/share/op3_tuning_module_msgs/msg/JointOffsetPositionData.msg
[8.087s] -- Up-to-date: /home/certezas/robotis_ws/install/op3_tuning_module_msgs/share/op3_tuning_module_msgs/msg/JointTorqueOnOff.msg
[8.087s] -- Up-to-date: /home/certezas/robotis_ws/install/op3_tuning_module_msgs/share/op3_tuning_module_msgs/msg/JointTorqueOnOffArray.msg
[8.087s] -- Up-to-date: /home/certezas/robotis_ws/install/op3_tuning_module_msgs/share/op3_tuning_module_msgs/srv/GetPresentJointOffsetData.srv
[8.087s] -- Up-to-date: /home/certezas/robotis_ws/install/op3_tuning_module_msgs/share/op3_tuning_module_msgs/srv/GetPresentJointOffsetData_Request.msg
[8.087s] -- Up-to-date: /home/certezas/robotis_ws/install/op3_tuning_module_msgs/share/op3_tuning_module_msgs/srv/GetPresentJointOffsetData_Response.msg
[8.088s] -- Up-to-date: /home/certezas/robotis_ws/install/op3_tuning_module_msgs/share/ament_index/resource_index/package_run_dependencies/op3_tuning_module_msgs
[8.088s] -- Up-to-date: /home/certezas/robotis_ws/install/op3_tuning_module_msgs/share/ament_index/resource_index/parent_prefix_path/op3_tuning_module_msgs
[8.088s] -- Up-to-date: /home/certezas/robotis_ws/install/op3_tuning_module_msgs/share/op3_tuning_module_msgs/environment/ament_prefix_path.sh
[8.088s] -- Up-to-date: /home/certezas/robotis_ws/install/op3_tuning_module_msgs/share/op3_tuning_module_msgs/environment/ament_prefix_path.dsv
[8.088s] -- Up-to-date: /home/certezas/robotis_ws/install/op3_tuning_module_msgs/share/op3_tuning_module_msgs/environment/path.sh
[8.088s] -- Up-to-date: /home/certezas/robotis_ws/install/op3_tuning_module_msgs/share/op3_tuning_module_msgs/environment/path.dsv
[8.088s] -- Up-to-date: /home/certezas/robotis_ws/install/op3_tuning_module_msgs/share/op3_tuning_module_msgs/local_setup.bash
[8.088s] -- Up-to-date: /home/certezas/robotis_ws/install/op3_tuning_module_msgs/share/op3_tuning_module_msgs/local_setup.sh
[8.088s] -- Up-to-date: /home/certezas/robotis_ws/install/op3_tuning_module_msgs/share/op3_tuning_module_msgs/local_setup.zsh
[8.088s] -- Up-to-date: /home/certezas/robotis_ws/install/op3_tuning_module_msgs/share/op3_tuning_module_msgs/local_setup.dsv
[8.088s] -- Installing: /home/certezas/robotis_ws/install/op3_tuning_module_msgs/share/op3_tuning_module_msgs/package.dsv
[8.118s] -- Up-to-date: /home/certezas/robotis_ws/install/op3_tuning_module_msgs/share/ament_index/resource_index/packages/op3_tuning_module_msgs
[8.140s] -- Up-to-date: /home/certezas/robotis_ws/install/op3_tuning_module_msgs/share/op3_tuning_module_msgs/cmake/export_op3_tuning_module_msgs__rosidl_generator_cExport.cmake
[8.140s] -- Up-to-date: /home/certezas/robotis_ws/install/op3_tuning_module_msgs/share/op3_tuning_module_msgs/cmake/export_op3_tuning_module_msgs__rosidl_generator_cExport-noconfig.cmake
[8.174s] -- Up-to-date: /home/certezas/robotis_ws/install/op3_tuning_module_msgs/share/op3_tuning_module_msgs/cmake/export_op3_tuning_module_msgs__rosidl_typesupport_fastrtps_cExport.cmake
[8.174s] -- Up-to-date: /home/certezas/robotis_ws/install/op3_tuning_module_msgs/share/op3_tuning_module_msgs/cmake/export_op3_tuning_module_msgs__rosidl_typesupport_fastrtps_cExport-noconfig.cmake
[8.192s] -- Up-to-date: /home/certezas/robotis_ws/install/op3_tuning_module_msgs/share/op3_tuning_module_msgs/cmake/export_op3_tuning_module_msgs__rosidl_generator_cppExport.cmake
[8.274s] -- Up-to-date: /home/certezas/robotis_ws/install/op3_tuning_module_msgs/share/op3_tuning_module_msgs/cmake/export_op3_tuning_module_msgs__rosidl_typesupport_fastrtps_cppExport.cmake
[8.275s] -- Up-to-date: /home/certezas/robotis_ws/install/op3_tuning_module_msgs/share/op3_tuning_module_msgs/cmake/export_op3_tuning_module_msgs__rosidl_typesupport_fastrtps_cppExport-noconfig.cmake
[8.297s] -- Up-to-date: /home/certezas/robotis_ws/install/op3_tuning_module_msgs/share/op3_tuning_module_msgs/cmake/op3_tuning_module_msgs__rosidl_typesupport_introspection_cExport.cmake
[8.298s] -- Up-to-date: /home/certezas/robotis_ws/install/op3_tuning_module_msgs/share/op3_tuning_module_msgs/cmake/op3_tuning_module_msgs__rosidl_typesupport_introspection_cExport-noconfig.cmake
[8.299s] -- Up-to-date: /home/certezas/robotis_ws/install/op3_tuning_module_msgs/share/op3_tuning_module_msgs/cmake/op3_tuning_module_msgs__rosidl_typesupport_cExport.cmake
[8.299s] -- Up-to-date: /home/certezas/robotis_ws/install/op3_tuning_module_msgs/share/op3_tuning_module_msgs/cmake/op3_tuning_module_msgs__rosidl_typesupport_cExport-noconfig.cmake
[8.299s] -- Up-to-date: /home/certezas/robotis_ws/install/op3_tuning_module_msgs/share/op3_tuning_module_msgs/cmake/op3_tuning_module_msgs__rosidl_typesupport_introspection_cppExport.cmake
[8.299s] -- Up-to-date: /home/certezas/robotis_ws/install/op3_tuning_module_msgs/share/op3_tuning_module_msgs/cmake/op3_tuning_module_msgs__rosidl_typesupport_introspection_cppExport-noconfig.cmake
[8.299s] -- Up-to-date: /home/certezas/robotis_ws/install/op3_tuning_module_msgs/share/op3_tuning_module_msgs/cmake/op3_tuning_module_msgs__rosidl_typesupport_cppExport.cmake
[8.299s] -- Up-to-date: /home/certezas/robotis_ws/install/op3_tuning_module_msgs/share/op3_tuning_module_msgs/cmake/op3_tuning_module_msgs__rosidl_typesupport_cppExport-noconfig.cmake
[8.317s] -- Up-to-date: /home/certezas/robotis_ws/install/op3_tuning_module_msgs/share/op3_tuning_module_msgs/cmake/export_op3_tuning_module_msgs__rosidl_generator_pyExport.cmake
[8.317s] -- Up-to-date: /home/certezas/robotis_ws/install/op3_tuning_module_msgs/share/op3_tuning_module_msgs/cmake/export_op3_tuning_module_msgs__rosidl_generator_pyExport-noconfig.cmake
[8.317s] -- Up-to-date: /home/certezas/robotis_ws/install/op3_tuning_module_msgs/share/op3_tuning_module_msgs/cmake/rosidl_cmake-extras.cmake
[8.317s] -- Up-to-date: /home/certezas/robotis_ws/install/op3_tuning_module_msgs/share/op3_tuning_module_msgs/cmake/ament_cmake_export_dependencies-extras.cmake
[8.317s] -- Up-to-date: /home/certezas/robotis_ws/install/op3_tuning_module_msgs/share/op3_tuning_module_msgs/cmake/ament_cmake_export_include_directories-extras.cmake
[8.317s] -- Up-to-date: /home/certezas/robotis_ws/install/op3_tuning_module_msgs/share/op3_tuning_module_msgs/cmake/ament_cmake_export_libraries-extras.cmake
[8.317s] -- Up-to-date: /home/certezas/robotis_ws/install/op3_tuning_module_msgs/share/op3_tuning_module_msgs/cmake/ament_cmake_export_targets-extras.cmake
[8.317s] -- Up-to-date: /home/certezas/robotis_ws/install/op3_tuning_module_msgs/share/op3_tuning_module_msgs/cmake/rosidl_cmake_export_typesupport_targets-extras.cmake
[8.317s] -- Up-to-date: /home/certezas/robotis_ws/install/op3_tuning_module_msgs/share/op3_tuning_module_msgs/cmake/rosidl_cmake_export_typesupport_libraries-extras.cmake
[8.317s] -- Up-to-date: /home/certezas/robotis_ws/install/op3_tuning_module_msgs/share/op3_tuning_module_msgs/cmake/op3_tuning_module_msgsConfig.cmake
[8.317s] -- Up-to-date: /home/certezas/robotis_ws/install/op3_tuning_module_msgs/share/op3_tuning_module_msgs/cmake/op3_tuning_module_msgsConfig-version.cmake
[8.317s] -- Up-to-date: /home/certezas/robotis_ws/install/op3_tuning_module_msgs/share/op3_tuning_module_msgs/package.xml
[9.130s] Invoked command in '/home/certezas/robotis_ws/build/op3_tuning_module_msgs' returned '0': CMAKE_PREFIX_PATH=${CMAKE_PREFIX_PATH}:/opt/ros/humble /usr/bin/cmake --install /home/certezas/robotis_ws/build/op3_tuning_module_msgs
