[0.437s] Invoking command in '/home/certezas/robotis_ws/build/op3_action_module_msgs': CMAKE_PREFIX_PATH=${CMAKE_PREFIX_PATH}:/opt/ros/humble /usr/bin/cmake --build /home/certezas/robotis_ws/build/op3_action_module_msgs -- -j12 -l12
[2.177s] [  2%] Built target op3_action_module_msgs__cpp
[3.993s] [ 12%] Built target op3_action_module_msgs__rosidl_generator_c
[3.993s] [ 23%] Built target op3_action_module_msgs__rosidl_typesupport_introspection_cpp
[4.044s] [ 33%] Built target op3_action_module_msgs__rosidl_typesupport_cpp
[4.060s] [ 43%] Built target op3_action_module_msgs__rosidl_typesupport_fastrtps_cpp
[5.333s] [ 64%] Built target op3_action_module_msgs__rosidl_typesupport_c
[5.333s] [ 64%] Built target op3_action_module_msgs__rosidl_typesupport_introspection_c
[5.341s] [ 74%] Built target op3_action_module_msgs__rosidl_typesupport_fastrtps_c
[5.618s] [ 74%] Built target op3_action_module_msgs
[6.628s] [ 74%] Built target ament_cmake_python_copy_op3_action_module_msgs
[6.761s] [ 76%] Built target op3_action_module_msgs__py
[7.254s] [ 84%] Built target op3_action_module_msgs__rosidl_generator_py
[7.494s] running egg_info
[7.494s] writing op3_action_module_msgs.egg-info/PKG-INFO
[7.503s] writing dependency_links to op3_action_module_msgs.egg-info/dependency_links.txt
[7.513s] writing top-level names to op3_action_module_msgs.egg-info/top_level.txt
[7.523s] reading manifest file 'op3_action_module_msgs.egg-info/SOURCES.txt'
[7.659s] writing manifest file 'op3_action_module_msgs.egg-info/SOURCES.txt'
[7.688s] [ 84%] Built target ament_cmake_python_build_op3_action_module_msgs_egg
[7.701s] [ 89%] Built target op3_action_module_msgs__rosidl_typesupport_fastrtps_c__pyext
[8.429s] [ 94%] Built target op3_action_module_msgs__rosidl_typesupport_introspection_c__pyext
[8.559s] [100%] Built target op3_action_module_msgs__rosidl_typesupport_c__pyext
[8.568s] Invoked command in '/home/certezas/robotis_ws/build/op3_action_module_msgs' returned '0': CMAKE_PREFIX_PATH=${CMAKE_PREFIX_PATH}:/opt/ros/humble /usr/bin/cmake --build /home/certezas/robotis_ws/build/op3_action_module_msgs -- -j12 -l12
[8.682s] Invoking command in '/home/certezas/robotis_ws/build/op3_action_module_msgs': CMAKE_PREFIX_PATH=${CMAKE_PREFIX_PATH}:/opt/ros/humble /usr/bin/cmake --install /home/certezas/robotis_ws/build/op3_action_module_msgs
[10.677s] -- Install configuration: ""
[10.677s] -- Up-to-date: /home/certezas/robotis_ws/install/op3_action_module_msgs/share/ament_index/resource_index/rosidl_interfaces/op3_action_module_msgs
[10.677s] -- Up-to-date: /home/certezas/robotis_ws/install/op3_action_module_msgs/include/op3_action_module_msgs/op3_action_module_msgs
[10.678s] -- Up-to-date: /home/certezas/robotis_ws/install/op3_action_module_msgs/include/op3_action_module_msgs/op3_action_module_msgs/srv
[10.678s] -- Up-to-date: /home/certezas/robotis_ws/install/op3_action_module_msgs/include/op3_action_module_msgs/op3_action_module_msgs/srv/is_running.h
[10.678s] -- Up-to-date: /home/certezas/robotis_ws/install/op3_action_module_msgs/include/op3_action_module_msgs/op3_action_module_msgs/srv/detail
[10.678s] -- Up-to-date: /home/certezas/robotis_ws/install/op3_action_module_msgs/include/op3_action_module_msgs/op3_action_module_msgs/srv/detail/is_running__functions.h
[10.678s] -- Up-to-date: /home/certezas/robotis_ws/install/op3_action_module_msgs/include/op3_action_module_msgs/op3_action_module_msgs/srv/detail/is_running__struct.h
[10.678s] -- Up-to-date: /home/certezas/robotis_ws/install/op3_action_module_msgs/include/op3_action_module_msgs/op3_action_module_msgs/srv/detail/is_running__functions.c
[10.678s] -- Up-to-date: /home/certezas/robotis_ws/install/op3_action_module_msgs/include/op3_action_module_msgs/op3_action_module_msgs/srv/detail/is_running__type_support.h
[10.678s] -- Up-to-date: /home/certezas/robotis_ws/install/op3_action_module_msgs/include/op3_action_module_msgs/op3_action_module_msgs/msg
[10.678s] -- Up-to-date: /home/certezas/robotis_ws/install/op3_action_module_msgs/include/op3_action_module_msgs/op3_action_module_msgs/msg/rosidl_generator_c__visibility_control.h
[10.679s] -- Up-to-date: /home/certezas/robotis_ws/install/op3_action_module_msgs/include/op3_action_module_msgs/op3_action_module_msgs/msg/start_action.h
[10.679s] -- Up-to-date: /home/certezas/robotis_ws/install/op3_action_module_msgs/include/op3_action_module_msgs/op3_action_module_msgs/msg/detail
[10.679s] -- Up-to-date: /home/certezas/robotis_ws/install/op3_action_module_msgs/include/op3_action_module_msgs/op3_action_module_msgs/msg/detail/start_action__functions.c
[10.679s] -- Up-to-date: /home/certezas/robotis_ws/install/op3_action_module_msgs/include/op3_action_module_msgs/op3_action_module_msgs/msg/detail/start_action__functions.h
[10.679s] -- Up-to-date: /home/certezas/robotis_ws/install/op3_action_module_msgs/include/op3_action_module_msgs/op3_action_module_msgs/msg/detail/start_action__type_support.h
[10.680s] -- Up-to-date: /home/certezas/robotis_ws/install/op3_action_module_msgs/include/op3_action_module_msgs/op3_action_module_msgs/msg/detail/start_action__struct.h
[10.680s] -- Up-to-date: /home/certezas/robotis_ws/install/op3_action_module_msgs/share/op3_action_module_msgs/environment/library_path.sh
[10.680s] -- Up-to-date: /home/certezas/robotis_ws/install/op3_action_module_msgs/share/op3_action_module_msgs/environment/library_path.dsv
[10.680s] -- Up-to-date: /home/certezas/robotis_ws/install/op3_action_module_msgs/lib/libop3_action_module_msgs__rosidl_generator_c.so
[10.680s] -- Up-to-date: /home/certezas/robotis_ws/install/op3_action_module_msgs/include/op3_action_module_msgs/op3_action_module_msgs
[10.680s] -- Up-to-date: /home/certezas/robotis_ws/install/op3_action_module_msgs/include/op3_action_module_msgs/op3_action_module_msgs/srv
[10.680s] -- Up-to-date: /home/certezas/robotis_ws/install/op3_action_module_msgs/include/op3_action_module_msgs/op3_action_module_msgs/srv/detail
[10.680s] -- Up-to-date: /home/certezas/robotis_ws/install/op3_action_module_msgs/include/op3_action_module_msgs/op3_action_module_msgs/srv/detail/is_running__rosidl_typesupport_fastrtps_c.h
[10.680s] -- Up-to-date: /home/certezas/robotis_ws/install/op3_action_module_msgs/include/op3_action_module_msgs/op3_action_module_msgs/msg
[10.680s] -- Up-to-date: /home/certezas/robotis_ws/install/op3_action_module_msgs/include/op3_action_module_msgs/op3_action_module_msgs/msg/detail
[10.680s] -- Up-to-date: /home/certezas/robotis_ws/install/op3_action_module_msgs/include/op3_action_module_msgs/op3_action_module_msgs/msg/detail/start_action__rosidl_typesupport_fastrtps_c.h
[10.680s] -- Up-to-date: /home/certezas/robotis_ws/install/op3_action_module_msgs/include/op3_action_module_msgs/op3_action_module_msgs/msg/rosidl_typesupport_fastrtps_c__visibility_control.h
[10.680s] -- Up-to-date: /home/certezas/robotis_ws/install/op3_action_module_msgs/lib/libop3_action_module_msgs__rosidl_typesupport_fastrtps_c.so
[10.680s] -- Up-to-date: /home/certezas/robotis_ws/install/op3_action_module_msgs/include/op3_action_module_msgs/op3_action_module_msgs
[10.680s] -- Up-to-date: /home/certezas/robotis_ws/install/op3_action_module_msgs/include/op3_action_module_msgs/op3_action_module_msgs/srv
[10.680s] -- Up-to-date: /home/certezas/robotis_ws/install/op3_action_module_msgs/include/op3_action_module_msgs/op3_action_module_msgs/srv/is_running.hpp
[10.680s] -- Up-to-date: /home/certezas/robotis_ws/install/op3_action_module_msgs/include/op3_action_module_msgs/op3_action_module_msgs/srv/detail
[10.680s] -- Up-to-date: /home/certezas/robotis_ws/install/op3_action_module_msgs/include/op3_action_module_msgs/op3_action_module_msgs/srv/detail/is_running__struct.hpp
[10.681s] -- Up-to-date: /home/certezas/robotis_ws/install/op3_action_module_msgs/include/op3_action_module_msgs/op3_action_module_msgs/srv/detail/is_running__traits.hpp
[10.681s] -- Up-to-date: /home/certezas/robotis_ws/install/op3_action_module_msgs/include/op3_action_module_msgs/op3_action_module_msgs/srv/detail/is_running__type_support.hpp
[10.681s] -- Up-to-date: /home/certezas/robotis_ws/install/op3_action_module_msgs/include/op3_action_module_msgs/op3_action_module_msgs/srv/detail/is_running__builder.hpp
[10.681s] -- Up-to-date: /home/certezas/robotis_ws/install/op3_action_module_msgs/include/op3_action_module_msgs/op3_action_module_msgs/msg
[10.681s] -- Up-to-date: /home/certezas/robotis_ws/install/op3_action_module_msgs/include/op3_action_module_msgs/op3_action_module_msgs/msg/rosidl_generator_cpp__visibility_control.hpp
[10.681s] -- Up-to-date: /home/certezas/robotis_ws/install/op3_action_module_msgs/include/op3_action_module_msgs/op3_action_module_msgs/msg/detail
[10.681s] -- Up-to-date: /home/certezas/robotis_ws/install/op3_action_module_msgs/include/op3_action_module_msgs/op3_action_module_msgs/msg/detail/start_action__traits.hpp
[10.681s] -- Up-to-date: /home/certezas/robotis_ws/install/op3_action_module_msgs/include/op3_action_module_msgs/op3_action_module_msgs/msg/detail/start_action__type_support.hpp
[10.681s] -- Up-to-date: /home/certezas/robotis_ws/install/op3_action_module_msgs/include/op3_action_module_msgs/op3_action_module_msgs/msg/detail/start_action__builder.hpp
[10.681s] -- Up-to-date: /home/certezas/robotis_ws/install/op3_action_module_msgs/include/op3_action_module_msgs/op3_action_module_msgs/msg/detail/start_action__struct.hpp
[10.681s] -- Up-to-date: /home/certezas/robotis_ws/install/op3_action_module_msgs/include/op3_action_module_msgs/op3_action_module_msgs/msg/start_action.hpp
[10.681s] -- Up-to-date: /home/certezas/robotis_ws/install/op3_action_module_msgs/include/op3_action_module_msgs/op3_action_module_msgs
[10.681s] -- Up-to-date: /home/certezas/robotis_ws/install/op3_action_module_msgs/include/op3_action_module_msgs/op3_action_module_msgs/srv
[10.681s] -- Up-to-date: /home/certezas/robotis_ws/install/op3_action_module_msgs/include/op3_action_module_msgs/op3_action_module_msgs/srv/detail
[10.681s] -- Up-to-date: /home/certezas/robotis_ws/install/op3_action_module_msgs/include/op3_action_module_msgs/op3_action_module_msgs/srv/detail/dds_fastrtps
[10.681s] -- Up-to-date: /home/certezas/robotis_ws/install/op3_action_module_msgs/include/op3_action_module_msgs/op3_action_module_msgs/srv/detail/is_running__rosidl_typesupport_fastrtps_cpp.hpp
[10.681s] -- Up-to-date: /home/certezas/robotis_ws/install/op3_action_module_msgs/include/op3_action_module_msgs/op3_action_module_msgs/msg
[10.681s] -- Up-to-date: /home/certezas/robotis_ws/install/op3_action_module_msgs/include/op3_action_module_msgs/op3_action_module_msgs/msg/rosidl_typesupport_fastrtps_cpp__visibility_control.h
[10.681s] -- Up-to-date: /home/certezas/robotis_ws/install/op3_action_module_msgs/include/op3_action_module_msgs/op3_action_module_msgs/msg/detail
[10.681s] -- Up-to-date: /home/certezas/robotis_ws/install/op3_action_module_msgs/include/op3_action_module_msgs/op3_action_module_msgs/msg/detail/dds_fastrtps
[10.682s] -- Up-to-date: /home/certezas/robotis_ws/install/op3_action_module_msgs/include/op3_action_module_msgs/op3_action_module_msgs/msg/detail/start_action__rosidl_typesupport_fastrtps_cpp.hpp
[10.682s] -- Up-to-date: /home/certezas/robotis_ws/install/op3_action_module_msgs/lib/libop3_action_module_msgs__rosidl_typesupport_fastrtps_cpp.so
[10.682s] -- Up-to-date: /home/certezas/robotis_ws/install/op3_action_module_msgs/include/op3_action_module_msgs/op3_action_module_msgs
[10.682s] -- Up-to-date: /home/certezas/robotis_ws/install/op3_action_module_msgs/include/op3_action_module_msgs/op3_action_module_msgs/srv
[10.682s] -- Up-to-date: /home/certezas/robotis_ws/install/op3_action_module_msgs/include/op3_action_module_msgs/op3_action_module_msgs/srv/detail
[10.682s] -- Up-to-date: /home/certezas/robotis_ws/install/op3_action_module_msgs/include/op3_action_module_msgs/op3_action_module_msgs/srv/detail/is_running__rosidl_typesupport_introspection_c.h
[10.682s] -- Up-to-date: /home/certezas/robotis_ws/install/op3_action_module_msgs/include/op3_action_module_msgs/op3_action_module_msgs/srv/detail/is_running__type_support.c
[10.682s] -- Up-to-date: /home/certezas/robotis_ws/install/op3_action_module_msgs/include/op3_action_module_msgs/op3_action_module_msgs/msg
[10.682s] -- Up-to-date: /home/certezas/robotis_ws/install/op3_action_module_msgs/include/op3_action_module_msgs/op3_action_module_msgs/msg/rosidl_typesupport_introspection_c__visibility_control.h
[10.682s] -- Up-to-date: /home/certezas/robotis_ws/install/op3_action_module_msgs/include/op3_action_module_msgs/op3_action_module_msgs/msg/detail
[10.682s] -- Up-to-date: /home/certezas/robotis_ws/install/op3_action_module_msgs/include/op3_action_module_msgs/op3_action_module_msgs/msg/detail/start_action__rosidl_typesupport_introspection_c.h
[10.682s] -- Up-to-date: /home/certezas/robotis_ws/install/op3_action_module_msgs/include/op3_action_module_msgs/op3_action_module_msgs/msg/detail/start_action__type_support.c
[10.682s] -- Up-to-date: /home/certezas/robotis_ws/install/op3_action_module_msgs/lib/libop3_action_module_msgs__rosidl_typesupport_introspection_c.so
[10.682s] -- Up-to-date: /home/certezas/robotis_ws/install/op3_action_module_msgs/lib/libop3_action_module_msgs__rosidl_typesupport_c.so
[10.682s] -- Up-to-date: /home/certezas/robotis_ws/install/op3_action_module_msgs/include/op3_action_module_msgs/op3_action_module_msgs
[10.682s] -- Up-to-date: /home/certezas/robotis_ws/install/op3_action_module_msgs/include/op3_action_module_msgs/op3_action_module_msgs/srv
[10.682s] -- Up-to-date: /home/certezas/robotis_ws/install/op3_action_module_msgs/include/op3_action_module_msgs/op3_action_module_msgs/srv/detail
[10.682s] -- Up-to-date: /home/certezas/robotis_ws/install/op3_action_module_msgs/include/op3_action_module_msgs/op3_action_module_msgs/srv/detail/is_running__rosidl_typesupport_introspection_cpp.hpp
[10.682s] -- Up-to-date: /home/certezas/robotis_ws/install/op3_action_module_msgs/include/op3_action_module_msgs/op3_action_module_msgs/srv/detail/is_running__type_support.cpp
[10.682s] -- Up-to-date: /home/certezas/robotis_ws/install/op3_action_module_msgs/include/op3_action_module_msgs/op3_action_module_msgs/msg
[10.683s] -- Up-to-date: /home/certezas/robotis_ws/install/op3_action_module_msgs/include/op3_action_module_msgs/op3_action_module_msgs/msg/detail
[10.683s] -- Up-to-date: /home/certezas/robotis_ws/install/op3_action_module_msgs/include/op3_action_module_msgs/op3_action_module_msgs/msg/detail/start_action__type_support.cpp
[10.683s] -- Up-to-date: /home/certezas/robotis_ws/install/op3_action_module_msgs/include/op3_action_module_msgs/op3_action_module_msgs/msg/detail/start_action__rosidl_typesupport_introspection_cpp.hpp
[10.683s] -- Up-to-date: /home/certezas/robotis_ws/install/op3_action_module_msgs/lib/libop3_action_module_msgs__rosidl_typesupport_introspection_cpp.so
[10.683s] -- Up-to-date: /home/certezas/robotis_ws/install/op3_action_module_msgs/lib/libop3_action_module_msgs__rosidl_typesupport_cpp.so
[10.683s] -- Up-to-date: /home/certezas/robotis_ws/install/op3_action_module_msgs/share/op3_action_module_msgs/environment/pythonpath.sh
[10.683s] -- Up-to-date: /home/certezas/robotis_ws/install/op3_action_module_msgs/share/op3_action_module_msgs/environment/pythonpath.dsv
[10.683s] -- Up-to-date: /home/certezas/robotis_ws/install/op3_action_module_msgs/local/lib/python3.10/dist-packages/op3_action_module_msgs-0.1.1-py3.10.egg-info
[10.683s] -- Installing: /home/certezas/robotis_ws/install/op3_action_module_msgs/local/lib/python3.10/dist-packages/op3_action_module_msgs-0.1.1-py3.10.egg-info/PKG-INFO
[10.683s] -- Installing: /home/certezas/robotis_ws/install/op3_action_module_msgs/local/lib/python3.10/dist-packages/op3_action_module_msgs-0.1.1-py3.10.egg-info/dependency_links.txt
[10.683s] -- Installing: /home/certezas/robotis_ws/install/op3_action_module_msgs/local/lib/python3.10/dist-packages/op3_action_module_msgs-0.1.1-py3.10.egg-info/top_level.txt
[10.683s] -- Installing: /home/certezas/robotis_ws/install/op3_action_module_msgs/local/lib/python3.10/dist-packages/op3_action_module_msgs-0.1.1-py3.10.egg-info/SOURCES.txt
[10.683s] -- Up-to-date: /home/certezas/robotis_ws/install/op3_action_module_msgs/local/lib/python3.10/dist-packages/op3_action_module_msgs
[10.683s] -- Up-to-date: /home/certezas/robotis_ws/install/op3_action_module_msgs/local/lib/python3.10/dist-packages/op3_action_module_msgs/_op3_action_module_msgs_s.ep.rosidl_typesupport_c.c
[10.683s] -- Up-to-date: /home/certezas/robotis_ws/install/op3_action_module_msgs/local/lib/python3.10/dist-packages/op3_action_module_msgs/_op3_action_module_msgs_s.ep.rosidl_typesupport_fastrtps_c.c
[10.683s] -- Up-to-date: /home/certezas/robotis_ws/install/op3_action_module_msgs/local/lib/python3.10/dist-packages/op3_action_module_msgs/__init__.py
[10.683s] -- Up-to-date: /home/certezas/robotis_ws/install/op3_action_module_msgs/local/lib/python3.10/dist-packages/op3_action_module_msgs/srv
[10.683s] -- Up-to-date: /home/certezas/robotis_ws/install/op3_action_module_msgs/local/lib/python3.10/dist-packages/op3_action_module_msgs/srv/_is_running_s.c
[10.683s] -- Up-to-date: /home/certezas/robotis_ws/install/op3_action_module_msgs/local/lib/python3.10/dist-packages/op3_action_module_msgs/srv/__init__.py
[10.683s] -- Up-to-date: /home/certezas/robotis_ws/install/op3_action_module_msgs/local/lib/python3.10/dist-packages/op3_action_module_msgs/srv/_is_running.py
[10.684s] -- Up-to-date: /home/certezas/robotis_ws/install/op3_action_module_msgs/local/lib/python3.10/dist-packages/op3_action_module_msgs/op3_action_module_msgs_s__rosidl_typesupport_c.cpython-310-x86_64-linux-gnu.so
[10.684s] -- Up-to-date: /home/certezas/robotis_ws/install/op3_action_module_msgs/local/lib/python3.10/dist-packages/op3_action_module_msgs/libop3_action_module_msgs__rosidl_generator_py.so
[10.684s] -- Up-to-date: /home/certezas/robotis_ws/install/op3_action_module_msgs/local/lib/python3.10/dist-packages/op3_action_module_msgs/op3_action_module_msgs_s__rosidl_typesupport_fastrtps_c.cpython-310-x86_64-linux-gnu.so
[10.684s] -- Up-to-date: /home/certezas/robotis_ws/install/op3_action_module_msgs/local/lib/python3.10/dist-packages/op3_action_module_msgs/_op3_action_module_msgs_s.ep.rosidl_typesupport_introspection_c.c
[10.684s] -- Up-to-date: /home/certezas/robotis_ws/install/op3_action_module_msgs/local/lib/python3.10/dist-packages/op3_action_module_msgs/msg
[10.684s] -- Up-to-date: /home/certezas/robotis_ws/install/op3_action_module_msgs/local/lib/python3.10/dist-packages/op3_action_module_msgs/msg/__init__.py
[10.684s] -- Up-to-date: /home/certezas/robotis_ws/install/op3_action_module_msgs/local/lib/python3.10/dist-packages/op3_action_module_msgs/msg/_start_action_s.c
[10.684s] -- Up-to-date: /home/certezas/robotis_ws/install/op3_action_module_msgs/local/lib/python3.10/dist-packages/op3_action_module_msgs/msg/_start_action.py
[10.684s] -- Up-to-date: /home/certezas/robotis_ws/install/op3_action_module_msgs/local/lib/python3.10/dist-packages/op3_action_module_msgs/op3_action_module_msgs_s__rosidl_typesupport_introspection_c.cpython-310-x86_64-linux-gnu.so
[10.684s] Listing '/home/certezas/robotis_ws/install/op3_action_module_msgs/local/lib/python3.10/dist-packages/op3_action_module_msgs'...
[10.684s] Listing '/home/certezas/robotis_ws/install/op3_action_module_msgs/local/lib/python3.10/dist-packages/op3_action_module_msgs/msg'...
[10.684s] Listing '/home/certezas/robotis_ws/install/op3_action_module_msgs/local/lib/python3.10/dist-packages/op3_action_module_msgs/srv'...
[10.686s] -- Up-to-date: /home/certezas/robotis_ws/install/op3_action_module_msgs/local/lib/python3.10/dist-packages/op3_action_module_msgs/op3_action_module_msgs_s__rosidl_typesupport_fastrtps_c.cpython-310-x86_64-linux-gnu.so
[10.686s] -- Up-to-date: /home/certezas/robotis_ws/install/op3_action_module_msgs/local/lib/python3.10/dist-packages/op3_action_module_msgs/op3_action_module_msgs_s__rosidl_typesupport_introspection_c.cpython-310-x86_64-linux-gnu.so
[10.686s] -- Up-to-date: /home/certezas/robotis_ws/install/op3_action_module_msgs/local/lib/python3.10/dist-packages/op3_action_module_msgs/op3_action_module_msgs_s__rosidl_typesupport_c.cpython-310-x86_64-linux-gnu.so
[10.686s] -- Up-to-date: /home/certezas/robotis_ws/install/op3_action_module_msgs/lib/libop3_action_module_msgs__rosidl_generator_py.so
[10.686s] -- Up-to-date: /home/certezas/robotis_ws/install/op3_action_module_msgs/share/op3_action_module_msgs/msg/StartAction.idl
[10.686s] -- Up-to-date: /home/certezas/robotis_ws/install/op3_action_module_msgs/share/op3_action_module_msgs/srv/IsRunning.idl
[10.686s] -- Up-to-date: /home/certezas/robotis_ws/install/op3_action_module_msgs/share/op3_action_module_msgs/msg/StartAction.msg
[10.686s] -- Up-to-date: /home/certezas/robotis_ws/install/op3_action_module_msgs/share/op3_action_module_msgs/srv/IsRunning.srv
[10.686s] -- Up-to-date: /home/certezas/robotis_ws/install/op3_action_module_msgs/share/op3_action_module_msgs/srv/IsRunning_Request.msg
[10.686s] -- Up-to-date: /home/certezas/robotis_ws/install/op3_action_module_msgs/share/op3_action_module_msgs/srv/IsRunning_Response.msg
[10.686s] -- Up-to-date: /home/certezas/robotis_ws/install/op3_action_module_msgs/share/ament_index/resource_index/package_run_dependencies/op3_action_module_msgs
[10.696s] -- Up-to-date: /home/certezas/robotis_ws/install/op3_action_module_msgs/share/ament_index/resource_index/parent_prefix_path/op3_action_module_msgs
[10.696s] -- Up-to-date: /home/certezas/robotis_ws/install/op3_action_module_msgs/share/op3_action_module_msgs/environment/ament_prefix_path.sh
[10.696s] -- Up-to-date: /home/certezas/robotis_ws/install/op3_action_module_msgs/share/op3_action_module_msgs/environment/ament_prefix_path.dsv
[10.696s] -- Up-to-date: /home/certezas/robotis_ws/install/op3_action_module_msgs/share/op3_action_module_msgs/environment/path.sh
[10.697s] -- Up-to-date: /home/certezas/robotis_ws/install/op3_action_module_msgs/share/op3_action_module_msgs/environment/path.dsv
[10.697s] -- Up-to-date: /home/certezas/robotis_ws/install/op3_action_module_msgs/share/op3_action_module_msgs/local_setup.bash
[10.697s] -- Up-to-date: /home/certezas/robotis_ws/install/op3_action_module_msgs/share/op3_action_module_msgs/local_setup.sh
[10.697s] -- Up-to-date: /home/certezas/robotis_ws/install/op3_action_module_msgs/share/op3_action_module_msgs/local_setup.zsh
[10.697s] -- Up-to-date: /home/certezas/robotis_ws/install/op3_action_module_msgs/share/op3_action_module_msgs/local_setup.dsv
[10.697s] -- Installing: /home/certezas/robotis_ws/install/op3_action_module_msgs/share/op3_action_module_msgs/package.dsv
[10.751s] -- Up-to-date: /home/certezas/robotis_ws/install/op3_action_module_msgs/share/ament_index/resource_index/packages/op3_action_module_msgs
[10.862s] -- Up-to-date: /home/certezas/robotis_ws/install/op3_action_module_msgs/share/op3_action_module_msgs/cmake/export_op3_action_module_msgs__rosidl_generator_cExport.cmake
[10.863s] -- Up-to-date: /home/certezas/robotis_ws/install/op3_action_module_msgs/share/op3_action_module_msgs/cmake/export_op3_action_module_msgs__rosidl_generator_cExport-noconfig.cmake
[11.041s] -- Up-to-date: /home/certezas/robotis_ws/install/op3_action_module_msgs/share/op3_action_module_msgs/cmake/export_op3_action_module_msgs__rosidl_typesupport_fastrtps_cExport.cmake
[11.041s] -- Up-to-date: /home/certezas/robotis_ws/install/op3_action_module_msgs/share/op3_action_module_msgs/cmake/export_op3_action_module_msgs__rosidl_typesupport_fastrtps_cExport-noconfig.cmake
[11.112s] -- Up-to-date: /home/certezas/robotis_ws/install/op3_action_module_msgs/share/op3_action_module_msgs/cmake/export_op3_action_module_msgs__rosidl_generator_cppExport.cmake
[11.128s] -- Up-to-date: /home/certezas/robotis_ws/install/op3_action_module_msgs/share/op3_action_module_msgs/cmake/export_op3_action_module_msgs__rosidl_typesupport_fastrtps_cppExport.cmake
[11.128s] -- Up-to-date: /home/certezas/robotis_ws/install/op3_action_module_msgs/share/op3_action_module_msgs/cmake/export_op3_action_module_msgs__rosidl_typesupport_fastrtps_cppExport-noconfig.cmake
[11.141s] -- Up-to-date: /home/certezas/robotis_ws/install/op3_action_module_msgs/share/op3_action_module_msgs/cmake/op3_action_module_msgs__rosidl_typesupport_introspection_cExport.cmake
[11.141s] -- Up-to-date: /home/certezas/robotis_ws/install/op3_action_module_msgs/share/op3_action_module_msgs/cmake/op3_action_module_msgs__rosidl_typesupport_introspection_cExport-noconfig.cmake
[11.157s] -- Up-to-date: /home/certezas/robotis_ws/install/op3_action_module_msgs/share/op3_action_module_msgs/cmake/op3_action_module_msgs__rosidl_typesupport_cExport.cmake
[11.157s] -- Up-to-date: /home/certezas/robotis_ws/install/op3_action_module_msgs/share/op3_action_module_msgs/cmake/op3_action_module_msgs__rosidl_typesupport_cExport-noconfig.cmake
[11.168s] -- Up-to-date: /home/certezas/robotis_ws/install/op3_action_module_msgs/share/op3_action_module_msgs/cmake/op3_action_module_msgs__rosidl_typesupport_introspection_cppExport.cmake
[11.168s] -- Up-to-date: /home/certezas/robotis_ws/install/op3_action_module_msgs/share/op3_action_module_msgs/cmake/op3_action_module_msgs__rosidl_typesupport_introspection_cppExport-noconfig.cmake
[11.195s] -- Up-to-date: /home/certezas/robotis_ws/install/op3_action_module_msgs/share/op3_action_module_msgs/cmake/op3_action_module_msgs__rosidl_typesupport_cppExport.cmake
[11.195s] -- Up-to-date: /home/certezas/robotis_ws/install/op3_action_module_msgs/share/op3_action_module_msgs/cmake/op3_action_module_msgs__rosidl_typesupport_cppExport-noconfig.cmake
[11.240s] -- Up-to-date: /home/certezas/robotis_ws/install/op3_action_module_msgs/share/op3_action_module_msgs/cmake/export_op3_action_module_msgs__rosidl_generator_pyExport.cmake
[11.240s] -- Up-to-date: /home/certezas/robotis_ws/install/op3_action_module_msgs/share/op3_action_module_msgs/cmake/export_op3_action_module_msgs__rosidl_generator_pyExport-noconfig.cmake
[11.240s] -- Up-to-date: /home/certezas/robotis_ws/install/op3_action_module_msgs/share/op3_action_module_msgs/cmake/rosidl_cmake-extras.cmake
[11.240s] -- Up-to-date: /home/certezas/robotis_ws/install/op3_action_module_msgs/share/op3_action_module_msgs/cmake/ament_cmake_export_dependencies-extras.cmake
[11.241s] -- Up-to-date: /home/certezas/robotis_ws/install/op3_action_module_msgs/share/op3_action_module_msgs/cmake/ament_cmake_export_include_directories-extras.cmake
[11.241s] -- Up-to-date: /home/certezas/robotis_ws/install/op3_action_module_msgs/share/op3_action_module_msgs/cmake/ament_cmake_export_libraries-extras.cmake
[11.241s] -- Up-to-date: /home/certezas/robotis_ws/install/op3_action_module_msgs/share/op3_action_module_msgs/cmake/ament_cmake_export_targets-extras.cmake
[11.241s] -- Up-to-date: /home/certezas/robotis_ws/install/op3_action_module_msgs/share/op3_action_module_msgs/cmake/rosidl_cmake_export_typesupport_targets-extras.cmake
[11.241s] -- Up-to-date: /home/certezas/robotis_ws/install/op3_action_module_msgs/share/op3_action_module_msgs/cmake/rosidl_cmake_export_typesupport_libraries-extras.cmake
[11.241s] -- Up-to-date: /home/certezas/robotis_ws/install/op3_action_module_msgs/share/op3_action_module_msgs/cmake/op3_action_module_msgsConfig.cmake
[11.241s] -- Up-to-date: /home/certezas/robotis_ws/install/op3_action_module_msgs/share/op3_action_module_msgs/cmake/op3_action_module_msgsConfig-version.cmake
[11.241s] -- Up-to-date: /home/certezas/robotis_ws/install/op3_action_module_msgs/share/op3_action_module_msgs/package.xml
[12.496s] Invoked command in '/home/certezas/robotis_ws/build/op3_action_module_msgs' returned '0': CMAKE_PREFIX_PATH=${CMAKE_PREFIX_PATH}:/opt/ros/humble /usr/bin/cmake --install /home/certezas/robotis_ws/build/op3_action_module_msgs
