[0.010s] Invoking command in '/home/certezas/robotis_ws/build/op3_kajita_walking_module': AMENT_PREFIX_PATH=/home/certezas/robotis_ws/install/op3_kinematics_dynamics:/home/certezas/robotis_ws/install/robotis_math:${AMENT_PREFIX_PATH} CMAKE_PREFIX_PATH=/home/certezas/robotis_ws/install/op3_kinematics_dynamics:/home/certezas/robotis_ws/install/robotis_math:/opt/ros/humble LD_LIBRARY_PATH=/home/certezas/robotis_ws/install/op3_kinematics_dynamics/lib:/home/certezas/robotis_ws/install/robotis_math/lib:${LD_LIBRARY_PATH} /usr/bin/cmake --build /home/certezas/robotis_ws/build/op3_kajita_walking_module -- -j12 -l12
[0.041s] [35m[1mConsolidate compiler generated dependencies of target kajita_walking_node[0m
[0.056s] [ 33%] [32mBuilding CXX object CMakeFiles/kajita_walking_node.dir/src/kajita_walking_controller.cpp.o[0m
[13.170s] [ 66%] [32m[1mLinking CXX executable kajita_walking_node[0m
[13.789s] [100%] Built target kajita_walking_node
[13.797s] Invoked command in '/home/certezas/robotis_ws/build/op3_kajita_walking_module' returned '0': AMENT_PREFIX_PATH=/home/certezas/robotis_ws/install/op3_kinematics_dynamics:/home/certezas/robotis_ws/install/robotis_math:${AMENT_PREFIX_PATH} CMAKE_PREFIX_PATH=/home/certezas/robotis_ws/install/op3_kinematics_dynamics:/home/certezas/robotis_ws/install/robotis_math:/opt/ros/humble LD_LIBRARY_PATH=/home/certezas/robotis_ws/install/op3_kinematics_dynamics/lib:/home/certezas/robotis_ws/install/robotis_math/lib:${LD_LIBRARY_PATH} /usr/bin/cmake --build /home/certezas/robotis_ws/build/op3_kajita_walking_module -- -j12 -l12
[13.805s] Invoking command in '/home/certezas/robotis_ws/build/op3_kajita_walking_module': AMENT_PREFIX_PATH=/home/certezas/robotis_ws/install/op3_kinematics_dynamics:/home/certezas/robotis_ws/install/robotis_math:${AMENT_PREFIX_PATH} CMAKE_PREFIX_PATH=/home/certezas/robotis_ws/install/op3_kinematics_dynamics:/home/certezas/robotis_ws/install/robotis_math:/opt/ros/humble LD_LIBRARY_PATH=/home/certezas/robotis_ws/install/op3_kinematics_dynamics/lib:/home/certezas/robotis_ws/install/robotis_math/lib:${LD_LIBRARY_PATH} /usr/bin/cmake --install /home/certezas/robotis_ws/build/op3_kajita_walking_module
[13.810s] -- Install configuration: ""
[13.811s] -- Installing: /home/certezas/robotis_ws/install/op3_kajita_walking_module/lib/op3_kajita_walking_module/kajita_walking_node
[13.815s] -- Set runtime path of "/home/certezas/robotis_ws/install/op3_kajita_walking_module/lib/op3_kajita_walking_module/kajita_walking_node" to ""
[13.815s] -- Up-to-date: /home/certezas/robotis_ws/install/op3_kajita_walking_module/share/ament_index/resource_index/package_run_dependencies/op3_kajita_walking_module
[13.815s] -- Up-to-date: /home/certezas/robotis_ws/install/op3_kajita_walking_module/share/ament_index/resource_index/parent_prefix_path/op3_kajita_walking_module
[13.815s] -- Up-to-date: /home/certezas/robotis_ws/install/op3_kajita_walking_module/share/op3_kajita_walking_module/environment/ament_prefix_path.sh
[13.815s] -- Up-to-date: /home/certezas/robotis_ws/install/op3_kajita_walking_module/share/op3_kajita_walking_module/environment/ament_prefix_path.dsv
[13.815s] -- Up-to-date: /home/certezas/robotis_ws/install/op3_kajita_walking_module/share/op3_kajita_walking_module/environment/path.sh
[13.815s] -- Up-to-date: /home/certezas/robotis_ws/install/op3_kajita_walking_module/share/op3_kajita_walking_module/environment/path.dsv
[13.815s] -- Up-to-date: /home/certezas/robotis_ws/install/op3_kajita_walking_module/share/op3_kajita_walking_module/local_setup.bash
[13.815s] -- Up-to-date: /home/certezas/robotis_ws/install/op3_kajita_walking_module/share/op3_kajita_walking_module/local_setup.sh
[13.815s] -- Up-to-date: /home/certezas/robotis_ws/install/op3_kajita_walking_module/share/op3_kajita_walking_module/local_setup.zsh
[13.815s] -- Up-to-date: /home/certezas/robotis_ws/install/op3_kajita_walking_module/share/op3_kajita_walking_module/local_setup.dsv
[13.815s] -- Installing: /home/certezas/robotis_ws/install/op3_kajita_walking_module/share/op3_kajita_walking_module/package.dsv
[13.815s] -- Up-to-date: /home/certezas/robotis_ws/install/op3_kajita_walking_module/share/ament_index/resource_index/packages/op3_kajita_walking_module
[13.815s] -- Up-to-date: /home/certezas/robotis_ws/install/op3_kajita_walking_module/share/op3_kajita_walking_module/cmake/op3_kajita_walking_moduleConfig.cmake
[13.815s] -- Up-to-date: /home/certezas/robotis_ws/install/op3_kajita_walking_module/share/op3_kajita_walking_module/cmake/op3_kajita_walking_moduleConfig-version.cmake
[13.815s] -- Up-to-date: /home/certezas/robotis_ws/install/op3_kajita_walking_module/share/op3_kajita_walking_module/package.xml
[13.816s] Invoked command in '/home/certezas/robotis_ws/build/op3_kajita_walking_module' returned '0': AMENT_PREFIX_PATH=/home/certezas/robotis_ws/install/op3_kinematics_dynamics:/home/certezas/robotis_ws/install/robotis_math:${AMENT_PREFIX_PATH} CMAKE_PREFIX_PATH=/home/certezas/robotis_ws/install/op3_kinematics_dynamics:/home/certezas/robotis_ws/install/robotis_math:/opt/ros/humble LD_LIBRARY_PATH=/home/certezas/robotis_ws/install/op3_kinematics_dynamics/lib:/home/certezas/robotis_ws/install/robotis_math/lib:${LD_LIBRARY_PATH} /usr/bin/cmake --install /home/certezas/robotis_ws/build/op3_kajita_walking_module
