[100%] Built target op3_action_module
-- Install configuration: ""
-- Up-to-date: /home/certezas/robotis_ws/install/op3_action_module/lib/libop3_action_module.so
-- Up-to-date: /home/certezas/robotis_ws/install/op3_action_module/include/op3_action_module
-- Up-to-date: /home/certezas/robotis_ws/install/op3_action_module/include/op3_action_module/action_module.h
-- Up-to-date: /home/certezas/robotis_ws/install/op3_action_module/include/op3_action_module/action_file_define.h
-- Up-to-date: /home/certezas/robotis_ws/install/op3_action_module/share/op3_action_module/data
-- Up-to-date: /home/certezas/robotis_ws/install/op3_action_module/share/op3_action_module/data/motion_4095.bin
-- Up-to-date: /home/certezas/robotis_ws/install/op3_action_module/share/op3_action_module/data/motion_4095_bk.bin
-- Up-to-date: /home/certezas/robotis_ws/install/op3_action_module/share/op3_action_module/environment/library_path.sh
-- Up-to-date: /home/certezas/robotis_ws/install/op3_action_module/share/op3_action_module/environment/library_path.dsv
-- Up-to-date: /home/certezas/robotis_ws/install/op3_action_module/share/ament_index/resource_index/package_run_dependencies/op3_action_module
-- Up-to-date: /home/certezas/robotis_ws/install/op3_action_module/share/ament_index/resource_index/parent_prefix_path/op3_action_module
-- Up-to-date: /home/certezas/robotis_ws/install/op3_action_module/share/op3_action_module/environment/ament_prefix_path.sh
-- Up-to-date: /home/certezas/robotis_ws/install/op3_action_module/share/op3_action_module/environment/ament_prefix_path.dsv
-- Up-to-date: /home/certezas/robotis_ws/install/op3_action_module/share/op3_action_module/environment/path.sh
-- Up-to-date: /home/certezas/robotis_ws/install/op3_action_module/share/op3_action_module/environment/path.dsv
-- Up-to-date: /home/certezas/robotis_ws/install/op3_action_module/share/op3_action_module/local_setup.bash
-- Up-to-date: /home/certezas/robotis_ws/install/op3_action_module/share/op3_action_module/local_setup.sh
-- Up-to-date: /home/certezas/robotis_ws/install/op3_action_module/share/op3_action_module/local_setup.zsh
-- Up-to-date: /home/certezas/robotis_ws/install/op3_action_module/share/op3_action_module/local_setup.dsv
-- Installing: /home/certezas/robotis_ws/install/op3_action_module/share/op3_action_module/package.dsv
-- Up-to-date: /home/certezas/robotis_ws/install/op3_action_module/share/ament_index/resource_index/packages/op3_action_module
-- Up-to-date: /home/certezas/robotis_ws/install/op3_action_module/share/op3_action_module/cmake/ament_cmake_export_include_directories-extras.cmake
-- Up-to-date: /home/certezas/robotis_ws/install/op3_action_module/share/op3_action_module/cmake/ament_cmake_export_libraries-extras.cmake
-- Up-to-date: /home/certezas/robotis_ws/install/op3_action_module/share/op3_action_module/cmake/ament_cmake_export_dependencies-extras.cmake
-- Up-to-date: /home/certezas/robotis_ws/install/op3_action_module/share/op3_action_module/cmake/op3_action_moduleConfig.cmake
-- Up-to-date: /home/certezas/robotis_ws/install/op3_action_module/share/op3_action_module/cmake/op3_action_moduleConfig-version.cmake
-- Up-to-date: /home/certezas/robotis_ws/install/op3_action_module/share/op3_action_module/package.xml
