[0.017s] Invoking command in '/home/certezas/robotis_ws/build/op3_webots_ros2': CMAKE_PREFIX_PATH=${CMAKE_PREFIX_PATH}:/home/certezas/robotis_ws/install/op3_head_control_module:/opt/ros/humble /usr/bin/cmake /home/certezas/robotis_ws/src/ROBOTIS-OP3-Simulations/op3_webots_ros2 -DCMAKE_INSTALL_PREFIX=/home/certezas/robotis_ws/install/op3_webots_ros2
[0.880s] -- The C compiler identification is GNU 11.4.0
[0.880s] -- The CXX compiler identification is GNU 11.4.0
[0.880s] -- Detecting C compiler ABI info
[0.881s] -- Detecting C compiler ABI info - done
[0.881s] -- Check for working C compiler: /usr/bin/cc - skipped
[0.881s] -- Detecting C compile features
[0.881s] -- Detecting C compile features - done
[0.881s] -- Detecting CXX compiler ABI info
[0.881s] -- Detecting CXX compiler ABI info - done
[0.881s] -- Check for working CXX compiler: /usr/bin/c++ - skipped
[0.881s] -- Detecting CXX compile features
[0.881s] -- Detecting CXX compile features - done
[0.881s] -- Found ament_cmake: 1.3.11 (/opt/ros/humble/share/ament_cmake/cmake)
[0.881s] -- Found Python3: /usr/bin/python3 (found version "3.10.12") found components: Interpreter 
[0.882s] -- Found ament_index_cpp: 1.4.0 (/opt/ros/humble/share/ament_index_cpp/cmake)
[0.882s] -- Found rclcpp: 16.0.12 (/opt/ros/humble/share/rclcpp/cmake)
[0.882s] -- Found rosidl_generator_c: 3.1.6 (/opt/ros/humble/share/rosidl_generator_c/cmake)
[0.882s] -- Found rosidl_adapter: 3.1.6 (/opt/ros/humble/share/rosidl_adapter/cmake)
[0.882s] -- Found rosidl_generator_cpp: 3.1.6 (/opt/ros/humble/share/rosidl_generator_cpp/cmake)
[0.882s] -- Using all available rosidl_typesupport_c: rosidl_typesupport_fastrtps_c;rosidl_typesupport_introspection_c
[0.882s] -- Using all available rosidl_typesupport_cpp: rosidl_typesupport_fastrtps_cpp;rosidl_typesupport_introspection_cpp
[0.941s] -- Found rmw_implementation_cmake: 6.1.2 (/opt/ros/humble/share/rmw_implementation_cmake/cmake)
[0.957s] -- Found rmw_fastrtps_cpp: 6.2.7 (/opt/ros/humble/share/rmw_fastrtps_cpp/cmake)
[1.076s] -- Found OpenSSL: /usr/lib/x86_64-linux-gnu/libcrypto.so (found version "3.0.2")  
[1.116s] -- Found FastRTPS: /opt/ros/humble/include  
[1.156s] -- Using RMW implementation 'rmw_fastrtps_cpp' as default
[1.164s] -- Looking for pthread.h
[1.356s] -- Looking for pthread.h - found
[1.356s] -- Performing Test CMAKE_HAVE_LIBC_PTHREAD
[1.459s] -- Performing Test CMAKE_HAVE_LIBC_PTHREAD - Success
[1.462s] -- Found Threads: TRUE  
[1.537s] -- Found sensor_msgs: 4.8.0 (/opt/ros/humble/share/sensor_msgs/cmake)
[1.694s] -- Found webots_ros2_driver: 2025.0.0 (/opt/ros/humble/share/webots_ros2_driver/cmake)
[1.889s] -- Found eigen3_cmake_module: 0.1.1 (/opt/ros/humble/share/eigen3_cmake_module/cmake)
[1.889s] -- Found Eigen3: TRUE (found version "3.4.0") 
[1.889s] -- Ensuring Eigen3 include directory is part of orocos-kdl CMake target
[2.694s] -- Found PkgConfig: /usr/bin/pkg-config (found version "0.29.2") 
[2.695s] -- Checking for module 'yaml-cpp'
[2.881s] --   Found yaml-cpp, version 0.7.0
[3.094s] -- Configuring done
[3.125s] -- Generating done
[3.130s] -- Build files have been written to: /home/certezas/robotis_ws/build/op3_webots_ros2
[3.149s] Invoked command in '/home/certezas/robotis_ws/build/op3_webots_ros2' returned '0': CMAKE_PREFIX_PATH=${CMAKE_PREFIX_PATH}:/home/certezas/robotis_ws/install/op3_head_control_module:/opt/ros/humble /usr/bin/cmake /home/certezas/robotis_ws/src/ROBOTIS-OP3-Simulations/op3_webots_ros2 -DCMAKE_INSTALL_PREFIX=/home/certezas/robotis_ws/install/op3_webots_ros2
[3.153s] Invoking command in '/home/certezas/robotis_ws/build/op3_webots_ros2': CMAKE_PREFIX_PATH=${CMAKE_PREFIX_PATH}:/home/certezas/robotis_ws/install/op3_head_control_module:/opt/ros/humble /usr/bin/cmake --build /home/certezas/robotis_ws/build/op3_webots_ros2 -- -j12 -l12
[3.273s] [ 33%] [32mBuilding CXX object CMakeFiles/op3_extern_controller.dir/src/op3_extern_controller.cpp.o[0m
[16.595s] [ 66%] [32mBuilding CXX object CMakeFiles/op3_extern_controller.dir/src/extern_controller_main.cpp.o[0m
[20.830s] [100%] [32m[1mLinking CXX executable op3_extern_controller[0m
[21.670s] [100%] Built target op3_extern_controller
[21.688s] Invoked command in '/home/certezas/robotis_ws/build/op3_webots_ros2' returned '0': CMAKE_PREFIX_PATH=${CMAKE_PREFIX_PATH}:/home/certezas/robotis_ws/install/op3_head_control_module:/opt/ros/humble /usr/bin/cmake --build /home/certezas/robotis_ws/build/op3_webots_ros2 -- -j12 -l12
[21.689s] Invoking command in '/home/certezas/robotis_ws/build/op3_webots_ros2': CMAKE_PREFIX_PATH=${CMAKE_PREFIX_PATH}:/home/certezas/robotis_ws/install/op3_head_control_module:/opt/ros/humble /usr/bin/cmake --install /home/certezas/robotis_ws/build/op3_webots_ros2
[29.788s] -- Install configuration: ""
[29.788s] -- Installing: /home/certezas/robotis_ws/install/op3_webots_ros2/lib/op3_webots_ros2/op3_extern_controller
[29.788s] -- Set runtime path of "/home/certezas/robotis_ws/install/op3_webots_ros2/lib/op3_webots_ros2/op3_extern_controller" to ""
[29.789s] -- Installing: /home/certezas/robotis_ws/install/op3_webots_ros2/include/op3_webots_ros2
[29.789s] -- Installing: /home/certezas/robotis_ws/install/op3_webots_ros2/include/op3_webots_ros2/op3_extern_controller.hpp
[29.789s] -- Installing: /home/certezas/robotis_ws/install/op3_webots_ros2/share/op3_webots_ros2//launch
[29.789s] -- Installing: /home/certezas/robotis_ws/install/op3_webots_ros2/share/op3_webots_ros2//launch/robot_launch.py
[29.789s] -- Installing: /home/certezas/robotis_ws/install/op3_webots_ros2/share/op3_webots_ros2//resource
[29.789s] -- Installing: /home/certezas/robotis_ws/install/op3_webots_ros2/share/op3_webots_ros2//resource/op3_pid_gain_default.yaml
[29.789s] -- Installing: /home/certezas/robotis_ws/install/op3_webots_ros2/share/op3_webots_ros2//images
[29.789s] -- Installing: /home/certezas/robotis_ws/install/op3_webots_ros2/share/op3_webots_ros2//images/grid.png
[29.789s] -- Installing: /home/certezas/robotis_ws/install/op3_webots_ros2/share/op3_webots_ros2//protos
[29.789s] -- Installing: /home/certezas/robotis_ws/install/op3_webots_ros2/share/op3_webots_ros2//protos/RobotisOp3.proto
[29.790s] -- Installing: /home/certezas/robotis_ws/install/op3_webots_ros2/share/op3_webots_ros2//worlds
[29.790s] -- Installing: /home/certezas/robotis_ws/install/op3_webots_ros2/share/op3_webots_ros2//worlds/robotis_op3_extern.wbt
[29.790s] -- Installing: /home/certezas/robotis_ws/install/op3_webots_ros2/share/op3_webots_ros2//worlds/.robotis_op3_extern.wbproj
[29.790s] -- Installing: /home/certezas/robotis_ws/install/op3_webots_ros2/share/op3_webots_ros2//worlds/.robotis_op3_extern.jpg
[29.790s] -- Installing: /home/certezas/robotis_ws/install/op3_webots_ros2/share/op3_webots_ros2//worlds/my_world.wbt
[29.790s] -- Installing: /home/certezas/robotis_ws/install/op3_webots_ros2/share/ament_index/resource_index/package_run_dependencies/op3_webots_ros2
[29.790s] -- Installing: /home/certezas/robotis_ws/install/op3_webots_ros2/share/ament_index/resource_index/parent_prefix_path/op3_webots_ros2
[29.790s] -- Installing: /home/certezas/robotis_ws/install/op3_webots_ros2/share/op3_webots_ros2/environment/ament_prefix_path.sh
[29.790s] -- Installing: /home/certezas/robotis_ws/install/op3_webots_ros2/share/op3_webots_ros2/environment/ament_prefix_path.dsv
[29.790s] -- Installing: /home/certezas/robotis_ws/install/op3_webots_ros2/share/op3_webots_ros2/environment/path.sh
[29.790s] -- Installing: /home/certezas/robotis_ws/install/op3_webots_ros2/share/op3_webots_ros2/environment/path.dsv
[29.791s] -- Installing: /home/certezas/robotis_ws/install/op3_webots_ros2/share/op3_webots_ros2/local_setup.bash
[29.791s] -- Installing: /home/certezas/robotis_ws/install/op3_webots_ros2/share/op3_webots_ros2/local_setup.sh
[29.791s] -- Installing: /home/certezas/robotis_ws/install/op3_webots_ros2/share/op3_webots_ros2/local_setup.zsh
[29.791s] -- Installing: /home/certezas/robotis_ws/install/op3_webots_ros2/share/op3_webots_ros2/local_setup.dsv
[29.791s] -- Installing: /home/certezas/robotis_ws/install/op3_webots_ros2/share/op3_webots_ros2/package.dsv
[29.791s] -- Installing: /home/certezas/robotis_ws/install/op3_webots_ros2/share/ament_index/resource_index/packages/op3_webots_ros2
[29.791s] -- Installing: /home/certezas/robotis_ws/install/op3_webots_ros2/share/op3_webots_ros2/cmake/op3_webots_ros2Config.cmake
[29.791s] -- Installing: /home/certezas/robotis_ws/install/op3_webots_ros2/share/op3_webots_ros2/cmake/op3_webots_ros2Config-version.cmake
[29.791s] -- Installing: /home/certezas/robotis_ws/install/op3_webots_ros2/share/op3_webots_ros2/package.xml
[29.802s] Invoked command in '/home/certezas/robotis_ws/build/op3_webots_ros2' returned '0': CMAKE_PREFIX_PATH=${CMAKE_PREFIX_PATH}:/home/certezas/robotis_ws/install/op3_head_control_module:/opt/ros/humble /usr/bin/cmake --install /home/certezas/robotis_ws/build/op3_webots_ros2
