-- Install configuration: ""
-- Up-to-date: /home/certezas/robotis_ws/install/op3_gazebo_ros2/share/op3_gazebo_ros2/config
-- Up-to-date: /home/certezas/robotis_ws/install/op3_gazebo_ros2/share/op3_gazebo_ros2/config/bridge_parameters.yaml
-- Up-to-date: /home/certezas/robotis_ws/install/op3_gazebo_ros2/share/op3_gazebo_ros2/config/robotis_op3_gazebo_config.yaml
-- Up-to-date: /home/certezas/robotis_ws/install/op3_gazebo_ros2/share/op3_gazebo_ros2/launch
-- Up-to-date: /home/certezas/robotis_ws/install/op3_gazebo_ros2/share/op3_gazebo_ros2/launch/robot_sim.launch.py
-- Up-to-date: /home/certezas/robotis_ws/install/op3_gazebo_ros2/share/op3_gazebo_ros2/worlds
-- Up-to-date: /home/certezas/robotis_ws/install/op3_gazebo_ros2/share/op3_gazebo_ros2/worlds/empty.sdf
-- Up-to-date: /home/certezas/robotis_ws/install/op3_gazebo_ros2/share/ament_index/resource_index/package_run_dependencies/op3_gazebo_ros2
-- Up-to-date: /home/certezas/robotis_ws/install/op3_gazebo_ros2/share/ament_index/resource_index/parent_prefix_path/op3_gazebo_ros2
-- Up-to-date: /home/certezas/robotis_ws/install/op3_gazebo_ros2/share/op3_gazebo_ros2/environment/ament_prefix_path.sh
-- Up-to-date: /home/certezas/robotis_ws/install/op3_gazebo_ros2/share/op3_gazebo_ros2/environment/ament_prefix_path.dsv
-- Up-to-date: /home/certezas/robotis_ws/install/op3_gazebo_ros2/share/op3_gazebo_ros2/environment/path.sh
-- Up-to-date: /home/certezas/robotis_ws/install/op3_gazebo_ros2/share/op3_gazebo_ros2/environment/path.dsv
-- Up-to-date: /home/certezas/robotis_ws/install/op3_gazebo_ros2/share/op3_gazebo_ros2/local_setup.bash
-- Up-to-date: /home/certezas/robotis_ws/install/op3_gazebo_ros2/share/op3_gazebo_ros2/local_setup.sh
-- Up-to-date: /home/certezas/robotis_ws/install/op3_gazebo_ros2/share/op3_gazebo_ros2/local_setup.zsh
-- Up-to-date: /home/certezas/robotis_ws/install/op3_gazebo_ros2/share/op3_gazebo_ros2/local_setup.dsv
-- Up-to-date: /home/certezas/robotis_ws/install/op3_gazebo_ros2/share/op3_gazebo_ros2/package.dsv
-- Up-to-date: /home/certezas/robotis_ws/install/op3_gazebo_ros2/share/ament_index/resource_index/packages/op3_gazebo_ros2
-- Up-to-date: /home/certezas/robotis_ws/install/op3_gazebo_ros2/share/op3_gazebo_ros2/cmake/op3_gazebo_ros2Config.cmake
-- Up-to-date: /home/certezas/robotis_ws/install/op3_gazebo_ros2/share/op3_gazebo_ros2/cmake/op3_gazebo_ros2Config-version.cmake
-- Up-to-date: /home/certezas/robotis_ws/install/op3_gazebo_ros2/share/op3_gazebo_ros2/package.xml
