-- Install configuration: ""
-- Up-to-date: /home/certezas/robotis_ws/install/op3_navigation/share/ament_index/resource_index/package_run_dependencies/op3_navigation
-- Up-to-date: /home/certezas/robotis_ws/install/op3_navigation/share/ament_index/resource_index/parent_prefix_path/op3_navigation
-- Up-to-date: /home/certezas/robotis_ws/install/op3_navigation/share/op3_navigation/environment/ament_prefix_path.sh
-- Up-to-date: /home/certezas/robotis_ws/install/op3_navigation/share/op3_navigation/environment/ament_prefix_path.dsv
-- Up-to-date: /home/certezas/robotis_ws/install/op3_navigation/share/op3_navigation/environment/path.sh
-- Up-to-date: /home/certezas/robotis_ws/install/op3_navigation/share/op3_navigation/environment/path.dsv
-- Up-to-date: /home/certezas/robotis_ws/install/op3_navigation/share/op3_navigation/local_setup.bash
-- Up-to-date: /home/certezas/robotis_ws/install/op3_navigation/share/op3_navigation/local_setup.sh
-- Up-to-date: /home/certezas/robotis_ws/install/op3_navigation/share/op3_navigation/local_setup.zsh
-- Up-to-date: /home/certezas/robotis_ws/install/op3_navigation/share/op3_navigation/local_setup.dsv
-- Installing: /home/certezas/robotis_ws/install/op3_navigation/share/op3_navigation/package.dsv
-- Up-to-date: /home/certezas/robotis_ws/install/op3_navigation/share/ament_index/resource_index/packages/op3_navigation
-- Up-to-date: /home/certezas/robotis_ws/install/op3_navigation/share/op3_navigation/cmake/op3_navigationConfig.cmake
-- Up-to-date: /home/certezas/robotis_ws/install/op3_navigation/share/op3_navigation/cmake/op3_navigationConfig-version.cmake
-- Up-to-date: /home/certezas/robotis_ws/install/op3_navigation/share/op3_navigation/package.xml
-- Up-to-date: /home/certezas/robotis_ws/install/op3_navigation/share/op3_navigation/config
-- Up-to-date: /home/certezas/robotis_ws/install/op3_navigation/share/op3_navigation/config/footsteps_thormang3.yaml
-- Up-to-date: /home/certezas/robotis_ws/install/op3_navigation/share/op3_navigation/config/navigation_params.yaml
-- Up-to-date: /home/certezas/robotis_ws/install/op3_navigation/share/op3_navigation/config/footsteps_robotis_op3.yaml
-- Up-to-date: /home/certezas/robotis_ws/install/op3_navigation/share/op3_navigation/config/planning_params.yaml
-- Up-to-date: /home/certezas/robotis_ws/install/op3_navigation/share/op3_navigation/config/planning_params_thormang3.yaml
-- Up-to-date: /home/certezas/robotis_ws/install/op3_navigation/share/op3_navigation/config/planning_params_robotis_op3.yaml
-- Up-to-date: /home/certezas/robotis_ws/install/op3_navigation/share/op3_navigation/launch
-- Up-to-date: /home/certezas/robotis_ws/install/op3_navigation/share/op3_navigation/launch/map_server_empty.launch.xml
-- Up-to-date: /home/certezas/robotis_ws/install/op3_navigation/share/op3_navigation/launch/op3_footstep_planner.launch.xml
-- Up-to-date: /home/certezas/robotis_ws/install/op3_navigation/share/op3_navigation/maps
-- Up-to-date: /home/certezas/robotis_ws/install/op3_navigation/share/op3_navigation/maps/empty.gif
-- Up-to-date: /home/certezas/robotis_ws/install/op3_navigation/share/op3_navigation/maps/nao_map.yaml
-- Up-to-date: /home/certezas/robotis_ws/install/op3_navigation/share/op3_navigation/maps/sample2.yaml
-- Up-to-date: /home/certezas/robotis_ws/install/op3_navigation/share/op3_navigation/maps/empty.yaml
-- Up-to-date: /home/certezas/robotis_ws/install/op3_navigation/share/op3_navigation/maps/nao_map.gif
-- Up-to-date: /home/certezas/robotis_ws/install/op3_navigation/share/op3_navigation/maps/sample.yaml
-- Up-to-date: /home/certezas/robotis_ws/install/op3_navigation/share/op3_navigation/maps/thor.yaml
-- Up-to-date: /home/certezas/robotis_ws/install/op3_navigation/share/op3_navigation/maps/sample.gif
-- Up-to-date: /home/certezas/robotis_ws/install/op3_navigation/share/op3_navigation/maps/sample2.gif
-- Up-to-date: /home/certezas/robotis_ws/install/op3_navigation/share/op3_navigation/maps/thor.gif
