[0.314s] Invoking command in '/home/certezas/robotis_ws/build/op3_tuning_module_msgs': CMAKE_PREFIX_PATH=${CMAKE_PREFIX_PATH}:/opt/ros/humble /usr/bin/cmake --build /home/certezas/robotis_ws/build/op3_tuning_module_msgs -- -j12 -l12
[2.434s] [  1%] Built target op3_tuning_module_msgs__cpp
[3.962s] [ 12%] Built target op3_tuning_module_msgs__rosidl_generator_c
[4.488s] [ 23%] Built target op3_tuning_module_msgs__rosidl_typesupport_cpp
[4.584s] [ 34%] Built target op3_tuning_module_msgs__rosidl_typesupport_fastrtps_cpp
[5.048s] [ 46%] Built target op3_tuning_module_msgs__rosidl_typesupport_c
[5.068s] [ 57%] Built target op3_tuning_module_msgs__rosidl_typesupport_introspection_c
[5.152s] [ 68%] Built target op3_tuning_module_msgs__rosidl_typesupport_fastrtps_c
[5.209s] [ 79%] Built target op3_tuning_module_msgs__rosidl_typesupport_introspection_cpp
[5.654s] [ 79%] Built target op3_tuning_module_msgs
[5.831s] [ 79%] Built target ament_cmake_python_copy_op3_tuning_module_msgs
[5.951s] [ 80%] Built target op3_tuning_module_msgs__py
[6.039s] [ 90%] Built target op3_tuning_module_msgs__rosidl_generator_py
[6.735s] [ 93%] Built target op3_tuning_module_msgs__rosidl_typesupport_c__pyext
[6.735s] [ 96%] Built target op3_tuning_module_msgs__rosidl_typesupport_introspection_c__pyext
[6.735s] [100%] Built target op3_tuning_module_msgs__rosidl_typesupport_fastrtps_c__pyext
[6.882s] running egg_info
[6.883s] writing op3_tuning_module_msgs.egg-info/PKG-INFO
[6.883s] writing dependency_links to op3_tuning_module_msgs.egg-info/dependency_links.txt
[6.889s] writing top-level names to op3_tuning_module_msgs.egg-info/top_level.txt
[6.894s] reading manifest file 'op3_tuning_module_msgs.egg-info/SOURCES.txt'
[6.900s] writing manifest file 'op3_tuning_module_msgs.egg-info/SOURCES.txt'
[6.921s] [100%] Built target ament_cmake_python_build_op3_tuning_module_msgs_egg
[6.931s] Invoked command in '/home/certezas/robotis_ws/build/op3_tuning_module_msgs' returned '0': CMAKE_PREFIX_PATH=${CMAKE_PREFIX_PATH}:/opt/ros/humble /usr/bin/cmake --build /home/certezas/robotis_ws/build/op3_tuning_module_msgs -- -j12 -l12
[7.675s] Invoking command in '/home/certezas/robotis_ws/build/op3_tuning_module_msgs': CMAKE_PREFIX_PATH=${CMAKE_PREFIX_PATH}:/opt/ros/humble /usr/bin/cmake --install /home/certezas/robotis_ws/build/op3_tuning_module_msgs
[8.263s] -- Install configuration: ""
[8.263s] -- Up-to-date: /home/certezas/robotis_ws/install/op3_tuning_module_msgs/share/ament_index/resource_index/rosidl_interfaces/op3_tuning_module_msgs
[8.263s] -- Up-to-date: /home/certezas/robotis_ws/install/op3_tuning_module_msgs/include/op3_tuning_module_msgs/op3_tuning_module_msgs
[8.263s] -- Up-to-date: /home/certezas/robotis_ws/install/op3_tuning_module_msgs/include/op3_tuning_module_msgs/op3_tuning_module_msgs/srv
[8.263s] -- Up-to-date: /home/certezas/robotis_ws/install/op3_tuning_module_msgs/include/op3_tuning_module_msgs/op3_tuning_module_msgs/srv/get_present_joint_offset_data.h
[8.263s] -- Up-to-date: /home/certezas/robotis_ws/install/op3_tuning_module_msgs/include/op3_tuning_module_msgs/op3_tuning_module_msgs/srv/detail
[8.264s] -- Up-to-date: /home/certezas/robotis_ws/install/op3_tuning_module_msgs/include/op3_tuning_module_msgs/op3_tuning_module_msgs/srv/detail/get_present_joint_offset_data__type_support.h
[8.264s] -- Up-to-date: /home/certezas/robotis_ws/install/op3_tuning_module_msgs/include/op3_tuning_module_msgs/op3_tuning_module_msgs/srv/detail/get_present_joint_offset_data__struct.h
[8.264s] -- Up-to-date: /home/certezas/robotis_ws/install/op3_tuning_module_msgs/include/op3_tuning_module_msgs/op3_tuning_module_msgs/srv/detail/get_present_joint_offset_data__functions.h
[8.264s] -- Up-to-date: /home/certezas/robotis_ws/install/op3_tuning_module_msgs/include/op3_tuning_module_msgs/op3_tuning_module_msgs/srv/detail/get_present_joint_offset_data__functions.c
[8.264s] -- Up-to-date: /home/certezas/robotis_ws/install/op3_tuning_module_msgs/include/op3_tuning_module_msgs/op3_tuning_module_msgs/msg
[8.264s] -- Up-to-date: /home/certezas/robotis_ws/install/op3_tuning_module_msgs/include/op3_tuning_module_msgs/op3_tuning_module_msgs/msg/rosidl_generator_c__visibility_control.h
[8.264s] -- Up-to-date: /home/certezas/robotis_ws/install/op3_tuning_module_msgs/include/op3_tuning_module_msgs/op3_tuning_module_msgs/msg/joint_torque_on_off_array.h
[8.264s] -- Up-to-date: /home/certezas/robotis_ws/install/op3_tuning_module_msgs/include/op3_tuning_module_msgs/op3_tuning_module_msgs/msg/joint_torque_on_off.h
[8.264s] -- Up-to-date: /home/certezas/robotis_ws/install/op3_tuning_module_msgs/include/op3_tuning_module_msgs/op3_tuning_module_msgs/msg/joint_offset_position_data.h
[8.264s] -- Up-to-date: /home/certezas/robotis_ws/install/op3_tuning_module_msgs/include/op3_tuning_module_msgs/op3_tuning_module_msgs/msg/joint_offset_data.h
[8.264s] -- Up-to-date: /home/certezas/robotis_ws/install/op3_tuning_module_msgs/include/op3_tuning_module_msgs/op3_tuning_module_msgs/msg/detail
[8.264s] -- Up-to-date: /home/certezas/robotis_ws/install/op3_tuning_module_msgs/include/op3_tuning_module_msgs/op3_tuning_module_msgs/msg/detail/joint_torque_on_off__functions.h
[8.264s] -- Up-to-date: /home/certezas/robotis_ws/install/op3_tuning_module_msgs/include/op3_tuning_module_msgs/op3_tuning_module_msgs/msg/detail/joint_offset_position_data__functions.c
[8.264s] -- Up-to-date: /home/certezas/robotis_ws/install/op3_tuning_module_msgs/include/op3_tuning_module_msgs/op3_tuning_module_msgs/msg/detail/joint_torque_on_off_array__functions.c
[8.264s] -- Up-to-date: /home/certezas/robotis_ws/install/op3_tuning_module_msgs/include/op3_tuning_module_msgs/op3_tuning_module_msgs/msg/detail/joint_offset_position_data__type_support.h
[8.264s] -- Up-to-date: /home/certezas/robotis_ws/install/op3_tuning_module_msgs/include/op3_tuning_module_msgs/op3_tuning_module_msgs/msg/detail/joint_torque_on_off_array__struct.h
[8.265s] -- Up-to-date: /home/certezas/robotis_ws/install/op3_tuning_module_msgs/include/op3_tuning_module_msgs/op3_tuning_module_msgs/msg/detail/joint_offset_data__functions.h
[8.265s] -- Up-to-date: /home/certezas/robotis_ws/install/op3_tuning_module_msgs/include/op3_tuning_module_msgs/op3_tuning_module_msgs/msg/detail/joint_torque_on_off_array__functions.h
[8.265s] -- Up-to-date: /home/certezas/robotis_ws/install/op3_tuning_module_msgs/include/op3_tuning_module_msgs/op3_tuning_module_msgs/msg/detail/joint_offset_data__functions.c
[8.265s] -- Up-to-date: /home/certezas/robotis_ws/install/op3_tuning_module_msgs/include/op3_tuning_module_msgs/op3_tuning_module_msgs/msg/detail/joint_torque_on_off_array__type_support.h
[8.265s] -- Up-to-date: /home/certezas/robotis_ws/install/op3_tuning_module_msgs/include/op3_tuning_module_msgs/op3_tuning_module_msgs/msg/detail/joint_offset_position_data__functions.h
[8.265s] -- Up-to-date: /home/certezas/robotis_ws/install/op3_tuning_module_msgs/include/op3_tuning_module_msgs/op3_tuning_module_msgs/msg/detail/joint_torque_on_off__functions.c
[8.265s] -- Up-to-date: /home/certezas/robotis_ws/install/op3_tuning_module_msgs/include/op3_tuning_module_msgs/op3_tuning_module_msgs/msg/detail/joint_torque_on_off__type_support.h
[8.265s] -- Up-to-date: /home/certezas/robotis_ws/install/op3_tuning_module_msgs/include/op3_tuning_module_msgs/op3_tuning_module_msgs/msg/detail/joint_offset_data__struct.h
[8.265s] -- Up-to-date: /home/certezas/robotis_ws/install/op3_tuning_module_msgs/include/op3_tuning_module_msgs/op3_tuning_module_msgs/msg/detail/joint_offset_data__type_support.h
[8.265s] -- Up-to-date: /home/certezas/robotis_ws/install/op3_tuning_module_msgs/include/op3_tuning_module_msgs/op3_tuning_module_msgs/msg/detail/joint_offset_position_data__struct.h
[8.265s] -- Up-to-date: /home/certezas/robotis_ws/install/op3_tuning_module_msgs/include/op3_tuning_module_msgs/op3_tuning_module_msgs/msg/detail/joint_torque_on_off__struct.h
[8.265s] -- Up-to-date: /home/certezas/robotis_ws/install/op3_tuning_module_msgs/share/op3_tuning_module_msgs/environment/library_path.sh
[8.265s] -- Up-to-date: /home/certezas/robotis_ws/install/op3_tuning_module_msgs/share/op3_tuning_module_msgs/environment/library_path.dsv
[8.288s] -- Up-to-date: /home/certezas/robotis_ws/install/op3_tuning_module_msgs/lib/libop3_tuning_module_msgs__rosidl_generator_c.so
[8.288s] -- Up-to-date: /home/certezas/robotis_ws/install/op3_tuning_module_msgs/include/op3_tuning_module_msgs/op3_tuning_module_msgs
[8.288s] -- Up-to-date: /home/certezas/robotis_ws/install/op3_tuning_module_msgs/include/op3_tuning_module_msgs/op3_tuning_module_msgs/srv
[8.288s] -- Up-to-date: /home/certezas/robotis_ws/install/op3_tuning_module_msgs/include/op3_tuning_module_msgs/op3_tuning_module_msgs/srv/detail
[8.288s] -- Up-to-date: /home/certezas/robotis_ws/install/op3_tuning_module_msgs/include/op3_tuning_module_msgs/op3_tuning_module_msgs/srv/detail/get_present_joint_offset_data__rosidl_typesupport_fastrtps_c.h
[8.288s] -- Up-to-date: /home/certezas/robotis_ws/install/op3_tuning_module_msgs/include/op3_tuning_module_msgs/op3_tuning_module_msgs/msg
[8.288s] -- Up-to-date: /home/certezas/robotis_ws/install/op3_tuning_module_msgs/include/op3_tuning_module_msgs/op3_tuning_module_msgs/msg/detail
[8.288s] -- Up-to-date: /home/certezas/robotis_ws/install/op3_tuning_module_msgs/include/op3_tuning_module_msgs/op3_tuning_module_msgs/msg/detail/joint_offset_data__rosidl_typesupport_fastrtps_c.h
[8.288s] -- Up-to-date: /home/certezas/robotis_ws/install/op3_tuning_module_msgs/include/op3_tuning_module_msgs/op3_tuning_module_msgs/msg/detail/joint_offset_position_data__rosidl_typesupport_fastrtps_c.h
[8.288s] -- Up-to-date: /home/certezas/robotis_ws/install/op3_tuning_module_msgs/include/op3_tuning_module_msgs/op3_tuning_module_msgs/msg/detail/joint_torque_on_off__rosidl_typesupport_fastrtps_c.h
[8.288s] -- Up-to-date: /home/certezas/robotis_ws/install/op3_tuning_module_msgs/include/op3_tuning_module_msgs/op3_tuning_module_msgs/msg/detail/joint_torque_on_off_array__rosidl_typesupport_fastrtps_c.h
[8.289s] -- Up-to-date: /home/certezas/robotis_ws/install/op3_tuning_module_msgs/include/op3_tuning_module_msgs/op3_tuning_module_msgs/msg/rosidl_typesupport_fastrtps_c__visibility_control.h
[8.466s] -- Up-to-date: /home/certezas/robotis_ws/install/op3_tuning_module_msgs/lib/libop3_tuning_module_msgs__rosidl_typesupport_fastrtps_c.so
[8.467s] -- Up-to-date: /home/certezas/robotis_ws/install/op3_tuning_module_msgs/include/op3_tuning_module_msgs/op3_tuning_module_msgs
[8.467s] -- Up-to-date: /home/certezas/robotis_ws/install/op3_tuning_module_msgs/include/op3_tuning_module_msgs/op3_tuning_module_msgs/srv
[8.467s] -- Up-to-date: /home/certezas/robotis_ws/install/op3_tuning_module_msgs/include/op3_tuning_module_msgs/op3_tuning_module_msgs/srv/detail
[8.467s] -- Up-to-date: /home/certezas/robotis_ws/install/op3_tuning_module_msgs/include/op3_tuning_module_msgs/op3_tuning_module_msgs/srv/detail/get_present_joint_offset_data__type_support.hpp
[8.467s] -- Up-to-date: /home/certezas/robotis_ws/install/op3_tuning_module_msgs/include/op3_tuning_module_msgs/op3_tuning_module_msgs/srv/detail/get_present_joint_offset_data__builder.hpp
[8.467s] -- Up-to-date: /home/certezas/robotis_ws/install/op3_tuning_module_msgs/include/op3_tuning_module_msgs/op3_tuning_module_msgs/srv/detail/get_present_joint_offset_data__struct.hpp
[8.467s] -- Up-to-date: /home/certezas/robotis_ws/install/op3_tuning_module_msgs/include/op3_tuning_module_msgs/op3_tuning_module_msgs/srv/detail/get_present_joint_offset_data__traits.hpp
[8.467s] -- Up-to-date: /home/certezas/robotis_ws/install/op3_tuning_module_msgs/include/op3_tuning_module_msgs/op3_tuning_module_msgs/srv/get_present_joint_offset_data.hpp
[8.467s] -- Up-to-date: /home/certezas/robotis_ws/install/op3_tuning_module_msgs/include/op3_tuning_module_msgs/op3_tuning_module_msgs/msg
[8.467s] -- Up-to-date: /home/certezas/robotis_ws/install/op3_tuning_module_msgs/include/op3_tuning_module_msgs/op3_tuning_module_msgs/msg/joint_offset_data.hpp
[8.467s] -- Up-to-date: /home/certezas/robotis_ws/install/op3_tuning_module_msgs/include/op3_tuning_module_msgs/op3_tuning_module_msgs/msg/rosidl_generator_cpp__visibility_control.hpp
[8.468s] -- Up-to-date: /home/certezas/robotis_ws/install/op3_tuning_module_msgs/include/op3_tuning_module_msgs/op3_tuning_module_msgs/msg/joint_torque_on_off_array.hpp
[8.468s] -- Up-to-date: /home/certezas/robotis_ws/install/op3_tuning_module_msgs/include/op3_tuning_module_msgs/op3_tuning_module_msgs/msg/detail
[8.468s] -- Up-to-date: /home/certezas/robotis_ws/install/op3_tuning_module_msgs/include/op3_tuning_module_msgs/op3_tuning_module_msgs/msg/detail/joint_torque_on_off_array__type_support.hpp
[8.468s] -- Up-to-date: /home/certezas/robotis_ws/install/op3_tuning_module_msgs/include/op3_tuning_module_msgs/op3_tuning_module_msgs/msg/detail/joint_offset_data__struct.hpp
[8.468s] -- Up-to-date: /home/certezas/robotis_ws/install/op3_tuning_module_msgs/include/op3_tuning_module_msgs/op3_tuning_module_msgs/msg/detail/joint_offset_position_data__builder.hpp
[8.468s] -- Up-to-date: /home/certezas/robotis_ws/install/op3_tuning_module_msgs/include/op3_tuning_module_msgs/op3_tuning_module_msgs/msg/detail/joint_torque_on_off__type_support.hpp
[8.468s] -- Up-to-date: /home/certezas/robotis_ws/install/op3_tuning_module_msgs/include/op3_tuning_module_msgs/op3_tuning_module_msgs/msg/detail/joint_torque_on_off__builder.hpp
[8.468s] -- Up-to-date: /home/certezas/robotis_ws/install/op3_tuning_module_msgs/include/op3_tuning_module_msgs/op3_tuning_module_msgs/msg/detail/joint_offset_position_data__struct.hpp
[8.468s] -- Up-to-date: /home/certezas/robotis_ws/install/op3_tuning_module_msgs/include/op3_tuning_module_msgs/op3_tuning_module_msgs/msg/detail/joint_offset_position_data__traits.hpp
[8.468s] -- Up-to-date: /home/certezas/robotis_ws/install/op3_tuning_module_msgs/include/op3_tuning_module_msgs/op3_tuning_module_msgs/msg/detail/joint_torque_on_off_array__struct.hpp
[8.468s] -- Up-to-date: /home/certezas/robotis_ws/install/op3_tuning_module_msgs/include/op3_tuning_module_msgs/op3_tuning_module_msgs/msg/detail/joint_offset_data__type_support.hpp
[8.468s] -- Up-to-date: /home/certezas/robotis_ws/install/op3_tuning_module_msgs/include/op3_tuning_module_msgs/op3_tuning_module_msgs/msg/detail/joint_torque_on_off_array__traits.hpp
[8.468s] -- Up-to-date: /home/certezas/robotis_ws/install/op3_tuning_module_msgs/include/op3_tuning_module_msgs/op3_tuning_module_msgs/msg/detail/joint_offset_position_data__type_support.hpp
[8.468s] -- Up-to-date: /home/certezas/robotis_ws/install/op3_tuning_module_msgs/include/op3_tuning_module_msgs/op3_tuning_module_msgs/msg/detail/joint_offset_data__traits.hpp
[8.468s] -- Up-to-date: /home/certezas/robotis_ws/install/op3_tuning_module_msgs/include/op3_tuning_module_msgs/op3_tuning_module_msgs/msg/detail/joint_torque_on_off__traits.hpp
[8.468s] -- Up-to-date: /home/certezas/robotis_ws/install/op3_tuning_module_msgs/include/op3_tuning_module_msgs/op3_tuning_module_msgs/msg/detail/joint_offset_data__builder.hpp
[8.468s] -- Up-to-date: /home/certezas/robotis_ws/install/op3_tuning_module_msgs/include/op3_tuning_module_msgs/op3_tuning_module_msgs/msg/detail/joint_torque_on_off__struct.hpp
[8.468s] -- Up-to-date: /home/certezas/robotis_ws/install/op3_tuning_module_msgs/include/op3_tuning_module_msgs/op3_tuning_module_msgs/msg/detail/joint_torque_on_off_array__builder.hpp
[8.468s] -- Up-to-date: /home/certezas/robotis_ws/install/op3_tuning_module_msgs/include/op3_tuning_module_msgs/op3_tuning_module_msgs/msg/joint_offset_position_data.hpp
[8.468s] -- Up-to-date: /home/certezas/robotis_ws/install/op3_tuning_module_msgs/include/op3_tuning_module_msgs/op3_tuning_module_msgs/msg/joint_torque_on_off.hpp
[8.468s] -- Up-to-date: /home/certezas/robotis_ws/install/op3_tuning_module_msgs/include/op3_tuning_module_msgs/op3_tuning_module_msgs
[8.469s] -- Up-to-date: /home/certezas/robotis_ws/install/op3_tuning_module_msgs/include/op3_tuning_module_msgs/op3_tuning_module_msgs/srv
[8.469s] -- Up-to-date: /home/certezas/robotis_ws/install/op3_tuning_module_msgs/include/op3_tuning_module_msgs/op3_tuning_module_msgs/srv/detail
[8.469s] -- Up-to-date: /home/certezas/robotis_ws/install/op3_tuning_module_msgs/include/op3_tuning_module_msgs/op3_tuning_module_msgs/srv/detail/dds_fastrtps
[8.469s] -- Up-to-date: /home/certezas/robotis_ws/install/op3_tuning_module_msgs/include/op3_tuning_module_msgs/op3_tuning_module_msgs/srv/detail/get_present_joint_offset_data__rosidl_typesupport_fastrtps_cpp.hpp
[8.469s] -- Up-to-date: /home/certezas/robotis_ws/install/op3_tuning_module_msgs/include/op3_tuning_module_msgs/op3_tuning_module_msgs/msg
[8.469s] -- Up-to-date: /home/certezas/robotis_ws/install/op3_tuning_module_msgs/include/op3_tuning_module_msgs/op3_tuning_module_msgs/msg/rosidl_typesupport_fastrtps_cpp__visibility_control.h
[8.469s] -- Up-to-date: /home/certezas/robotis_ws/install/op3_tuning_module_msgs/include/op3_tuning_module_msgs/op3_tuning_module_msgs/msg/detail
[8.469s] -- Up-to-date: /home/certezas/robotis_ws/install/op3_tuning_module_msgs/include/op3_tuning_module_msgs/op3_tuning_module_msgs/msg/detail/dds_fastrtps
[8.469s] -- Up-to-date: /home/certezas/robotis_ws/install/op3_tuning_module_msgs/include/op3_tuning_module_msgs/op3_tuning_module_msgs/msg/detail/joint_offset_position_data__rosidl_typesupport_fastrtps_cpp.hpp
[8.469s] -- Up-to-date: /home/certezas/robotis_ws/install/op3_tuning_module_msgs/include/op3_tuning_module_msgs/op3_tuning_module_msgs/msg/detail/joint_torque_on_off__rosidl_typesupport_fastrtps_cpp.hpp
[8.469s] -- Up-to-date: /home/certezas/robotis_ws/install/op3_tuning_module_msgs/include/op3_tuning_module_msgs/op3_tuning_module_msgs/msg/detail/joint_offset_data__rosidl_typesupport_fastrtps_cpp.hpp
[8.469s] -- Up-to-date: /home/certezas/robotis_ws/install/op3_tuning_module_msgs/include/op3_tuning_module_msgs/op3_tuning_module_msgs/msg/detail/joint_torque_on_off_array__rosidl_typesupport_fastrtps_cpp.hpp
[8.565s] -- Up-to-date: /home/certezas/robotis_ws/install/op3_tuning_module_msgs/lib/libop3_tuning_module_msgs__rosidl_typesupport_fastrtps_cpp.so
[8.566s] -- Up-to-date: /home/certezas/robotis_ws/install/op3_tuning_module_msgs/include/op3_tuning_module_msgs/op3_tuning_module_msgs
[8.566s] -- Up-to-date: /home/certezas/robotis_ws/install/op3_tuning_module_msgs/include/op3_tuning_module_msgs/op3_tuning_module_msgs/srv
[8.566s] -- Up-to-date: /home/certezas/robotis_ws/install/op3_tuning_module_msgs/include/op3_tuning_module_msgs/op3_tuning_module_msgs/srv/detail
[8.566s] -- Up-to-date: /home/certezas/robotis_ws/install/op3_tuning_module_msgs/include/op3_tuning_module_msgs/op3_tuning_module_msgs/srv/detail/get_present_joint_offset_data__type_support.c
[8.566s] -- Up-to-date: /home/certezas/robotis_ws/install/op3_tuning_module_msgs/include/op3_tuning_module_msgs/op3_tuning_module_msgs/srv/detail/get_present_joint_offset_data__rosidl_typesupport_introspection_c.h
[8.566s] -- Up-to-date: /home/certezas/robotis_ws/install/op3_tuning_module_msgs/include/op3_tuning_module_msgs/op3_tuning_module_msgs/msg
[8.566s] -- Up-to-date: /home/certezas/robotis_ws/install/op3_tuning_module_msgs/include/op3_tuning_module_msgs/op3_tuning_module_msgs/msg/rosidl_typesupport_introspection_c__visibility_control.h
[8.566s] -- Up-to-date: /home/certezas/robotis_ws/install/op3_tuning_module_msgs/include/op3_tuning_module_msgs/op3_tuning_module_msgs/msg/detail
[8.566s] -- Up-to-date: /home/certezas/robotis_ws/install/op3_tuning_module_msgs/include/op3_tuning_module_msgs/op3_tuning_module_msgs/msg/detail/joint_offset_data__type_support.c
[8.566s] -- Up-to-date: /home/certezas/robotis_ws/install/op3_tuning_module_msgs/include/op3_tuning_module_msgs/op3_tuning_module_msgs/msg/detail/joint_offset_position_data__type_support.c
[8.566s] -- Up-to-date: /home/certezas/robotis_ws/install/op3_tuning_module_msgs/include/op3_tuning_module_msgs/op3_tuning_module_msgs/msg/detail/joint_torque_on_off__type_support.c
[8.566s] -- Up-to-date: /home/certezas/robotis_ws/install/op3_tuning_module_msgs/include/op3_tuning_module_msgs/op3_tuning_module_msgs/msg/detail/joint_torque_on_off__rosidl_typesupport_introspection_c.h
[8.566s] -- Up-to-date: /home/certezas/robotis_ws/install/op3_tuning_module_msgs/include/op3_tuning_module_msgs/op3_tuning_module_msgs/msg/detail/joint_offset_data__rosidl_typesupport_introspection_c.h
[8.566s] -- Up-to-date: /home/certezas/robotis_ws/install/op3_tuning_module_msgs/include/op3_tuning_module_msgs/op3_tuning_module_msgs/msg/detail/joint_torque_on_off_array__type_support.c
[8.566s] -- Up-to-date: /home/certezas/robotis_ws/install/op3_tuning_module_msgs/include/op3_tuning_module_msgs/op3_tuning_module_msgs/msg/detail/joint_offset_position_data__rosidl_typesupport_introspection_c.h
[8.566s] -- Up-to-date: /home/certezas/robotis_ws/install/op3_tuning_module_msgs/include/op3_tuning_module_msgs/op3_tuning_module_msgs/msg/detail/joint_torque_on_off_array__rosidl_typesupport_introspection_c.h
[8.680s] -- Up-to-date: /home/certezas/robotis_ws/install/op3_tuning_module_msgs/lib/libop3_tuning_module_msgs__rosidl_typesupport_introspection_c.so
[8.681s] -- Up-to-date: /home/certezas/robotis_ws/install/op3_tuning_module_msgs/lib/libop3_tuning_module_msgs__rosidl_typesupport_c.so
[8.681s] -- Up-to-date: /home/certezas/robotis_ws/install/op3_tuning_module_msgs/include/op3_tuning_module_msgs/op3_tuning_module_msgs
[8.681s] -- Up-to-date: /home/certezas/robotis_ws/install/op3_tuning_module_msgs/include/op3_tuning_module_msgs/op3_tuning_module_msgs/srv
[8.681s] -- Up-to-date: /home/certezas/robotis_ws/install/op3_tuning_module_msgs/include/op3_tuning_module_msgs/op3_tuning_module_msgs/srv/detail
[8.681s] -- Up-to-date: /home/certezas/robotis_ws/install/op3_tuning_module_msgs/include/op3_tuning_module_msgs/op3_tuning_module_msgs/srv/detail/get_present_joint_offset_data__rosidl_typesupport_introspection_cpp.hpp
[8.681s] -- Up-to-date: /home/certezas/robotis_ws/install/op3_tuning_module_msgs/include/op3_tuning_module_msgs/op3_tuning_module_msgs/srv/detail/get_present_joint_offset_data__type_support.cpp
[8.681s] -- Up-to-date: /home/certezas/robotis_ws/install/op3_tuning_module_msgs/include/op3_tuning_module_msgs/op3_tuning_module_msgs/msg
[8.681s] -- Up-to-date: /home/certezas/robotis_ws/install/op3_tuning_module_msgs/include/op3_tuning_module_msgs/op3_tuning_module_msgs/msg/detail
[8.681s] -- Up-to-date: /home/certezas/robotis_ws/install/op3_tuning_module_msgs/include/op3_tuning_module_msgs/op3_tuning_module_msgs/msg/detail/joint_torque_on_off__rosidl_typesupport_introspection_cpp.hpp
[8.681s] -- Up-to-date: /home/certezas/robotis_ws/install/op3_tuning_module_msgs/include/op3_tuning_module_msgs/op3_tuning_module_msgs/msg/detail/joint_offset_data__rosidl_typesupport_introspection_cpp.hpp
[8.682s] -- Up-to-date: /home/certezas/robotis_ws/install/op3_tuning_module_msgs/include/op3_tuning_module_msgs/op3_tuning_module_msgs/msg/detail/joint_offset_position_data__rosidl_typesupport_introspection_cpp.hpp
[8.682s] -- Up-to-date: /home/certezas/robotis_ws/install/op3_tuning_module_msgs/include/op3_tuning_module_msgs/op3_tuning_module_msgs/msg/detail/joint_torque_on_off__type_support.cpp
[8.682s] -- Up-to-date: /home/certezas/robotis_ws/install/op3_tuning_module_msgs/include/op3_tuning_module_msgs/op3_tuning_module_msgs/msg/detail/joint_torque_on_off_array__type_support.cpp
[8.682s] -- Up-to-date: /home/certezas/robotis_ws/install/op3_tuning_module_msgs/include/op3_tuning_module_msgs/op3_tuning_module_msgs/msg/detail/joint_offset_data__type_support.cpp
[8.682s] -- Up-to-date: /home/certezas/robotis_ws/install/op3_tuning_module_msgs/include/op3_tuning_module_msgs/op3_tuning_module_msgs/msg/detail/joint_torque_on_off_array__rosidl_typesupport_introspection_cpp.hpp
[8.682s] -- Up-to-date: /home/certezas/robotis_ws/install/op3_tuning_module_msgs/include/op3_tuning_module_msgs/op3_tuning_module_msgs/msg/detail/joint_offset_position_data__type_support.cpp
[8.701s] -- Up-to-date: /home/certezas/robotis_ws/install/op3_tuning_module_msgs/lib/libop3_tuning_module_msgs__rosidl_typesupport_introspection_cpp.so
[8.711s] -- Up-to-date: /home/certezas/robotis_ws/install/op3_tuning_module_msgs/lib/libop3_tuning_module_msgs__rosidl_typesupport_cpp.so
[8.711s] -- Up-to-date: /home/certezas/robotis_ws/install/op3_tuning_module_msgs/share/op3_tuning_module_msgs/environment/pythonpath.sh
[8.711s] -- Up-to-date: /home/certezas/robotis_ws/install/op3_tuning_module_msgs/share/op3_tuning_module_msgs/environment/pythonpath.dsv
[8.711s] -- Up-to-date: /home/certezas/robotis_ws/install/op3_tuning_module_msgs/local/lib/python3.10/dist-packages/op3_tuning_module_msgs-0.0.1-py3.10.egg-info
[8.711s] -- Installing: /home/certezas/robotis_ws/install/op3_tuning_module_msgs/local/lib/python3.10/dist-packages/op3_tuning_module_msgs-0.0.1-py3.10.egg-info/PKG-INFO
[8.711s] -- Installing: /home/certezas/robotis_ws/install/op3_tuning_module_msgs/local/lib/python3.10/dist-packages/op3_tuning_module_msgs-0.0.1-py3.10.egg-info/dependency_links.txt
[8.711s] -- Installing: /home/certezas/robotis_ws/install/op3_tuning_module_msgs/local/lib/python3.10/dist-packages/op3_tuning_module_msgs-0.0.1-py3.10.egg-info/top_level.txt
[8.712s] -- Installing: /home/certezas/robotis_ws/install/op3_tuning_module_msgs/local/lib/python3.10/dist-packages/op3_tuning_module_msgs-0.0.1-py3.10.egg-info/SOURCES.txt
[8.712s] -- Up-to-date: /home/certezas/robotis_ws/install/op3_tuning_module_msgs/local/lib/python3.10/dist-packages/op3_tuning_module_msgs
[8.712s] -- Up-to-date: /home/certezas/robotis_ws/install/op3_tuning_module_msgs/local/lib/python3.10/dist-packages/op3_tuning_module_msgs/op3_tuning_module_msgs_s__rosidl_typesupport_introspection_c.cpython-310-x86_64-linux-gnu.so
[8.712s] -- Up-to-date: /home/certezas/robotis_ws/install/op3_tuning_module_msgs/local/lib/python3.10/dist-packages/op3_tuning_module_msgs/libop3_tuning_module_msgs__rosidl_generator_py.so
[8.712s] -- Up-to-date: /home/certezas/robotis_ws/install/op3_tuning_module_msgs/local/lib/python3.10/dist-packages/op3_tuning_module_msgs/__init__.py
[8.712s] -- Up-to-date: /home/certezas/robotis_ws/install/op3_tuning_module_msgs/local/lib/python3.10/dist-packages/op3_tuning_module_msgs/_op3_tuning_module_msgs_s.ep.rosidl_typesupport_fastrtps_c.c
[8.712s] -- Up-to-date: /home/certezas/robotis_ws/install/op3_tuning_module_msgs/local/lib/python3.10/dist-packages/op3_tuning_module_msgs/srv
[8.712s] -- Up-to-date: /home/certezas/robotis_ws/install/op3_tuning_module_msgs/local/lib/python3.10/dist-packages/op3_tuning_module_msgs/srv/__init__.py
[8.712s] -- Up-to-date: /home/certezas/robotis_ws/install/op3_tuning_module_msgs/local/lib/python3.10/dist-packages/op3_tuning_module_msgs/srv/_get_present_joint_offset_data.py
[8.712s] -- Up-to-date: /home/certezas/robotis_ws/install/op3_tuning_module_msgs/local/lib/python3.10/dist-packages/op3_tuning_module_msgs/srv/_get_present_joint_offset_data_s.c
[8.712s] -- Up-to-date: /home/certezas/robotis_ws/install/op3_tuning_module_msgs/local/lib/python3.10/dist-packages/op3_tuning_module_msgs/op3_tuning_module_msgs_s__rosidl_typesupport_c.cpython-310-x86_64-linux-gnu.so
[8.712s] -- Up-to-date: /home/certezas/robotis_ws/install/op3_tuning_module_msgs/local/lib/python3.10/dist-packages/op3_tuning_module_msgs/_op3_tuning_module_msgs_s.ep.rosidl_typesupport_introspection_c.c
[8.712s] -- Up-to-date: /home/certezas/robotis_ws/install/op3_tuning_module_msgs/local/lib/python3.10/dist-packages/op3_tuning_module_msgs/op3_tuning_module_msgs_s__rosidl_typesupport_fastrtps_c.cpython-310-x86_64-linux-gnu.so
[8.712s] -- Up-to-date: /home/certezas/robotis_ws/install/op3_tuning_module_msgs/local/lib/python3.10/dist-packages/op3_tuning_module_msgs/msg
[8.712s] -- Up-to-date: /home/certezas/robotis_ws/install/op3_tuning_module_msgs/local/lib/python3.10/dist-packages/op3_tuning_module_msgs/msg/_joint_torque_on_off_array_s.c
[8.712s] -- Up-to-date: /home/certezas/robotis_ws/install/op3_tuning_module_msgs/local/lib/python3.10/dist-packages/op3_tuning_module_msgs/msg/_joint_offset_data.py
[8.712s] -- Up-to-date: /home/certezas/robotis_ws/install/op3_tuning_module_msgs/local/lib/python3.10/dist-packages/op3_tuning_module_msgs/msg/_joint_offset_position_data_s.c
[8.712s] -- Up-to-date: /home/certezas/robotis_ws/install/op3_tuning_module_msgs/local/lib/python3.10/dist-packages/op3_tuning_module_msgs/msg/__init__.py
[8.712s] -- Up-to-date: /home/certezas/robotis_ws/install/op3_tuning_module_msgs/local/lib/python3.10/dist-packages/op3_tuning_module_msgs/msg/_joint_torque_on_off_s.c
[8.713s] -- Up-to-date: /home/certezas/robotis_ws/install/op3_tuning_module_msgs/local/lib/python3.10/dist-packages/op3_tuning_module_msgs/msg/_joint_torque_on_off_array.py
[8.713s] -- Up-to-date: /home/certezas/robotis_ws/install/op3_tuning_module_msgs/local/lib/python3.10/dist-packages/op3_tuning_module_msgs/msg/_joint_offset_position_data.py
[8.713s] -- Up-to-date: /home/certezas/robotis_ws/install/op3_tuning_module_msgs/local/lib/python3.10/dist-packages/op3_tuning_module_msgs/msg/_joint_offset_data_s.c
[8.713s] -- Up-to-date: /home/certezas/robotis_ws/install/op3_tuning_module_msgs/local/lib/python3.10/dist-packages/op3_tuning_module_msgs/msg/_joint_torque_on_off.py
[8.713s] -- Up-to-date: /home/certezas/robotis_ws/install/op3_tuning_module_msgs/local/lib/python3.10/dist-packages/op3_tuning_module_msgs/_op3_tuning_module_msgs_s.ep.rosidl_typesupport_c.c
[9.074s] Listing '/home/certezas/robotis_ws/install/op3_tuning_module_msgs/local/lib/python3.10/dist-packages/op3_tuning_module_msgs'...
[9.074s] Listing '/home/certezas/robotis_ws/install/op3_tuning_module_msgs/local/lib/python3.10/dist-packages/op3_tuning_module_msgs/msg'...
[9.074s] Listing '/home/certezas/robotis_ws/install/op3_tuning_module_msgs/local/lib/python3.10/dist-packages/op3_tuning_module_msgs/srv'...
[9.083s] -- Up-to-date: /home/certezas/robotis_ws/install/op3_tuning_module_msgs/local/lib/python3.10/dist-packages/op3_tuning_module_msgs/op3_tuning_module_msgs_s__rosidl_typesupport_fastrtps_c.cpython-310-x86_64-linux-gnu.so
[9.085s] -- Up-to-date: /home/certezas/robotis_ws/install/op3_tuning_module_msgs/local/lib/python3.10/dist-packages/op3_tuning_module_msgs/op3_tuning_module_msgs_s__rosidl_typesupport_introspection_c.cpython-310-x86_64-linux-gnu.so
[9.085s] -- Up-to-date: /home/certezas/robotis_ws/install/op3_tuning_module_msgs/local/lib/python3.10/dist-packages/op3_tuning_module_msgs/op3_tuning_module_msgs_s__rosidl_typesupport_c.cpython-310-x86_64-linux-gnu.so
[9.309s] -- Up-to-date: /home/certezas/robotis_ws/install/op3_tuning_module_msgs/lib/libop3_tuning_module_msgs__rosidl_generator_py.so
[9.319s] -- Up-to-date: /home/certezas/robotis_ws/install/op3_tuning_module_msgs/share/op3_tuning_module_msgs/msg/JointOffsetData.idl
[9.319s] -- Up-to-date: /home/certezas/robotis_ws/install/op3_tuning_module_msgs/share/op3_tuning_module_msgs/msg/JointOffsetPositionData.idl
[9.319s] -- Up-to-date: /home/certezas/robotis_ws/install/op3_tuning_module_msgs/share/op3_tuning_module_msgs/msg/JointTorqueOnOff.idl
[9.319s] -- Up-to-date: /home/certezas/robotis_ws/install/op3_tuning_module_msgs/share/op3_tuning_module_msgs/msg/JointTorqueOnOffArray.idl
[9.319s] -- Up-to-date: /home/certezas/robotis_ws/install/op3_tuning_module_msgs/share/op3_tuning_module_msgs/srv/GetPresentJointOffsetData.idl
[9.319s] -- Up-to-date: /home/certezas/robotis_ws/install/op3_tuning_module_msgs/share/op3_tuning_module_msgs/msg/JointOffsetData.msg
[9.319s] -- Up-to-date: /home/certezas/robotis_ws/install/op3_tuning_module_msgs/share/op3_tuning_module_msgs/msg/JointOffsetPositionData.msg
[9.319s] -- Up-to-date: /home/certezas/robotis_ws/install/op3_tuning_module_msgs/share/op3_tuning_module_msgs/msg/JointTorqueOnOff.msg
[9.319s] -- Up-to-date: /home/certezas/robotis_ws/install/op3_tuning_module_msgs/share/op3_tuning_module_msgs/msg/JointTorqueOnOffArray.msg
[9.319s] -- Up-to-date: /home/certezas/robotis_ws/install/op3_tuning_module_msgs/share/op3_tuning_module_msgs/srv/GetPresentJointOffsetData.srv
[9.319s] -- Up-to-date: /home/certezas/robotis_ws/install/op3_tuning_module_msgs/share/op3_tuning_module_msgs/srv/GetPresentJointOffsetData_Request.msg
[9.319s] -- Up-to-date: /home/certezas/robotis_ws/install/op3_tuning_module_msgs/share/op3_tuning_module_msgs/srv/GetPresentJointOffsetData_Response.msg
[9.320s] -- Up-to-date: /home/certezas/robotis_ws/install/op3_tuning_module_msgs/share/ament_index/resource_index/package_run_dependencies/op3_tuning_module_msgs
[9.320s] -- Up-to-date: /home/certezas/robotis_ws/install/op3_tuning_module_msgs/share/ament_index/resource_index/parent_prefix_path/op3_tuning_module_msgs
[9.320s] -- Up-to-date: /home/certezas/robotis_ws/install/op3_tuning_module_msgs/share/op3_tuning_module_msgs/environment/ament_prefix_path.sh
[9.320s] -- Up-to-date: /home/certezas/robotis_ws/install/op3_tuning_module_msgs/share/op3_tuning_module_msgs/environment/ament_prefix_path.dsv
[9.320s] -- Up-to-date: /home/certezas/robotis_ws/install/op3_tuning_module_msgs/share/op3_tuning_module_msgs/environment/path.sh
[9.320s] -- Up-to-date: /home/certezas/robotis_ws/install/op3_tuning_module_msgs/share/op3_tuning_module_msgs/environment/path.dsv
[9.320s] -- Up-to-date: /home/certezas/robotis_ws/install/op3_tuning_module_msgs/share/op3_tuning_module_msgs/local_setup.bash
[9.320s] -- Up-to-date: /home/certezas/robotis_ws/install/op3_tuning_module_msgs/share/op3_tuning_module_msgs/local_setup.sh
[9.320s] -- Up-to-date: /home/certezas/robotis_ws/install/op3_tuning_module_msgs/share/op3_tuning_module_msgs/local_setup.zsh
[9.320s] -- Up-to-date: /home/certezas/robotis_ws/install/op3_tuning_module_msgs/share/op3_tuning_module_msgs/local_setup.dsv
[9.320s] -- Installing: /home/certezas/robotis_ws/install/op3_tuning_module_msgs/share/op3_tuning_module_msgs/package.dsv
[9.355s] -- Up-to-date: /home/certezas/robotis_ws/install/op3_tuning_module_msgs/share/ament_index/resource_index/packages/op3_tuning_module_msgs
[9.560s] -- Up-to-date: /home/certezas/robotis_ws/install/op3_tuning_module_msgs/share/op3_tuning_module_msgs/cmake/export_op3_tuning_module_msgs__rosidl_generator_cExport.cmake
[9.560s] -- Up-to-date: /home/certezas/robotis_ws/install/op3_tuning_module_msgs/share/op3_tuning_module_msgs/cmake/export_op3_tuning_module_msgs__rosidl_generator_cExport-noconfig.cmake
[9.627s] -- Up-to-date: /home/certezas/robotis_ws/install/op3_tuning_module_msgs/share/op3_tuning_module_msgs/cmake/export_op3_tuning_module_msgs__rosidl_typesupport_fastrtps_cExport.cmake
[9.627s] -- Up-to-date: /home/certezas/robotis_ws/install/op3_tuning_module_msgs/share/op3_tuning_module_msgs/cmake/export_op3_tuning_module_msgs__rosidl_typesupport_fastrtps_cExport-noconfig.cmake
[9.660s] -- Up-to-date: /home/certezas/robotis_ws/install/op3_tuning_module_msgs/share/op3_tuning_module_msgs/cmake/export_op3_tuning_module_msgs__rosidl_generator_cppExport.cmake
[9.695s] -- Up-to-date: /home/certezas/robotis_ws/install/op3_tuning_module_msgs/share/op3_tuning_module_msgs/cmake/export_op3_tuning_module_msgs__rosidl_typesupport_fastrtps_cppExport.cmake
[9.695s] -- Up-to-date: /home/certezas/robotis_ws/install/op3_tuning_module_msgs/share/op3_tuning_module_msgs/cmake/export_op3_tuning_module_msgs__rosidl_typesupport_fastrtps_cppExport-noconfig.cmake
[9.762s] -- Up-to-date: /home/certezas/robotis_ws/install/op3_tuning_module_msgs/share/op3_tuning_module_msgs/cmake/op3_tuning_module_msgs__rosidl_typesupport_introspection_cExport.cmake
[9.762s] -- Up-to-date: /home/certezas/robotis_ws/install/op3_tuning_module_msgs/share/op3_tuning_module_msgs/cmake/op3_tuning_module_msgs__rosidl_typesupport_introspection_cExport-noconfig.cmake
[9.784s] -- Up-to-date: /home/certezas/robotis_ws/install/op3_tuning_module_msgs/share/op3_tuning_module_msgs/cmake/op3_tuning_module_msgs__rosidl_typesupport_cExport.cmake
[9.784s] -- Up-to-date: /home/certezas/robotis_ws/install/op3_tuning_module_msgs/share/op3_tuning_module_msgs/cmake/op3_tuning_module_msgs__rosidl_typesupport_cExport-noconfig.cmake
[9.884s] -- Up-to-date: /home/certezas/robotis_ws/install/op3_tuning_module_msgs/share/op3_tuning_module_msgs/cmake/op3_tuning_module_msgs__rosidl_typesupport_introspection_cppExport.cmake
[9.884s] -- Up-to-date: /home/certezas/robotis_ws/install/op3_tuning_module_msgs/share/op3_tuning_module_msgs/cmake/op3_tuning_module_msgs__rosidl_typesupport_introspection_cppExport-noconfig.cmake
[9.962s] -- Up-to-date: /home/certezas/robotis_ws/install/op3_tuning_module_msgs/share/op3_tuning_module_msgs/cmake/op3_tuning_module_msgs__rosidl_typesupport_cppExport.cmake
[9.962s] -- Up-to-date: /home/certezas/robotis_ws/install/op3_tuning_module_msgs/share/op3_tuning_module_msgs/cmake/op3_tuning_module_msgs__rosidl_typesupport_cppExport-noconfig.cmake
[10.007s] -- Up-to-date: /home/certezas/robotis_ws/install/op3_tuning_module_msgs/share/op3_tuning_module_msgs/cmake/export_op3_tuning_module_msgs__rosidl_generator_pyExport.cmake
[10.007s] -- Up-to-date: /home/certezas/robotis_ws/install/op3_tuning_module_msgs/share/op3_tuning_module_msgs/cmake/export_op3_tuning_module_msgs__rosidl_generator_pyExport-noconfig.cmake
[10.007s] -- Up-to-date: /home/certezas/robotis_ws/install/op3_tuning_module_msgs/share/op3_tuning_module_msgs/cmake/rosidl_cmake-extras.cmake
[10.007s] -- Up-to-date: /home/certezas/robotis_ws/install/op3_tuning_module_msgs/share/op3_tuning_module_msgs/cmake/ament_cmake_export_dependencies-extras.cmake
[10.007s] -- Up-to-date: /home/certezas/robotis_ws/install/op3_tuning_module_msgs/share/op3_tuning_module_msgs/cmake/ament_cmake_export_include_directories-extras.cmake
[10.007s] -- Up-to-date: /home/certezas/robotis_ws/install/op3_tuning_module_msgs/share/op3_tuning_module_msgs/cmake/ament_cmake_export_libraries-extras.cmake
[10.008s] -- Up-to-date: /home/certezas/robotis_ws/install/op3_tuning_module_msgs/share/op3_tuning_module_msgs/cmake/ament_cmake_export_targets-extras.cmake
[10.008s] -- Up-to-date: /home/certezas/robotis_ws/install/op3_tuning_module_msgs/share/op3_tuning_module_msgs/cmake/rosidl_cmake_export_typesupport_targets-extras.cmake
[10.008s] -- Up-to-date: /home/certezas/robotis_ws/install/op3_tuning_module_msgs/share/op3_tuning_module_msgs/cmake/rosidl_cmake_export_typesupport_libraries-extras.cmake
[10.008s] -- Up-to-date: /home/certezas/robotis_ws/install/op3_tuning_module_msgs/share/op3_tuning_module_msgs/cmake/op3_tuning_module_msgsConfig.cmake
[10.008s] -- Up-to-date: /home/certezas/robotis_ws/install/op3_tuning_module_msgs/share/op3_tuning_module_msgs/cmake/op3_tuning_module_msgsConfig-version.cmake
[10.008s] -- Up-to-date: /home/certezas/robotis_ws/install/op3_tuning_module_msgs/share/op3_tuning_module_msgs/package.xml
[10.249s] Invoked command in '/home/certezas/robotis_ws/build/op3_tuning_module_msgs' returned '0': CMAKE_PREFIX_PATH=${CMAKE_PREFIX_PATH}:/opt/ros/humble /usr/bin/cmake --install /home/certezas/robotis_ws/build/op3_tuning_module_msgs
