[0.032s] Invoking command in '/home/certezas/robotis_ws/build/robotis_math': CMAKE_PREFIX_PATH=${CMAKE_PREFIX_PATH}:/home/certezas/robotis_ws/install/op3_head_control_module:/opt/ros/humble /usr/bin/cmake /home/certezas/robotis_ws/src/ROBOTIS-Math/robotis_math -DCMAKE_INSTALL_PREFIX=/home/certezas/robotis_ws/install/robotis_math
[0.635s] -- The C compiler identification is GNU 11.4.0
[0.802s] -- The CXX compiler identification is GNU 11.4.0
[0.893s] -- Detecting C compiler ABI info
[1.017s] -- Detecting C compiler ABI info - done
[1.030s] -- Check for working C compiler: /usr/bin/cc - skipped
[1.030s] -- Detecting C compile features
[1.031s] -- Detecting C compile features - done
[1.036s] -- Detecting CXX compiler ABI info
[1.162s] -- Detecting CXX compiler ABI info - done
[1.171s] -- Check for working CXX compiler: /usr/bin/c++ - skipped
[1.171s] -- Detecting CXX compile features
[1.172s] -- Detecting CXX compile features - done
[1.263s] -- Found ament_cmake: 1.3.11 (/opt/ros/humble/share/ament_cmake/cmake)
[1.554s] -- Found Python3: /usr/bin/python3 (found version "3.10.12") found components: Interpreter 
[1.848s] -- Found rclcpp: 16.0.12 (/opt/ros/humble/share/rclcpp/cmake)
[1.975s] -- Found rosidl_generator_c: 3.1.6 (/opt/ros/humble/share/rosidl_generator_c/cmake)
[1.980s] -- Found rosidl_adapter: 3.1.6 (/opt/ros/humble/share/rosidl_adapter/cmake)
[1.992s] -- Found rosidl_generator_cpp: 3.1.6 (/opt/ros/humble/share/rosidl_generator_cpp/cmake)
[2.011s] -- Using all available rosidl_typesupport_c: rosidl_typesupport_fastrtps_c;rosidl_typesupport_introspection_c
[2.037s] -- Using all available rosidl_typesupport_cpp: rosidl_typesupport_fastrtps_cpp;rosidl_typesupport_introspection_cpp
[2.225s] -- Found rmw_implementation_cmake: 6.1.2 (/opt/ros/humble/share/rmw_implementation_cmake/cmake)
[2.231s] -- Found rmw_fastrtps_cpp: 6.2.7 (/opt/ros/humble/share/rmw_fastrtps_cpp/cmake)
[2.521s] -- Found OpenSSL: /usr/lib/x86_64-linux-gnu/libcrypto.so (found version "3.0.2")  
[2.559s] -- Found FastRTPS: /opt/ros/humble/include  
[2.597s] -- Using RMW implementation 'rmw_fastrtps_cpp' as default
[2.713s] -- Looking for pthread.h
[2.830s] -- Looking for pthread.h - found
[2.830s] -- Performing Test CMAKE_HAVE_LIBC_PTHREAD
[2.922s] -- Performing Test CMAKE_HAVE_LIBC_PTHREAD - Success
[2.923s] -- Found Threads: TRUE  
[3.118s] -- Configuring done
[3.124s] -- Generating done
[3.126s] -- Build files have been written to: /home/certezas/robotis_ws/build/robotis_math
[3.134s] Invoked command in '/home/certezas/robotis_ws/build/robotis_math' returned '0': CMAKE_PREFIX_PATH=${CMAKE_PREFIX_PATH}:/home/certezas/robotis_ws/install/op3_head_control_module:/opt/ros/humble /usr/bin/cmake /home/certezas/robotis_ws/src/ROBOTIS-Math/robotis_math -DCMAKE_INSTALL_PREFIX=/home/certezas/robotis_ws/install/robotis_math
[3.135s] Invoking command in '/home/certezas/robotis_ws/build/robotis_math': CMAKE_PREFIX_PATH=${CMAKE_PREFIX_PATH}:/home/certezas/robotis_ws/install/op3_head_control_module:/opt/ros/humble /usr/bin/cmake --build /home/certezas/robotis_ws/build/robotis_math -- -j12 -l12
[6.019s] [ 18%] [32mBuilding CXX object CMakeFiles/robotis_math.dir/src/robotis_trajectory_calculator.cpp.o[0m
[6.019s] [ 18%] [32mBuilding CXX object CMakeFiles/robotis_math.dir/src/minimum_jerk_trajectory.cpp.o[0m
[6.019s] [ 27%] [32mBuilding CXX object CMakeFiles/robotis_math.dir/src/robotis_math_base.cpp.o[0m
[6.019s] [ 36%] [32mBuilding CXX object CMakeFiles/robotis_math.dir/src/minimum_jerk_trajectory_with_via_point.cpp.o[0m
[6.019s] [ 45%] [32mBuilding CXX object CMakeFiles/robotis_math.dir/src/simple_trapezoidal_velocity_profile.cpp.o[0m
[6.019s] [ 63%] [32mBuilding CXX object CMakeFiles/robotis_math.dir/src/bezier_curve.cpp.o[0m
[6.019s] [ 63%] [32mBuilding CXX object CMakeFiles/robotis_math.dir/src/fifth_order_polynomial_trajectory.cpp.o[0m
[6.019s] [ 72%] [32mBuilding CXX object CMakeFiles/robotis_math.dir/src/robotis_linear_algebra.cpp.o[0m
[6.019s] [ 81%] [32mBuilding CXX object CMakeFiles/robotis_math.dir/src/step_data_define.cpp.o[0m
[6.020s] [ 90%] [32mBuilding CXX object CMakeFiles/robotis_math.dir/src/preview_control.cpp.o[0m
[24.194s] [100%] [32m[1mLinking CXX static library librobotis_math.a[0m
[25.007s] [100%] Built target robotis_math
[25.016s] Invoked command in '/home/certezas/robotis_ws/build/robotis_math' returned '0': CMAKE_PREFIX_PATH=${CMAKE_PREFIX_PATH}:/home/certezas/robotis_ws/install/op3_head_control_module:/opt/ros/humble /usr/bin/cmake --build /home/certezas/robotis_ws/build/robotis_math -- -j12 -l12
[25.021s] Invoking command in '/home/certezas/robotis_ws/build/robotis_math': CMAKE_PREFIX_PATH=${CMAKE_PREFIX_PATH}:/home/certezas/robotis_ws/install/op3_head_control_module:/opt/ros/humble /usr/bin/cmake --install /home/certezas/robotis_ws/build/robotis_math
[25.165s] -- Install configuration: ""
[25.165s] -- Installing: /home/certezas/robotis_ws/install/robotis_math/lib/librobotis_math.a
[25.165s] -- Installing: /home/certezas/robotis_ws/install/robotis_math/include/robotis_math
[25.498s] -- Installing: /home/certezas/robotis_ws/install/robotis_math/include/robotis_math/step_data_define.h
[25.498s] -- Installing: /home/certezas/robotis_ws/install/robotis_math/include/robotis_math/fifth_order_polynomial_trajectory.h
[25.498s] -- Installing: /home/certezas/robotis_ws/install/robotis_math/include/robotis_math/robotis_linear_algebra.h
[25.498s] -- Installing: /home/certezas/robotis_ws/install/robotis_math/include/robotis_math/bezier_curve.h
[25.498s] -- Installing: /home/certezas/robotis_ws/install/robotis_math/include/robotis_math/minimum_jerk_trajectory.h
[25.498s] -- Installing: /home/certezas/robotis_ws/install/robotis_math/include/robotis_math/robotis_trajectory_calculator.h
[25.498s] -- Installing: /home/certezas/robotis_ws/install/robotis_math/include/robotis_math/robotis_math_base.h
[25.498s] -- Installing: /home/certezas/robotis_ws/install/robotis_math/include/robotis_math/simple_trapezoidal_velocity_profile.h
[25.498s] -- Installing: /home/certezas/robotis_ws/install/robotis_math/include/robotis_math/robotis_math.h
[25.499s] -- Installing: /home/certezas/robotis_ws/install/robotis_math/include/robotis_math/preview_control.h
[25.499s] -- Installing: /home/certezas/robotis_ws/install/robotis_math/include/robotis_math/minimum_jerk_trajectory_with_via_point.h
[25.499s] -- Installing: /home/certezas/robotis_ws/install/robotis_math/share/robotis_math/environment/library_path.sh
[25.499s] -- Installing: /home/certezas/robotis_ws/install/robotis_math/share/robotis_math/environment/library_path.dsv
[25.499s] -- Installing: /home/certezas/robotis_ws/install/robotis_math/share/ament_index/resource_index/package_run_dependencies/robotis_math
[25.499s] -- Installing: /home/certezas/robotis_ws/install/robotis_math/share/ament_index/resource_index/parent_prefix_path/robotis_math
[25.499s] -- Installing: /home/certezas/robotis_ws/install/robotis_math/share/robotis_math/environment/ament_prefix_path.sh
[25.500s] -- Installing: /home/certezas/robotis_ws/install/robotis_math/share/robotis_math/environment/ament_prefix_path.dsv
[25.500s] -- Installing: /home/certezas/robotis_ws/install/robotis_math/share/robotis_math/environment/path.sh
[25.500s] -- Installing: /home/certezas/robotis_ws/install/robotis_math/share/robotis_math/environment/path.dsv
[25.500s] -- Installing: /home/certezas/robotis_ws/install/robotis_math/share/robotis_math/local_setup.bash
[25.500s] -- Installing: /home/certezas/robotis_ws/install/robotis_math/share/robotis_math/local_setup.sh
[25.500s] -- Installing: /home/certezas/robotis_ws/install/robotis_math/share/robotis_math/local_setup.zsh
[25.501s] -- Installing: /home/certezas/robotis_ws/install/robotis_math/share/robotis_math/local_setup.dsv
[25.501s] -- Installing: /home/certezas/robotis_ws/install/robotis_math/share/robotis_math/package.dsv
[25.501s] -- Installing: /home/certezas/robotis_ws/install/robotis_math/share/ament_index/resource_index/packages/robotis_math
[25.501s] -- Installing: /home/certezas/robotis_ws/install/robotis_math/share/robotis_math/cmake/export_robotis_mathExport.cmake
[25.501s] -- Installing: /home/certezas/robotis_ws/install/robotis_math/share/robotis_math/cmake/export_robotis_mathExport-noconfig.cmake
[25.501s] -- Installing: /home/certezas/robotis_ws/install/robotis_math/share/robotis_math/cmake/ament_cmake_export_targets-extras.cmake
[25.501s] -- Installing: /home/certezas/robotis_ws/install/robotis_math/share/robotis_math/cmake/ament_cmake_export_include_directories-extras.cmake
[25.502s] -- Installing: /home/certezas/robotis_ws/install/robotis_math/share/robotis_math/cmake/ament_cmake_export_dependencies-extras.cmake
[25.502s] -- Installing: /home/certezas/robotis_ws/install/robotis_math/share/robotis_math/cmake/robotis_mathConfig.cmake
[25.502s] -- Installing: /home/certezas/robotis_ws/install/robotis_math/share/robotis_math/cmake/robotis_mathConfig-version.cmake
[25.502s] -- Installing: /home/certezas/robotis_ws/install/robotis_math/share/robotis_math/package.xml
[25.506s] Invoked command in '/home/certezas/robotis_ws/build/robotis_math' returned '0': CMAKE_PREFIX_PATH=${CMAKE_PREFIX_PATH}:/home/certezas/robotis_ws/install/op3_head_control_module:/opt/ros/humble /usr/bin/cmake --install /home/certezas/robotis_ws/build/robotis_math
