[0.059s] Invoking command in '/home/certezas/robotis_ws/build/op3_navigation': CMAKE_PREFIX_PATH=${CMAKE_PREFIX_PATH}:/opt/ros/humble /usr/bin/cmake --build /home/certezas/robotis_ws/build/op3_navigation -- -j12 -l12
[0.136s] Invoked command in '/home/certezas/robotis_ws/build/op3_navigation' returned '0': CMAKE_PREFIX_PATH=${CMAKE_PREFIX_PATH}:/opt/ros/humble /usr/bin/cmake --build /home/certezas/robotis_ws/build/op3_navigation -- -j12 -l12
[0.137s] Invoking command in '/home/certezas/robotis_ws/build/op3_navigation': CMAKE_PREFIX_PATH=${CMAKE_PREFIX_PATH}:/opt/ros/humble /usr/bin/cmake --install /home/certezas/robotis_ws/build/op3_navigation
[0.172s] -- Install configuration: ""
[0.173s] -- Up-to-date: /home/certezas/robotis_ws/install/op3_navigation/share/ament_index/resource_index/package_run_dependencies/op3_navigation
[0.174s] -- Up-to-date: /home/certezas/robotis_ws/install/op3_navigation/share/ament_index/resource_index/parent_prefix_path/op3_navigation
[0.174s] -- Up-to-date: /home/certezas/robotis_ws/install/op3_navigation/share/op3_navigation/environment/ament_prefix_path.sh
[0.174s] -- Up-to-date: /home/certezas/robotis_ws/install/op3_navigation/share/op3_navigation/environment/ament_prefix_path.dsv
[0.174s] -- Up-to-date: /home/certezas/robotis_ws/install/op3_navigation/share/op3_navigation/environment/path.sh
[0.174s] -- Up-to-date: /home/certezas/robotis_ws/install/op3_navigation/share/op3_navigation/environment/path.dsv
[0.174s] -- Up-to-date: /home/certezas/robotis_ws/install/op3_navigation/share/op3_navigation/local_setup.bash
[0.174s] -- Up-to-date: /home/certezas/robotis_ws/install/op3_navigation/share/op3_navigation/local_setup.sh
[0.174s] -- Up-to-date: /home/certezas/robotis_ws/install/op3_navigation/share/op3_navigation/local_setup.zsh
[0.174s] -- Up-to-date: /home/certezas/robotis_ws/install/op3_navigation/share/op3_navigation/local_setup.dsv
[0.174s] -- Installing: /home/certezas/robotis_ws/install/op3_navigation/share/op3_navigation/package.dsv
[0.174s] -- Up-to-date: /home/certezas/robotis_ws/install/op3_navigation/share/ament_index/resource_index/packages/op3_navigation
[0.174s] -- Up-to-date: /home/certezas/robotis_ws/install/op3_navigation/share/op3_navigation/cmake/op3_navigationConfig.cmake
[0.174s] -- Up-to-date: /home/certezas/robotis_ws/install/op3_navigation/share/op3_navigation/cmake/op3_navigationConfig-version.cmake
[0.174s] -- Up-to-date: /home/certezas/robotis_ws/install/op3_navigation/share/op3_navigation/package.xml
[0.174s] -- Up-to-date: /home/certezas/robotis_ws/install/op3_navigation/share/op3_navigation/config
[0.174s] -- Up-to-date: /home/certezas/robotis_ws/install/op3_navigation/share/op3_navigation/config/footsteps_thormang3.yaml
[0.174s] -- Up-to-date: /home/certezas/robotis_ws/install/op3_navigation/share/op3_navigation/config/navigation_params.yaml
[0.174s] -- Up-to-date: /home/certezas/robotis_ws/install/op3_navigation/share/op3_navigation/config/footsteps_robotis_op3.yaml
[0.175s] -- Up-to-date: /home/certezas/robotis_ws/install/op3_navigation/share/op3_navigation/config/planning_params.yaml
[0.175s] -- Up-to-date: /home/certezas/robotis_ws/install/op3_navigation/share/op3_navigation/config/planning_params_thormang3.yaml
[0.175s] -- Up-to-date: /home/certezas/robotis_ws/install/op3_navigation/share/op3_navigation/config/planning_params_robotis_op3.yaml
[0.175s] -- Up-to-date: /home/certezas/robotis_ws/install/op3_navigation/share/op3_navigation/launch
[0.175s] -- Up-to-date: /home/certezas/robotis_ws/install/op3_navigation/share/op3_navigation/launch/map_server_empty.launch.xml
[0.175s] -- Up-to-date: /home/certezas/robotis_ws/install/op3_navigation/share/op3_navigation/launch/op3_footstep_planner.launch.xml
[0.175s] -- Up-to-date: /home/certezas/robotis_ws/install/op3_navigation/share/op3_navigation/maps
[0.175s] -- Up-to-date: /home/certezas/robotis_ws/install/op3_navigation/share/op3_navigation/maps/empty.gif
[0.175s] -- Up-to-date: /home/certezas/robotis_ws/install/op3_navigation/share/op3_navigation/maps/nao_map.yaml
[0.175s] -- Up-to-date: /home/certezas/robotis_ws/install/op3_navigation/share/op3_navigation/maps/sample2.yaml
[0.175s] -- Up-to-date: /home/certezas/robotis_ws/install/op3_navigation/share/op3_navigation/maps/empty.yaml
[0.175s] -- Up-to-date: /home/certezas/robotis_ws/install/op3_navigation/share/op3_navigation/maps/nao_map.gif
[0.175s] -- Up-to-date: /home/certezas/robotis_ws/install/op3_navigation/share/op3_navigation/maps/sample.yaml
[0.175s] -- Up-to-date: /home/certezas/robotis_ws/install/op3_navigation/share/op3_navigation/maps/thor.yaml
[0.175s] -- Up-to-date: /home/certezas/robotis_ws/install/op3_navigation/share/op3_navigation/maps/sample.gif
[0.175s] -- Up-to-date: /home/certezas/robotis_ws/install/op3_navigation/share/op3_navigation/maps/sample2.gif
[0.175s] -- Up-to-date: /home/certezas/robotis_ws/install/op3_navigation/share/op3_navigation/maps/thor.gif
[0.221s] Invoked command in '/home/certezas/robotis_ws/build/op3_navigation' returned '0': CMAKE_PREFIX_PATH=${CMAKE_PREFIX_PATH}:/opt/ros/humble /usr/bin/cmake --install /home/certezas/robotis_ws/build/op3_navigation
