[0.875s] Invoking command in '/home/certezas/robotis_ws/build/op3_kajita_walking_module': AMENT_PREFIX_PATH=/home/certezas/robotis_ws/install/op3_kinematics_dynamics:/home/certezas/robotis_ws/install/robotis_math:${AMENT_PREFIX_PATH} CMAKE_PREFIX_PATH=/home/certezas/robotis_ws/install/op3_kinematics_dynamics:/home/certezas/robotis_ws/install/robotis_math:/opt/ros/humble LD_LIBRARY_PATH=/home/certezas/robotis_ws/install/op3_kinematics_dynamics/lib:/home/certezas/robotis_ws/install/robotis_math/lib:${LD_LIBRARY_PATH} /usr/bin/cmake --build /home/certezas/robotis_ws/build/op3_kajita_walking_module -- -j12 -l12
[5.559s] [35m[1mConsolidate compiler generated dependencies of target kajita_walking_node[0m
[8.313s] [ 33%] [32mBuilding CXX object CMakeFiles/kajita_walking_node.dir/src/kajita_walking_controller.cpp.o[0m
[27.386s] [01m[K/home/certezas/robotis_ws/src/ROBOTIS-OP3/op3_kajita_walking_module/src/kajita_walking_controller.cpp:[m[K In member function ‘[01m[Kvoid KajitaWalkingController::initialize()[m[K’:
[27.386s] [01m[K/home/certezas/robotis_ws/src/ROBOTIS-OP3/op3_kajita_walking_module/src/kajita_walking_controller.cpp:83:32:[m[K [01;35m[Kwarning: [m[Kcomparison of integer expressions of different signedness: ‘[01m[Kint[m[K’ and ‘[01m[Kstd::vector<Eigen::Matrix<double, 2, 1> >::size_type[m[K’ {aka ‘[01m[Klong unsigned int[m[K’} [[01;35m[K]8;;https://gcc.gnu.org/onlinedocs/gcc/Warning-Options.html#index-Wsign-compare-Wsign-compare]8;;[m[K]
[27.386s]    83 |         if ([01;35m[Ktemp_idx_passo + 1 >= step_pos_.size()[m[K) {
[27.386s]       |             [01;35m[K~~~~~~~~~~~~~~~~~~~^~~~~~~~~~~~~~~~~~~[m[K
[27.574s] [01m[K/home/certezas/robotis_ws/src/ROBOTIS-OP3/op3_kajita_walking_module/src/kajita_walking_controller.cpp:[m[K In member function ‘[01m[Kvoid KajitaWalkingController::process()[m[K’:
[27.574s] [01m[K/home/certezas/robotis_ws/src/ROBOTIS-OP3/op3_kajita_walking_module/src/kajita_walking_controller.cpp:195:51:[m[K [01;35m[Kwarning: [m[Kcomparison of integer expressions of different signedness: ‘[01m[Kint[m[K’ and ‘[01m[Kstd::vector<Eigen::Matrix<double, 2, 1> >::size_type[m[K’ {aka ‘[01m[Klong unsigned int[m[K’} [[01;35m[K]8;;https://gcc.gnu.org/onlinedocs/gcc/Warning-Options.html#index-Wsign-compare-Wsign-compare]8;;[m[K]
[27.574s]   195 |     Vector2d pe_balanco_fim = ([01;35m[Kidx_pe_balanco + 1 < step_pos_.size()[m[K) ? step_pos_[idx_pe_balanco + 1] : step_pos_.back();
[27.574s]       |                                [01;35m[K~~~~~~~~~~~~~~~~~~~^~~~~~~~~~~~~~~~~~[m[K
[39.333s] [ 66%] [32m[1mLinking CXX executable kajita_walking_node[0m
[44.654s] [100%] Built target kajita_walking_node
[44.680s] Invoked command in '/home/certezas/robotis_ws/build/op3_kajita_walking_module' returned '0': AMENT_PREFIX_PATH=/home/certezas/robotis_ws/install/op3_kinematics_dynamics:/home/certezas/robotis_ws/install/robotis_math:${AMENT_PREFIX_PATH} CMAKE_PREFIX_PATH=/home/certezas/robotis_ws/install/op3_kinematics_dynamics:/home/certezas/robotis_ws/install/robotis_math:/opt/ros/humble LD_LIBRARY_PATH=/home/certezas/robotis_ws/install/op3_kinematics_dynamics/lib:/home/certezas/robotis_ws/install/robotis_math/lib:${LD_LIBRARY_PATH} /usr/bin/cmake --build /home/certezas/robotis_ws/build/op3_kajita_walking_module -- -j12 -l12
[44.853s] Invoking command in '/home/certezas/robotis_ws/build/op3_kajita_walking_module': AMENT_PREFIX_PATH=/home/certezas/robotis_ws/install/op3_kinematics_dynamics:/home/certezas/robotis_ws/install/robotis_math:${AMENT_PREFIX_PATH} CMAKE_PREFIX_PATH=/home/certezas/robotis_ws/install/op3_kinematics_dynamics:/home/certezas/robotis_ws/install/robotis_math:/opt/ros/humble LD_LIBRARY_PATH=/home/certezas/robotis_ws/install/op3_kinematics_dynamics/lib:/home/certezas/robotis_ws/install/robotis_math/lib:${LD_LIBRARY_PATH} /usr/bin/cmake --install /home/certezas/robotis_ws/build/op3_kajita_walking_module
[44.931s] -- Install configuration: ""
[45.153s] -- Installing: /home/certezas/robotis_ws/install/op3_kajita_walking_module/lib/op3_kajita_walking_module/kajita_walking_node
[45.156s] -- Set runtime path of "/home/certezas/robotis_ws/install/op3_kajita_walking_module/lib/op3_kajita_walking_module/kajita_walking_node" to ""
[45.162s] -- Up-to-date: /home/certezas/robotis_ws/install/op3_kajita_walking_module/share/ament_index/resource_index/package_run_dependencies/op3_kajita_walking_module
[45.177s] -- Up-to-date: /home/certezas/robotis_ws/install/op3_kajita_walking_module/share/ament_index/resource_index/parent_prefix_path/op3_kajita_walking_module
[45.250s] -- Up-to-date: /home/certezas/robotis_ws/install/op3_kajita_walking_module/share/op3_kajita_walking_module/environment/ament_prefix_path.sh
[45.250s] -- Up-to-date: /home/certezas/robotis_ws/install/op3_kajita_walking_module/share/op3_kajita_walking_module/environment/ament_prefix_path.dsv
[45.250s] -- Up-to-date: /home/certezas/robotis_ws/install/op3_kajita_walking_module/share/op3_kajita_walking_module/environment/path.sh
[45.250s] -- Up-to-date: /home/certezas/robotis_ws/install/op3_kajita_walking_module/share/op3_kajita_walking_module/environment/path.dsv
[45.250s] -- Up-to-date: /home/certezas/robotis_ws/install/op3_kajita_walking_module/share/op3_kajita_walking_module/local_setup.bash
[45.250s] -- Up-to-date: /home/certezas/robotis_ws/install/op3_kajita_walking_module/share/op3_kajita_walking_module/local_setup.sh
[45.250s] -- Up-to-date: /home/certezas/robotis_ws/install/op3_kajita_walking_module/share/op3_kajita_walking_module/local_setup.zsh
[45.250s] -- Up-to-date: /home/certezas/robotis_ws/install/op3_kajita_walking_module/share/op3_kajita_walking_module/local_setup.dsv
[45.250s] -- Installing: /home/certezas/robotis_ws/install/op3_kajita_walking_module/share/op3_kajita_walking_module/package.dsv
[45.310s] -- Up-to-date: /home/certezas/robotis_ws/install/op3_kajita_walking_module/share/ament_index/resource_index/packages/op3_kajita_walking_module
[45.311s] -- Up-to-date: /home/certezas/robotis_ws/install/op3_kajita_walking_module/share/op3_kajita_walking_module/cmake/op3_kajita_walking_moduleConfig.cmake
[45.311s] -- Up-to-date: /home/certezas/robotis_ws/install/op3_kajita_walking_module/share/op3_kajita_walking_module/cmake/op3_kajita_walking_moduleConfig-version.cmake
[45.311s] -- Up-to-date: /home/certezas/robotis_ws/install/op3_kajita_walking_module/share/op3_kajita_walking_module/package.xml
[45.313s] Invoked command in '/home/certezas/robotis_ws/build/op3_kajita_walking_module' returned '0': AMENT_PREFIX_PATH=/home/certezas/robotis_ws/install/op3_kinematics_dynamics:/home/certezas/robotis_ws/install/robotis_math:${AMENT_PREFIX_PATH} CMAKE_PREFIX_PATH=/home/certezas/robotis_ws/install/op3_kinematics_dynamics:/home/certezas/robotis_ws/install/robotis_math:/opt/ros/humble LD_LIBRARY_PATH=/home/certezas/robotis_ws/install/op3_kinematics_dynamics/lib:/home/certezas/robotis_ws/install/robotis_math/lib:${LD_LIBRARY_PATH} /usr/bin/cmake --install /home/certezas/robotis_ws/build/op3_kajita_walking_module
