[100%] Built target op3_extern_controller
-- Install configuration: ""
-- Up-to-date: /home/certezas/robotis_ws/install/op3_webots_ros2/lib/op3_webots_ros2/op3_extern_controller
-- Up-to-date: /home/certezas/robotis_ws/install/op3_webots_ros2/include/op3_webots_ros2
-- Up-to-date: /home/certezas/robotis_ws/install/op3_webots_ros2/include/op3_webots_ros2/op3_extern_controller.hpp
-- Up-to-date: /home/certezas/robotis_ws/install/op3_webots_ros2/share/op3_webots_ros2//launch
-- Up-to-date: /home/certezas/robotis_ws/install/op3_webots_ros2/share/op3_webots_ros2//launch/robot_launch.py
-- Up-to-date: /home/certezas/robotis_ws/install/op3_webots_ros2/share/op3_webots_ros2//resource
-- Up-to-date: /home/certezas/robotis_ws/install/op3_webots_ros2/share/op3_webots_ros2//resource/op3_pid_gain_default.yaml
-- Up-to-date: /home/certezas/robotis_ws/install/op3_webots_ros2/share/op3_webots_ros2//images
-- Up-to-date: /home/certezas/robotis_ws/install/op3_webots_ros2/share/op3_webots_ros2//images/grid.png
-- Up-to-date: /home/certezas/robotis_ws/install/op3_webots_ros2/share/op3_webots_ros2//protos
-- Up-to-date: /home/certezas/robotis_ws/install/op3_webots_ros2/share/op3_webots_ros2//protos/RobotisOp3.proto
-- Up-to-date: /home/certezas/robotis_ws/install/op3_webots_ros2/share/op3_webots_ros2//worlds
-- Up-to-date: /home/certezas/robotis_ws/install/op3_webots_ros2/share/op3_webots_ros2//worlds/robotis_op3_extern.wbt
-- Up-to-date: /home/certezas/robotis_ws/install/op3_webots_ros2/share/op3_webots_ros2//worlds/.robotis_op3_extern.wbproj
-- Up-to-date: /home/certezas/robotis_ws/install/op3_webots_ros2/share/op3_webots_ros2//worlds/.robotis_op3_extern.jpg
-- Up-to-date: /home/certezas/robotis_ws/install/op3_webots_ros2/share/op3_webots_ros2//worlds/my_world.wbt
-- Up-to-date: /home/certezas/robotis_ws/install/op3_webots_ros2/share/ament_index/resource_index/package_run_dependencies/op3_webots_ros2
-- Up-to-date: /home/certezas/robotis_ws/install/op3_webots_ros2/share/ament_index/resource_index/parent_prefix_path/op3_webots_ros2
-- Up-to-date: /home/certezas/robotis_ws/install/op3_webots_ros2/share/op3_webots_ros2/environment/ament_prefix_path.sh
-- Up-to-date: /home/certezas/robotis_ws/install/op3_webots_ros2/share/op3_webots_ros2/environment/ament_prefix_path.dsv
-- Up-to-date: /home/certezas/robotis_ws/install/op3_webots_ros2/share/op3_webots_ros2/environment/path.sh
-- Up-to-date: /home/certezas/robotis_ws/install/op3_webots_ros2/share/op3_webots_ros2/environment/path.dsv
-- Up-to-date: /home/certezas/robotis_ws/install/op3_webots_ros2/share/op3_webots_ros2/local_setup.bash
-- Up-to-date: /home/certezas/robotis_ws/install/op3_webots_ros2/share/op3_webots_ros2/local_setup.sh
-- Up-to-date: /home/certezas/robotis_ws/install/op3_webots_ros2/share/op3_webots_ros2/local_setup.zsh
-- Up-to-date: /home/certezas/robotis_ws/install/op3_webots_ros2/share/op3_webots_ros2/local_setup.dsv
-- Installing: /home/certezas/robotis_ws/install/op3_webots_ros2/share/op3_webots_ros2/package.dsv
-- Up-to-date: /home/certezas/robotis_ws/install/op3_webots_ros2/share/ament_index/resource_index/packages/op3_webots_ros2
-- Up-to-date: /home/certezas/robotis_ws/install/op3_webots_ros2/share/op3_webots_ros2/cmake/op3_webots_ros2Config.cmake
-- Up-to-date: /home/certezas/robotis_ws/install/op3_webots_ros2/share/op3_webots_ros2/cmake/op3_webots_ros2Config-version.cmake
-- Up-to-date: /home/certezas/robotis_ws/install/op3_webots_ros2/share/op3_webots_ros2/package.xml
